<?xml version="1.0" encoding="UTF-8" ?>
<testsuite errors="515" failures="53" name="test.com.inovis.AllTests" tests="792" time="1537.087">
  <properties>
    <property name="java.vendor" value="Sun Microsystems Inc."></property>
    <property name="sun.management.compiler" value="HotSpot Client Compiler"></property>
    <property name="ant.file.build-inovisworks-core" value="C:\cruisecontrol\build-inovisworks-core.xml"></property>
    <property name="os.name" value="Windows XP"></property>
    <property name="sun.boot.class.path" value="C:\bea92\jdk150_04\jre\lib\rt.jar;C:\bea92\jdk150_04\jre\lib\i18n.jar;C:\bea92\jdk150_04\jre\lib\sunrsasign.jar;C:\bea92\jdk150_04\jre\lib\jsse.jar;C:\bea92\jdk150_04\jre\lib\jce.jar;C:\bea92\jdk150_04\jre\lib\charsets.jar;C:\bea92\jdk150_04\jre\classes"></property>
    <property name="sun.desktop" value="windows"></property>
    <property name="java.vm.specification.vendor" value="Sun Microsystems Inc."></property>
    <property name="ant.home" value="C:\cruisecontrol"></property>
    <property name="java.runtime.version" value="1.5.0_04-b05"></property>
    <property name="cctimestamp" value="20080131082308"></property>
    <property name="weblogicjar" value="C:\bea92\weblogic92\server\lib\weblogic.jar"></property>
    <property name="label" value="build.347"></property>
    <property name="cclastgoodbuildtimestamp" value="20071120175448"></property>
    <property name="user.name" value="kpatil"></property>
    <property name="user.language" value="en"></property>
    <property name="java.naming.factory.initial" value="weblogic.jndi.WLInitialContextFactory"></property>
    <property name="sun.boot.library.path" value="C:\bea92\jdk150_04\jre\bin"></property>
    <property name="ant.project.name" value="KunalBuildCore"></property>
    <property name="java.version" value="1.5.0_04"></property>
    <property name="user.timezone" value=""></property>
    <property name="lastbuildsuccessful" value="false"></property>
    <property name="cclastbuildtimestamp" value="20071120175448"></property>
    <property name="sun.arch.data.model" value="32"></property>
    <property name="java.endorsed.dirs" value="C:\bea92\jdk150_04\jre\lib\endorsed"></property>
    <property name="sun.cpu.isalist" value=""></property>
    <property name="sun.jnu.encoding" value="Cp1252"></property>
    <property name="file.encoding.pkg" value="sun.io"></property>
    <property name="file.separator" value="\"></property>
    <property name="java.specification.name" value="Java Platform API Specification"></property>
    <property name="java.class.version" value="49.0"></property>
    <property name="buildtest" value="build/test"></property>
    <property name="user.country" value="US"></property>
    <property name="java.home" value="C:\bea92\jdk150_04\jre"></property>
    <property name="java.vm.info" value="mixed mode"></property>
    <property name="ant.file" value="C:\cruisecontrol\checkout\inovisworks\main\core\hegemony\buildLocal.xml"></property>
    <property name="os.version" value="5.1"></property>
    <property name="junit.lib" value="lib/junit"></property>
    <property name="path.separator" value=";"></property>
    <property name="java.vm.version" value="1.5.0_04-b05"></property>
    <property name="user.variant" value=""></property>
    <property name="ant.library.dir" value="C:\cruisecontrol\lib"></property>
    <property name="java.awt.printerjob" value="sun.awt.windows.WPrinterJob"></property>
    <property name="sun.io.unicode.encoding" value="UnicodeLittle"></property>
    <property name="awt.toolkit" value="sun.awt.windows.WToolkit"></property>
    <property name="java.naming.factory.url.pkgs" value="weblogic.jndi.factories"></property>
    <property name="user.home" value="C:\Documents and Settings\kpatil"></property>
    <property name="java.specification.vendor" value="Sun Microsystems Inc."></property>
    <property name="java.library.path" value="C:\bea92\jdk150_04\jre\bin;.;C:\WINDOWS\system32;C:\WINDOWS;C:\instantclient_10_2;C:\WINDOWS\system32;C:\WINDOWS;C:\WINDOWS\System32\Wbem;C:\bea92\jdk150_04\bin;C:\Program Files\Common Files\Adaptec Shared\System;C:\Program Files\Microsoft SQL Server\80\Tools\BINN;C:\Program Files\Vantive32;C:\Program Files\QuickTime\QTSystem\;C:\Program Files\Perforce;C:\apache-ant-1.6.5\bin"></property>
    <property name="java.vendor.url" value="http://java.sun.com/"></property>
    <property name="java.vm.vendor" value="Sun Microsystems Inc."></property>
    <property name="java.runtime.name" value="Java(TM) 2 Runtime Environment, Standard Edition"></property>
    <property name="java.class.path" value="C:\cruisecontrol\checkout\inovisworks\main\core\hegemony\build\main;C:\cruisecontrol\checkout\inovisworks\main\core\hegemony\build\test;C:\cruisecontrol\lib\ant-launcher.jar;C:\bea92\jdk150_04\lib\tools.jar;C:\cruisecontrol\lib\cruisecontrol.jar;C:\cruisecontrol\lib\log4j.jar;C:\cruisecontrol\lib\jdom.jar;C:\cruisecontrol\lib\ant.jar;C:\cruisecontrol\lib\ant-junit.jar;C:\cruisecontrol\lib\jasper-compiler.jar;C:\cruisecontrol\lib\jasper-runtime.jar;C:\cruisecontrol\lib\xercesImpl-2.8.0.jar;C:\cruisecontrol\lib\xml-apis-2.8.0.jar;C:\cruisecontrol\lib\xmlrpc-2.0.1.jar;C:\cruisecontrol\lib\xalan-2.7.0.jar;C:\cruisecontrol\lib\serializer-2.7.0.jar;C:\cruisecontrol\lib\jakarta-oro-2.0.3.jar;C:\cruisecontrol\lib\mail.jar;C:\cruisecontrol\lib\junit.jar;C:\cruisecontrol\lib\activation.jar;C:\cruisecontrol\lib\commons-net-1.1.0.jar;C:\cruisecontrol\lib\mx4j.jar;C:\cruisecontrol\lib\mx4j-tools.jar;C:\cruisecontrol\lib\mx4j-remote.jar;C:\cruisecontrol\lib\smack.jar;C:\cruisecontrol\lib\comm.jar;C:\cruisecontrol\lib\x10.jar;C:\cruisecontrol\lib\fast-md5.jar;C:\cruisecontrol\lib\maven-embedder-2.0.3-dep.jar;C:\cruisecontrol\lib\javax.servlet.jar;C:\cruisecontrol\lib\org.mortbay.jetty.jar;C:\cruisecontrol\lib\commons-logging.jar;C:\cruisecontrol\lib\commons-el.jar;C:\cruisecontrol\lib\jaxen-1.1-beta-8.jar;C:\cruisecontrol;C:\cruisecontrol\lib\catalina-ant.jar;C:\cruisecontrol\lib\checkstyle-all-3.1.jar;C:\cruisecontrol\lib\commons-net-1.4.1.jar;C:\cruisecontrol\lib\emma.jar;C:\cruisecontrol\lib\emma_ant.jar;C:\cruisecontrol\lib\junit-old.jar;C:\cruisecontrol\lib\smackx.jar;C:\bea92\weblogic92\server\lib\weblogic.jar;C:\cruisecontrol\checkout\inovisworks\main\core\hegemony\lib\activation.jar;C:\cruisecontrol\checkout\inovisworks\main\core\hegemony\lib\audit.jar;C:\cruisecontrol\checkout\inovisworks\main\core\hegemony\lib\bcpg-jdk14-130.jar;C:\cruisecontrol\checkout\inovisworks\main\core\hegemony\lib\bcprov-jdk14-130.jar;C:\cruisecontrol\checkout\inovisworks\main\core\hegemony\lib\client_ftp.jar;C:\cruisecontrol\checkout\inovisworks\main\core\hegemony\lib\gateways.jar;C:\cruisecontrol\checkout\inovisworks\main\core\hegemony\lib\inovisopenpgp.jar;C:\cruisecontrol\checkout\inovisworks\main\core\hegemony\lib\isorelax.jar;C:\cruisecontrol\checkout\inovisworks\main\core\hegemony\lib\jdom.jar;C:\cruisecontrol\checkout\inovisworks\main\core\hegemony\lib\mail.jar;C:\cruisecontrol\checkout\inovisworks\main\core\hegemony\lib\msv.jar;C:\cruisecontrol\checkout\inovisworks\main\core\hegemony\lib\omni_parser.jar;C:\cruisecontrol\checkout\inovisworks\main\core\hegemony\lib\utapi.jar;C:\cruisecontrol\checkout\inovisworks\main\core\hegemony\lib\w3cxpath.jar;C:\cruisecontrol\checkout\inovisworks\main\core\hegemony\lib\xalan.jar;C:\cruisecontrol\checkout\inovisworks\main\core\hegemony\lib\xerces-1_4_3.jar;C:\cruisecontrol\checkout\inovisworks\main\core\hegemony\lib\xercesImpl.jar;C:\cruisecontrol\checkout\inovisworks\main\core\hegemony\lib\xml4j.jar;C:\cruisecontrol\checkout\inovisworks\main\core\hegemony\lib\xmlParserAPIs.jar;C:\cruisecontrol\checkout\inovisworks\main\core\hegemony\lib\junit\aspectjrt-1.2.1.jar;C:\cruisecontrol\checkout\inovisworks\main\core\hegemony\lib\junit\cactus-1.7.2.jar;C:\cruisecontrol\checkout\inovisworks\main\core\hegemony\lib\junit\cenquatasks.jar;C:\cruisecontrol\checkout\inovisworks\main\core\hegemony\lib\junit\clover.jar;C:\cruisecontrol\checkout\inovisworks\main\core\hegemony\lib\junit\commons-httpclient-2.0.2.jar;C:\cruisecontrol\checkout\inovisworks\main\core\hegemony\lib\junit\commons-logging-1.0.4.jar;C:\cruisecontrol\checkout\inovisworks\main\core\hegemony\lib\junit\junit-4.4.jar;C:\cruisecontrol\checkout\inovisworks\main\core\hegemony;C:\Program Files\Java\jre1.5.0_06\lib\ext\QTJava.zip"></property>
    <property name="ant.version" value="Apache Ant version 1.6.2 compiled on July 16 2004"></property>
    <property name="java.vm.specification.name" value="Java Virtual Machine Specification"></property>
    <property name="java.vm.specification.version" value="1.0"></property>
    <property name="sun.cpu.endian" value="little"></property>
    <property name="sun.os.patch.level" value="Service Pack 2"></property>
    <property name="java.io.tmpdir" value="C:\DOCUME~1\kpatil\LOCALS~1\Temp\"></property>
    <property name="java.vendor.url.bug" value="http://java.sun.com/cgi-bin/bugreport.cgi"></property>
    <property name="XmlLogger.file" value="log.xml"></property>
    <property name="os.arch" value="x86"></property>
    <property name="java.awt.graphicsenv" value="sun.awt.Win32GraphicsEnvironment"></property>
    <property name="ant.file.KunalBuildCore" value="C:\cruisecontrol\checkout\inovisworks\main\core\hegemony\buildLocal.xml"></property>
    <property name="java.ext.dirs" value="C:\bea92\jdk150_04\jre\lib\ext"></property>
    <property name="cvstimestamp" value="2008-01-31 13:23:08 GMT"></property>
    <property name="user.dir" value="C:\cruisecontrol"></property>
    <property name="line.separator" value="
"></property>
    <property name="java.vm.name" value="Java HotSpot(TM) Client VM"></property>
    <property name="basedir" value="C:\cruisecontrol\checkout\inovisworks\main\core\hegemony"></property>
    <property name="ant.java.version" value="1.5"></property>
    <property name="java.naming.provider.url" value="t3://localhost:7001"></property>
    <property name="file.encoding" value="Cp1252"></property>
    <property name="redeployerror" value="0"></property>
    <property name="java.specification.version" value="1.5"></property>
    <property name="buildmain" value="build/main"></property>
    <property name="junit.report" value="junit-report"></property>
  </properties>
  <testcase classname="test.com.inovis.b2b.lib.util.entity.TestEntityManager" name="testClean" time="2.198">
    <error message="[ENTY-00499] DbEntityDAO : Error Obtaining DB Connection." type="com.inovis.b2b.lib.exception.OperationFailedException">class com.inovis.b2b.lib.exception.OperationFailedException: [ENTY-00499] DbEntityDAO : Error Obtaining DB Connection.
	at com.inovis.b2b.lib.util.entity.store.db.DbEntityDAO.obtainDbConnection(DbEntityDAO.java:321)
	at com.inovis.b2b.lib.util.entity.store.db.DbEntityDAO.find(DbEntityDAO.java:271)
	at com.inovis.b2b.lib.util.entity.EntityManager.find(EntityManager.java:114)
	at test.com.inovis.b2b.lib.util.entity.TestEntityManager.testClean(TestEntityManager.java:49)
Caused by: java.sql.SQLException: [LIBP-00001] Unable to connect to naming service
	at com.inovis.b2b.lib.repository.RepositoryDataSource.getRemoteConnection(RepositoryDataSource.java:126)
	at com.inovis.b2b.lib.util.entity.store.db.DbEntityDAO.obtainDbConnection(DbEntityDAO.java:319)
	... 20 more
</error>
  </testcase>
  <testcase classname="test.com.inovis.b2b.lib.util.entity.TestEntityManager" name="testFind1" time="2.059">
    <error message="[ENTY-00499] DbEntityDAO : Error Obtaining DB Connection." type="com.inovis.b2b.lib.exception.OperationFailedException">class com.inovis.b2b.lib.exception.OperationFailedException: [ENTY-00499] DbEntityDAO : Error Obtaining DB Connection.
	at com.inovis.b2b.lib.util.entity.store.db.DbEntityDAO.obtainDbConnection(DbEntityDAO.java:321)
	at com.inovis.b2b.lib.util.entity.store.db.DbEntityDAO.find(DbEntityDAO.java:271)
	at com.inovis.b2b.lib.util.entity.EntityManager.find(EntityManager.java:114)
	at test.com.inovis.b2b.lib.util.entity.TestEntityManager.testFind1(TestEntityManager.java:64)
Caused by: java.sql.SQLException: [LIBP-00001] Unable to connect to naming service
	at com.inovis.b2b.lib.repository.RepositoryDataSource.getRemoteConnection(RepositoryDataSource.java:126)
	at com.inovis.b2b.lib.util.entity.store.db.DbEntityDAO.obtainDbConnection(DbEntityDAO.java:319)
	... 20 more
</error>
  </testcase>
  <testcase classname="test.com.inovis.b2b.lib.util.entity.TestEntityManager" name="testFind2" time="2.292">
    <error message="[ENTY-00499] DbEntityDAO : Error Obtaining DB Connection." type="com.inovis.b2b.lib.exception.OperationFailedException">class com.inovis.b2b.lib.exception.OperationFailedException: [ENTY-00499] DbEntityDAO : Error Obtaining DB Connection.
	at com.inovis.b2b.lib.util.entity.store.db.DbEntityDAO.obtainDbConnection(DbEntityDAO.java:321)
	at com.inovis.b2b.lib.util.entity.store.db.DbEntityDAO.find(DbEntityDAO.java:271)
	at com.inovis.b2b.lib.util.entity.EntityManager.find(EntityManager.java:114)
	at test.com.inovis.b2b.lib.util.entity.TestEntityManager.testFind2(TestEntityManager.java:68)
Caused by: java.sql.SQLException: [LIBP-00001] Unable to connect to naming service
	at com.inovis.b2b.lib.repository.RepositoryDataSource.getRemoteConnection(RepositoryDataSource.java:126)
	at com.inovis.b2b.lib.util.entity.store.db.DbEntityDAO.obtainDbConnection(DbEntityDAO.java:319)
	... 20 more
</error>
  </testcase>
  <testcase classname="test.com.inovis.b2b.lib.util.entity.TestEntityManager" name="testAddEntity1" time="2.074">
    <error message="[ENTY-00499] DbEntityDAO : Error Obtaining DB Connection." type="com.inovis.b2b.lib.exception.OperationFailedException">class com.inovis.b2b.lib.exception.OperationFailedException: [ENTY-00499] DbEntityDAO : Error Obtaining DB Connection.
	at com.inovis.b2b.lib.util.entity.store.db.DbEntityDAO.obtainDbConnection(DbEntityDAO.java:321)
	at com.inovis.b2b.lib.util.entity.store.db.DbEntityDAO.find(DbEntityDAO.java:271)
	at com.inovis.b2b.lib.util.entity.EntityManager.find(EntityManager.java:114)
	at com.inovis.b2b.lib.util.entity.EntityManager.addEntity(EntityManager.java:137)
	at test.com.inovis.b2b.lib.util.entity.TestEntityManager.testAddEntity1(TestEntityManager.java:72)
Caused by: java.sql.SQLException: [LIBP-00001] Unable to connect to naming service
	at com.inovis.b2b.lib.repository.RepositoryDataSource.getRemoteConnection(RepositoryDataSource.java:126)
	at com.inovis.b2b.lib.util.entity.store.db.DbEntityDAO.obtainDbConnection(DbEntityDAO.java:319)
	... 21 more
</error>
  </testcase>
  <testcase classname="test.com.inovis.b2b.lib.util.entity.TestEntityManager" name="testAddEntity2" time="2.729">
    <error message="[ENTY-00499] DbEntityDAO : Error Obtaining DB Connection." type="com.inovis.b2b.lib.exception.OperationFailedException">class com.inovis.b2b.lib.exception.OperationFailedException: [ENTY-00499] DbEntityDAO : Error Obtaining DB Connection.
	at com.inovis.b2b.lib.util.entity.store.db.DbEntityDAO.obtainDbConnection(DbEntityDAO.java:321)
	at com.inovis.b2b.lib.util.entity.store.db.DbEntityDAO.find(DbEntityDAO.java:271)
	at com.inovis.b2b.lib.util.entity.EntityManager.find(EntityManager.java:114)
	at com.inovis.b2b.lib.util.entity.EntityManager.addEntity(EntityManager.java:137)
	at test.com.inovis.b2b.lib.util.entity.TestEntityManager.testAddEntity2(TestEntityManager.java:76)
Caused by: java.sql.SQLException: [LIBP-00001] Unable to connect to naming service
	at com.inovis.b2b.lib.repository.RepositoryDataSource.getRemoteConnection(RepositoryDataSource.java:126)
	at com.inovis.b2b.lib.util.entity.store.db.DbEntityDAO.obtainDbConnection(DbEntityDAO.java:319)
	... 21 more
</error>
  </testcase>
  <testcase classname="test.com.inovis.b2b.lib.util.entity.TestEntityManager" name="testAddEntity3" time="2.277">
    <error message="[ENTY-00499] DbEntityDAO : Error Obtaining DB Connection." type="com.inovis.b2b.lib.exception.OperationFailedException">class com.inovis.b2b.lib.exception.OperationFailedException: [ENTY-00499] DbEntityDAO : Error Obtaining DB Connection.
	at com.inovis.b2b.lib.util.entity.store.db.DbEntityDAO.obtainDbConnection(DbEntityDAO.java:321)
	at com.inovis.b2b.lib.util.entity.store.db.DbEntityDAO.find(DbEntityDAO.java:271)
	at com.inovis.b2b.lib.util.entity.EntityManager.find(EntityManager.java:114)
	at com.inovis.b2b.lib.util.entity.EntityManager.addEntity(EntityManager.java:137)
	at test.com.inovis.b2b.lib.util.entity.TestEntityManager.testAddEntity3(TestEntityManager.java:82)
Caused by: java.sql.SQLException: [LIBP-00001] Unable to connect to naming service
	at com.inovis.b2b.lib.repository.RepositoryDataSource.getRemoteConnection(RepositoryDataSource.java:126)
	at com.inovis.b2b.lib.util.entity.store.db.DbEntityDAO.obtainDbConnection(DbEntityDAO.java:319)
	... 21 more
</error>
  </testcase>
  <testcase classname="test.com.inovis.b2b.lib.util.entity.TestEntityManager" name="testGetNextSequenceNumber1" time="2.37">
    <error message="[LIBP-00001] Unable to connect to naming service" type="com.inovis.b2b.lib.service.ServiceUnavailableException">class com.inovis.b2b.lib.service.ServiceUnavailableException: [LIBP-00001] Unable to connect to naming service
	at com.inovis.b2b.lib.service.ServiceLocator.getInitialContext(ServiceLocator.java:214)
	at com.inovis.b2b.lib.service.ServiceLocator.&lt;init&gt;(ServiceLocator.java:183)
	at com.inovis.b2b.lib.service.ServiceLocator.getInstance(ServiceLocator.java:167)
	at com.inovis.b2b.lib.service.ServiceLocator.getInstance(ServiceLocator.java:150)
	at com.inovis.b2b.lib.util.entity.EntitySequencer.getIdFromDb(EntitySequencer.java:168)
	at com.inovis.b2b.lib.util.entity.EntitySequencer.getNextSequenceNumber(EntitySequencer.java:128)
	at com.inovis.b2b.lib.util.entity.EntitySequencer.getNextSequenceNumber(EntitySequencer.java:113)
	at test.com.inovis.b2b.lib.util.entity.TestEntityManager.testGetNextSequenceNumber1(TestEntityManager.java:91)
Caused by: javax.naming.CommunicationException [Root exception is java.net.ConnectException: t3://localhost:7001: Destination unreachable; nested exception is: 
	java.net.ConnectException: Connection refused: connect; No available router to destination]
	at weblogic.jndi.internal.ExceptionTranslator.toNamingException(ExceptionTranslator.java:49)
	at weblogic.jndi.WLInitialContextFactoryDelegate.toNamingException(WLInitialContextFactoryDelegate.java:765)
	at weblogic.jndi.WLInitialContextFactoryDelegate.getInitialContext(WLInitialContextFactoryDelegate.java:364)
	at weblogic.jndi.Environment.getContext(Environment.java:307)
	at weblogic.jndi.Environment.getContext(Environment.java:277)
	at weblogic.jndi.WLInitialContextFactory.getInitialContext(WLInitialContextFactory.java:117)
	at javax.naming.spi.NamingManager.getInitialContext(NamingManager.java:667)
	at javax.naming.InitialContext.getDefaultInitCtx(InitialContext.java:247)
	at javax.naming.InitialContext.init(InitialContext.java:223)
	at javax.naming.InitialContext.&lt;init&gt;(InitialContext.java:175)
	at com.inovis.b2b.lib.service.ServiceLocator.getInitialContext(ServiceLocator.java:206)
	... 24 more
Caused by: java.net.ConnectException: t3://localhost:7001: Destination unreachable; nested exception is: 
	java.net.ConnectException: Connection refused: connect; No available router to destination
	at weblogic.rjvm.RJVMFinder.findOrCreate(RJVMFinder.java:204)
	at weblogic.rjvm.ServerURL.findOrCreateRJVM(ServerURL.java:154)
	at weblogic.jndi.WLInitialContextFactoryDelegate.getInitialContext(WLInitialContextFactoryDelegate.java:349)
	... 32 more
Caused by: java.rmi.ConnectException: Destination unreachable; nested exception is: 
	java.net.ConnectException: Connection refused: connect; No available router to destination
	at weblogic.rjvm.ConnectionManager.bootstrap(ConnectionManager.java:472)
	at weblogic.rjvm.ConnectionManager.bootstrap(ConnectionManager.java:323)
	at weblogic.rjvm.RJVMManager.findOrCreateRemoteInternal(RJVMManager.java:259)
	at weblogic.rjvm.RJVMManager.findOrCreate(RJVMManager.java:202)
	at weblogic.rjvm.RJVMFinder.findOrCreateRemoteServer(RJVMFinder.java:226)
	at weblogic.rjvm.RJVMFinder.findOrCreate(RJVMFinder.java:189)
	... 34 more
</error>
  </testcase>
  <testcase classname="test.com.inovis.b2b.lib.util.entity.TestEntityManager" name="testGetNextSequenceNumber2" time="2.511">
    <error message="[LIBP-00001] Unable to connect to naming service" type="com.inovis.b2b.lib.service.ServiceUnavailableException">class com.inovis.b2b.lib.service.ServiceUnavailableException: [LIBP-00001] Unable to connect to naming service
	at com.inovis.b2b.lib.service.ServiceLocator.getInitialContext(ServiceLocator.java:214)
	at com.inovis.b2b.lib.service.ServiceLocator.&lt;init&gt;(ServiceLocator.java:183)
	at com.inovis.b2b.lib.service.ServiceLocator.getInstance(ServiceLocator.java:167)
	at com.inovis.b2b.lib.service.ServiceLocator.getInstance(ServiceLocator.java:150)
	at com.inovis.b2b.lib.util.entity.EntitySequencer.getIdFromDb(EntitySequencer.java:168)
	at com.inovis.b2b.lib.util.entity.EntitySequencer.getNextSequenceNumber(EntitySequencer.java:128)
	at com.inovis.b2b.lib.util.entity.EntitySequencer.getNextSequenceNumber(EntitySequencer.java:113)
	at test.com.inovis.b2b.lib.util.entity.TestEntityManager.testGetNextSequenceNumber2(TestEntityManager.java:95)
Caused by: javax.naming.CommunicationException [Root exception is java.net.ConnectException: t3://localhost:7001: Destination unreachable; nested exception is: 
	java.net.ConnectException: Connection refused: connect; No available router to destination]
	at weblogic.jndi.internal.ExceptionTranslator.toNamingException(ExceptionTranslator.java:49)
	at weblogic.jndi.WLInitialContextFactoryDelegate.toNamingException(WLInitialContextFactoryDelegate.java:765)
	at weblogic.jndi.WLInitialContextFactoryDelegate.getInitialContext(WLInitialContextFactoryDelegate.java:364)
	at weblogic.jndi.Environment.getContext(Environment.java:307)
	at weblogic.jndi.Environment.getContext(Environment.java:277)
	at weblogic.jndi.WLInitialContextFactory.getInitialContext(WLInitialContextFactory.java:117)
	at javax.naming.spi.NamingManager.getInitialContext(NamingManager.java:667)
	at javax.naming.InitialContext.getDefaultInitCtx(InitialContext.java:247)
	at javax.naming.InitialContext.init(InitialContext.java:223)
	at javax.naming.InitialContext.&lt;init&gt;(InitialContext.java:175)
	at com.inovis.b2b.lib.service.ServiceLocator.getInitialContext(ServiceLocator.java:206)
	... 24 more
Caused by: java.net.ConnectException: t3://localhost:7001: Destination unreachable; nested exception is: 
	java.net.ConnectException: Connection refused: connect; No available router to destination
	at weblogic.rjvm.RJVMFinder.findOrCreate(RJVMFinder.java:204)
	at weblogic.rjvm.ServerURL.findOrCreateRJVM(ServerURL.java:154)
	at weblogic.jndi.WLInitialContextFactoryDelegate.getInitialContext(WLInitialContextFactoryDelegate.java:349)
	... 32 more
Caused by: java.rmi.ConnectException: Destination unreachable; nested exception is: 
	java.net.ConnectException: Connection refused: connect; No available router to destination
	at weblogic.rjvm.ConnectionManager.bootstrap(ConnectionManager.java:472)
	at weblogic.rjvm.ConnectionManager.bootstrap(ConnectionManager.java:323)
	at weblogic.rjvm.RJVMManager.findOrCreateRemoteInternal(RJVMManager.java:259)
	at weblogic.rjvm.RJVMManager.findOrCreate(RJVMManager.java:202)
	at weblogic.rjvm.RJVMFinder.findOrCreateRemoteServer(RJVMFinder.java:226)
	at weblogic.rjvm.RJVMFinder.findOrCreate(RJVMFinder.java:189)
	... 34 more
</error>
  </testcase>
  <testcase classname="test.com.inovis.b2b.lib.util.entity.TestEntityManager" name="testGetNextSequenceNumber3" time="2.277">
    <error message="[ENTY-00499] DbEntityDAO : Error Obtaining DB Connection." type="com.inovis.b2b.lib.exception.OperationFailedException">class com.inovis.b2b.lib.exception.OperationFailedException: [ENTY-00499] DbEntityDAO : Error Obtaining DB Connection.
	at com.inovis.b2b.lib.util.entity.store.db.DbEntityDAO.obtainDbConnection(DbEntityDAO.java:321)
	at com.inovis.b2b.lib.util.entity.store.db.DbEntityDAO.getNextSeq(DbEntityDAO.java:177)
	at com.inovis.b2b.lib.util.entity.store.db.DbEntityDAO.getNextSeq(DbEntityDAO.java:152)
	at com.inovis.b2b.lib.util.entity.EntityManager.getNextSequenceNumber(EntityManager.java:80)
	at test.com.inovis.b2b.lib.util.entity.TestEntityManager.testGetNextSequenceNumber3(TestEntityManager.java:99)
Caused by: java.sql.SQLException: [LIBP-00001] Unable to connect to naming service
	at com.inovis.b2b.lib.repository.RepositoryDataSource.getRemoteConnection(RepositoryDataSource.java:126)
	at com.inovis.b2b.lib.util.entity.store.db.DbEntityDAO.obtainDbConnection(DbEntityDAO.java:319)
	... 21 more
</error>
  </testcase>
  <testcase classname="test.com.inovis.b2b.lib.util.entity.TestEntityManager" name="testGetNextSequenceNumber4" time="2.464">
    <error message="[ENTY-00499] DbEntityDAO : Error Obtaining DB Connection." type="com.inovis.b2b.lib.exception.OperationFailedException">class com.inovis.b2b.lib.exception.OperationFailedException: [ENTY-00499] DbEntityDAO : Error Obtaining DB Connection.
	at com.inovis.b2b.lib.util.entity.store.db.DbEntityDAO.obtainDbConnection(DbEntityDAO.java:321)
	at com.inovis.b2b.lib.util.entity.store.db.DbEntityDAO.getNextSeq(DbEntityDAO.java:177)
	at com.inovis.b2b.lib.util.entity.store.db.DbEntityDAO.getNextSeq(DbEntityDAO.java:152)
	at com.inovis.b2b.lib.util.entity.EntityManager.getNextSequenceNumber(EntityManager.java:80)
	at test.com.inovis.b2b.lib.util.entity.TestEntityManager.testGetNextSequenceNumber4(TestEntityManager.java:103)
Caused by: java.sql.SQLException: [LIBP-00001] Unable to connect to naming service
	at com.inovis.b2b.lib.repository.RepositoryDataSource.getRemoteConnection(RepositoryDataSource.java:126)
	at com.inovis.b2b.lib.util.entity.store.db.DbEntityDAO.obtainDbConnection(DbEntityDAO.java:319)
	... 21 more
</error>
  </testcase>
  <testcase classname="test.com.inovis.b2b.lib.util.entity.TestEntityManager" name="testGetNextSequenceNumber5" time="2.511">
    <error message="[LIBP-00001] Unable to connect to naming service" type="com.inovis.b2b.lib.service.ServiceUnavailableException">class com.inovis.b2b.lib.service.ServiceUnavailableException: [LIBP-00001] Unable to connect to naming service
	at com.inovis.b2b.lib.service.ServiceLocator.getInitialContext(ServiceLocator.java:214)
	at com.inovis.b2b.lib.service.ServiceLocator.&lt;init&gt;(ServiceLocator.java:183)
	at com.inovis.b2b.lib.service.ServiceLocator.getInstance(ServiceLocator.java:167)
	at com.inovis.b2b.lib.service.ServiceLocator.getInstance(ServiceLocator.java:150)
	at com.inovis.b2b.lib.util.entity.EntitySequencer.getIdFromDb(EntitySequencer.java:168)
	at com.inovis.b2b.lib.util.entity.EntitySequencer.getNextSequenceNumber(EntitySequencer.java:150)
	at com.inovis.b2b.lib.util.entity.EntitySequencer.getNextSequenceNumber(EntitySequencer.java:113)
	at test.com.inovis.b2b.lib.util.entity.TestEntityManager.testGetNextSequenceNumber5(TestEntityManager.java:111)
Caused by: javax.naming.CommunicationException [Root exception is java.net.ConnectException: t3://localhost:7001: Destination unreachable; nested exception is: 
	java.net.ConnectException: Connection refused: connect; No available router to destination]
	at weblogic.jndi.internal.ExceptionTranslator.toNamingException(ExceptionTranslator.java:49)
	at weblogic.jndi.WLInitialContextFactoryDelegate.toNamingException(WLInitialContextFactoryDelegate.java:765)
	at weblogic.jndi.WLInitialContextFactoryDelegate.getInitialContext(WLInitialContextFactoryDelegate.java:364)
	at weblogic.jndi.Environment.getContext(Environment.java:307)
	at weblogic.jndi.Environment.getContext(Environment.java:277)
	at weblogic.jndi.WLInitialContextFactory.getInitialContext(WLInitialContextFactory.java:117)
	at javax.naming.spi.NamingManager.getInitialContext(NamingManager.java:667)
	at javax.naming.InitialContext.getDefaultInitCtx(InitialContext.java:247)
	at javax.naming.InitialContext.init(InitialContext.java:223)
	at javax.naming.InitialContext.&lt;init&gt;(InitialContext.java:175)
	at com.inovis.b2b.lib.service.ServiceLocator.getInitialContext(ServiceLocator.java:206)
	... 24 more
Caused by: java.net.ConnectException: t3://localhost:7001: Destination unreachable; nested exception is: 
	java.net.ConnectException: Connection refused: connect; No available router to destination
	at weblogic.rjvm.RJVMFinder.findOrCreate(RJVMFinder.java:204)
	at weblogic.rjvm.ServerURL.findOrCreateRJVM(ServerURL.java:154)
	at weblogic.jndi.WLInitialContextFactoryDelegate.getInitialContext(WLInitialContextFactoryDelegate.java:349)
	... 32 more
Caused by: java.rmi.ConnectException: Destination unreachable; nested exception is: 
	java.net.ConnectException: Connection refused: connect; No available router to destination
	at weblogic.rjvm.ConnectionManager.bootstrap(ConnectionManager.java:472)
	at weblogic.rjvm.ConnectionManager.bootstrap(ConnectionManager.java:323)
	at weblogic.rjvm.RJVMManager.findOrCreateRemoteInternal(RJVMManager.java:259)
	at weblogic.rjvm.RJVMManager.findOrCreate(RJVMManager.java:202)
	at weblogic.rjvm.RJVMFinder.findOrCreateRemoteServer(RJVMFinder.java:226)
	at weblogic.rjvm.RJVMFinder.findOrCreate(RJVMFinder.java:189)
	... 34 more
</error>
  </testcase>
  <testcase classname="test.com.inovis.b2b.lib.util.entity.TestEntityManager" name="testDeleteEntity1" time="2.978">
    <error message="[ENTY-00499] DbEntityDAO : Error Obtaining DB Connection." type="com.inovis.b2b.lib.exception.OperationFailedException">class com.inovis.b2b.lib.exception.OperationFailedException: [ENTY-00499] DbEntityDAO : Error Obtaining DB Connection.
	at com.inovis.b2b.lib.util.entity.store.db.DbEntityDAO.obtainDbConnection(DbEntityDAO.java:321)
	at com.inovis.b2b.lib.util.entity.store.db.DbEntityDAO.find(DbEntityDAO.java:271)
	at com.inovis.b2b.lib.util.entity.EntityManager.find(EntityManager.java:114)
	at test.com.inovis.b2b.lib.util.entity.TestEntityManager.testDeleteEntity1(TestEntityManager.java:117)
Caused by: java.sql.SQLException: [LIBP-00001] Unable to connect to naming service
	at com.inovis.b2b.lib.repository.RepositoryDataSource.getRemoteConnection(RepositoryDataSource.java:126)
	at com.inovis.b2b.lib.util.entity.store.db.DbEntityDAO.obtainDbConnection(DbEntityDAO.java:319)
	... 20 more
</error>
  </testcase>
  <testcase classname="test.com.inovis.b2b.lib.connection.TestConnectionFactory" name="testGetConnectionInfo1" time="0.109"></testcase>
  <testcase classname="test.com.inovis.b2b.lib.connection.TestConnectionFactory" name="testGetConnectionInfo2" time="0.063"></testcase>
  <testcase classname="test.com.inovis.b2b.lib.connection.TestConnectionFactory" name="testGetConnectionInfo3" time="0.0"></testcase>
  <testcase classname="test.com.inovis.b2b.lib.connection.TestConnectionFactory" name="testGetConnectionInfo4" time="0.015"></testcase>
  <testcase classname="test.com.inovis.b2b.lib.connection.TestConnectionFactory" name="testGetConnectionInfo5" time="0.032"></testcase>
  <testcase classname="test.com.inovis.mss.registration.facade.TestProductOrderFacadeSLBean" name="testCleanProduct" time="2.479">
    <error message="[LIBP-00001] Unable to connect to naming service" type="com.inovis.b2b.lib.service.ServiceUnavailableException">class com.inovis.b2b.lib.service.ServiceUnavailableException: [LIBP-00001] Unable to connect to naming service
	at com.inovis.b2b.lib.service.ServiceLocator.getInitialContext(ServiceLocator.java:214)
	at com.inovis.b2b.lib.service.ServiceLocator.&lt;init&gt;(ServiceLocator.java:183)
	at com.inovis.b2b.lib.service.ServiceLocator.getInstance(ServiceLocator.java:167)
	at com.inovis.b2b.lib.service.ServiceLocator.getInstance(ServiceLocator.java:150)
	at test.com.inovis.mss.registration.facade.TestProductOrderFacadeSLBean.setUp(TestProductOrderFacadeSLBean.java:56)
Caused by: javax.naming.CommunicationException [Root exception is java.net.ConnectException: t3://localhost:7001: Destination unreachable; nested exception is: 
	java.net.ConnectException: Connection refused: connect; No available router to destination]
	at weblogic.jndi.internal.ExceptionTranslator.toNamingException(ExceptionTranslator.java:49)
	at weblogic.jndi.WLInitialContextFactoryDelegate.toNamingException(WLInitialContextFactoryDelegate.java:765)
	at weblogic.jndi.WLInitialContextFactoryDelegate.getInitialContext(WLInitialContextFactoryDelegate.java:364)
	at weblogic.jndi.Environment.getContext(Environment.java:307)
	at weblogic.jndi.Environment.getContext(Environment.java:277)
	at weblogic.jndi.WLInitialContextFactory.getInitialContext(WLInitialContextFactory.java:117)
	at javax.naming.spi.NamingManager.getInitialContext(NamingManager.java:667)
	at javax.naming.InitialContext.getDefaultInitCtx(InitialContext.java:247)
	at javax.naming.InitialContext.init(InitialContext.java:223)
	at javax.naming.InitialContext.&lt;init&gt;(InitialContext.java:175)
	at com.inovis.b2b.lib.service.ServiceLocator.getInitialContext(ServiceLocator.java:206)
	... 18 more
Caused by: java.net.ConnectException: t3://localhost:7001: Destination unreachable; nested exception is: 
	java.net.ConnectException: Connection refused: connect; No available router to destination
	at weblogic.rjvm.RJVMFinder.findOrCreate(RJVMFinder.java:204)
	at weblogic.rjvm.ServerURL.findOrCreateRJVM(ServerURL.java:154)
	at weblogic.jndi.WLInitialContextFactoryDelegate.getInitialContext(WLInitialContextFactoryDelegate.java:349)
	... 26 more
Caused by: java.rmi.ConnectException: Destination unreachable; nested exception is: 
	java.net.ConnectException: Connection refused: connect; No available router to destination
	at weblogic.rjvm.ConnectionManager.bootstrap(ConnectionManager.java:472)
	at weblogic.rjvm.ConnectionManager.bootstrap(ConnectionManager.java:323)
	at weblogic.rjvm.RJVMManager.findOrCreateRemoteInternal(RJVMManager.java:259)
	at weblogic.rjvm.RJVMManager.findOrCreate(RJVMManager.java:202)
	at weblogic.rjvm.RJVMFinder.findOrCreateRemoteServer(RJVMFinder.java:226)
	at weblogic.rjvm.RJVMFinder.findOrCreate(RJVMFinder.java:189)
	... 28 more
</error>
  </testcase>
  <testcase classname="test.com.inovis.mss.registration.facade.TestProductOrderFacadeSLBean" name="testInsertProductOrder1" time="2.963">
    <error message="[LIBP-00001] Unable to connect to naming service" type="com.inovis.b2b.lib.service.ServiceUnavailableException">class com.inovis.b2b.lib.service.ServiceUnavailableException: [LIBP-00001] Unable to connect to naming service
	at com.inovis.b2b.lib.service.ServiceLocator.getInitialContext(ServiceLocator.java:214)
	at com.inovis.b2b.lib.service.ServiceLocator.&lt;init&gt;(ServiceLocator.java:183)
	at com.inovis.b2b.lib.service.ServiceLocator.getInstance(ServiceLocator.java:167)
	at com.inovis.b2b.lib.service.ServiceLocator.getInstance(ServiceLocator.java:150)
	at test.com.inovis.mss.registration.facade.TestProductOrderFacadeSLBean.setUp(TestProductOrderFacadeSLBean.java:56)
Caused by: javax.naming.CommunicationException [Root exception is java.net.ConnectException: t3://localhost:7001: Destination unreachable; nested exception is: 
	java.net.ConnectException: Connection refused: connect; No available router to destination]
	at weblogic.jndi.internal.ExceptionTranslator.toNamingException(ExceptionTranslator.java:49)
	at weblogic.jndi.WLInitialContextFactoryDelegate.toNamingException(WLInitialContextFactoryDelegate.java:765)
	at weblogic.jndi.WLInitialContextFactoryDelegate.getInitialContext(WLInitialContextFactoryDelegate.java:364)
	at weblogic.jndi.Environment.getContext(Environment.java:307)
	at weblogic.jndi.Environment.getContext(Environment.java:277)
	at weblogic.jndi.WLInitialContextFactory.getInitialContext(WLInitialContextFactory.java:117)
	at javax.naming.spi.NamingManager.getInitialContext(NamingManager.java:667)
	at javax.naming.InitialContext.getDefaultInitCtx(InitialContext.java:247)
	at javax.naming.InitialContext.init(InitialContext.java:223)
	at javax.naming.InitialContext.&lt;init&gt;(InitialContext.java:175)
	at com.inovis.b2b.lib.service.ServiceLocator.getInitialContext(ServiceLocator.java:206)
	... 18 more
Caused by: java.net.ConnectException: t3://localhost:7001: Destination unreachable; nested exception is: 
	java.net.ConnectException: Connection refused: connect; No available router to destination
	at weblogic.rjvm.RJVMFinder.findOrCreate(RJVMFinder.java:204)
	at weblogic.rjvm.ServerURL.findOrCreateRJVM(ServerURL.java:154)
	at weblogic.jndi.WLInitialContextFactoryDelegate.getInitialContext(WLInitialContextFactoryDelegate.java:349)
	... 26 more
Caused by: java.rmi.ConnectException: Destination unreachable; nested exception is: 
	java.net.ConnectException: Connection refused: connect; No available router to destination
	at weblogic.rjvm.ConnectionManager.bootstrap(ConnectionManager.java:472)
	at weblogic.rjvm.ConnectionManager.bootstrap(ConnectionManager.java:323)
	at weblogic.rjvm.RJVMManager.findOrCreateRemoteInternal(RJVMManager.java:259)
	at weblogic.rjvm.RJVMManager.findOrCreate(RJVMManager.java:202)
	at weblogic.rjvm.RJVMFinder.findOrCreateRemoteServer(RJVMFinder.java:226)
	at weblogic.rjvm.RJVMFinder.findOrCreate(RJVMFinder.java:189)
	... 28 more
</error>
  </testcase>
  <testcase classname="test.com.inovis.mss.registration.facade.TestProductOrderFacadeSLBean" name="testFindProductOrder1" time="2.48">
    <error message="[LIBP-00001] Unable to connect to naming service" type="com.inovis.b2b.lib.service.ServiceUnavailableException">class com.inovis.b2b.lib.service.ServiceUnavailableException: [LIBP-00001] Unable to connect to naming service
	at com.inovis.b2b.lib.service.ServiceLocator.getInitialContext(ServiceLocator.java:214)
	at com.inovis.b2b.lib.service.ServiceLocator.&lt;init&gt;(ServiceLocator.java:183)
	at com.inovis.b2b.lib.service.ServiceLocator.getInstance(ServiceLocator.java:167)
	at com.inovis.b2b.lib.service.ServiceLocator.getInstance(ServiceLocator.java:150)
	at test.com.inovis.mss.registration.facade.TestProductOrderFacadeSLBean.setUp(TestProductOrderFacadeSLBean.java:56)
Caused by: javax.naming.CommunicationException [Root exception is java.net.ConnectException: t3://localhost:7001: Destination unreachable; nested exception is: 
	java.net.ConnectException: Connection refused: connect; No available router to destination]
	at weblogic.jndi.internal.ExceptionTranslator.toNamingException(ExceptionTranslator.java:49)
	at weblogic.jndi.WLInitialContextFactoryDelegate.toNamingException(WLInitialContextFactoryDelegate.java:765)
	at weblogic.jndi.WLInitialContextFactoryDelegate.getInitialContext(WLInitialContextFactoryDelegate.java:364)
	at weblogic.jndi.Environment.getContext(Environment.java:307)
	at weblogic.jndi.Environment.getContext(Environment.java:277)
	at weblogic.jndi.WLInitialContextFactory.getInitialContext(WLInitialContextFactory.java:117)
	at javax.naming.spi.NamingManager.getInitialContext(NamingManager.java:667)
	at javax.naming.InitialContext.getDefaultInitCtx(InitialContext.java:247)
	at javax.naming.InitialContext.init(InitialContext.java:223)
	at javax.naming.InitialContext.&lt;init&gt;(InitialContext.java:175)
	at com.inovis.b2b.lib.service.ServiceLocator.getInitialContext(ServiceLocator.java:206)
	... 18 more
Caused by: java.net.ConnectException: t3://localhost:7001: Destination unreachable; nested exception is: 
	java.net.ConnectException: Connection refused: connect; No available router to destination
	at weblogic.rjvm.RJVMFinder.findOrCreate(RJVMFinder.java:204)
	at weblogic.rjvm.ServerURL.findOrCreateRJVM(ServerURL.java:154)
	at weblogic.jndi.WLInitialContextFactoryDelegate.getInitialContext(WLInitialContextFactoryDelegate.java:349)
	... 26 more
Caused by: java.rmi.ConnectException: Destination unreachable; nested exception is: 
	java.net.ConnectException: Connection refused: connect; No available router to destination
	at weblogic.rjvm.ConnectionManager.bootstrap(ConnectionManager.java:472)
	at weblogic.rjvm.ConnectionManager.bootstrap(ConnectionManager.java:323)
	at weblogic.rjvm.RJVMManager.findOrCreateRemoteInternal(RJVMManager.java:259)
	at weblogic.rjvm.RJVMManager.findOrCreate(RJVMManager.java:202)
	at weblogic.rjvm.RJVMFinder.findOrCreateRemoteServer(RJVMFinder.java:226)
	at weblogic.rjvm.RJVMFinder.findOrCreate(RJVMFinder.java:189)
	... 28 more
</error>
  </testcase>
  <testcase classname="test.com.inovis.mss.registration.facade.TestProductOrderFacadeSLBean" name="testDeleteProduct" time="2.884">
    <error message="[LIBP-00001] Unable to connect to naming service" type="com.inovis.b2b.lib.service.ServiceUnavailableException">class com.inovis.b2b.lib.service.ServiceUnavailableException: [LIBP-00001] Unable to connect to naming service
	at com.inovis.b2b.lib.service.ServiceLocator.getInitialContext(ServiceLocator.java:214)
	at com.inovis.b2b.lib.service.ServiceLocator.&lt;init&gt;(ServiceLocator.java:183)
	at com.inovis.b2b.lib.service.ServiceLocator.getInstance(ServiceLocator.java:167)
	at com.inovis.b2b.lib.service.ServiceLocator.getInstance(ServiceLocator.java:150)
	at test.com.inovis.mss.registration.facade.TestProductOrderFacadeSLBean.setUp(TestProductOrderFacadeSLBean.java:56)
Caused by: javax.naming.CommunicationException [Root exception is java.net.ConnectException: t3://localhost:7001: Destination unreachable; nested exception is: 
	java.net.ConnectException: Connection refused: connect; No available router to destination]
	at weblogic.jndi.internal.ExceptionTranslator.toNamingException(ExceptionTranslator.java:49)
	at weblogic.jndi.WLInitialContextFactoryDelegate.toNamingException(WLInitialContextFactoryDelegate.java:765)
	at weblogic.jndi.WLInitialContextFactoryDelegate.getInitialContext(WLInitialContextFactoryDelegate.java:364)
	at weblogic.jndi.Environment.getContext(Environment.java:307)
	at weblogic.jndi.Environment.getContext(Environment.java:277)
	at weblogic.jndi.WLInitialContextFactory.getInitialContext(WLInitialContextFactory.java:117)
	at javax.naming.spi.NamingManager.getInitialContext(NamingManager.java:667)
	at javax.naming.InitialContext.getDefaultInitCtx(InitialContext.java:247)
	at javax.naming.InitialContext.init(InitialContext.java:223)
	at javax.naming.InitialContext.&lt;init&gt;(InitialContext.java:175)
	at com.inovis.b2b.lib.service.ServiceLocator.getInitialContext(ServiceLocator.java:206)
	... 18 more
Caused by: java.net.ConnectException: t3://localhost:7001: Destination unreachable; nested exception is: 
	java.net.ConnectException: Connection refused: connect; No available router to destination
	at weblogic.rjvm.RJVMFinder.findOrCreate(RJVMFinder.java:204)
	at weblogic.rjvm.ServerURL.findOrCreateRJVM(ServerURL.java:154)
	at weblogic.jndi.WLInitialContextFactoryDelegate.getInitialContext(WLInitialContextFactoryDelegate.java:349)
	... 26 more
Caused by: java.rmi.ConnectException: Destination unreachable; nested exception is: 
	java.net.ConnectException: Connection refused: connect; No available router to destination
	at weblogic.rjvm.ConnectionManager.bootstrap(ConnectionManager.java:472)
	at weblogic.rjvm.ConnectionManager.bootstrap(ConnectionManager.java:323)
	at weblogic.rjvm.RJVMManager.findOrCreateRemoteInternal(RJVMManager.java:259)
	at weblogic.rjvm.RJVMManager.findOrCreate(RJVMManager.java:202)
	at weblogic.rjvm.RJVMFinder.findOrCreateRemoteServer(RJVMFinder.java:226)
	at weblogic.rjvm.RJVMFinder.findOrCreate(RJVMFinder.java:189)
	... 28 more
</error>
  </testcase>
  <testcase classname="test.com.inovis.mss.registration.facade.TestProductOrderFacadeSLBean" name="testFindProductOrder2" time="2.995">
    <error message="[LIBP-00001] Unable to connect to naming service" type="com.inovis.b2b.lib.service.ServiceUnavailableException">class com.inovis.b2b.lib.service.ServiceUnavailableException: [LIBP-00001] Unable to connect to naming service
	at com.inovis.b2b.lib.service.ServiceLocator.getInitialContext(ServiceLocator.java:214)
	at com.inovis.b2b.lib.service.ServiceLocator.&lt;init&gt;(ServiceLocator.java:183)
	at com.inovis.b2b.lib.service.ServiceLocator.getInstance(ServiceLocator.java:167)
	at com.inovis.b2b.lib.service.ServiceLocator.getInstance(ServiceLocator.java:150)
	at test.com.inovis.mss.registration.facade.TestProductOrderFacadeSLBean.setUp(TestProductOrderFacadeSLBean.java:56)
Caused by: javax.naming.CommunicationException [Root exception is java.net.ConnectException: t3://localhost:7001: Destination unreachable; nested exception is: 
	java.net.ConnectException: Connection refused: connect; No available router to destination]
	at weblogic.jndi.internal.ExceptionTranslator.toNamingException(ExceptionTranslator.java:49)
	at weblogic.jndi.WLInitialContextFactoryDelegate.toNamingException(WLInitialContextFactoryDelegate.java:765)
	at weblogic.jndi.WLInitialContextFactoryDelegate.getInitialContext(WLInitialContextFactoryDelegate.java:364)
	at weblogic.jndi.Environment.getContext(Environment.java:307)
	at weblogic.jndi.Environment.getContext(Environment.java:277)
	at weblogic.jndi.WLInitialContextFactory.getInitialContext(WLInitialContextFactory.java:117)
	at javax.naming.spi.NamingManager.getInitialContext(NamingManager.java:667)
	at javax.naming.InitialContext.getDefaultInitCtx(InitialContext.java:247)
	at javax.naming.InitialContext.init(InitialContext.java:223)
	at javax.naming.InitialContext.&lt;init&gt;(InitialContext.java:175)
	at com.inovis.b2b.lib.service.ServiceLocator.getInitialContext(ServiceLocator.java:206)
	... 18 more
Caused by: java.net.ConnectException: t3://localhost:7001: Destination unreachable; nested exception is: 
	java.net.ConnectException: Connection refused: connect; No available router to destination
	at weblogic.rjvm.RJVMFinder.findOrCreate(RJVMFinder.java:204)
	at weblogic.rjvm.ServerURL.findOrCreateRJVM(ServerURL.java:154)
	at weblogic.jndi.WLInitialContextFactoryDelegate.getInitialContext(WLInitialContextFactoryDelegate.java:349)
	... 26 more
Caused by: java.rmi.ConnectException: Destination unreachable; nested exception is: 
	java.net.ConnectException: Connection refused: connect; No available router to destination
	at weblogic.rjvm.ConnectionManager.bootstrap(ConnectionManager.java:472)
	at weblogic.rjvm.ConnectionManager.bootstrap(ConnectionManager.java:323)
	at weblogic.rjvm.RJVMManager.findOrCreateRemoteInternal(RJVMManager.java:259)
	at weblogic.rjvm.RJVMManager.findOrCreate(RJVMManager.java:202)
	at weblogic.rjvm.RJVMFinder.findOrCreateRemoteServer(RJVMFinder.java:226)
	at weblogic.rjvm.RJVMFinder.findOrCreate(RJVMFinder.java:189)
	... 28 more
</error>
  </testcase>
  <testcase classname="test.com.inovis.mss.registration.TestProductOrderManager" name="testMgrProdOrderCleanUp" time="2.76">
    <error message="[REGN-00601] Unable to create the ProderOrder Manager." type="com.inovis.b2b.lib.exception.OperationFailedException">class com.inovis.b2b.lib.exception.OperationFailedException: [REGN-00601] Unable to create the ProderOrder Manager.
	at com.inovis.mss.registration.ProductOrderManager.getManager(ProductOrderManager.java:72)
	at test.com.inovis.mss.registration.TestProductOrderManager.setUp(TestProductOrderManager.java:85)
Caused by: class com.inovis.b2b.lib.service.ServiceUnavailableException: [LIBP-00001] Unable to connect to naming service
	at com.inovis.b2b.lib.service.ServiceLocator.getInitialContext(ServiceLocator.java:214)
	at com.inovis.b2b.lib.service.ServiceLocator.&lt;init&gt;(ServiceLocator.java:183)
	at com.inovis.b2b.lib.service.ServiceLocator.getInstance(ServiceLocator.java:167)
	at com.inovis.b2b.lib.service.ServiceLocator.getInstance(ServiceLocator.java:150)
	at com.inovis.mss.registration.defs.ProductOrderManagerImp.&lt;init&gt;(ProductOrderManagerImp.java:63)
	at com.inovis.mss.registration.ProductOrderManager.getManager(ProductOrderManager.java:66)
	... 15 more
Caused by: javax.naming.CommunicationException [Root exception is java.net.ConnectException: t3://localhost:7001: Destination unreachable; nested exception is: 
	java.net.ConnectException: Connection refused: connect; No available router to destination]
	at weblogic.jndi.internal.ExceptionTranslator.toNamingException(ExceptionTranslator.java:49)
	at weblogic.jndi.WLInitialContextFactoryDelegate.toNamingException(WLInitialContextFactoryDelegate.java:765)
	at weblogic.jndi.WLInitialContextFactoryDelegate.getInitialContext(WLInitialContextFactoryDelegate.java:364)
	at weblogic.jndi.Environment.getContext(Environment.java:307)
	at weblogic.jndi.Environment.getContext(Environment.java:277)
	at weblogic.jndi.WLInitialContextFactory.getInitialContext(WLInitialContextFactory.java:117)
	at javax.naming.spi.NamingManager.getInitialContext(NamingManager.java:667)
	at javax.naming.InitialContext.getDefaultInitCtx(InitialContext.java:247)
	at javax.naming.InitialContext.init(InitialContext.java:223)
	at javax.naming.InitialContext.&lt;init&gt;(InitialContext.java:175)
	at com.inovis.b2b.lib.service.ServiceLocator.getInitialContext(ServiceLocator.java:206)
	... 20 more
Caused by: java.net.ConnectException: t3://localhost:7001: Destination unreachable; nested exception is: 
	java.net.ConnectException: Connection refused: connect; No available router to destination
	at weblogic.rjvm.RJVMFinder.findOrCreate(RJVMFinder.java:204)
	at weblogic.rjvm.ServerURL.findOrCreateRJVM(ServerURL.java:154)
	at weblogic.jndi.WLInitialContextFactoryDelegate.getInitialContext(WLInitialContextFactoryDelegate.java:349)
	... 28 more
Caused by: java.rmi.ConnectException: Destination unreachable; nested exception is: 
	java.net.ConnectException: Connection refused: connect; No available router to destination
	at weblogic.rjvm.ConnectionManager.bootstrap(ConnectionManager.java:472)
	at weblogic.rjvm.ConnectionManager.bootstrap(ConnectionManager.java:323)
	at weblogic.rjvm.RJVMManager.findOrCreateRemoteInternal(RJVMManager.java:259)
	at weblogic.rjvm.RJVMManager.findOrCreate(RJVMManager.java:202)
	at weblogic.rjvm.RJVMFinder.findOrCreateRemoteServer(RJVMFinder.java:226)
	at weblogic.rjvm.RJVMFinder.findOrCreate(RJVMFinder.java:189)
	... 30 more
</error>
  </testcase>
  <testcase classname="test.com.inovis.mss.registration.TestProductOrderManager" name="testMgrInsertProdOrder1" time="2.557">
    <error message="[REGN-00601] Unable to create the ProderOrder Manager." type="com.inovis.b2b.lib.exception.OperationFailedException">class com.inovis.b2b.lib.exception.OperationFailedException: [REGN-00601] Unable to create the ProderOrder Manager.
	at com.inovis.mss.registration.ProductOrderManager.getManager(ProductOrderManager.java:72)
	at test.com.inovis.mss.registration.TestProductOrderManager.setUp(TestProductOrderManager.java:85)
Caused by: class com.inovis.b2b.lib.service.ServiceUnavailableException: [LIBP-00001] Unable to connect to naming service
	at com.inovis.b2b.lib.service.ServiceLocator.getInitialContext(ServiceLocator.java:214)
	at com.inovis.b2b.lib.service.ServiceLocator.&lt;init&gt;(ServiceLocator.java:183)
	at com.inovis.b2b.lib.service.ServiceLocator.getInstance(ServiceLocator.java:167)
	at com.inovis.b2b.lib.service.ServiceLocator.getInstance(ServiceLocator.java:150)
	at com.inovis.mss.registration.defs.ProductOrderManagerImp.&lt;init&gt;(ProductOrderManagerImp.java:63)
	at com.inovis.mss.registration.ProductOrderManager.getManager(ProductOrderManager.java:66)
	... 15 more
Caused by: javax.naming.CommunicationException [Root exception is java.net.ConnectException: t3://localhost:7001: Destination unreachable; nested exception is: 
	java.net.ConnectException: Connection refused: connect; No available router to destination]
	at weblogic.jndi.internal.ExceptionTranslator.toNamingException(ExceptionTranslator.java:49)
	at weblogic.jndi.WLInitialContextFactoryDelegate.toNamingException(WLInitialContextFactoryDelegate.java:765)
	at weblogic.jndi.WLInitialContextFactoryDelegate.getInitialContext(WLInitialContextFactoryDelegate.java:364)
	at weblogic.jndi.Environment.getContext(Environment.java:307)
	at weblogic.jndi.Environment.getContext(Environment.java:277)
	at weblogic.jndi.WLInitialContextFactory.getInitialContext(WLInitialContextFactory.java:117)
	at javax.naming.spi.NamingManager.getInitialContext(NamingManager.java:667)
	at javax.naming.InitialContext.getDefaultInitCtx(InitialContext.java:247)
	at javax.naming.InitialContext.init(InitialContext.java:223)
	at javax.naming.InitialContext.&lt;init&gt;(InitialContext.java:175)
	at com.inovis.b2b.lib.service.ServiceLocator.getInitialContext(ServiceLocator.java:206)
	... 20 more
Caused by: java.net.ConnectException: t3://localhost:7001: Destination unreachable; nested exception is: 
	java.net.ConnectException: Connection refused: connect; No available router to destination
	at weblogic.rjvm.RJVMFinder.findOrCreate(RJVMFinder.java:204)
	at weblogic.rjvm.ServerURL.findOrCreateRJVM(ServerURL.java:154)
	at weblogic.jndi.WLInitialContextFactoryDelegate.getInitialContext(WLInitialContextFactoryDelegate.java:349)
	... 28 more
Caused by: java.rmi.ConnectException: Destination unreachable; nested exception is: 
	java.net.ConnectException: Connection refused: connect; No available router to destination
	at weblogic.rjvm.ConnectionManager.bootstrap(ConnectionManager.java:472)
	at weblogic.rjvm.ConnectionManager.bootstrap(ConnectionManager.java:323)
	at weblogic.rjvm.RJVMManager.findOrCreateRemoteInternal(RJVMManager.java:259)
	at weblogic.rjvm.RJVMManager.findOrCreate(RJVMManager.java:202)
	at weblogic.rjvm.RJVMFinder.findOrCreateRemoteServer(RJVMFinder.java:226)
	at weblogic.rjvm.RJVMFinder.findOrCreate(RJVMFinder.java:189)
	... 30 more
</error>
  </testcase>
  <testcase classname="test.com.inovis.mss.registration.TestProductOrderManager" name="testMgrInsertProdOrder2" time="2.62">
    <error message="[REGN-00601] Unable to create the ProderOrder Manager." type="com.inovis.b2b.lib.exception.OperationFailedException">class com.inovis.b2b.lib.exception.OperationFailedException: [REGN-00601] Unable to create the ProderOrder Manager.
	at com.inovis.mss.registration.ProductOrderManager.getManager(ProductOrderManager.java:72)
	at test.com.inovis.mss.registration.TestProductOrderManager.setUp(TestProductOrderManager.java:85)
Caused by: class com.inovis.b2b.lib.service.ServiceUnavailableException: [LIBP-00001] Unable to connect to naming service
	at com.inovis.b2b.lib.service.ServiceLocator.getInitialContext(ServiceLocator.java:214)
	at com.inovis.b2b.lib.service.ServiceLocator.&lt;init&gt;(ServiceLocator.java:183)
	at com.inovis.b2b.lib.service.ServiceLocator.getInstance(ServiceLocator.java:167)
	at com.inovis.b2b.lib.service.ServiceLocator.getInstance(ServiceLocator.java:150)
	at com.inovis.mss.registration.defs.ProductOrderManagerImp.&lt;init&gt;(ProductOrderManagerImp.java:63)
	at com.inovis.mss.registration.ProductOrderManager.getManager(ProductOrderManager.java:66)
	... 15 more
Caused by: javax.naming.CommunicationException [Root exception is java.net.ConnectException: t3://localhost:7001: Destination unreachable; nested exception is: 
	java.net.ConnectException: Connection refused: connect; No available router to destination]
	at weblogic.jndi.internal.ExceptionTranslator.toNamingException(ExceptionTranslator.java:49)
	at weblogic.jndi.WLInitialContextFactoryDelegate.toNamingException(WLInitialContextFactoryDelegate.java:765)
	at weblogic.jndi.WLInitialContextFactoryDelegate.getInitialContext(WLInitialContextFactoryDelegate.java:364)
	at weblogic.jndi.Environment.getContext(Environment.java:307)
	at weblogic.jndi.Environment.getContext(Environment.java:277)
	at weblogic.jndi.WLInitialContextFactory.getInitialContext(WLInitialContextFactory.java:117)
	at javax.naming.spi.NamingManager.getInitialContext(NamingManager.java:667)
	at javax.naming.InitialContext.getDefaultInitCtx(InitialContext.java:247)
	at javax.naming.InitialContext.init(InitialContext.java:223)
	at javax.naming.InitialContext.&lt;init&gt;(InitialContext.java:175)
	at com.inovis.b2b.lib.service.ServiceLocator.getInitialContext(ServiceLocator.java:206)
	... 20 more
Caused by: java.net.ConnectException: t3://localhost:7001: Destination unreachable; nested exception is: 
	java.net.ConnectException: Connection refused: connect; No available router to destination
	at weblogic.rjvm.RJVMFinder.findOrCreate(RJVMFinder.java:204)
	at weblogic.rjvm.ServerURL.findOrCreateRJVM(ServerURL.java:154)
	at weblogic.jndi.WLInitialContextFactoryDelegate.getInitialContext(WLInitialContextFactoryDelegate.java:349)
	... 28 more
Caused by: java.rmi.ConnectException: Destination unreachable; nested exception is: 
	java.net.ConnectException: Connection refused: connect; No available router to destination
	at weblogic.rjvm.ConnectionManager.bootstrap(ConnectionManager.java:472)
	at weblogic.rjvm.ConnectionManager.bootstrap(ConnectionManager.java:323)
	at weblogic.rjvm.RJVMManager.findOrCreateRemoteInternal(RJVMManager.java:259)
	at weblogic.rjvm.RJVMManager.findOrCreate(RJVMManager.java:202)
	at weblogic.rjvm.RJVMFinder.findOrCreateRemoteServer(RJVMFinder.java:226)
	at weblogic.rjvm.RJVMFinder.findOrCreate(RJVMFinder.java:189)
	... 30 more
</error>
  </testcase>
  <testcase classname="test.com.inovis.mss.registration.TestProductOrderManager" name="testMgrSelectProdOrder1" time="2.402">
    <error message="[REGN-00601] Unable to create the ProderOrder Manager." type="com.inovis.b2b.lib.exception.OperationFailedException">class com.inovis.b2b.lib.exception.OperationFailedException: [REGN-00601] Unable to create the ProderOrder Manager.
	at com.inovis.mss.registration.ProductOrderManager.getManager(ProductOrderManager.java:72)
	at test.com.inovis.mss.registration.TestProductOrderManager.setUp(TestProductOrderManager.java:85)
Caused by: class com.inovis.b2b.lib.service.ServiceUnavailableException: [LIBP-00001] Unable to connect to naming service
	at com.inovis.b2b.lib.service.ServiceLocator.getInitialContext(ServiceLocator.java:214)
	at com.inovis.b2b.lib.service.ServiceLocator.&lt;init&gt;(ServiceLocator.java:183)
	at com.inovis.b2b.lib.service.ServiceLocator.getInstance(ServiceLocator.java:167)
	at com.inovis.b2b.lib.service.ServiceLocator.getInstance(ServiceLocator.java:150)
	at com.inovis.mss.registration.defs.ProductOrderManagerImp.&lt;init&gt;(ProductOrderManagerImp.java:63)
	at com.inovis.mss.registration.ProductOrderManager.getManager(ProductOrderManager.java:66)
	... 15 more
Caused by: javax.naming.CommunicationException [Root exception is java.net.ConnectException: t3://localhost:7001: Destination unreachable; nested exception is: 
	java.net.ConnectException: Connection refused: connect; No available router to destination]
	at weblogic.jndi.internal.ExceptionTranslator.toNamingException(ExceptionTranslator.java:49)
	at weblogic.jndi.WLInitialContextFactoryDelegate.toNamingException(WLInitialContextFactoryDelegate.java:765)
	at weblogic.jndi.WLInitialContextFactoryDelegate.getInitialContext(WLInitialContextFactoryDelegate.java:364)
	at weblogic.jndi.Environment.getContext(Environment.java:307)
	at weblogic.jndi.Environment.getContext(Environment.java:277)
	at weblogic.jndi.WLInitialContextFactory.getInitialContext(WLInitialContextFactory.java:117)
	at javax.naming.spi.NamingManager.getInitialContext(NamingManager.java:667)
	at javax.naming.InitialContext.getDefaultInitCtx(InitialContext.java:247)
	at javax.naming.InitialContext.init(InitialContext.java:223)
	at javax.naming.InitialContext.&lt;init&gt;(InitialContext.java:175)
	at com.inovis.b2b.lib.service.ServiceLocator.getInitialContext(ServiceLocator.java:206)
	... 20 more
Caused by: java.net.ConnectException: t3://localhost:7001: Destination unreachable; nested exception is: 
	java.net.ConnectException: Connection refused: connect; No available router to destination
	at weblogic.rjvm.RJVMFinder.findOrCreate(RJVMFinder.java:204)
	at weblogic.rjvm.ServerURL.findOrCreateRJVM(ServerURL.java:154)
	at weblogic.jndi.WLInitialContextFactoryDelegate.getInitialContext(WLInitialContextFactoryDelegate.java:349)
	... 28 more
Caused by: java.rmi.ConnectException: Destination unreachable; nested exception is: 
	java.net.ConnectException: Connection refused: connect; No available router to destination
	at weblogic.rjvm.ConnectionManager.bootstrap(ConnectionManager.java:472)
	at weblogic.rjvm.ConnectionManager.bootstrap(ConnectionManager.java:323)
	at weblogic.rjvm.RJVMManager.findOrCreateRemoteInternal(RJVMManager.java:259)
	at weblogic.rjvm.RJVMManager.findOrCreate(RJVMManager.java:202)
	at weblogic.rjvm.RJVMFinder.findOrCreateRemoteServer(RJVMFinder.java:226)
	at weblogic.rjvm.RJVMFinder.findOrCreate(RJVMFinder.java:189)
	... 30 more
</error>
  </testcase>
  <testcase classname="test.com.inovis.mss.registration.TestProductOrderManager" name="testMgrSelectProdOrder2" time="2.074">
    <error message="[REGN-00601] Unable to create the ProderOrder Manager." type="com.inovis.b2b.lib.exception.OperationFailedException">class com.inovis.b2b.lib.exception.OperationFailedException: [REGN-00601] Unable to create the ProderOrder Manager.
	at com.inovis.mss.registration.ProductOrderManager.getManager(ProductOrderManager.java:72)
	at test.com.inovis.mss.registration.TestProductOrderManager.setUp(TestProductOrderManager.java:85)
Caused by: class com.inovis.b2b.lib.service.ServiceUnavailableException: [LIBP-00001] Unable to connect to naming service
	at com.inovis.b2b.lib.service.ServiceLocator.getInitialContext(ServiceLocator.java:214)
	at com.inovis.b2b.lib.service.ServiceLocator.&lt;init&gt;(ServiceLocator.java:183)
	at com.inovis.b2b.lib.service.ServiceLocator.getInstance(ServiceLocator.java:167)
	at com.inovis.b2b.lib.service.ServiceLocator.getInstance(ServiceLocator.java:150)
	at com.inovis.mss.registration.defs.ProductOrderManagerImp.&lt;init&gt;(ProductOrderManagerImp.java:63)
	at com.inovis.mss.registration.ProductOrderManager.getManager(ProductOrderManager.java:66)
	... 15 more
Caused by: javax.naming.CommunicationException [Root exception is java.net.ConnectException: t3://localhost:7001: Destination unreachable; nested exception is: 
	java.net.ConnectException: Connection refused: connect; No available router to destination]
	at weblogic.jndi.internal.ExceptionTranslator.toNamingException(ExceptionTranslator.java:49)
	at weblogic.jndi.WLInitialContextFactoryDelegate.toNamingException(WLInitialContextFactoryDelegate.java:765)
	at weblogic.jndi.WLInitialContextFactoryDelegate.getInitialContext(WLInitialContextFactoryDelegate.java:364)
	at weblogic.jndi.Environment.getContext(Environment.java:307)
	at weblogic.jndi.Environment.getContext(Environment.java:277)
	at weblogic.jndi.WLInitialContextFactory.getInitialContext(WLInitialContextFactory.java:117)
	at javax.naming.spi.NamingManager.getInitialContext(NamingManager.java:667)
	at javax.naming.InitialContext.getDefaultInitCtx(InitialContext.java:247)
	at javax.naming.InitialContext.init(InitialContext.java:223)
	at javax.naming.InitialContext.&lt;init&gt;(InitialContext.java:175)
	at com.inovis.b2b.lib.service.ServiceLocator.getInitialContext(ServiceLocator.java:206)
	... 20 more
Caused by: java.net.ConnectException: t3://localhost:7001: Destination unreachable; nested exception is: 
	java.net.ConnectException: Connection refused: connect; No available router to destination
	at weblogic.rjvm.RJVMFinder.findOrCreate(RJVMFinder.java:204)
	at weblogic.rjvm.ServerURL.findOrCreateRJVM(ServerURL.java:154)
	at weblogic.jndi.WLInitialContextFactoryDelegate.getInitialContext(WLInitialContextFactoryDelegate.java:349)
	... 28 more
Caused by: java.rmi.ConnectException: Destination unreachable; nested exception is: 
	java.net.ConnectException: Connection refused: connect; No available router to destination
	at weblogic.rjvm.ConnectionManager.bootstrap(ConnectionManager.java:472)
	at weblogic.rjvm.ConnectionManager.bootstrap(ConnectionManager.java:323)
	at weblogic.rjvm.RJVMManager.findOrCreateRemoteInternal(RJVMManager.java:259)
	at weblogic.rjvm.RJVMManager.findOrCreate(RJVMManager.java:202)
	at weblogic.rjvm.RJVMFinder.findOrCreateRemoteServer(RJVMFinder.java:226)
	at weblogic.rjvm.RJVMFinder.findOrCreate(RJVMFinder.java:189)
	... 30 more
</error>
  </testcase>
  <testcase classname="test.com.inovis.mss.registration.TestProductOrderManager" name="testMgrModifyProdOrder" time="2.947">
    <error message="[REGN-00601] Unable to create the ProderOrder Manager." type="com.inovis.b2b.lib.exception.OperationFailedException">class com.inovis.b2b.lib.exception.OperationFailedException: [REGN-00601] Unable to create the ProderOrder Manager.
	at com.inovis.mss.registration.ProductOrderManager.getManager(ProductOrderManager.java:72)
	at test.com.inovis.mss.registration.TestProductOrderManager.setUp(TestProductOrderManager.java:85)
Caused by: class com.inovis.b2b.lib.service.ServiceUnavailableException: [LIBP-00001] Unable to connect to naming service
	at com.inovis.b2b.lib.service.ServiceLocator.getInitialContext(ServiceLocator.java:214)
	at com.inovis.b2b.lib.service.ServiceLocator.&lt;init&gt;(ServiceLocator.java:183)
	at com.inovis.b2b.lib.service.ServiceLocator.getInstance(ServiceLocator.java:167)
	at com.inovis.b2b.lib.service.ServiceLocator.getInstance(ServiceLocator.java:150)
	at com.inovis.mss.registration.defs.ProductOrderManagerImp.&lt;init&gt;(ProductOrderManagerImp.java:63)
	at com.inovis.mss.registration.ProductOrderManager.getManager(ProductOrderManager.java:66)
	... 15 more
Caused by: javax.naming.CommunicationException [Root exception is java.net.ConnectException: t3://localhost:7001: Destination unreachable; nested exception is: 
	java.net.ConnectException: Connection refused: connect; No available router to destination]
	at weblogic.jndi.internal.ExceptionTranslator.toNamingException(ExceptionTranslator.java:49)
	at weblogic.jndi.WLInitialContextFactoryDelegate.toNamingException(WLInitialContextFactoryDelegate.java:765)
	at weblogic.jndi.WLInitialContextFactoryDelegate.getInitialContext(WLInitialContextFactoryDelegate.java:364)
	at weblogic.jndi.Environment.getContext(Environment.java:307)
	at weblogic.jndi.Environment.getContext(Environment.java:277)
	at weblogic.jndi.WLInitialContextFactory.getInitialContext(WLInitialContextFactory.java:117)
	at javax.naming.spi.NamingManager.getInitialContext(NamingManager.java:667)
	at javax.naming.InitialContext.getDefaultInitCtx(InitialContext.java:247)
	at javax.naming.InitialContext.init(InitialContext.java:223)
	at javax.naming.InitialContext.&lt;init&gt;(InitialContext.java:175)
	at com.inovis.b2b.lib.service.ServiceLocator.getInitialContext(ServiceLocator.java:206)
	... 20 more
Caused by: java.net.ConnectException: t3://localhost:7001: Destination unreachable; nested exception is: 
	java.net.ConnectException: Connection refused: connect; No available router to destination
	at weblogic.rjvm.RJVMFinder.findOrCreate(RJVMFinder.java:204)
	at weblogic.rjvm.ServerURL.findOrCreateRJVM(ServerURL.java:154)
	at weblogic.jndi.WLInitialContextFactoryDelegate.getInitialContext(WLInitialContextFactoryDelegate.java:349)
	... 28 more
Caused by: java.rmi.ConnectException: Destination unreachable; nested exception is: 
	java.net.ConnectException: Connection refused: connect; No available router to destination
	at weblogic.rjvm.ConnectionManager.bootstrap(ConnectionManager.java:472)
	at weblogic.rjvm.ConnectionManager.bootstrap(ConnectionManager.java:323)
	at weblogic.rjvm.RJVMManager.findOrCreateRemoteInternal(RJVMManager.java:259)
	at weblogic.rjvm.RJVMManager.findOrCreate(RJVMManager.java:202)
	at weblogic.rjvm.RJVMFinder.findOrCreateRemoteServer(RJVMFinder.java:226)
	at weblogic.rjvm.RJVMFinder.findOrCreate(RJVMFinder.java:189)
	... 30 more
</error>
  </testcase>
  <testcase classname="test.com.inovis.mss.registration.TestProductOrderManager" name="testMgrDeleteProdOrder1" time="2.261">
    <error message="[REGN-00601] Unable to create the ProderOrder Manager." type="com.inovis.b2b.lib.exception.OperationFailedException">class com.inovis.b2b.lib.exception.OperationFailedException: [REGN-00601] Unable to create the ProderOrder Manager.
	at com.inovis.mss.registration.ProductOrderManager.getManager(ProductOrderManager.java:72)
	at test.com.inovis.mss.registration.TestProductOrderManager.setUp(TestProductOrderManager.java:85)
Caused by: class com.inovis.b2b.lib.service.ServiceUnavailableException: [LIBP-00001] Unable to connect to naming service
	at com.inovis.b2b.lib.service.ServiceLocator.getInitialContext(ServiceLocator.java:214)
	at com.inovis.b2b.lib.service.ServiceLocator.&lt;init&gt;(ServiceLocator.java:183)
	at com.inovis.b2b.lib.service.ServiceLocator.getInstance(ServiceLocator.java:167)
	at com.inovis.b2b.lib.service.ServiceLocator.getInstance(ServiceLocator.java:150)
	at com.inovis.mss.registration.defs.ProductOrderManagerImp.&lt;init&gt;(ProductOrderManagerImp.java:63)
	at com.inovis.mss.registration.ProductOrderManager.getManager(ProductOrderManager.java:66)
	... 15 more
Caused by: javax.naming.CommunicationException [Root exception is java.net.ConnectException: t3://localhost:7001: Destination unreachable; nested exception is: 
	java.net.ConnectException: Connection refused: connect; No available router to destination]
	at weblogic.jndi.internal.ExceptionTranslator.toNamingException(ExceptionTranslator.java:49)
	at weblogic.jndi.WLInitialContextFactoryDelegate.toNamingException(WLInitialContextFactoryDelegate.java:765)
	at weblogic.jndi.WLInitialContextFactoryDelegate.getInitialContext(WLInitialContextFactoryDelegate.java:364)
	at weblogic.jndi.Environment.getContext(Environment.java:307)
	at weblogic.jndi.Environment.getContext(Environment.java:277)
	at weblogic.jndi.WLInitialContextFactory.getInitialContext(WLInitialContextFactory.java:117)
	at javax.naming.spi.NamingManager.getInitialContext(NamingManager.java:667)
	at javax.naming.InitialContext.getDefaultInitCtx(InitialContext.java:247)
	at javax.naming.InitialContext.init(InitialContext.java:223)
	at javax.naming.InitialContext.&lt;init&gt;(InitialContext.java:175)
	at com.inovis.b2b.lib.service.ServiceLocator.getInitialContext(ServiceLocator.java:206)
	... 20 more
Caused by: java.net.ConnectException: t3://localhost:7001: Destination unreachable; nested exception is: 
	java.net.ConnectException: Connection refused: connect; No available router to destination
	at weblogic.rjvm.RJVMFinder.findOrCreate(RJVMFinder.java:204)
	at weblogic.rjvm.ServerURL.findOrCreateRJVM(ServerURL.java:154)
	at weblogic.jndi.WLInitialContextFactoryDelegate.getInitialContext(WLInitialContextFactoryDelegate.java:349)
	... 28 more
Caused by: java.rmi.ConnectException: Destination unreachable; nested exception is: 
	java.net.ConnectException: Connection refused: connect; No available router to destination
	at weblogic.rjvm.ConnectionManager.bootstrap(ConnectionManager.java:472)
	at weblogic.rjvm.ConnectionManager.bootstrap(ConnectionManager.java:323)
	at weblogic.rjvm.RJVMManager.findOrCreateRemoteInternal(RJVMManager.java:259)
	at weblogic.rjvm.RJVMManager.findOrCreate(RJVMManager.java:202)
	at weblogic.rjvm.RJVMFinder.findOrCreateRemoteServer(RJVMFinder.java:226)
	at weblogic.rjvm.RJVMFinder.findOrCreate(RJVMFinder.java:189)
	... 30 more
</error>
  </testcase>
  <testcase classname="test.com.inovis.mss.registration.TestProductOrderManager" name="testMgrDeleteProdOrder2" time="2.48">
    <error message="[REGN-00601] Unable to create the ProderOrder Manager." type="com.inovis.b2b.lib.exception.OperationFailedException">class com.inovis.b2b.lib.exception.OperationFailedException: [REGN-00601] Unable to create the ProderOrder Manager.
	at com.inovis.mss.registration.ProductOrderManager.getManager(ProductOrderManager.java:72)
	at test.com.inovis.mss.registration.TestProductOrderManager.setUp(TestProductOrderManager.java:85)
Caused by: class com.inovis.b2b.lib.service.ServiceUnavailableException: [LIBP-00001] Unable to connect to naming service
	at com.inovis.b2b.lib.service.ServiceLocator.getInitialContext(ServiceLocator.java:214)
	at com.inovis.b2b.lib.service.ServiceLocator.&lt;init&gt;(ServiceLocator.java:183)
	at com.inovis.b2b.lib.service.ServiceLocator.getInstance(ServiceLocator.java:167)
	at com.inovis.b2b.lib.service.ServiceLocator.getInstance(ServiceLocator.java:150)
	at com.inovis.mss.registration.defs.ProductOrderManagerImp.&lt;init&gt;(ProductOrderManagerImp.java:63)
	at com.inovis.mss.registration.ProductOrderManager.getManager(ProductOrderManager.java:66)
	... 15 more
Caused by: javax.naming.CommunicationException [Root exception is java.net.ConnectException: t3://localhost:7001: Destination unreachable; nested exception is: 
	java.net.ConnectException: Connection refused: connect; No available router to destination]
	at weblogic.jndi.internal.ExceptionTranslator.toNamingException(ExceptionTranslator.java:49)
	at weblogic.jndi.WLInitialContextFactoryDelegate.toNamingException(WLInitialContextFactoryDelegate.java:765)
	at weblogic.jndi.WLInitialContextFactoryDelegate.getInitialContext(WLInitialContextFactoryDelegate.java:364)
	at weblogic.jndi.Environment.getContext(Environment.java:307)
	at weblogic.jndi.Environment.getContext(Environment.java:277)
	at weblogic.jndi.WLInitialContextFactory.getInitialContext(WLInitialContextFactory.java:117)
	at javax.naming.spi.NamingManager.getInitialContext(NamingManager.java:667)
	at javax.naming.InitialContext.getDefaultInitCtx(InitialContext.java:247)
	at javax.naming.InitialContext.init(InitialContext.java:223)
	at javax.naming.InitialContext.&lt;init&gt;(InitialContext.java:175)
	at com.inovis.b2b.lib.service.ServiceLocator.getInitialContext(ServiceLocator.java:206)
	... 20 more
Caused by: java.net.ConnectException: t3://localhost:7001: Destination unreachable; nested exception is: 
	java.net.ConnectException: Connection refused: connect; No available router to destination
	at weblogic.rjvm.RJVMFinder.findOrCreate(RJVMFinder.java:204)
	at weblogic.rjvm.ServerURL.findOrCreateRJVM(ServerURL.java:154)
	at weblogic.jndi.WLInitialContextFactoryDelegate.getInitialContext(WLInitialContextFactoryDelegate.java:349)
	... 28 more
Caused by: java.rmi.ConnectException: Destination unreachable; nested exception is: 
	java.net.ConnectException: Connection refused: connect; No available router to destination
	at weblogic.rjvm.ConnectionManager.bootstrap(ConnectionManager.java:472)
	at weblogic.rjvm.ConnectionManager.bootstrap(ConnectionManager.java:323)
	at weblogic.rjvm.RJVMManager.findOrCreateRemoteInternal(RJVMManager.java:259)
	at weblogic.rjvm.RJVMManager.findOrCreate(RJVMManager.java:202)
	at weblogic.rjvm.RJVMFinder.findOrCreateRemoteServer(RJVMFinder.java:226)
	at weblogic.rjvm.RJVMFinder.findOrCreate(RJVMFinder.java:189)
	... 30 more
</error>
  </testcase>
  <testcase classname="test.com.inovis.mss.registration.TestProductOrderManager" name="testMgrSelectProdOrder3" time="2.074">
    <error message="[REGN-00601] Unable to create the ProderOrder Manager." type="com.inovis.b2b.lib.exception.OperationFailedException">class com.inovis.b2b.lib.exception.OperationFailedException: [REGN-00601] Unable to create the ProderOrder Manager.
	at com.inovis.mss.registration.ProductOrderManager.getManager(ProductOrderManager.java:72)
	at test.com.inovis.mss.registration.TestProductOrderManager.setUp(TestProductOrderManager.java:85)
Caused by: class com.inovis.b2b.lib.service.ServiceUnavailableException: [LIBP-00001] Unable to connect to naming service
	at com.inovis.b2b.lib.service.ServiceLocator.getInitialContext(ServiceLocator.java:214)
	at com.inovis.b2b.lib.service.ServiceLocator.&lt;init&gt;(ServiceLocator.java:183)
	at com.inovis.b2b.lib.service.ServiceLocator.getInstance(ServiceLocator.java:167)
	at com.inovis.b2b.lib.service.ServiceLocator.getInstance(ServiceLocator.java:150)
	at com.inovis.mss.registration.defs.ProductOrderManagerImp.&lt;init&gt;(ProductOrderManagerImp.java:63)
	at com.inovis.mss.registration.ProductOrderManager.getManager(ProductOrderManager.java:66)
	... 15 more
Caused by: javax.naming.CommunicationException [Root exception is java.net.ConnectException: t3://localhost:7001: Destination unreachable; nested exception is: 
	java.net.ConnectException: Connection refused: connect; No available router to destination]
	at weblogic.jndi.internal.ExceptionTranslator.toNamingException(ExceptionTranslator.java:49)
	at weblogic.jndi.WLInitialContextFactoryDelegate.toNamingException(WLInitialContextFactoryDelegate.java:765)
	at weblogic.jndi.WLInitialContextFactoryDelegate.getInitialContext(WLInitialContextFactoryDelegate.java:364)
	at weblogic.jndi.Environment.getContext(Environment.java:307)
	at weblogic.jndi.Environment.getContext(Environment.java:277)
	at weblogic.jndi.WLInitialContextFactory.getInitialContext(WLInitialContextFactory.java:117)
	at javax.naming.spi.NamingManager.getInitialContext(NamingManager.java:667)
	at javax.naming.InitialContext.getDefaultInitCtx(InitialContext.java:247)
	at javax.naming.InitialContext.init(InitialContext.java:223)
	at javax.naming.InitialContext.&lt;init&gt;(InitialContext.java:175)
	at com.inovis.b2b.lib.service.ServiceLocator.getInitialContext(ServiceLocator.java:206)
	... 20 more
Caused by: java.net.ConnectException: t3://localhost:7001: Destination unreachable; nested exception is: 
	java.net.ConnectException: Connection refused: connect; No available router to destination
	at weblogic.rjvm.RJVMFinder.findOrCreate(RJVMFinder.java:204)
	at weblogic.rjvm.ServerURL.findOrCreateRJVM(ServerURL.java:154)
	at weblogic.jndi.WLInitialContextFactoryDelegate.getInitialContext(WLInitialContextFactoryDelegate.java:349)
	... 28 more
Caused by: java.rmi.ConnectException: Destination unreachable; nested exception is: 
	java.net.ConnectException: Connection refused: connect; No available router to destination
	at weblogic.rjvm.ConnectionManager.bootstrap(ConnectionManager.java:472)
	at weblogic.rjvm.ConnectionManager.bootstrap(ConnectionManager.java:323)
	at weblogic.rjvm.RJVMManager.findOrCreateRemoteInternal(RJVMManager.java:259)
	at weblogic.rjvm.RJVMManager.findOrCreate(RJVMManager.java:202)
	at weblogic.rjvm.RJVMFinder.findOrCreateRemoteServer(RJVMFinder.java:226)
	at weblogic.rjvm.RJVMFinder.findOrCreate(RJVMFinder.java:189)
	... 30 more
</error>
  </testcase>
  <testcase classname="test.com.inovis.mss.registration.TestProductOrderManager" name="testMgrInsertProdOrder3" time="2.589">
    <error message="[REGN-00601] Unable to create the ProderOrder Manager." type="com.inovis.b2b.lib.exception.OperationFailedException">class com.inovis.b2b.lib.exception.OperationFailedException: [REGN-00601] Unable to create the ProderOrder Manager.
	at com.inovis.mss.registration.ProductOrderManager.getManager(ProductOrderManager.java:72)
	at test.com.inovis.mss.registration.TestProductOrderManager.setUp(TestProductOrderManager.java:85)
Caused by: class com.inovis.b2b.lib.service.ServiceUnavailableException: [LIBP-00001] Unable to connect to naming service
	at com.inovis.b2b.lib.service.ServiceLocator.getInitialContext(ServiceLocator.java:214)
	at com.inovis.b2b.lib.service.ServiceLocator.&lt;init&gt;(ServiceLocator.java:183)
	at com.inovis.b2b.lib.service.ServiceLocator.getInstance(ServiceLocator.java:167)
	at com.inovis.b2b.lib.service.ServiceLocator.getInstance(ServiceLocator.java:150)
	at com.inovis.mss.registration.defs.ProductOrderManagerImp.&lt;init&gt;(ProductOrderManagerImp.java:63)
	at com.inovis.mss.registration.ProductOrderManager.getManager(ProductOrderManager.java:66)
	... 15 more
Caused by: javax.naming.CommunicationException [Root exception is java.net.ConnectException: t3://localhost:7001: Destination unreachable; nested exception is: 
	java.net.ConnectException: Connection refused: connect; No available router to destination]
	at weblogic.jndi.internal.ExceptionTranslator.toNamingException(ExceptionTranslator.java:49)
	at weblogic.jndi.WLInitialContextFactoryDelegate.toNamingException(WLInitialContextFactoryDelegate.java:765)
	at weblogic.jndi.WLInitialContextFactoryDelegate.getInitialContext(WLInitialContextFactoryDelegate.java:364)
	at weblogic.jndi.Environment.getContext(Environment.java:307)
	at weblogic.jndi.Environment.getContext(Environment.java:277)
	at weblogic.jndi.WLInitialContextFactory.getInitialContext(WLInitialContextFactory.java:117)
	at javax.naming.spi.NamingManager.getInitialContext(NamingManager.java:667)
	at javax.naming.InitialContext.getDefaultInitCtx(InitialContext.java:247)
	at javax.naming.InitialContext.init(InitialContext.java:223)
	at javax.naming.InitialContext.&lt;init&gt;(InitialContext.java:175)
	at com.inovis.b2b.lib.service.ServiceLocator.getInitialContext(ServiceLocator.java:206)
	... 20 more
Caused by: java.net.ConnectException: t3://localhost:7001: Destination unreachable; nested exception is: 
	java.net.ConnectException: Connection refused: connect; No available router to destination
	at weblogic.rjvm.RJVMFinder.findOrCreate(RJVMFinder.java:204)
	at weblogic.rjvm.ServerURL.findOrCreateRJVM(ServerURL.java:154)
	at weblogic.jndi.WLInitialContextFactoryDelegate.getInitialContext(WLInitialContextFactoryDelegate.java:349)
	... 28 more
Caused by: java.rmi.ConnectException: Destination unreachable; nested exception is: 
	java.net.ConnectException: Connection refused: connect; No available router to destination
	at weblogic.rjvm.ConnectionManager.bootstrap(ConnectionManager.java:472)
	at weblogic.rjvm.ConnectionManager.bootstrap(ConnectionManager.java:323)
	at weblogic.rjvm.RJVMManager.findOrCreateRemoteInternal(RJVMManager.java:259)
	at weblogic.rjvm.RJVMManager.findOrCreate(RJVMManager.java:202)
	at weblogic.rjvm.RJVMFinder.findOrCreateRemoteServer(RJVMFinder.java:226)
	at weblogic.rjvm.RJVMFinder.findOrCreate(RJVMFinder.java:189)
	... 30 more
</error>
  </testcase>
  <testcase classname="test.com.inovis.mss.registration.TestProductOrderManager" name="testMgrSelectProdOrder4" time="2.791">
    <error message="[REGN-00601] Unable to create the ProderOrder Manager." type="com.inovis.b2b.lib.exception.OperationFailedException">class com.inovis.b2b.lib.exception.OperationFailedException: [REGN-00601] Unable to create the ProderOrder Manager.
	at com.inovis.mss.registration.ProductOrderManager.getManager(ProductOrderManager.java:72)
	at test.com.inovis.mss.registration.TestProductOrderManager.setUp(TestProductOrderManager.java:85)
Caused by: class com.inovis.b2b.lib.service.ServiceUnavailableException: [LIBP-00001] Unable to connect to naming service
	at com.inovis.b2b.lib.service.ServiceLocator.getInitialContext(ServiceLocator.java:214)
	at com.inovis.b2b.lib.service.ServiceLocator.&lt;init&gt;(ServiceLocator.java:183)
	at com.inovis.b2b.lib.service.ServiceLocator.getInstance(ServiceLocator.java:167)
	at com.inovis.b2b.lib.service.ServiceLocator.getInstance(ServiceLocator.java:150)
	at com.inovis.mss.registration.defs.ProductOrderManagerImp.&lt;init&gt;(ProductOrderManagerImp.java:63)
	at com.inovis.mss.registration.ProductOrderManager.getManager(ProductOrderManager.java:66)
	... 15 more
Caused by: javax.naming.CommunicationException [Root exception is java.net.ConnectException: t3://localhost:7001: Destination unreachable; nested exception is: 
	java.net.ConnectException: Connection refused: connect; No available router to destination]
	at weblogic.jndi.internal.ExceptionTranslator.toNamingException(ExceptionTranslator.java:49)
	at weblogic.jndi.WLInitialContextFactoryDelegate.toNamingException(WLInitialContextFactoryDelegate.java:765)
	at weblogic.jndi.WLInitialContextFactoryDelegate.getInitialContext(WLInitialContextFactoryDelegate.java:364)
	at weblogic.jndi.Environment.getContext(Environment.java:307)
	at weblogic.jndi.Environment.getContext(Environment.java:277)
	at weblogic.jndi.WLInitialContextFactory.getInitialContext(WLInitialContextFactory.java:117)
	at javax.naming.spi.NamingManager.getInitialContext(NamingManager.java:667)
	at javax.naming.InitialContext.getDefaultInitCtx(InitialContext.java:247)
	at javax.naming.InitialContext.init(InitialContext.java:223)
	at javax.naming.InitialContext.&lt;init&gt;(InitialContext.java:175)
	at com.inovis.b2b.lib.service.ServiceLocator.getInitialContext(ServiceLocator.java:206)
	... 20 more
Caused by: java.net.ConnectException: t3://localhost:7001: Destination unreachable; nested exception is: 
	java.net.ConnectException: Connection refused: connect; No available router to destination
	at weblogic.rjvm.RJVMFinder.findOrCreate(RJVMFinder.java:204)
	at weblogic.rjvm.ServerURL.findOrCreateRJVM(ServerURL.java:154)
	at weblogic.jndi.WLInitialContextFactoryDelegate.getInitialContext(WLInitialContextFactoryDelegate.java:349)
	... 28 more
Caused by: java.rmi.ConnectException: Destination unreachable; nested exception is: 
	java.net.ConnectException: Connection refused: connect; No available router to destination
	at weblogic.rjvm.ConnectionManager.bootstrap(ConnectionManager.java:472)
	at weblogic.rjvm.ConnectionManager.bootstrap(ConnectionManager.java:323)
	at weblogic.rjvm.RJVMManager.findOrCreateRemoteInternal(RJVMManager.java:259)
	at weblogic.rjvm.RJVMManager.findOrCreate(RJVMManager.java:202)
	at weblogic.rjvm.RJVMFinder.findOrCreateRemoteServer(RJVMFinder.java:226)
	at weblogic.rjvm.RJVMFinder.findOrCreate(RJVMFinder.java:189)
	... 30 more
</error>
  </testcase>
  <testcase classname="test.com.inovis.mss.registration.TestProductOrderManager" name="testMgrInsertProdOrderMinData" time="2.62">
    <error message="[REGN-00601] Unable to create the ProderOrder Manager." type="com.inovis.b2b.lib.exception.OperationFailedException">class com.inovis.b2b.lib.exception.OperationFailedException: [REGN-00601] Unable to create the ProderOrder Manager.
	at com.inovis.mss.registration.ProductOrderManager.getManager(ProductOrderManager.java:72)
	at test.com.inovis.mss.registration.TestProductOrderManager.setUp(TestProductOrderManager.java:85)
Caused by: class com.inovis.b2b.lib.service.ServiceUnavailableException: [LIBP-00001] Unable to connect to naming service
	at com.inovis.b2b.lib.service.ServiceLocator.getInitialContext(ServiceLocator.java:214)
	at com.inovis.b2b.lib.service.ServiceLocator.&lt;init&gt;(ServiceLocator.java:183)
	at com.inovis.b2b.lib.service.ServiceLocator.getInstance(ServiceLocator.java:167)
	at com.inovis.b2b.lib.service.ServiceLocator.getInstance(ServiceLocator.java:150)
	at com.inovis.mss.registration.defs.ProductOrderManagerImp.&lt;init&gt;(ProductOrderManagerImp.java:63)
	at com.inovis.mss.registration.ProductOrderManager.getManager(ProductOrderManager.java:66)
	... 15 more
Caused by: javax.naming.CommunicationException [Root exception is java.net.ConnectException: t3://localhost:7001: Destination unreachable; nested exception is: 
	java.net.ConnectException: Connection refused: connect; No available router to destination]
	at weblogic.jndi.internal.ExceptionTranslator.toNamingException(ExceptionTranslator.java:49)
	at weblogic.jndi.WLInitialContextFactoryDelegate.toNamingException(WLInitialContextFactoryDelegate.java:765)
	at weblogic.jndi.WLInitialContextFactoryDelegate.getInitialContext(WLInitialContextFactoryDelegate.java:364)
	at weblogic.jndi.Environment.getContext(Environment.java:307)
	at weblogic.jndi.Environment.getContext(Environment.java:277)
	at weblogic.jndi.WLInitialContextFactory.getInitialContext(WLInitialContextFactory.java:117)
	at javax.naming.spi.NamingManager.getInitialContext(NamingManager.java:667)
	at javax.naming.InitialContext.getDefaultInitCtx(InitialContext.java:247)
	at javax.naming.InitialContext.init(InitialContext.java:223)
	at javax.naming.InitialContext.&lt;init&gt;(InitialContext.java:175)
	at com.inovis.b2b.lib.service.ServiceLocator.getInitialContext(ServiceLocator.java:206)
	... 20 more
Caused by: java.net.ConnectException: t3://localhost:7001: Destination unreachable; nested exception is: 
	java.net.ConnectException: Connection refused: connect; No available router to destination
	at weblogic.rjvm.RJVMFinder.findOrCreate(RJVMFinder.java:204)
	at weblogic.rjvm.ServerURL.findOrCreateRJVM(ServerURL.java:154)
	at weblogic.jndi.WLInitialContextFactoryDelegate.getInitialContext(WLInitialContextFactoryDelegate.java:349)
	... 28 more
Caused by: java.rmi.ConnectException: Destination unreachable; nested exception is: 
	java.net.ConnectException: Connection refused: connect; No available router to destination
	at weblogic.rjvm.ConnectionManager.bootstrap(ConnectionManager.java:472)
	at weblogic.rjvm.ConnectionManager.bootstrap(ConnectionManager.java:323)
	at weblogic.rjvm.RJVMManager.findOrCreateRemoteInternal(RJVMManager.java:259)
	at weblogic.rjvm.RJVMManager.findOrCreate(RJVMManager.java:202)
	at weblogic.rjvm.RJVMFinder.findOrCreateRemoteServer(RJVMFinder.java:226)
	at weblogic.rjvm.RJVMFinder.findOrCreate(RJVMFinder.java:189)
	... 30 more
</error>
  </testcase>
  <testcase classname="test.com.inovis.mss.registration.TestProductOrderManager" name="testMgrInsertProdOrderDuplicateAll" time="2.074">
    <error message="[REGN-00601] Unable to create the ProderOrder Manager." type="com.inovis.b2b.lib.exception.OperationFailedException">class com.inovis.b2b.lib.exception.OperationFailedException: [REGN-00601] Unable to create the ProderOrder Manager.
	at com.inovis.mss.registration.ProductOrderManager.getManager(ProductOrderManager.java:72)
	at test.com.inovis.mss.registration.TestProductOrderManager.setUp(TestProductOrderManager.java:85)
Caused by: class com.inovis.b2b.lib.service.ServiceUnavailableException: [LIBP-00001] Unable to connect to naming service
	at com.inovis.b2b.lib.service.ServiceLocator.getInitialContext(ServiceLocator.java:214)
	at com.inovis.b2b.lib.service.ServiceLocator.&lt;init&gt;(ServiceLocator.java:183)
	at com.inovis.b2b.lib.service.ServiceLocator.getInstance(ServiceLocator.java:167)
	at com.inovis.b2b.lib.service.ServiceLocator.getInstance(ServiceLocator.java:150)
	at com.inovis.mss.registration.defs.ProductOrderManagerImp.&lt;init&gt;(ProductOrderManagerImp.java:63)
	at com.inovis.mss.registration.ProductOrderManager.getManager(ProductOrderManager.java:66)
	... 15 more
Caused by: javax.naming.CommunicationException [Root exception is java.net.ConnectException: t3://localhost:7001: Destination unreachable; nested exception is: 
	java.net.ConnectException: Connection refused: connect; No available router to destination]
	at weblogic.jndi.internal.ExceptionTranslator.toNamingException(ExceptionTranslator.java:49)
	at weblogic.jndi.WLInitialContextFactoryDelegate.toNamingException(WLInitialContextFactoryDelegate.java:765)
	at weblogic.jndi.WLInitialContextFactoryDelegate.getInitialContext(WLInitialContextFactoryDelegate.java:364)
	at weblogic.jndi.Environment.getContext(Environment.java:307)
	at weblogic.jndi.Environment.getContext(Environment.java:277)
	at weblogic.jndi.WLInitialContextFactory.getInitialContext(WLInitialContextFactory.java:117)
	at javax.naming.spi.NamingManager.getInitialContext(NamingManager.java:667)
	at javax.naming.InitialContext.getDefaultInitCtx(InitialContext.java:247)
	at javax.naming.InitialContext.init(InitialContext.java:223)
	at javax.naming.InitialContext.&lt;init&gt;(InitialContext.java:175)
	at com.inovis.b2b.lib.service.ServiceLocator.getInitialContext(ServiceLocator.java:206)
	... 20 more
Caused by: java.net.ConnectException: t3://localhost:7001: Destination unreachable; nested exception is: 
	java.net.ConnectException: Connection refused: connect; No available router to destination
	at weblogic.rjvm.RJVMFinder.findOrCreate(RJVMFinder.java:204)
	at weblogic.rjvm.ServerURL.findOrCreateRJVM(ServerURL.java:154)
	at weblogic.jndi.WLInitialContextFactoryDelegate.getInitialContext(WLInitialContextFactoryDelegate.java:349)
	... 28 more
Caused by: java.rmi.ConnectException: Destination unreachable; nested exception is: 
	java.net.ConnectException: Connection refused: connect; No available router to destination
	at weblogic.rjvm.ConnectionManager.bootstrap(ConnectionManager.java:472)
	at weblogic.rjvm.ConnectionManager.bootstrap(ConnectionManager.java:323)
	at weblogic.rjvm.RJVMManager.findOrCreateRemoteInternal(RJVMManager.java:259)
	at weblogic.rjvm.RJVMManager.findOrCreate(RJVMManager.java:202)
	at weblogic.rjvm.RJVMFinder.findOrCreateRemoteServer(RJVMFinder.java:226)
	at weblogic.rjvm.RJVMFinder.findOrCreate(RJVMFinder.java:189)
	... 30 more
</error>
  </testcase>
  <testcase classname="test.com.inovis.mss.registration.TestProductOrderManager" name="testMgrInsertProdOrderDuplicate2" time="2.37">
    <error message="[REGN-00601] Unable to create the ProderOrder Manager." type="com.inovis.b2b.lib.exception.OperationFailedException">class com.inovis.b2b.lib.exception.OperationFailedException: [REGN-00601] Unable to create the ProderOrder Manager.
	at com.inovis.mss.registration.ProductOrderManager.getManager(ProductOrderManager.java:72)
	at test.com.inovis.mss.registration.TestProductOrderManager.setUp(TestProductOrderManager.java:85)
Caused by: class com.inovis.b2b.lib.service.ServiceUnavailableException: [LIBP-00001] Unable to connect to naming service
	at com.inovis.b2b.lib.service.ServiceLocator.getInitialContext(ServiceLocator.java:214)
	at com.inovis.b2b.lib.service.ServiceLocator.&lt;init&gt;(ServiceLocator.java:183)
	at com.inovis.b2b.lib.service.ServiceLocator.getInstance(ServiceLocator.java:167)
	at com.inovis.b2b.lib.service.ServiceLocator.getInstance(ServiceLocator.java:150)
	at com.inovis.mss.registration.defs.ProductOrderManagerImp.&lt;init&gt;(ProductOrderManagerImp.java:63)
	at com.inovis.mss.registration.ProductOrderManager.getManager(ProductOrderManager.java:66)
	... 15 more
Caused by: javax.naming.CommunicationException [Root exception is java.net.ConnectException: t3://localhost:7001: Destination unreachable; nested exception is: 
	java.net.ConnectException: Connection refused: connect; No available router to destination]
	at weblogic.jndi.internal.ExceptionTranslator.toNamingException(ExceptionTranslator.java:49)
	at weblogic.jndi.WLInitialContextFactoryDelegate.toNamingException(WLInitialContextFactoryDelegate.java:765)
	at weblogic.jndi.WLInitialContextFactoryDelegate.getInitialContext(WLInitialContextFactoryDelegate.java:364)
	at weblogic.jndi.Environment.getContext(Environment.java:307)
	at weblogic.jndi.Environment.getContext(Environment.java:277)
	at weblogic.jndi.WLInitialContextFactory.getInitialContext(WLInitialContextFactory.java:117)
	at javax.naming.spi.NamingManager.getInitialContext(NamingManager.java:667)
	at javax.naming.InitialContext.getDefaultInitCtx(InitialContext.java:247)
	at javax.naming.InitialContext.init(InitialContext.java:223)
	at javax.naming.InitialContext.&lt;init&gt;(InitialContext.java:175)
	at com.inovis.b2b.lib.service.ServiceLocator.getInitialContext(ServiceLocator.java:206)
	... 20 more
Caused by: java.net.ConnectException: t3://localhost:7001: Destination unreachable; nested exception is: 
	java.net.ConnectException: Connection refused: connect; No available router to destination
	at weblogic.rjvm.RJVMFinder.findOrCreate(RJVMFinder.java:204)
	at weblogic.rjvm.ServerURL.findOrCreateRJVM(ServerURL.java:154)
	at weblogic.jndi.WLInitialContextFactoryDelegate.getInitialContext(WLInitialContextFactoryDelegate.java:349)
	... 28 more
Caused by: java.rmi.ConnectException: Destination unreachable; nested exception is: 
	java.net.ConnectException: Connection refused: connect; No available router to destination
	at weblogic.rjvm.ConnectionManager.bootstrap(ConnectionManager.java:472)
	at weblogic.rjvm.ConnectionManager.bootstrap(ConnectionManager.java:323)
	at weblogic.rjvm.RJVMManager.findOrCreateRemoteInternal(RJVMManager.java:259)
	at weblogic.rjvm.RJVMManager.findOrCreate(RJVMManager.java:202)
	at weblogic.rjvm.RJVMFinder.findOrCreateRemoteServer(RJVMFinder.java:226)
	at weblogic.rjvm.RJVMFinder.findOrCreate(RJVMFinder.java:189)
	... 30 more
</error>
  </testcase>
  <testcase classname="test.com.inovis.mss.registration.TestProductOrderManager" name="testMgrInsertProdOrderDuplicate3" time="2.074">
    <error message="[REGN-00601] Unable to create the ProderOrder Manager." type="com.inovis.b2b.lib.exception.OperationFailedException">class com.inovis.b2b.lib.exception.OperationFailedException: [REGN-00601] Unable to create the ProderOrder Manager.
	at com.inovis.mss.registration.ProductOrderManager.getManager(ProductOrderManager.java:72)
	at test.com.inovis.mss.registration.TestProductOrderManager.setUp(TestProductOrderManager.java:85)
Caused by: class com.inovis.b2b.lib.service.ServiceUnavailableException: [LIBP-00001] Unable to connect to naming service
	at com.inovis.b2b.lib.service.ServiceLocator.getInitialContext(ServiceLocator.java:214)
	at com.inovis.b2b.lib.service.ServiceLocator.&lt;init&gt;(ServiceLocator.java:183)
	at com.inovis.b2b.lib.service.ServiceLocator.getInstance(ServiceLocator.java:167)
	at com.inovis.b2b.lib.service.ServiceLocator.getInstance(ServiceLocator.java:150)
	at com.inovis.mss.registration.defs.ProductOrderManagerImp.&lt;init&gt;(ProductOrderManagerImp.java:63)
	at com.inovis.mss.registration.ProductOrderManager.getManager(ProductOrderManager.java:66)
	... 15 more
Caused by: javax.naming.CommunicationException [Root exception is java.net.ConnectException: t3://localhost:7001: Destination unreachable; nested exception is: 
	java.net.ConnectException: Connection refused: connect; No available router to destination]
	at weblogic.jndi.internal.ExceptionTranslator.toNamingException(ExceptionTranslator.java:49)
	at weblogic.jndi.WLInitialContextFactoryDelegate.toNamingException(WLInitialContextFactoryDelegate.java:765)
	at weblogic.jndi.WLInitialContextFactoryDelegate.getInitialContext(WLInitialContextFactoryDelegate.java:364)
	at weblogic.jndi.Environment.getContext(Environment.java:307)
	at weblogic.jndi.Environment.getContext(Environment.java:277)
	at weblogic.jndi.WLInitialContextFactory.getInitialContext(WLInitialContextFactory.java:117)
	at javax.naming.spi.NamingManager.getInitialContext(NamingManager.java:667)
	at javax.naming.InitialContext.getDefaultInitCtx(InitialContext.java:247)
	at javax.naming.InitialContext.init(InitialContext.java:223)
	at javax.naming.InitialContext.&lt;init&gt;(InitialContext.java:175)
	at com.inovis.b2b.lib.service.ServiceLocator.getInitialContext(ServiceLocator.java:206)
	... 20 more
Caused by: java.net.ConnectException: t3://localhost:7001: Destination unreachable; nested exception is: 
	java.net.ConnectException: Connection refused: connect; No available router to destination
	at weblogic.rjvm.RJVMFinder.findOrCreate(RJVMFinder.java:204)
	at weblogic.rjvm.ServerURL.findOrCreateRJVM(ServerURL.java:154)
	at weblogic.jndi.WLInitialContextFactoryDelegate.getInitialContext(WLInitialContextFactoryDelegate.java:349)
	... 28 more
Caused by: java.rmi.ConnectException: Destination unreachable; nested exception is: 
	java.net.ConnectException: Connection refused: connect; No available router to destination
	at weblogic.rjvm.ConnectionManager.bootstrap(ConnectionManager.java:472)
	at weblogic.rjvm.ConnectionManager.bootstrap(ConnectionManager.java:323)
	at weblogic.rjvm.RJVMManager.findOrCreateRemoteInternal(RJVMManager.java:259)
	at weblogic.rjvm.RJVMManager.findOrCreate(RJVMManager.java:202)
	at weblogic.rjvm.RJVMFinder.findOrCreateRemoteServer(RJVMFinder.java:226)
	at weblogic.rjvm.RJVMFinder.findOrCreate(RJVMFinder.java:189)
	... 30 more
</error>
  </testcase>
  <testcase classname="test.com.inovis.mss.registration.TestProductOrderManager" name="testMgrInsertProdOrderDuplicate4" time="2.262">
    <error message="[REGN-00601] Unable to create the ProderOrder Manager." type="com.inovis.b2b.lib.exception.OperationFailedException">class com.inovis.b2b.lib.exception.OperationFailedException: [REGN-00601] Unable to create the ProderOrder Manager.
	at com.inovis.mss.registration.ProductOrderManager.getManager(ProductOrderManager.java:72)
	at test.com.inovis.mss.registration.TestProductOrderManager.setUp(TestProductOrderManager.java:85)
Caused by: class com.inovis.b2b.lib.service.ServiceUnavailableException: [LIBP-00001] Unable to connect to naming service
	at com.inovis.b2b.lib.service.ServiceLocator.getInitialContext(ServiceLocator.java:214)
	at com.inovis.b2b.lib.service.ServiceLocator.&lt;init&gt;(ServiceLocator.java:183)
	at com.inovis.b2b.lib.service.ServiceLocator.getInstance(ServiceLocator.java:167)
	at com.inovis.b2b.lib.service.ServiceLocator.getInstance(ServiceLocator.java:150)
	at com.inovis.mss.registration.defs.ProductOrderManagerImp.&lt;init&gt;(ProductOrderManagerImp.java:63)
	at com.inovis.mss.registration.ProductOrderManager.getManager(ProductOrderManager.java:66)
	... 15 more
Caused by: javax.naming.CommunicationException [Root exception is java.net.ConnectException: t3://localhost:7001: Destination unreachable; nested exception is: 
	java.net.ConnectException: Connection refused: connect; No available router to destination]
	at weblogic.jndi.internal.ExceptionTranslator.toNamingException(ExceptionTranslator.java:49)
	at weblogic.jndi.WLInitialContextFactoryDelegate.toNamingException(WLInitialContextFactoryDelegate.java:765)
	at weblogic.jndi.WLInitialContextFactoryDelegate.getInitialContext(WLInitialContextFactoryDelegate.java:364)
	at weblogic.jndi.Environment.getContext(Environment.java:307)
	at weblogic.jndi.Environment.getContext(Environment.java:277)
	at weblogic.jndi.WLInitialContextFactory.getInitialContext(WLInitialContextFactory.java:117)
	at javax.naming.spi.NamingManager.getInitialContext(NamingManager.java:667)
	at javax.naming.InitialContext.getDefaultInitCtx(InitialContext.java:247)
	at javax.naming.InitialContext.init(InitialContext.java:223)
	at javax.naming.InitialContext.&lt;init&gt;(InitialContext.java:175)
	at com.inovis.b2b.lib.service.ServiceLocator.getInitialContext(ServiceLocator.java:206)
	... 20 more
Caused by: java.net.ConnectException: t3://localhost:7001: Destination unreachable; nested exception is: 
	java.net.ConnectException: Connection refused: connect; No available router to destination
	at weblogic.rjvm.RJVMFinder.findOrCreate(RJVMFinder.java:204)
	at weblogic.rjvm.ServerURL.findOrCreateRJVM(ServerURL.java:154)
	at weblogic.jndi.WLInitialContextFactoryDelegate.getInitialContext(WLInitialContextFactoryDelegate.java:349)
	... 28 more
Caused by: java.rmi.ConnectException: Destination unreachable; nested exception is: 
	java.net.ConnectException: Connection refused: connect; No available router to destination
	at weblogic.rjvm.ConnectionManager.bootstrap(ConnectionManager.java:472)
	at weblogic.rjvm.ConnectionManager.bootstrap(ConnectionManager.java:323)
	at weblogic.rjvm.RJVMManager.findOrCreateRemoteInternal(RJVMManager.java:259)
	at weblogic.rjvm.RJVMManager.findOrCreate(RJVMManager.java:202)
	at weblogic.rjvm.RJVMFinder.findOrCreateRemoteServer(RJVMFinder.java:226)
	at weblogic.rjvm.RJVMFinder.findOrCreate(RJVMFinder.java:189)
	... 30 more
</error>
  </testcase>
  <testcase classname="test.com.inovis.mss.registration.TestProductOrderManager" name="testMgrInsertProdOrderDuplicate5" time="2.276">
    <error message="[REGN-00601] Unable to create the ProderOrder Manager." type="com.inovis.b2b.lib.exception.OperationFailedException">class com.inovis.b2b.lib.exception.OperationFailedException: [REGN-00601] Unable to create the ProderOrder Manager.
	at com.inovis.mss.registration.ProductOrderManager.getManager(ProductOrderManager.java:72)
	at test.com.inovis.mss.registration.TestProductOrderManager.setUp(TestProductOrderManager.java:85)
Caused by: class com.inovis.b2b.lib.service.ServiceUnavailableException: [LIBP-00001] Unable to connect to naming service
	at com.inovis.b2b.lib.service.ServiceLocator.getInitialContext(ServiceLocator.java:214)
	at com.inovis.b2b.lib.service.ServiceLocator.&lt;init&gt;(ServiceLocator.java:183)
	at com.inovis.b2b.lib.service.ServiceLocator.getInstance(ServiceLocator.java:167)
	at com.inovis.b2b.lib.service.ServiceLocator.getInstance(ServiceLocator.java:150)
	at com.inovis.mss.registration.defs.ProductOrderManagerImp.&lt;init&gt;(ProductOrderManagerImp.java:63)
	at com.inovis.mss.registration.ProductOrderManager.getManager(ProductOrderManager.java:66)
	... 15 more
Caused by: javax.naming.CommunicationException [Root exception is java.net.ConnectException: t3://localhost:7001: Destination unreachable; nested exception is: 
	java.net.ConnectException: Connection refused: connect; No available router to destination]
	at weblogic.jndi.internal.ExceptionTranslator.toNamingException(ExceptionTranslator.java:49)
	at weblogic.jndi.WLInitialContextFactoryDelegate.toNamingException(WLInitialContextFactoryDelegate.java:765)
	at weblogic.jndi.WLInitialContextFactoryDelegate.getInitialContext(WLInitialContextFactoryDelegate.java:364)
	at weblogic.jndi.Environment.getContext(Environment.java:307)
	at weblogic.jndi.Environment.getContext(Environment.java:277)
	at weblogic.jndi.WLInitialContextFactory.getInitialContext(WLInitialContextFactory.java:117)
	at javax.naming.spi.NamingManager.getInitialContext(NamingManager.java:667)
	at javax.naming.InitialContext.getDefaultInitCtx(InitialContext.java:247)
	at javax.naming.InitialContext.init(InitialContext.java:223)
	at javax.naming.InitialContext.&lt;init&gt;(InitialContext.java:175)
	at com.inovis.b2b.lib.service.ServiceLocator.getInitialContext(ServiceLocator.java:206)
	... 20 more
Caused by: java.net.ConnectException: t3://localhost:7001: Destination unreachable; nested exception is: 
	java.net.ConnectException: Connection refused: connect; No available router to destination
	at weblogic.rjvm.RJVMFinder.findOrCreate(RJVMFinder.java:204)
	at weblogic.rjvm.ServerURL.findOrCreateRJVM(ServerURL.java:154)
	at weblogic.jndi.WLInitialContextFactoryDelegate.getInitialContext(WLInitialContextFactoryDelegate.java:349)
	... 28 more
Caused by: java.rmi.ConnectException: Destination unreachable; nested exception is: 
	java.net.ConnectException: Connection refused: connect; No available router to destination
	at weblogic.rjvm.ConnectionManager.bootstrap(ConnectionManager.java:472)
	at weblogic.rjvm.ConnectionManager.bootstrap(ConnectionManager.java:323)
	at weblogic.rjvm.RJVMManager.findOrCreateRemoteInternal(RJVMManager.java:259)
	at weblogic.rjvm.RJVMManager.findOrCreate(RJVMManager.java:202)
	at weblogic.rjvm.RJVMFinder.findOrCreateRemoteServer(RJVMFinder.java:226)
	at weblogic.rjvm.RJVMFinder.findOrCreate(RJVMFinder.java:189)
	... 30 more
</error>
  </testcase>
  <testcase classname="test.com.inovis.mss.registration.TestProductOrderValidation" name="testWrongRequestAction" time="2.683">
    <error type="java.lang.NullPointerException">java.lang.NullPointerException
	at test.com.inovis.mss.registration.TestProductOrderValidation.testWrongRequestAction(TestProductOrderValidation.java:149)
</error>
  </testcase>
  <testcase classname="test.com.inovis.mss.registration.TestProductOrderValidation" name="testMissingRequestAction" time="2.791">
    <error type="java.lang.NullPointerException">java.lang.NullPointerException
	at test.com.inovis.mss.registration.TestProductOrderValidation.testMissingRequestAction(TestProductOrderValidation.java:157)
</error>
  </testcase>
  <testcase classname="test.com.inovis.mss.registration.TestProductOrderValidation" name="testMissingErpIDValidation" time="2.76">
    <error type="java.lang.NullPointerException">java.lang.NullPointerException
	at test.com.inovis.mss.registration.TestProductOrderValidation.testMissingErpIDValidation(TestProductOrderValidation.java:164)
</error>
  </testcase>
  <testcase classname="test.com.inovis.mss.registration.TestProductOrderValidation" name="testMissingAccountIDValidation" time="2.48">
    <error type="java.lang.NullPointerException">java.lang.NullPointerException
	at test.com.inovis.mss.registration.TestProductOrderValidation.testMissingAccountIDValidation(TestProductOrderValidation.java:169)
</error>
  </testcase>
  <testcase classname="test.com.inovis.mss.registration.TestProductOrderValidation" name="testInsertDataForNotRegisteredProderOrderValidation" time="2.776">
    <error type="java.lang.NullPointerException">java.lang.NullPointerException
	at test.com.inovis.mss.registration.TestProductOrderValidation.testInsertDataForNotRegisteredProderOrderValidation(TestProductOrderValidation.java:182)
</error>
  </testcase>
  <testcase classname="test.com.inovis.mss.registration.TestProductOrderValidation" name="testFailedValidation" time="2.869">
    <error type="java.lang.NullPointerException">java.lang.NullPointerException
	at test.com.inovis.mss.registration.TestProductOrderValidation.testFailedValidation(TestProductOrderValidation.java:203)
</error>
  </testcase>
  <testcase classname="test.com.inovis.mss.registration.TestProductOrderValidation" name="testNotRegisteredProductOrderValidation" time="2.495">
    <error type="java.lang.NullPointerException">java.lang.NullPointerException
	at test.com.inovis.mss.registration.TestProductOrderValidation.testNotRegisteredProductOrderValidation(TestProductOrderValidation.java:209)
</error>
  </testcase>
  <testcase classname="test.com.inovis.mss.registration.TestRegistrationDataValidation" name="test1_WrongRequestAction" time="2.168">
    <error type="java.lang.NoClassDefFoundError">java.lang.NoClassDefFoundError
	at com.inovis.b2b.lib.util.ConfigurationResources.&lt;init&gt;(ConfigurationResources.java:42)
	at com.inovis.mss.registration.defs.RegistrationConstants.&lt;clinit&gt;(RegistrationConstants.java:43)
	at com.inovis.mss.registration.servlet.RegistrationResponse.&lt;init&gt;(RegistrationResponse.java:36)
	at com.inovis.mss.registration.Registration.processRequest(Registration.java:273)
	at test.com.inovis.mss.registration.TestRegistrationDataValidation.test1_WrongRequestAction(TestRegistrationDataValidation.java:222)
</error>
  </testcase>
  <testcase classname="test.com.inovis.mss.registration.TestRegistrationDataValidation" name="test2_MissingRequestAction" time="2.168">
    <error type="java.lang.NoClassDefFoundError">java.lang.NoClassDefFoundError
	at com.inovis.mss.registration.servlet.RegistrationResponse.&lt;init&gt;(RegistrationResponse.java:36)
	at com.inovis.mss.registration.Registration.processRequest(Registration.java:273)
	at test.com.inovis.mss.registration.TestRegistrationDataValidation.test2_MissingRequestAction(TestRegistrationDataValidation.java:233)
</error>
  </testcase>
  <testcase classname="test.com.inovis.mss.registration.TestRegistrationDataValidation" name="test3_MissingErpIDValue" time="3.056">
    <error type="java.lang.NoClassDefFoundError">java.lang.NoClassDefFoundError
	at com.inovis.mss.registration.servlet.RegistrationResponse.&lt;init&gt;(RegistrationResponse.java:36)
	at com.inovis.mss.registration.Registration.processRequest(Registration.java:273)
	at test.com.inovis.mss.registration.TestRegistrationDataValidation.test3_MissingErpIDValue(TestRegistrationDataValidation.java:247)
</error>
  </testcase>
  <testcase classname="test.com.inovis.mss.registration.TestRegistrationDataValidation" name="test4_MissingErpIDNameValuePairs" time="2.901">
    <error type="java.lang.NoClassDefFoundError">java.lang.NoClassDefFoundError
	at com.inovis.mss.registration.servlet.RegistrationResponse.&lt;init&gt;(RegistrationResponse.java:36)
	at com.inovis.mss.registration.Registration.processRequest(Registration.java:273)
	at test.com.inovis.mss.registration.TestRegistrationDataValidation.test4_MissingErpIDNameValuePairs(TestRegistrationDataValidation.java:258)
</error>
  </testcase>
  <testcase classname="test.com.inovis.mss.registration.TestRegistrationDataValidation" name="test5_WrongErpIDName" time="3.087">
    <error type="java.lang.NoClassDefFoundError">java.lang.NoClassDefFoundError
	at com.inovis.mss.registration.servlet.RegistrationResponse.&lt;init&gt;(RegistrationResponse.java:36)
	at com.inovis.mss.registration.Registration.processRequest(Registration.java:273)
	at test.com.inovis.mss.registration.TestRegistrationDataValidation.test5_WrongErpIDName(TestRegistrationDataValidation.java:270)
</error>
  </testcase>
  <testcase classname="test.com.inovis.mss.registration.TestRegistrationDataValidation" name="test6_MissingAccountIDValue" time="2.277">
    <error type="java.lang.NoClassDefFoundError">java.lang.NoClassDefFoundError
	at com.inovis.mss.registration.servlet.RegistrationResponse.&lt;init&gt;(RegistrationResponse.java:36)
	at com.inovis.mss.registration.Registration.processRequest(Registration.java:273)
	at test.com.inovis.mss.registration.TestRegistrationDataValidation.test6_MissingAccountIDValue(TestRegistrationDataValidation.java:281)
</error>
  </testcase>
  <testcase classname="test.com.inovis.mss.registration.TestRegistrationDataValidation" name="test7_MissingAccountIDNameValuePairs" time="2.168">
    <error type="java.lang.NoClassDefFoundError">java.lang.NoClassDefFoundError
	at com.inovis.mss.registration.servlet.RegistrationResponse.&lt;init&gt;(RegistrationResponse.java:36)
	at com.inovis.mss.registration.Registration.processRequest(Registration.java:273)
	at test.com.inovis.mss.registration.TestRegistrationDataValidation.test7_MissingAccountIDNameValuePairs(TestRegistrationDataValidation.java:292)
</error>
  </testcase>
  <testcase classname="test.com.inovis.mss.registration.TestRegistrationDataValidation" name="test8_WrongAccountIDName" time="2.167">
    <error type="java.lang.NoClassDefFoundError">java.lang.NoClassDefFoundError
	at com.inovis.mss.registration.servlet.RegistrationResponse.&lt;init&gt;(RegistrationResponse.java:36)
	at com.inovis.mss.registration.Registration.processRequest(Registration.java:273)
	at test.com.inovis.mss.registration.TestRegistrationDataValidation.test8_WrongAccountIDName(TestRegistrationDataValidation.java:304)
</error>
  </testcase>
  <testcase classname="test.com.inovis.mss.registration.TestRegistrationDataValidation" name="test9_AccountNotInProductOrderTable" time="2.776">
    <error type="java.lang.NoClassDefFoundError">java.lang.NoClassDefFoundError
	at com.inovis.mss.registration.servlet.RegistrationResponse.&lt;init&gt;(RegistrationResponse.java:36)
	at com.inovis.mss.registration.Registration.processRequest(Registration.java:273)
	at test.com.inovis.mss.registration.TestRegistrationDataValidation.test9_AccountNotInProductOrderTable(TestRegistrationDataValidation.java:318)
</error>
  </testcase>
  <testcase classname="test.com.inovis.mss.registration.TestRegistrationDataValidation" name="test_RegisterNewAccount" time="3.072">
    <error type="java.lang.NoClassDefFoundError">java.lang.NoClassDefFoundError
	at com.inovis.mss.registration.servlet.RegistrationResponse.&lt;init&gt;(RegistrationResponse.java:36)
	at com.inovis.mss.registration.Registration.processRequest(Registration.java:205)
	at com.inovis.mss.registration.Registration.processRequest(Registration.java:236)
	at test.com.inovis.mss.registration.TestRegistrationDataValidation.test_RegisterNewAccount(TestRegistrationDataValidation.java:334)
</error>
  </testcase>
  <testcase classname="test.com.inovis.mss.registration.TestRegistrationDataValidation" name="test10_MissingLoginID" time="2.573">
    <error type="java.lang.NoClassDefFoundError">java.lang.NoClassDefFoundError
	at com.inovis.mss.registration.servlet.RegistrationResponse.&lt;init&gt;(RegistrationResponse.java:36)
	at com.inovis.mss.registration.Registration.processRequest(Registration.java:205)
	at com.inovis.mss.registration.Registration.processRequest(Registration.java:236)
	at test.com.inovis.mss.registration.TestRegistrationDataValidation.test10_MissingLoginID(TestRegistrationDataValidation.java:357)
</error>
  </testcase>
  <testcase classname="test.com.inovis.mss.registration.TestRegistrationDataValidation" name="test11_LoginIDTooLong" time="2.979">
    <error type="java.lang.NoClassDefFoundError">java.lang.NoClassDefFoundError
	at com.inovis.mss.registration.servlet.RegistrationResponse.&lt;init&gt;(RegistrationResponse.java:36)
	at com.inovis.mss.registration.Registration.processRequest(Registration.java:205)
	at com.inovis.mss.registration.Registration.processRequest(Registration.java:236)
	at test.com.inovis.mss.registration.TestRegistrationDataValidation.test11_LoginIDTooLong(TestRegistrationDataValidation.java:375)
</error>
  </testcase>
  <testcase classname="test.com.inovis.mss.registration.TestRegistrationDataValidation" name="test12_LoginIDContainSpace" time="2.292">
    <error type="java.lang.NoClassDefFoundError">java.lang.NoClassDefFoundError
	at com.inovis.mss.registration.servlet.RegistrationResponse.&lt;init&gt;(RegistrationResponse.java:36)
	at com.inovis.mss.registration.Registration.processRequest(Registration.java:205)
	at com.inovis.mss.registration.Registration.processRequest(Registration.java:236)
	at test.com.inovis.mss.registration.TestRegistrationDataValidation.test12_LoginIDContainSpace(TestRegistrationDataValidation.java:397)
</error>
  </testcase>
  <testcase classname="test.com.inovis.mss.registration.TestRegistrationDataValidation" name="test14_MissingPassword" time="2.059">
    <error type="java.lang.NoClassDefFoundError">java.lang.NoClassDefFoundError
	at com.inovis.mss.registration.servlet.RegistrationResponse.&lt;init&gt;(RegistrationResponse.java:36)
	at com.inovis.mss.registration.Registration.processRequest(Registration.java:205)
	at com.inovis.mss.registration.Registration.processRequest(Registration.java:236)
	at test.com.inovis.mss.registration.TestRegistrationDataValidation.test14_MissingPassword(TestRegistrationDataValidation.java:434)
</error>
  </testcase>
  <testcase classname="test.com.inovis.mss.registration.TestRegistrationDataValidation" name="test15_PasswordTooLong" time="2.885">
    <error type="java.lang.NoClassDefFoundError">java.lang.NoClassDefFoundError
	at com.inovis.mss.registration.servlet.RegistrationResponse.&lt;init&gt;(RegistrationResponse.java:36)
	at com.inovis.mss.registration.Registration.processRequest(Registration.java:205)
	at com.inovis.mss.registration.Registration.processRequest(Registration.java:236)
	at test.com.inovis.mss.registration.TestRegistrationDataValidation.test15_PasswordTooLong(TestRegistrationDataValidation.java:453)
</error>
  </testcase>
  <testcase classname="test.com.inovis.mss.registration.TestRegistrationDataValidation" name="test16_PasswordTooShort" time="2.791">
    <error type="java.lang.NoClassDefFoundError">java.lang.NoClassDefFoundError
	at com.inovis.mss.registration.servlet.RegistrationResponse.&lt;init&gt;(RegistrationResponse.java:36)
	at com.inovis.mss.registration.Registration.processRequest(Registration.java:205)
	at com.inovis.mss.registration.Registration.processRequest(Registration.java:236)
	at test.com.inovis.mss.registration.TestRegistrationDataValidation.test16_PasswordTooShort(TestRegistrationDataValidation.java:475)
</error>
  </testcase>
  <testcase classname="test.com.inovis.mss.registration.TestRegistrationDataValidation" name="test17_PasswordContainSpace" time="2.261">
    <error type="java.lang.NoClassDefFoundError">java.lang.NoClassDefFoundError
	at com.inovis.mss.registration.servlet.RegistrationResponse.&lt;init&gt;(RegistrationResponse.java:36)
	at com.inovis.mss.registration.Registration.processRequest(Registration.java:205)
	at com.inovis.mss.registration.Registration.processRequest(Registration.java:236)
	at test.com.inovis.mss.registration.TestRegistrationDataValidation.test17_PasswordContainSpace(TestRegistrationDataValidation.java:497)
</error>
  </testcase>
  <testcase classname="test.com.inovis.mss.registration.TestRegistrationDataValidation" name="test18_MissingCompanyName" time="2.589">
    <error type="java.lang.NoClassDefFoundError">java.lang.NoClassDefFoundError
	at com.inovis.mss.registration.servlet.RegistrationResponse.&lt;init&gt;(RegistrationResponse.java:36)
	at com.inovis.mss.registration.Registration.processRequest(Registration.java:205)
	at com.inovis.mss.registration.Registration.processRequest(Registration.java:236)
	at test.com.inovis.mss.registration.TestRegistrationDataValidation.test18_MissingCompanyName(TestRegistrationDataValidation.java:516)
</error>
  </testcase>
  <testcase classname="test.com.inovis.mss.registration.TestRegistrationDataValidation" name="test19_CompanyNameTooLong" time="2.059">
    <error type="java.lang.NoClassDefFoundError">java.lang.NoClassDefFoundError
	at com.inovis.mss.registration.servlet.RegistrationResponse.&lt;init&gt;(RegistrationResponse.java:36)
	at com.inovis.mss.registration.Registration.processRequest(Registration.java:205)
	at com.inovis.mss.registration.Registration.processRequest(Registration.java:236)
	at test.com.inovis.mss.registration.TestRegistrationDataValidation.test19_CompanyNameTooLong(TestRegistrationDataValidation.java:534)
</error>
  </testcase>
  <testcase classname="test.com.inovis.mss.registration.TestRegistrationDataValidation" name="test20_MissingBillingFirstName" time="2.479">
    <error type="java.lang.NoClassDefFoundError">java.lang.NoClassDefFoundError
	at com.inovis.mss.registration.servlet.RegistrationResponse.&lt;init&gt;(RegistrationResponse.java:36)
	at com.inovis.mss.registration.Registration.processRequest(Registration.java:205)
	at com.inovis.mss.registration.Registration.processRequest(Registration.java:236)
	at test.com.inovis.mss.registration.TestRegistrationDataValidation.test20_MissingBillingFirstName(TestRegistrationDataValidation.java:556)
</error>
  </testcase>
  <testcase classname="test.com.inovis.mss.registration.TestRegistrationDataValidation" name="test21_BillingFirstNameTooLong" time="2.979">
    <error type="java.lang.NoClassDefFoundError">java.lang.NoClassDefFoundError
	at com.inovis.mss.registration.servlet.RegistrationResponse.&lt;init&gt;(RegistrationResponse.java:36)
	at com.inovis.mss.registration.Registration.processRequest(Registration.java:205)
	at com.inovis.mss.registration.Registration.processRequest(Registration.java:236)
	at test.com.inovis.mss.registration.TestRegistrationDataValidation.test21_BillingFirstNameTooLong(TestRegistrationDataValidation.java:575)
</error>
  </testcase>
  <testcase classname="test.com.inovis.mss.registration.TestRegistrationDataValidation" name="test22_MissingBillingLastName" time="2.276">
    <error type="java.lang.NoClassDefFoundError">java.lang.NoClassDefFoundError
	at com.inovis.mss.registration.servlet.RegistrationResponse.&lt;init&gt;(RegistrationResponse.java:36)
	at com.inovis.mss.registration.Registration.processRequest(Registration.java:205)
	at com.inovis.mss.registration.Registration.processRequest(Registration.java:236)
	at test.com.inovis.mss.registration.TestRegistrationDataValidation.test22_MissingBillingLastName(TestRegistrationDataValidation.java:599)
</error>
  </testcase>
  <testcase classname="test.com.inovis.mss.registration.TestRegistrationDataValidation" name="test23_BillingLastNameTooLong" time="2.168">
    <error type="java.lang.NoClassDefFoundError">java.lang.NoClassDefFoundError
	at com.inovis.mss.registration.servlet.RegistrationResponse.&lt;init&gt;(RegistrationResponse.java:36)
	at com.inovis.mss.registration.Registration.processRequest(Registration.java:205)
	at com.inovis.mss.registration.Registration.processRequest(Registration.java:236)
	at test.com.inovis.mss.registration.TestRegistrationDataValidation.test23_BillingLastNameTooLong(TestRegistrationDataValidation.java:618)
</error>
  </testcase>
  <testcase classname="test.com.inovis.mss.registration.TestRegistrationDataValidation" name="test24_MissingBillingCity" time="2.48">
    <error type="java.lang.NoClassDefFoundError">java.lang.NoClassDefFoundError
	at com.inovis.mss.registration.servlet.RegistrationResponse.&lt;init&gt;(RegistrationResponse.java:36)
	at com.inovis.mss.registration.Registration.processRequest(Registration.java:205)
	at com.inovis.mss.registration.Registration.processRequest(Registration.java:236)
	at test.com.inovis.mss.registration.TestRegistrationDataValidation.test24_MissingBillingCity(TestRegistrationDataValidation.java:640)
</error>
  </testcase>
  <testcase classname="test.com.inovis.mss.registration.TestRegistrationDataValidation" name="test25_BillingCityTooLong" time="2.963">
    <error type="java.lang.NoClassDefFoundError">java.lang.NoClassDefFoundError
	at com.inovis.mss.registration.servlet.RegistrationResponse.&lt;init&gt;(RegistrationResponse.java:36)
	at com.inovis.mss.registration.Registration.processRequest(Registration.java:205)
	at com.inovis.mss.registration.Registration.processRequest(Registration.java:236)
	at test.com.inovis.mss.registration.TestRegistrationDataValidation.test25_BillingCityTooLong(TestRegistrationDataValidation.java:658)
</error>
  </testcase>
  <testcase classname="test.com.inovis.mss.registration.TestRegistrationDataValidation" name="test26_MissingBillingAddress1" time="2.978">
    <error type="java.lang.NoClassDefFoundError">java.lang.NoClassDefFoundError
	at com.inovis.mss.registration.servlet.RegistrationResponse.&lt;init&gt;(RegistrationResponse.java:36)
	at com.inovis.mss.registration.Registration.processRequest(Registration.java:205)
	at com.inovis.mss.registration.Registration.processRequest(Registration.java:236)
	at test.com.inovis.mss.registration.TestRegistrationDataValidation.test26_MissingBillingAddress1(TestRegistrationDataValidation.java:680)
</error>
  </testcase>
  <testcase classname="test.com.inovis.mss.registration.TestRegistrationDataValidation" name="test27_BillingAddress1TooLong" time="1.981">
    <error type="java.lang.NoClassDefFoundError">java.lang.NoClassDefFoundError
	at com.inovis.mss.registration.servlet.RegistrationResponse.&lt;init&gt;(RegistrationResponse.java:36)
	at com.inovis.mss.registration.Registration.processRequest(Registration.java:205)
	at com.inovis.mss.registration.Registration.processRequest(Registration.java:236)
	at test.com.inovis.mss.registration.TestRegistrationDataValidation.test27_BillingAddress1TooLong(TestRegistrationDataValidation.java:698)
</error>
  </testcase>
  <testcase classname="test.com.inovis.mss.registration.TestRegistrationDataValidation" name="test28_BillingAddress2TooLong" time="2.183">
    <error type="java.lang.NoClassDefFoundError">java.lang.NoClassDefFoundError
	at com.inovis.mss.registration.servlet.RegistrationResponse.&lt;init&gt;(RegistrationResponse.java:36)
	at com.inovis.mss.registration.Registration.processRequest(Registration.java:205)
	at com.inovis.mss.registration.Registration.processRequest(Registration.java:236)
	at test.com.inovis.mss.registration.TestRegistrationDataValidation.test28_BillingAddress2TooLong(TestRegistrationDataValidation.java:720)
</error>
  </testcase>
  <testcase classname="test.com.inovis.mss.registration.TestRegistrationDataValidation" name="test29_MissingBillingCountry" time="2.168">
    <error type="java.lang.NoClassDefFoundError">java.lang.NoClassDefFoundError
	at com.inovis.mss.registration.servlet.RegistrationResponse.&lt;init&gt;(RegistrationResponse.java:36)
	at com.inovis.mss.registration.Registration.processRequest(Registration.java:205)
	at com.inovis.mss.registration.Registration.processRequest(Registration.java:236)
	at test.com.inovis.mss.registration.TestRegistrationDataValidation.test29_MissingBillingCountry(TestRegistrationDataValidation.java:742)
</error>
  </testcase>
  <testcase classname="test.com.inovis.mss.registration.TestRegistrationDataValidation" name="test30_BillingCountryTooLong" time="2.869">
    <error type="java.lang.NoClassDefFoundError">java.lang.NoClassDefFoundError
	at com.inovis.mss.registration.servlet.RegistrationResponse.&lt;init&gt;(RegistrationResponse.java:36)
	at com.inovis.mss.registration.Registration.processRequest(Registration.java:205)
	at com.inovis.mss.registration.Registration.processRequest(Registration.java:236)
	at test.com.inovis.mss.registration.TestRegistrationDataValidation.test30_BillingCountryTooLong(TestRegistrationDataValidation.java:760)
</error>
  </testcase>
  <testcase classname="test.com.inovis.mss.registration.TestRegistrationDataValidation" name="test31_InvalidBillingCountry" time="2.168">
    <error type="java.lang.NoClassDefFoundError">java.lang.NoClassDefFoundError
	at com.inovis.mss.registration.servlet.RegistrationResponse.&lt;init&gt;(RegistrationResponse.java:36)
	at com.inovis.mss.registration.Registration.processRequest(Registration.java:205)
	at com.inovis.mss.registration.Registration.processRequest(Registration.java:236)
	at test.com.inovis.mss.registration.TestRegistrationDataValidation.test31_InvalidBillingCountry(TestRegistrationDataValidation.java:783)
</error>
  </testcase>
  <testcase classname="test.com.inovis.mss.registration.TestRegistrationDataValidation" name="test32_MissingBillingState" time="2.962">
    <error type="java.lang.NoClassDefFoundError">java.lang.NoClassDefFoundError
	at com.inovis.mss.registration.servlet.RegistrationResponse.&lt;init&gt;(RegistrationResponse.java:36)
	at com.inovis.mss.registration.Registration.processRequest(Registration.java:205)
	at com.inovis.mss.registration.Registration.processRequest(Registration.java:236)
	at test.com.inovis.mss.registration.TestRegistrationDataValidation.test32_MissingBillingState(TestRegistrationDataValidation.java:801)
</error>
  </testcase>
  <testcase classname="test.com.inovis.mss.registration.TestRegistrationDataValidation" name="test33_BillingStateTooLong" time="1.965">
    <error type="java.lang.NoClassDefFoundError">java.lang.NoClassDefFoundError
	at com.inovis.mss.registration.servlet.RegistrationResponse.&lt;init&gt;(RegistrationResponse.java:36)
	at com.inovis.mss.registration.Registration.processRequest(Registration.java:205)
	at com.inovis.mss.registration.Registration.processRequest(Registration.java:236)
	at test.com.inovis.mss.registration.TestRegistrationDataValidation.test33_BillingStateTooLong(TestRegistrationDataValidation.java:819)
</error>
  </testcase>
  <testcase classname="test.com.inovis.mss.registration.TestRegistrationDataValidation" name="test34_InvalidBillingState" time="2.402">
    <error type="java.lang.NoClassDefFoundError">java.lang.NoClassDefFoundError
	at com.inovis.mss.registration.servlet.RegistrationResponse.&lt;init&gt;(RegistrationResponse.java:36)
	at com.inovis.mss.registration.Registration.processRequest(Registration.java:205)
	at com.inovis.mss.registration.Registration.processRequest(Registration.java:236)
	at test.com.inovis.mss.registration.TestRegistrationDataValidation.test34_InvalidBillingState(TestRegistrationDataValidation.java:842)
</error>
  </testcase>
  <testcase classname="test.com.inovis.mss.registration.TestRegistrationDataValidation" name="test35_MissingBillingPostalCode" time="2.776">
    <error type="java.lang.NoClassDefFoundError">java.lang.NoClassDefFoundError
	at com.inovis.mss.registration.servlet.RegistrationResponse.&lt;init&gt;(RegistrationResponse.java:36)
	at com.inovis.mss.registration.Registration.processRequest(Registration.java:205)
	at com.inovis.mss.registration.Registration.processRequest(Registration.java:236)
	at test.com.inovis.mss.registration.TestRegistrationDataValidation.test35_MissingBillingPostalCode(TestRegistrationDataValidation.java:860)
</error>
  </testcase>
  <testcase classname="test.com.inovis.mss.registration.TestRegistrationDataValidation" name="test36_BillingPostalCodeTooLong" time="3.087">
    <error type="java.lang.NoClassDefFoundError">java.lang.NoClassDefFoundError
	at com.inovis.mss.registration.servlet.RegistrationResponse.&lt;init&gt;(RegistrationResponse.java:36)
	at com.inovis.mss.registration.Registration.processRequest(Registration.java:205)
	at com.inovis.mss.registration.Registration.processRequest(Registration.java:236)
	at test.com.inovis.mss.registration.TestRegistrationDataValidation.test36_BillingPostalCodeTooLong(TestRegistrationDataValidation.java:878)
</error>
  </testcase>
  <testcase classname="test.com.inovis.mss.registration.TestRegistrationDataValidation" name="test37_MissingBillingPhone" time="3.057">
    <error type="java.lang.NoClassDefFoundError">java.lang.NoClassDefFoundError
	at com.inovis.mss.registration.servlet.RegistrationResponse.&lt;init&gt;(RegistrationResponse.java:36)
	at com.inovis.mss.registration.Registration.processRequest(Registration.java:205)
	at com.inovis.mss.registration.Registration.processRequest(Registration.java:236)
	at test.com.inovis.mss.registration.TestRegistrationDataValidation.test37_MissingBillingPhone(TestRegistrationDataValidation.java:901)
</error>
  </testcase>
  <testcase classname="test.com.inovis.mss.registration.TestRegistrationDataValidation" name="test38_BillingPhoneTooLong" time="2.791">
    <error type="java.lang.NoClassDefFoundError">java.lang.NoClassDefFoundError
	at com.inovis.mss.registration.servlet.RegistrationResponse.&lt;init&gt;(RegistrationResponse.java:36)
	at com.inovis.mss.registration.Registration.processRequest(Registration.java:205)
	at com.inovis.mss.registration.Registration.processRequest(Registration.java:236)
	at test.com.inovis.mss.registration.TestRegistrationDataValidation.test38_BillingPhoneTooLong(TestRegistrationDataValidation.java:919)
</error>
  </testcase>
  <testcase classname="test.com.inovis.mss.registration.TestRegistrationDataValidation" name="test39_BillingExtensionTooLong" time="2.558">
    <error type="java.lang.NoClassDefFoundError">java.lang.NoClassDefFoundError
	at com.inovis.mss.registration.servlet.RegistrationResponse.&lt;init&gt;(RegistrationResponse.java:36)
	at com.inovis.mss.registration.Registration.processRequest(Registration.java:205)
	at com.inovis.mss.registration.Registration.processRequest(Registration.java:236)
	at test.com.inovis.mss.registration.TestRegistrationDataValidation.test39_BillingExtensionTooLong(TestRegistrationDataValidation.java:941)
</error>
  </testcase>
  <testcase classname="test.com.inovis.mss.registration.TestRegistrationDataValidation" name="test40_BillingFaxTooLong" time="2.994">
    <error type="java.lang.NoClassDefFoundError">java.lang.NoClassDefFoundError
	at com.inovis.mss.registration.servlet.RegistrationResponse.&lt;init&gt;(RegistrationResponse.java:36)
	at com.inovis.mss.registration.Registration.processRequest(Registration.java:205)
	at com.inovis.mss.registration.Registration.processRequest(Registration.java:236)
	at test.com.inovis.mss.registration.TestRegistrationDataValidation.test40_BillingFaxTooLong(TestRegistrationDataValidation.java:963)
</error>
  </testcase>
  <testcase classname="test.com.inovis.mss.registration.TestRegistrationDataValidation" name="test44_ProdCityTooLong" time="2.183">
    <error type="java.lang.NoClassDefFoundError">java.lang.NoClassDefFoundError
	at com.inovis.mss.registration.servlet.RegistrationResponse.&lt;init&gt;(RegistrationResponse.java:36)
	at com.inovis.mss.registration.Registration.processRequest(Registration.java:205)
	at com.inovis.mss.registration.Registration.processRequest(Registration.java:236)
	at test.com.inovis.mss.registration.TestRegistrationDataValidation.test44_ProdCityTooLong(TestRegistrationDataValidation.java:1034)
</error>
  </testcase>
  <testcase classname="test.com.inovis.mss.registration.TestRegistrationDataValidation" name="test45_ProdAddress1TooLong" time="2.464">
    <error type="java.lang.NoClassDefFoundError">java.lang.NoClassDefFoundError
	at com.inovis.mss.registration.servlet.RegistrationResponse.&lt;init&gt;(RegistrationResponse.java:36)
	at com.inovis.mss.registration.Registration.processRequest(Registration.java:205)
	at com.inovis.mss.registration.Registration.processRequest(Registration.java:236)
	at test.com.inovis.mss.registration.TestRegistrationDataValidation.test45_ProdAddress1TooLong(TestRegistrationDataValidation.java:1056)
</error>
  </testcase>
  <testcase classname="test.com.inovis.mss.registration.TestRegistrationDataValidation" name="test46_ProdAddress2TooLong" time="2.87">
    <error type="java.lang.NoClassDefFoundError">java.lang.NoClassDefFoundError
	at com.inovis.mss.registration.servlet.RegistrationResponse.&lt;init&gt;(RegistrationResponse.java:36)
	at com.inovis.mss.registration.Registration.processRequest(Registration.java:205)
	at com.inovis.mss.registration.Registration.processRequest(Registration.java:236)
	at test.com.inovis.mss.registration.TestRegistrationDataValidation.test46_ProdAddress2TooLong(TestRegistrationDataValidation.java:1078)
</error>
  </testcase>
  <testcase classname="test.com.inovis.mss.registration.TestRegistrationDataValidation" name="test47_ProdCountryTooLong" time="1.965">
    <error type="java.lang.NoClassDefFoundError">java.lang.NoClassDefFoundError
	at com.inovis.mss.registration.servlet.RegistrationResponse.&lt;init&gt;(RegistrationResponse.java:36)
	at com.inovis.mss.registration.Registration.processRequest(Registration.java:205)
	at com.inovis.mss.registration.Registration.processRequest(Registration.java:236)
	at test.com.inovis.mss.registration.TestRegistrationDataValidation.test47_ProdCountryTooLong(TestRegistrationDataValidation.java:1100)
</error>
  </testcase>
  <testcase classname="test.com.inovis.mss.registration.TestRegistrationDataValidation" name="test48_InvalidProdCountry" time="2.978">
    <error type="java.lang.NoClassDefFoundError">java.lang.NoClassDefFoundError
	at com.inovis.mss.registration.servlet.RegistrationResponse.&lt;init&gt;(RegistrationResponse.java:36)
	at com.inovis.mss.registration.Registration.processRequest(Registration.java:205)
	at com.inovis.mss.registration.Registration.processRequest(Registration.java:236)
	at test.com.inovis.mss.registration.TestRegistrationDataValidation.test48_InvalidProdCountry(TestRegistrationDataValidation.java:1123)
</error>
  </testcase>
  <testcase classname="test.com.inovis.mss.registration.TestRegistrationDataValidation" name="test49_ProdStateTooLong" time="2.386">
    <error type="java.lang.NoClassDefFoundError">java.lang.NoClassDefFoundError
	at com.inovis.mss.registration.servlet.RegistrationResponse.&lt;init&gt;(RegistrationResponse.java:36)
	at com.inovis.mss.registration.Registration.processRequest(Registration.java:205)
	at com.inovis.mss.registration.Registration.processRequest(Registration.java:236)
	at test.com.inovis.mss.registration.TestRegistrationDataValidation.test49_ProdStateTooLong(TestRegistrationDataValidation.java:1140)
</error>
  </testcase>
  <testcase classname="test.com.inovis.mss.registration.TestRegistrationDataValidation" name="test50_InvalidBillingState" time="2.37">
    <error type="java.lang.NoClassDefFoundError">java.lang.NoClassDefFoundError
	at com.inovis.mss.registration.servlet.RegistrationResponse.&lt;init&gt;(RegistrationResponse.java:36)
	at com.inovis.mss.registration.Registration.processRequest(Registration.java:205)
	at com.inovis.mss.registration.Registration.processRequest(Registration.java:236)
	at test.com.inovis.mss.registration.TestRegistrationDataValidation.test50_InvalidBillingState(TestRegistrationDataValidation.java:1163)
</error>
  </testcase>
  <testcase classname="test.com.inovis.mss.registration.TestRegistrationDataValidation" name="test51_ProdPostalCodeTooLong" time="2.184">
    <error type="java.lang.NoClassDefFoundError">java.lang.NoClassDefFoundError
	at com.inovis.mss.registration.servlet.RegistrationResponse.&lt;init&gt;(RegistrationResponse.java:36)
	at com.inovis.mss.registration.Registration.processRequest(Registration.java:205)
	at com.inovis.mss.registration.Registration.processRequest(Registration.java:236)
	at test.com.inovis.mss.registration.TestRegistrationDataValidation.test51_ProdPostalCodeTooLong(TestRegistrationDataValidation.java:1180)
</error>
  </testcase>
  <testcase classname="test.com.inovis.mss.registration.TestRegistrationDataValidation" name="test52_ProdPhoneTooLong" time="2.152">
    <error type="java.lang.NoClassDefFoundError">java.lang.NoClassDefFoundError
	at com.inovis.mss.registration.servlet.RegistrationResponse.&lt;init&gt;(RegistrationResponse.java:36)
	at com.inovis.mss.registration.Registration.processRequest(Registration.java:205)
	at com.inovis.mss.registration.Registration.processRequest(Registration.java:236)
	at test.com.inovis.mss.registration.TestRegistrationDataValidation.test52_ProdPhoneTooLong(TestRegistrationDataValidation.java:1202)
</error>
  </testcase>
  <testcase classname="test.com.inovis.mss.registration.TestRegistrationDataValidation" name="test53_ProdExtensionTooLong" time="2.885">
    <error type="java.lang.NoClassDefFoundError">java.lang.NoClassDefFoundError
	at com.inovis.mss.registration.servlet.RegistrationResponse.&lt;init&gt;(RegistrationResponse.java:36)
	at com.inovis.mss.registration.Registration.processRequest(Registration.java:205)
	at com.inovis.mss.registration.Registration.processRequest(Registration.java:236)
	at test.com.inovis.mss.registration.TestRegistrationDataValidation.test53_ProdExtensionTooLong(TestRegistrationDataValidation.java:1224)
</error>
  </testcase>
  <testcase classname="test.com.inovis.mss.registration.TestRegistrationDataValidation" name="test54_ProdFaxTooLong" time="2.775">
    <error type="java.lang.NoClassDefFoundError">java.lang.NoClassDefFoundError
	at com.inovis.mss.registration.servlet.RegistrationResponse.&lt;init&gt;(RegistrationResponse.java:36)
	at com.inovis.mss.registration.Registration.processRequest(Registration.java:205)
	at com.inovis.mss.registration.Registration.processRequest(Registration.java:236)
	at test.com.inovis.mss.registration.TestRegistrationDataValidation.test54_ProdFaxTooLong(TestRegistrationDataValidation.java:1246)
</error>
  </testcase>
  <testcase classname="test.com.inovis.mss.registration.TestRegistrationDataValidation" name="test55_MissingEdiAlias" time="2.48">
    <error type="java.lang.NoClassDefFoundError">java.lang.NoClassDefFoundError
	at com.inovis.mss.registration.servlet.RegistrationResponse.&lt;init&gt;(RegistrationResponse.java:36)
	at com.inovis.mss.registration.Registration.processRequest(Registration.java:205)
	at com.inovis.mss.registration.Registration.processRequest(Registration.java:236)
	at test.com.inovis.mss.registration.TestRegistrationDataValidation.test55_MissingEdiAlias(TestRegistrationDataValidation.java:1268)
</error>
  </testcase>
  <testcase classname="test.com.inovis.mss.registration.TestRegistrationDataValidation" name="test56_EdiAliasTooLong" time="2.776">
    <error type="java.lang.NoClassDefFoundError">java.lang.NoClassDefFoundError
	at com.inovis.mss.registration.servlet.RegistrationResponse.&lt;init&gt;(RegistrationResponse.java:36)
	at com.inovis.mss.registration.Registration.processRequest(Registration.java:205)
	at com.inovis.mss.registration.Registration.processRequest(Registration.java:236)
	at test.com.inovis.mss.registration.TestRegistrationDataValidation.test56_EdiAliasTooLong(TestRegistrationDataValidation.java:1286)
</error>
  </testcase>
  <testcase classname="test.com.inovis.mss.registration.TestRegistrationDataValidation" name="test57_MissingProdID" time="2.76">
    <error type="java.lang.NoClassDefFoundError">java.lang.NoClassDefFoundError
	at com.inovis.mss.registration.servlet.RegistrationResponse.&lt;init&gt;(RegistrationResponse.java:36)
	at com.inovis.mss.registration.Registration.processRequest(Registration.java:205)
	at com.inovis.mss.registration.Registration.processRequest(Registration.java:236)
	at test.com.inovis.mss.registration.TestRegistrationDataValidation.test57_MissingProdID(TestRegistrationDataValidation.java:1308)
</error>
  </testcase>
  <testcase classname="test.com.inovis.mss.registration.TestRegistrationDataValidation" name="test58_MissingEmailAddress" time="2.292">
    <error type="java.lang.NoClassDefFoundError">java.lang.NoClassDefFoundError
	at com.inovis.mss.registration.servlet.RegistrationResponse.&lt;init&gt;(RegistrationResponse.java:36)
	at com.inovis.mss.registration.Registration.processRequest(Registration.java:205)
	at com.inovis.mss.registration.Registration.processRequest(Registration.java:236)
	at test.com.inovis.mss.registration.TestRegistrationDataValidation.test58_MissingEmailAddress(TestRegistrationDataValidation.java:1326)
</error>
  </testcase>
  <testcase classname="test.com.inovis.mss.registration.TestRegistrationDataValidation" name="test59_EmailAddressContainSpace" time="2.402">
    <error type="java.lang.NoClassDefFoundError">java.lang.NoClassDefFoundError
	at com.inovis.mss.registration.servlet.RegistrationResponse.&lt;init&gt;(RegistrationResponse.java:36)
	at com.inovis.mss.registration.Registration.processRequest(Registration.java:205)
	at com.inovis.mss.registration.Registration.processRequest(Registration.java:236)
	at test.com.inovis.mss.registration.TestRegistrationDataValidation.test59_EmailAddressContainSpace(TestRegistrationDataValidation.java:1344)
</error>
  </testcase>
  <testcase classname="test.com.inovis.mss.registration.TestRegistrationDataValidation" name="test60_EmailAddressHasTooManyAT" time="2.292">
    <error type="java.lang.NoClassDefFoundError">java.lang.NoClassDefFoundError
	at com.inovis.mss.registration.servlet.RegistrationResponse.&lt;init&gt;(RegistrationResponse.java:36)
	at com.inovis.mss.registration.Registration.processRequest(Registration.java:205)
	at com.inovis.mss.registration.Registration.processRequest(Registration.java:236)
	at test.com.inovis.mss.registration.TestRegistrationDataValidation.test60_EmailAddressHasTooManyAT(TestRegistrationDataValidation.java:1362)
</error>
  </testcase>
  <testcase classname="test.com.inovis.mss.registration.TestRegistrationDataValidation" name="test61_EmailAddressMissingDomain" time="2.87">
    <error type="java.lang.NoClassDefFoundError">java.lang.NoClassDefFoundError
	at com.inovis.mss.registration.servlet.RegistrationResponse.&lt;init&gt;(RegistrationResponse.java:36)
	at com.inovis.mss.registration.Registration.processRequest(Registration.java:205)
	at com.inovis.mss.registration.Registration.processRequest(Registration.java:236)
	at test.com.inovis.mss.registration.TestRegistrationDataValidation.test61_EmailAddressMissingDomain(TestRegistrationDataValidation.java:1380)
</error>
  </testcase>
  <testcase classname="test.com.inovis.mss.registration.TestRegistrationDataValidation" name="test62_EmailAddressMissingUserID" time="2.074">
    <error type="java.lang.NoClassDefFoundError">java.lang.NoClassDefFoundError
	at com.inovis.mss.registration.servlet.RegistrationResponse.&lt;init&gt;(RegistrationResponse.java:36)
	at com.inovis.mss.registration.Registration.processRequest(Registration.java:205)
	at com.inovis.mss.registration.Registration.processRequest(Registration.java:236)
	at test.com.inovis.mss.registration.TestRegistrationDataValidation.test62_EmailAddressMissingUserID(TestRegistrationDataValidation.java:1398)
</error>
  </testcase>
  <testcase classname="test.com.inovis.mss.registration.TestRegistrationDataValidation" name="test63_EmailAddressHasIllegalChar" time="2.277">
    <error type="java.lang.NoClassDefFoundError">java.lang.NoClassDefFoundError
	at com.inovis.mss.registration.servlet.RegistrationResponse.&lt;init&gt;(RegistrationResponse.java:36)
	at com.inovis.mss.registration.Registration.processRequest(Registration.java:205)
	at com.inovis.mss.registration.Registration.processRequest(Registration.java:236)
	at test.com.inovis.mss.registration.TestRegistrationDataValidation.test63_EmailAddressHasIllegalChar(TestRegistrationDataValidation.java:1415)
</error>
  </testcase>
  <testcase classname="test.com.inovis.mss.registration.TestRegistrationDataValidation" name="test64_EdiQualifierTooLong" time="2.167">
    <error type="java.lang.NoClassDefFoundError">java.lang.NoClassDefFoundError
	at com.inovis.mss.registration.servlet.RegistrationResponse.&lt;init&gt;(RegistrationResponse.java:36)
	at com.inovis.mss.registration.Registration.processRequest(Registration.java:205)
	at com.inovis.mss.registration.Registration.processRequest(Registration.java:236)
	at test.com.inovis.mss.registration.TestRegistrationDataValidation.test64_EdiQualifierTooLong(TestRegistrationDataValidation.java:1432)
</error>
  </testcase>
  <testcase classname="test.com.inovis.mss.registration.TestRegistrationDataValidation" name="test65_BankCodeMissing" time="2.994">
    <error type="java.lang.NoClassDefFoundError">java.lang.NoClassDefFoundError
	at com.inovis.mss.registration.servlet.RegistrationResponse.&lt;init&gt;(RegistrationResponse.java:36)
	at com.inovis.mss.registration.Registration.processRequest(Registration.java:205)
	at com.inovis.mss.registration.Registration.processRequest(Registration.java:236)
	at test.com.inovis.mss.registration.TestRegistrationDataValidation.test65_BankCodeMissing(TestRegistrationDataValidation.java:1453)
</error>
  </testcase>
  <testcase classname="test.com.inovis.mss.registration.TestRegistrationDataValidation" name="test66_TaxPayerIDMissing" time="3.073">
    <error type="java.lang.NoClassDefFoundError">java.lang.NoClassDefFoundError
	at com.inovis.mss.registration.servlet.RegistrationResponse.&lt;init&gt;(RegistrationResponse.java:36)
	at com.inovis.mss.registration.Registration.processRequest(Registration.java:205)
	at com.inovis.mss.registration.Registration.processRequest(Registration.java:236)
	at test.com.inovis.mss.registration.TestRegistrationDataValidation.test66_TaxPayerIDMissing(TestRegistrationDataValidation.java:1469)
</error>
  </testcase>
  <testcase classname="test.com.inovis.mss.registration.TestRegistrationDataValidation" name="test67_BankAccountNameMissing" time="2.588">
    <error type="java.lang.NoClassDefFoundError">java.lang.NoClassDefFoundError
	at com.inovis.mss.registration.servlet.RegistrationResponse.&lt;init&gt;(RegistrationResponse.java:36)
	at com.inovis.mss.registration.Registration.processRequest(Registration.java:205)
	at com.inovis.mss.registration.Registration.processRequest(Registration.java:236)
	at test.com.inovis.mss.registration.TestRegistrationDataValidation.test67_BankAccountNameMissing(TestRegistrationDataValidation.java:1485)
</error>
  </testcase>
  <testcase classname="test.com.inovis.mss.registration.TestRegistrationDataValidation" name="test68_CreditCardHolderNameMissing" time="2.776">
    <error type="java.lang.NoClassDefFoundError">java.lang.NoClassDefFoundError
	at com.inovis.mss.registration.servlet.RegistrationResponse.&lt;init&gt;(RegistrationResponse.java:36)
	at com.inovis.mss.registration.Registration.processRequest(Registration.java:205)
	at com.inovis.mss.registration.Registration.processRequest(Registration.java:236)
	at test.com.inovis.mss.registration.TestRegistrationDataValidation.test68_CreditCardHolderNameMissing(TestRegistrationDataValidation.java:1501)
</error>
  </testcase>
  <testcase classname="test.com.inovis.mss.registration.TestRegistrationDataValidation" name="test69_CreditCardNumberMissing" time="2.869">
    <error type="java.lang.NoClassDefFoundError">java.lang.NoClassDefFoundError
	at com.inovis.mss.registration.servlet.RegistrationResponse.&lt;init&gt;(RegistrationResponse.java:36)
	at com.inovis.mss.registration.Registration.processRequest(Registration.java:205)
	at com.inovis.mss.registration.Registration.processRequest(Registration.java:236)
	at test.com.inovis.mss.registration.TestRegistrationDataValidation.test69_CreditCardNumberMissing(TestRegistrationDataValidation.java:1517)
</error>
  </testcase>
  <testcase classname="test.com.inovis.mss.registration.TestRegistrationDataValidation" name="test70_CreditCardExpireYearMissing" time="2.979">
    <error type="java.lang.NoClassDefFoundError">java.lang.NoClassDefFoundError
	at com.inovis.mss.registration.servlet.RegistrationResponse.&lt;init&gt;(RegistrationResponse.java:36)
	at com.inovis.mss.registration.Registration.processRequest(Registration.java:205)
	at com.inovis.mss.registration.Registration.processRequest(Registration.java:236)
	at test.com.inovis.mss.registration.TestRegistrationDataValidation.test70_CreditCardExpireYearMissing(TestRegistrationDataValidation.java:1533)
</error>
  </testcase>
  <testcase classname="test.com.inovis.mss.registration.TestRegistrationDataValidation" name="test71_CreditCardExpireMonthMissing" time="2.277">
    <error type="java.lang.NoClassDefFoundError">java.lang.NoClassDefFoundError
	at com.inovis.mss.registration.servlet.RegistrationResponse.&lt;init&gt;(RegistrationResponse.java:36)
	at com.inovis.mss.registration.Registration.processRequest(Registration.java:205)
	at com.inovis.mss.registration.Registration.processRequest(Registration.java:236)
	at test.com.inovis.mss.registration.TestRegistrationDataValidation.test71_CreditCardExpireMonthMissing(TestRegistrationDataValidation.java:1549)
</error>
  </testcase>
  <testcase classname="test.com.inovis.mss.registration.TestGenericPipelineRegistration" name="test1_RegisterNewCustomer" time="2.776">
    <error type="java.lang.NoClassDefFoundError">java.lang.NoClassDefFoundError
	at com.inovis.mss.registration.servlet.RegistrationResponse.&lt;init&gt;(RegistrationResponse.java:36)
	at com.inovis.mss.registration.Registration.processRequest(Registration.java:205)
	at com.inovis.mss.registration.Registration.processRequest(Registration.java:236)
	at test.com.inovis.mss.registration.TestGenericPipelineRegistration.test1_RegisterNewCustomer(TestGenericPipelineRegistration.java:135)
</error>
  </testcase>
  <testcase classname="test.com.inovis.mss.registration.TestGenericPipelineRegistration" name="test2_DuplicateEdiAlias" time="0.0"></testcase>
  <testcase classname="test.com.inovis.mss.registration.TestGenericPipelineRegistration" name="test3_AddAdditionalAccount" time="0.0"></testcase>
  <testcase classname="test.com.inovis.mss.registration.TestGenericPipelineRegistration" name="test4_ReRegistration" time="0.0"></testcase>
  <testcase classname="test.com.inovis.mss.registration.TestGenericPipelineRegistration" name="test5_AddAdditionalOrganization" time="0.0"></testcase>
  <testcase classname="test.com.inovis.mss.registration.TestGenericPipelineRegistration" name="test6_ModifyOrganization" time="0.0"></testcase>
  <testcase classname="test.com.inovis.mss.registration.TestGenericPipelineRegistration" name="test7_DeleteTandemAccount" time="0.0"></testcase>
  <testcase classname="test.com.inovis.mss.registration.TestGenericPipelineRegistration" name="test8_DeleteAccount" time="0.0"></testcase>
  <testcase classname="test.com.inovis.mss.registration.TestGenericPipelineRegistration" name="test9_DeleteBusiness" time="0.0"></testcase>
  <testcase classname="test.com.inovis.mss.registration.TestOrderedPipelineRegistration" name="test1_SetupProderOrderForPWRERegistration" time="2.666">
    <error type="java.lang.NullPointerException">java.lang.NullPointerException
	at test.com.inovis.mss.registration.TestOrderedPipelineRegistration.test1_SetupProderOrderForPWRERegistration(TestOrderedPipelineRegistration.java:238)
</error>
  </testcase>
  <testcase classname="test.com.inovis.mss.registration.TestOrderedPipelineRegistration" name="test4_AddAdditionalAccount" time="2.48"></testcase>
  <testcase classname="test.com.inovis.mss.registration.TestOrderedPipelineRegistration" name="test5_ReRegistration" time="2.869"></testcase>
  <testcase classname="test.com.inovis.mss.registration.TestOrderedPipelineRegistration" name="test6_AddAdditionalOrganization" time="2.776"></testcase>
  <testcase classname="test.com.inovis.mss.registration.TestOrderedPipelineRegistration" name="test7_LicenseNotAcceptedRegistration" time="2.48">
    <error type="java.lang.NullPointerException">java.lang.NullPointerException
	at test.com.inovis.mss.registration.TestOrderedPipelineRegistration.test7_LicenseNotAcceptedRegistration(TestOrderedPipelineRegistration.java:480)
</error>
  </testcase>
  <testcase classname="test.com.inovis.mss.registration.TestOrderedPipelineRegistration" name="test8_RegisteredProductOrderValidation" time="2.167">
    <error type="java.lang.NullPointerException">java.lang.NullPointerException
	at test.com.inovis.mss.registration.TestOrderedPipelineRegistration.test8_RegisteredProductOrderValidation(TestOrderedPipelineRegistration.java:498)
</error>
  </testcase>
  <testcase classname="test.com.inovis.mss.registration.TestOrderedPipelineRegistration" name="test9_DeleteTandemAccount" time="2.495"></testcase>
  <testcase classname="test.com.inovis.mss.registration.TestOrderedPipelineRegistration" name="test10_DeleteAccount" time="2.667"></testcase>
  <testcase classname="test.com.inovis.mss.registration.TestOrderedPipelineRegistration" name="test11_DeleteBusiness" time="2.168"></testcase>
  <testcase classname="test.com.inovis.mss.registration.TestOrderedPipelineRegistration" name="test12_CleanUpProductOrderForPWRE" time="2.682">
    <error type="java.lang.NullPointerException">java.lang.NullPointerException
	at test.com.inovis.mss.registration.TestOrderedPipelineRegistration.test12_CleanUpProductOrderForPWRE(TestOrderedPipelineRegistration.java:592)
</error>
  </testcase>
  <testcase classname="test.com.inovis.mss.registration.reghelper.TestRegHelperManager" name="testLicenseID" time="2.167">
    <error message="[RHLP-00163] Unable to create the RegHelper Manager." type="com.inovis.b2b.lib.exception.OperationFailedException">class com.inovis.b2b.lib.exception.OperationFailedException: [RHLP-00163] Unable to create the RegHelper Manager.
	at com.inovis.mss.registration.reghelper.defs.RegHelperManagerImp.&lt;init&gt;(RegHelperManagerImp.java:77)
	at com.inovis.mss.registration.reghelper.RegHelperManager.getManager(RegHelperManager.java:57)
	at test.com.inovis.mss.registration.reghelper.TestRegHelperManager.setUp(TestRegHelperManager.java:131)
Caused by: class com.inovis.b2b.lib.service.ServiceUnavailableException: [LIBP-00001] Unable to connect to naming service
	at com.inovis.b2b.lib.service.ServiceLocator.getInitialContext(ServiceLocator.java:214)
	at com.inovis.b2b.lib.service.ServiceLocator.&lt;init&gt;(ServiceLocator.java:183)
	at com.inovis.b2b.lib.service.ServiceLocator.getInstance(ServiceLocator.java:167)
	at com.inovis.b2b.lib.service.ServiceLocator.getInstance(ServiceLocator.java:150)
	at com.inovis.mss.registration.reghelper.defs.RegHelperManagerImp.&lt;init&gt;(RegHelperManagerImp.java:66)
	... 18 more
Caused by: javax.naming.CommunicationException [Root exception is java.net.ConnectException: t3://localhost:7001: Destination unreachable; nested exception is: 
	java.net.ConnectException: Connection refused: connect; No available router to destination]
	at weblogic.jndi.internal.ExceptionTranslator.toNamingException(ExceptionTranslator.java:49)
	at weblogic.jndi.WLInitialContextFactoryDelegate.toNamingException(WLInitialContextFactoryDelegate.java:765)
	at weblogic.jndi.WLInitialContextFactoryDelegate.getInitialContext(WLInitialContextFactoryDelegate.java:364)
	at weblogic.jndi.Environment.getContext(Environment.java:307)
	at weblogic.jndi.Environment.getContext(Environment.java:277)
	at weblogic.jndi.WLInitialContextFactory.getInitialContext(WLInitialContextFactory.java:117)
	at javax.naming.spi.NamingManager.getInitialContext(NamingManager.java:667)
	at javax.naming.InitialContext.getDefaultInitCtx(InitialContext.java:247)
	at javax.naming.InitialContext.init(InitialContext.java:223)
	at javax.naming.InitialContext.&lt;init&gt;(InitialContext.java:175)
	at com.inovis.b2b.lib.service.ServiceLocator.getInitialContext(ServiceLocator.java:206)
	... 22 more
Caused by: java.net.ConnectException: t3://localhost:7001: Destination unreachable; nested exception is: 
	java.net.ConnectException: Connection refused: connect; No available router to destination
	at weblogic.rjvm.RJVMFinder.findOrCreate(RJVMFinder.java:204)
	at weblogic.rjvm.ServerURL.findOrCreateRJVM(ServerURL.java:154)
	at weblogic.jndi.WLInitialContextFactoryDelegate.getInitialContext(WLInitialContextFactoryDelegate.java:349)
	... 30 more
Caused by: java.rmi.ConnectException: Destination unreachable; nested exception is: 
	java.net.ConnectException: Connection refused: connect; No available router to destination
	at weblogic.rjvm.ConnectionManager.bootstrap(ConnectionManager.java:472)
	at weblogic.rjvm.ConnectionManager.bootstrap(ConnectionManager.java:323)
	at weblogic.rjvm.RJVMManager.findOrCreateRemoteInternal(RJVMManager.java:259)
	at weblogic.rjvm.RJVMManager.findOrCreate(RJVMManager.java:202)
	at weblogic.rjvm.RJVMFinder.findOrCreateRemoteServer(RJVMFinder.java:226)
	at weblogic.rjvm.RJVMFinder.findOrCreate(RJVMFinder.java:189)
	... 32 more
</error>
  </testcase>
  <testcase classname="test.com.inovis.mss.registration.reghelper.TestRegHelperManager" name="testMgrRegHelperCleanUp" time="2.683">
    <error message="[RHLP-00163] Unable to create the RegHelper Manager." type="com.inovis.b2b.lib.exception.OperationFailedException">class com.inovis.b2b.lib.exception.OperationFailedException: [RHLP-00163] Unable to create the RegHelper Manager.
	at com.inovis.mss.registration.reghelper.defs.RegHelperManagerImp.&lt;init&gt;(RegHelperManagerImp.java:77)
	at com.inovis.mss.registration.reghelper.RegHelperManager.getManager(RegHelperManager.java:57)
	at test.com.inovis.mss.registration.reghelper.TestRegHelperManager.setUp(TestRegHelperManager.java:131)
Caused by: class com.inovis.b2b.lib.service.ServiceUnavailableException: [LIBP-00001] Unable to connect to naming service
	at com.inovis.b2b.lib.service.ServiceLocator.getInitialContext(ServiceLocator.java:214)
	at com.inovis.b2b.lib.service.ServiceLocator.&lt;init&gt;(ServiceLocator.java:183)
	at com.inovis.b2b.lib.service.ServiceLocator.getInstance(ServiceLocator.java:167)
	at com.inovis.b2b.lib.service.ServiceLocator.getInstance(ServiceLocator.java:150)
	at com.inovis.mss.registration.reghelper.defs.RegHelperManagerImp.&lt;init&gt;(RegHelperManagerImp.java:66)
	... 18 more
Caused by: javax.naming.CommunicationException [Root exception is java.net.ConnectException: t3://localhost:7001: Destination unreachable; nested exception is: 
	java.net.ConnectException: Connection refused: connect; No available router to destination]
	at weblogic.jndi.internal.ExceptionTranslator.toNamingException(ExceptionTranslator.java:49)
	at weblogic.jndi.WLInitialContextFactoryDelegate.toNamingException(WLInitialContextFactoryDelegate.java:765)
	at weblogic.jndi.WLInitialContextFactoryDelegate.getInitialContext(WLInitialContextFactoryDelegate.java:364)
	at weblogic.jndi.Environment.getContext(Environment.java:307)
	at weblogic.jndi.Environment.getContext(Environment.java:277)
	at weblogic.jndi.WLInitialContextFactory.getInitialContext(WLInitialContextFactory.java:117)
	at javax.naming.spi.NamingManager.getInitialContext(NamingManager.java:667)
	at javax.naming.InitialContext.getDefaultInitCtx(InitialContext.java:247)
	at javax.naming.InitialContext.init(InitialContext.java:223)
	at javax.naming.InitialContext.&lt;init&gt;(InitialContext.java:175)
	at com.inovis.b2b.lib.service.ServiceLocator.getInitialContext(ServiceLocator.java:206)
	... 22 more
Caused by: java.net.ConnectException: t3://localhost:7001: Destination unreachable; nested exception is: 
	java.net.ConnectException: Connection refused: connect; No available router to destination
	at weblogic.rjvm.RJVMFinder.findOrCreate(RJVMFinder.java:204)
	at weblogic.rjvm.ServerURL.findOrCreateRJVM(ServerURL.java:154)
	at weblogic.jndi.WLInitialContextFactoryDelegate.getInitialContext(WLInitialContextFactoryDelegate.java:349)
	... 30 more
Caused by: java.rmi.ConnectException: Destination unreachable; nested exception is: 
	java.net.ConnectException: Connection refused: connect; No available router to destination
	at weblogic.rjvm.ConnectionManager.bootstrap(ConnectionManager.java:472)
	at weblogic.rjvm.ConnectionManager.bootstrap(ConnectionManager.java:323)
	at weblogic.rjvm.RJVMManager.findOrCreateRemoteInternal(RJVMManager.java:259)
	at weblogic.rjvm.RJVMManager.findOrCreate(RJVMManager.java:202)
	at weblogic.rjvm.RJVMFinder.findOrCreateRemoteServer(RJVMFinder.java:226)
	at weblogic.rjvm.RJVMFinder.findOrCreate(RJVMFinder.java:189)
	... 32 more
</error>
  </testcase>
  <testcase classname="test.com.inovis.mss.registration.reghelper.TestRegHelperManager" name="testMgrInsertClientInfo" time="2.058">
    <error message="[RHLP-00163] Unable to create the RegHelper Manager." type="com.inovis.b2b.lib.exception.OperationFailedException">class com.inovis.b2b.lib.exception.OperationFailedException: [RHLP-00163] Unable to create the RegHelper Manager.
	at com.inovis.mss.registration.reghelper.defs.RegHelperManagerImp.&lt;init&gt;(RegHelperManagerImp.java:77)
	at com.inovis.mss.registration.reghelper.RegHelperManager.getManager(RegHelperManager.java:57)
	at test.com.inovis.mss.registration.reghelper.TestRegHelperManager.setUp(TestRegHelperManager.java:131)
Caused by: class com.inovis.b2b.lib.service.ServiceUnavailableException: [LIBP-00001] Unable to connect to naming service
	at com.inovis.b2b.lib.service.ServiceLocator.getInitialContext(ServiceLocator.java:214)
	at com.inovis.b2b.lib.service.ServiceLocator.&lt;init&gt;(ServiceLocator.java:183)
	at com.inovis.b2b.lib.service.ServiceLocator.getInstance(ServiceLocator.java:167)
	at com.inovis.b2b.lib.service.ServiceLocator.getInstance(ServiceLocator.java:150)
	at com.inovis.mss.registration.reghelper.defs.RegHelperManagerImp.&lt;init&gt;(RegHelperManagerImp.java:66)
	... 18 more
Caused by: javax.naming.CommunicationException [Root exception is java.net.ConnectException: t3://localhost:7001: Destination unreachable; nested exception is: 
	java.net.ConnectException: Connection refused: connect; No available router to destination]
	at weblogic.jndi.internal.ExceptionTranslator.toNamingException(ExceptionTranslator.java:49)
	at weblogic.jndi.WLInitialContextFactoryDelegate.toNamingException(WLInitialContextFactoryDelegate.java:765)
	at weblogic.jndi.WLInitialContextFactoryDelegate.getInitialContext(WLInitialContextFactoryDelegate.java:364)
	at weblogic.jndi.Environment.getContext(Environment.java:307)
	at weblogic.jndi.Environment.getContext(Environment.java:277)
	at weblogic.jndi.WLInitialContextFactory.getInitialContext(WLInitialContextFactory.java:117)
	at javax.naming.spi.NamingManager.getInitialContext(NamingManager.java:667)
	at javax.naming.InitialContext.getDefaultInitCtx(InitialContext.java:247)
	at javax.naming.InitialContext.init(InitialContext.java:223)
	at javax.naming.InitialContext.&lt;init&gt;(InitialContext.java:175)
	at com.inovis.b2b.lib.service.ServiceLocator.getInitialContext(ServiceLocator.java:206)
	... 22 more
Caused by: java.net.ConnectException: t3://localhost:7001: Destination unreachable; nested exception is: 
	java.net.ConnectException: Connection refused: connect; No available router to destination
	at weblogic.rjvm.RJVMFinder.findOrCreate(RJVMFinder.java:204)
	at weblogic.rjvm.ServerURL.findOrCreateRJVM(ServerURL.java:154)
	at weblogic.jndi.WLInitialContextFactoryDelegate.getInitialContext(WLInitialContextFactoryDelegate.java:349)
	... 30 more
Caused by: java.rmi.ConnectException: Destination unreachable; nested exception is: 
	java.net.ConnectException: Connection refused: connect; No available router to destination
	at weblogic.rjvm.ConnectionManager.bootstrap(ConnectionManager.java:472)
	at weblogic.rjvm.ConnectionManager.bootstrap(ConnectionManager.java:323)
	at weblogic.rjvm.RJVMManager.findOrCreateRemoteInternal(RJVMManager.java:259)
	at weblogic.rjvm.RJVMManager.findOrCreate(RJVMManager.java:202)
	at weblogic.rjvm.RJVMFinder.findOrCreateRemoteServer(RJVMFinder.java:226)
	at weblogic.rjvm.RJVMFinder.findOrCreate(RJVMFinder.java:189)
	... 32 more
</error>
  </testcase>
  <testcase classname="test.com.inovis.mss.registration.reghelper.TestRegHelperManager" name="testMgrSelectClientInfo1" time="2.979">
    <error message="[RHLP-00163] Unable to create the RegHelper Manager." type="com.inovis.b2b.lib.exception.OperationFailedException">class com.inovis.b2b.lib.exception.OperationFailedException: [RHLP-00163] Unable to create the RegHelper Manager.
	at com.inovis.mss.registration.reghelper.defs.RegHelperManagerImp.&lt;init&gt;(RegHelperManagerImp.java:77)
	at com.inovis.mss.registration.reghelper.RegHelperManager.getManager(RegHelperManager.java:57)
	at test.com.inovis.mss.registration.reghelper.TestRegHelperManager.setUp(TestRegHelperManager.java:131)
Caused by: class com.inovis.b2b.lib.service.ServiceUnavailableException: [LIBP-00001] Unable to connect to naming service
	at com.inovis.b2b.lib.service.ServiceLocator.getInitialContext(ServiceLocator.java:214)
	at com.inovis.b2b.lib.service.ServiceLocator.&lt;init&gt;(ServiceLocator.java:183)
	at com.inovis.b2b.lib.service.ServiceLocator.getInstance(ServiceLocator.java:167)
	at com.inovis.b2b.lib.service.ServiceLocator.getInstance(ServiceLocator.java:150)
	at com.inovis.mss.registration.reghelper.defs.RegHelperManagerImp.&lt;init&gt;(RegHelperManagerImp.java:66)
	... 18 more
Caused by: javax.naming.CommunicationException [Root exception is java.net.ConnectException: t3://localhost:7001: Destination unreachable; nested exception is: 
	java.net.ConnectException: Connection refused: connect; No available router to destination]
	at weblogic.jndi.internal.ExceptionTranslator.toNamingException(ExceptionTranslator.java:49)
	at weblogic.jndi.WLInitialContextFactoryDelegate.toNamingException(WLInitialContextFactoryDelegate.java:765)
	at weblogic.jndi.WLInitialContextFactoryDelegate.getInitialContext(WLInitialContextFactoryDelegate.java:364)
	at weblogic.jndi.Environment.getContext(Environment.java:307)
	at weblogic.jndi.Environment.getContext(Environment.java:277)
	at weblogic.jndi.WLInitialContextFactory.getInitialContext(WLInitialContextFactory.java:117)
	at javax.naming.spi.NamingManager.getInitialContext(NamingManager.java:667)
	at javax.naming.InitialContext.getDefaultInitCtx(InitialContext.java:247)
	at javax.naming.InitialContext.init(InitialContext.java:223)
	at javax.naming.InitialContext.&lt;init&gt;(InitialContext.java:175)
	at com.inovis.b2b.lib.service.ServiceLocator.getInitialContext(ServiceLocator.java:206)
	... 22 more
Caused by: java.net.ConnectException: t3://localhost:7001: Destination unreachable; nested exception is: 
	java.net.ConnectException: Connection refused: connect; No available router to destination
	at weblogic.rjvm.RJVMFinder.findOrCreate(RJVMFinder.java:204)
	at weblogic.rjvm.ServerURL.findOrCreateRJVM(ServerURL.java:154)
	at weblogic.jndi.WLInitialContextFactoryDelegate.getInitialContext(WLInitialContextFactoryDelegate.java:349)
	... 30 more
Caused by: java.rmi.ConnectException: Destination unreachable; nested exception is: 
	java.net.ConnectException: Connection refused: connect; No available router to destination
	at weblogic.rjvm.ConnectionManager.bootstrap(ConnectionManager.java:472)
	at weblogic.rjvm.ConnectionManager.bootstrap(ConnectionManager.java:323)
	at weblogic.rjvm.RJVMManager.findOrCreateRemoteInternal(RJVMManager.java:259)
	at weblogic.rjvm.RJVMManager.findOrCreate(RJVMManager.java:202)
	at weblogic.rjvm.RJVMFinder.findOrCreateRemoteServer(RJVMFinder.java:226)
	at weblogic.rjvm.RJVMFinder.findOrCreate(RJVMFinder.java:189)
	... 32 more
</error>
  </testcase>
  <testcase classname="test.com.inovis.mss.registration.reghelper.TestRegHelperManager" name="testMgrDeleteClientInfo1" time="2.292">
    <error message="[RHLP-00163] Unable to create the RegHelper Manager." type="com.inovis.b2b.lib.exception.OperationFailedException">class com.inovis.b2b.lib.exception.OperationFailedException: [RHLP-00163] Unable to create the RegHelper Manager.
	at com.inovis.mss.registration.reghelper.defs.RegHelperManagerImp.&lt;init&gt;(RegHelperManagerImp.java:77)
	at com.inovis.mss.registration.reghelper.RegHelperManager.getManager(RegHelperManager.java:57)
	at test.com.inovis.mss.registration.reghelper.TestRegHelperManager.setUp(TestRegHelperManager.java:131)
Caused by: class com.inovis.b2b.lib.service.ServiceUnavailableException: [LIBP-00001] Unable to connect to naming service
	at com.inovis.b2b.lib.service.ServiceLocator.getInitialContext(ServiceLocator.java:214)
	at com.inovis.b2b.lib.service.ServiceLocator.&lt;init&gt;(ServiceLocator.java:183)
	at com.inovis.b2b.lib.service.ServiceLocator.getInstance(ServiceLocator.java:167)
	at com.inovis.b2b.lib.service.ServiceLocator.getInstance(ServiceLocator.java:150)
	at com.inovis.mss.registration.reghelper.defs.RegHelperManagerImp.&lt;init&gt;(RegHelperManagerImp.java:66)
	... 18 more
Caused by: javax.naming.CommunicationException [Root exception is java.net.ConnectException: t3://localhost:7001: Destination unreachable; nested exception is: 
	java.net.ConnectException: Connection refused: connect; No available router to destination]
	at weblogic.jndi.internal.ExceptionTranslator.toNamingException(ExceptionTranslator.java:49)
	at weblogic.jndi.WLInitialContextFactoryDelegate.toNamingException(WLInitialContextFactoryDelegate.java:765)
	at weblogic.jndi.WLInitialContextFactoryDelegate.getInitialContext(WLInitialContextFactoryDelegate.java:364)
	at weblogic.jndi.Environment.getContext(Environment.java:307)
	at weblogic.jndi.Environment.getContext(Environment.java:277)
	at weblogic.jndi.WLInitialContextFactory.getInitialContext(WLInitialContextFactory.java:117)
	at javax.naming.spi.NamingManager.getInitialContext(NamingManager.java:667)
	at javax.naming.InitialContext.getDefaultInitCtx(InitialContext.java:247)
	at javax.naming.InitialContext.init(InitialContext.java:223)
	at javax.naming.InitialContext.&lt;init&gt;(InitialContext.java:175)
	at com.inovis.b2b.lib.service.ServiceLocator.getInitialContext(ServiceLocator.java:206)
	... 22 more
Caused by: java.net.ConnectException: t3://localhost:7001: Destination unreachable; nested exception is: 
	java.net.ConnectException: Connection refused: connect; No available router to destination
	at weblogic.rjvm.RJVMFinder.findOrCreate(RJVMFinder.java:204)
	at weblogic.rjvm.ServerURL.findOrCreateRJVM(ServerURL.java:154)
	at weblogic.jndi.WLInitialContextFactoryDelegate.getInitialContext(WLInitialContextFactoryDelegate.java:349)
	... 30 more
Caused by: java.rmi.ConnectException: Destination unreachable; nested exception is: 
	java.net.ConnectException: Connection refused: connect; No available router to destination
	at weblogic.rjvm.ConnectionManager.bootstrap(ConnectionManager.java:472)
	at weblogic.rjvm.ConnectionManager.bootstrap(ConnectionManager.java:323)
	at weblogic.rjvm.RJVMManager.findOrCreateRemoteInternal(RJVMManager.java:259)
	at weblogic.rjvm.RJVMManager.findOrCreate(RJVMManager.java:202)
	at weblogic.rjvm.RJVMFinder.findOrCreateRemoteServer(RJVMFinder.java:226)
	at weblogic.rjvm.RJVMFinder.findOrCreate(RJVMFinder.java:189)
	... 32 more
</error>
  </testcase>
  <testcase classname="test.com.inovis.mss.registration.reghelper.TestRegHelperManager" name="testMgrSelectClientInfo2" time="3.057">
    <error message="[RHLP-00163] Unable to create the RegHelper Manager." type="com.inovis.b2b.lib.exception.OperationFailedException">class com.inovis.b2b.lib.exception.OperationFailedException: [RHLP-00163] Unable to create the RegHelper Manager.
	at com.inovis.mss.registration.reghelper.defs.RegHelperManagerImp.&lt;init&gt;(RegHelperManagerImp.java:77)
	at com.inovis.mss.registration.reghelper.RegHelperManager.getManager(RegHelperManager.java:57)
	at test.com.inovis.mss.registration.reghelper.TestRegHelperManager.setUp(TestRegHelperManager.java:131)
Caused by: class com.inovis.b2b.lib.service.ServiceUnavailableException: [LIBP-00001] Unable to connect to naming service
	at com.inovis.b2b.lib.service.ServiceLocator.getInitialContext(ServiceLocator.java:214)
	at com.inovis.b2b.lib.service.ServiceLocator.&lt;init&gt;(ServiceLocator.java:183)
	at com.inovis.b2b.lib.service.ServiceLocator.getInstance(ServiceLocator.java:167)
	at com.inovis.b2b.lib.service.ServiceLocator.getInstance(ServiceLocator.java:150)
	at com.inovis.mss.registration.reghelper.defs.RegHelperManagerImp.&lt;init&gt;(RegHelperManagerImp.java:66)
	... 18 more
Caused by: javax.naming.CommunicationException [Root exception is java.net.ConnectException: t3://localhost:7001: Destination unreachable; nested exception is: 
	java.net.ConnectException: Connection refused: connect; No available router to destination]
	at weblogic.jndi.internal.ExceptionTranslator.toNamingException(ExceptionTranslator.java:49)
	at weblogic.jndi.WLInitialContextFactoryDelegate.toNamingException(WLInitialContextFactoryDelegate.java:765)
	at weblogic.jndi.WLInitialContextFactoryDelegate.getInitialContext(WLInitialContextFactoryDelegate.java:364)
	at weblogic.jndi.Environment.getContext(Environment.java:307)
	at weblogic.jndi.Environment.getContext(Environment.java:277)
	at weblogic.jndi.WLInitialContextFactory.getInitialContext(WLInitialContextFactory.java:117)
	at javax.naming.spi.NamingManager.getInitialContext(NamingManager.java:667)
	at javax.naming.InitialContext.getDefaultInitCtx(InitialContext.java:247)
	at javax.naming.InitialContext.init(InitialContext.java:223)
	at javax.naming.InitialContext.&lt;init&gt;(InitialContext.java:175)
	at com.inovis.b2b.lib.service.ServiceLocator.getInitialContext(ServiceLocator.java:206)
	... 22 more
Caused by: java.net.ConnectException: t3://localhost:7001: Destination unreachable; nested exception is: 
	java.net.ConnectException: Connection refused: connect; No available router to destination
	at weblogic.rjvm.RJVMFinder.findOrCreate(RJVMFinder.java:204)
	at weblogic.rjvm.ServerURL.findOrCreateRJVM(ServerURL.java:154)
	at weblogic.jndi.WLInitialContextFactoryDelegate.getInitialContext(WLInitialContextFactoryDelegate.java:349)
	... 30 more
Caused by: java.rmi.ConnectException: Destination unreachable; nested exception is: 
	java.net.ConnectException: Connection refused: connect; No available router to destination
	at weblogic.rjvm.ConnectionManager.bootstrap(ConnectionManager.java:472)
	at weblogic.rjvm.ConnectionManager.bootstrap(ConnectionManager.java:323)
	at weblogic.rjvm.RJVMManager.findOrCreateRemoteInternal(RJVMManager.java:259)
	at weblogic.rjvm.RJVMManager.findOrCreate(RJVMManager.java:202)
	at weblogic.rjvm.RJVMFinder.findOrCreateRemoteServer(RJVMFinder.java:226)
	at weblogic.rjvm.RJVMFinder.findOrCreate(RJVMFinder.java:189)
	... 32 more
</error>
  </testcase>
  <testcase classname="test.com.inovis.mss.registration.reghelper.TestRegHelperManager" name="testMgrUpdateClientInfo" time="2.791">
    <error message="[RHLP-00163] Unable to create the RegHelper Manager." type="com.inovis.b2b.lib.exception.OperationFailedException">class com.inovis.b2b.lib.exception.OperationFailedException: [RHLP-00163] Unable to create the RegHelper Manager.
	at com.inovis.mss.registration.reghelper.defs.RegHelperManagerImp.&lt;init&gt;(RegHelperManagerImp.java:77)
	at com.inovis.mss.registration.reghelper.RegHelperManager.getManager(RegHelperManager.java:57)
	at test.com.inovis.mss.registration.reghelper.TestRegHelperManager.setUp(TestRegHelperManager.java:131)
Caused by: class com.inovis.b2b.lib.service.ServiceUnavailableException: [LIBP-00001] Unable to connect to naming service
	at com.inovis.b2b.lib.service.ServiceLocator.getInitialContext(ServiceLocator.java:214)
	at com.inovis.b2b.lib.service.ServiceLocator.&lt;init&gt;(ServiceLocator.java:183)
	at com.inovis.b2b.lib.service.ServiceLocator.getInstance(ServiceLocator.java:167)
	at com.inovis.b2b.lib.service.ServiceLocator.getInstance(ServiceLocator.java:150)
	at com.inovis.mss.registration.reghelper.defs.RegHelperManagerImp.&lt;init&gt;(RegHelperManagerImp.java:66)
	... 18 more
Caused by: javax.naming.CommunicationException [Root exception is java.net.ConnectException: t3://localhost:7001: Destination unreachable; nested exception is: 
	java.net.ConnectException: Connection refused: connect; No available router to destination]
	at weblogic.jndi.internal.ExceptionTranslator.toNamingException(ExceptionTranslator.java:49)
	at weblogic.jndi.WLInitialContextFactoryDelegate.toNamingException(WLInitialContextFactoryDelegate.java:765)
	at weblogic.jndi.WLInitialContextFactoryDelegate.getInitialContext(WLInitialContextFactoryDelegate.java:364)
	at weblogic.jndi.Environment.getContext(Environment.java:307)
	at weblogic.jndi.Environment.getContext(Environment.java:277)
	at weblogic.jndi.WLInitialContextFactory.getInitialContext(WLInitialContextFactory.java:117)
	at javax.naming.spi.NamingManager.getInitialContext(NamingManager.java:667)
	at javax.naming.InitialContext.getDefaultInitCtx(InitialContext.java:247)
	at javax.naming.InitialContext.init(InitialContext.java:223)
	at javax.naming.InitialContext.&lt;init&gt;(InitialContext.java:175)
	at com.inovis.b2b.lib.service.ServiceLocator.getInitialContext(ServiceLocator.java:206)
	... 22 more
Caused by: java.net.ConnectException: t3://localhost:7001: Destination unreachable; nested exception is: 
	java.net.ConnectException: Connection refused: connect; No available router to destination
	at weblogic.rjvm.RJVMFinder.findOrCreate(RJVMFinder.java:204)
	at weblogic.rjvm.ServerURL.findOrCreateRJVM(ServerURL.java:154)
	at weblogic.jndi.WLInitialContextFactoryDelegate.getInitialContext(WLInitialContextFactoryDelegate.java:349)
	... 30 more
Caused by: java.rmi.ConnectException: Destination unreachable; nested exception is: 
	java.net.ConnectException: Connection refused: connect; No available router to destination
	at weblogic.rjvm.ConnectionManager.bootstrap(ConnectionManager.java:472)
	at weblogic.rjvm.ConnectionManager.bootstrap(ConnectionManager.java:323)
	at weblogic.rjvm.RJVMManager.findOrCreateRemoteInternal(RJVMManager.java:259)
	at weblogic.rjvm.RJVMManager.findOrCreate(RJVMManager.java:202)
	at weblogic.rjvm.RJVMFinder.findOrCreateRemoteServer(RJVMFinder.java:226)
	at weblogic.rjvm.RJVMFinder.findOrCreate(RJVMFinder.java:189)
	... 32 more
</error>
  </testcase>
  <testcase classname="test.com.inovis.mss.registration.reghelper.TestRegHelperManager" name="testMgrInsertLongClientInfo" time="2.994">
    <error message="[RHLP-00163] Unable to create the RegHelper Manager." type="com.inovis.b2b.lib.exception.OperationFailedException">class com.inovis.b2b.lib.exception.OperationFailedException: [RHLP-00163] Unable to create the RegHelper Manager.
	at com.inovis.mss.registration.reghelper.defs.RegHelperManagerImp.&lt;init&gt;(RegHelperManagerImp.java:77)
	at com.inovis.mss.registration.reghelper.RegHelperManager.getManager(RegHelperManager.java:57)
	at test.com.inovis.mss.registration.reghelper.TestRegHelperManager.setUp(TestRegHelperManager.java:131)
Caused by: class com.inovis.b2b.lib.service.ServiceUnavailableException: [LIBP-00001] Unable to connect to naming service
	at com.inovis.b2b.lib.service.ServiceLocator.getInitialContext(ServiceLocator.java:214)
	at com.inovis.b2b.lib.service.ServiceLocator.&lt;init&gt;(ServiceLocator.java:183)
	at com.inovis.b2b.lib.service.ServiceLocator.getInstance(ServiceLocator.java:167)
	at com.inovis.b2b.lib.service.ServiceLocator.getInstance(ServiceLocator.java:150)
	at com.inovis.mss.registration.reghelper.defs.RegHelperManagerImp.&lt;init&gt;(RegHelperManagerImp.java:66)
	... 18 more
Caused by: javax.naming.CommunicationException [Root exception is java.net.ConnectException: t3://localhost:7001: Destination unreachable; nested exception is: 
	java.net.ConnectException: Connection refused: connect; No available router to destination]
	at weblogic.jndi.internal.ExceptionTranslator.toNamingException(ExceptionTranslator.java:49)
	at weblogic.jndi.WLInitialContextFactoryDelegate.toNamingException(WLInitialContextFactoryDelegate.java:765)
	at weblogic.jndi.WLInitialContextFactoryDelegate.getInitialContext(WLInitialContextFactoryDelegate.java:364)
	at weblogic.jndi.Environment.getContext(Environment.java:307)
	at weblogic.jndi.Environment.getContext(Environment.java:277)
	at weblogic.jndi.WLInitialContextFactory.getInitialContext(WLInitialContextFactory.java:117)
	at javax.naming.spi.NamingManager.getInitialContext(NamingManager.java:667)
	at javax.naming.InitialContext.getDefaultInitCtx(InitialContext.java:247)
	at javax.naming.InitialContext.init(InitialContext.java:223)
	at javax.naming.InitialContext.&lt;init&gt;(InitialContext.java:175)
	at com.inovis.b2b.lib.service.ServiceLocator.getInitialContext(ServiceLocator.java:206)
	... 22 more
Caused by: java.net.ConnectException: t3://localhost:7001: Destination unreachable; nested exception is: 
	java.net.ConnectException: Connection refused: connect; No available router to destination
	at weblogic.rjvm.RJVMFinder.findOrCreate(RJVMFinder.java:204)
	at weblogic.rjvm.ServerURL.findOrCreateRJVM(ServerURL.java:154)
	at weblogic.jndi.WLInitialContextFactoryDelegate.getInitialContext(WLInitialContextFactoryDelegate.java:349)
	... 30 more
Caused by: java.rmi.ConnectException: Destination unreachable; nested exception is: 
	java.net.ConnectException: Connection refused: connect; No available router to destination
	at weblogic.rjvm.ConnectionManager.bootstrap(ConnectionManager.java:472)
	at weblogic.rjvm.ConnectionManager.bootstrap(ConnectionManager.java:323)
	at weblogic.rjvm.RJVMManager.findOrCreateRemoteInternal(RJVMManager.java:259)
	at weblogic.rjvm.RJVMManager.findOrCreate(RJVMManager.java:202)
	at weblogic.rjvm.RJVMFinder.findOrCreateRemoteServer(RJVMFinder.java:226)
	at weblogic.rjvm.RJVMFinder.findOrCreate(RJVMFinder.java:189)
	... 32 more
</error>
  </testcase>
  <testcase classname="test.com.inovis.mss.registration.reghelper.TestRegHelperManager" name="testMgrInsertLicenseInfo" time="2.371">
    <error message="[RHLP-00163] Unable to create the RegHelper Manager." type="com.inovis.b2b.lib.exception.OperationFailedException">class com.inovis.b2b.lib.exception.OperationFailedException: [RHLP-00163] Unable to create the RegHelper Manager.
	at com.inovis.mss.registration.reghelper.defs.RegHelperManagerImp.&lt;init&gt;(RegHelperManagerImp.java:77)
	at com.inovis.mss.registration.reghelper.RegHelperManager.getManager(RegHelperManager.java:57)
	at test.com.inovis.mss.registration.reghelper.TestRegHelperManager.setUp(TestRegHelperManager.java:131)
Caused by: class com.inovis.b2b.lib.service.ServiceUnavailableException: [LIBP-00001] Unable to connect to naming service
	at com.inovis.b2b.lib.service.ServiceLocator.getInitialContext(ServiceLocator.java:214)
	at com.inovis.b2b.lib.service.ServiceLocator.&lt;init&gt;(ServiceLocator.java:183)
	at com.inovis.b2b.lib.service.ServiceLocator.getInstance(ServiceLocator.java:167)
	at com.inovis.b2b.lib.service.ServiceLocator.getInstance(ServiceLocator.java:150)
	at com.inovis.mss.registration.reghelper.defs.RegHelperManagerImp.&lt;init&gt;(RegHelperManagerImp.java:66)
	... 18 more
Caused by: javax.naming.CommunicationException [Root exception is java.net.ConnectException: t3://localhost:7001: Destination unreachable; nested exception is: 
	java.net.ConnectException: Connection refused: connect; No available router to destination]
	at weblogic.jndi.internal.ExceptionTranslator.toNamingException(ExceptionTranslator.java:49)
	at weblogic.jndi.WLInitialContextFactoryDelegate.toNamingException(WLInitialContextFactoryDelegate.java:765)
	at weblogic.jndi.WLInitialContextFactoryDelegate.getInitialContext(WLInitialContextFactoryDelegate.java:364)
	at weblogic.jndi.Environment.getContext(Environment.java:307)
	at weblogic.jndi.Environment.getContext(Environment.java:277)
	at weblogic.jndi.WLInitialContextFactory.getInitialContext(WLInitialContextFactory.java:117)
	at javax.naming.spi.NamingManager.getInitialContext(NamingManager.java:667)
	at javax.naming.InitialContext.getDefaultInitCtx(InitialContext.java:247)
	at javax.naming.InitialContext.init(InitialContext.java:223)
	at javax.naming.InitialContext.&lt;init&gt;(InitialContext.java:175)
	at com.inovis.b2b.lib.service.ServiceLocator.getInitialContext(ServiceLocator.java:206)
	... 22 more
Caused by: java.net.ConnectException: t3://localhost:7001: Destination unreachable; nested exception is: 
	java.net.ConnectException: Connection refused: connect; No available router to destination
	at weblogic.rjvm.RJVMFinder.findOrCreate(RJVMFinder.java:204)
	at weblogic.rjvm.ServerURL.findOrCreateRJVM(ServerURL.java:154)
	at weblogic.jndi.WLInitialContextFactoryDelegate.getInitialContext(WLInitialContextFactoryDelegate.java:349)
	... 30 more
Caused by: java.rmi.ConnectException: Destination unreachable; nested exception is: 
	java.net.ConnectException: Connection refused: connect; No available router to destination
	at weblogic.rjvm.ConnectionManager.bootstrap(ConnectionManager.java:472)
	at weblogic.rjvm.ConnectionManager.bootstrap(ConnectionManager.java:323)
	at weblogic.rjvm.RJVMManager.findOrCreateRemoteInternal(RJVMManager.java:259)
	at weblogic.rjvm.RJVMManager.findOrCreate(RJVMManager.java:202)
	at weblogic.rjvm.RJVMFinder.findOrCreateRemoteServer(RJVMFinder.java:226)
	at weblogic.rjvm.RJVMFinder.findOrCreate(RJVMFinder.java:189)
	... 32 more
</error>
  </testcase>
  <testcase classname="test.com.inovis.mss.registration.reghelper.TestRegHelperManager" name="testMgrSelectLicenseInfo1" time="2.37">
    <error message="[RHLP-00163] Unable to create the RegHelper Manager." type="com.inovis.b2b.lib.exception.OperationFailedException">class com.inovis.b2b.lib.exception.OperationFailedException: [RHLP-00163] Unable to create the RegHelper Manager.
	at com.inovis.mss.registration.reghelper.defs.RegHelperManagerImp.&lt;init&gt;(RegHelperManagerImp.java:77)
	at com.inovis.mss.registration.reghelper.RegHelperManager.getManager(RegHelperManager.java:57)
	at test.com.inovis.mss.registration.reghelper.TestRegHelperManager.setUp(TestRegHelperManager.java:131)
Caused by: class com.inovis.b2b.lib.service.ServiceUnavailableException: [LIBP-00001] Unable to connect to naming service
	at com.inovis.b2b.lib.service.ServiceLocator.getInitialContext(ServiceLocator.java:214)
	at com.inovis.b2b.lib.service.ServiceLocator.&lt;init&gt;(ServiceLocator.java:183)
	at com.inovis.b2b.lib.service.ServiceLocator.getInstance(ServiceLocator.java:167)
	at com.inovis.b2b.lib.service.ServiceLocator.getInstance(ServiceLocator.java:150)
	at com.inovis.mss.registration.reghelper.defs.RegHelperManagerImp.&lt;init&gt;(RegHelperManagerImp.java:66)
	... 18 more
Caused by: javax.naming.CommunicationException [Root exception is java.net.ConnectException: t3://localhost:7001: Destination unreachable; nested exception is: 
	java.net.ConnectException: Connection refused: connect; No available router to destination]
	at weblogic.jndi.internal.ExceptionTranslator.toNamingException(ExceptionTranslator.java:49)
	at weblogic.jndi.WLInitialContextFactoryDelegate.toNamingException(WLInitialContextFactoryDelegate.java:765)
	at weblogic.jndi.WLInitialContextFactoryDelegate.getInitialContext(WLInitialContextFactoryDelegate.java:364)
	at weblogic.jndi.Environment.getContext(Environment.java:307)
	at weblogic.jndi.Environment.getContext(Environment.java:277)
	at weblogic.jndi.WLInitialContextFactory.getInitialContext(WLInitialContextFactory.java:117)
	at javax.naming.spi.NamingManager.getInitialContext(NamingManager.java:667)
	at javax.naming.InitialContext.getDefaultInitCtx(InitialContext.java:247)
	at javax.naming.InitialContext.init(InitialContext.java:223)
	at javax.naming.InitialContext.&lt;init&gt;(InitialContext.java:175)
	at com.inovis.b2b.lib.service.ServiceLocator.getInitialContext(ServiceLocator.java:206)
	... 22 more
Caused by: java.net.ConnectException: t3://localhost:7001: Destination unreachable; nested exception is: 
	java.net.ConnectException: Connection refused: connect; No available router to destination
	at weblogic.rjvm.RJVMFinder.findOrCreate(RJVMFinder.java:204)
	at weblogic.rjvm.ServerURL.findOrCreateRJVM(ServerURL.java:154)
	at weblogic.jndi.WLInitialContextFactoryDelegate.getInitialContext(WLInitialContextFactoryDelegate.java:349)
	... 30 more
Caused by: java.rmi.ConnectException: Destination unreachable; nested exception is: 
	java.net.ConnectException: Connection refused: connect; No available router to destination
	at weblogic.rjvm.ConnectionManager.bootstrap(ConnectionManager.java:472)
	at weblogic.rjvm.ConnectionManager.bootstrap(ConnectionManager.java:323)
	at weblogic.rjvm.RJVMManager.findOrCreateRemoteInternal(RJVMManager.java:259)
	at weblogic.rjvm.RJVMManager.findOrCreate(RJVMManager.java:202)
	at weblogic.rjvm.RJVMFinder.findOrCreateRemoteServer(RJVMFinder.java:226)
	at weblogic.rjvm.RJVMFinder.findOrCreate(RJVMFinder.java:189)
	... 32 more
</error>
  </testcase>
  <testcase classname="test.com.inovis.mss.registration.reghelper.TestRegHelperManager" name="testMgrUpdateLicenseInfo" time="2.277">
    <error message="[RHLP-00163] Unable to create the RegHelper Manager." type="com.inovis.b2b.lib.exception.OperationFailedException">class com.inovis.b2b.lib.exception.OperationFailedException: [RHLP-00163] Unable to create the RegHelper Manager.
	at com.inovis.mss.registration.reghelper.defs.RegHelperManagerImp.&lt;init&gt;(RegHelperManagerImp.java:77)
	at com.inovis.mss.registration.reghelper.RegHelperManager.getManager(RegHelperManager.java:57)
	at test.com.inovis.mss.registration.reghelper.TestRegHelperManager.setUp(TestRegHelperManager.java:131)
Caused by: class com.inovis.b2b.lib.service.ServiceUnavailableException: [LIBP-00001] Unable to connect to naming service
	at com.inovis.b2b.lib.service.ServiceLocator.getInitialContext(ServiceLocator.java:214)
	at com.inovis.b2b.lib.service.ServiceLocator.&lt;init&gt;(ServiceLocator.java:183)
	at com.inovis.b2b.lib.service.ServiceLocator.getInstance(ServiceLocator.java:167)
	at com.inovis.b2b.lib.service.ServiceLocator.getInstance(ServiceLocator.java:150)
	at com.inovis.mss.registration.reghelper.defs.RegHelperManagerImp.&lt;init&gt;(RegHelperManagerImp.java:66)
	... 18 more
Caused by: javax.naming.CommunicationException [Root exception is java.net.ConnectException: t3://localhost:7001: Destination unreachable; nested exception is: 
	java.net.ConnectException: Connection refused: connect; No available router to destination]
	at weblogic.jndi.internal.ExceptionTranslator.toNamingException(ExceptionTranslator.java:49)
	at weblogic.jndi.WLInitialContextFactoryDelegate.toNamingException(WLInitialContextFactoryDelegate.java:765)
	at weblogic.jndi.WLInitialContextFactoryDelegate.getInitialContext(WLInitialContextFactoryDelegate.java:364)
	at weblogic.jndi.Environment.getContext(Environment.java:307)
	at weblogic.jndi.Environment.getContext(Environment.java:277)
	at weblogic.jndi.WLInitialContextFactory.getInitialContext(WLInitialContextFactory.java:117)
	at javax.naming.spi.NamingManager.getInitialContext(NamingManager.java:667)
	at javax.naming.InitialContext.getDefaultInitCtx(InitialContext.java:247)
	at javax.naming.InitialContext.init(InitialContext.java:223)
	at javax.naming.InitialContext.&lt;init&gt;(InitialContext.java:175)
	at com.inovis.b2b.lib.service.ServiceLocator.getInitialContext(ServiceLocator.java:206)
	... 22 more
Caused by: java.net.ConnectException: t3://localhost:7001: Destination unreachable; nested exception is: 
	java.net.ConnectException: Connection refused: connect; No available router to destination
	at weblogic.rjvm.RJVMFinder.findOrCreate(RJVMFinder.java:204)
	at weblogic.rjvm.ServerURL.findOrCreateRJVM(ServerURL.java:154)
	at weblogic.jndi.WLInitialContextFactoryDelegate.getInitialContext(WLInitialContextFactoryDelegate.java:349)
	... 30 more
Caused by: java.rmi.ConnectException: Destination unreachable; nested exception is: 
	java.net.ConnectException: Connection refused: connect; No available router to destination
	at weblogic.rjvm.ConnectionManager.bootstrap(ConnectionManager.java:472)
	at weblogic.rjvm.ConnectionManager.bootstrap(ConnectionManager.java:323)
	at weblogic.rjvm.RJVMManager.findOrCreateRemoteInternal(RJVMManager.java:259)
	at weblogic.rjvm.RJVMManager.findOrCreate(RJVMManager.java:202)
	at weblogic.rjvm.RJVMFinder.findOrCreateRemoteServer(RJVMFinder.java:226)
	at weblogic.rjvm.RJVMFinder.findOrCreate(RJVMFinder.java:189)
	... 32 more
</error>
  </testcase>
  <testcase classname="test.com.inovis.mss.registration.reghelper.TestRegHelperManager" name="testMgrUpdateLicenseInfo2" time="2.464">
    <error message="[RHLP-00163] Unable to create the RegHelper Manager." type="com.inovis.b2b.lib.exception.OperationFailedException">class com.inovis.b2b.lib.exception.OperationFailedException: [RHLP-00163] Unable to create the RegHelper Manager.
	at com.inovis.mss.registration.reghelper.defs.RegHelperManagerImp.&lt;init&gt;(RegHelperManagerImp.java:77)
	at com.inovis.mss.registration.reghelper.RegHelperManager.getManager(RegHelperManager.java:57)
	at test.com.inovis.mss.registration.reghelper.TestRegHelperManager.setUp(TestRegHelperManager.java:131)
Caused by: class com.inovis.b2b.lib.service.ServiceUnavailableException: [LIBP-00001] Unable to connect to naming service
	at com.inovis.b2b.lib.service.ServiceLocator.getInitialContext(ServiceLocator.java:214)
	at com.inovis.b2b.lib.service.ServiceLocator.&lt;init&gt;(ServiceLocator.java:183)
	at com.inovis.b2b.lib.service.ServiceLocator.getInstance(ServiceLocator.java:167)
	at com.inovis.b2b.lib.service.ServiceLocator.getInstance(ServiceLocator.java:150)
	at com.inovis.mss.registration.reghelper.defs.RegHelperManagerImp.&lt;init&gt;(RegHelperManagerImp.java:66)
	... 18 more
Caused by: javax.naming.CommunicationException [Root exception is java.net.ConnectException: t3://localhost:7001: Destination unreachable; nested exception is: 
	java.net.ConnectException: Connection refused: connect; No available router to destination]
	at weblogic.jndi.internal.ExceptionTranslator.toNamingException(ExceptionTranslator.java:49)
	at weblogic.jndi.WLInitialContextFactoryDelegate.toNamingException(WLInitialContextFactoryDelegate.java:765)
	at weblogic.jndi.WLInitialContextFactoryDelegate.getInitialContext(WLInitialContextFactoryDelegate.java:364)
	at weblogic.jndi.Environment.getContext(Environment.java:307)
	at weblogic.jndi.Environment.getContext(Environment.java:277)
	at weblogic.jndi.WLInitialContextFactory.getInitialContext(WLInitialContextFactory.java:117)
	at javax.naming.spi.NamingManager.getInitialContext(NamingManager.java:667)
	at javax.naming.InitialContext.getDefaultInitCtx(InitialContext.java:247)
	at javax.naming.InitialContext.init(InitialContext.java:223)
	at javax.naming.InitialContext.&lt;init&gt;(InitialContext.java:175)
	at com.inovis.b2b.lib.service.ServiceLocator.getInitialContext(ServiceLocator.java:206)
	... 22 more
Caused by: java.net.ConnectException: t3://localhost:7001: Destination unreachable; nested exception is: 
	java.net.ConnectException: Connection refused: connect; No available router to destination
	at weblogic.rjvm.RJVMFinder.findOrCreate(RJVMFinder.java:204)
	at weblogic.rjvm.ServerURL.findOrCreateRJVM(ServerURL.java:154)
	at weblogic.jndi.WLInitialContextFactoryDelegate.getInitialContext(WLInitialContextFactoryDelegate.java:349)
	... 30 more
Caused by: java.rmi.ConnectException: Destination unreachable; nested exception is: 
	java.net.ConnectException: Connection refused: connect; No available router to destination
	at weblogic.rjvm.ConnectionManager.bootstrap(ConnectionManager.java:472)
	at weblogic.rjvm.ConnectionManager.bootstrap(ConnectionManager.java:323)
	at weblogic.rjvm.RJVMManager.findOrCreateRemoteInternal(RJVMManager.java:259)
	at weblogic.rjvm.RJVMManager.findOrCreate(RJVMManager.java:202)
	at weblogic.rjvm.RJVMFinder.findOrCreateRemoteServer(RJVMFinder.java:226)
	at weblogic.rjvm.RJVMFinder.findOrCreate(RJVMFinder.java:189)
	... 32 more
</error>
  </testcase>
  <testcase classname="test.com.inovis.mss.registration.reghelper.TestRegHelperManager" name="testMgrDeleteLicenseInfo1" time="3.103">
    <error message="[RHLP-00163] Unable to create the RegHelper Manager." type="com.inovis.b2b.lib.exception.OperationFailedException">class com.inovis.b2b.lib.exception.OperationFailedException: [RHLP-00163] Unable to create the RegHelper Manager.
	at com.inovis.mss.registration.reghelper.defs.RegHelperManagerImp.&lt;init&gt;(RegHelperManagerImp.java:77)
	at com.inovis.mss.registration.reghelper.RegHelperManager.getManager(RegHelperManager.java:57)
	at test.com.inovis.mss.registration.reghelper.TestRegHelperManager.setUp(TestRegHelperManager.java:131)
Caused by: class com.inovis.b2b.lib.service.ServiceUnavailableException: [LIBP-00001] Unable to connect to naming service
	at com.inovis.b2b.lib.service.ServiceLocator.getInitialContext(ServiceLocator.java:214)
	at com.inovis.b2b.lib.service.ServiceLocator.&lt;init&gt;(ServiceLocator.java:183)
	at com.inovis.b2b.lib.service.ServiceLocator.getInstance(ServiceLocator.java:167)
	at com.inovis.b2b.lib.service.ServiceLocator.getInstance(ServiceLocator.java:150)
	at com.inovis.mss.registration.reghelper.defs.RegHelperManagerImp.&lt;init&gt;(RegHelperManagerImp.java:66)
	... 18 more
Caused by: javax.naming.CommunicationException [Root exception is java.net.ConnectException: t3://localhost:7001: Destination unreachable; nested exception is: 
	java.net.ConnectException: Connection refused: connect; No available router to destination]
	at weblogic.jndi.internal.ExceptionTranslator.toNamingException(ExceptionTranslator.java:49)
	at weblogic.jndi.WLInitialContextFactoryDelegate.toNamingException(WLInitialContextFactoryDelegate.java:765)
	at weblogic.jndi.WLInitialContextFactoryDelegate.getInitialContext(WLInitialContextFactoryDelegate.java:364)
	at weblogic.jndi.Environment.getContext(Environment.java:307)
	at weblogic.jndi.Environment.getContext(Environment.java:277)
	at weblogic.jndi.WLInitialContextFactory.getInitialContext(WLInitialContextFactory.java:117)
	at javax.naming.spi.NamingManager.getInitialContext(NamingManager.java:667)
	at javax.naming.InitialContext.getDefaultInitCtx(InitialContext.java:247)
	at javax.naming.InitialContext.init(InitialContext.java:223)
	at javax.naming.InitialContext.&lt;init&gt;(InitialContext.java:175)
	at com.inovis.b2b.lib.service.ServiceLocator.getInitialContext(ServiceLocator.java:206)
	... 22 more
Caused by: java.net.ConnectException: t3://localhost:7001: Destination unreachable; nested exception is: 
	java.net.ConnectException: Connection refused: connect; No available router to destination
	at weblogic.rjvm.RJVMFinder.findOrCreate(RJVMFinder.java:204)
	at weblogic.rjvm.ServerURL.findOrCreateRJVM(ServerURL.java:154)
	at weblogic.jndi.WLInitialContextFactoryDelegate.getInitialContext(WLInitialContextFactoryDelegate.java:349)
	... 30 more
Caused by: java.rmi.ConnectException: Destination unreachable; nested exception is: 
	java.net.ConnectException: Connection refused: connect; No available router to destination
	at weblogic.rjvm.ConnectionManager.bootstrap(ConnectionManager.java:472)
	at weblogic.rjvm.ConnectionManager.bootstrap(ConnectionManager.java:323)
	at weblogic.rjvm.RJVMManager.findOrCreateRemoteInternal(RJVMManager.java:259)
	at weblogic.rjvm.RJVMManager.findOrCreate(RJVMManager.java:202)
	at weblogic.rjvm.RJVMFinder.findOrCreateRemoteServer(RJVMFinder.java:226)
	at weblogic.rjvm.RJVMFinder.findOrCreate(RJVMFinder.java:189)
	... 32 more
</error>
  </testcase>
  <testcase classname="test.com.inovis.mss.registration.reghelper.TestRegHelperManager" name="testMgrSelectLicenseInfo2" time="2.277">
    <error message="[RHLP-00163] Unable to create the RegHelper Manager." type="com.inovis.b2b.lib.exception.OperationFailedException">class com.inovis.b2b.lib.exception.OperationFailedException: [RHLP-00163] Unable to create the RegHelper Manager.
	at com.inovis.mss.registration.reghelper.defs.RegHelperManagerImp.&lt;init&gt;(RegHelperManagerImp.java:77)
	at com.inovis.mss.registration.reghelper.RegHelperManager.getManager(RegHelperManager.java:57)
	at test.com.inovis.mss.registration.reghelper.TestRegHelperManager.setUp(TestRegHelperManager.java:131)
Caused by: class com.inovis.b2b.lib.service.ServiceUnavailableException: [LIBP-00001] Unable to connect to naming service
	at com.inovis.b2b.lib.service.ServiceLocator.getInitialContext(ServiceLocator.java:214)
	at com.inovis.b2b.lib.service.ServiceLocator.&lt;init&gt;(ServiceLocator.java:183)
	at com.inovis.b2b.lib.service.ServiceLocator.getInstance(ServiceLocator.java:167)
	at com.inovis.b2b.lib.service.ServiceLocator.getInstance(ServiceLocator.java:150)
	at com.inovis.mss.registration.reghelper.defs.RegHelperManagerImp.&lt;init&gt;(RegHelperManagerImp.java:66)
	... 18 more
Caused by: javax.naming.CommunicationException [Root exception is java.net.ConnectException: t3://localhost:7001: Destination unreachable; nested exception is: 
	java.net.ConnectException: Connection refused: connect; No available router to destination]
	at weblogic.jndi.internal.ExceptionTranslator.toNamingException(ExceptionTranslator.java:49)
	at weblogic.jndi.WLInitialContextFactoryDelegate.toNamingException(WLInitialContextFactoryDelegate.java:765)
	at weblogic.jndi.WLInitialContextFactoryDelegate.getInitialContext(WLInitialContextFactoryDelegate.java:364)
	at weblogic.jndi.Environment.getContext(Environment.java:307)
	at weblogic.jndi.Environment.getContext(Environment.java:277)
	at weblogic.jndi.WLInitialContextFactory.getInitialContext(WLInitialContextFactory.java:117)
	at javax.naming.spi.NamingManager.getInitialContext(NamingManager.java:667)
	at javax.naming.InitialContext.getDefaultInitCtx(InitialContext.java:247)
	at javax.naming.InitialContext.init(InitialContext.java:223)
	at javax.naming.InitialContext.&lt;init&gt;(InitialContext.java:175)
	at com.inovis.b2b.lib.service.ServiceLocator.getInitialContext(ServiceLocator.java:206)
	... 22 more
Caused by: java.net.ConnectException: t3://localhost:7001: Destination unreachable; nested exception is: 
	java.net.ConnectException: Connection refused: connect; No available router to destination
	at weblogic.rjvm.RJVMFinder.findOrCreate(RJVMFinder.java:204)
	at weblogic.rjvm.ServerURL.findOrCreateRJVM(ServerURL.java:154)
	at weblogic.jndi.WLInitialContextFactoryDelegate.getInitialContext(WLInitialContextFactoryDelegate.java:349)
	... 30 more
Caused by: java.rmi.ConnectException: Destination unreachable; nested exception is: 
	java.net.ConnectException: Connection refused: connect; No available router to destination
	at weblogic.rjvm.ConnectionManager.bootstrap(ConnectionManager.java:472)
	at weblogic.rjvm.ConnectionManager.bootstrap(ConnectionManager.java:323)
	at weblogic.rjvm.RJVMManager.findOrCreateRemoteInternal(RJVMManager.java:259)
	at weblogic.rjvm.RJVMManager.findOrCreate(RJVMManager.java:202)
	at weblogic.rjvm.RJVMFinder.findOrCreateRemoteServer(RJVMFinder.java:226)
	at weblogic.rjvm.RJVMFinder.findOrCreate(RJVMFinder.java:189)
	... 32 more
</error>
  </testcase>
  <testcase classname="test.com.inovis.mss.registration.reghelper.TestRegHelperManager" name="testMgrUpdateLicenseInfo3" time="1.965">
    <error message="[RHLP-00163] Unable to create the RegHelper Manager." type="com.inovis.b2b.lib.exception.OperationFailedException">class com.inovis.b2b.lib.exception.OperationFailedException: [RHLP-00163] Unable to create the RegHelper Manager.
	at com.inovis.mss.registration.reghelper.defs.RegHelperManagerImp.&lt;init&gt;(RegHelperManagerImp.java:77)
	at com.inovis.mss.registration.reghelper.RegHelperManager.getManager(RegHelperManager.java:57)
	at test.com.inovis.mss.registration.reghelper.TestRegHelperManager.setUp(TestRegHelperManager.java:131)
Caused by: class com.inovis.b2b.lib.service.ServiceUnavailableException: [LIBP-00001] Unable to connect to naming service
	at com.inovis.b2b.lib.service.ServiceLocator.getInitialContext(ServiceLocator.java:214)
	at com.inovis.b2b.lib.service.ServiceLocator.&lt;init&gt;(ServiceLocator.java:183)
	at com.inovis.b2b.lib.service.ServiceLocator.getInstance(ServiceLocator.java:167)
	at com.inovis.b2b.lib.service.ServiceLocator.getInstance(ServiceLocator.java:150)
	at com.inovis.mss.registration.reghelper.defs.RegHelperManagerImp.&lt;init&gt;(RegHelperManagerImp.java:66)
	... 18 more
Caused by: javax.naming.CommunicationException [Root exception is java.net.ConnectException: t3://localhost:7001: Destination unreachable; nested exception is: 
	java.net.ConnectException: Connection refused: connect; No available router to destination]
	at weblogic.jndi.internal.ExceptionTranslator.toNamingException(ExceptionTranslator.java:49)
	at weblogic.jndi.WLInitialContextFactoryDelegate.toNamingException(WLInitialContextFactoryDelegate.java:765)
	at weblogic.jndi.WLInitialContextFactoryDelegate.getInitialContext(WLInitialContextFactoryDelegate.java:364)
	at weblogic.jndi.Environment.getContext(Environment.java:307)
	at weblogic.jndi.Environment.getContext(Environment.java:277)
	at weblogic.jndi.WLInitialContextFactory.getInitialContext(WLInitialContextFactory.java:117)
	at javax.naming.spi.NamingManager.getInitialContext(NamingManager.java:667)
	at javax.naming.InitialContext.getDefaultInitCtx(InitialContext.java:247)
	at javax.naming.InitialContext.init(InitialContext.java:223)
	at javax.naming.InitialContext.&lt;init&gt;(InitialContext.java:175)
	at com.inovis.b2b.lib.service.ServiceLocator.getInitialContext(ServiceLocator.java:206)
	... 22 more
Caused by: java.net.ConnectException: t3://localhost:7001: Destination unreachable; nested exception is: 
	java.net.ConnectException: Connection refused: connect; No available router to destination
	at weblogic.rjvm.RJVMFinder.findOrCreate(RJVMFinder.java:204)
	at weblogic.rjvm.ServerURL.findOrCreateRJVM(ServerURL.java:154)
	at weblogic.jndi.WLInitialContextFactoryDelegate.getInitialContext(WLInitialContextFactoryDelegate.java:349)
	... 30 more
Caused by: java.rmi.ConnectException: Destination unreachable; nested exception is: 
	java.net.ConnectException: Connection refused: connect; No available router to destination
	at weblogic.rjvm.ConnectionManager.bootstrap(ConnectionManager.java:472)
	at weblogic.rjvm.ConnectionManager.bootstrap(ConnectionManager.java:323)
	at weblogic.rjvm.RJVMManager.findOrCreateRemoteInternal(RJVMManager.java:259)
	at weblogic.rjvm.RJVMManager.findOrCreate(RJVMManager.java:202)
	at weblogic.rjvm.RJVMFinder.findOrCreateRemoteServer(RJVMFinder.java:226)
	at weblogic.rjvm.RJVMFinder.findOrCreate(RJVMFinder.java:189)
	... 32 more
</error>
  </testcase>
  <testcase classname="test.com.inovis.mss.registration.reghelper.TestRegHelperManager" name="testMgrInsertLicenseAccept" time="2.292">
    <error message="[RHLP-00163] Unable to create the RegHelper Manager." type="com.inovis.b2b.lib.exception.OperationFailedException">class com.inovis.b2b.lib.exception.OperationFailedException: [RHLP-00163] Unable to create the RegHelper Manager.
	at com.inovis.mss.registration.reghelper.defs.RegHelperManagerImp.&lt;init&gt;(RegHelperManagerImp.java:77)
	at com.inovis.mss.registration.reghelper.RegHelperManager.getManager(RegHelperManager.java:57)
	at test.com.inovis.mss.registration.reghelper.TestRegHelperManager.setUp(TestRegHelperManager.java:131)
Caused by: class com.inovis.b2b.lib.service.ServiceUnavailableException: [LIBP-00001] Unable to connect to naming service
	at com.inovis.b2b.lib.service.ServiceLocator.getInitialContext(ServiceLocator.java:214)
	at com.inovis.b2b.lib.service.ServiceLocator.&lt;init&gt;(ServiceLocator.java:183)
	at com.inovis.b2b.lib.service.ServiceLocator.getInstance(ServiceLocator.java:167)
	at com.inovis.b2b.lib.service.ServiceLocator.getInstance(ServiceLocator.java:150)
	at com.inovis.mss.registration.reghelper.defs.RegHelperManagerImp.&lt;init&gt;(RegHelperManagerImp.java:66)
	... 18 more
Caused by: javax.naming.CommunicationException [Root exception is java.net.ConnectException: t3://localhost:7001: Destination unreachable; nested exception is: 
	java.net.ConnectException: Connection refused: connect; No available router to destination]
	at weblogic.jndi.internal.ExceptionTranslator.toNamingException(ExceptionTranslator.java:49)
	at weblogic.jndi.WLInitialContextFactoryDelegate.toNamingException(WLInitialContextFactoryDelegate.java:765)
	at weblogic.jndi.WLInitialContextFactoryDelegate.getInitialContext(WLInitialContextFactoryDelegate.java:364)
	at weblogic.jndi.Environment.getContext(Environment.java:307)
	at weblogic.jndi.Environment.getContext(Environment.java:277)
	at weblogic.jndi.WLInitialContextFactory.getInitialContext(WLInitialContextFactory.java:117)
	at javax.naming.spi.NamingManager.getInitialContext(NamingManager.java:667)
	at javax.naming.InitialContext.getDefaultInitCtx(InitialContext.java:247)
	at javax.naming.InitialContext.init(InitialContext.java:223)
	at javax.naming.InitialContext.&lt;init&gt;(InitialContext.java:175)
	at com.inovis.b2b.lib.service.ServiceLocator.getInitialContext(ServiceLocator.java:206)
	... 22 more
Caused by: java.net.ConnectException: t3://localhost:7001: Destination unreachable; nested exception is: 
	java.net.ConnectException: Connection refused: connect; No available router to destination
	at weblogic.rjvm.RJVMFinder.findOrCreate(RJVMFinder.java:204)
	at weblogic.rjvm.ServerURL.findOrCreateRJVM(ServerURL.java:154)
	at weblogic.jndi.WLInitialContextFactoryDelegate.getInitialContext(WLInitialContextFactoryDelegate.java:349)
	... 30 more
Caused by: java.rmi.ConnectException: Destination unreachable; nested exception is: 
	java.net.ConnectException: Connection refused: connect; No available router to destination
	at weblogic.rjvm.ConnectionManager.bootstrap(ConnectionManager.java:472)
	at weblogic.rjvm.ConnectionManager.bootstrap(ConnectionManager.java:323)
	at weblogic.rjvm.RJVMManager.findOrCreateRemoteInternal(RJVMManager.java:259)
	at weblogic.rjvm.RJVMManager.findOrCreate(RJVMManager.java:202)
	at weblogic.rjvm.RJVMFinder.findOrCreateRemoteServer(RJVMFinder.java:226)
	at weblogic.rjvm.RJVMFinder.findOrCreate(RJVMFinder.java:189)
	... 32 more
</error>
  </testcase>
  <testcase classname="test.com.inovis.mss.registration.reghelper.TestRegHelperManager" name="testMgrSelectLicenseAcceptance1" time="2.885">
    <error message="[RHLP-00163] Unable to create the RegHelper Manager." type="com.inovis.b2b.lib.exception.OperationFailedException">class com.inovis.b2b.lib.exception.OperationFailedException: [RHLP-00163] Unable to create the RegHelper Manager.
	at com.inovis.mss.registration.reghelper.defs.RegHelperManagerImp.&lt;init&gt;(RegHelperManagerImp.java:77)
	at com.inovis.mss.registration.reghelper.RegHelperManager.getManager(RegHelperManager.java:57)
	at test.com.inovis.mss.registration.reghelper.TestRegHelperManager.setUp(TestRegHelperManager.java:131)
Caused by: class com.inovis.b2b.lib.service.ServiceUnavailableException: [LIBP-00001] Unable to connect to naming service
	at com.inovis.b2b.lib.service.ServiceLocator.getInitialContext(ServiceLocator.java:214)
	at com.inovis.b2b.lib.service.ServiceLocator.&lt;init&gt;(ServiceLocator.java:183)
	at com.inovis.b2b.lib.service.ServiceLocator.getInstance(ServiceLocator.java:167)
	at com.inovis.b2b.lib.service.ServiceLocator.getInstance(ServiceLocator.java:150)
	at com.inovis.mss.registration.reghelper.defs.RegHelperManagerImp.&lt;init&gt;(RegHelperManagerImp.java:66)
	... 18 more
Caused by: javax.naming.CommunicationException [Root exception is java.net.ConnectException: t3://localhost:7001: Destination unreachable; nested exception is: 
	java.net.ConnectException: Connection refused: connect; No available router to destination]
	at weblogic.jndi.internal.ExceptionTranslator.toNamingException(ExceptionTranslator.java:49)
	at weblogic.jndi.WLInitialContextFactoryDelegate.toNamingException(WLInitialContextFactoryDelegate.java:765)
	at weblogic.jndi.WLInitialContextFactoryDelegate.getInitialContext(WLInitialContextFactoryDelegate.java:364)
	at weblogic.jndi.Environment.getContext(Environment.java:307)
	at weblogic.jndi.Environment.getContext(Environment.java:277)
	at weblogic.jndi.WLInitialContextFactory.getInitialContext(WLInitialContextFactory.java:117)
	at javax.naming.spi.NamingManager.getInitialContext(NamingManager.java:667)
	at javax.naming.InitialContext.getDefaultInitCtx(InitialContext.java:247)
	at javax.naming.InitialContext.init(InitialContext.java:223)
	at javax.naming.InitialContext.&lt;init&gt;(InitialContext.java:175)
	at com.inovis.b2b.lib.service.ServiceLocator.getInitialContext(ServiceLocator.java:206)
	... 22 more
Caused by: java.net.ConnectException: t3://localhost:7001: Destination unreachable; nested exception is: 
	java.net.ConnectException: Connection refused: connect; No available router to destination
	at weblogic.rjvm.RJVMFinder.findOrCreate(RJVMFinder.java:204)
	at weblogic.rjvm.ServerURL.findOrCreateRJVM(ServerURL.java:154)
	at weblogic.jndi.WLInitialContextFactoryDelegate.getInitialContext(WLInitialContextFactoryDelegate.java:349)
	... 30 more
Caused by: java.rmi.ConnectException: Destination unreachable; nested exception is: 
	java.net.ConnectException: Connection refused: connect; No available router to destination
	at weblogic.rjvm.ConnectionManager.bootstrap(ConnectionManager.java:472)
	at weblogic.rjvm.ConnectionManager.bootstrap(ConnectionManager.java:323)
	at weblogic.rjvm.RJVMManager.findOrCreateRemoteInternal(RJVMManager.java:259)
	at weblogic.rjvm.RJVMManager.findOrCreate(RJVMManager.java:202)
	at weblogic.rjvm.RJVMFinder.findOrCreateRemoteServer(RJVMFinder.java:226)
	at weblogic.rjvm.RJVMFinder.findOrCreate(RJVMFinder.java:189)
	... 32 more
</error>
  </testcase>
  <testcase classname="test.com.inovis.mss.registration.reghelper.TestRegHelperManager" name="testMgrUpdateLicenseAcceptance1" time="2.277">
    <error message="[RHLP-00163] Unable to create the RegHelper Manager." type="com.inovis.b2b.lib.exception.OperationFailedException">class com.inovis.b2b.lib.exception.OperationFailedException: [RHLP-00163] Unable to create the RegHelper Manager.
	at com.inovis.mss.registration.reghelper.defs.RegHelperManagerImp.&lt;init&gt;(RegHelperManagerImp.java:77)
	at com.inovis.mss.registration.reghelper.RegHelperManager.getManager(RegHelperManager.java:57)
	at test.com.inovis.mss.registration.reghelper.TestRegHelperManager.setUp(TestRegHelperManager.java:131)
Caused by: class com.inovis.b2b.lib.service.ServiceUnavailableException: [LIBP-00001] Unable to connect to naming service
	at com.inovis.b2b.lib.service.ServiceLocator.getInitialContext(ServiceLocator.java:214)
	at com.inovis.b2b.lib.service.ServiceLocator.&lt;init&gt;(ServiceLocator.java:183)
	at com.inovis.b2b.lib.service.ServiceLocator.getInstance(ServiceLocator.java:167)
	at com.inovis.b2b.lib.service.ServiceLocator.getInstance(ServiceLocator.java:150)
	at com.inovis.mss.registration.reghelper.defs.RegHelperManagerImp.&lt;init&gt;(RegHelperManagerImp.java:66)
	... 18 more
Caused by: javax.naming.CommunicationException [Root exception is java.net.ConnectException: t3://localhost:7001: Destination unreachable; nested exception is: 
	java.net.ConnectException: Connection refused: connect; No available router to destination]
	at weblogic.jndi.internal.ExceptionTranslator.toNamingException(ExceptionTranslator.java:49)
	at weblogic.jndi.WLInitialContextFactoryDelegate.toNamingException(WLInitialContextFactoryDelegate.java:765)
	at weblogic.jndi.WLInitialContextFactoryDelegate.getInitialContext(WLInitialContextFactoryDelegate.java:364)
	at weblogic.jndi.Environment.getContext(Environment.java:307)
	at weblogic.jndi.Environment.getContext(Environment.java:277)
	at weblogic.jndi.WLInitialContextFactory.getInitialContext(WLInitialContextFactory.java:117)
	at javax.naming.spi.NamingManager.getInitialContext(NamingManager.java:667)
	at javax.naming.InitialContext.getDefaultInitCtx(InitialContext.java:247)
	at javax.naming.InitialContext.init(InitialContext.java:223)
	at javax.naming.InitialContext.&lt;init&gt;(InitialContext.java:175)
	at com.inovis.b2b.lib.service.ServiceLocator.getInitialContext(ServiceLocator.java:206)
	... 22 more
Caused by: java.net.ConnectException: t3://localhost:7001: Destination unreachable; nested exception is: 
	java.net.ConnectException: Connection refused: connect; No available router to destination
	at weblogic.rjvm.RJVMFinder.findOrCreate(RJVMFinder.java:204)
	at weblogic.rjvm.ServerURL.findOrCreateRJVM(ServerURL.java:154)
	at weblogic.jndi.WLInitialContextFactoryDelegate.getInitialContext(WLInitialContextFactoryDelegate.java:349)
	... 30 more
Caused by: java.rmi.ConnectException: Destination unreachable; nested exception is: 
	java.net.ConnectException: Connection refused: connect; No available router to destination
	at weblogic.rjvm.ConnectionManager.bootstrap(ConnectionManager.java:472)
	at weblogic.rjvm.ConnectionManager.bootstrap(ConnectionManager.java:323)
	at weblogic.rjvm.RJVMManager.findOrCreateRemoteInternal(RJVMManager.java:259)
	at weblogic.rjvm.RJVMManager.findOrCreate(RJVMManager.java:202)
	at weblogic.rjvm.RJVMFinder.findOrCreateRemoteServer(RJVMFinder.java:226)
	at weblogic.rjvm.RJVMFinder.findOrCreate(RJVMFinder.java:189)
	... 32 more
</error>
  </testcase>
  <testcase classname="test.com.inovis.mss.registration.reghelper.TestRegHelperManager" name="testMgrDeleteLicenseAcceptance1" time="2.666">
    <error message="[RHLP-00163] Unable to create the RegHelper Manager." type="com.inovis.b2b.lib.exception.OperationFailedException">class com.inovis.b2b.lib.exception.OperationFailedException: [RHLP-00163] Unable to create the RegHelper Manager.
	at com.inovis.mss.registration.reghelper.defs.RegHelperManagerImp.&lt;init&gt;(RegHelperManagerImp.java:77)
	at com.inovis.mss.registration.reghelper.RegHelperManager.getManager(RegHelperManager.java:57)
	at test.com.inovis.mss.registration.reghelper.TestRegHelperManager.setUp(TestRegHelperManager.java:131)
Caused by: class com.inovis.b2b.lib.service.ServiceUnavailableException: [LIBP-00001] Unable to connect to naming service
	at com.inovis.b2b.lib.service.ServiceLocator.getInitialContext(ServiceLocator.java:214)
	at com.inovis.b2b.lib.service.ServiceLocator.&lt;init&gt;(ServiceLocator.java:183)
	at com.inovis.b2b.lib.service.ServiceLocator.getInstance(ServiceLocator.java:167)
	at com.inovis.b2b.lib.service.ServiceLocator.getInstance(ServiceLocator.java:150)
	at com.inovis.mss.registration.reghelper.defs.RegHelperManagerImp.&lt;init&gt;(RegHelperManagerImp.java:66)
	... 18 more
Caused by: javax.naming.CommunicationException [Root exception is java.net.ConnectException: t3://localhost:7001: Destination unreachable; nested exception is: 
	java.net.ConnectException: Connection refused: connect; No available router to destination]
	at weblogic.jndi.internal.ExceptionTranslator.toNamingException(ExceptionTranslator.java:49)
	at weblogic.jndi.WLInitialContextFactoryDelegate.toNamingException(WLInitialContextFactoryDelegate.java:765)
	at weblogic.jndi.WLInitialContextFactoryDelegate.getInitialContext(WLInitialContextFactoryDelegate.java:364)
	at weblogic.jndi.Environment.getContext(Environment.java:307)
	at weblogic.jndi.Environment.getContext(Environment.java:277)
	at weblogic.jndi.WLInitialContextFactory.getInitialContext(WLInitialContextFactory.java:117)
	at javax.naming.spi.NamingManager.getInitialContext(NamingManager.java:667)
	at javax.naming.InitialContext.getDefaultInitCtx(InitialContext.java:247)
	at javax.naming.InitialContext.init(InitialContext.java:223)
	at javax.naming.InitialContext.&lt;init&gt;(InitialContext.java:175)
	at com.inovis.b2b.lib.service.ServiceLocator.getInitialContext(ServiceLocator.java:206)
	... 22 more
Caused by: java.net.ConnectException: t3://localhost:7001: Destination unreachable; nested exception is: 
	java.net.ConnectException: Connection refused: connect; No available router to destination
	at weblogic.rjvm.RJVMFinder.findOrCreate(RJVMFinder.java:204)
	at weblogic.rjvm.ServerURL.findOrCreateRJVM(ServerURL.java:154)
	at weblogic.jndi.WLInitialContextFactoryDelegate.getInitialContext(WLInitialContextFactoryDelegate.java:349)
	... 30 more
Caused by: java.rmi.ConnectException: Destination unreachable; nested exception is: 
	java.net.ConnectException: Connection refused: connect; No available router to destination
	at weblogic.rjvm.ConnectionManager.bootstrap(ConnectionManager.java:472)
	at weblogic.rjvm.ConnectionManager.bootstrap(ConnectionManager.java:323)
	at weblogic.rjvm.RJVMManager.findOrCreateRemoteInternal(RJVMManager.java:259)
	at weblogic.rjvm.RJVMManager.findOrCreate(RJVMManager.java:202)
	at weblogic.rjvm.RJVMFinder.findOrCreateRemoteServer(RJVMFinder.java:226)
	at weblogic.rjvm.RJVMFinder.findOrCreate(RJVMFinder.java:189)
	... 32 more
</error>
  </testcase>
  <testcase classname="test.com.inovis.mss.registration.reghelper.TestRegHelperManager" name="testMgrSelectLicenseAcceptance2" time="2.293">
    <error message="[RHLP-00163] Unable to create the RegHelper Manager." type="com.inovis.b2b.lib.exception.OperationFailedException">class com.inovis.b2b.lib.exception.OperationFailedException: [RHLP-00163] Unable to create the RegHelper Manager.
	at com.inovis.mss.registration.reghelper.defs.RegHelperManagerImp.&lt;init&gt;(RegHelperManagerImp.java:77)
	at com.inovis.mss.registration.reghelper.RegHelperManager.getManager(RegHelperManager.java:57)
	at test.com.inovis.mss.registration.reghelper.TestRegHelperManager.setUp(TestRegHelperManager.java:131)
Caused by: class com.inovis.b2b.lib.service.ServiceUnavailableException: [LIBP-00001] Unable to connect to naming service
	at com.inovis.b2b.lib.service.ServiceLocator.getInitialContext(ServiceLocator.java:214)
	at com.inovis.b2b.lib.service.ServiceLocator.&lt;init&gt;(ServiceLocator.java:183)
	at com.inovis.b2b.lib.service.ServiceLocator.getInstance(ServiceLocator.java:167)
	at com.inovis.b2b.lib.service.ServiceLocator.getInstance(ServiceLocator.java:150)
	at com.inovis.mss.registration.reghelper.defs.RegHelperManagerImp.&lt;init&gt;(RegHelperManagerImp.java:66)
	... 18 more
Caused by: javax.naming.CommunicationException [Root exception is java.net.ConnectException: t3://localhost:7001: Destination unreachable; nested exception is: 
	java.net.ConnectException: Connection refused: connect; No available router to destination]
	at weblogic.jndi.internal.ExceptionTranslator.toNamingException(ExceptionTranslator.java:49)
	at weblogic.jndi.WLInitialContextFactoryDelegate.toNamingException(WLInitialContextFactoryDelegate.java:765)
	at weblogic.jndi.WLInitialContextFactoryDelegate.getInitialContext(WLInitialContextFactoryDelegate.java:364)
	at weblogic.jndi.Environment.getContext(Environment.java:307)
	at weblogic.jndi.Environment.getContext(Environment.java:277)
	at weblogic.jndi.WLInitialContextFactory.getInitialContext(WLInitialContextFactory.java:117)
	at javax.naming.spi.NamingManager.getInitialContext(NamingManager.java:667)
	at javax.naming.InitialContext.getDefaultInitCtx(InitialContext.java:247)
	at javax.naming.InitialContext.init(InitialContext.java:223)
	at javax.naming.InitialContext.&lt;init&gt;(InitialContext.java:175)
	at com.inovis.b2b.lib.service.ServiceLocator.getInitialContext(ServiceLocator.java:206)
	... 22 more
Caused by: java.net.ConnectException: t3://localhost:7001: Destination unreachable; nested exception is: 
	java.net.ConnectException: Connection refused: connect; No available router to destination
	at weblogic.rjvm.RJVMFinder.findOrCreate(RJVMFinder.java:204)
	at weblogic.rjvm.ServerURL.findOrCreateRJVM(ServerURL.java:154)
	at weblogic.jndi.WLInitialContextFactoryDelegate.getInitialContext(WLInitialContextFactoryDelegate.java:349)
	... 30 more
Caused by: java.rmi.ConnectException: Destination unreachable; nested exception is: 
	java.net.ConnectException: Connection refused: connect; No available router to destination
	at weblogic.rjvm.ConnectionManager.bootstrap(ConnectionManager.java:472)
	at weblogic.rjvm.ConnectionManager.bootstrap(ConnectionManager.java:323)
	at weblogic.rjvm.RJVMManager.findOrCreateRemoteInternal(RJVMManager.java:259)
	at weblogic.rjvm.RJVMManager.findOrCreate(RJVMManager.java:202)
	at weblogic.rjvm.RJVMFinder.findOrCreateRemoteServer(RJVMFinder.java:226)
	at weblogic.rjvm.RJVMFinder.findOrCreate(RJVMFinder.java:189)
	... 32 more
</error>
  </testcase>
  <testcase classname="test.com.inovis.mss.registration.reghelper.TestRegHelperManager" name="testGetModelFeatureLUList" time="2.074">
    <error message="[RHLP-00163] Unable to create the RegHelper Manager." type="com.inovis.b2b.lib.exception.OperationFailedException">class com.inovis.b2b.lib.exception.OperationFailedException: [RHLP-00163] Unable to create the RegHelper Manager.
	at com.inovis.mss.registration.reghelper.defs.RegHelperManagerImp.&lt;init&gt;(RegHelperManagerImp.java:77)
	at com.inovis.mss.registration.reghelper.RegHelperManager.getManager(RegHelperManager.java:57)
	at test.com.inovis.mss.registration.reghelper.TestRegHelperManager.setUp(TestRegHelperManager.java:131)
Caused by: class com.inovis.b2b.lib.service.ServiceUnavailableException: [LIBP-00001] Unable to connect to naming service
	at com.inovis.b2b.lib.service.ServiceLocator.getInitialContext(ServiceLocator.java:214)
	at com.inovis.b2b.lib.service.ServiceLocator.&lt;init&gt;(ServiceLocator.java:183)
	at com.inovis.b2b.lib.service.ServiceLocator.getInstance(ServiceLocator.java:167)
	at com.inovis.b2b.lib.service.ServiceLocator.getInstance(ServiceLocator.java:150)
	at com.inovis.mss.registration.reghelper.defs.RegHelperManagerImp.&lt;init&gt;(RegHelperManagerImp.java:66)
	... 18 more
Caused by: javax.naming.CommunicationException [Root exception is java.net.ConnectException: t3://localhost:7001: Destination unreachable; nested exception is: 
	java.net.ConnectException: Connection refused: connect; No available router to destination]
	at weblogic.jndi.internal.ExceptionTranslator.toNamingException(ExceptionTranslator.java:49)
	at weblogic.jndi.WLInitialContextFactoryDelegate.toNamingException(WLInitialContextFactoryDelegate.java:765)
	at weblogic.jndi.WLInitialContextFactoryDelegate.getInitialContext(WLInitialContextFactoryDelegate.java:364)
	at weblogic.jndi.Environment.getContext(Environment.java:307)
	at weblogic.jndi.Environment.getContext(Environment.java:277)
	at weblogic.jndi.WLInitialContextFactory.getInitialContext(WLInitialContextFactory.java:117)
	at javax.naming.spi.NamingManager.getInitialContext(NamingManager.java:667)
	at javax.naming.InitialContext.getDefaultInitCtx(InitialContext.java:247)
	at javax.naming.InitialContext.init(InitialContext.java:223)
	at javax.naming.InitialContext.&lt;init&gt;(InitialContext.java:175)
	at com.inovis.b2b.lib.service.ServiceLocator.getInitialContext(ServiceLocator.java:206)
	... 22 more
Caused by: java.net.ConnectException: t3://localhost:7001: Destination unreachable; nested exception is: 
	java.net.ConnectException: Connection refused: connect; No available router to destination
	at weblogic.rjvm.RJVMFinder.findOrCreate(RJVMFinder.java:204)
	at weblogic.rjvm.ServerURL.findOrCreateRJVM(ServerURL.java:154)
	at weblogic.jndi.WLInitialContextFactoryDelegate.getInitialContext(WLInitialContextFactoryDelegate.java:349)
	... 30 more
Caused by: java.rmi.ConnectException: Destination unreachable; nested exception is: 
	java.net.ConnectException: Connection refused: connect; No available router to destination
	at weblogic.rjvm.ConnectionManager.bootstrap(ConnectionManager.java:472)
	at weblogic.rjvm.ConnectionManager.bootstrap(ConnectionManager.java:323)
	at weblogic.rjvm.RJVMManager.findOrCreateRemoteInternal(RJVMManager.java:259)
	at weblogic.rjvm.RJVMManager.findOrCreate(RJVMManager.java:202)
	at weblogic.rjvm.RJVMFinder.findOrCreateRemoteServer(RJVMFinder.java:226)
	at weblogic.rjvm.RJVMFinder.findOrCreate(RJVMFinder.java:189)
	... 32 more
</error>
  </testcase>
  <testcase classname="test.com.inovis.mss.registration.reghelper.TestRegHelperManager" name="testLicenseID" time="2.573">
    <error message="[RHLP-00163] Unable to create the RegHelper Manager." type="com.inovis.b2b.lib.exception.OperationFailedException">class com.inovis.b2b.lib.exception.OperationFailedException: [RHLP-00163] Unable to create the RegHelper Manager.
	at com.inovis.mss.registration.reghelper.defs.RegHelperManagerImp.&lt;init&gt;(RegHelperManagerImp.java:77)
	at com.inovis.mss.registration.reghelper.RegHelperManager.getManager(RegHelperManager.java:57)
	at test.com.inovis.mss.registration.reghelper.TestRegHelperManager.setUp(TestRegHelperManager.java:131)
Caused by: class com.inovis.b2b.lib.service.ServiceUnavailableException: [LIBP-00001] Unable to connect to naming service
	at com.inovis.b2b.lib.service.ServiceLocator.getInitialContext(ServiceLocator.java:214)
	at com.inovis.b2b.lib.service.ServiceLocator.&lt;init&gt;(ServiceLocator.java:183)
	at com.inovis.b2b.lib.service.ServiceLocator.getInstance(ServiceLocator.java:167)
	at com.inovis.b2b.lib.service.ServiceLocator.getInstance(ServiceLocator.java:150)
	at com.inovis.mss.registration.reghelper.defs.RegHelperManagerImp.&lt;init&gt;(RegHelperManagerImp.java:66)
	... 16 more
Caused by: javax.naming.CommunicationException [Root exception is java.net.ConnectException: t3://localhost:7001: Destination unreachable; nested exception is: 
	java.net.ConnectException: Connection refused: connect; No available router to destination]
	at weblogic.jndi.internal.ExceptionTranslator.toNamingException(ExceptionTranslator.java:49)
	at weblogic.jndi.WLInitialContextFactoryDelegate.toNamingException(WLInitialContextFactoryDelegate.java:765)
	at weblogic.jndi.WLInitialContextFactoryDelegate.getInitialContext(WLInitialContextFactoryDelegate.java:364)
	at weblogic.jndi.Environment.getContext(Environment.java:307)
	at weblogic.jndi.Environment.getContext(Environment.java:277)
	at weblogic.jndi.WLInitialContextFactory.getInitialContext(WLInitialContextFactory.java:117)
	at javax.naming.spi.NamingManager.getInitialContext(NamingManager.java:667)
	at javax.naming.InitialContext.getDefaultInitCtx(InitialContext.java:247)
	at javax.naming.InitialContext.init(InitialContext.java:223)
	at javax.naming.InitialContext.&lt;init&gt;(InitialContext.java:175)
	at com.inovis.b2b.lib.service.ServiceLocator.getInitialContext(ServiceLocator.java:206)
	... 20 more
Caused by: java.net.ConnectException: t3://localhost:7001: Destination unreachable; nested exception is: 
	java.net.ConnectException: Connection refused: connect; No available router to destination
	at weblogic.rjvm.RJVMFinder.findOrCreate(RJVMFinder.java:204)
	at weblogic.rjvm.ServerURL.findOrCreateRJVM(ServerURL.java:154)
	at weblogic.jndi.WLInitialContextFactoryDelegate.getInitialContext(WLInitialContextFactoryDelegate.java:349)
	... 28 more
Caused by: java.rmi.ConnectException: Destination unreachable; nested exception is: 
	java.net.ConnectException: Connection refused: connect; No available router to destination
	at weblogic.rjvm.ConnectionManager.bootstrap(ConnectionManager.java:472)
	at weblogic.rjvm.ConnectionManager.bootstrap(ConnectionManager.java:323)
	at weblogic.rjvm.RJVMManager.findOrCreateRemoteInternal(RJVMManager.java:259)
	at weblogic.rjvm.RJVMManager.findOrCreate(RJVMManager.java:202)
	at weblogic.rjvm.RJVMFinder.findOrCreateRemoteServer(RJVMFinder.java:226)
	at weblogic.rjvm.RJVMFinder.findOrCreate(RJVMFinder.java:189)
	... 30 more
</error>
  </testcase>
  <testcase classname="test.com.inovis.mss.registration.reghelper.TestRegHelperManager" name="testMgrRegHelperCleanUp" time="2.729">
    <error message="[RHLP-00163] Unable to create the RegHelper Manager." type="com.inovis.b2b.lib.exception.OperationFailedException">class com.inovis.b2b.lib.exception.OperationFailedException: [RHLP-00163] Unable to create the RegHelper Manager.
	at com.inovis.mss.registration.reghelper.defs.RegHelperManagerImp.&lt;init&gt;(RegHelperManagerImp.java:77)
	at com.inovis.mss.registration.reghelper.RegHelperManager.getManager(RegHelperManager.java:57)
	at test.com.inovis.mss.registration.reghelper.TestRegHelperManager.setUp(TestRegHelperManager.java:131)
Caused by: class com.inovis.b2b.lib.service.ServiceUnavailableException: [LIBP-00001] Unable to connect to naming service
	at com.inovis.b2b.lib.service.ServiceLocator.getInitialContext(ServiceLocator.java:214)
	at com.inovis.b2b.lib.service.ServiceLocator.&lt;init&gt;(ServiceLocator.java:183)
	at com.inovis.b2b.lib.service.ServiceLocator.getInstance(ServiceLocator.java:167)
	at com.inovis.b2b.lib.service.ServiceLocator.getInstance(ServiceLocator.java:150)
	at com.inovis.mss.registration.reghelper.defs.RegHelperManagerImp.&lt;init&gt;(RegHelperManagerImp.java:66)
	... 16 more
Caused by: javax.naming.CommunicationException [Root exception is java.net.ConnectException: t3://localhost:7001: Destination unreachable; nested exception is: 
	java.net.ConnectException: Connection refused: connect; No available router to destination]
	at weblogic.jndi.internal.ExceptionTranslator.toNamingException(ExceptionTranslator.java:49)
	at weblogic.jndi.WLInitialContextFactoryDelegate.toNamingException(WLInitialContextFactoryDelegate.java:765)
	at weblogic.jndi.WLInitialContextFactoryDelegate.getInitialContext(WLInitialContextFactoryDelegate.java:364)
	at weblogic.jndi.Environment.getContext(Environment.java:307)
	at weblogic.jndi.Environment.getContext(Environment.java:277)
	at weblogic.jndi.WLInitialContextFactory.getInitialContext(WLInitialContextFactory.java:117)
	at javax.naming.spi.NamingManager.getInitialContext(NamingManager.java:667)
	at javax.naming.InitialContext.getDefaultInitCtx(InitialContext.java:247)
	at javax.naming.InitialContext.init(InitialContext.java:223)
	at javax.naming.InitialContext.&lt;init&gt;(InitialContext.java:175)
	at com.inovis.b2b.lib.service.ServiceLocator.getInitialContext(ServiceLocator.java:206)
	... 20 more
Caused by: java.net.ConnectException: t3://localhost:7001: Destination unreachable; nested exception is: 
	java.net.ConnectException: Connection refused: connect; No available router to destination
	at weblogic.rjvm.RJVMFinder.findOrCreate(RJVMFinder.java:204)
	at weblogic.rjvm.ServerURL.findOrCreateRJVM(ServerURL.java:154)
	at weblogic.jndi.WLInitialContextFactoryDelegate.getInitialContext(WLInitialContextFactoryDelegate.java:349)
	... 28 more
Caused by: java.rmi.ConnectException: Destination unreachable; nested exception is: 
	java.net.ConnectException: Connection refused: connect; No available router to destination
	at weblogic.rjvm.ConnectionManager.bootstrap(ConnectionManager.java:472)
	at weblogic.rjvm.ConnectionManager.bootstrap(ConnectionManager.java:323)
	at weblogic.rjvm.RJVMManager.findOrCreateRemoteInternal(RJVMManager.java:259)
	at weblogic.rjvm.RJVMManager.findOrCreate(RJVMManager.java:202)
	at weblogic.rjvm.RJVMFinder.findOrCreateRemoteServer(RJVMFinder.java:226)
	at weblogic.rjvm.RJVMFinder.findOrCreate(RJVMFinder.java:189)
	... 30 more
</error>
  </testcase>
  <testcase classname="test.com.inovis.mss.registration.reghelper.TestRegHelperManager" name="testMgrInsertClientInfo" time="2.667">
    <error message="[RHLP-00163] Unable to create the RegHelper Manager." type="com.inovis.b2b.lib.exception.OperationFailedException">class com.inovis.b2b.lib.exception.OperationFailedException: [RHLP-00163] Unable to create the RegHelper Manager.
	at com.inovis.mss.registration.reghelper.defs.RegHelperManagerImp.&lt;init&gt;(RegHelperManagerImp.java:77)
	at com.inovis.mss.registration.reghelper.RegHelperManager.getManager(RegHelperManager.java:57)
	at test.com.inovis.mss.registration.reghelper.TestRegHelperManager.setUp(TestRegHelperManager.java:131)
Caused by: class com.inovis.b2b.lib.service.ServiceUnavailableException: [LIBP-00001] Unable to connect to naming service
	at com.inovis.b2b.lib.service.ServiceLocator.getInitialContext(ServiceLocator.java:214)
	at com.inovis.b2b.lib.service.ServiceLocator.&lt;init&gt;(ServiceLocator.java:183)
	at com.inovis.b2b.lib.service.ServiceLocator.getInstance(ServiceLocator.java:167)
	at com.inovis.b2b.lib.service.ServiceLocator.getInstance(ServiceLocator.java:150)
	at com.inovis.mss.registration.reghelper.defs.RegHelperManagerImp.&lt;init&gt;(RegHelperManagerImp.java:66)
	... 16 more
Caused by: javax.naming.CommunicationException [Root exception is java.net.ConnectException: t3://localhost:7001: Destination unreachable; nested exception is: 
	java.net.ConnectException: Connection refused: connect; No available router to destination]
	at weblogic.jndi.internal.ExceptionTranslator.toNamingException(ExceptionTranslator.java:49)
	at weblogic.jndi.WLInitialContextFactoryDelegate.toNamingException(WLInitialContextFactoryDelegate.java:765)
	at weblogic.jndi.WLInitialContextFactoryDelegate.getInitialContext(WLInitialContextFactoryDelegate.java:364)
	at weblogic.jndi.Environment.getContext(Environment.java:307)
	at weblogic.jndi.Environment.getContext(Environment.java:277)
	at weblogic.jndi.WLInitialContextFactory.getInitialContext(WLInitialContextFactory.java:117)
	at javax.naming.spi.NamingManager.getInitialContext(NamingManager.java:667)
	at javax.naming.InitialContext.getDefaultInitCtx(InitialContext.java:247)
	at javax.naming.InitialContext.init(InitialContext.java:223)
	at javax.naming.InitialContext.&lt;init&gt;(InitialContext.java:175)
	at com.inovis.b2b.lib.service.ServiceLocator.getInitialContext(ServiceLocator.java:206)
	... 20 more
Caused by: java.net.ConnectException: t3://localhost:7001: Destination unreachable; nested exception is: 
	java.net.ConnectException: Connection refused: connect; No available router to destination
	at weblogic.rjvm.RJVMFinder.findOrCreate(RJVMFinder.java:204)
	at weblogic.rjvm.ServerURL.findOrCreateRJVM(ServerURL.java:154)
	at weblogic.jndi.WLInitialContextFactoryDelegate.getInitialContext(WLInitialContextFactoryDelegate.java:349)
	... 28 more
Caused by: java.rmi.ConnectException: Destination unreachable; nested exception is: 
	java.net.ConnectException: Connection refused: connect; No available router to destination
	at weblogic.rjvm.ConnectionManager.bootstrap(ConnectionManager.java:472)
	at weblogic.rjvm.ConnectionManager.bootstrap(ConnectionManager.java:323)
	at weblogic.rjvm.RJVMManager.findOrCreateRemoteInternal(RJVMManager.java:259)
	at weblogic.rjvm.RJVMManager.findOrCreate(RJVMManager.java:202)
	at weblogic.rjvm.RJVMFinder.findOrCreateRemoteServer(RJVMFinder.java:226)
	at weblogic.rjvm.RJVMFinder.findOrCreate(RJVMFinder.java:189)
	... 30 more
</error>
  </testcase>
  <testcase classname="test.com.inovis.mss.registration.reghelper.TestRegHelperManager" name="testMgrSelectClientInfo1" time="2.479">
    <error message="[RHLP-00163] Unable to create the RegHelper Manager." type="com.inovis.b2b.lib.exception.OperationFailedException">class com.inovis.b2b.lib.exception.OperationFailedException: [RHLP-00163] Unable to create the RegHelper Manager.
	at com.inovis.mss.registration.reghelper.defs.RegHelperManagerImp.&lt;init&gt;(RegHelperManagerImp.java:77)
	at com.inovis.mss.registration.reghelper.RegHelperManager.getManager(RegHelperManager.java:57)
	at test.com.inovis.mss.registration.reghelper.TestRegHelperManager.setUp(TestRegHelperManager.java:131)
Caused by: class com.inovis.b2b.lib.service.ServiceUnavailableException: [LIBP-00001] Unable to connect to naming service
	at com.inovis.b2b.lib.service.ServiceLocator.getInitialContext(ServiceLocator.java:214)
	at com.inovis.b2b.lib.service.ServiceLocator.&lt;init&gt;(ServiceLocator.java:183)
	at com.inovis.b2b.lib.service.ServiceLocator.getInstance(ServiceLocator.java:167)
	at com.inovis.b2b.lib.service.ServiceLocator.getInstance(ServiceLocator.java:150)
	at com.inovis.mss.registration.reghelper.defs.RegHelperManagerImp.&lt;init&gt;(RegHelperManagerImp.java:66)
	... 16 more
Caused by: javax.naming.CommunicationException [Root exception is java.net.ConnectException: t3://localhost:7001: Destination unreachable; nested exception is: 
	java.net.ConnectException: Connection refused: connect; No available router to destination]
	at weblogic.jndi.internal.ExceptionTranslator.toNamingException(ExceptionTranslator.java:49)
	at weblogic.jndi.WLInitialContextFactoryDelegate.toNamingException(WLInitialContextFactoryDelegate.java:765)
	at weblogic.jndi.WLInitialContextFactoryDelegate.getInitialContext(WLInitialContextFactoryDelegate.java:364)
	at weblogic.jndi.Environment.getContext(Environment.java:307)
	at weblogic.jndi.Environment.getContext(Environment.java:277)
	at weblogic.jndi.WLInitialContextFactory.getInitialContext(WLInitialContextFactory.java:117)
	at javax.naming.spi.NamingManager.getInitialContext(NamingManager.java:667)
	at javax.naming.InitialContext.getDefaultInitCtx(InitialContext.java:247)
	at javax.naming.InitialContext.init(InitialContext.java:223)
	at javax.naming.InitialContext.&lt;init&gt;(InitialContext.java:175)
	at com.inovis.b2b.lib.service.ServiceLocator.getInitialContext(ServiceLocator.java:206)
	... 20 more
Caused by: java.net.ConnectException: t3://localhost:7001: Destination unreachable; nested exception is: 
	java.net.ConnectException: Connection refused: connect; No available router to destination
	at weblogic.rjvm.RJVMFinder.findOrCreate(RJVMFinder.java:204)
	at weblogic.rjvm.ServerURL.findOrCreateRJVM(ServerURL.java:154)
	at weblogic.jndi.WLInitialContextFactoryDelegate.getInitialContext(WLInitialContextFactoryDelegate.java:349)
	... 28 more
Caused by: java.rmi.ConnectException: Destination unreachable; nested exception is: 
	java.net.ConnectException: Connection refused: connect; No available router to destination
	at weblogic.rjvm.ConnectionManager.bootstrap(ConnectionManager.java:472)
	at weblogic.rjvm.ConnectionManager.bootstrap(ConnectionManager.java:323)
	at weblogic.rjvm.RJVMManager.findOrCreateRemoteInternal(RJVMManager.java:259)
	at weblogic.rjvm.RJVMManager.findOrCreate(RJVMManager.java:202)
	at weblogic.rjvm.RJVMFinder.findOrCreateRemoteServer(RJVMFinder.java:226)
	at weblogic.rjvm.RJVMFinder.findOrCreate(RJVMFinder.java:189)
	... 30 more
</error>
  </testcase>
  <testcase classname="test.com.inovis.mss.registration.reghelper.TestRegHelperManager" name="testMgrDeleteClientInfo1" time="2.683">
    <error message="[RHLP-00163] Unable to create the RegHelper Manager." type="com.inovis.b2b.lib.exception.OperationFailedException">class com.inovis.b2b.lib.exception.OperationFailedException: [RHLP-00163] Unable to create the RegHelper Manager.
	at com.inovis.mss.registration.reghelper.defs.RegHelperManagerImp.&lt;init&gt;(RegHelperManagerImp.java:77)
	at com.inovis.mss.registration.reghelper.RegHelperManager.getManager(RegHelperManager.java:57)
	at test.com.inovis.mss.registration.reghelper.TestRegHelperManager.setUp(TestRegHelperManager.java:131)
Caused by: class com.inovis.b2b.lib.service.ServiceUnavailableException: [LIBP-00001] Unable to connect to naming service
	at com.inovis.b2b.lib.service.ServiceLocator.getInitialContext(ServiceLocator.java:214)
	at com.inovis.b2b.lib.service.ServiceLocator.&lt;init&gt;(ServiceLocator.java:183)
	at com.inovis.b2b.lib.service.ServiceLocator.getInstance(ServiceLocator.java:167)
	at com.inovis.b2b.lib.service.ServiceLocator.getInstance(ServiceLocator.java:150)
	at com.inovis.mss.registration.reghelper.defs.RegHelperManagerImp.&lt;init&gt;(RegHelperManagerImp.java:66)
	... 16 more
Caused by: javax.naming.CommunicationException [Root exception is java.net.ConnectException: t3://localhost:7001: Destination unreachable; nested exception is: 
	java.net.ConnectException: Connection refused: connect; No available router to destination]
	at weblogic.jndi.internal.ExceptionTranslator.toNamingException(ExceptionTranslator.java:49)
	at weblogic.jndi.WLInitialContextFactoryDelegate.toNamingException(WLInitialContextFactoryDelegate.java:765)
	at weblogic.jndi.WLInitialContextFactoryDelegate.getInitialContext(WLInitialContextFactoryDelegate.java:364)
	at weblogic.jndi.Environment.getContext(Environment.java:307)
	at weblogic.jndi.Environment.getContext(Environment.java:277)
	at weblogic.jndi.WLInitialContextFactory.getInitialContext(WLInitialContextFactory.java:117)
	at javax.naming.spi.NamingManager.getInitialContext(NamingManager.java:667)
	at javax.naming.InitialContext.getDefaultInitCtx(InitialContext.java:247)
	at javax.naming.InitialContext.init(InitialContext.java:223)
	at javax.naming.InitialContext.&lt;init&gt;(InitialContext.java:175)
	at com.inovis.b2b.lib.service.ServiceLocator.getInitialContext(ServiceLocator.java:206)
	... 20 more
Caused by: java.net.ConnectException: t3://localhost:7001: Destination unreachable; nested exception is: 
	java.net.ConnectException: Connection refused: connect; No available router to destination
	at weblogic.rjvm.RJVMFinder.findOrCreate(RJVMFinder.java:204)
	at weblogic.rjvm.ServerURL.findOrCreateRJVM(ServerURL.java:154)
	at weblogic.jndi.WLInitialContextFactoryDelegate.getInitialContext(WLInitialContextFactoryDelegate.java:349)
	... 28 more
Caused by: java.rmi.ConnectException: Destination unreachable; nested exception is: 
	java.net.ConnectException: Connection refused: connect; No available router to destination
	at weblogic.rjvm.ConnectionManager.bootstrap(ConnectionManager.java:472)
	at weblogic.rjvm.ConnectionManager.bootstrap(ConnectionManager.java:323)
	at weblogic.rjvm.RJVMManager.findOrCreateRemoteInternal(RJVMManager.java:259)
	at weblogic.rjvm.RJVMManager.findOrCreate(RJVMManager.java:202)
	at weblogic.rjvm.RJVMFinder.findOrCreateRemoteServer(RJVMFinder.java:226)
	at weblogic.rjvm.RJVMFinder.findOrCreate(RJVMFinder.java:189)
	... 30 more
</error>
  </testcase>
  <testcase classname="test.com.inovis.mss.registration.reghelper.TestRegHelperManager" name="testMgrSelectClientInfo2" time="2.074">
    <error message="[RHLP-00163] Unable to create the RegHelper Manager." type="com.inovis.b2b.lib.exception.OperationFailedException">class com.inovis.b2b.lib.exception.OperationFailedException: [RHLP-00163] Unable to create the RegHelper Manager.
	at com.inovis.mss.registration.reghelper.defs.RegHelperManagerImp.&lt;init&gt;(RegHelperManagerImp.java:77)
	at com.inovis.mss.registration.reghelper.RegHelperManager.getManager(RegHelperManager.java:57)
	at test.com.inovis.mss.registration.reghelper.TestRegHelperManager.setUp(TestRegHelperManager.java:131)
Caused by: class com.inovis.b2b.lib.service.ServiceUnavailableException: [LIBP-00001] Unable to connect to naming service
	at com.inovis.b2b.lib.service.ServiceLocator.getInitialContext(ServiceLocator.java:214)
	at com.inovis.b2b.lib.service.ServiceLocator.&lt;init&gt;(ServiceLocator.java:183)
	at com.inovis.b2b.lib.service.ServiceLocator.getInstance(ServiceLocator.java:167)
	at com.inovis.b2b.lib.service.ServiceLocator.getInstance(ServiceLocator.java:150)
	at com.inovis.mss.registration.reghelper.defs.RegHelperManagerImp.&lt;init&gt;(RegHelperManagerImp.java:66)
	... 16 more
Caused by: javax.naming.CommunicationException [Root exception is java.net.ConnectException: t3://localhost:7001: Destination unreachable; nested exception is: 
	java.net.ConnectException: Connection refused: connect; No available router to destination]
	at weblogic.jndi.internal.ExceptionTranslator.toNamingException(ExceptionTranslator.java:49)
	at weblogic.jndi.WLInitialContextFactoryDelegate.toNamingException(WLInitialContextFactoryDelegate.java:765)
	at weblogic.jndi.WLInitialContextFactoryDelegate.getInitialContext(WLInitialContextFactoryDelegate.java:364)
	at weblogic.jndi.Environment.getContext(Environment.java:307)
	at weblogic.jndi.Environment.getContext(Environment.java:277)
	at weblogic.jndi.WLInitialContextFactory.getInitialContext(WLInitialContextFactory.java:117)
	at javax.naming.spi.NamingManager.getInitialContext(NamingManager.java:667)
	at javax.naming.InitialContext.getDefaultInitCtx(InitialContext.java:247)
	at javax.naming.InitialContext.init(InitialContext.java:223)
	at javax.naming.InitialContext.&lt;init&gt;(InitialContext.java:175)
	at com.inovis.b2b.lib.service.ServiceLocator.getInitialContext(ServiceLocator.java:206)
	... 20 more
Caused by: java.net.ConnectException: t3://localhost:7001: Destination unreachable; nested exception is: 
	java.net.ConnectException: Connection refused: connect; No available router to destination
	at weblogic.rjvm.RJVMFinder.findOrCreate(RJVMFinder.java:204)
	at weblogic.rjvm.ServerURL.findOrCreateRJVM(ServerURL.java:154)
	at weblogic.jndi.WLInitialContextFactoryDelegate.getInitialContext(WLInitialContextFactoryDelegate.java:349)
	... 28 more
Caused by: java.rmi.ConnectException: Destination unreachable; nested exception is: 
	java.net.ConnectException: Connection refused: connect; No available router to destination
	at weblogic.rjvm.ConnectionManager.bootstrap(ConnectionManager.java:472)
	at weblogic.rjvm.ConnectionManager.bootstrap(ConnectionManager.java:323)
	at weblogic.rjvm.RJVMManager.findOrCreateRemoteInternal(RJVMManager.java:259)
	at weblogic.rjvm.RJVMManager.findOrCreate(RJVMManager.java:202)
	at weblogic.rjvm.RJVMFinder.findOrCreateRemoteServer(RJVMFinder.java:226)
	at weblogic.rjvm.RJVMFinder.findOrCreate(RJVMFinder.java:189)
	... 30 more
</error>
  </testcase>
  <testcase classname="test.com.inovis.mss.registration.reghelper.TestRegHelperManager" name="testMgrUpdateClientInfo" time="2.791">
    <error message="[RHLP-00163] Unable to create the RegHelper Manager." type="com.inovis.b2b.lib.exception.OperationFailedException">class com.inovis.b2b.lib.exception.OperationFailedException: [RHLP-00163] Unable to create the RegHelper Manager.
	at com.inovis.mss.registration.reghelper.defs.RegHelperManagerImp.&lt;init&gt;(RegHelperManagerImp.java:77)
	at com.inovis.mss.registration.reghelper.RegHelperManager.getManager(RegHelperManager.java:57)
	at test.com.inovis.mss.registration.reghelper.TestRegHelperManager.setUp(TestRegHelperManager.java:131)
Caused by: class com.inovis.b2b.lib.service.ServiceUnavailableException: [LIBP-00001] Unable to connect to naming service
	at com.inovis.b2b.lib.service.ServiceLocator.getInitialContext(ServiceLocator.java:214)
	at com.inovis.b2b.lib.service.ServiceLocator.&lt;init&gt;(ServiceLocator.java:183)
	at com.inovis.b2b.lib.service.ServiceLocator.getInstance(ServiceLocator.java:167)
	at com.inovis.b2b.lib.service.ServiceLocator.getInstance(ServiceLocator.java:150)
	at com.inovis.mss.registration.reghelper.defs.RegHelperManagerImp.&lt;init&gt;(RegHelperManagerImp.java:66)
	... 16 more
Caused by: javax.naming.CommunicationException [Root exception is java.net.ConnectException: t3://localhost:7001: Destination unreachable; nested exception is: 
	java.net.ConnectException: Connection refused: connect; No available router to destination]
	at weblogic.jndi.internal.ExceptionTranslator.toNamingException(ExceptionTranslator.java:49)
	at weblogic.jndi.WLInitialContextFactoryDelegate.toNamingException(WLInitialContextFactoryDelegate.java:765)
	at weblogic.jndi.WLInitialContextFactoryDelegate.getInitialContext(WLInitialContextFactoryDelegate.java:364)
	at weblogic.jndi.Environment.getContext(Environment.java:307)
	at weblogic.jndi.Environment.getContext(Environment.java:277)
	at weblogic.jndi.WLInitialContextFactory.getInitialContext(WLInitialContextFactory.java:117)
	at javax.naming.spi.NamingManager.getInitialContext(NamingManager.java:667)
	at javax.naming.InitialContext.getDefaultInitCtx(InitialContext.java:247)
	at javax.naming.InitialContext.init(InitialContext.java:223)
	at javax.naming.InitialContext.&lt;init&gt;(InitialContext.java:175)
	at com.inovis.b2b.lib.service.ServiceLocator.getInitialContext(ServiceLocator.java:206)
	... 20 more
Caused by: java.net.ConnectException: t3://localhost:7001: Destination unreachable; nested exception is: 
	java.net.ConnectException: Connection refused: connect; No available router to destination
	at weblogic.rjvm.RJVMFinder.findOrCreate(RJVMFinder.java:204)
	at weblogic.rjvm.ServerURL.findOrCreateRJVM(ServerURL.java:154)
	at weblogic.jndi.WLInitialContextFactoryDelegate.getInitialContext(WLInitialContextFactoryDelegate.java:349)
	... 28 more
Caused by: java.rmi.ConnectException: Destination unreachable; nested exception is: 
	java.net.ConnectException: Connection refused: connect; No available router to destination
	at weblogic.rjvm.ConnectionManager.bootstrap(ConnectionManager.java:472)
	at weblogic.rjvm.ConnectionManager.bootstrap(ConnectionManager.java:323)
	at weblogic.rjvm.RJVMManager.findOrCreateRemoteInternal(RJVMManager.java:259)
	at weblogic.rjvm.RJVMManager.findOrCreate(RJVMManager.java:202)
	at weblogic.rjvm.RJVMFinder.findOrCreateRemoteServer(RJVMFinder.java:226)
	at weblogic.rjvm.RJVMFinder.findOrCreate(RJVMFinder.java:189)
	... 30 more
</error>
  </testcase>
  <testcase classname="test.com.inovis.mss.registration.reghelper.TestRegHelperManager" name="testMgrInsertLongClientInfo" time="2.776">
    <error message="[RHLP-00163] Unable to create the RegHelper Manager." type="com.inovis.b2b.lib.exception.OperationFailedException">class com.inovis.b2b.lib.exception.OperationFailedException: [RHLP-00163] Unable to create the RegHelper Manager.
	at com.inovis.mss.registration.reghelper.defs.RegHelperManagerImp.&lt;init&gt;(RegHelperManagerImp.java:77)
	at com.inovis.mss.registration.reghelper.RegHelperManager.getManager(RegHelperManager.java:57)
	at test.com.inovis.mss.registration.reghelper.TestRegHelperManager.setUp(TestRegHelperManager.java:131)
Caused by: class com.inovis.b2b.lib.service.ServiceUnavailableException: [LIBP-00001] Unable to connect to naming service
	at com.inovis.b2b.lib.service.ServiceLocator.getInitialContext(ServiceLocator.java:214)
	at com.inovis.b2b.lib.service.ServiceLocator.&lt;init&gt;(ServiceLocator.java:183)
	at com.inovis.b2b.lib.service.ServiceLocator.getInstance(ServiceLocator.java:167)
	at com.inovis.b2b.lib.service.ServiceLocator.getInstance(ServiceLocator.java:150)
	at com.inovis.mss.registration.reghelper.defs.RegHelperManagerImp.&lt;init&gt;(RegHelperManagerImp.java:66)
	... 16 more
Caused by: javax.naming.CommunicationException [Root exception is java.net.ConnectException: t3://localhost:7001: Destination unreachable; nested exception is: 
	java.net.ConnectException: Connection refused: connect; No available router to destination]
	at weblogic.jndi.internal.ExceptionTranslator.toNamingException(ExceptionTranslator.java:49)
	at weblogic.jndi.WLInitialContextFactoryDelegate.toNamingException(WLInitialContextFactoryDelegate.java:765)
	at weblogic.jndi.WLInitialContextFactoryDelegate.getInitialContext(WLInitialContextFactoryDelegate.java:364)
	at weblogic.jndi.Environment.getContext(Environment.java:307)
	at weblogic.jndi.Environment.getContext(Environment.java:277)
	at weblogic.jndi.WLInitialContextFactory.getInitialContext(WLInitialContextFactory.java:117)
	at javax.naming.spi.NamingManager.getInitialContext(NamingManager.java:667)
	at javax.naming.InitialContext.getDefaultInitCtx(InitialContext.java:247)
	at javax.naming.InitialContext.init(InitialContext.java:223)
	at javax.naming.InitialContext.&lt;init&gt;(InitialContext.java:175)
	at com.inovis.b2b.lib.service.ServiceLocator.getInitialContext(ServiceLocator.java:206)
	... 20 more
Caused by: java.net.ConnectException: t3://localhost:7001: Destination unreachable; nested exception is: 
	java.net.ConnectException: Connection refused: connect; No available router to destination
	at weblogic.rjvm.RJVMFinder.findOrCreate(RJVMFinder.java:204)
	at weblogic.rjvm.ServerURL.findOrCreateRJVM(ServerURL.java:154)
	at weblogic.jndi.WLInitialContextFactoryDelegate.getInitialContext(WLInitialContextFactoryDelegate.java:349)
	... 28 more
Caused by: java.rmi.ConnectException: Destination unreachable; nested exception is: 
	java.net.ConnectException: Connection refused: connect; No available router to destination
	at weblogic.rjvm.ConnectionManager.bootstrap(ConnectionManager.java:472)
	at weblogic.rjvm.ConnectionManager.bootstrap(ConnectionManager.java:323)
	at weblogic.rjvm.RJVMManager.findOrCreateRemoteInternal(RJVMManager.java:259)
	at weblogic.rjvm.RJVMManager.findOrCreate(RJVMManager.java:202)
	at weblogic.rjvm.RJVMFinder.findOrCreateRemoteServer(RJVMFinder.java:226)
	at weblogic.rjvm.RJVMFinder.findOrCreate(RJVMFinder.java:189)
	... 30 more
</error>
  </testcase>
  <testcase classname="test.com.inovis.mss.registration.reghelper.TestRegHelperManager" name="testMgrInsertLicenseInfo" time="2.573">
    <error message="[RHLP-00163] Unable to create the RegHelper Manager." type="com.inovis.b2b.lib.exception.OperationFailedException">class com.inovis.b2b.lib.exception.OperationFailedException: [RHLP-00163] Unable to create the RegHelper Manager.
	at com.inovis.mss.registration.reghelper.defs.RegHelperManagerImp.&lt;init&gt;(RegHelperManagerImp.java:77)
	at com.inovis.mss.registration.reghelper.RegHelperManager.getManager(RegHelperManager.java:57)
	at test.com.inovis.mss.registration.reghelper.TestRegHelperManager.setUp(TestRegHelperManager.java:131)
Caused by: class com.inovis.b2b.lib.service.ServiceUnavailableException: [LIBP-00001] Unable to connect to naming service
	at com.inovis.b2b.lib.service.ServiceLocator.getInitialContext(ServiceLocator.java:214)
	at com.inovis.b2b.lib.service.ServiceLocator.&lt;init&gt;(ServiceLocator.java:183)
	at com.inovis.b2b.lib.service.ServiceLocator.getInstance(ServiceLocator.java:167)
	at com.inovis.b2b.lib.service.ServiceLocator.getInstance(ServiceLocator.java:150)
	at com.inovis.mss.registration.reghelper.defs.RegHelperManagerImp.&lt;init&gt;(RegHelperManagerImp.java:66)
	... 16 more
Caused by: javax.naming.CommunicationException [Root exception is java.net.ConnectException: t3://localhost:7001: Destination unreachable; nested exception is: 
	java.net.ConnectException: Connection refused: connect; No available router to destination]
	at weblogic.jndi.internal.ExceptionTranslator.toNamingException(ExceptionTranslator.java:49)
	at weblogic.jndi.WLInitialContextFactoryDelegate.toNamingException(WLInitialContextFactoryDelegate.java:765)
	at weblogic.jndi.WLInitialContextFactoryDelegate.getInitialContext(WLInitialContextFactoryDelegate.java:364)
	at weblogic.jndi.Environment.getContext(Environment.java:307)
	at weblogic.jndi.Environment.getContext(Environment.java:277)
	at weblogic.jndi.WLInitialContextFactory.getInitialContext(WLInitialContextFactory.java:117)
	at javax.naming.spi.NamingManager.getInitialContext(NamingManager.java:667)
	at javax.naming.InitialContext.getDefaultInitCtx(InitialContext.java:247)
	at javax.naming.InitialContext.init(InitialContext.java:223)
	at javax.naming.InitialContext.&lt;init&gt;(InitialContext.java:175)
	at com.inovis.b2b.lib.service.ServiceLocator.getInitialContext(ServiceLocator.java:206)
	... 20 more
Caused by: java.net.ConnectException: t3://localhost:7001: Destination unreachable; nested exception is: 
	java.net.ConnectException: Connection refused: connect; No available router to destination
	at weblogic.rjvm.RJVMFinder.findOrCreate(RJVMFinder.java:204)
	at weblogic.rjvm.ServerURL.findOrCreateRJVM(ServerURL.java:154)
	at weblogic.jndi.WLInitialContextFactoryDelegate.getInitialContext(WLInitialContextFactoryDelegate.java:349)
	... 28 more
Caused by: java.rmi.ConnectException: Destination unreachable; nested exception is: 
	java.net.ConnectException: Connection refused: connect; No available router to destination
	at weblogic.rjvm.ConnectionManager.bootstrap(ConnectionManager.java:472)
	at weblogic.rjvm.ConnectionManager.bootstrap(ConnectionManager.java:323)
	at weblogic.rjvm.RJVMManager.findOrCreateRemoteInternal(RJVMManager.java:259)
	at weblogic.rjvm.RJVMManager.findOrCreate(RJVMManager.java:202)
	at weblogic.rjvm.RJVMFinder.findOrCreateRemoteServer(RJVMFinder.java:226)
	at weblogic.rjvm.RJVMFinder.findOrCreate(RJVMFinder.java:189)
	... 30 more
</error>
  </testcase>
  <testcase classname="test.com.inovis.mss.registration.reghelper.TestRegHelperManager" name="testMgrSelectLicenseInfo1" time="2.448">
    <error message="[RHLP-00163] Unable to create the RegHelper Manager." type="com.inovis.b2b.lib.exception.OperationFailedException">class com.inovis.b2b.lib.exception.OperationFailedException: [RHLP-00163] Unable to create the RegHelper Manager.
	at com.inovis.mss.registration.reghelper.defs.RegHelperManagerImp.&lt;init&gt;(RegHelperManagerImp.java:77)
	at com.inovis.mss.registration.reghelper.RegHelperManager.getManager(RegHelperManager.java:57)
	at test.com.inovis.mss.registration.reghelper.TestRegHelperManager.setUp(TestRegHelperManager.java:131)
Caused by: class com.inovis.b2b.lib.service.ServiceUnavailableException: [LIBP-00001] Unable to connect to naming service
	at com.inovis.b2b.lib.service.ServiceLocator.getInitialContext(ServiceLocator.java:214)
	at com.inovis.b2b.lib.service.ServiceLocator.&lt;init&gt;(ServiceLocator.java:183)
	at com.inovis.b2b.lib.service.ServiceLocator.getInstance(ServiceLocator.java:167)
	at com.inovis.b2b.lib.service.ServiceLocator.getInstance(ServiceLocator.java:150)
	at com.inovis.mss.registration.reghelper.defs.RegHelperManagerImp.&lt;init&gt;(RegHelperManagerImp.java:66)
	... 16 more
Caused by: javax.naming.CommunicationException [Root exception is java.net.ConnectException: t3://localhost:7001: Destination unreachable; nested exception is: 
	java.net.ConnectException: Connection refused: connect; No available router to destination]
	at weblogic.jndi.internal.ExceptionTranslator.toNamingException(ExceptionTranslator.java:49)
	at weblogic.jndi.WLInitialContextFactoryDelegate.toNamingException(WLInitialContextFactoryDelegate.java:765)
	at weblogic.jndi.WLInitialContextFactoryDelegate.getInitialContext(WLInitialContextFactoryDelegate.java:364)
	at weblogic.jndi.Environment.getContext(Environment.java:307)
	at weblogic.jndi.Environment.getContext(Environment.java:277)
	at weblogic.jndi.WLInitialContextFactory.getInitialContext(WLInitialContextFactory.java:117)
	at javax.naming.spi.NamingManager.getInitialContext(NamingManager.java:667)
	at javax.naming.InitialContext.getDefaultInitCtx(InitialContext.java:247)
	at javax.naming.InitialContext.init(InitialContext.java:223)
	at javax.naming.InitialContext.&lt;init&gt;(InitialContext.java:175)
	at com.inovis.b2b.lib.service.ServiceLocator.getInitialContext(ServiceLocator.java:206)
	... 20 more
Caused by: java.net.ConnectException: t3://localhost:7001: Destination unreachable; nested exception is: 
	java.net.ConnectException: Connection refused: connect; No available router to destination
	at weblogic.rjvm.RJVMFinder.findOrCreate(RJVMFinder.java:204)
	at weblogic.rjvm.ServerURL.findOrCreateRJVM(ServerURL.java:154)
	at weblogic.jndi.WLInitialContextFactoryDelegate.getInitialContext(WLInitialContextFactoryDelegate.java:349)
	... 28 more
Caused by: java.rmi.ConnectException: Destination unreachable; nested exception is: 
	java.net.ConnectException: Connection refused: connect; No available router to destination
	at weblogic.rjvm.ConnectionManager.bootstrap(ConnectionManager.java:472)
	at weblogic.rjvm.ConnectionManager.bootstrap(ConnectionManager.java:323)
	at weblogic.rjvm.RJVMManager.findOrCreateRemoteInternal(RJVMManager.java:259)
	at weblogic.rjvm.RJVMManager.findOrCreate(RJVMManager.java:202)
	at weblogic.rjvm.RJVMFinder.findOrCreateRemoteServer(RJVMFinder.java:226)
	at weblogic.rjvm.RJVMFinder.findOrCreate(RJVMFinder.java:189)
	... 30 more
</error>
  </testcase>
  <testcase classname="test.com.inovis.mss.registration.reghelper.TestRegHelperManager" name="testMgrUpdateLicenseInfo" time="2.916">
    <error message="[RHLP-00163] Unable to create the RegHelper Manager." type="com.inovis.b2b.lib.exception.OperationFailedException">class com.inovis.b2b.lib.exception.OperationFailedException: [RHLP-00163] Unable to create the RegHelper Manager.
	at com.inovis.mss.registration.reghelper.defs.RegHelperManagerImp.&lt;init&gt;(RegHelperManagerImp.java:77)
	at com.inovis.mss.registration.reghelper.RegHelperManager.getManager(RegHelperManager.java:57)
	at test.com.inovis.mss.registration.reghelper.TestRegHelperManager.setUp(TestRegHelperManager.java:131)
Caused by: class com.inovis.b2b.lib.service.ServiceUnavailableException: [LIBP-00001] Unable to connect to naming service
	at com.inovis.b2b.lib.service.ServiceLocator.getInitialContext(ServiceLocator.java:214)
	at com.inovis.b2b.lib.service.ServiceLocator.&lt;init&gt;(ServiceLocator.java:183)
	at com.inovis.b2b.lib.service.ServiceLocator.getInstance(ServiceLocator.java:167)
	at com.inovis.b2b.lib.service.ServiceLocator.getInstance(ServiceLocator.java:150)
	at com.inovis.mss.registration.reghelper.defs.RegHelperManagerImp.&lt;init&gt;(RegHelperManagerImp.java:66)
	... 16 more
Caused by: javax.naming.CommunicationException [Root exception is java.net.ConnectException: t3://localhost:7001: Destination unreachable; nested exception is: 
	java.net.ConnectException: Connection refused: connect; No available router to destination]
	at weblogic.jndi.internal.ExceptionTranslator.toNamingException(ExceptionTranslator.java:49)
	at weblogic.jndi.WLInitialContextFactoryDelegate.toNamingException(WLInitialContextFactoryDelegate.java:765)
	at weblogic.jndi.WLInitialContextFactoryDelegate.getInitialContext(WLInitialContextFactoryDelegate.java:364)
	at weblogic.jndi.Environment.getContext(Environment.java:307)
	at weblogic.jndi.Environment.getContext(Environment.java:277)
	at weblogic.jndi.WLInitialContextFactory.getInitialContext(WLInitialContextFactory.java:117)
	at javax.naming.spi.NamingManager.getInitialContext(NamingManager.java:667)
	at javax.naming.InitialContext.getDefaultInitCtx(InitialContext.java:247)
	at javax.naming.InitialContext.init(InitialContext.java:223)
	at javax.naming.InitialContext.&lt;init&gt;(InitialContext.java:175)
	at com.inovis.b2b.lib.service.ServiceLocator.getInitialContext(ServiceLocator.java:206)
	... 20 more
Caused by: java.net.ConnectException: t3://localhost:7001: Destination unreachable; nested exception is: 
	java.net.ConnectException: Connection refused: connect; No available router to destination
	at weblogic.rjvm.RJVMFinder.findOrCreate(RJVMFinder.java:204)
	at weblogic.rjvm.ServerURL.findOrCreateRJVM(ServerURL.java:154)
	at weblogic.jndi.WLInitialContextFactoryDelegate.getInitialContext(WLInitialContextFactoryDelegate.java:349)
	... 28 more
Caused by: java.rmi.ConnectException: Destination unreachable; nested exception is: 
	java.net.ConnectException: Connection refused: connect; No available router to destination
	at weblogic.rjvm.ConnectionManager.bootstrap(ConnectionManager.java:472)
	at weblogic.rjvm.ConnectionManager.bootstrap(ConnectionManager.java:323)
	at weblogic.rjvm.RJVMManager.findOrCreateRemoteInternal(RJVMManager.java:259)
	at weblogic.rjvm.RJVMManager.findOrCreate(RJVMManager.java:202)
	at weblogic.rjvm.RJVMFinder.findOrCreateRemoteServer(RJVMFinder.java:226)
	at weblogic.rjvm.RJVMFinder.findOrCreate(RJVMFinder.java:189)
	... 30 more
</error>
  </testcase>
  <testcase classname="test.com.inovis.mss.registration.reghelper.TestRegHelperManager" name="testMgrUpdateLicenseInfo2" time="2.464">
    <error message="[RHLP-00163] Unable to create the RegHelper Manager." type="com.inovis.b2b.lib.exception.OperationFailedException">class com.inovis.b2b.lib.exception.OperationFailedException: [RHLP-00163] Unable to create the RegHelper Manager.
	at com.inovis.mss.registration.reghelper.defs.RegHelperManagerImp.&lt;init&gt;(RegHelperManagerImp.java:77)
	at com.inovis.mss.registration.reghelper.RegHelperManager.getManager(RegHelperManager.java:57)
	at test.com.inovis.mss.registration.reghelper.TestRegHelperManager.setUp(TestRegHelperManager.java:131)
Caused by: class com.inovis.b2b.lib.service.ServiceUnavailableException: [LIBP-00001] Unable to connect to naming service
	at com.inovis.b2b.lib.service.ServiceLocator.getInitialContext(ServiceLocator.java:214)
	at com.inovis.b2b.lib.service.ServiceLocator.&lt;init&gt;(ServiceLocator.java:183)
	at com.inovis.b2b.lib.service.ServiceLocator.getInstance(ServiceLocator.java:167)
	at com.inovis.b2b.lib.service.ServiceLocator.getInstance(ServiceLocator.java:150)
	at com.inovis.mss.registration.reghelper.defs.RegHelperManagerImp.&lt;init&gt;(RegHelperManagerImp.java:66)
	... 16 more
Caused by: javax.naming.CommunicationException [Root exception is java.net.ConnectException: t3://localhost:7001: Destination unreachable; nested exception is: 
	java.net.ConnectException: Connection refused: connect; No available router to destination]
	at weblogic.jndi.internal.ExceptionTranslator.toNamingException(ExceptionTranslator.java:49)
	at weblogic.jndi.WLInitialContextFactoryDelegate.toNamingException(WLInitialContextFactoryDelegate.java:765)
	at weblogic.jndi.WLInitialContextFactoryDelegate.getInitialContext(WLInitialContextFactoryDelegate.java:364)
	at weblogic.jndi.Environment.getContext(Environment.java:307)
	at weblogic.jndi.Environment.getContext(Environment.java:277)
	at weblogic.jndi.WLInitialContextFactory.getInitialContext(WLInitialContextFactory.java:117)
	at javax.naming.spi.NamingManager.getInitialContext(NamingManager.java:667)
	at javax.naming.InitialContext.getDefaultInitCtx(InitialContext.java:247)
	at javax.naming.InitialContext.init(InitialContext.java:223)
	at javax.naming.InitialContext.&lt;init&gt;(InitialContext.java:175)
	at com.inovis.b2b.lib.service.ServiceLocator.getInitialContext(ServiceLocator.java:206)
	... 20 more
Caused by: java.net.ConnectException: t3://localhost:7001: Destination unreachable; nested exception is: 
	java.net.ConnectException: Connection refused: connect; No available router to destination
	at weblogic.rjvm.RJVMFinder.findOrCreate(RJVMFinder.java:204)
	at weblogic.rjvm.ServerURL.findOrCreateRJVM(ServerURL.java:154)
	at weblogic.jndi.WLInitialContextFactoryDelegate.getInitialContext(WLInitialContextFactoryDelegate.java:349)
	... 28 more
Caused by: java.rmi.ConnectException: Destination unreachable; nested exception is: 
	java.net.ConnectException: Connection refused: connect; No available router to destination
	at weblogic.rjvm.ConnectionManager.bootstrap(ConnectionManager.java:472)
	at weblogic.rjvm.ConnectionManager.bootstrap(ConnectionManager.java:323)
	at weblogic.rjvm.RJVMManager.findOrCreateRemoteInternal(RJVMManager.java:259)
	at weblogic.rjvm.RJVMManager.findOrCreate(RJVMManager.java:202)
	at weblogic.rjvm.RJVMFinder.findOrCreateRemoteServer(RJVMFinder.java:226)
	at weblogic.rjvm.RJVMFinder.findOrCreate(RJVMFinder.java:189)
	... 30 more
</error>
  </testcase>
  <testcase classname="test.com.inovis.mss.registration.reghelper.TestRegHelperManager" name="testMgrDeleteLicenseInfo1" time="2.683">
    <error message="[RHLP-00163] Unable to create the RegHelper Manager." type="com.inovis.b2b.lib.exception.OperationFailedException">class com.inovis.b2b.lib.exception.OperationFailedException: [RHLP-00163] Unable to create the RegHelper Manager.
	at com.inovis.mss.registration.reghelper.defs.RegHelperManagerImp.&lt;init&gt;(RegHelperManagerImp.java:77)
	at com.inovis.mss.registration.reghelper.RegHelperManager.getManager(RegHelperManager.java:57)
	at test.com.inovis.mss.registration.reghelper.TestRegHelperManager.setUp(TestRegHelperManager.java:131)
Caused by: class com.inovis.b2b.lib.service.ServiceUnavailableException: [LIBP-00001] Unable to connect to naming service
	at com.inovis.b2b.lib.service.ServiceLocator.getInitialContext(ServiceLocator.java:214)
	at com.inovis.b2b.lib.service.ServiceLocator.&lt;init&gt;(ServiceLocator.java:183)
	at com.inovis.b2b.lib.service.ServiceLocator.getInstance(ServiceLocator.java:167)
	at com.inovis.b2b.lib.service.ServiceLocator.getInstance(ServiceLocator.java:150)
	at com.inovis.mss.registration.reghelper.defs.RegHelperManagerImp.&lt;init&gt;(RegHelperManagerImp.java:66)
	... 16 more
Caused by: javax.naming.CommunicationException [Root exception is java.net.ConnectException: t3://localhost:7001: Destination unreachable; nested exception is: 
	java.net.ConnectException: Connection refused: connect; No available router to destination]
	at weblogic.jndi.internal.ExceptionTranslator.toNamingException(ExceptionTranslator.java:49)
	at weblogic.jndi.WLInitialContextFactoryDelegate.toNamingException(WLInitialContextFactoryDelegate.java:765)
	at weblogic.jndi.WLInitialContextFactoryDelegate.getInitialContext(WLInitialContextFactoryDelegate.java:364)
	at weblogic.jndi.Environment.getContext(Environment.java:307)
	at weblogic.jndi.Environment.getContext(Environment.java:277)
	at weblogic.jndi.WLInitialContextFactory.getInitialContext(WLInitialContextFactory.java:117)
	at javax.naming.spi.NamingManager.getInitialContext(NamingManager.java:667)
	at javax.naming.InitialContext.getDefaultInitCtx(InitialContext.java:247)
	at javax.naming.InitialContext.init(InitialContext.java:223)
	at javax.naming.InitialContext.&lt;init&gt;(InitialContext.java:175)
	at com.inovis.b2b.lib.service.ServiceLocator.getInitialContext(ServiceLocator.java:206)
	... 20 more
Caused by: java.net.ConnectException: t3://localhost:7001: Destination unreachable; nested exception is: 
	java.net.ConnectException: Connection refused: connect; No available router to destination
	at weblogic.rjvm.RJVMFinder.findOrCreate(RJVMFinder.java:204)
	at weblogic.rjvm.ServerURL.findOrCreateRJVM(ServerURL.java:154)
	at weblogic.jndi.WLInitialContextFactoryDelegate.getInitialContext(WLInitialContextFactoryDelegate.java:349)
	... 28 more
Caused by: java.rmi.ConnectException: Destination unreachable; nested exception is: 
	java.net.ConnectException: Connection refused: connect; No available router to destination
	at weblogic.rjvm.ConnectionManager.bootstrap(ConnectionManager.java:472)
	at weblogic.rjvm.ConnectionManager.bootstrap(ConnectionManager.java:323)
	at weblogic.rjvm.RJVMManager.findOrCreateRemoteInternal(RJVMManager.java:259)
	at weblogic.rjvm.RJVMManager.findOrCreate(RJVMManager.java:202)
	at weblogic.rjvm.RJVMFinder.findOrCreateRemoteServer(RJVMFinder.java:226)
	at weblogic.rjvm.RJVMFinder.findOrCreate(RJVMFinder.java:189)
	... 30 more
</error>
  </testcase>
  <testcase classname="test.com.inovis.mss.registration.reghelper.TestRegHelperManager" name="testMgrSelectLicenseInfo2" time="2.573">
    <error message="[RHLP-00163] Unable to create the RegHelper Manager." type="com.inovis.b2b.lib.exception.OperationFailedException">class com.inovis.b2b.lib.exception.OperationFailedException: [RHLP-00163] Unable to create the RegHelper Manager.
	at com.inovis.mss.registration.reghelper.defs.RegHelperManagerImp.&lt;init&gt;(RegHelperManagerImp.java:77)
	at com.inovis.mss.registration.reghelper.RegHelperManager.getManager(RegHelperManager.java:57)
	at test.com.inovis.mss.registration.reghelper.TestRegHelperManager.setUp(TestRegHelperManager.java:131)
Caused by: class com.inovis.b2b.lib.service.ServiceUnavailableException: [LIBP-00001] Unable to connect to naming service
	at com.inovis.b2b.lib.service.ServiceLocator.getInitialContext(ServiceLocator.java:214)
	at com.inovis.b2b.lib.service.ServiceLocator.&lt;init&gt;(ServiceLocator.java:183)
	at com.inovis.b2b.lib.service.ServiceLocator.getInstance(ServiceLocator.java:167)
	at com.inovis.b2b.lib.service.ServiceLocator.getInstance(ServiceLocator.java:150)
	at com.inovis.mss.registration.reghelper.defs.RegHelperManagerImp.&lt;init&gt;(RegHelperManagerImp.java:66)
	... 16 more
Caused by: javax.naming.CommunicationException [Root exception is java.net.ConnectException: t3://localhost:7001: Destination unreachable; nested exception is: 
	java.net.ConnectException: Connection refused: connect; No available router to destination]
	at weblogic.jndi.internal.ExceptionTranslator.toNamingException(ExceptionTranslator.java:49)
	at weblogic.jndi.WLInitialContextFactoryDelegate.toNamingException(WLInitialContextFactoryDelegate.java:765)
	at weblogic.jndi.WLInitialContextFactoryDelegate.getInitialContext(WLInitialContextFactoryDelegate.java:364)
	at weblogic.jndi.Environment.getContext(Environment.java:307)
	at weblogic.jndi.Environment.getContext(Environment.java:277)
	at weblogic.jndi.WLInitialContextFactory.getInitialContext(WLInitialContextFactory.java:117)
	at javax.naming.spi.NamingManager.getInitialContext(NamingManager.java:667)
	at javax.naming.InitialContext.getDefaultInitCtx(InitialContext.java:247)
	at javax.naming.InitialContext.init(InitialContext.java:223)
	at javax.naming.InitialContext.&lt;init&gt;(InitialContext.java:175)
	at com.inovis.b2b.lib.service.ServiceLocator.getInitialContext(ServiceLocator.java:206)
	... 20 more
Caused by: java.net.ConnectException: t3://localhost:7001: Destination unreachable; nested exception is: 
	java.net.ConnectException: Connection refused: connect; No available router to destination
	at weblogic.rjvm.RJVMFinder.findOrCreate(RJVMFinder.java:204)
	at weblogic.rjvm.ServerURL.findOrCreateRJVM(ServerURL.java:154)
	at weblogic.jndi.WLInitialContextFactoryDelegate.getInitialContext(WLInitialContextFactoryDelegate.java:349)
	... 28 more
Caused by: java.rmi.ConnectException: Destination unreachable; nested exception is: 
	java.net.ConnectException: Connection refused: connect; No available router to destination
	at weblogic.rjvm.ConnectionManager.bootstrap(ConnectionManager.java:472)
	at weblogic.rjvm.ConnectionManager.bootstrap(ConnectionManager.java:323)
	at weblogic.rjvm.RJVMManager.findOrCreateRemoteInternal(RJVMManager.java:259)
	at weblogic.rjvm.RJVMManager.findOrCreate(RJVMManager.java:202)
	at weblogic.rjvm.RJVMFinder.findOrCreateRemoteServer(RJVMFinder.java:226)
	at weblogic.rjvm.RJVMFinder.findOrCreate(RJVMFinder.java:189)
	... 30 more
</error>
  </testcase>
  <testcase classname="test.com.inovis.mss.registration.reghelper.TestRegHelperManager" name="testMgrUpdateLicenseInfo3" time="2.183">
    <error message="[RHLP-00163] Unable to create the RegHelper Manager." type="com.inovis.b2b.lib.exception.OperationFailedException">class com.inovis.b2b.lib.exception.OperationFailedException: [RHLP-00163] Unable to create the RegHelper Manager.
	at com.inovis.mss.registration.reghelper.defs.RegHelperManagerImp.&lt;init&gt;(RegHelperManagerImp.java:77)
	at com.inovis.mss.registration.reghelper.RegHelperManager.getManager(RegHelperManager.java:57)
	at test.com.inovis.mss.registration.reghelper.TestRegHelperManager.setUp(TestRegHelperManager.java:131)
Caused by: class com.inovis.b2b.lib.service.ServiceUnavailableException: [LIBP-00001] Unable to connect to naming service
	at com.inovis.b2b.lib.service.ServiceLocator.getInitialContext(ServiceLocator.java:214)
	at com.inovis.b2b.lib.service.ServiceLocator.&lt;init&gt;(ServiceLocator.java:183)
	at com.inovis.b2b.lib.service.ServiceLocator.getInstance(ServiceLocator.java:167)
	at com.inovis.b2b.lib.service.ServiceLocator.getInstance(ServiceLocator.java:150)
	at com.inovis.mss.registration.reghelper.defs.RegHelperManagerImp.&lt;init&gt;(RegHelperManagerImp.java:66)
	... 16 more
Caused by: javax.naming.CommunicationException [Root exception is java.net.ConnectException: t3://localhost:7001: Destination unreachable; nested exception is: 
	java.net.ConnectException: Connection refused: connect; No available router to destination]
	at weblogic.jndi.internal.ExceptionTranslator.toNamingException(ExceptionTranslator.java:49)
	at weblogic.jndi.WLInitialContextFactoryDelegate.toNamingException(WLInitialContextFactoryDelegate.java:765)
	at weblogic.jndi.WLInitialContextFactoryDelegate.getInitialContext(WLInitialContextFactoryDelegate.java:364)
	at weblogic.jndi.Environment.getContext(Environment.java:307)
	at weblogic.jndi.Environment.getContext(Environment.java:277)
	at weblogic.jndi.WLInitialContextFactory.getInitialContext(WLInitialContextFactory.java:117)
	at javax.naming.spi.NamingManager.getInitialContext(NamingManager.java:667)
	at javax.naming.InitialContext.getDefaultInitCtx(InitialContext.java:247)
	at javax.naming.InitialContext.init(InitialContext.java:223)
	at javax.naming.InitialContext.&lt;init&gt;(InitialContext.java:175)
	at com.inovis.b2b.lib.service.ServiceLocator.getInitialContext(ServiceLocator.java:206)
	... 20 more
Caused by: java.net.ConnectException: t3://localhost:7001: Destination unreachable; nested exception is: 
	java.net.ConnectException: Connection refused: connect; No available router to destination
	at weblogic.rjvm.RJVMFinder.findOrCreate(RJVMFinder.java:204)
	at weblogic.rjvm.ServerURL.findOrCreateRJVM(ServerURL.java:154)
	at weblogic.jndi.WLInitialContextFactoryDelegate.getInitialContext(WLInitialContextFactoryDelegate.java:349)
	... 28 more
Caused by: java.rmi.ConnectException: Destination unreachable; nested exception is: 
	java.net.ConnectException: Connection refused: connect; No available router to destination
	at weblogic.rjvm.ConnectionManager.bootstrap(ConnectionManager.java:472)
	at weblogic.rjvm.ConnectionManager.bootstrap(ConnectionManager.java:323)
	at weblogic.rjvm.RJVMManager.findOrCreateRemoteInternal(RJVMManager.java:259)
	at weblogic.rjvm.RJVMManager.findOrCreate(RJVMManager.java:202)
	at weblogic.rjvm.RJVMFinder.findOrCreateRemoteServer(RJVMFinder.java:226)
	at weblogic.rjvm.RJVMFinder.findOrCreate(RJVMFinder.java:189)
	... 30 more
</error>
  </testcase>
  <testcase classname="test.com.inovis.mss.registration.reghelper.TestRegHelperManager" name="testMgrInsertLicenseAccept" time="2.994">
    <error message="[RHLP-00163] Unable to create the RegHelper Manager." type="com.inovis.b2b.lib.exception.OperationFailedException">class com.inovis.b2b.lib.exception.OperationFailedException: [RHLP-00163] Unable to create the RegHelper Manager.
	at com.inovis.mss.registration.reghelper.defs.RegHelperManagerImp.&lt;init&gt;(RegHelperManagerImp.java:77)
	at com.inovis.mss.registration.reghelper.RegHelperManager.getManager(RegHelperManager.java:57)
	at test.com.inovis.mss.registration.reghelper.TestRegHelperManager.setUp(TestRegHelperManager.java:131)
Caused by: class com.inovis.b2b.lib.service.ServiceUnavailableException: [LIBP-00001] Unable to connect to naming service
	at com.inovis.b2b.lib.service.ServiceLocator.getInitialContext(ServiceLocator.java:214)
	at com.inovis.b2b.lib.service.ServiceLocator.&lt;init&gt;(ServiceLocator.java:183)
	at com.inovis.b2b.lib.service.ServiceLocator.getInstance(ServiceLocator.java:167)
	at com.inovis.b2b.lib.service.ServiceLocator.getInstance(ServiceLocator.java:150)
	at com.inovis.mss.registration.reghelper.defs.RegHelperManagerImp.&lt;init&gt;(RegHelperManagerImp.java:66)
	... 16 more
Caused by: javax.naming.CommunicationException [Root exception is java.net.ConnectException: t3://localhost:7001: Destination unreachable; nested exception is: 
	java.net.ConnectException: Connection refused: connect; No available router to destination]
	at weblogic.jndi.internal.ExceptionTranslator.toNamingException(ExceptionTranslator.java:49)
	at weblogic.jndi.WLInitialContextFactoryDelegate.toNamingException(WLInitialContextFactoryDelegate.java:765)
	at weblogic.jndi.WLInitialContextFactoryDelegate.getInitialContext(WLInitialContextFactoryDelegate.java:364)
	at weblogic.jndi.Environment.getContext(Environment.java:307)
	at weblogic.jndi.Environment.getContext(Environment.java:277)
	at weblogic.jndi.WLInitialContextFactory.getInitialContext(WLInitialContextFactory.java:117)
	at javax.naming.spi.NamingManager.getInitialContext(NamingManager.java:667)
	at javax.naming.InitialContext.getDefaultInitCtx(InitialContext.java:247)
	at javax.naming.InitialContext.init(InitialContext.java:223)
	at javax.naming.InitialContext.&lt;init&gt;(InitialContext.java:175)
	at com.inovis.b2b.lib.service.ServiceLocator.getInitialContext(ServiceLocator.java:206)
	... 20 more
Caused by: java.net.ConnectException: t3://localhost:7001: Destination unreachable; nested exception is: 
	java.net.ConnectException: Connection refused: connect; No available router to destination
	at weblogic.rjvm.RJVMFinder.findOrCreate(RJVMFinder.java:204)
	at weblogic.rjvm.ServerURL.findOrCreateRJVM(ServerURL.java:154)
	at weblogic.jndi.WLInitialContextFactoryDelegate.getInitialContext(WLInitialContextFactoryDelegate.java:349)
	... 28 more
Caused by: java.rmi.ConnectException: Destination unreachable; nested exception is: 
	java.net.ConnectException: Connection refused: connect; No available router to destination
	at weblogic.rjvm.ConnectionManager.bootstrap(ConnectionManager.java:472)
	at weblogic.rjvm.ConnectionManager.bootstrap(ConnectionManager.java:323)
	at weblogic.rjvm.RJVMManager.findOrCreateRemoteInternal(RJVMManager.java:259)
	at weblogic.rjvm.RJVMManager.findOrCreate(RJVMManager.java:202)
	at weblogic.rjvm.RJVMFinder.findOrCreateRemoteServer(RJVMFinder.java:226)
	at weblogic.rjvm.RJVMFinder.findOrCreate(RJVMFinder.java:189)
	... 30 more
</error>
  </testcase>
  <testcase classname="test.com.inovis.mss.registration.reghelper.TestRegHelperManager" name="testMgrSelectLicenseAcceptance1" time="2.573">
    <error message="[RHLP-00163] Unable to create the RegHelper Manager." type="com.inovis.b2b.lib.exception.OperationFailedException">class com.inovis.b2b.lib.exception.OperationFailedException: [RHLP-00163] Unable to create the RegHelper Manager.
	at com.inovis.mss.registration.reghelper.defs.RegHelperManagerImp.&lt;init&gt;(RegHelperManagerImp.java:77)
	at com.inovis.mss.registration.reghelper.RegHelperManager.getManager(RegHelperManager.java:57)
	at test.com.inovis.mss.registration.reghelper.TestRegHelperManager.setUp(TestRegHelperManager.java:131)
Caused by: class com.inovis.b2b.lib.service.ServiceUnavailableException: [LIBP-00001] Unable to connect to naming service
	at com.inovis.b2b.lib.service.ServiceLocator.getInitialContext(ServiceLocator.java:214)
	at com.inovis.b2b.lib.service.ServiceLocator.&lt;init&gt;(ServiceLocator.java:183)
	at com.inovis.b2b.lib.service.ServiceLocator.getInstance(ServiceLocator.java:167)
	at com.inovis.b2b.lib.service.ServiceLocator.getInstance(ServiceLocator.java:150)
	at com.inovis.mss.registration.reghelper.defs.RegHelperManagerImp.&lt;init&gt;(RegHelperManagerImp.java:66)
	... 16 more
Caused by: javax.naming.CommunicationException [Root exception is java.net.ConnectException: t3://localhost:7001: Destination unreachable; nested exception is: 
	java.net.ConnectException: Connection refused: connect; No available router to destination]
	at weblogic.jndi.internal.ExceptionTranslator.toNamingException(ExceptionTranslator.java:49)
	at weblogic.jndi.WLInitialContextFactoryDelegate.toNamingException(WLInitialContextFactoryDelegate.java:765)
	at weblogic.jndi.WLInitialContextFactoryDelegate.getInitialContext(WLInitialContextFactoryDelegate.java:364)
	at weblogic.jndi.Environment.getContext(Environment.java:307)
	at weblogic.jndi.Environment.getContext(Environment.java:277)
	at weblogic.jndi.WLInitialContextFactory.getInitialContext(WLInitialContextFactory.java:117)
	at javax.naming.spi.NamingManager.getInitialContext(NamingManager.java:667)
	at javax.naming.InitialContext.getDefaultInitCtx(InitialContext.java:247)
	at javax.naming.InitialContext.init(InitialContext.java:223)
	at javax.naming.InitialContext.&lt;init&gt;(InitialContext.java:175)
	at com.inovis.b2b.lib.service.ServiceLocator.getInitialContext(ServiceLocator.java:206)
	... 20 more
Caused by: java.net.ConnectException: t3://localhost:7001: Destination unreachable; nested exception is: 
	java.net.ConnectException: Connection refused: connect; No available router to destination
	at weblogic.rjvm.RJVMFinder.findOrCreate(RJVMFinder.java:204)
	at weblogic.rjvm.ServerURL.findOrCreateRJVM(ServerURL.java:154)
	at weblogic.jndi.WLInitialContextFactoryDelegate.getInitialContext(WLInitialContextFactoryDelegate.java:349)
	... 28 more
Caused by: java.rmi.ConnectException: Destination unreachable; nested exception is: 
	java.net.ConnectException: Connection refused: connect; No available router to destination
	at weblogic.rjvm.ConnectionManager.bootstrap(ConnectionManager.java:472)
	at weblogic.rjvm.ConnectionManager.bootstrap(ConnectionManager.java:323)
	at weblogic.rjvm.RJVMManager.findOrCreateRemoteInternal(RJVMManager.java:259)
	at weblogic.rjvm.RJVMManager.findOrCreate(RJVMManager.java:202)
	at weblogic.rjvm.RJVMFinder.findOrCreateRemoteServer(RJVMFinder.java:226)
	at weblogic.rjvm.RJVMFinder.findOrCreate(RJVMFinder.java:189)
	... 30 more
</error>
  </testcase>
  <testcase classname="test.com.inovis.mss.registration.reghelper.TestRegHelperManager" name="testMgrUpdateLicenseAcceptance1" time="2.885">
    <error message="[RHLP-00163] Unable to create the RegHelper Manager." type="com.inovis.b2b.lib.exception.OperationFailedException">class com.inovis.b2b.lib.exception.OperationFailedException: [RHLP-00163] Unable to create the RegHelper Manager.
	at com.inovis.mss.registration.reghelper.defs.RegHelperManagerImp.&lt;init&gt;(RegHelperManagerImp.java:77)
	at com.inovis.mss.registration.reghelper.RegHelperManager.getManager(RegHelperManager.java:57)
	at test.com.inovis.mss.registration.reghelper.TestRegHelperManager.setUp(TestRegHelperManager.java:131)
Caused by: class com.inovis.b2b.lib.service.ServiceUnavailableException: [LIBP-00001] Unable to connect to naming service
	at com.inovis.b2b.lib.service.ServiceLocator.getInitialContext(ServiceLocator.java:214)
	at com.inovis.b2b.lib.service.ServiceLocator.&lt;init&gt;(ServiceLocator.java:183)
	at com.inovis.b2b.lib.service.ServiceLocator.getInstance(ServiceLocator.java:167)
	at com.inovis.b2b.lib.service.ServiceLocator.getInstance(ServiceLocator.java:150)
	at com.inovis.mss.registration.reghelper.defs.RegHelperManagerImp.&lt;init&gt;(RegHelperManagerImp.java:66)
	... 16 more
Caused by: javax.naming.CommunicationException [Root exception is java.net.ConnectException: t3://localhost:7001: Destination unreachable; nested exception is: 
	java.net.ConnectException: Connection refused: connect; No available router to destination]
	at weblogic.jndi.internal.ExceptionTranslator.toNamingException(ExceptionTranslator.java:49)
	at weblogic.jndi.WLInitialContextFactoryDelegate.toNamingException(WLInitialContextFactoryDelegate.java:765)
	at weblogic.jndi.WLInitialContextFactoryDelegate.getInitialContext(WLInitialContextFactoryDelegate.java:364)
	at weblogic.jndi.Environment.getContext(Environment.java:307)
	at weblogic.jndi.Environment.getContext(Environment.java:277)
	at weblogic.jndi.WLInitialContextFactory.getInitialContext(WLInitialContextFactory.java:117)
	at javax.naming.spi.NamingManager.getInitialContext(NamingManager.java:667)
	at javax.naming.InitialContext.getDefaultInitCtx(InitialContext.java:247)
	at javax.naming.InitialContext.init(InitialContext.java:223)
	at javax.naming.InitialContext.&lt;init&gt;(InitialContext.java:175)
	at com.inovis.b2b.lib.service.ServiceLocator.getInitialContext(ServiceLocator.java:206)
	... 20 more
Caused by: java.net.ConnectException: t3://localhost:7001: Destination unreachable; nested exception is: 
	java.net.ConnectException: Connection refused: connect; No available router to destination
	at weblogic.rjvm.RJVMFinder.findOrCreate(RJVMFinder.java:204)
	at weblogic.rjvm.ServerURL.findOrCreateRJVM(ServerURL.java:154)
	at weblogic.jndi.WLInitialContextFactoryDelegate.getInitialContext(WLInitialContextFactoryDelegate.java:349)
	... 28 more
Caused by: java.rmi.ConnectException: Destination unreachable; nested exception is: 
	java.net.ConnectException: Connection refused: connect; No available router to destination
	at weblogic.rjvm.ConnectionManager.bootstrap(ConnectionManager.java:472)
	at weblogic.rjvm.ConnectionManager.bootstrap(ConnectionManager.java:323)
	at weblogic.rjvm.RJVMManager.findOrCreateRemoteInternal(RJVMManager.java:259)
	at weblogic.rjvm.RJVMManager.findOrCreate(RJVMManager.java:202)
	at weblogic.rjvm.RJVMFinder.findOrCreateRemoteServer(RJVMFinder.java:226)
	at weblogic.rjvm.RJVMFinder.findOrCreate(RJVMFinder.java:189)
	... 30 more
</error>
  </testcase>
  <testcase classname="test.com.inovis.mss.registration.reghelper.TestRegHelperManager" name="testMgrDeleteLicenseAcceptance1" time="2.074">
    <error message="[RHLP-00163] Unable to create the RegHelper Manager." type="com.inovis.b2b.lib.exception.OperationFailedException">class com.inovis.b2b.lib.exception.OperationFailedException: [RHLP-00163] Unable to create the RegHelper Manager.
	at com.inovis.mss.registration.reghelper.defs.RegHelperManagerImp.&lt;init&gt;(RegHelperManagerImp.java:77)
	at com.inovis.mss.registration.reghelper.RegHelperManager.getManager(RegHelperManager.java:57)
	at test.com.inovis.mss.registration.reghelper.TestRegHelperManager.setUp(TestRegHelperManager.java:131)
Caused by: class com.inovis.b2b.lib.service.ServiceUnavailableException: [LIBP-00001] Unable to connect to naming service
	at com.inovis.b2b.lib.service.ServiceLocator.getInitialContext(ServiceLocator.java:214)
	at com.inovis.b2b.lib.service.ServiceLocator.&lt;init&gt;(ServiceLocator.java:183)
	at com.inovis.b2b.lib.service.ServiceLocator.getInstance(ServiceLocator.java:167)
	at com.inovis.b2b.lib.service.ServiceLocator.getInstance(ServiceLocator.java:150)
	at com.inovis.mss.registration.reghelper.defs.RegHelperManagerImp.&lt;init&gt;(RegHelperManagerImp.java:66)
	... 16 more
Caused by: javax.naming.CommunicationException [Root exception is java.net.ConnectException: t3://localhost:7001: Destination unreachable; nested exception is: 
	java.net.ConnectException: Connection refused: connect; No available router to destination]
	at weblogic.jndi.internal.ExceptionTranslator.toNamingException(ExceptionTranslator.java:49)
	at weblogic.jndi.WLInitialContextFactoryDelegate.toNamingException(WLInitialContextFactoryDelegate.java:765)
	at weblogic.jndi.WLInitialContextFactoryDelegate.getInitialContext(WLInitialContextFactoryDelegate.java:364)
	at weblogic.jndi.Environment.getContext(Environment.java:307)
	at weblogic.jndi.Environment.getContext(Environment.java:277)
	at weblogic.jndi.WLInitialContextFactory.getInitialContext(WLInitialContextFactory.java:117)
	at javax.naming.spi.NamingManager.getInitialContext(NamingManager.java:667)
	at javax.naming.InitialContext.getDefaultInitCtx(InitialContext.java:247)
	at javax.naming.InitialContext.init(InitialContext.java:223)
	at javax.naming.InitialContext.&lt;init&gt;(InitialContext.java:175)
	at com.inovis.b2b.lib.service.ServiceLocator.getInitialContext(ServiceLocator.java:206)
	... 20 more
Caused by: java.net.ConnectException: t3://localhost:7001: Destination unreachable; nested exception is: 
	java.net.ConnectException: Connection refused: connect; No available router to destination
	at weblogic.rjvm.RJVMFinder.findOrCreate(RJVMFinder.java:204)
	at weblogic.rjvm.ServerURL.findOrCreateRJVM(ServerURL.java:154)
	at weblogic.jndi.WLInitialContextFactoryDelegate.getInitialContext(WLInitialContextFactoryDelegate.java:349)
	... 28 more
Caused by: java.rmi.ConnectException: Destination unreachable; nested exception is: 
	java.net.ConnectException: Connection refused: connect; No available router to destination
	at weblogic.rjvm.ConnectionManager.bootstrap(ConnectionManager.java:472)
	at weblogic.rjvm.ConnectionManager.bootstrap(ConnectionManager.java:323)
	at weblogic.rjvm.RJVMManager.findOrCreateRemoteInternal(RJVMManager.java:259)
	at weblogic.rjvm.RJVMManager.findOrCreate(RJVMManager.java:202)
	at weblogic.rjvm.RJVMFinder.findOrCreateRemoteServer(RJVMFinder.java:226)
	at weblogic.rjvm.RJVMFinder.findOrCreate(RJVMFinder.java:189)
	... 30 more
</error>
  </testcase>
  <testcase classname="test.com.inovis.mss.registration.reghelper.TestRegHelperManager" name="testMgrSelectLicenseAcceptance2" time="2.386">
    <error message="[RHLP-00163] Unable to create the RegHelper Manager." type="com.inovis.b2b.lib.exception.OperationFailedException">class com.inovis.b2b.lib.exception.OperationFailedException: [RHLP-00163] Unable to create the RegHelper Manager.
	at com.inovis.mss.registration.reghelper.defs.RegHelperManagerImp.&lt;init&gt;(RegHelperManagerImp.java:77)
	at com.inovis.mss.registration.reghelper.RegHelperManager.getManager(RegHelperManager.java:57)
	at test.com.inovis.mss.registration.reghelper.TestRegHelperManager.setUp(TestRegHelperManager.java:131)
Caused by: class com.inovis.b2b.lib.service.ServiceUnavailableException: [LIBP-00001] Unable to connect to naming service
	at com.inovis.b2b.lib.service.ServiceLocator.getInitialContext(ServiceLocator.java:214)
	at com.inovis.b2b.lib.service.ServiceLocator.&lt;init&gt;(ServiceLocator.java:183)
	at com.inovis.b2b.lib.service.ServiceLocator.getInstance(ServiceLocator.java:167)
	at com.inovis.b2b.lib.service.ServiceLocator.getInstance(ServiceLocator.java:150)
	at com.inovis.mss.registration.reghelper.defs.RegHelperManagerImp.&lt;init&gt;(RegHelperManagerImp.java:66)
	... 16 more
Caused by: javax.naming.CommunicationException [Root exception is java.net.ConnectException: t3://localhost:7001: Destination unreachable; nested exception is: 
	java.net.ConnectException: Connection refused: connect; No available router to destination]
	at weblogic.jndi.internal.ExceptionTranslator.toNamingException(ExceptionTranslator.java:49)
	at weblogic.jndi.WLInitialContextFactoryDelegate.toNamingException(WLInitialContextFactoryDelegate.java:765)
	at weblogic.jndi.WLInitialContextFactoryDelegate.getInitialContext(WLInitialContextFactoryDelegate.java:364)
	at weblogic.jndi.Environment.getContext(Environment.java:307)
	at weblogic.jndi.Environment.getContext(Environment.java:277)
	at weblogic.jndi.WLInitialContextFactory.getInitialContext(WLInitialContextFactory.java:117)
	at javax.naming.spi.NamingManager.getInitialContext(NamingManager.java:667)
	at javax.naming.InitialContext.getDefaultInitCtx(InitialContext.java:247)
	at javax.naming.InitialContext.init(InitialContext.java:223)
	at javax.naming.InitialContext.&lt;init&gt;(InitialContext.java:175)
	at com.inovis.b2b.lib.service.ServiceLocator.getInitialContext(ServiceLocator.java:206)
	... 20 more
Caused by: java.net.ConnectException: t3://localhost:7001: Destination unreachable; nested exception is: 
	java.net.ConnectException: Connection refused: connect; No available router to destination
	at weblogic.rjvm.RJVMFinder.findOrCreate(RJVMFinder.java:204)
	at weblogic.rjvm.ServerURL.findOrCreateRJVM(ServerURL.java:154)
	at weblogic.jndi.WLInitialContextFactoryDelegate.getInitialContext(WLInitialContextFactoryDelegate.java:349)
	... 28 more
Caused by: java.rmi.ConnectException: Destination unreachable; nested exception is: 
	java.net.ConnectException: Connection refused: connect; No available router to destination
	at weblogic.rjvm.ConnectionManager.bootstrap(ConnectionManager.java:472)
	at weblogic.rjvm.ConnectionManager.bootstrap(ConnectionManager.java:323)
	at weblogic.rjvm.RJVMManager.findOrCreateRemoteInternal(RJVMManager.java:259)
	at weblogic.rjvm.RJVMManager.findOrCreate(RJVMManager.java:202)
	at weblogic.rjvm.RJVMFinder.findOrCreateRemoteServer(RJVMFinder.java:226)
	at weblogic.rjvm.RJVMFinder.findOrCreate(RJVMFinder.java:189)
	... 30 more
</error>
  </testcase>
  <testcase classname="test.com.inovis.mss.registration.reghelper.TestRegHelperManager" name="testGetModelFeatureLUList" time="2.168">
    <error message="[RHLP-00163] Unable to create the RegHelper Manager." type="com.inovis.b2b.lib.exception.OperationFailedException">class com.inovis.b2b.lib.exception.OperationFailedException: [RHLP-00163] Unable to create the RegHelper Manager.
	at com.inovis.mss.registration.reghelper.defs.RegHelperManagerImp.&lt;init&gt;(RegHelperManagerImp.java:77)
	at com.inovis.mss.registration.reghelper.RegHelperManager.getManager(RegHelperManager.java:57)
	at test.com.inovis.mss.registration.reghelper.TestRegHelperManager.setUp(TestRegHelperManager.java:131)
Caused by: class com.inovis.b2b.lib.service.ServiceUnavailableException: [LIBP-00001] Unable to connect to naming service
	at com.inovis.b2b.lib.service.ServiceLocator.getInitialContext(ServiceLocator.java:214)
	at com.inovis.b2b.lib.service.ServiceLocator.&lt;init&gt;(ServiceLocator.java:183)
	at com.inovis.b2b.lib.service.ServiceLocator.getInstance(ServiceLocator.java:167)
	at com.inovis.b2b.lib.service.ServiceLocator.getInstance(ServiceLocator.java:150)
	at com.inovis.mss.registration.reghelper.defs.RegHelperManagerImp.&lt;init&gt;(RegHelperManagerImp.java:66)
	... 16 more
Caused by: javax.naming.CommunicationException [Root exception is java.net.ConnectException: t3://localhost:7001: Destination unreachable; nested exception is: 
	java.net.ConnectException: Connection refused: connect; No available router to destination]
	at weblogic.jndi.internal.ExceptionTranslator.toNamingException(ExceptionTranslator.java:49)
	at weblogic.jndi.WLInitialContextFactoryDelegate.toNamingException(WLInitialContextFactoryDelegate.java:765)
	at weblogic.jndi.WLInitialContextFactoryDelegate.getInitialContext(WLInitialContextFactoryDelegate.java:364)
	at weblogic.jndi.Environment.getContext(Environment.java:307)
	at weblogic.jndi.Environment.getContext(Environment.java:277)
	at weblogic.jndi.WLInitialContextFactory.getInitialContext(WLInitialContextFactory.java:117)
	at javax.naming.spi.NamingManager.getInitialContext(NamingManager.java:667)
	at javax.naming.InitialContext.getDefaultInitCtx(InitialContext.java:247)
	at javax.naming.InitialContext.init(InitialContext.java:223)
	at javax.naming.InitialContext.&lt;init&gt;(InitialContext.java:175)
	at com.inovis.b2b.lib.service.ServiceLocator.getInitialContext(ServiceLocator.java:206)
	... 20 more
Caused by: java.net.ConnectException: t3://localhost:7001: Destination unreachable; nested exception is: 
	java.net.ConnectException: Connection refused: connect; No available router to destination
	at weblogic.rjvm.RJVMFinder.findOrCreate(RJVMFinder.java:204)
	at weblogic.rjvm.ServerURL.findOrCreateRJVM(ServerURL.java:154)
	at weblogic.jndi.WLInitialContextFactoryDelegate.getInitialContext(WLInitialContextFactoryDelegate.java:349)
	... 28 more
Caused by: java.rmi.ConnectException: Destination unreachable; nested exception is: 
	java.net.ConnectException: Connection refused: connect; No available router to destination
	at weblogic.rjvm.ConnectionManager.bootstrap(ConnectionManager.java:472)
	at weblogic.rjvm.ConnectionManager.bootstrap(ConnectionManager.java:323)
	at weblogic.rjvm.RJVMManager.findOrCreateRemoteInternal(RJVMManager.java:259)
	at weblogic.rjvm.RJVMManager.findOrCreate(RJVMManager.java:202)
	at weblogic.rjvm.RJVMFinder.findOrCreateRemoteServer(RJVMFinder.java:226)
	at weblogic.rjvm.RJVMFinder.findOrCreate(RJVMFinder.java:189)
	... 30 more
</error>
  </testcase>
  <testcase classname="test.com.inovis.mss.gateway.usersession.facade.TestUserSessionFacade" name="testOpenSessionPass" time="2.277">
    <error message="[LIBP-00001] Unable to connect to naming service" type="com.inovis.b2b.lib.service.ServiceUnavailableException">class com.inovis.b2b.lib.service.ServiceUnavailableException: [LIBP-00001] Unable to connect to naming service
	at com.inovis.b2b.lib.service.ServiceLocator.getInitialContext(ServiceLocator.java:214)
	at com.inovis.b2b.lib.service.ServiceLocator.&lt;init&gt;(ServiceLocator.java:183)
	at com.inovis.b2b.lib.service.ServiceLocator.getInstance(ServiceLocator.java:167)
	at com.inovis.b2b.lib.service.ServiceLocator.getInstance(ServiceLocator.java:150)
	at test.com.inovis.mss.gateway.usersession.facade.TestUserSessionFacade.setUp(TestUserSessionFacade.java:66)
Caused by: javax.naming.CommunicationException [Root exception is java.net.ConnectException: t3://localhost:7001: Destination unreachable; nested exception is: 
	java.net.ConnectException: Connection refused: connect; No available router to destination]
	at weblogic.jndi.internal.ExceptionTranslator.toNamingException(ExceptionTranslator.java:49)
	at weblogic.jndi.WLInitialContextFactoryDelegate.toNamingException(WLInitialContextFactoryDelegate.java:765)
	at weblogic.jndi.WLInitialContextFactoryDelegate.getInitialContext(WLInitialContextFactoryDelegate.java:364)
	at weblogic.jndi.Environment.getContext(Environment.java:307)
	at weblogic.jndi.Environment.getContext(Environment.java:277)
	at weblogic.jndi.WLInitialContextFactory.getInitialContext(WLInitialContextFactory.java:117)
	at javax.naming.spi.NamingManager.getInitialContext(NamingManager.java:667)
	at javax.naming.InitialContext.getDefaultInitCtx(InitialContext.java:247)
	at javax.naming.InitialContext.init(InitialContext.java:223)
	at javax.naming.InitialContext.&lt;init&gt;(InitialContext.java:175)
	at com.inovis.b2b.lib.service.ServiceLocator.getInitialContext(ServiceLocator.java:206)
	... 18 more
Caused by: java.net.ConnectException: t3://localhost:7001: Destination unreachable; nested exception is: 
	java.net.ConnectException: Connection refused: connect; No available router to destination
	at weblogic.rjvm.RJVMFinder.findOrCreate(RJVMFinder.java:204)
	at weblogic.rjvm.ServerURL.findOrCreateRJVM(ServerURL.java:154)
	at weblogic.jndi.WLInitialContextFactoryDelegate.getInitialContext(WLInitialContextFactoryDelegate.java:349)
	... 26 more
Caused by: java.rmi.ConnectException: Destination unreachable; nested exception is: 
	java.net.ConnectException: Connection refused: connect; No available router to destination
	at weblogic.rjvm.ConnectionManager.bootstrap(ConnectionManager.java:472)
	at weblogic.rjvm.ConnectionManager.bootstrap(ConnectionManager.java:323)
	at weblogic.rjvm.RJVMManager.findOrCreateRemoteInternal(RJVMManager.java:259)
	at weblogic.rjvm.RJVMManager.findOrCreate(RJVMManager.java:202)
	at weblogic.rjvm.RJVMFinder.findOrCreateRemoteServer(RJVMFinder.java:226)
	at weblogic.rjvm.RJVMFinder.findOrCreate(RJVMFinder.java:189)
	... 28 more
</error>
  </testcase>
  <testcase classname="test.com.inovis.mss.gateway.usersession.facade.TestUserSessionFacade" name="testOpenSessionFail" time="2.978">
    <error message="[LIBP-00001] Unable to connect to naming service" type="com.inovis.b2b.lib.service.ServiceUnavailableException">class com.inovis.b2b.lib.service.ServiceUnavailableException: [LIBP-00001] Unable to connect to naming service
	at com.inovis.b2b.lib.service.ServiceLocator.getInitialContext(ServiceLocator.java:214)
	at com.inovis.b2b.lib.service.ServiceLocator.&lt;init&gt;(ServiceLocator.java:183)
	at com.inovis.b2b.lib.service.ServiceLocator.getInstance(ServiceLocator.java:167)
	at com.inovis.b2b.lib.service.ServiceLocator.getInstance(ServiceLocator.java:150)
	at test.com.inovis.mss.gateway.usersession.facade.TestUserSessionFacade.setUp(TestUserSessionFacade.java:66)
Caused by: javax.naming.CommunicationException [Root exception is java.net.ConnectException: t3://localhost:7001: Destination unreachable; nested exception is: 
	java.net.ConnectException: Connection refused: connect; No available router to destination]
	at weblogic.jndi.internal.ExceptionTranslator.toNamingException(ExceptionTranslator.java:49)
	at weblogic.jndi.WLInitialContextFactoryDelegate.toNamingException(WLInitialContextFactoryDelegate.java:765)
	at weblogic.jndi.WLInitialContextFactoryDelegate.getInitialContext(WLInitialContextFactoryDelegate.java:364)
	at weblogic.jndi.Environment.getContext(Environment.java:307)
	at weblogic.jndi.Environment.getContext(Environment.java:277)
	at weblogic.jndi.WLInitialContextFactory.getInitialContext(WLInitialContextFactory.java:117)
	at javax.naming.spi.NamingManager.getInitialContext(NamingManager.java:667)
	at javax.naming.InitialContext.getDefaultInitCtx(InitialContext.java:247)
	at javax.naming.InitialContext.init(InitialContext.java:223)
	at javax.naming.InitialContext.&lt;init&gt;(InitialContext.java:175)
	at com.inovis.b2b.lib.service.ServiceLocator.getInitialContext(ServiceLocator.java:206)
	... 18 more
Caused by: java.net.ConnectException: t3://localhost:7001: Destination unreachable; nested exception is: 
	java.net.ConnectException: Connection refused: connect; No available router to destination
	at weblogic.rjvm.RJVMFinder.findOrCreate(RJVMFinder.java:204)
	at weblogic.rjvm.ServerURL.findOrCreateRJVM(ServerURL.java:154)
	at weblogic.jndi.WLInitialContextFactoryDelegate.getInitialContext(WLInitialContextFactoryDelegate.java:349)
	... 26 more
Caused by: java.rmi.ConnectException: Destination unreachable; nested exception is: 
	java.net.ConnectException: Connection refused: connect; No available router to destination
	at weblogic.rjvm.ConnectionManager.bootstrap(ConnectionManager.java:472)
	at weblogic.rjvm.ConnectionManager.bootstrap(ConnectionManager.java:323)
	at weblogic.rjvm.RJVMManager.findOrCreateRemoteInternal(RJVMManager.java:259)
	at weblogic.rjvm.RJVMManager.findOrCreate(RJVMManager.java:202)
	at weblogic.rjvm.RJVMFinder.findOrCreateRemoteServer(RJVMFinder.java:226)
	at weblogic.rjvm.RJVMFinder.findOrCreate(RJVMFinder.java:189)
	... 28 more
</error>
  </testcase>
  <testcase classname="test.com.inovis.mss.gateway.usersession.facade.TestUserSessionFacade" name="testGetSessionPass" time="2.682">
    <error message="[LIBP-00001] Unable to connect to naming service" type="com.inovis.b2b.lib.service.ServiceUnavailableException">class com.inovis.b2b.lib.service.ServiceUnavailableException: [LIBP-00001] Unable to connect to naming service
	at com.inovis.b2b.lib.service.ServiceLocator.getInitialContext(ServiceLocator.java:214)
	at com.inovis.b2b.lib.service.ServiceLocator.&lt;init&gt;(ServiceLocator.java:183)
	at com.inovis.b2b.lib.service.ServiceLocator.getInstance(ServiceLocator.java:167)
	at com.inovis.b2b.lib.service.ServiceLocator.getInstance(ServiceLocator.java:150)
	at test.com.inovis.mss.gateway.usersession.facade.TestUserSessionFacade.setUp(TestUserSessionFacade.java:66)
Caused by: javax.naming.CommunicationException [Root exception is java.net.ConnectException: t3://localhost:7001: Destination unreachable; nested exception is: 
	java.net.ConnectException: Connection refused: connect; No available router to destination]
	at weblogic.jndi.internal.ExceptionTranslator.toNamingException(ExceptionTranslator.java:49)
	at weblogic.jndi.WLInitialContextFactoryDelegate.toNamingException(WLInitialContextFactoryDelegate.java:765)
	at weblogic.jndi.WLInitialContextFactoryDelegate.getInitialContext(WLInitialContextFactoryDelegate.java:364)
	at weblogic.jndi.Environment.getContext(Environment.java:307)
	at weblogic.jndi.Environment.getContext(Environment.java:277)
	at weblogic.jndi.WLInitialContextFactory.getInitialContext(WLInitialContextFactory.java:117)
	at javax.naming.spi.NamingManager.getInitialContext(NamingManager.java:667)
	at javax.naming.InitialContext.getDefaultInitCtx(InitialContext.java:247)
	at javax.naming.InitialContext.init(InitialContext.java:223)
	at javax.naming.InitialContext.&lt;init&gt;(InitialContext.java:175)
	at com.inovis.b2b.lib.service.ServiceLocator.getInitialContext(ServiceLocator.java:206)
	... 18 more
Caused by: java.net.ConnectException: t3://localhost:7001: Destination unreachable; nested exception is: 
	java.net.ConnectException: Connection refused: connect; No available router to destination
	at weblogic.rjvm.RJVMFinder.findOrCreate(RJVMFinder.java:204)
	at weblogic.rjvm.ServerURL.findOrCreateRJVM(ServerURL.java:154)
	at weblogic.jndi.WLInitialContextFactoryDelegate.getInitialContext(WLInitialContextFactoryDelegate.java:349)
	... 26 more
Caused by: java.rmi.ConnectException: Destination unreachable; nested exception is: 
	java.net.ConnectException: Connection refused: connect; No available router to destination
	at weblogic.rjvm.ConnectionManager.bootstrap(ConnectionManager.java:472)
	at weblogic.rjvm.ConnectionManager.bootstrap(ConnectionManager.java:323)
	at weblogic.rjvm.RJVMManager.findOrCreateRemoteInternal(RJVMManager.java:259)
	at weblogic.rjvm.RJVMManager.findOrCreate(RJVMManager.java:202)
	at weblogic.rjvm.RJVMFinder.findOrCreateRemoteServer(RJVMFinder.java:226)
	at weblogic.rjvm.RJVMFinder.findOrCreate(RJVMFinder.java:189)
	... 28 more
</error>
  </testcase>
  <testcase classname="test.com.inovis.mss.gateway.usersession.facade.TestUserSessionFacade" name="testGetSessionFail" time="2.87">
    <error message="[LIBP-00001] Unable to connect to naming service" type="com.inovis.b2b.lib.service.ServiceUnavailableException">class com.inovis.b2b.lib.service.ServiceUnavailableException: [LIBP-00001] Unable to connect to naming service
	at com.inovis.b2b.lib.service.ServiceLocator.getInitialContext(ServiceLocator.java:214)
	at com.inovis.b2b.lib.service.ServiceLocator.&lt;init&gt;(ServiceLocator.java:183)
	at com.inovis.b2b.lib.service.ServiceLocator.getInstance(ServiceLocator.java:167)
	at com.inovis.b2b.lib.service.ServiceLocator.getInstance(ServiceLocator.java:150)
	at test.com.inovis.mss.gateway.usersession.facade.TestUserSessionFacade.setUp(TestUserSessionFacade.java:66)
Caused by: javax.naming.CommunicationException [Root exception is java.net.ConnectException: t3://localhost:7001: Destination unreachable; nested exception is: 
	java.net.ConnectException: Connection refused: connect; No available router to destination]
	at weblogic.jndi.internal.ExceptionTranslator.toNamingException(ExceptionTranslator.java:49)
	at weblogic.jndi.WLInitialContextFactoryDelegate.toNamingException(WLInitialContextFactoryDelegate.java:765)
	at weblogic.jndi.WLInitialContextFactoryDelegate.getInitialContext(WLInitialContextFactoryDelegate.java:364)
	at weblogic.jndi.Environment.getContext(Environment.java:307)
	at weblogic.jndi.Environment.getContext(Environment.java:277)
	at weblogic.jndi.WLInitialContextFactory.getInitialContext(WLInitialContextFactory.java:117)
	at javax.naming.spi.NamingManager.getInitialContext(NamingManager.java:667)
	at javax.naming.InitialContext.getDefaultInitCtx(InitialContext.java:247)
	at javax.naming.InitialContext.init(InitialContext.java:223)
	at javax.naming.InitialContext.&lt;init&gt;(InitialContext.java:175)
	at com.inovis.b2b.lib.service.ServiceLocator.getInitialContext(ServiceLocator.java:206)
	... 18 more
Caused by: java.net.ConnectException: t3://localhost:7001: Destination unreachable; nested exception is: 
	java.net.ConnectException: Connection refused: connect; No available router to destination
	at weblogic.rjvm.RJVMFinder.findOrCreate(RJVMFinder.java:204)
	at weblogic.rjvm.ServerURL.findOrCreateRJVM(ServerURL.java:154)
	at weblogic.jndi.WLInitialContextFactoryDelegate.getInitialContext(WLInitialContextFactoryDelegate.java:349)
	... 26 more
Caused by: java.rmi.ConnectException: Destination unreachable; nested exception is: 
	java.net.ConnectException: Connection refused: connect; No available router to destination
	at weblogic.rjvm.ConnectionManager.bootstrap(ConnectionManager.java:472)
	at weblogic.rjvm.ConnectionManager.bootstrap(ConnectionManager.java:323)
	at weblogic.rjvm.RJVMManager.findOrCreateRemoteInternal(RJVMManager.java:259)
	at weblogic.rjvm.RJVMManager.findOrCreate(RJVMManager.java:202)
	at weblogic.rjvm.RJVMFinder.findOrCreateRemoteServer(RJVMFinder.java:226)
	at weblogic.rjvm.RJVMFinder.findOrCreate(RJVMFinder.java:189)
	... 28 more
</error>
  </testcase>
  <testcase classname="test.com.inovis.mss.gateway.usersession.facade.TestUserSessionFacade" name="testValidateSessionFail" time="2.994">
    <error message="[LIBP-00001] Unable to connect to naming service" type="com.inovis.b2b.lib.service.ServiceUnavailableException">class com.inovis.b2b.lib.service.ServiceUnavailableException: [LIBP-00001] Unable to connect to naming service
	at com.inovis.b2b.lib.service.ServiceLocator.getInitialContext(ServiceLocator.java:214)
	at com.inovis.b2b.lib.service.ServiceLocator.&lt;init&gt;(ServiceLocator.java:183)
	at com.inovis.b2b.lib.service.ServiceLocator.getInstance(ServiceLocator.java:167)
	at com.inovis.b2b.lib.service.ServiceLocator.getInstance(ServiceLocator.java:150)
	at test.com.inovis.mss.gateway.usersession.facade.TestUserSessionFacade.setUp(TestUserSessionFacade.java:66)
Caused by: javax.naming.CommunicationException [Root exception is java.net.ConnectException: t3://localhost:7001: Destination unreachable; nested exception is: 
	java.net.ConnectException: Connection refused: connect; No available router to destination]
	at weblogic.jndi.internal.ExceptionTranslator.toNamingException(ExceptionTranslator.java:49)
	at weblogic.jndi.WLInitialContextFactoryDelegate.toNamingException(WLInitialContextFactoryDelegate.java:765)
	at weblogic.jndi.WLInitialContextFactoryDelegate.getInitialContext(WLInitialContextFactoryDelegate.java:364)
	at weblogic.jndi.Environment.getContext(Environment.java:307)
	at weblogic.jndi.Environment.getContext(Environment.java:277)
	at weblogic.jndi.WLInitialContextFactory.getInitialContext(WLInitialContextFactory.java:117)
	at javax.naming.spi.NamingManager.getInitialContext(NamingManager.java:667)
	at javax.naming.InitialContext.getDefaultInitCtx(InitialContext.java:247)
	at javax.naming.InitialContext.init(InitialContext.java:223)
	at javax.naming.InitialContext.&lt;init&gt;(InitialContext.java:175)
	at com.inovis.b2b.lib.service.ServiceLocator.getInitialContext(ServiceLocator.java:206)
	... 18 more
Caused by: java.net.ConnectException: t3://localhost:7001: Destination unreachable; nested exception is: 
	java.net.ConnectException: Connection refused: connect; No available router to destination
	at weblogic.rjvm.RJVMFinder.findOrCreate(RJVMFinder.java:204)
	at weblogic.rjvm.ServerURL.findOrCreateRJVM(ServerURL.java:154)
	at weblogic.jndi.WLInitialContextFactoryDelegate.getInitialContext(WLInitialContextFactoryDelegate.java:349)
	... 26 more
Caused by: java.rmi.ConnectException: Destination unreachable; nested exception is: 
	java.net.ConnectException: Connection refused: connect; No available router to destination
	at weblogic.rjvm.ConnectionManager.bootstrap(ConnectionManager.java:472)
	at weblogic.rjvm.ConnectionManager.bootstrap(ConnectionManager.java:323)
	at weblogic.rjvm.RJVMManager.findOrCreateRemoteInternal(RJVMManager.java:259)
	at weblogic.rjvm.RJVMManager.findOrCreate(RJVMManager.java:202)
	at weblogic.rjvm.RJVMFinder.findOrCreateRemoteServer(RJVMFinder.java:226)
	at weblogic.rjvm.RJVMFinder.findOrCreate(RJVMFinder.java:189)
	... 28 more
</error>
  </testcase>
  <testcase classname="test.com.inovis.mss.gateway.usersession.facade.TestUserSessionFacade" name="testValidateSessionPass" time="2.698">
    <error message="[LIBP-00001] Unable to connect to naming service" type="com.inovis.b2b.lib.service.ServiceUnavailableException">class com.inovis.b2b.lib.service.ServiceUnavailableException: [LIBP-00001] Unable to connect to naming service
	at com.inovis.b2b.lib.service.ServiceLocator.getInitialContext(ServiceLocator.java:214)
	at com.inovis.b2b.lib.service.ServiceLocator.&lt;init&gt;(ServiceLocator.java:183)
	at com.inovis.b2b.lib.service.ServiceLocator.getInstance(ServiceLocator.java:167)
	at com.inovis.b2b.lib.service.ServiceLocator.getInstance(ServiceLocator.java:150)
	at test.com.inovis.mss.gateway.usersession.facade.TestUserSessionFacade.setUp(TestUserSessionFacade.java:66)
Caused by: javax.naming.CommunicationException [Root exception is java.net.ConnectException: t3://localhost:7001: Destination unreachable; nested exception is: 
	java.net.ConnectException: Connection refused: connect; No available router to destination]
	at weblogic.jndi.internal.ExceptionTranslator.toNamingException(ExceptionTranslator.java:49)
	at weblogic.jndi.WLInitialContextFactoryDelegate.toNamingException(WLInitialContextFactoryDelegate.java:765)
	at weblogic.jndi.WLInitialContextFactoryDelegate.getInitialContext(WLInitialContextFactoryDelegate.java:364)
	at weblogic.jndi.Environment.getContext(Environment.java:307)
	at weblogic.jndi.Environment.getContext(Environment.java:277)
	at weblogic.jndi.WLInitialContextFactory.getInitialContext(WLInitialContextFactory.java:117)
	at javax.naming.spi.NamingManager.getInitialContext(NamingManager.java:667)
	at javax.naming.InitialContext.getDefaultInitCtx(InitialContext.java:247)
	at javax.naming.InitialContext.init(InitialContext.java:223)
	at javax.naming.InitialContext.&lt;init&gt;(InitialContext.java:175)
	at com.inovis.b2b.lib.service.ServiceLocator.getInitialContext(ServiceLocator.java:206)
	... 18 more
Caused by: java.net.ConnectException: t3://localhost:7001: Destination unreachable; nested exception is: 
	java.net.ConnectException: Connection refused: connect; No available router to destination
	at weblogic.rjvm.RJVMFinder.findOrCreate(RJVMFinder.java:204)
	at weblogic.rjvm.ServerURL.findOrCreateRJVM(ServerURL.java:154)
	at weblogic.jndi.WLInitialContextFactoryDelegate.getInitialContext(WLInitialContextFactoryDelegate.java:349)
	... 26 more
Caused by: java.rmi.ConnectException: Destination unreachable; nested exception is: 
	java.net.ConnectException: Connection refused: connect; No available router to destination
	at weblogic.rjvm.ConnectionManager.bootstrap(ConnectionManager.java:472)
	at weblogic.rjvm.ConnectionManager.bootstrap(ConnectionManager.java:323)
	at weblogic.rjvm.RJVMManager.findOrCreateRemoteInternal(RJVMManager.java:259)
	at weblogic.rjvm.RJVMManager.findOrCreate(RJVMManager.java:202)
	at weblogic.rjvm.RJVMFinder.findOrCreateRemoteServer(RJVMFinder.java:226)
	at weblogic.rjvm.RJVMFinder.findOrCreate(RJVMFinder.java:189)
	... 28 more
</error>
  </testcase>
  <testcase classname="test.com.inovis.mss.gateway.usersession.facade.TestUserSessionFacade" name="testCloseSession" time="2.277">
    <error message="[LIBP-00001] Unable to connect to naming service" type="com.inovis.b2b.lib.service.ServiceUnavailableException">class com.inovis.b2b.lib.service.ServiceUnavailableException: [LIBP-00001] Unable to connect to naming service
	at com.inovis.b2b.lib.service.ServiceLocator.getInitialContext(ServiceLocator.java:214)
	at com.inovis.b2b.lib.service.ServiceLocator.&lt;init&gt;(ServiceLocator.java:183)
	at com.inovis.b2b.lib.service.ServiceLocator.getInstance(ServiceLocator.java:167)
	at com.inovis.b2b.lib.service.ServiceLocator.getInstance(ServiceLocator.java:150)
	at test.com.inovis.mss.gateway.usersession.facade.TestUserSessionFacade.setUp(TestUserSessionFacade.java:66)
Caused by: javax.naming.CommunicationException [Root exception is java.net.ConnectException: t3://localhost:7001: Destination unreachable; nested exception is: 
	java.net.ConnectException: Connection refused: connect; No available router to destination]
	at weblogic.jndi.internal.ExceptionTranslator.toNamingException(ExceptionTranslator.java:49)
	at weblogic.jndi.WLInitialContextFactoryDelegate.toNamingException(WLInitialContextFactoryDelegate.java:765)
	at weblogic.jndi.WLInitialContextFactoryDelegate.getInitialContext(WLInitialContextFactoryDelegate.java:364)
	at weblogic.jndi.Environment.getContext(Environment.java:307)
	at weblogic.jndi.Environment.getContext(Environment.java:277)
	at weblogic.jndi.WLInitialContextFactory.getInitialContext(WLInitialContextFactory.java:117)
	at javax.naming.spi.NamingManager.getInitialContext(NamingManager.java:667)
	at javax.naming.InitialContext.getDefaultInitCtx(InitialContext.java:247)
	at javax.naming.InitialContext.init(InitialContext.java:223)
	at javax.naming.InitialContext.&lt;init&gt;(InitialContext.java:175)
	at com.inovis.b2b.lib.service.ServiceLocator.getInitialContext(ServiceLocator.java:206)
	... 18 more
Caused by: java.net.ConnectException: t3://localhost:7001: Destination unreachable; nested exception is: 
	java.net.ConnectException: Connection refused: connect; No available router to destination
	at weblogic.rjvm.RJVMFinder.findOrCreate(RJVMFinder.java:204)
	at weblogic.rjvm.ServerURL.findOrCreateRJVM(ServerURL.java:154)
	at weblogic.jndi.WLInitialContextFactoryDelegate.getInitialContext(WLInitialContextFactoryDelegate.java:349)
	... 26 more
Caused by: java.rmi.ConnectException: Destination unreachable; nested exception is: 
	java.net.ConnectException: Connection refused: connect; No available router to destination
	at weblogic.rjvm.ConnectionManager.bootstrap(ConnectionManager.java:472)
	at weblogic.rjvm.ConnectionManager.bootstrap(ConnectionManager.java:323)
	at weblogic.rjvm.RJVMManager.findOrCreateRemoteInternal(RJVMManager.java:259)
	at weblogic.rjvm.RJVMManager.findOrCreate(RJVMManager.java:202)
	at weblogic.rjvm.RJVMFinder.findOrCreateRemoteServer(RJVMFinder.java:226)
	at weblogic.rjvm.RJVMFinder.findOrCreate(RJVMFinder.java:189)
	... 28 more
</error>
  </testcase>
  <testcase classname="test.com.inovis.mss.gateway.usersession.facade.TestUserSessionFacade" name="testDeleteSession" time="2.464">
    <error message="[LIBP-00001] Unable to connect to naming service" type="com.inovis.b2b.lib.service.ServiceUnavailableException">class com.inovis.b2b.lib.service.ServiceUnavailableException: [LIBP-00001] Unable to connect to naming service
	at com.inovis.b2b.lib.service.ServiceLocator.getInitialContext(ServiceLocator.java:214)
	at com.inovis.b2b.lib.service.ServiceLocator.&lt;init&gt;(ServiceLocator.java:183)
	at com.inovis.b2b.lib.service.ServiceLocator.getInstance(ServiceLocator.java:167)
	at com.inovis.b2b.lib.service.ServiceLocator.getInstance(ServiceLocator.java:150)
	at test.com.inovis.mss.gateway.usersession.facade.TestUserSessionFacade.setUp(TestUserSessionFacade.java:66)
Caused by: javax.naming.CommunicationException [Root exception is java.net.ConnectException: t3://localhost:7001: Destination unreachable; nested exception is: 
	java.net.ConnectException: Connection refused: connect; No available router to destination]
	at weblogic.jndi.internal.ExceptionTranslator.toNamingException(ExceptionTranslator.java:49)
	at weblogic.jndi.WLInitialContextFactoryDelegate.toNamingException(WLInitialContextFactoryDelegate.java:765)
	at weblogic.jndi.WLInitialContextFactoryDelegate.getInitialContext(WLInitialContextFactoryDelegate.java:364)
	at weblogic.jndi.Environment.getContext(Environment.java:307)
	at weblogic.jndi.Environment.getContext(Environment.java:277)
	at weblogic.jndi.WLInitialContextFactory.getInitialContext(WLInitialContextFactory.java:117)
	at javax.naming.spi.NamingManager.getInitialContext(NamingManager.java:667)
	at javax.naming.InitialContext.getDefaultInitCtx(InitialContext.java:247)
	at javax.naming.InitialContext.init(InitialContext.java:223)
	at javax.naming.InitialContext.&lt;init&gt;(InitialContext.java:175)
	at com.inovis.b2b.lib.service.ServiceLocator.getInitialContext(ServiceLocator.java:206)
	... 18 more
Caused by: java.net.ConnectException: t3://localhost:7001: Destination unreachable; nested exception is: 
	java.net.ConnectException: Connection refused: connect; No available router to destination
	at weblogic.rjvm.RJVMFinder.findOrCreate(RJVMFinder.java:204)
	at weblogic.rjvm.ServerURL.findOrCreateRJVM(ServerURL.java:154)
	at weblogic.jndi.WLInitialContextFactoryDelegate.getInitialContext(WLInitialContextFactoryDelegate.java:349)
	... 26 more
Caused by: java.rmi.ConnectException: Destination unreachable; nested exception is: 
	java.net.ConnectException: Connection refused: connect; No available router to destination
	at weblogic.rjvm.ConnectionManager.bootstrap(ConnectionManager.java:472)
	at weblogic.rjvm.ConnectionManager.bootstrap(ConnectionManager.java:323)
	at weblogic.rjvm.RJVMManager.findOrCreateRemoteInternal(RJVMManager.java:259)
	at weblogic.rjvm.RJVMManager.findOrCreate(RJVMManager.java:202)
	at weblogic.rjvm.RJVMFinder.findOrCreateRemoteServer(RJVMFinder.java:226)
	at weblogic.rjvm.RJVMFinder.findOrCreate(RJVMFinder.java:189)
	... 28 more
</error>
  </testcase>
  <testcase classname="test.com.inovis.mss.gateway.usersession.facade.TestUserSessionFacade" name="testSessionWithBusinessOnly" time="2.978">
    <error message="[LIBP-00001] Unable to connect to naming service" type="com.inovis.b2b.lib.service.ServiceUnavailableException">class com.inovis.b2b.lib.service.ServiceUnavailableException: [LIBP-00001] Unable to connect to naming service
	at com.inovis.b2b.lib.service.ServiceLocator.getInitialContext(ServiceLocator.java:214)
	at com.inovis.b2b.lib.service.ServiceLocator.&lt;init&gt;(ServiceLocator.java:183)
	at com.inovis.b2b.lib.service.ServiceLocator.getInstance(ServiceLocator.java:167)
	at com.inovis.b2b.lib.service.ServiceLocator.getInstance(ServiceLocator.java:150)
	at test.com.inovis.mss.gateway.usersession.facade.TestUserSessionFacade.setUp(TestUserSessionFacade.java:66)
Caused by: javax.naming.CommunicationException [Root exception is java.net.ConnectException: t3://localhost:7001: Destination unreachable; nested exception is: 
	java.net.ConnectException: Connection refused: connect; No available router to destination]
	at weblogic.jndi.internal.ExceptionTranslator.toNamingException(ExceptionTranslator.java:49)
	at weblogic.jndi.WLInitialContextFactoryDelegate.toNamingException(WLInitialContextFactoryDelegate.java:765)
	at weblogic.jndi.WLInitialContextFactoryDelegate.getInitialContext(WLInitialContextFactoryDelegate.java:364)
	at weblogic.jndi.Environment.getContext(Environment.java:307)
	at weblogic.jndi.Environment.getContext(Environment.java:277)
	at weblogic.jndi.WLInitialContextFactory.getInitialContext(WLInitialContextFactory.java:117)
	at javax.naming.spi.NamingManager.getInitialContext(NamingManager.java:667)
	at javax.naming.InitialContext.getDefaultInitCtx(InitialContext.java:247)
	at javax.naming.InitialContext.init(InitialContext.java:223)
	at javax.naming.InitialContext.&lt;init&gt;(InitialContext.java:175)
	at com.inovis.b2b.lib.service.ServiceLocator.getInitialContext(ServiceLocator.java:206)
	... 18 more
Caused by: java.net.ConnectException: t3://localhost:7001: Destination unreachable; nested exception is: 
	java.net.ConnectException: Connection refused: connect; No available router to destination
	at weblogic.rjvm.RJVMFinder.findOrCreate(RJVMFinder.java:204)
	at weblogic.rjvm.ServerURL.findOrCreateRJVM(ServerURL.java:154)
	at weblogic.jndi.WLInitialContextFactoryDelegate.getInitialContext(WLInitialContextFactoryDelegate.java:349)
	... 26 more
Caused by: java.rmi.ConnectException: Destination unreachable; nested exception is: 
	java.net.ConnectException: Connection refused: connect; No available router to destination
	at weblogic.rjvm.ConnectionManager.bootstrap(ConnectionManager.java:472)
	at weblogic.rjvm.ConnectionManager.bootstrap(ConnectionManager.java:323)
	at weblogic.rjvm.RJVMManager.findOrCreateRemoteInternal(RJVMManager.java:259)
	at weblogic.rjvm.RJVMManager.findOrCreate(RJVMManager.java:202)
	at weblogic.rjvm.RJVMFinder.findOrCreateRemoteServer(RJVMFinder.java:226)
	at weblogic.rjvm.RJVMFinder.findOrCreate(RJVMFinder.java:189)
	... 28 more
</error>
  </testcase>
  <testcase classname="test.com.inovis.mss.gateway.usersession.TestUserSessionManager" name="testOpenSessionPass" time="2.09">
    <error message="[USEN-00106] Unable to create the UserSession Manager." type="com.inovis.b2b.lib.exception.OperationFailedException">class com.inovis.b2b.lib.exception.OperationFailedException: [USEN-00106] Unable to create the UserSession Manager.
	at com.inovis.mss.gateway.usersession.defs.UserSessionManagerImp.&lt;init&gt;(UserSessionManagerImp.java:74)
	at com.inovis.mss.gateway.usersession.UserSessionManager.getManager(UserSessionManager.java:58)
	at test.com.inovis.mss.gateway.usersession.TestUserSessionManager.setUp(TestUserSessionManager.java:83)
Caused by: class com.inovis.b2b.lib.service.ServiceUnavailableException: [LIBP-00001] Unable to connect to naming service
	at com.inovis.b2b.lib.service.ServiceLocator.getInitialContext(ServiceLocator.java:214)
	at com.inovis.b2b.lib.service.ServiceLocator.&lt;init&gt;(ServiceLocator.java:183)
	at com.inovis.b2b.lib.service.ServiceLocator.getInstance(ServiceLocator.java:167)
	at com.inovis.b2b.lib.service.ServiceLocator.getInstance(ServiceLocator.java:150)
	at com.inovis.mss.gateway.usersession.defs.UserSessionManagerImp.&lt;init&gt;(UserSessionManagerImp.java:64)
	... 16 more
Caused by: javax.naming.CommunicationException [Root exception is java.net.ConnectException: t3://localhost:7001: Destination unreachable; nested exception is: 
	java.net.ConnectException: Connection refused: connect; No available router to destination]
	at weblogic.jndi.internal.ExceptionTranslator.toNamingException(ExceptionTranslator.java:49)
	at weblogic.jndi.WLInitialContextFactoryDelegate.toNamingException(WLInitialContextFactoryDelegate.java:765)
	at weblogic.jndi.WLInitialContextFactoryDelegate.getInitialContext(WLInitialContextFactoryDelegate.java:364)
	at weblogic.jndi.Environment.getContext(Environment.java:307)
	at weblogic.jndi.Environment.getContext(Environment.java:277)
	at weblogic.jndi.WLInitialContextFactory.getInitialContext(WLInitialContextFactory.java:117)
	at javax.naming.spi.NamingManager.getInitialContext(NamingManager.java:667)
	at javax.naming.InitialContext.getDefaultInitCtx(InitialContext.java:247)
	at javax.naming.InitialContext.init(InitialContext.java:223)
	at javax.naming.InitialContext.&lt;init&gt;(InitialContext.java:175)
	at com.inovis.b2b.lib.service.ServiceLocator.getInitialContext(ServiceLocator.java:206)
	... 20 more
Caused by: java.net.ConnectException: t3://localhost:7001: Destination unreachable; nested exception is: 
	java.net.ConnectException: Connection refused: connect; No available router to destination
	at weblogic.rjvm.RJVMFinder.findOrCreate(RJVMFinder.java:204)
	at weblogic.rjvm.ServerURL.findOrCreateRJVM(ServerURL.java:154)
	at weblogic.jndi.WLInitialContextFactoryDelegate.getInitialContext(WLInitialContextFactoryDelegate.java:349)
	... 28 more
Caused by: java.rmi.ConnectException: Destination unreachable; nested exception is: 
	java.net.ConnectException: Connection refused: connect; No available router to destination
	at weblogic.rjvm.ConnectionManager.bootstrap(ConnectionManager.java:472)
	at weblogic.rjvm.ConnectionManager.bootstrap(ConnectionManager.java:323)
	at weblogic.rjvm.RJVMManager.findOrCreateRemoteInternal(RJVMManager.java:259)
	at weblogic.rjvm.RJVMManager.findOrCreate(RJVMManager.java:202)
	at weblogic.rjvm.RJVMFinder.findOrCreateRemoteServer(RJVMFinder.java:226)
	at weblogic.rjvm.RJVMFinder.findOrCreate(RJVMFinder.java:189)
	... 30 more
</error>
  </testcase>
  <testcase classname="test.com.inovis.mss.gateway.usersession.TestUserSessionManager" name="testOpenSessionFail" time="2.37">
    <error message="[USEN-00106] Unable to create the UserSession Manager." type="com.inovis.b2b.lib.exception.OperationFailedException">class com.inovis.b2b.lib.exception.OperationFailedException: [USEN-00106] Unable to create the UserSession Manager.
	at com.inovis.mss.gateway.usersession.defs.UserSessionManagerImp.&lt;init&gt;(UserSessionManagerImp.java:74)
	at com.inovis.mss.gateway.usersession.UserSessionManager.getManager(UserSessionManager.java:58)
	at test.com.inovis.mss.gateway.usersession.TestUserSessionManager.setUp(TestUserSessionManager.java:83)
Caused by: class com.inovis.b2b.lib.service.ServiceUnavailableException: [LIBP-00001] Unable to connect to naming service
	at com.inovis.b2b.lib.service.ServiceLocator.getInitialContext(ServiceLocator.java:214)
	at com.inovis.b2b.lib.service.ServiceLocator.&lt;init&gt;(ServiceLocator.java:183)
	at com.inovis.b2b.lib.service.ServiceLocator.getInstance(ServiceLocator.java:167)
	at com.inovis.b2b.lib.service.ServiceLocator.getInstance(ServiceLocator.java:150)
	at com.inovis.mss.gateway.usersession.defs.UserSessionManagerImp.&lt;init&gt;(UserSessionManagerImp.java:64)
	... 16 more
Caused by: javax.naming.CommunicationException [Root exception is java.net.ConnectException: t3://localhost:7001: Destination unreachable; nested exception is: 
	java.net.ConnectException: Connection refused: connect; No available router to destination]
	at weblogic.jndi.internal.ExceptionTranslator.toNamingException(ExceptionTranslator.java:49)
	at weblogic.jndi.WLInitialContextFactoryDelegate.toNamingException(WLInitialContextFactoryDelegate.java:765)
	at weblogic.jndi.WLInitialContextFactoryDelegate.getInitialContext(WLInitialContextFactoryDelegate.java:364)
	at weblogic.jndi.Environment.getContext(Environment.java:307)
	at weblogic.jndi.Environment.getContext(Environment.java:277)
	at weblogic.jndi.WLInitialContextFactory.getInitialContext(WLInitialContextFactory.java:117)
	at javax.naming.spi.NamingManager.getInitialContext(NamingManager.java:667)
	at javax.naming.InitialContext.getDefaultInitCtx(InitialContext.java:247)
	at javax.naming.InitialContext.init(InitialContext.java:223)
	at javax.naming.InitialContext.&lt;init&gt;(InitialContext.java:175)
	at com.inovis.b2b.lib.service.ServiceLocator.getInitialContext(ServiceLocator.java:206)
	... 20 more
Caused by: java.net.ConnectException: t3://localhost:7001: Destination unreachable; nested exception is: 
	java.net.ConnectException: Connection refused: connect; No available router to destination
	at weblogic.rjvm.RJVMFinder.findOrCreate(RJVMFinder.java:204)
	at weblogic.rjvm.ServerURL.findOrCreateRJVM(ServerURL.java:154)
	at weblogic.jndi.WLInitialContextFactoryDelegate.getInitialContext(WLInitialContextFactoryDelegate.java:349)
	... 28 more
Caused by: java.rmi.ConnectException: Destination unreachable; nested exception is: 
	java.net.ConnectException: Connection refused: connect; No available router to destination
	at weblogic.rjvm.ConnectionManager.bootstrap(ConnectionManager.java:472)
	at weblogic.rjvm.ConnectionManager.bootstrap(ConnectionManager.java:323)
	at weblogic.rjvm.RJVMManager.findOrCreateRemoteInternal(RJVMManager.java:259)
	at weblogic.rjvm.RJVMManager.findOrCreate(RJVMManager.java:202)
	at weblogic.rjvm.RJVMFinder.findOrCreateRemoteServer(RJVMFinder.java:226)
	at weblogic.rjvm.RJVMFinder.findOrCreate(RJVMFinder.java:189)
	... 30 more
</error>
  </testcase>
  <testcase classname="test.com.inovis.mss.gateway.usersession.TestUserSessionManager" name="testGetSessionPass" time="2.402">
    <error message="[USEN-00106] Unable to create the UserSession Manager." type="com.inovis.b2b.lib.exception.OperationFailedException">class com.inovis.b2b.lib.exception.OperationFailedException: [USEN-00106] Unable to create the UserSession Manager.
	at com.inovis.mss.gateway.usersession.defs.UserSessionManagerImp.&lt;init&gt;(UserSessionManagerImp.java:74)
	at com.inovis.mss.gateway.usersession.UserSessionManager.getManager(UserSessionManager.java:58)
	at test.com.inovis.mss.gateway.usersession.TestUserSessionManager.setUp(TestUserSessionManager.java:83)
Caused by: class com.inovis.b2b.lib.service.ServiceUnavailableException: [LIBP-00001] Unable to connect to naming service
	at com.inovis.b2b.lib.service.ServiceLocator.getInitialContext(ServiceLocator.java:214)
	at com.inovis.b2b.lib.service.ServiceLocator.&lt;init&gt;(ServiceLocator.java:183)
	at com.inovis.b2b.lib.service.ServiceLocator.getInstance(ServiceLocator.java:167)
	at com.inovis.b2b.lib.service.ServiceLocator.getInstance(ServiceLocator.java:150)
	at com.inovis.mss.gateway.usersession.defs.UserSessionManagerImp.&lt;init&gt;(UserSessionManagerImp.java:64)
	... 16 more
Caused by: javax.naming.CommunicationException [Root exception is java.net.ConnectException: t3://localhost:7001: Destination unreachable; nested exception is: 
	java.net.ConnectException: Connection refused: connect; No available router to destination]
	at weblogic.jndi.internal.ExceptionTranslator.toNamingException(ExceptionTranslator.java:49)
	at weblogic.jndi.WLInitialContextFactoryDelegate.toNamingException(WLInitialContextFactoryDelegate.java:765)
	at weblogic.jndi.WLInitialContextFactoryDelegate.getInitialContext(WLInitialContextFactoryDelegate.java:364)
	at weblogic.jndi.Environment.getContext(Environment.java:307)
	at weblogic.jndi.Environment.getContext(Environment.java:277)
	at weblogic.jndi.WLInitialContextFactory.getInitialContext(WLInitialContextFactory.java:117)
	at javax.naming.spi.NamingManager.getInitialContext(NamingManager.java:667)
	at javax.naming.InitialContext.getDefaultInitCtx(InitialContext.java:247)
	at javax.naming.InitialContext.init(InitialContext.java:223)
	at javax.naming.InitialContext.&lt;init&gt;(InitialContext.java:175)
	at com.inovis.b2b.lib.service.ServiceLocator.getInitialContext(ServiceLocator.java:206)
	... 20 more
Caused by: java.net.ConnectException: t3://localhost:7001: Destination unreachable; nested exception is: 
	java.net.ConnectException: Connection refused: connect; No available router to destination
	at weblogic.rjvm.RJVMFinder.findOrCreate(RJVMFinder.java:204)
	at weblogic.rjvm.ServerURL.findOrCreateRJVM(ServerURL.java:154)
	at weblogic.jndi.WLInitialContextFactoryDelegate.getInitialContext(WLInitialContextFactoryDelegate.java:349)
	... 28 more
Caused by: java.rmi.ConnectException: Destination unreachable; nested exception is: 
	java.net.ConnectException: Connection refused: connect; No available router to destination
	at weblogic.rjvm.ConnectionManager.bootstrap(ConnectionManager.java:472)
	at weblogic.rjvm.ConnectionManager.bootstrap(ConnectionManager.java:323)
	at weblogic.rjvm.RJVMManager.findOrCreateRemoteInternal(RJVMManager.java:259)
	at weblogic.rjvm.RJVMManager.findOrCreate(RJVMManager.java:202)
	at weblogic.rjvm.RJVMFinder.findOrCreateRemoteServer(RJVMFinder.java:226)
	at weblogic.rjvm.RJVMFinder.findOrCreate(RJVMFinder.java:189)
	... 30 more
</error>
  </testcase>
  <testcase classname="test.com.inovis.mss.gateway.usersession.TestUserSessionManager" name="testGetSessionFail" time="2.464">
    <error message="[USEN-00106] Unable to create the UserSession Manager." type="com.inovis.b2b.lib.exception.OperationFailedException">class com.inovis.b2b.lib.exception.OperationFailedException: [USEN-00106] Unable to create the UserSession Manager.
	at com.inovis.mss.gateway.usersession.defs.UserSessionManagerImp.&lt;init&gt;(UserSessionManagerImp.java:74)
	at com.inovis.mss.gateway.usersession.UserSessionManager.getManager(UserSessionManager.java:58)
	at test.com.inovis.mss.gateway.usersession.TestUserSessionManager.setUp(TestUserSessionManager.java:83)
Caused by: class com.inovis.b2b.lib.service.ServiceUnavailableException: [LIBP-00001] Unable to connect to naming service
	at com.inovis.b2b.lib.service.ServiceLocator.getInitialContext(ServiceLocator.java:214)
	at com.inovis.b2b.lib.service.ServiceLocator.&lt;init&gt;(ServiceLocator.java:183)
	at com.inovis.b2b.lib.service.ServiceLocator.getInstance(ServiceLocator.java:167)
	at com.inovis.b2b.lib.service.ServiceLocator.getInstance(ServiceLocator.java:150)
	at com.inovis.mss.gateway.usersession.defs.UserSessionManagerImp.&lt;init&gt;(UserSessionManagerImp.java:64)
	... 16 more
Caused by: javax.naming.CommunicationException [Root exception is java.net.ConnectException: t3://localhost:7001: Destination unreachable; nested exception is: 
	java.net.ConnectException: Connection refused: connect; No available router to destination]
	at weblogic.jndi.internal.ExceptionTranslator.toNamingException(ExceptionTranslator.java:49)
	at weblogic.jndi.WLInitialContextFactoryDelegate.toNamingException(WLInitialContextFactoryDelegate.java:765)
	at weblogic.jndi.WLInitialContextFactoryDelegate.getInitialContext(WLInitialContextFactoryDelegate.java:364)
	at weblogic.jndi.Environment.getContext(Environment.java:307)
	at weblogic.jndi.Environment.getContext(Environment.java:277)
	at weblogic.jndi.WLInitialContextFactory.getInitialContext(WLInitialContextFactory.java:117)
	at javax.naming.spi.NamingManager.getInitialContext(NamingManager.java:667)
	at javax.naming.InitialContext.getDefaultInitCtx(InitialContext.java:247)
	at javax.naming.InitialContext.init(InitialContext.java:223)
	at javax.naming.InitialContext.&lt;init&gt;(InitialContext.java:175)
	at com.inovis.b2b.lib.service.ServiceLocator.getInitialContext(ServiceLocator.java:206)
	... 20 more
Caused by: java.net.ConnectException: t3://localhost:7001: Destination unreachable; nested exception is: 
	java.net.ConnectException: Connection refused: connect; No available router to destination
	at weblogic.rjvm.RJVMFinder.findOrCreate(RJVMFinder.java:204)
	at weblogic.rjvm.ServerURL.findOrCreateRJVM(ServerURL.java:154)
	at weblogic.jndi.WLInitialContextFactoryDelegate.getInitialContext(WLInitialContextFactoryDelegate.java:349)
	... 28 more
Caused by: java.rmi.ConnectException: Destination unreachable; nested exception is: 
	java.net.ConnectException: Connection refused: connect; No available router to destination
	at weblogic.rjvm.ConnectionManager.bootstrap(ConnectionManager.java:472)
	at weblogic.rjvm.ConnectionManager.bootstrap(ConnectionManager.java:323)
	at weblogic.rjvm.RJVMManager.findOrCreateRemoteInternal(RJVMManager.java:259)
	at weblogic.rjvm.RJVMManager.findOrCreate(RJVMManager.java:202)
	at weblogic.rjvm.RJVMFinder.findOrCreateRemoteServer(RJVMFinder.java:226)
	at weblogic.rjvm.RJVMFinder.findOrCreate(RJVMFinder.java:189)
	... 30 more
</error>
  </testcase>
  <testcase classname="test.com.inovis.mss.gateway.usersession.TestUserSessionManager" name="testValidateSessionFail" time="2.869">
    <error message="[USEN-00106] Unable to create the UserSession Manager." type="com.inovis.b2b.lib.exception.OperationFailedException">class com.inovis.b2b.lib.exception.OperationFailedException: [USEN-00106] Unable to create the UserSession Manager.
	at com.inovis.mss.gateway.usersession.defs.UserSessionManagerImp.&lt;init&gt;(UserSessionManagerImp.java:74)
	at com.inovis.mss.gateway.usersession.UserSessionManager.getManager(UserSessionManager.java:58)
	at test.com.inovis.mss.gateway.usersession.TestUserSessionManager.setUp(TestUserSessionManager.java:83)
Caused by: class com.inovis.b2b.lib.service.ServiceUnavailableException: [LIBP-00001] Unable to connect to naming service
	at com.inovis.b2b.lib.service.ServiceLocator.getInitialContext(ServiceLocator.java:214)
	at com.inovis.b2b.lib.service.ServiceLocator.&lt;init&gt;(ServiceLocator.java:183)
	at com.inovis.b2b.lib.service.ServiceLocator.getInstance(ServiceLocator.java:167)
	at com.inovis.b2b.lib.service.ServiceLocator.getInstance(ServiceLocator.java:150)
	at com.inovis.mss.gateway.usersession.defs.UserSessionManagerImp.&lt;init&gt;(UserSessionManagerImp.java:64)
	... 16 more
Caused by: javax.naming.CommunicationException [Root exception is java.net.ConnectException: t3://localhost:7001: Destination unreachable; nested exception is: 
	java.net.ConnectException: Connection refused: connect; No available router to destination]
	at weblogic.jndi.internal.ExceptionTranslator.toNamingException(ExceptionTranslator.java:49)
	at weblogic.jndi.WLInitialContextFactoryDelegate.toNamingException(WLInitialContextFactoryDelegate.java:765)
	at weblogic.jndi.WLInitialContextFactoryDelegate.getInitialContext(WLInitialContextFactoryDelegate.java:364)
	at weblogic.jndi.Environment.getContext(Environment.java:307)
	at weblogic.jndi.Environment.getContext(Environment.java:277)
	at weblogic.jndi.WLInitialContextFactory.getInitialContext(WLInitialContextFactory.java:117)
	at javax.naming.spi.NamingManager.getInitialContext(NamingManager.java:667)
	at javax.naming.InitialContext.getDefaultInitCtx(InitialContext.java:247)
	at javax.naming.InitialContext.init(InitialContext.java:223)
	at javax.naming.InitialContext.&lt;init&gt;(InitialContext.java:175)
	at com.inovis.b2b.lib.service.ServiceLocator.getInitialContext(ServiceLocator.java:206)
	... 20 more
Caused by: java.net.ConnectException: t3://localhost:7001: Destination unreachable; nested exception is: 
	java.net.ConnectException: Connection refused: connect; No available router to destination
	at weblogic.rjvm.RJVMFinder.findOrCreate(RJVMFinder.java:204)
	at weblogic.rjvm.ServerURL.findOrCreateRJVM(ServerURL.java:154)
	at weblogic.jndi.WLInitialContextFactoryDelegate.getInitialContext(WLInitialContextFactoryDelegate.java:349)
	... 28 more
Caused by: java.rmi.ConnectException: Destination unreachable; nested exception is: 
	java.net.ConnectException: Connection refused: connect; No available router to destination
	at weblogic.rjvm.ConnectionManager.bootstrap(ConnectionManager.java:472)
	at weblogic.rjvm.ConnectionManager.bootstrap(ConnectionManager.java:323)
	at weblogic.rjvm.RJVMManager.findOrCreateRemoteInternal(RJVMManager.java:259)
	at weblogic.rjvm.RJVMManager.findOrCreate(RJVMManager.java:202)
	at weblogic.rjvm.RJVMFinder.findOrCreateRemoteServer(RJVMFinder.java:226)
	at weblogic.rjvm.RJVMFinder.findOrCreate(RJVMFinder.java:189)
	... 30 more
</error>
  </testcase>
  <testcase classname="test.com.inovis.mss.gateway.usersession.TestUserSessionManager" name="testValidateSessionPass" time="3.088">
    <error message="[USEN-00106] Unable to create the UserSession Manager." type="com.inovis.b2b.lib.exception.OperationFailedException">class com.inovis.b2b.lib.exception.OperationFailedException: [USEN-00106] Unable to create the UserSession Manager.
	at com.inovis.mss.gateway.usersession.defs.UserSessionManagerImp.&lt;init&gt;(UserSessionManagerImp.java:74)
	at com.inovis.mss.gateway.usersession.UserSessionManager.getManager(UserSessionManager.java:58)
	at test.com.inovis.mss.gateway.usersession.TestUserSessionManager.setUp(TestUserSessionManager.java:83)
Caused by: class com.inovis.b2b.lib.service.ServiceUnavailableException: [LIBP-00001] Unable to connect to naming service
	at com.inovis.b2b.lib.service.ServiceLocator.getInitialContext(ServiceLocator.java:214)
	at com.inovis.b2b.lib.service.ServiceLocator.&lt;init&gt;(ServiceLocator.java:183)
	at com.inovis.b2b.lib.service.ServiceLocator.getInstance(ServiceLocator.java:167)
	at com.inovis.b2b.lib.service.ServiceLocator.getInstance(ServiceLocator.java:150)
	at com.inovis.mss.gateway.usersession.defs.UserSessionManagerImp.&lt;init&gt;(UserSessionManagerImp.java:64)
	... 16 more
Caused by: javax.naming.CommunicationException [Root exception is java.net.ConnectException: t3://localhost:7001: Destination unreachable; nested exception is: 
	java.net.ConnectException: Connection refused: connect; No available router to destination]
	at weblogic.jndi.internal.ExceptionTranslator.toNamingException(ExceptionTranslator.java:49)
	at weblogic.jndi.WLInitialContextFactoryDelegate.toNamingException(WLInitialContextFactoryDelegate.java:765)
	at weblogic.jndi.WLInitialContextFactoryDelegate.getInitialContext(WLInitialContextFactoryDelegate.java:364)
	at weblogic.jndi.Environment.getContext(Environment.java:307)
	at weblogic.jndi.Environment.getContext(Environment.java:277)
	at weblogic.jndi.WLInitialContextFactory.getInitialContext(WLInitialContextFactory.java:117)
	at javax.naming.spi.NamingManager.getInitialContext(NamingManager.java:667)
	at javax.naming.InitialContext.getDefaultInitCtx(InitialContext.java:247)
	at javax.naming.InitialContext.init(InitialContext.java:223)
	at javax.naming.InitialContext.&lt;init&gt;(InitialContext.java:175)
	at com.inovis.b2b.lib.service.ServiceLocator.getInitialContext(ServiceLocator.java:206)
	... 20 more
Caused by: java.net.ConnectException: t3://localhost:7001: Destination unreachable; nested exception is: 
	java.net.ConnectException: Connection refused: connect; No available router to destination
	at weblogic.rjvm.RJVMFinder.findOrCreate(RJVMFinder.java:204)
	at weblogic.rjvm.ServerURL.findOrCreateRJVM(ServerURL.java:154)
	at weblogic.jndi.WLInitialContextFactoryDelegate.getInitialContext(WLInitialContextFactoryDelegate.java:349)
	... 28 more
Caused by: java.rmi.ConnectException: Destination unreachable; nested exception is: 
	java.net.ConnectException: Connection refused: connect; No available router to destination
	at weblogic.rjvm.ConnectionManager.bootstrap(ConnectionManager.java:472)
	at weblogic.rjvm.ConnectionManager.bootstrap(ConnectionManager.java:323)
	at weblogic.rjvm.RJVMManager.findOrCreateRemoteInternal(RJVMManager.java:259)
	at weblogic.rjvm.RJVMManager.findOrCreate(RJVMManager.java:202)
	at weblogic.rjvm.RJVMFinder.findOrCreateRemoteServer(RJVMFinder.java:226)
	at weblogic.rjvm.RJVMFinder.findOrCreate(RJVMFinder.java:189)
	... 30 more
</error>
  </testcase>
  <testcase classname="test.com.inovis.mss.gateway.usersession.TestUserSessionManager" name="testCloseSession" time="2.978">
    <error message="[USEN-00106] Unable to create the UserSession Manager." type="com.inovis.b2b.lib.exception.OperationFailedException">class com.inovis.b2b.lib.exception.OperationFailedException: [USEN-00106] Unable to create the UserSession Manager.
	at com.inovis.mss.gateway.usersession.defs.UserSessionManagerImp.&lt;init&gt;(UserSessionManagerImp.java:74)
	at com.inovis.mss.gateway.usersession.UserSessionManager.getManager(UserSessionManager.java:58)
	at test.com.inovis.mss.gateway.usersession.TestUserSessionManager.setUp(TestUserSessionManager.java:83)
Caused by: class com.inovis.b2b.lib.service.ServiceUnavailableException: [LIBP-00001] Unable to connect to naming service
	at com.inovis.b2b.lib.service.ServiceLocator.getInitialContext(ServiceLocator.java:214)
	at com.inovis.b2b.lib.service.ServiceLocator.&lt;init&gt;(ServiceLocator.java:183)
	at com.inovis.b2b.lib.service.ServiceLocator.getInstance(ServiceLocator.java:167)
	at com.inovis.b2b.lib.service.ServiceLocator.getInstance(ServiceLocator.java:150)
	at com.inovis.mss.gateway.usersession.defs.UserSessionManagerImp.&lt;init&gt;(UserSessionManagerImp.java:64)
	... 16 more
Caused by: javax.naming.CommunicationException [Root exception is java.net.ConnectException: t3://localhost:7001: Destination unreachable; nested exception is: 
	java.net.ConnectException: Connection refused: connect; No available router to destination]
	at weblogic.jndi.internal.ExceptionTranslator.toNamingException(ExceptionTranslator.java:49)
	at weblogic.jndi.WLInitialContextFactoryDelegate.toNamingException(WLInitialContextFactoryDelegate.java:765)
	at weblogic.jndi.WLInitialContextFactoryDelegate.getInitialContext(WLInitialContextFactoryDelegate.java:364)
	at weblogic.jndi.Environment.getContext(Environment.java:307)
	at weblogic.jndi.Environment.getContext(Environment.java:277)
	at weblogic.jndi.WLInitialContextFactory.getInitialContext(WLInitialContextFactory.java:117)
	at javax.naming.spi.NamingManager.getInitialContext(NamingManager.java:667)
	at javax.naming.InitialContext.getDefaultInitCtx(InitialContext.java:247)
	at javax.naming.InitialContext.init(InitialContext.java:223)
	at javax.naming.InitialContext.&lt;init&gt;(InitialContext.java:175)
	at com.inovis.b2b.lib.service.ServiceLocator.getInitialContext(ServiceLocator.java:206)
	... 20 more
Caused by: java.net.ConnectException: t3://localhost:7001: Destination unreachable; nested exception is: 
	java.net.ConnectException: Connection refused: connect; No available router to destination
	at weblogic.rjvm.RJVMFinder.findOrCreate(RJVMFinder.java:204)
	at weblogic.rjvm.ServerURL.findOrCreateRJVM(ServerURL.java:154)
	at weblogic.jndi.WLInitialContextFactoryDelegate.getInitialContext(WLInitialContextFactoryDelegate.java:349)
	... 28 more
Caused by: java.rmi.ConnectException: Destination unreachable; nested exception is: 
	java.net.ConnectException: Connection refused: connect; No available router to destination
	at weblogic.rjvm.ConnectionManager.bootstrap(ConnectionManager.java:472)
	at weblogic.rjvm.ConnectionManager.bootstrap(ConnectionManager.java:323)
	at weblogic.rjvm.RJVMManager.findOrCreateRemoteInternal(RJVMManager.java:259)
	at weblogic.rjvm.RJVMManager.findOrCreate(RJVMManager.java:202)
	at weblogic.rjvm.RJVMFinder.findOrCreateRemoteServer(RJVMFinder.java:226)
	at weblogic.rjvm.RJVMFinder.findOrCreate(RJVMFinder.java:189)
	... 30 more
</error>
  </testcase>
  <testcase classname="test.com.inovis.mss.gateway.usersession.TestUserSessionManager" name="testDeleteSession" time="2.074">
    <error message="[USEN-00106] Unable to create the UserSession Manager." type="com.inovis.b2b.lib.exception.OperationFailedException">class com.inovis.b2b.lib.exception.OperationFailedException: [USEN-00106] Unable to create the UserSession Manager.
	at com.inovis.mss.gateway.usersession.defs.UserSessionManagerImp.&lt;init&gt;(UserSessionManagerImp.java:74)
	at com.inovis.mss.gateway.usersession.UserSessionManager.getManager(UserSessionManager.java:58)
	at test.com.inovis.mss.gateway.usersession.TestUserSessionManager.setUp(TestUserSessionManager.java:83)
Caused by: class com.inovis.b2b.lib.service.ServiceUnavailableException: [LIBP-00001] Unable to connect to naming service
	at com.inovis.b2b.lib.service.ServiceLocator.getInitialContext(ServiceLocator.java:214)
	at com.inovis.b2b.lib.service.ServiceLocator.&lt;init&gt;(ServiceLocator.java:183)
	at com.inovis.b2b.lib.service.ServiceLocator.getInstance(ServiceLocator.java:167)
	at com.inovis.b2b.lib.service.ServiceLocator.getInstance(ServiceLocator.java:150)
	at com.inovis.mss.gateway.usersession.defs.UserSessionManagerImp.&lt;init&gt;(UserSessionManagerImp.java:64)
	... 16 more
Caused by: javax.naming.CommunicationException [Root exception is java.net.ConnectException: t3://localhost:7001: Destination unreachable; nested exception is: 
	java.net.ConnectException: Connection refused: connect; No available router to destination]
	at weblogic.jndi.internal.ExceptionTranslator.toNamingException(ExceptionTranslator.java:49)
	at weblogic.jndi.WLInitialContextFactoryDelegate.toNamingException(WLInitialContextFactoryDelegate.java:765)
	at weblogic.jndi.WLInitialContextFactoryDelegate.getInitialContext(WLInitialContextFactoryDelegate.java:364)
	at weblogic.jndi.Environment.getContext(Environment.java:307)
	at weblogic.jndi.Environment.getContext(Environment.java:277)
	at weblogic.jndi.WLInitialContextFactory.getInitialContext(WLInitialContextFactory.java:117)
	at javax.naming.spi.NamingManager.getInitialContext(NamingManager.java:667)
	at javax.naming.InitialContext.getDefaultInitCtx(InitialContext.java:247)
	at javax.naming.InitialContext.init(InitialContext.java:223)
	at javax.naming.InitialContext.&lt;init&gt;(InitialContext.java:175)
	at com.inovis.b2b.lib.service.ServiceLocator.getInitialContext(ServiceLocator.java:206)
	... 20 more
Caused by: java.net.ConnectException: t3://localhost:7001: Destination unreachable; nested exception is: 
	java.net.ConnectException: Connection refused: connect; No available router to destination
	at weblogic.rjvm.RJVMFinder.findOrCreate(RJVMFinder.java:204)
	at weblogic.rjvm.ServerURL.findOrCreateRJVM(ServerURL.java:154)
	at weblogic.jndi.WLInitialContextFactoryDelegate.getInitialContext(WLInitialContextFactoryDelegate.java:349)
	... 28 more
Caused by: java.rmi.ConnectException: Destination unreachable; nested exception is: 
	java.net.ConnectException: Connection refused: connect; No available router to destination
	at weblogic.rjvm.ConnectionManager.bootstrap(ConnectionManager.java:472)
	at weblogic.rjvm.ConnectionManager.bootstrap(ConnectionManager.java:323)
	at weblogic.rjvm.RJVMManager.findOrCreateRemoteInternal(RJVMManager.java:259)
	at weblogic.rjvm.RJVMManager.findOrCreate(RJVMManager.java:202)
	at weblogic.rjvm.RJVMFinder.findOrCreateRemoteServer(RJVMFinder.java:226)
	at weblogic.rjvm.RJVMFinder.findOrCreate(RJVMFinder.java:189)
	... 30 more
</error>
  </testcase>
  <testcase classname="test.com.inovis.mss.gateway.usersession.TestUserSessionManager" name="testSessionWithBusinessOnly" time="2.277">
    <error message="[USEN-00106] Unable to create the UserSession Manager." type="com.inovis.b2b.lib.exception.OperationFailedException">class com.inovis.b2b.lib.exception.OperationFailedException: [USEN-00106] Unable to create the UserSession Manager.
	at com.inovis.mss.gateway.usersession.defs.UserSessionManagerImp.&lt;init&gt;(UserSessionManagerImp.java:74)
	at com.inovis.mss.gateway.usersession.UserSessionManager.getManager(UserSessionManager.java:58)
	at test.com.inovis.mss.gateway.usersession.TestUserSessionManager.setUp(TestUserSessionManager.java:83)
Caused by: class com.inovis.b2b.lib.service.ServiceUnavailableException: [LIBP-00001] Unable to connect to naming service
	at com.inovis.b2b.lib.service.ServiceLocator.getInitialContext(ServiceLocator.java:214)
	at com.inovis.b2b.lib.service.ServiceLocator.&lt;init&gt;(ServiceLocator.java:183)
	at com.inovis.b2b.lib.service.ServiceLocator.getInstance(ServiceLocator.java:167)
	at com.inovis.b2b.lib.service.ServiceLocator.getInstance(ServiceLocator.java:150)
	at com.inovis.mss.gateway.usersession.defs.UserSessionManagerImp.&lt;init&gt;(UserSessionManagerImp.java:64)
	... 16 more
Caused by: javax.naming.CommunicationException [Root exception is java.net.ConnectException: t3://localhost:7001: Destination unreachable; nested exception is: 
	java.net.ConnectException: Connection refused: connect; No available router to destination]
	at weblogic.jndi.internal.ExceptionTranslator.toNamingException(ExceptionTranslator.java:49)
	at weblogic.jndi.WLInitialContextFactoryDelegate.toNamingException(WLInitialContextFactoryDelegate.java:765)
	at weblogic.jndi.WLInitialContextFactoryDelegate.getInitialContext(WLInitialContextFactoryDelegate.java:364)
	at weblogic.jndi.Environment.getContext(Environment.java:307)
	at weblogic.jndi.Environment.getContext(Environment.java:277)
	at weblogic.jndi.WLInitialContextFactory.getInitialContext(WLInitialContextFactory.java:117)
	at javax.naming.spi.NamingManager.getInitialContext(NamingManager.java:667)
	at javax.naming.InitialContext.getDefaultInitCtx(InitialContext.java:247)
	at javax.naming.InitialContext.init(InitialContext.java:223)
	at javax.naming.InitialContext.&lt;init&gt;(InitialContext.java:175)
	at com.inovis.b2b.lib.service.ServiceLocator.getInitialContext(ServiceLocator.java:206)
	... 20 more
Caused by: java.net.ConnectException: t3://localhost:7001: Destination unreachable; nested exception is: 
	java.net.ConnectException: Connection refused: connect; No available router to destination
	at weblogic.rjvm.RJVMFinder.findOrCreate(RJVMFinder.java:204)
	at weblogic.rjvm.ServerURL.findOrCreateRJVM(ServerURL.java:154)
	at weblogic.jndi.WLInitialContextFactoryDelegate.getInitialContext(WLInitialContextFactoryDelegate.java:349)
	... 28 more
Caused by: java.rmi.ConnectException: Destination unreachable; nested exception is: 
	java.net.ConnectException: Connection refused: connect; No available router to destination
	at weblogic.rjvm.ConnectionManager.bootstrap(ConnectionManager.java:472)
	at weblogic.rjvm.ConnectionManager.bootstrap(ConnectionManager.java:323)
	at weblogic.rjvm.RJVMManager.findOrCreateRemoteInternal(RJVMManager.java:259)
	at weblogic.rjvm.RJVMManager.findOrCreate(RJVMManager.java:202)
	at weblogic.rjvm.RJVMFinder.findOrCreateRemoteServer(RJVMFinder.java:226)
	at weblogic.rjvm.RJVMFinder.findOrCreate(RJVMFinder.java:189)
	... 30 more
</error>
  </testcase>
  <testcase classname="test.com.inovis.mss.gateway.usersession.TestUserSessionManager" name="testDeleteSessions" time="2.059">
    <error message="[USEN-00106] Unable to create the UserSession Manager." type="com.inovis.b2b.lib.exception.OperationFailedException">class com.inovis.b2b.lib.exception.OperationFailedException: [USEN-00106] Unable to create the UserSession Manager.
	at com.inovis.mss.gateway.usersession.defs.UserSessionManagerImp.&lt;init&gt;(UserSessionManagerImp.java:74)
	at com.inovis.mss.gateway.usersession.UserSessionManager.getManager(UserSessionManager.java:58)
	at test.com.inovis.mss.gateway.usersession.TestUserSessionManager.setUp(TestUserSessionManager.java:83)
Caused by: class com.inovis.b2b.lib.service.ServiceUnavailableException: [LIBP-00001] Unable to connect to naming service
	at com.inovis.b2b.lib.service.ServiceLocator.getInitialContext(ServiceLocator.java:214)
	at com.inovis.b2b.lib.service.ServiceLocator.&lt;init&gt;(ServiceLocator.java:183)
	at com.inovis.b2b.lib.service.ServiceLocator.getInstance(ServiceLocator.java:167)
	at com.inovis.b2b.lib.service.ServiceLocator.getInstance(ServiceLocator.java:150)
	at com.inovis.mss.gateway.usersession.defs.UserSessionManagerImp.&lt;init&gt;(UserSessionManagerImp.java:64)
	... 16 more
Caused by: javax.naming.CommunicationException [Root exception is java.net.ConnectException: t3://localhost:7001: Destination unreachable; nested exception is: 
	java.net.ConnectException: Connection refused: connect; No available router to destination]
	at weblogic.jndi.internal.ExceptionTranslator.toNamingException(ExceptionTranslator.java:49)
	at weblogic.jndi.WLInitialContextFactoryDelegate.toNamingException(WLInitialContextFactoryDelegate.java:765)
	at weblogic.jndi.WLInitialContextFactoryDelegate.getInitialContext(WLInitialContextFactoryDelegate.java:364)
	at weblogic.jndi.Environment.getContext(Environment.java:307)
	at weblogic.jndi.Environment.getContext(Environment.java:277)
	at weblogic.jndi.WLInitialContextFactory.getInitialContext(WLInitialContextFactory.java:117)
	at javax.naming.spi.NamingManager.getInitialContext(NamingManager.java:667)
	at javax.naming.InitialContext.getDefaultInitCtx(InitialContext.java:247)
	at javax.naming.InitialContext.init(InitialContext.java:223)
	at javax.naming.InitialContext.&lt;init&gt;(InitialContext.java:175)
	at com.inovis.b2b.lib.service.ServiceLocator.getInitialContext(ServiceLocator.java:206)
	... 20 more
Caused by: java.net.ConnectException: t3://localhost:7001: Destination unreachable; nested exception is: 
	java.net.ConnectException: Connection refused: connect; No available router to destination
	at weblogic.rjvm.RJVMFinder.findOrCreate(RJVMFinder.java:204)
	at weblogic.rjvm.ServerURL.findOrCreateRJVM(ServerURL.java:154)
	at weblogic.jndi.WLInitialContextFactoryDelegate.getInitialContext(WLInitialContextFactoryDelegate.java:349)
	... 28 more
Caused by: java.rmi.ConnectException: Destination unreachable; nested exception is: 
	java.net.ConnectException: Connection refused: connect; No available router to destination
	at weblogic.rjvm.ConnectionManager.bootstrap(ConnectionManager.java:472)
	at weblogic.rjvm.ConnectionManager.bootstrap(ConnectionManager.java:323)
	at weblogic.rjvm.RJVMManager.findOrCreateRemoteInternal(RJVMManager.java:259)
	at weblogic.rjvm.RJVMManager.findOrCreate(RJVMManager.java:202)
	at weblogic.rjvm.RJVMFinder.findOrCreateRemoteServer(RJVMFinder.java:226)
	at weblogic.rjvm.RJVMFinder.findOrCreate(RJVMFinder.java:189)
	... 30 more
</error>
  </testcase>
  <testcase classname="test.com.inovis.mss.gateway.usersession.TestUserSessionManager" name="testDeleteSessionFail" time="2.885">
    <error message="[USEN-00106] Unable to create the UserSession Manager." type="com.inovis.b2b.lib.exception.OperationFailedException">class com.inovis.b2b.lib.exception.OperationFailedException: [USEN-00106] Unable to create the UserSession Manager.
	at com.inovis.mss.gateway.usersession.defs.UserSessionManagerImp.&lt;init&gt;(UserSessionManagerImp.java:74)
	at com.inovis.mss.gateway.usersession.UserSessionManager.getManager(UserSessionManager.java:58)
	at test.com.inovis.mss.gateway.usersession.TestUserSessionManager.setUp(TestUserSessionManager.java:83)
Caused by: class com.inovis.b2b.lib.service.ServiceUnavailableException: [LIBP-00001] Unable to connect to naming service
	at com.inovis.b2b.lib.service.ServiceLocator.getInitialContext(ServiceLocator.java:214)
	at com.inovis.b2b.lib.service.ServiceLocator.&lt;init&gt;(ServiceLocator.java:183)
	at com.inovis.b2b.lib.service.ServiceLocator.getInstance(ServiceLocator.java:167)
	at com.inovis.b2b.lib.service.ServiceLocator.getInstance(ServiceLocator.java:150)
	at com.inovis.mss.gateway.usersession.defs.UserSessionManagerImp.&lt;init&gt;(UserSessionManagerImp.java:64)
	... 16 more
Caused by: javax.naming.CommunicationException [Root exception is java.net.ConnectException: t3://localhost:7001: Destination unreachable; nested exception is: 
	java.net.ConnectException: Connection refused: connect; No available router to destination]
	at weblogic.jndi.internal.ExceptionTranslator.toNamingException(ExceptionTranslator.java:49)
	at weblogic.jndi.WLInitialContextFactoryDelegate.toNamingException(WLInitialContextFactoryDelegate.java:765)
	at weblogic.jndi.WLInitialContextFactoryDelegate.getInitialContext(WLInitialContextFactoryDelegate.java:364)
	at weblogic.jndi.Environment.getContext(Environment.java:307)
	at weblogic.jndi.Environment.getContext(Environment.java:277)
	at weblogic.jndi.WLInitialContextFactory.getInitialContext(WLInitialContextFactory.java:117)
	at javax.naming.spi.NamingManager.getInitialContext(NamingManager.java:667)
	at javax.naming.InitialContext.getDefaultInitCtx(InitialContext.java:247)
	at javax.naming.InitialContext.init(InitialContext.java:223)
	at javax.naming.InitialContext.&lt;init&gt;(InitialContext.java:175)
	at com.inovis.b2b.lib.service.ServiceLocator.getInitialContext(ServiceLocator.java:206)
	... 20 more
Caused by: java.net.ConnectException: t3://localhost:7001: Destination unreachable; nested exception is: 
	java.net.ConnectException: Connection refused: connect; No available router to destination
	at weblogic.rjvm.RJVMFinder.findOrCreate(RJVMFinder.java:204)
	at weblogic.rjvm.ServerURL.findOrCreateRJVM(ServerURL.java:154)
	at weblogic.jndi.WLInitialContextFactoryDelegate.getInitialContext(WLInitialContextFactoryDelegate.java:349)
	... 28 more
Caused by: java.rmi.ConnectException: Destination unreachable; nested exception is: 
	java.net.ConnectException: Connection refused: connect; No available router to destination
	at weblogic.rjvm.ConnectionManager.bootstrap(ConnectionManager.java:472)
	at weblogic.rjvm.ConnectionManager.bootstrap(ConnectionManager.java:323)
	at weblogic.rjvm.RJVMManager.findOrCreateRemoteInternal(RJVMManager.java:259)
	at weblogic.rjvm.RJVMManager.findOrCreate(RJVMManager.java:202)
	at weblogic.rjvm.RJVMFinder.findOrCreateRemoteServer(RJVMFinder.java:226)
	at weblogic.rjvm.RJVMFinder.findOrCreate(RJVMFinder.java:189)
	... 30 more
</error>
  </testcase>
  <testcase classname="test.com.inovis.mss.gateway.usersession.TestUserSessionManager" name="testSessionQueryFilter" time="3.087">
    <error message="[USEN-00106] Unable to create the UserSession Manager." type="com.inovis.b2b.lib.exception.OperationFailedException">class com.inovis.b2b.lib.exception.OperationFailedException: [USEN-00106] Unable to create the UserSession Manager.
	at com.inovis.mss.gateway.usersession.defs.UserSessionManagerImp.&lt;init&gt;(UserSessionManagerImp.java:74)
	at com.inovis.mss.gateway.usersession.UserSessionManager.getManager(UserSessionManager.java:58)
	at test.com.inovis.mss.gateway.usersession.TestUserSessionManager.setUp(TestUserSessionManager.java:83)
Caused by: class com.inovis.b2b.lib.service.ServiceUnavailableException: [LIBP-00001] Unable to connect to naming service
	at com.inovis.b2b.lib.service.ServiceLocator.getInitialContext(ServiceLocator.java:214)
	at com.inovis.b2b.lib.service.ServiceLocator.&lt;init&gt;(ServiceLocator.java:183)
	at com.inovis.b2b.lib.service.ServiceLocator.getInstance(ServiceLocator.java:167)
	at com.inovis.b2b.lib.service.ServiceLocator.getInstance(ServiceLocator.java:150)
	at com.inovis.mss.gateway.usersession.defs.UserSessionManagerImp.&lt;init&gt;(UserSessionManagerImp.java:64)
	... 16 more
Caused by: javax.naming.CommunicationException [Root exception is java.net.ConnectException: t3://localhost:7001: Destination unreachable; nested exception is: 
	java.net.ConnectException: Connection refused: connect; No available router to destination]
	at weblogic.jndi.internal.ExceptionTranslator.toNamingException(ExceptionTranslator.java:49)
	at weblogic.jndi.WLInitialContextFactoryDelegate.toNamingException(WLInitialContextFactoryDelegate.java:765)
	at weblogic.jndi.WLInitialContextFactoryDelegate.getInitialContext(WLInitialContextFactoryDelegate.java:364)
	at weblogic.jndi.Environment.getContext(Environment.java:307)
	at weblogic.jndi.Environment.getContext(Environment.java:277)
	at weblogic.jndi.WLInitialContextFactory.getInitialContext(WLInitialContextFactory.java:117)
	at javax.naming.spi.NamingManager.getInitialContext(NamingManager.java:667)
	at javax.naming.InitialContext.getDefaultInitCtx(InitialContext.java:247)
	at javax.naming.InitialContext.init(InitialContext.java:223)
	at javax.naming.InitialContext.&lt;init&gt;(InitialContext.java:175)
	at com.inovis.b2b.lib.service.ServiceLocator.getInitialContext(ServiceLocator.java:206)
	... 20 more
Caused by: java.net.ConnectException: t3://localhost:7001: Destination unreachable; nested exception is: 
	java.net.ConnectException: Connection refused: connect; No available router to destination
	at weblogic.rjvm.RJVMFinder.findOrCreate(RJVMFinder.java:204)
	at weblogic.rjvm.ServerURL.findOrCreateRJVM(ServerURL.java:154)
	at weblogic.jndi.WLInitialContextFactoryDelegate.getInitialContext(WLInitialContextFactoryDelegate.java:349)
	... 28 more
Caused by: java.rmi.ConnectException: Destination unreachable; nested exception is: 
	java.net.ConnectException: Connection refused: connect; No available router to destination
	at weblogic.rjvm.ConnectionManager.bootstrap(ConnectionManager.java:472)
	at weblogic.rjvm.ConnectionManager.bootstrap(ConnectionManager.java:323)
	at weblogic.rjvm.RJVMManager.findOrCreateRemoteInternal(RJVMManager.java:259)
	at weblogic.rjvm.RJVMManager.findOrCreate(RJVMManager.java:202)
	at weblogic.rjvm.RJVMFinder.findOrCreateRemoteServer(RJVMFinder.java:226)
	at weblogic.rjvm.RJVMFinder.findOrCreate(RJVMFinder.java:189)
	... 30 more
</error>
  </testcase>
  <testcase classname="test.com.inovis.mss.gateway.usersession.TestUserSession" name="testUserSession" time="0.031"></testcase>
  <testcase classname="test.com.inovis.mss.gateway.usersession.TestUserSessionQueryFilter" name="testUserSessionQueryFilter" time="0.016"></testcase>
  <testcase classname="test.com.inovis.mss.gateway.usersession.TestUserSessionStatus" name="testUserSessionStatusGetName" time="0.0"></testcase>
  <testcase classname="test.com.inovis.mss.gateway.usersession.TestUserSessionStatus" name="testUserSessionStatusGetCode" time="0.0"></testcase>
  <testcase classname="test.com.inovis.mss.gateway.usersession.TestUserSessionStatus" name="testUserSessionStatusEquals" time="0.0"></testcase>
  <testcase classname="test.com.inovis.mss.gateway.usersession.TestUserSessionStatus" name="testUserSessionStatusGetStatus" time="0.0"></testcase>
  <testcase classname="test.com.inovis.mss.user.TestUserManager" name="testDeleteUser1" time="2.729">
    <error message="[USER-00101] Failed to get a reference to the Home interface of the UserFacade EJB. This is an EJB error that probably stems from an incorrect deployment, a network problem, or the failure of an EJB server." type="com.inovis.b2b.lib.exception.OperationFailedException">class com.inovis.b2b.lib.exception.OperationFailedException: [USER-00101] Failed to get a reference to the Home interface of the UserFacade EJB. This is an EJB error that probably stems from an incorrect deployment, a network problem, or the failure of an EJB server.
	at com.inovis.mss.user.defs.UserManagerImp.&lt;init&gt;(UserManagerImp.java:85)
	at com.inovis.mss.user.UserManager.getManager(UserManager.java:60)
	at test.com.inovis.mss.user.TestUserManager.setUp(TestUserManager.java:137)
Caused by: class com.inovis.b2b.lib.service.ServiceUnavailableException: [LIBP-00001] Unable to connect to naming service
	at com.inovis.b2b.lib.service.ServiceLocator.getInitialContext(ServiceLocator.java:214)
	at com.inovis.b2b.lib.service.ServiceLocator.&lt;init&gt;(ServiceLocator.java:183)
	at com.inovis.b2b.lib.service.ServiceLocator.getInstance(ServiceLocator.java:167)
	at com.inovis.b2b.lib.service.ServiceLocator.getInstance(ServiceLocator.java:150)
	at com.inovis.mss.user.defs.UserManagerImp.&lt;init&gt;(UserManagerImp.java:79)
	... 16 more
Caused by: javax.naming.CommunicationException [Root exception is java.net.ConnectException: t3://localhost:7001: Destination unreachable; nested exception is: 
	java.net.ConnectException: Connection refused: connect; No available router to destination]
	at weblogic.jndi.internal.ExceptionTranslator.toNamingException(ExceptionTranslator.java:49)
	at weblogic.jndi.WLInitialContextFactoryDelegate.toNamingException(WLInitialContextFactoryDelegate.java:765)
	at weblogic.jndi.WLInitialContextFactoryDelegate.getInitialContext(WLInitialContextFactoryDelegate.java:364)
	at weblogic.jndi.Environment.getContext(Environment.java:307)
	at weblogic.jndi.Environment.getContext(Environment.java:277)
	at weblogic.jndi.WLInitialContextFactory.getInitialContext(WLInitialContextFactory.java:117)
	at javax.naming.spi.NamingManager.getInitialContext(NamingManager.java:667)
	at javax.naming.InitialContext.getDefaultInitCtx(InitialContext.java:247)
	at javax.naming.InitialContext.init(InitialContext.java:223)
	at javax.naming.InitialContext.&lt;init&gt;(InitialContext.java:175)
	at com.inovis.b2b.lib.service.ServiceLocator.getInitialContext(ServiceLocator.java:206)
	... 20 more
Caused by: java.net.ConnectException: t3://localhost:7001: Destination unreachable; nested exception is: 
	java.net.ConnectException: Connection refused: connect; No available router to destination
	at weblogic.rjvm.RJVMFinder.findOrCreate(RJVMFinder.java:204)
	at weblogic.rjvm.ServerURL.findOrCreateRJVM(ServerURL.java:154)
	at weblogic.jndi.WLInitialContextFactoryDelegate.getInitialContext(WLInitialContextFactoryDelegate.java:349)
	... 28 more
Caused by: java.rmi.ConnectException: Destination unreachable; nested exception is: 
	java.net.ConnectException: Connection refused: connect; No available router to destination
	at weblogic.rjvm.ConnectionManager.bootstrap(ConnectionManager.java:472)
	at weblogic.rjvm.ConnectionManager.bootstrap(ConnectionManager.java:323)
	at weblogic.rjvm.RJVMManager.findOrCreateRemoteInternal(RJVMManager.java:259)
	at weblogic.rjvm.RJVMManager.findOrCreate(RJVMManager.java:202)
	at weblogic.rjvm.RJVMFinder.findOrCreateRemoteServer(RJVMFinder.java:226)
	at weblogic.rjvm.RJVMFinder.findOrCreate(RJVMFinder.java:189)
	... 30 more
</error>
  </testcase>
  <testcase classname="test.com.inovis.mss.user.TestUserManager" name="testGetUserFail" time="2.776">
    <error message="[USER-00101] Failed to get a reference to the Home interface of the UserFacade EJB. This is an EJB error that probably stems from an incorrect deployment, a network problem, or the failure of an EJB server." type="com.inovis.b2b.lib.exception.OperationFailedException">class com.inovis.b2b.lib.exception.OperationFailedException: [USER-00101] Failed to get a reference to the Home interface of the UserFacade EJB. This is an EJB error that probably stems from an incorrect deployment, a network problem, or the failure of an EJB server.
	at com.inovis.mss.user.defs.UserManagerImp.&lt;init&gt;(UserManagerImp.java:85)
	at com.inovis.mss.user.UserManager.getManager(UserManager.java:60)
	at test.com.inovis.mss.user.TestUserManager.setUp(TestUserManager.java:137)
Caused by: class com.inovis.b2b.lib.service.ServiceUnavailableException: [LIBP-00001] Unable to connect to naming service
	at com.inovis.b2b.lib.service.ServiceLocator.getInitialContext(ServiceLocator.java:214)
	at com.inovis.b2b.lib.service.ServiceLocator.&lt;init&gt;(ServiceLocator.java:183)
	at com.inovis.b2b.lib.service.ServiceLocator.getInstance(ServiceLocator.java:167)
	at com.inovis.b2b.lib.service.ServiceLocator.getInstance(ServiceLocator.java:150)
	at com.inovis.mss.user.defs.UserManagerImp.&lt;init&gt;(UserManagerImp.java:79)
	... 16 more
Caused by: javax.naming.CommunicationException [Root exception is java.net.ConnectException: t3://localhost:7001: Destination unreachable; nested exception is: 
	java.net.ConnectException: Connection refused: connect; No available router to destination]
	at weblogic.jndi.internal.ExceptionTranslator.toNamingException(ExceptionTranslator.java:49)
	at weblogic.jndi.WLInitialContextFactoryDelegate.toNamingException(WLInitialContextFactoryDelegate.java:765)
	at weblogic.jndi.WLInitialContextFactoryDelegate.getInitialContext(WLInitialContextFactoryDelegate.java:364)
	at weblogic.jndi.Environment.getContext(Environment.java:307)
	at weblogic.jndi.Environment.getContext(Environment.java:277)
	at weblogic.jndi.WLInitialContextFactory.getInitialContext(WLInitialContextFactory.java:117)
	at javax.naming.spi.NamingManager.getInitialContext(NamingManager.java:667)
	at javax.naming.InitialContext.getDefaultInitCtx(InitialContext.java:247)
	at javax.naming.InitialContext.init(InitialContext.java:223)
	at javax.naming.InitialContext.&lt;init&gt;(InitialContext.java:175)
	at com.inovis.b2b.lib.service.ServiceLocator.getInitialContext(ServiceLocator.java:206)
	... 20 more
Caused by: java.net.ConnectException: t3://localhost:7001: Destination unreachable; nested exception is: 
	java.net.ConnectException: Connection refused: connect; No available router to destination
	at weblogic.rjvm.RJVMFinder.findOrCreate(RJVMFinder.java:204)
	at weblogic.rjvm.ServerURL.findOrCreateRJVM(ServerURL.java:154)
	at weblogic.jndi.WLInitialContextFactoryDelegate.getInitialContext(WLInitialContextFactoryDelegate.java:349)
	... 28 more
Caused by: java.rmi.ConnectException: Destination unreachable; nested exception is: 
	java.net.ConnectException: Connection refused: connect; No available router to destination
	at weblogic.rjvm.ConnectionManager.bootstrap(ConnectionManager.java:472)
	at weblogic.rjvm.ConnectionManager.bootstrap(ConnectionManager.java:323)
	at weblogic.rjvm.RJVMManager.findOrCreateRemoteInternal(RJVMManager.java:259)
	at weblogic.rjvm.RJVMManager.findOrCreate(RJVMManager.java:202)
	at weblogic.rjvm.RJVMFinder.findOrCreateRemoteServer(RJVMFinder.java:226)
	at weblogic.rjvm.RJVMFinder.findOrCreate(RJVMFinder.java:189)
	... 30 more
</error>
  </testcase>
  <testcase classname="test.com.inovis.mss.user.TestUserManager" name="testSaveUserFail" time="2.791">
    <error message="[USER-00101] Failed to get a reference to the Home interface of the UserFacade EJB. This is an EJB error that probably stems from an incorrect deployment, a network problem, or the failure of an EJB server." type="com.inovis.b2b.lib.exception.OperationFailedException">class com.inovis.b2b.lib.exception.OperationFailedException: [USER-00101] Failed to get a reference to the Home interface of the UserFacade EJB. This is an EJB error that probably stems from an incorrect deployment, a network problem, or the failure of an EJB server.
	at com.inovis.mss.user.defs.UserManagerImp.&lt;init&gt;(UserManagerImp.java:85)
	at com.inovis.mss.user.UserManager.getManager(UserManager.java:60)
	at test.com.inovis.mss.user.TestUserManager.setUp(TestUserManager.java:137)
Caused by: class com.inovis.b2b.lib.service.ServiceUnavailableException: [LIBP-00001] Unable to connect to naming service
	at com.inovis.b2b.lib.service.ServiceLocator.getInitialContext(ServiceLocator.java:214)
	at com.inovis.b2b.lib.service.ServiceLocator.&lt;init&gt;(ServiceLocator.java:183)
	at com.inovis.b2b.lib.service.ServiceLocator.getInstance(ServiceLocator.java:167)
	at com.inovis.b2b.lib.service.ServiceLocator.getInstance(ServiceLocator.java:150)
	at com.inovis.mss.user.defs.UserManagerImp.&lt;init&gt;(UserManagerImp.java:79)
	... 16 more
Caused by: javax.naming.CommunicationException [Root exception is java.net.ConnectException: t3://localhost:7001: Destination unreachable; nested exception is: 
	java.net.ConnectException: Connection refused: connect; No available router to destination]
	at weblogic.jndi.internal.ExceptionTranslator.toNamingException(ExceptionTranslator.java:49)
	at weblogic.jndi.WLInitialContextFactoryDelegate.toNamingException(WLInitialContextFactoryDelegate.java:765)
	at weblogic.jndi.WLInitialContextFactoryDelegate.getInitialContext(WLInitialContextFactoryDelegate.java:364)
	at weblogic.jndi.Environment.getContext(Environment.java:307)
	at weblogic.jndi.Environment.getContext(Environment.java:277)
	at weblogic.jndi.WLInitialContextFactory.getInitialContext(WLInitialContextFactory.java:117)
	at javax.naming.spi.NamingManager.getInitialContext(NamingManager.java:667)
	at javax.naming.InitialContext.getDefaultInitCtx(InitialContext.java:247)
	at javax.naming.InitialContext.init(InitialContext.java:223)
	at javax.naming.InitialContext.&lt;init&gt;(InitialContext.java:175)
	at com.inovis.b2b.lib.service.ServiceLocator.getInitialContext(ServiceLocator.java:206)
	... 20 more
Caused by: java.net.ConnectException: t3://localhost:7001: Destination unreachable; nested exception is: 
	java.net.ConnectException: Connection refused: connect; No available router to destination
	at weblogic.rjvm.RJVMFinder.findOrCreate(RJVMFinder.java:204)
	at weblogic.rjvm.ServerURL.findOrCreateRJVM(ServerURL.java:154)
	at weblogic.jndi.WLInitialContextFactoryDelegate.getInitialContext(WLInitialContextFactoryDelegate.java:349)
	... 28 more
Caused by: java.rmi.ConnectException: Destination unreachable; nested exception is: 
	java.net.ConnectException: Connection refused: connect; No available router to destination
	at weblogic.rjvm.ConnectionManager.bootstrap(ConnectionManager.java:472)
	at weblogic.rjvm.ConnectionManager.bootstrap(ConnectionManager.java:323)
	at weblogic.rjvm.RJVMManager.findOrCreateRemoteInternal(RJVMManager.java:259)
	at weblogic.rjvm.RJVMManager.findOrCreate(RJVMManager.java:202)
	at weblogic.rjvm.RJVMFinder.findOrCreateRemoteServer(RJVMFinder.java:226)
	at weblogic.rjvm.RJVMFinder.findOrCreate(RJVMFinder.java:189)
	... 30 more
</error>
  </testcase>
  <testcase classname="test.com.inovis.mss.user.TestUserManager" name="testCreateUserPass" time="2.449">
    <error message="[USER-00101] Failed to get a reference to the Home interface of the UserFacade EJB. This is an EJB error that probably stems from an incorrect deployment, a network problem, or the failure of an EJB server." type="com.inovis.b2b.lib.exception.OperationFailedException">class com.inovis.b2b.lib.exception.OperationFailedException: [USER-00101] Failed to get a reference to the Home interface of the UserFacade EJB. This is an EJB error that probably stems from an incorrect deployment, a network problem, or the failure of an EJB server.
	at com.inovis.mss.user.defs.UserManagerImp.&lt;init&gt;(UserManagerImp.java:85)
	at com.inovis.mss.user.UserManager.getManager(UserManager.java:60)
	at test.com.inovis.mss.user.TestUserManager.setUp(TestUserManager.java:137)
Caused by: class com.inovis.b2b.lib.service.ServiceUnavailableException: [LIBP-00001] Unable to connect to naming service
	at com.inovis.b2b.lib.service.ServiceLocator.getInitialContext(ServiceLocator.java:214)
	at com.inovis.b2b.lib.service.ServiceLocator.&lt;init&gt;(ServiceLocator.java:183)
	at com.inovis.b2b.lib.service.ServiceLocator.getInstance(ServiceLocator.java:167)
	at com.inovis.b2b.lib.service.ServiceLocator.getInstance(ServiceLocator.java:150)
	at com.inovis.mss.user.defs.UserManagerImp.&lt;init&gt;(UserManagerImp.java:79)
	... 16 more
Caused by: javax.naming.CommunicationException [Root exception is java.net.ConnectException: t3://localhost:7001: Destination unreachable; nested exception is: 
	java.net.ConnectException: Connection refused: connect; No available router to destination]
	at weblogic.jndi.internal.ExceptionTranslator.toNamingException(ExceptionTranslator.java:49)
	at weblogic.jndi.WLInitialContextFactoryDelegate.toNamingException(WLInitialContextFactoryDelegate.java:765)
	at weblogic.jndi.WLInitialContextFactoryDelegate.getInitialContext(WLInitialContextFactoryDelegate.java:364)
	at weblogic.jndi.Environment.getContext(Environment.java:307)
	at weblogic.jndi.Environment.getContext(Environment.java:277)
	at weblogic.jndi.WLInitialContextFactory.getInitialContext(WLInitialContextFactory.java:117)
	at javax.naming.spi.NamingManager.getInitialContext(NamingManager.java:667)
	at javax.naming.InitialContext.getDefaultInitCtx(InitialContext.java:247)
	at javax.naming.InitialContext.init(InitialContext.java:223)
	at javax.naming.InitialContext.&lt;init&gt;(InitialContext.java:175)
	at com.inovis.b2b.lib.service.ServiceLocator.getInitialContext(ServiceLocator.java:206)
	... 20 more
Caused by: java.net.ConnectException: t3://localhost:7001: Destination unreachable; nested exception is: 
	java.net.ConnectException: Connection refused: connect; No available router to destination
	at weblogic.rjvm.RJVMFinder.findOrCreate(RJVMFinder.java:204)
	at weblogic.rjvm.ServerURL.findOrCreateRJVM(ServerURL.java:154)
	at weblogic.jndi.WLInitialContextFactoryDelegate.getInitialContext(WLInitialContextFactoryDelegate.java:349)
	... 28 more
Caused by: java.rmi.ConnectException: Destination unreachable; nested exception is: 
	java.net.ConnectException: Connection refused: connect; No available router to destination
	at weblogic.rjvm.ConnectionManager.bootstrap(ConnectionManager.java:472)
	at weblogic.rjvm.ConnectionManager.bootstrap(ConnectionManager.java:323)
	at weblogic.rjvm.RJVMManager.findOrCreateRemoteInternal(RJVMManager.java:259)
	at weblogic.rjvm.RJVMManager.findOrCreate(RJVMManager.java:202)
	at weblogic.rjvm.RJVMFinder.findOrCreateRemoteServer(RJVMFinder.java:226)
	at weblogic.rjvm.RJVMFinder.findOrCreate(RJVMFinder.java:189)
	... 30 more
</error>
  </testcase>
  <testcase classname="test.com.inovis.mss.user.TestUserManager" name="testCreateUserFail" time="2.588">
    <error message="[USER-00101] Failed to get a reference to the Home interface of the UserFacade EJB. This is an EJB error that probably stems from an incorrect deployment, a network problem, or the failure of an EJB server." type="com.inovis.b2b.lib.exception.OperationFailedException">class com.inovis.b2b.lib.exception.OperationFailedException: [USER-00101] Failed to get a reference to the Home interface of the UserFacade EJB. This is an EJB error that probably stems from an incorrect deployment, a network problem, or the failure of an EJB server.
	at com.inovis.mss.user.defs.UserManagerImp.&lt;init&gt;(UserManagerImp.java:85)
	at com.inovis.mss.user.UserManager.getManager(UserManager.java:60)
	at test.com.inovis.mss.user.TestUserManager.setUp(TestUserManager.java:137)
Caused by: class com.inovis.b2b.lib.service.ServiceUnavailableException: [LIBP-00001] Unable to connect to naming service
	at com.inovis.b2b.lib.service.ServiceLocator.getInitialContext(ServiceLocator.java:214)
	at com.inovis.b2b.lib.service.ServiceLocator.&lt;init&gt;(ServiceLocator.java:183)
	at com.inovis.b2b.lib.service.ServiceLocator.getInstance(ServiceLocator.java:167)
	at com.inovis.b2b.lib.service.ServiceLocator.getInstance(ServiceLocator.java:150)
	at com.inovis.mss.user.defs.UserManagerImp.&lt;init&gt;(UserManagerImp.java:79)
	... 16 more
Caused by: javax.naming.CommunicationException [Root exception is java.net.ConnectException: t3://localhost:7001: Destination unreachable; nested exception is: 
	java.net.ConnectException: Connection refused: connect; No available router to destination]
	at weblogic.jndi.internal.ExceptionTranslator.toNamingException(ExceptionTranslator.java:49)
	at weblogic.jndi.WLInitialContextFactoryDelegate.toNamingException(WLInitialContextFactoryDelegate.java:765)
	at weblogic.jndi.WLInitialContextFactoryDelegate.getInitialContext(WLInitialContextFactoryDelegate.java:364)
	at weblogic.jndi.Environment.getContext(Environment.java:307)
	at weblogic.jndi.Environment.getContext(Environment.java:277)
	at weblogic.jndi.WLInitialContextFactory.getInitialContext(WLInitialContextFactory.java:117)
	at javax.naming.spi.NamingManager.getInitialContext(NamingManager.java:667)
	at javax.naming.InitialContext.getDefaultInitCtx(InitialContext.java:247)
	at javax.naming.InitialContext.init(InitialContext.java:223)
	at javax.naming.InitialContext.&lt;init&gt;(InitialContext.java:175)
	at com.inovis.b2b.lib.service.ServiceLocator.getInitialContext(ServiceLocator.java:206)
	... 20 more
Caused by: java.net.ConnectException: t3://localhost:7001: Destination unreachable; nested exception is: 
	java.net.ConnectException: Connection refused: connect; No available router to destination
	at weblogic.rjvm.RJVMFinder.findOrCreate(RJVMFinder.java:204)
	at weblogic.rjvm.ServerURL.findOrCreateRJVM(ServerURL.java:154)
	at weblogic.jndi.WLInitialContextFactoryDelegate.getInitialContext(WLInitialContextFactoryDelegate.java:349)
	... 28 more
Caused by: java.rmi.ConnectException: Destination unreachable; nested exception is: 
	java.net.ConnectException: Connection refused: connect; No available router to destination
	at weblogic.rjvm.ConnectionManager.bootstrap(ConnectionManager.java:472)
	at weblogic.rjvm.ConnectionManager.bootstrap(ConnectionManager.java:323)
	at weblogic.rjvm.RJVMManager.findOrCreateRemoteInternal(RJVMManager.java:259)
	at weblogic.rjvm.RJVMManager.findOrCreate(RJVMManager.java:202)
	at weblogic.rjvm.RJVMFinder.findOrCreateRemoteServer(RJVMFinder.java:226)
	at weblogic.rjvm.RJVMFinder.findOrCreate(RJVMFinder.java:189)
	... 30 more
</error>
  </testcase>
  <testcase classname="test.com.inovis.mss.user.TestUserManager" name="testCreateUserLoginID" time="2.495">
    <error message="[USER-00101] Failed to get a reference to the Home interface of the UserFacade EJB. This is an EJB error that probably stems from an incorrect deployment, a network problem, or the failure of an EJB server." type="com.inovis.b2b.lib.exception.OperationFailedException">class com.inovis.b2b.lib.exception.OperationFailedException: [USER-00101] Failed to get a reference to the Home interface of the UserFacade EJB. This is an EJB error that probably stems from an incorrect deployment, a network problem, or the failure of an EJB server.
	at com.inovis.mss.user.defs.UserManagerImp.&lt;init&gt;(UserManagerImp.java:85)
	at com.inovis.mss.user.UserManager.getManager(UserManager.java:60)
	at test.com.inovis.mss.user.TestUserManager.setUp(TestUserManager.java:137)
Caused by: class com.inovis.b2b.lib.service.ServiceUnavailableException: [LIBP-00001] Unable to connect to naming service
	at com.inovis.b2b.lib.service.ServiceLocator.getInitialContext(ServiceLocator.java:214)
	at com.inovis.b2b.lib.service.ServiceLocator.&lt;init&gt;(ServiceLocator.java:183)
	at com.inovis.b2b.lib.service.ServiceLocator.getInstance(ServiceLocator.java:167)
	at com.inovis.b2b.lib.service.ServiceLocator.getInstance(ServiceLocator.java:150)
	at com.inovis.mss.user.defs.UserManagerImp.&lt;init&gt;(UserManagerImp.java:79)
	... 16 more
Caused by: javax.naming.CommunicationException [Root exception is java.net.ConnectException: t3://localhost:7001: Destination unreachable; nested exception is: 
	java.net.ConnectException: Connection refused: connect; No available router to destination]
	at weblogic.jndi.internal.ExceptionTranslator.toNamingException(ExceptionTranslator.java:49)
	at weblogic.jndi.WLInitialContextFactoryDelegate.toNamingException(WLInitialContextFactoryDelegate.java:765)
	at weblogic.jndi.WLInitialContextFactoryDelegate.getInitialContext(WLInitialContextFactoryDelegate.java:364)
	at weblogic.jndi.Environment.getContext(Environment.java:307)
	at weblogic.jndi.Environment.getContext(Environment.java:277)
	at weblogic.jndi.WLInitialContextFactory.getInitialContext(WLInitialContextFactory.java:117)
	at javax.naming.spi.NamingManager.getInitialContext(NamingManager.java:667)
	at javax.naming.InitialContext.getDefaultInitCtx(InitialContext.java:247)
	at javax.naming.InitialContext.init(InitialContext.java:223)
	at javax.naming.InitialContext.&lt;init&gt;(InitialContext.java:175)
	at com.inovis.b2b.lib.service.ServiceLocator.getInitialContext(ServiceLocator.java:206)
	... 20 more
Caused by: java.net.ConnectException: t3://localhost:7001: Destination unreachable; nested exception is: 
	java.net.ConnectException: Connection refused: connect; No available router to destination
	at weblogic.rjvm.RJVMFinder.findOrCreate(RJVMFinder.java:204)
	at weblogic.rjvm.ServerURL.findOrCreateRJVM(ServerURL.java:154)
	at weblogic.jndi.WLInitialContextFactoryDelegate.getInitialContext(WLInitialContextFactoryDelegate.java:349)
	... 28 more
Caused by: java.rmi.ConnectException: Destination unreachable; nested exception is: 
	java.net.ConnectException: Connection refused: connect; No available router to destination
	at weblogic.rjvm.ConnectionManager.bootstrap(ConnectionManager.java:472)
	at weblogic.rjvm.ConnectionManager.bootstrap(ConnectionManager.java:323)
	at weblogic.rjvm.RJVMManager.findOrCreateRemoteInternal(RJVMManager.java:259)
	at weblogic.rjvm.RJVMManager.findOrCreate(RJVMManager.java:202)
	at weblogic.rjvm.RJVMFinder.findOrCreateRemoteServer(RJVMFinder.java:226)
	at weblogic.rjvm.RJVMFinder.findOrCreate(RJVMFinder.java:189)
	... 30 more
</error>
  </testcase>
  <testcase classname="test.com.inovis.mss.user.TestUserManager" name="testGetUserPass" time="1.965">
    <error message="[USER-00101] Failed to get a reference to the Home interface of the UserFacade EJB. This is an EJB error that probably stems from an incorrect deployment, a network problem, or the failure of an EJB server." type="com.inovis.b2b.lib.exception.OperationFailedException">class com.inovis.b2b.lib.exception.OperationFailedException: [USER-00101] Failed to get a reference to the Home interface of the UserFacade EJB. This is an EJB error that probably stems from an incorrect deployment, a network problem, or the failure of an EJB server.
	at com.inovis.mss.user.defs.UserManagerImp.&lt;init&gt;(UserManagerImp.java:85)
	at com.inovis.mss.user.UserManager.getManager(UserManager.java:60)
	at test.com.inovis.mss.user.TestUserManager.setUp(TestUserManager.java:137)
Caused by: class com.inovis.b2b.lib.service.ServiceUnavailableException: [LIBP-00001] Unable to connect to naming service
	at com.inovis.b2b.lib.service.ServiceLocator.getInitialContext(ServiceLocator.java:214)
	at com.inovis.b2b.lib.service.ServiceLocator.&lt;init&gt;(ServiceLocator.java:183)
	at com.inovis.b2b.lib.service.ServiceLocator.getInstance(ServiceLocator.java:167)
	at com.inovis.b2b.lib.service.ServiceLocator.getInstance(ServiceLocator.java:150)
	at com.inovis.mss.user.defs.UserManagerImp.&lt;init&gt;(UserManagerImp.java:79)
	... 16 more
Caused by: javax.naming.CommunicationException [Root exception is java.net.ConnectException: t3://localhost:7001: Destination unreachable; nested exception is: 
	java.net.ConnectException: Connection refused: connect; No available router to destination]
	at weblogic.jndi.internal.ExceptionTranslator.toNamingException(ExceptionTranslator.java:49)
	at weblogic.jndi.WLInitialContextFactoryDelegate.toNamingException(WLInitialContextFactoryDelegate.java:765)
	at weblogic.jndi.WLInitialContextFactoryDelegate.getInitialContext(WLInitialContextFactoryDelegate.java:364)
	at weblogic.jndi.Environment.getContext(Environment.java:307)
	at weblogic.jndi.Environment.getContext(Environment.java:277)
	at weblogic.jndi.WLInitialContextFactory.getInitialContext(WLInitialContextFactory.java:117)
	at javax.naming.spi.NamingManager.getInitialContext(NamingManager.java:667)
	at javax.naming.InitialContext.getDefaultInitCtx(InitialContext.java:247)
	at javax.naming.InitialContext.init(InitialContext.java:223)
	at javax.naming.InitialContext.&lt;init&gt;(InitialContext.java:175)
	at com.inovis.b2b.lib.service.ServiceLocator.getInitialContext(ServiceLocator.java:206)
	... 20 more
Caused by: java.net.ConnectException: t3://localhost:7001: Destination unreachable; nested exception is: 
	java.net.ConnectException: Connection refused: connect; No available router to destination
	at weblogic.rjvm.RJVMFinder.findOrCreate(RJVMFinder.java:204)
	at weblogic.rjvm.ServerURL.findOrCreateRJVM(ServerURL.java:154)
	at weblogic.jndi.WLInitialContextFactoryDelegate.getInitialContext(WLInitialContextFactoryDelegate.java:349)
	... 28 more
Caused by: java.rmi.ConnectException: Destination unreachable; nested exception is: 
	java.net.ConnectException: Connection refused: connect; No available router to destination
	at weblogic.rjvm.ConnectionManager.bootstrap(ConnectionManager.java:472)
	at weblogic.rjvm.ConnectionManager.bootstrap(ConnectionManager.java:323)
	at weblogic.rjvm.RJVMManager.findOrCreateRemoteInternal(RJVMManager.java:259)
	at weblogic.rjvm.RJVMManager.findOrCreate(RJVMManager.java:202)
	at weblogic.rjvm.RJVMFinder.findOrCreateRemoteServer(RJVMFinder.java:226)
	at weblogic.rjvm.RJVMFinder.findOrCreate(RJVMFinder.java:189)
	... 30 more
</error>
  </testcase>
  <testcase classname="test.com.inovis.mss.user.TestUserManager" name="testSaveUserRole1" time="2.355">
    <error message="[USER-00101] Failed to get a reference to the Home interface of the UserFacade EJB. This is an EJB error that probably stems from an incorrect deployment, a network problem, or the failure of an EJB server." type="com.inovis.b2b.lib.exception.OperationFailedException">class com.inovis.b2b.lib.exception.OperationFailedException: [USER-00101] Failed to get a reference to the Home interface of the UserFacade EJB. This is an EJB error that probably stems from an incorrect deployment, a network problem, or the failure of an EJB server.
	at com.inovis.mss.user.defs.UserManagerImp.&lt;init&gt;(UserManagerImp.java:85)
	at com.inovis.mss.user.UserManager.getManager(UserManager.java:60)
	at test.com.inovis.mss.user.TestUserManager.setUp(TestUserManager.java:137)
Caused by: class com.inovis.b2b.lib.service.ServiceUnavailableException: [LIBP-00001] Unable to connect to naming service
	at com.inovis.b2b.lib.service.ServiceLocator.getInitialContext(ServiceLocator.java:214)
	at com.inovis.b2b.lib.service.ServiceLocator.&lt;init&gt;(ServiceLocator.java:183)
	at com.inovis.b2b.lib.service.ServiceLocator.getInstance(ServiceLocator.java:167)
	at com.inovis.b2b.lib.service.ServiceLocator.getInstance(ServiceLocator.java:150)
	at com.inovis.mss.user.defs.UserManagerImp.&lt;init&gt;(UserManagerImp.java:79)
	... 16 more
Caused by: javax.naming.CommunicationException [Root exception is java.net.ConnectException: t3://localhost:7001: Destination unreachable; nested exception is: 
	java.net.ConnectException: Connection refused: connect; No available router to destination]
	at weblogic.jndi.internal.ExceptionTranslator.toNamingException(ExceptionTranslator.java:49)
	at weblogic.jndi.WLInitialContextFactoryDelegate.toNamingException(WLInitialContextFactoryDelegate.java:765)
	at weblogic.jndi.WLInitialContextFactoryDelegate.getInitialContext(WLInitialContextFactoryDelegate.java:364)
	at weblogic.jndi.Environment.getContext(Environment.java:307)
	at weblogic.jndi.Environment.getContext(Environment.java:277)
	at weblogic.jndi.WLInitialContextFactory.getInitialContext(WLInitialContextFactory.java:117)
	at javax.naming.spi.NamingManager.getInitialContext(NamingManager.java:667)
	at javax.naming.InitialContext.getDefaultInitCtx(InitialContext.java:247)
	at javax.naming.InitialContext.init(InitialContext.java:223)
	at javax.naming.InitialContext.&lt;init&gt;(InitialContext.java:175)
	at com.inovis.b2b.lib.service.ServiceLocator.getInitialContext(ServiceLocator.java:206)
	... 20 more
Caused by: java.net.ConnectException: t3://localhost:7001: Destination unreachable; nested exception is: 
	java.net.ConnectException: Connection refused: connect; No available router to destination
	at weblogic.rjvm.RJVMFinder.findOrCreate(RJVMFinder.java:204)
	at weblogic.rjvm.ServerURL.findOrCreateRJVM(ServerURL.java:154)
	at weblogic.jndi.WLInitialContextFactoryDelegate.getInitialContext(WLInitialContextFactoryDelegate.java:349)
	... 28 more
Caused by: java.rmi.ConnectException: Destination unreachable; nested exception is: 
	java.net.ConnectException: Connection refused: connect; No available router to destination
	at weblogic.rjvm.ConnectionManager.bootstrap(ConnectionManager.java:472)
	at weblogic.rjvm.ConnectionManager.bootstrap(ConnectionManager.java:323)
	at weblogic.rjvm.RJVMManager.findOrCreateRemoteInternal(RJVMManager.java:259)
	at weblogic.rjvm.RJVMManager.findOrCreate(RJVMManager.java:202)
	at weblogic.rjvm.RJVMFinder.findOrCreateRemoteServer(RJVMFinder.java:226)
	at weblogic.rjvm.RJVMFinder.findOrCreate(RJVMFinder.java:189)
	... 30 more
</error>
  </testcase>
  <testcase classname="test.com.inovis.mss.user.TestUserManager" name="testSaveUserQuestion1" time="2.776">
    <error message="[USER-00101] Failed to get a reference to the Home interface of the UserFacade EJB. This is an EJB error that probably stems from an incorrect deployment, a network problem, or the failure of an EJB server." type="com.inovis.b2b.lib.exception.OperationFailedException">class com.inovis.b2b.lib.exception.OperationFailedException: [USER-00101] Failed to get a reference to the Home interface of the UserFacade EJB. This is an EJB error that probably stems from an incorrect deployment, a network problem, or the failure of an EJB server.
	at com.inovis.mss.user.defs.UserManagerImp.&lt;init&gt;(UserManagerImp.java:85)
	at com.inovis.mss.user.UserManager.getManager(UserManager.java:60)
	at test.com.inovis.mss.user.TestUserManager.setUp(TestUserManager.java:137)
Caused by: class com.inovis.b2b.lib.service.ServiceUnavailableException: [LIBP-00001] Unable to connect to naming service
	at com.inovis.b2b.lib.service.ServiceLocator.getInitialContext(ServiceLocator.java:214)
	at com.inovis.b2b.lib.service.ServiceLocator.&lt;init&gt;(ServiceLocator.java:183)
	at com.inovis.b2b.lib.service.ServiceLocator.getInstance(ServiceLocator.java:167)
	at com.inovis.b2b.lib.service.ServiceLocator.getInstance(ServiceLocator.java:150)
	at com.inovis.mss.user.defs.UserManagerImp.&lt;init&gt;(UserManagerImp.java:79)
	... 16 more
Caused by: javax.naming.CommunicationException [Root exception is java.net.ConnectException: t3://localhost:7001: Destination unreachable; nested exception is: 
	java.net.ConnectException: Connection refused: connect; No available router to destination]
	at weblogic.jndi.internal.ExceptionTranslator.toNamingException(ExceptionTranslator.java:49)
	at weblogic.jndi.WLInitialContextFactoryDelegate.toNamingException(WLInitialContextFactoryDelegate.java:765)
	at weblogic.jndi.WLInitialContextFactoryDelegate.getInitialContext(WLInitialContextFactoryDelegate.java:364)
	at weblogic.jndi.Environment.getContext(Environment.java:307)
	at weblogic.jndi.Environment.getContext(Environment.java:277)
	at weblogic.jndi.WLInitialContextFactory.getInitialContext(WLInitialContextFactory.java:117)
	at javax.naming.spi.NamingManager.getInitialContext(NamingManager.java:667)
	at javax.naming.InitialContext.getDefaultInitCtx(InitialContext.java:247)
	at javax.naming.InitialContext.init(InitialContext.java:223)
	at javax.naming.InitialContext.&lt;init&gt;(InitialContext.java:175)
	at com.inovis.b2b.lib.service.ServiceLocator.getInitialContext(ServiceLocator.java:206)
	... 20 more
Caused by: java.net.ConnectException: t3://localhost:7001: Destination unreachable; nested exception is: 
	java.net.ConnectException: Connection refused: connect; No available router to destination
	at weblogic.rjvm.RJVMFinder.findOrCreate(RJVMFinder.java:204)
	at weblogic.rjvm.ServerURL.findOrCreateRJVM(ServerURL.java:154)
	at weblogic.jndi.WLInitialContextFactoryDelegate.getInitialContext(WLInitialContextFactoryDelegate.java:349)
	... 28 more
Caused by: java.rmi.ConnectException: Destination unreachable; nested exception is: 
	java.net.ConnectException: Connection refused: connect; No available router to destination
	at weblogic.rjvm.ConnectionManager.bootstrap(ConnectionManager.java:472)
	at weblogic.rjvm.ConnectionManager.bootstrap(ConnectionManager.java:323)
	at weblogic.rjvm.RJVMManager.findOrCreateRemoteInternal(RJVMManager.java:259)
	at weblogic.rjvm.RJVMManager.findOrCreate(RJVMManager.java:202)
	at weblogic.rjvm.RJVMFinder.findOrCreateRemoteServer(RJVMFinder.java:226)
	at weblogic.rjvm.RJVMFinder.findOrCreate(RJVMFinder.java:189)
	... 30 more
</error>
  </testcase>
  <testcase classname="test.com.inovis.mss.user.TestUserManager" name="testGetInternalUsers" time="2.776">
    <error message="[USER-00101] Failed to get a reference to the Home interface of the UserFacade EJB. This is an EJB error that probably stems from an incorrect deployment, a network problem, or the failure of an EJB server." type="com.inovis.b2b.lib.exception.OperationFailedException">class com.inovis.b2b.lib.exception.OperationFailedException: [USER-00101] Failed to get a reference to the Home interface of the UserFacade EJB. This is an EJB error that probably stems from an incorrect deployment, a network problem, or the failure of an EJB server.
	at com.inovis.mss.user.defs.UserManagerImp.&lt;init&gt;(UserManagerImp.java:85)
	at com.inovis.mss.user.UserManager.getManager(UserManager.java:60)
	at test.com.inovis.mss.user.TestUserManager.setUp(TestUserManager.java:137)
Caused by: class com.inovis.b2b.lib.service.ServiceUnavailableException: [LIBP-00001] Unable to connect to naming service
	at com.inovis.b2b.lib.service.ServiceLocator.getInitialContext(ServiceLocator.java:214)
	at com.inovis.b2b.lib.service.ServiceLocator.&lt;init&gt;(ServiceLocator.java:183)
	at com.inovis.b2b.lib.service.ServiceLocator.getInstance(ServiceLocator.java:167)
	at com.inovis.b2b.lib.service.ServiceLocator.getInstance(ServiceLocator.java:150)
	at com.inovis.mss.user.defs.UserManagerImp.&lt;init&gt;(UserManagerImp.java:79)
	... 16 more
Caused by: javax.naming.CommunicationException [Root exception is java.net.ConnectException: t3://localhost:7001: Destination unreachable; nested exception is: 
	java.net.ConnectException: Connection refused: connect; No available router to destination]
	at weblogic.jndi.internal.ExceptionTranslator.toNamingException(ExceptionTranslator.java:49)
	at weblogic.jndi.WLInitialContextFactoryDelegate.toNamingException(WLInitialContextFactoryDelegate.java:765)
	at weblogic.jndi.WLInitialContextFactoryDelegate.getInitialContext(WLInitialContextFactoryDelegate.java:364)
	at weblogic.jndi.Environment.getContext(Environment.java:307)
	at weblogic.jndi.Environment.getContext(Environment.java:277)
	at weblogic.jndi.WLInitialContextFactory.getInitialContext(WLInitialContextFactory.java:117)
	at javax.naming.spi.NamingManager.getInitialContext(NamingManager.java:667)
	at javax.naming.InitialContext.getDefaultInitCtx(InitialContext.java:247)
	at javax.naming.InitialContext.init(InitialContext.java:223)
	at javax.naming.InitialContext.&lt;init&gt;(InitialContext.java:175)
	at com.inovis.b2b.lib.service.ServiceLocator.getInitialContext(ServiceLocator.java:206)
	... 20 more
Caused by: java.net.ConnectException: t3://localhost:7001: Destination unreachable; nested exception is: 
	java.net.ConnectException: Connection refused: connect; No available router to destination
	at weblogic.rjvm.RJVMFinder.findOrCreate(RJVMFinder.java:204)
	at weblogic.rjvm.ServerURL.findOrCreateRJVM(ServerURL.java:154)
	at weblogic.jndi.WLInitialContextFactoryDelegate.getInitialContext(WLInitialContextFactoryDelegate.java:349)
	... 28 more
Caused by: java.rmi.ConnectException: Destination unreachable; nested exception is: 
	java.net.ConnectException: Connection refused: connect; No available router to destination
	at weblogic.rjvm.ConnectionManager.bootstrap(ConnectionManager.java:472)
	at weblogic.rjvm.ConnectionManager.bootstrap(ConnectionManager.java:323)
	at weblogic.rjvm.RJVMManager.findOrCreateRemoteInternal(RJVMManager.java:259)
	at weblogic.rjvm.RJVMManager.findOrCreate(RJVMManager.java:202)
	at weblogic.rjvm.RJVMFinder.findOrCreateRemoteServer(RJVMFinder.java:226)
	at weblogic.rjvm.RJVMFinder.findOrCreate(RJVMFinder.java:189)
	... 30 more
</error>
  </testcase>
  <testcase classname="test.com.inovis.mss.user.TestUserManager" name="testSaveUserPass1" time="2.464">
    <error message="[USER-00101] Failed to get a reference to the Home interface of the UserFacade EJB. This is an EJB error that probably stems from an incorrect deployment, a network problem, or the failure of an EJB server." type="com.inovis.b2b.lib.exception.OperationFailedException">class com.inovis.b2b.lib.exception.OperationFailedException: [USER-00101] Failed to get a reference to the Home interface of the UserFacade EJB. This is an EJB error that probably stems from an incorrect deployment, a network problem, or the failure of an EJB server.
	at com.inovis.mss.user.defs.UserManagerImp.&lt;init&gt;(UserManagerImp.java:85)
	at com.inovis.mss.user.UserManager.getManager(UserManager.java:60)
	at test.com.inovis.mss.user.TestUserManager.setUp(TestUserManager.java:137)
Caused by: class com.inovis.b2b.lib.service.ServiceUnavailableException: [LIBP-00001] Unable to connect to naming service
	at com.inovis.b2b.lib.service.ServiceLocator.getInitialContext(ServiceLocator.java:214)
	at com.inovis.b2b.lib.service.ServiceLocator.&lt;init&gt;(ServiceLocator.java:183)
	at com.inovis.b2b.lib.service.ServiceLocator.getInstance(ServiceLocator.java:167)
	at com.inovis.b2b.lib.service.ServiceLocator.getInstance(ServiceLocator.java:150)
	at com.inovis.mss.user.defs.UserManagerImp.&lt;init&gt;(UserManagerImp.java:79)
	... 16 more
Caused by: javax.naming.CommunicationException [Root exception is java.net.ConnectException: t3://localhost:7001: Destination unreachable; nested exception is: 
	java.net.ConnectException: Connection refused: connect; No available router to destination]
	at weblogic.jndi.internal.ExceptionTranslator.toNamingException(ExceptionTranslator.java:49)
	at weblogic.jndi.WLInitialContextFactoryDelegate.toNamingException(WLInitialContextFactoryDelegate.java:765)
	at weblogic.jndi.WLInitialContextFactoryDelegate.getInitialContext(WLInitialContextFactoryDelegate.java:364)
	at weblogic.jndi.Environment.getContext(Environment.java:307)
	at weblogic.jndi.Environment.getContext(Environment.java:277)
	at weblogic.jndi.WLInitialContextFactory.getInitialContext(WLInitialContextFactory.java:117)
	at javax.naming.spi.NamingManager.getInitialContext(NamingManager.java:667)
	at javax.naming.InitialContext.getDefaultInitCtx(InitialContext.java:247)
	at javax.naming.InitialContext.init(InitialContext.java:223)
	at javax.naming.InitialContext.&lt;init&gt;(InitialContext.java:175)
	at com.inovis.b2b.lib.service.ServiceLocator.getInitialContext(ServiceLocator.java:206)
	... 20 more
Caused by: java.net.ConnectException: t3://localhost:7001: Destination unreachable; nested exception is: 
	java.net.ConnectException: Connection refused: connect; No available router to destination
	at weblogic.rjvm.RJVMFinder.findOrCreate(RJVMFinder.java:204)
	at weblogic.rjvm.ServerURL.findOrCreateRJVM(ServerURL.java:154)
	at weblogic.jndi.WLInitialContextFactoryDelegate.getInitialContext(WLInitialContextFactoryDelegate.java:349)
	... 28 more
Caused by: java.rmi.ConnectException: Destination unreachable; nested exception is: 
	java.net.ConnectException: Connection refused: connect; No available router to destination
	at weblogic.rjvm.ConnectionManager.bootstrap(ConnectionManager.java:472)
	at weblogic.rjvm.ConnectionManager.bootstrap(ConnectionManager.java:323)
	at weblogic.rjvm.RJVMManager.findOrCreateRemoteInternal(RJVMManager.java:259)
	at weblogic.rjvm.RJVMManager.findOrCreate(RJVMManager.java:202)
	at weblogic.rjvm.RJVMFinder.findOrCreateRemoteServer(RJVMFinder.java:226)
	at weblogic.rjvm.RJVMFinder.findOrCreate(RJVMFinder.java:189)
	... 30 more
</error>
  </testcase>
  <testcase classname="test.com.inovis.mss.user.TestUserManager" name="testGetUserPass2" time="2.682">
    <error message="[USER-00101] Failed to get a reference to the Home interface of the UserFacade EJB. This is an EJB error that probably stems from an incorrect deployment, a network problem, or the failure of an EJB server." type="com.inovis.b2b.lib.exception.OperationFailedException">class com.inovis.b2b.lib.exception.OperationFailedException: [USER-00101] Failed to get a reference to the Home interface of the UserFacade EJB. This is an EJB error that probably stems from an incorrect deployment, a network problem, or the failure of an EJB server.
	at com.inovis.mss.user.defs.UserManagerImp.&lt;init&gt;(UserManagerImp.java:85)
	at com.inovis.mss.user.UserManager.getManager(UserManager.java:60)
	at test.com.inovis.mss.user.TestUserManager.setUp(TestUserManager.java:137)
Caused by: class com.inovis.b2b.lib.service.ServiceUnavailableException: [LIBP-00001] Unable to connect to naming service
	at com.inovis.b2b.lib.service.ServiceLocator.getInitialContext(ServiceLocator.java:214)
	at com.inovis.b2b.lib.service.ServiceLocator.&lt;init&gt;(ServiceLocator.java:183)
	at com.inovis.b2b.lib.service.ServiceLocator.getInstance(ServiceLocator.java:167)
	at com.inovis.b2b.lib.service.ServiceLocator.getInstance(ServiceLocator.java:150)
	at com.inovis.mss.user.defs.UserManagerImp.&lt;init&gt;(UserManagerImp.java:79)
	... 16 more
Caused by: javax.naming.CommunicationException [Root exception is java.net.ConnectException: t3://localhost:7001: Destination unreachable; nested exception is: 
	java.net.ConnectException: Connection refused: connect; No available router to destination]
	at weblogic.jndi.internal.ExceptionTranslator.toNamingException(ExceptionTranslator.java:49)
	at weblogic.jndi.WLInitialContextFactoryDelegate.toNamingException(WLInitialContextFactoryDelegate.java:765)
	at weblogic.jndi.WLInitialContextFactoryDelegate.getInitialContext(WLInitialContextFactoryDelegate.java:364)
	at weblogic.jndi.Environment.getContext(Environment.java:307)
	at weblogic.jndi.Environment.getContext(Environment.java:277)
	at weblogic.jndi.WLInitialContextFactory.getInitialContext(WLInitialContextFactory.java:117)
	at javax.naming.spi.NamingManager.getInitialContext(NamingManager.java:667)
	at javax.naming.InitialContext.getDefaultInitCtx(InitialContext.java:247)
	at javax.naming.InitialContext.init(InitialContext.java:223)
	at javax.naming.InitialContext.&lt;init&gt;(InitialContext.java:175)
	at com.inovis.b2b.lib.service.ServiceLocator.getInitialContext(ServiceLocator.java:206)
	... 20 more
Caused by: java.net.ConnectException: t3://localhost:7001: Destination unreachable; nested exception is: 
	java.net.ConnectException: Connection refused: connect; No available router to destination
	at weblogic.rjvm.RJVMFinder.findOrCreate(RJVMFinder.java:204)
	at weblogic.rjvm.ServerURL.findOrCreateRJVM(ServerURL.java:154)
	at weblogic.jndi.WLInitialContextFactoryDelegate.getInitialContext(WLInitialContextFactoryDelegate.java:349)
	... 28 more
Caused by: java.rmi.ConnectException: Destination unreachable; nested exception is: 
	java.net.ConnectException: Connection refused: connect; No available router to destination
	at weblogic.rjvm.ConnectionManager.bootstrap(ConnectionManager.java:472)
	at weblogic.rjvm.ConnectionManager.bootstrap(ConnectionManager.java:323)
	at weblogic.rjvm.RJVMManager.findOrCreateRemoteInternal(RJVMManager.java:259)
	at weblogic.rjvm.RJVMManager.findOrCreate(RJVMManager.java:202)
	at weblogic.rjvm.RJVMFinder.findOrCreateRemoteServer(RJVMFinder.java:226)
	at weblogic.rjvm.RJVMFinder.findOrCreate(RJVMFinder.java:189)
	... 30 more
</error>
  </testcase>
  <testcase classname="test.com.inovis.mss.user.TestUserManager" name="testSaveUserPass3" time="2.869">
    <error message="[USER-00101] Failed to get a reference to the Home interface of the UserFacade EJB. This is an EJB error that probably stems from an incorrect deployment, a network problem, or the failure of an EJB server." type="com.inovis.b2b.lib.exception.OperationFailedException">class com.inovis.b2b.lib.exception.OperationFailedException: [USER-00101] Failed to get a reference to the Home interface of the UserFacade EJB. This is an EJB error that probably stems from an incorrect deployment, a network problem, or the failure of an EJB server.
	at com.inovis.mss.user.defs.UserManagerImp.&lt;init&gt;(UserManagerImp.java:85)
	at com.inovis.mss.user.UserManager.getManager(UserManager.java:60)
	at test.com.inovis.mss.user.TestUserManager.setUp(TestUserManager.java:137)
Caused by: class com.inovis.b2b.lib.service.ServiceUnavailableException: [LIBP-00001] Unable to connect to naming service
	at com.inovis.b2b.lib.service.ServiceLocator.getInitialContext(ServiceLocator.java:214)
	at com.inovis.b2b.lib.service.ServiceLocator.&lt;init&gt;(ServiceLocator.java:183)
	at com.inovis.b2b.lib.service.ServiceLocator.getInstance(ServiceLocator.java:167)
	at com.inovis.b2b.lib.service.ServiceLocator.getInstance(ServiceLocator.java:150)
	at com.inovis.mss.user.defs.UserManagerImp.&lt;init&gt;(UserManagerImp.java:79)
	... 16 more
Caused by: javax.naming.CommunicationException [Root exception is java.net.ConnectException: t3://localhost:7001: Destination unreachable; nested exception is: 
	java.net.ConnectException: Connection refused: connect; No available router to destination]
	at weblogic.jndi.internal.ExceptionTranslator.toNamingException(ExceptionTranslator.java:49)
	at weblogic.jndi.WLInitialContextFactoryDelegate.toNamingException(WLInitialContextFactoryDelegate.java:765)
	at weblogic.jndi.WLInitialContextFactoryDelegate.getInitialContext(WLInitialContextFactoryDelegate.java:364)
	at weblogic.jndi.Environment.getContext(Environment.java:307)
	at weblogic.jndi.Environment.getContext(Environment.java:277)
	at weblogic.jndi.WLInitialContextFactory.getInitialContext(WLInitialContextFactory.java:117)
	at javax.naming.spi.NamingManager.getInitialContext(NamingManager.java:667)
	at javax.naming.InitialContext.getDefaultInitCtx(InitialContext.java:247)
	at javax.naming.InitialContext.init(InitialContext.java:223)
	at javax.naming.InitialContext.&lt;init&gt;(InitialContext.java:175)
	at com.inovis.b2b.lib.service.ServiceLocator.getInitialContext(ServiceLocator.java:206)
	... 20 more
Caused by: java.net.ConnectException: t3://localhost:7001: Destination unreachable; nested exception is: 
	java.net.ConnectException: Connection refused: connect; No available router to destination
	at weblogic.rjvm.RJVMFinder.findOrCreate(RJVMFinder.java:204)
	at weblogic.rjvm.ServerURL.findOrCreateRJVM(ServerURL.java:154)
	at weblogic.jndi.WLInitialContextFactoryDelegate.getInitialContext(WLInitialContextFactoryDelegate.java:349)
	... 28 more
Caused by: java.rmi.ConnectException: Destination unreachable; nested exception is: 
	java.net.ConnectException: Connection refused: connect; No available router to destination
	at weblogic.rjvm.ConnectionManager.bootstrap(ConnectionManager.java:472)
	at weblogic.rjvm.ConnectionManager.bootstrap(ConnectionManager.java:323)
	at weblogic.rjvm.RJVMManager.findOrCreateRemoteInternal(RJVMManager.java:259)
	at weblogic.rjvm.RJVMManager.findOrCreate(RJVMManager.java:202)
	at weblogic.rjvm.RJVMFinder.findOrCreateRemoteServer(RJVMFinder.java:226)
	at weblogic.rjvm.RJVMFinder.findOrCreate(RJVMFinder.java:189)
	... 30 more
</error>
  </testcase>
  <testcase classname="test.com.inovis.mss.user.TestUserManager" name="testSaveUserPass4" time="2.979">
    <error message="[USER-00101] Failed to get a reference to the Home interface of the UserFacade EJB. This is an EJB error that probably stems from an incorrect deployment, a network problem, or the failure of an EJB server." type="com.inovis.b2b.lib.exception.OperationFailedException">class com.inovis.b2b.lib.exception.OperationFailedException: [USER-00101] Failed to get a reference to the Home interface of the UserFacade EJB. This is an EJB error that probably stems from an incorrect deployment, a network problem, or the failure of an EJB server.
	at com.inovis.mss.user.defs.UserManagerImp.&lt;init&gt;(UserManagerImp.java:85)
	at com.inovis.mss.user.UserManager.getManager(UserManager.java:60)
	at test.com.inovis.mss.user.TestUserManager.setUp(TestUserManager.java:137)
Caused by: class com.inovis.b2b.lib.service.ServiceUnavailableException: [LIBP-00001] Unable to connect to naming service
	at com.inovis.b2b.lib.service.ServiceLocator.getInitialContext(ServiceLocator.java:214)
	at com.inovis.b2b.lib.service.ServiceLocator.&lt;init&gt;(ServiceLocator.java:183)
	at com.inovis.b2b.lib.service.ServiceLocator.getInstance(ServiceLocator.java:167)
	at com.inovis.b2b.lib.service.ServiceLocator.getInstance(ServiceLocator.java:150)
	at com.inovis.mss.user.defs.UserManagerImp.&lt;init&gt;(UserManagerImp.java:79)
	... 16 more
Caused by: javax.naming.CommunicationException [Root exception is java.net.ConnectException: t3://localhost:7001: Destination unreachable; nested exception is: 
	java.net.ConnectException: Connection refused: connect; No available router to destination]
	at weblogic.jndi.internal.ExceptionTranslator.toNamingException(ExceptionTranslator.java:49)
	at weblogic.jndi.WLInitialContextFactoryDelegate.toNamingException(WLInitialContextFactoryDelegate.java:765)
	at weblogic.jndi.WLInitialContextFactoryDelegate.getInitialContext(WLInitialContextFactoryDelegate.java:364)
	at weblogic.jndi.Environment.getContext(Environment.java:307)
	at weblogic.jndi.Environment.getContext(Environment.java:277)
	at weblogic.jndi.WLInitialContextFactory.getInitialContext(WLInitialContextFactory.java:117)
	at javax.naming.spi.NamingManager.getInitialContext(NamingManager.java:667)
	at javax.naming.InitialContext.getDefaultInitCtx(InitialContext.java:247)
	at javax.naming.InitialContext.init(InitialContext.java:223)
	at javax.naming.InitialContext.&lt;init&gt;(InitialContext.java:175)
	at com.inovis.b2b.lib.service.ServiceLocator.getInitialContext(ServiceLocator.java:206)
	... 20 more
Caused by: java.net.ConnectException: t3://localhost:7001: Destination unreachable; nested exception is: 
	java.net.ConnectException: Connection refused: connect; No available router to destination
	at weblogic.rjvm.RJVMFinder.findOrCreate(RJVMFinder.java:204)
	at weblogic.rjvm.ServerURL.findOrCreateRJVM(ServerURL.java:154)
	at weblogic.jndi.WLInitialContextFactoryDelegate.getInitialContext(WLInitialContextFactoryDelegate.java:349)
	... 28 more
Caused by: java.rmi.ConnectException: Destination unreachable; nested exception is: 
	java.net.ConnectException: Connection refused: connect; No available router to destination
	at weblogic.rjvm.ConnectionManager.bootstrap(ConnectionManager.java:472)
	at weblogic.rjvm.ConnectionManager.bootstrap(ConnectionManager.java:323)
	at weblogic.rjvm.RJVMManager.findOrCreateRemoteInternal(RJVMManager.java:259)
	at weblogic.rjvm.RJVMManager.findOrCreate(RJVMManager.java:202)
	at weblogic.rjvm.RJVMFinder.findOrCreateRemoteServer(RJVMFinder.java:226)
	at weblogic.rjvm.RJVMFinder.findOrCreate(RJVMFinder.java:189)
	... 30 more
</error>
  </testcase>
  <testcase classname="test.com.inovis.mss.user.TestUserManager" name="testGetUserPass3" time="3.103">
    <error message="[USER-00101] Failed to get a reference to the Home interface of the UserFacade EJB. This is an EJB error that probably stems from an incorrect deployment, a network problem, or the failure of an EJB server." type="com.inovis.b2b.lib.exception.OperationFailedException">class com.inovis.b2b.lib.exception.OperationFailedException: [USER-00101] Failed to get a reference to the Home interface of the UserFacade EJB. This is an EJB error that probably stems from an incorrect deployment, a network problem, or the failure of an EJB server.
	at com.inovis.mss.user.defs.UserManagerImp.&lt;init&gt;(UserManagerImp.java:85)
	at com.inovis.mss.user.UserManager.getManager(UserManager.java:60)
	at test.com.inovis.mss.user.TestUserManager.setUp(TestUserManager.java:137)
Caused by: class com.inovis.b2b.lib.service.ServiceUnavailableException: [LIBP-00001] Unable to connect to naming service
	at com.inovis.b2b.lib.service.ServiceLocator.getInitialContext(ServiceLocator.java:214)
	at com.inovis.b2b.lib.service.ServiceLocator.&lt;init&gt;(ServiceLocator.java:183)
	at com.inovis.b2b.lib.service.ServiceLocator.getInstance(ServiceLocator.java:167)
	at com.inovis.b2b.lib.service.ServiceLocator.getInstance(ServiceLocator.java:150)
	at com.inovis.mss.user.defs.UserManagerImp.&lt;init&gt;(UserManagerImp.java:79)
	... 16 more
Caused by: javax.naming.CommunicationException [Root exception is java.net.ConnectException: t3://localhost:7001: Destination unreachable; nested exception is: 
	java.net.ConnectException: Connection refused: connect; No available router to destination]
	at weblogic.jndi.internal.ExceptionTranslator.toNamingException(ExceptionTranslator.java:49)
	at weblogic.jndi.WLInitialContextFactoryDelegate.toNamingException(WLInitialContextFactoryDelegate.java:765)
	at weblogic.jndi.WLInitialContextFactoryDelegate.getInitialContext(WLInitialContextFactoryDelegate.java:364)
	at weblogic.jndi.Environment.getContext(Environment.java:307)
	at weblogic.jndi.Environment.getContext(Environment.java:277)
	at weblogic.jndi.WLInitialContextFactory.getInitialContext(WLInitialContextFactory.java:117)
	at javax.naming.spi.NamingManager.getInitialContext(NamingManager.java:667)
	at javax.naming.InitialContext.getDefaultInitCtx(InitialContext.java:247)
	at javax.naming.InitialContext.init(InitialContext.java:223)
	at javax.naming.InitialContext.&lt;init&gt;(InitialContext.java:175)
	at com.inovis.b2b.lib.service.ServiceLocator.getInitialContext(ServiceLocator.java:206)
	... 20 more
Caused by: java.net.ConnectException: t3://localhost:7001: Destination unreachable; nested exception is: 
	java.net.ConnectException: Connection refused: connect; No available router to destination
	at weblogic.rjvm.RJVMFinder.findOrCreate(RJVMFinder.java:204)
	at weblogic.rjvm.ServerURL.findOrCreateRJVM(ServerURL.java:154)
	at weblogic.jndi.WLInitialContextFactoryDelegate.getInitialContext(WLInitialContextFactoryDelegate.java:349)
	... 28 more
Caused by: java.rmi.ConnectException: Destination unreachable; nested exception is: 
	java.net.ConnectException: Connection refused: connect; No available router to destination
	at weblogic.rjvm.ConnectionManager.bootstrap(ConnectionManager.java:472)
	at weblogic.rjvm.ConnectionManager.bootstrap(ConnectionManager.java:323)
	at weblogic.rjvm.RJVMManager.findOrCreateRemoteInternal(RJVMManager.java:259)
	at weblogic.rjvm.RJVMManager.findOrCreate(RJVMManager.java:202)
	at weblogic.rjvm.RJVMFinder.findOrCreateRemoteServer(RJVMFinder.java:226)
	at weblogic.rjvm.RJVMFinder.findOrCreate(RJVMFinder.java:189)
	... 30 more
</error>
  </testcase>
  <testcase classname="test.com.inovis.mss.user.TestUserManager" name="testResetPasswordNoContact" time="2.979">
    <error message="[USER-00101] Failed to get a reference to the Home interface of the UserFacade EJB. This is an EJB error that probably stems from an incorrect deployment, a network problem, or the failure of an EJB server." type="com.inovis.b2b.lib.exception.OperationFailedException">class com.inovis.b2b.lib.exception.OperationFailedException: [USER-00101] Failed to get a reference to the Home interface of the UserFacade EJB. This is an EJB error that probably stems from an incorrect deployment, a network problem, or the failure of an EJB server.
	at com.inovis.mss.user.defs.UserManagerImp.&lt;init&gt;(UserManagerImp.java:85)
	at com.inovis.mss.user.UserManager.getManager(UserManager.java:60)
	at test.com.inovis.mss.user.TestUserManager.setUp(TestUserManager.java:137)
Caused by: class com.inovis.b2b.lib.service.ServiceUnavailableException: [LIBP-00001] Unable to connect to naming service
	at com.inovis.b2b.lib.service.ServiceLocator.getInitialContext(ServiceLocator.java:214)
	at com.inovis.b2b.lib.service.ServiceLocator.&lt;init&gt;(ServiceLocator.java:183)
	at com.inovis.b2b.lib.service.ServiceLocator.getInstance(ServiceLocator.java:167)
	at com.inovis.b2b.lib.service.ServiceLocator.getInstance(ServiceLocator.java:150)
	at com.inovis.mss.user.defs.UserManagerImp.&lt;init&gt;(UserManagerImp.java:79)
	... 16 more
Caused by: javax.naming.CommunicationException [Root exception is java.net.ConnectException: t3://localhost:7001: Destination unreachable; nested exception is: 
	java.net.ConnectException: Connection refused: connect; No available router to destination]
	at weblogic.jndi.internal.ExceptionTranslator.toNamingException(ExceptionTranslator.java:49)
	at weblogic.jndi.WLInitialContextFactoryDelegate.toNamingException(WLInitialContextFactoryDelegate.java:765)
	at weblogic.jndi.WLInitialContextFactoryDelegate.getInitialContext(WLInitialContextFactoryDelegate.java:364)
	at weblogic.jndi.Environment.getContext(Environment.java:307)
	at weblogic.jndi.Environment.getContext(Environment.java:277)
	at weblogic.jndi.WLInitialContextFactory.getInitialContext(WLInitialContextFactory.java:117)
	at javax.naming.spi.NamingManager.getInitialContext(NamingManager.java:667)
	at javax.naming.InitialContext.getDefaultInitCtx(InitialContext.java:247)
	at javax.naming.InitialContext.init(InitialContext.java:223)
	at javax.naming.InitialContext.&lt;init&gt;(InitialContext.java:175)
	at com.inovis.b2b.lib.service.ServiceLocator.getInitialContext(ServiceLocator.java:206)
	... 20 more
Caused by: java.net.ConnectException: t3://localhost:7001: Destination unreachable; nested exception is: 
	java.net.ConnectException: Connection refused: connect; No available router to destination
	at weblogic.rjvm.RJVMFinder.findOrCreate(RJVMFinder.java:204)
	at weblogic.rjvm.ServerURL.findOrCreateRJVM(ServerURL.java:154)
	at weblogic.jndi.WLInitialContextFactoryDelegate.getInitialContext(WLInitialContextFactoryDelegate.java:349)
	... 28 more
Caused by: java.rmi.ConnectException: Destination unreachable; nested exception is: 
	java.net.ConnectException: Connection refused: connect; No available router to destination
	at weblogic.rjvm.ConnectionManager.bootstrap(ConnectionManager.java:472)
	at weblogic.rjvm.ConnectionManager.bootstrap(ConnectionManager.java:323)
	at weblogic.rjvm.RJVMManager.findOrCreateRemoteInternal(RJVMManager.java:259)
	at weblogic.rjvm.RJVMManager.findOrCreate(RJVMManager.java:202)
	at weblogic.rjvm.RJVMFinder.findOrCreateRemoteServer(RJVMFinder.java:226)
	at weblogic.rjvm.RJVMFinder.findOrCreate(RJVMFinder.java:189)
	... 30 more
</error>
  </testcase>
  <testcase classname="test.com.inovis.mss.user.TestUserManager" name="testResetPasswordWithContact" time="2.37">
    <error message="[USER-00101] Failed to get a reference to the Home interface of the UserFacade EJB. This is an EJB error that probably stems from an incorrect deployment, a network problem, or the failure of an EJB server." type="com.inovis.b2b.lib.exception.OperationFailedException">class com.inovis.b2b.lib.exception.OperationFailedException: [USER-00101] Failed to get a reference to the Home interface of the UserFacade EJB. This is an EJB error that probably stems from an incorrect deployment, a network problem, or the failure of an EJB server.
	at com.inovis.mss.user.defs.UserManagerImp.&lt;init&gt;(UserManagerImp.java:85)
	at com.inovis.mss.user.UserManager.getManager(UserManager.java:60)
	at test.com.inovis.mss.user.TestUserManager.setUp(TestUserManager.java:137)
Caused by: class com.inovis.b2b.lib.service.ServiceUnavailableException: [LIBP-00001] Unable to connect to naming service
	at com.inovis.b2b.lib.service.ServiceLocator.getInitialContext(ServiceLocator.java:214)
	at com.inovis.b2b.lib.service.ServiceLocator.&lt;init&gt;(ServiceLocator.java:183)
	at com.inovis.b2b.lib.service.ServiceLocator.getInstance(ServiceLocator.java:167)
	at com.inovis.b2b.lib.service.ServiceLocator.getInstance(ServiceLocator.java:150)
	at com.inovis.mss.user.defs.UserManagerImp.&lt;init&gt;(UserManagerImp.java:79)
	... 16 more
Caused by: javax.naming.CommunicationException [Root exception is java.net.ConnectException: t3://localhost:7001: Destination unreachable; nested exception is: 
	java.net.ConnectException: Connection refused: connect; No available router to destination]
	at weblogic.jndi.internal.ExceptionTranslator.toNamingException(ExceptionTranslator.java:49)
	at weblogic.jndi.WLInitialContextFactoryDelegate.toNamingException(WLInitialContextFactoryDelegate.java:765)
	at weblogic.jndi.WLInitialContextFactoryDelegate.getInitialContext(WLInitialContextFactoryDelegate.java:364)
	at weblogic.jndi.Environment.getContext(Environment.java:307)
	at weblogic.jndi.Environment.getContext(Environment.java:277)
	at weblogic.jndi.WLInitialContextFactory.getInitialContext(WLInitialContextFactory.java:117)
	at javax.naming.spi.NamingManager.getInitialContext(NamingManager.java:667)
	at javax.naming.InitialContext.getDefaultInitCtx(InitialContext.java:247)
	at javax.naming.InitialContext.init(InitialContext.java:223)
	at javax.naming.InitialContext.&lt;init&gt;(InitialContext.java:175)
	at com.inovis.b2b.lib.service.ServiceLocator.getInitialContext(ServiceLocator.java:206)
	... 20 more
Caused by: java.net.ConnectException: t3://localhost:7001: Destination unreachable; nested exception is: 
	java.net.ConnectException: Connection refused: connect; No available router to destination
	at weblogic.rjvm.RJVMFinder.findOrCreate(RJVMFinder.java:204)
	at weblogic.rjvm.ServerURL.findOrCreateRJVM(ServerURL.java:154)
	at weblogic.jndi.WLInitialContextFactoryDelegate.getInitialContext(WLInitialContextFactoryDelegate.java:349)
	... 28 more
Caused by: java.rmi.ConnectException: Destination unreachable; nested exception is: 
	java.net.ConnectException: Connection refused: connect; No available router to destination
	at weblogic.rjvm.ConnectionManager.bootstrap(ConnectionManager.java:472)
	at weblogic.rjvm.ConnectionManager.bootstrap(ConnectionManager.java:323)
	at weblogic.rjvm.RJVMManager.findOrCreateRemoteInternal(RJVMManager.java:259)
	at weblogic.rjvm.RJVMManager.findOrCreate(RJVMManager.java:202)
	at weblogic.rjvm.RJVMFinder.findOrCreateRemoteServer(RJVMFinder.java:226)
	at weblogic.rjvm.RJVMFinder.findOrCreate(RJVMFinder.java:189)
	... 30 more
</error>
  </testcase>
  <testcase classname="test.com.inovis.mss.user.TestUserManager" name="testGeneratePassword" time="2.168">
    <error message="[USER-00101] Failed to get a reference to the Home interface of the UserFacade EJB. This is an EJB error that probably stems from an incorrect deployment, a network problem, or the failure of an EJB server." type="com.inovis.b2b.lib.exception.OperationFailedException">class com.inovis.b2b.lib.exception.OperationFailedException: [USER-00101] Failed to get a reference to the Home interface of the UserFacade EJB. This is an EJB error that probably stems from an incorrect deployment, a network problem, or the failure of an EJB server.
	at com.inovis.mss.user.defs.UserManagerImp.&lt;init&gt;(UserManagerImp.java:85)
	at com.inovis.mss.user.UserManager.getManager(UserManager.java:60)
	at test.com.inovis.mss.user.TestUserManager.setUp(TestUserManager.java:137)
Caused by: class com.inovis.b2b.lib.service.ServiceUnavailableException: [LIBP-00001] Unable to connect to naming service
	at com.inovis.b2b.lib.service.ServiceLocator.getInitialContext(ServiceLocator.java:214)
	at com.inovis.b2b.lib.service.ServiceLocator.&lt;init&gt;(ServiceLocator.java:183)
	at com.inovis.b2b.lib.service.ServiceLocator.getInstance(ServiceLocator.java:167)
	at com.inovis.b2b.lib.service.ServiceLocator.getInstance(ServiceLocator.java:150)
	at com.inovis.mss.user.defs.UserManagerImp.&lt;init&gt;(UserManagerImp.java:79)
	... 16 more
Caused by: javax.naming.CommunicationException [Root exception is java.net.ConnectException: t3://localhost:7001: Destination unreachable; nested exception is: 
	java.net.ConnectException: Connection refused: connect; No available router to destination]
	at weblogic.jndi.internal.ExceptionTranslator.toNamingException(ExceptionTranslator.java:49)
	at weblogic.jndi.WLInitialContextFactoryDelegate.toNamingException(WLInitialContextFactoryDelegate.java:765)
	at weblogic.jndi.WLInitialContextFactoryDelegate.getInitialContext(WLInitialContextFactoryDelegate.java:364)
	at weblogic.jndi.Environment.getContext(Environment.java:307)
	at weblogic.jndi.Environment.getContext(Environment.java:277)
	at weblogic.jndi.WLInitialContextFactory.getInitialContext(WLInitialContextFactory.java:117)
	at javax.naming.spi.NamingManager.getInitialContext(NamingManager.java:667)
	at javax.naming.InitialContext.getDefaultInitCtx(InitialContext.java:247)
	at javax.naming.InitialContext.init(InitialContext.java:223)
	at javax.naming.InitialContext.&lt;init&gt;(InitialContext.java:175)
	at com.inovis.b2b.lib.service.ServiceLocator.getInitialContext(ServiceLocator.java:206)
	... 20 more
Caused by: java.net.ConnectException: t3://localhost:7001: Destination unreachable; nested exception is: 
	java.net.ConnectException: Connection refused: connect; No available router to destination
	at weblogic.rjvm.RJVMFinder.findOrCreate(RJVMFinder.java:204)
	at weblogic.rjvm.ServerURL.findOrCreateRJVM(ServerURL.java:154)
	at weblogic.jndi.WLInitialContextFactoryDelegate.getInitialContext(WLInitialContextFactoryDelegate.java:349)
	... 28 more
Caused by: java.rmi.ConnectException: Destination unreachable; nested exception is: 
	java.net.ConnectException: Connection refused: connect; No available router to destination
	at weblogic.rjvm.ConnectionManager.bootstrap(ConnectionManager.java:472)
	at weblogic.rjvm.ConnectionManager.bootstrap(ConnectionManager.java:323)
	at weblogic.rjvm.RJVMManager.findOrCreateRemoteInternal(RJVMManager.java:259)
	at weblogic.rjvm.RJVMManager.findOrCreate(RJVMManager.java:202)
	at weblogic.rjvm.RJVMFinder.findOrCreateRemoteServer(RJVMFinder.java:226)
	at weblogic.rjvm.RJVMFinder.findOrCreate(RJVMFinder.java:189)
	... 30 more
</error>
  </testcase>
  <testcase classname="test.com.inovis.mss.user.TestUserManager" name="testVerifyAnswerNoContact" time="2.261">
    <error message="[USER-00101] Failed to get a reference to the Home interface of the UserFacade EJB. This is an EJB error that probably stems from an incorrect deployment, a network problem, or the failure of an EJB server." type="com.inovis.b2b.lib.exception.OperationFailedException">class com.inovis.b2b.lib.exception.OperationFailedException: [USER-00101] Failed to get a reference to the Home interface of the UserFacade EJB. This is an EJB error that probably stems from an incorrect deployment, a network problem, or the failure of an EJB server.
	at com.inovis.mss.user.defs.UserManagerImp.&lt;init&gt;(UserManagerImp.java:85)
	at com.inovis.mss.user.UserManager.getManager(UserManager.java:60)
	at test.com.inovis.mss.user.TestUserManager.setUp(TestUserManager.java:137)
Caused by: class com.inovis.b2b.lib.service.ServiceUnavailableException: [LIBP-00001] Unable to connect to naming service
	at com.inovis.b2b.lib.service.ServiceLocator.getInitialContext(ServiceLocator.java:214)
	at com.inovis.b2b.lib.service.ServiceLocator.&lt;init&gt;(ServiceLocator.java:183)
	at com.inovis.b2b.lib.service.ServiceLocator.getInstance(ServiceLocator.java:167)
	at com.inovis.b2b.lib.service.ServiceLocator.getInstance(ServiceLocator.java:150)
	at com.inovis.mss.user.defs.UserManagerImp.&lt;init&gt;(UserManagerImp.java:79)
	... 16 more
Caused by: javax.naming.CommunicationException [Root exception is java.net.ConnectException: t3://localhost:7001: Destination unreachable; nested exception is: 
	java.net.ConnectException: Connection refused: connect; No available router to destination]
	at weblogic.jndi.internal.ExceptionTranslator.toNamingException(ExceptionTranslator.java:49)
	at weblogic.jndi.WLInitialContextFactoryDelegate.toNamingException(WLInitialContextFactoryDelegate.java:765)
	at weblogic.jndi.WLInitialContextFactoryDelegate.getInitialContext(WLInitialContextFactoryDelegate.java:364)
	at weblogic.jndi.Environment.getContext(Environment.java:307)
	at weblogic.jndi.Environment.getContext(Environment.java:277)
	at weblogic.jndi.WLInitialContextFactory.getInitialContext(WLInitialContextFactory.java:117)
	at javax.naming.spi.NamingManager.getInitialContext(NamingManager.java:667)
	at javax.naming.InitialContext.getDefaultInitCtx(InitialContext.java:247)
	at javax.naming.InitialContext.init(InitialContext.java:223)
	at javax.naming.InitialContext.&lt;init&gt;(InitialContext.java:175)
	at com.inovis.b2b.lib.service.ServiceLocator.getInitialContext(ServiceLocator.java:206)
	... 20 more
Caused by: java.net.ConnectException: t3://localhost:7001: Destination unreachable; nested exception is: 
	java.net.ConnectException: Connection refused: connect; No available router to destination
	at weblogic.rjvm.RJVMFinder.findOrCreate(RJVMFinder.java:204)
	at weblogic.rjvm.ServerURL.findOrCreateRJVM(ServerURL.java:154)
	at weblogic.jndi.WLInitialContextFactoryDelegate.getInitialContext(WLInitialContextFactoryDelegate.java:349)
	... 28 more
Caused by: java.rmi.ConnectException: Destination unreachable; nested exception is: 
	java.net.ConnectException: Connection refused: connect; No available router to destination
	at weblogic.rjvm.ConnectionManager.bootstrap(ConnectionManager.java:472)
	at weblogic.rjvm.ConnectionManager.bootstrap(ConnectionManager.java:323)
	at weblogic.rjvm.RJVMManager.findOrCreateRemoteInternal(RJVMManager.java:259)
	at weblogic.rjvm.RJVMManager.findOrCreate(RJVMManager.java:202)
	at weblogic.rjvm.RJVMFinder.findOrCreateRemoteServer(RJVMFinder.java:226)
	at weblogic.rjvm.RJVMFinder.findOrCreate(RJVMFinder.java:189)
	... 30 more
</error>
  </testcase>
  <testcase classname="test.com.inovis.mss.user.TestUserManager" name="testVerifyAnswerWithContact" time="2.479">
    <error message="[USER-00101] Failed to get a reference to the Home interface of the UserFacade EJB. This is an EJB error that probably stems from an incorrect deployment, a network problem, or the failure of an EJB server." type="com.inovis.b2b.lib.exception.OperationFailedException">class com.inovis.b2b.lib.exception.OperationFailedException: [USER-00101] Failed to get a reference to the Home interface of the UserFacade EJB. This is an EJB error that probably stems from an incorrect deployment, a network problem, or the failure of an EJB server.
	at com.inovis.mss.user.defs.UserManagerImp.&lt;init&gt;(UserManagerImp.java:85)
	at com.inovis.mss.user.UserManager.getManager(UserManager.java:60)
	at test.com.inovis.mss.user.TestUserManager.setUp(TestUserManager.java:137)
Caused by: class com.inovis.b2b.lib.service.ServiceUnavailableException: [LIBP-00001] Unable to connect to naming service
	at com.inovis.b2b.lib.service.ServiceLocator.getInitialContext(ServiceLocator.java:214)
	at com.inovis.b2b.lib.service.ServiceLocator.&lt;init&gt;(ServiceLocator.java:183)
	at com.inovis.b2b.lib.service.ServiceLocator.getInstance(ServiceLocator.java:167)
	at com.inovis.b2b.lib.service.ServiceLocator.getInstance(ServiceLocator.java:150)
	at com.inovis.mss.user.defs.UserManagerImp.&lt;init&gt;(UserManagerImp.java:79)
	... 16 more
Caused by: javax.naming.CommunicationException [Root exception is java.net.ConnectException: t3://localhost:7001: Destination unreachable; nested exception is: 
	java.net.ConnectException: Connection refused: connect; No available router to destination]
	at weblogic.jndi.internal.ExceptionTranslator.toNamingException(ExceptionTranslator.java:49)
	at weblogic.jndi.WLInitialContextFactoryDelegate.toNamingException(WLInitialContextFactoryDelegate.java:765)
	at weblogic.jndi.WLInitialContextFactoryDelegate.getInitialContext(WLInitialContextFactoryDelegate.java:364)
	at weblogic.jndi.Environment.getContext(Environment.java:307)
	at weblogic.jndi.Environment.getContext(Environment.java:277)
	at weblogic.jndi.WLInitialContextFactory.getInitialContext(WLInitialContextFactory.java:117)
	at javax.naming.spi.NamingManager.getInitialContext(NamingManager.java:667)
	at javax.naming.InitialContext.getDefaultInitCtx(InitialContext.java:247)
	at javax.naming.InitialContext.init(InitialContext.java:223)
	at javax.naming.InitialContext.&lt;init&gt;(InitialContext.java:175)
	at com.inovis.b2b.lib.service.ServiceLocator.getInitialContext(ServiceLocator.java:206)
	... 20 more
Caused by: java.net.ConnectException: t3://localhost:7001: Destination unreachable; nested exception is: 
	java.net.ConnectException: Connection refused: connect; No available router to destination
	at weblogic.rjvm.RJVMFinder.findOrCreate(RJVMFinder.java:204)
	at weblogic.rjvm.ServerURL.findOrCreateRJVM(ServerURL.java:154)
	at weblogic.jndi.WLInitialContextFactoryDelegate.getInitialContext(WLInitialContextFactoryDelegate.java:349)
	... 28 more
Caused by: java.rmi.ConnectException: Destination unreachable; nested exception is: 
	java.net.ConnectException: Connection refused: connect; No available router to destination
	at weblogic.rjvm.ConnectionManager.bootstrap(ConnectionManager.java:472)
	at weblogic.rjvm.ConnectionManager.bootstrap(ConnectionManager.java:323)
	at weblogic.rjvm.RJVMManager.findOrCreateRemoteInternal(RJVMManager.java:259)
	at weblogic.rjvm.RJVMManager.findOrCreate(RJVMManager.java:202)
	at weblogic.rjvm.RJVMFinder.findOrCreateRemoteServer(RJVMFinder.java:226)
	at weblogic.rjvm.RJVMFinder.findOrCreate(RJVMFinder.java:189)
	... 30 more
</error>
  </testcase>
  <testcase classname="test.com.inovis.mss.user.TestUserManager" name="testVerifyAnswerWrongAnswer" time="2.48">
    <error message="[USER-00101] Failed to get a reference to the Home interface of the UserFacade EJB. This is an EJB error that probably stems from an incorrect deployment, a network problem, or the failure of an EJB server." type="com.inovis.b2b.lib.exception.OperationFailedException">class com.inovis.b2b.lib.exception.OperationFailedException: [USER-00101] Failed to get a reference to the Home interface of the UserFacade EJB. This is an EJB error that probably stems from an incorrect deployment, a network problem, or the failure of an EJB server.
	at com.inovis.mss.user.defs.UserManagerImp.&lt;init&gt;(UserManagerImp.java:85)
	at com.inovis.mss.user.UserManager.getManager(UserManager.java:60)
	at test.com.inovis.mss.user.TestUserManager.setUp(TestUserManager.java:137)
Caused by: class com.inovis.b2b.lib.service.ServiceUnavailableException: [LIBP-00001] Unable to connect to naming service
	at com.inovis.b2b.lib.service.ServiceLocator.getInitialContext(ServiceLocator.java:214)
	at com.inovis.b2b.lib.service.ServiceLocator.&lt;init&gt;(ServiceLocator.java:183)
	at com.inovis.b2b.lib.service.ServiceLocator.getInstance(ServiceLocator.java:167)
	at com.inovis.b2b.lib.service.ServiceLocator.getInstance(ServiceLocator.java:150)
	at com.inovis.mss.user.defs.UserManagerImp.&lt;init&gt;(UserManagerImp.java:79)
	... 16 more
Caused by: javax.naming.CommunicationException [Root exception is java.net.ConnectException: t3://localhost:7001: Destination unreachable; nested exception is: 
	java.net.ConnectException: Connection refused: connect; No available router to destination]
	at weblogic.jndi.internal.ExceptionTranslator.toNamingException(ExceptionTranslator.java:49)
	at weblogic.jndi.WLInitialContextFactoryDelegate.toNamingException(WLInitialContextFactoryDelegate.java:765)
	at weblogic.jndi.WLInitialContextFactoryDelegate.getInitialContext(WLInitialContextFactoryDelegate.java:364)
	at weblogic.jndi.Environment.getContext(Environment.java:307)
	at weblogic.jndi.Environment.getContext(Environment.java:277)
	at weblogic.jndi.WLInitialContextFactory.getInitialContext(WLInitialContextFactory.java:117)
	at javax.naming.spi.NamingManager.getInitialContext(NamingManager.java:667)
	at javax.naming.InitialContext.getDefaultInitCtx(InitialContext.java:247)
	at javax.naming.InitialContext.init(InitialContext.java:223)
	at javax.naming.InitialContext.&lt;init&gt;(InitialContext.java:175)
	at com.inovis.b2b.lib.service.ServiceLocator.getInitialContext(ServiceLocator.java:206)
	... 20 more
Caused by: java.net.ConnectException: t3://localhost:7001: Destination unreachable; nested exception is: 
	java.net.ConnectException: Connection refused: connect; No available router to destination
	at weblogic.rjvm.RJVMFinder.findOrCreate(RJVMFinder.java:204)
	at weblogic.rjvm.ServerURL.findOrCreateRJVM(ServerURL.java:154)
	at weblogic.jndi.WLInitialContextFactoryDelegate.getInitialContext(WLInitialContextFactoryDelegate.java:349)
	... 28 more
Caused by: java.rmi.ConnectException: Destination unreachable; nested exception is: 
	java.net.ConnectException: Connection refused: connect; No available router to destination
	at weblogic.rjvm.ConnectionManager.bootstrap(ConnectionManager.java:472)
	at weblogic.rjvm.ConnectionManager.bootstrap(ConnectionManager.java:323)
	at weblogic.rjvm.RJVMManager.findOrCreateRemoteInternal(RJVMManager.java:259)
	at weblogic.rjvm.RJVMManager.findOrCreate(RJVMManager.java:202)
	at weblogic.rjvm.RJVMFinder.findOrCreateRemoteServer(RJVMFinder.java:226)
	at weblogic.rjvm.RJVMFinder.findOrCreate(RJVMFinder.java:189)
	... 30 more
</error>
  </testcase>
  <testcase classname="test.com.inovis.mss.user.TestUserManager" name="testVerifyAnswerWrongLoginID" time="2.168">
    <error message="[USER-00101] Failed to get a reference to the Home interface of the UserFacade EJB. This is an EJB error that probably stems from an incorrect deployment, a network problem, or the failure of an EJB server." type="com.inovis.b2b.lib.exception.OperationFailedException">class com.inovis.b2b.lib.exception.OperationFailedException: [USER-00101] Failed to get a reference to the Home interface of the UserFacade EJB. This is an EJB error that probably stems from an incorrect deployment, a network problem, or the failure of an EJB server.
	at com.inovis.mss.user.defs.UserManagerImp.&lt;init&gt;(UserManagerImp.java:85)
	at com.inovis.mss.user.UserManager.getManager(UserManager.java:60)
	at test.com.inovis.mss.user.TestUserManager.setUp(TestUserManager.java:137)
Caused by: class com.inovis.b2b.lib.service.ServiceUnavailableException: [LIBP-00001] Unable to connect to naming service
	at com.inovis.b2b.lib.service.ServiceLocator.getInitialContext(ServiceLocator.java:214)
	at com.inovis.b2b.lib.service.ServiceLocator.&lt;init&gt;(ServiceLocator.java:183)
	at com.inovis.b2b.lib.service.ServiceLocator.getInstance(ServiceLocator.java:167)
	at com.inovis.b2b.lib.service.ServiceLocator.getInstance(ServiceLocator.java:150)
	at com.inovis.mss.user.defs.UserManagerImp.&lt;init&gt;(UserManagerImp.java:79)
	... 16 more
Caused by: javax.naming.CommunicationException [Root exception is java.net.ConnectException: t3://localhost:7001: Destination unreachable; nested exception is: 
	java.net.ConnectException: Connection refused: connect; No available router to destination]
	at weblogic.jndi.internal.ExceptionTranslator.toNamingException(ExceptionTranslator.java:49)
	at weblogic.jndi.WLInitialContextFactoryDelegate.toNamingException(WLInitialContextFactoryDelegate.java:765)
	at weblogic.jndi.WLInitialContextFactoryDelegate.getInitialContext(WLInitialContextFactoryDelegate.java:364)
	at weblogic.jndi.Environment.getContext(Environment.java:307)
	at weblogic.jndi.Environment.getContext(Environment.java:277)
	at weblogic.jndi.WLInitialContextFactory.getInitialContext(WLInitialContextFactory.java:117)
	at javax.naming.spi.NamingManager.getInitialContext(NamingManager.java:667)
	at javax.naming.InitialContext.getDefaultInitCtx(InitialContext.java:247)
	at javax.naming.InitialContext.init(InitialContext.java:223)
	at javax.naming.InitialContext.&lt;init&gt;(InitialContext.java:175)
	at com.inovis.b2b.lib.service.ServiceLocator.getInitialContext(ServiceLocator.java:206)
	... 20 more
Caused by: java.net.ConnectException: t3://localhost:7001: Destination unreachable; nested exception is: 
	java.net.ConnectException: Connection refused: connect; No available router to destination
	at weblogic.rjvm.RJVMFinder.findOrCreate(RJVMFinder.java:204)
	at weblogic.rjvm.ServerURL.findOrCreateRJVM(ServerURL.java:154)
	at weblogic.jndi.WLInitialContextFactoryDelegate.getInitialContext(WLInitialContextFactoryDelegate.java:349)
	... 28 more
Caused by: java.rmi.ConnectException: Destination unreachable; nested exception is: 
	java.net.ConnectException: Connection refused: connect; No available router to destination
	at weblogic.rjvm.ConnectionManager.bootstrap(ConnectionManager.java:472)
	at weblogic.rjvm.ConnectionManager.bootstrap(ConnectionManager.java:323)
	at weblogic.rjvm.RJVMManager.findOrCreateRemoteInternal(RJVMManager.java:259)
	at weblogic.rjvm.RJVMManager.findOrCreate(RJVMManager.java:202)
	at weblogic.rjvm.RJVMFinder.findOrCreateRemoteServer(RJVMFinder.java:226)
	at weblogic.rjvm.RJVMFinder.findOrCreate(RJVMFinder.java:189)
	... 30 more
</error>
  </testcase>
  <testcase classname="test.com.inovis.mss.user.TestUserManager" name="testVerifyAnswerWrongUserID" time="2.76">
    <error message="[USER-00101] Failed to get a reference to the Home interface of the UserFacade EJB. This is an EJB error that probably stems from an incorrect deployment, a network problem, or the failure of an EJB server." type="com.inovis.b2b.lib.exception.OperationFailedException">class com.inovis.b2b.lib.exception.OperationFailedException: [USER-00101] Failed to get a reference to the Home interface of the UserFacade EJB. This is an EJB error that probably stems from an incorrect deployment, a network problem, or the failure of an EJB server.
	at com.inovis.mss.user.defs.UserManagerImp.&lt;init&gt;(UserManagerImp.java:85)
	at com.inovis.mss.user.UserManager.getManager(UserManager.java:60)
	at test.com.inovis.mss.user.TestUserManager.setUp(TestUserManager.java:137)
Caused by: class com.inovis.b2b.lib.service.ServiceUnavailableException: [LIBP-00001] Unable to connect to naming service
	at com.inovis.b2b.lib.service.ServiceLocator.getInitialContext(ServiceLocator.java:214)
	at com.inovis.b2b.lib.service.ServiceLocator.&lt;init&gt;(ServiceLocator.java:183)
	at com.inovis.b2b.lib.service.ServiceLocator.getInstance(ServiceLocator.java:167)
	at com.inovis.b2b.lib.service.ServiceLocator.getInstance(ServiceLocator.java:150)
	at com.inovis.mss.user.defs.UserManagerImp.&lt;init&gt;(UserManagerImp.java:79)
	... 16 more
Caused by: javax.naming.CommunicationException [Root exception is java.net.ConnectException: t3://localhost:7001: Destination unreachable; nested exception is: 
	java.net.ConnectException: Connection refused: connect; No available router to destination]
	at weblogic.jndi.internal.ExceptionTranslator.toNamingException(ExceptionTranslator.java:49)
	at weblogic.jndi.WLInitialContextFactoryDelegate.toNamingException(WLInitialContextFactoryDelegate.java:765)
	at weblogic.jndi.WLInitialContextFactoryDelegate.getInitialContext(WLInitialContextFactoryDelegate.java:364)
	at weblogic.jndi.Environment.getContext(Environment.java:307)
	at weblogic.jndi.Environment.getContext(Environment.java:277)
	at weblogic.jndi.WLInitialContextFactory.getInitialContext(WLInitialContextFactory.java:117)
	at javax.naming.spi.NamingManager.getInitialContext(NamingManager.java:667)
	at javax.naming.InitialContext.getDefaultInitCtx(InitialContext.java:247)
	at javax.naming.InitialContext.init(InitialContext.java:223)
	at javax.naming.InitialContext.&lt;init&gt;(InitialContext.java:175)
	at com.inovis.b2b.lib.service.ServiceLocator.getInitialContext(ServiceLocator.java:206)
	... 20 more
Caused by: java.net.ConnectException: t3://localhost:7001: Destination unreachable; nested exception is: 
	java.net.ConnectException: Connection refused: connect; No available router to destination
	at weblogic.rjvm.RJVMFinder.findOrCreate(RJVMFinder.java:204)
	at weblogic.rjvm.ServerURL.findOrCreateRJVM(ServerURL.java:154)
	at weblogic.jndi.WLInitialContextFactoryDelegate.getInitialContext(WLInitialContextFactoryDelegate.java:349)
	... 28 more
Caused by: java.rmi.ConnectException: Destination unreachable; nested exception is: 
	java.net.ConnectException: Connection refused: connect; No available router to destination
	at weblogic.rjvm.ConnectionManager.bootstrap(ConnectionManager.java:472)
	at weblogic.rjvm.ConnectionManager.bootstrap(ConnectionManager.java:323)
	at weblogic.rjvm.RJVMManager.findOrCreateRemoteInternal(RJVMManager.java:259)
	at weblogic.rjvm.RJVMManager.findOrCreate(RJVMManager.java:202)
	at weblogic.rjvm.RJVMFinder.findOrCreateRemoteServer(RJVMFinder.java:226)
	at weblogic.rjvm.RJVMFinder.findOrCreate(RJVMFinder.java:189)
	... 30 more
</error>
  </testcase>
  <testcase classname="test.com.inovis.mss.user.TestUserManager" name="testVerifyAnswerWrongQuestionID" time="2.386">
    <error message="[USER-00101] Failed to get a reference to the Home interface of the UserFacade EJB. This is an EJB error that probably stems from an incorrect deployment, a network problem, or the failure of an EJB server." type="com.inovis.b2b.lib.exception.OperationFailedException">class com.inovis.b2b.lib.exception.OperationFailedException: [USER-00101] Failed to get a reference to the Home interface of the UserFacade EJB. This is an EJB error that probably stems from an incorrect deployment, a network problem, or the failure of an EJB server.
	at com.inovis.mss.user.defs.UserManagerImp.&lt;init&gt;(UserManagerImp.java:85)
	at com.inovis.mss.user.UserManager.getManager(UserManager.java:60)
	at test.com.inovis.mss.user.TestUserManager.setUp(TestUserManager.java:137)
Caused by: class com.inovis.b2b.lib.service.ServiceUnavailableException: [LIBP-00001] Unable to connect to naming service
	at com.inovis.b2b.lib.service.ServiceLocator.getInitialContext(ServiceLocator.java:214)
	at com.inovis.b2b.lib.service.ServiceLocator.&lt;init&gt;(ServiceLocator.java:183)
	at com.inovis.b2b.lib.service.ServiceLocator.getInstance(ServiceLocator.java:167)
	at com.inovis.b2b.lib.service.ServiceLocator.getInstance(ServiceLocator.java:150)
	at com.inovis.mss.user.defs.UserManagerImp.&lt;init&gt;(UserManagerImp.java:79)
	... 16 more
Caused by: javax.naming.CommunicationException [Root exception is java.net.ConnectException: t3://localhost:7001: Destination unreachable; nested exception is: 
	java.net.ConnectException: Connection refused: connect; No available router to destination]
	at weblogic.jndi.internal.ExceptionTranslator.toNamingException(ExceptionTranslator.java:49)
	at weblogic.jndi.WLInitialContextFactoryDelegate.toNamingException(WLInitialContextFactoryDelegate.java:765)
	at weblogic.jndi.WLInitialContextFactoryDelegate.getInitialContext(WLInitialContextFactoryDelegate.java:364)
	at weblogic.jndi.Environment.getContext(Environment.java:307)
	at weblogic.jndi.Environment.getContext(Environment.java:277)
	at weblogic.jndi.WLInitialContextFactory.getInitialContext(WLInitialContextFactory.java:117)
	at javax.naming.spi.NamingManager.getInitialContext(NamingManager.java:667)
	at javax.naming.InitialContext.getDefaultInitCtx(InitialContext.java:247)
	at javax.naming.InitialContext.init(InitialContext.java:223)
	at javax.naming.InitialContext.&lt;init&gt;(InitialContext.java:175)
	at com.inovis.b2b.lib.service.ServiceLocator.getInitialContext(ServiceLocator.java:206)
	... 20 more
Caused by: java.net.ConnectException: t3://localhost:7001: Destination unreachable; nested exception is: 
	java.net.ConnectException: Connection refused: connect; No available router to destination
	at weblogic.rjvm.RJVMFinder.findOrCreate(RJVMFinder.java:204)
	at weblogic.rjvm.ServerURL.findOrCreateRJVM(ServerURL.java:154)
	at weblogic.jndi.WLInitialContextFactoryDelegate.getInitialContext(WLInitialContextFactoryDelegate.java:349)
	... 28 more
Caused by: java.rmi.ConnectException: Destination unreachable; nested exception is: 
	java.net.ConnectException: Connection refused: connect; No available router to destination
	at weblogic.rjvm.ConnectionManager.bootstrap(ConnectionManager.java:472)
	at weblogic.rjvm.ConnectionManager.bootstrap(ConnectionManager.java:323)
	at weblogic.rjvm.RJVMManager.findOrCreateRemoteInternal(RJVMManager.java:259)
	at weblogic.rjvm.RJVMManager.findOrCreate(RJVMManager.java:202)
	at weblogic.rjvm.RJVMFinder.findOrCreateRemoteServer(RJVMFinder.java:226)
	at weblogic.rjvm.RJVMFinder.findOrCreate(RJVMFinder.java:189)
	... 30 more
</error>
  </testcase>
  <testcase classname="test.com.inovis.mss.user.TestUserManager" name="testVerifyAnswerWrongEmailAddress" time="2.479">
    <error message="[USER-00101] Failed to get a reference to the Home interface of the UserFacade EJB. This is an EJB error that probably stems from an incorrect deployment, a network problem, or the failure of an EJB server." type="com.inovis.b2b.lib.exception.OperationFailedException">class com.inovis.b2b.lib.exception.OperationFailedException: [USER-00101] Failed to get a reference to the Home interface of the UserFacade EJB. This is an EJB error that probably stems from an incorrect deployment, a network problem, or the failure of an EJB server.
	at com.inovis.mss.user.defs.UserManagerImp.&lt;init&gt;(UserManagerImp.java:85)
	at com.inovis.mss.user.UserManager.getManager(UserManager.java:60)
	at test.com.inovis.mss.user.TestUserManager.setUp(TestUserManager.java:137)
Caused by: class com.inovis.b2b.lib.service.ServiceUnavailableException: [LIBP-00001] Unable to connect to naming service
	at com.inovis.b2b.lib.service.ServiceLocator.getInitialContext(ServiceLocator.java:214)
	at com.inovis.b2b.lib.service.ServiceLocator.&lt;init&gt;(ServiceLocator.java:183)
	at com.inovis.b2b.lib.service.ServiceLocator.getInstance(ServiceLocator.java:167)
	at com.inovis.b2b.lib.service.ServiceLocator.getInstance(ServiceLocator.java:150)
	at com.inovis.mss.user.defs.UserManagerImp.&lt;init&gt;(UserManagerImp.java:79)
	... 16 more
Caused by: javax.naming.CommunicationException [Root exception is java.net.ConnectException: t3://localhost:7001: Destination unreachable; nested exception is: 
	java.net.ConnectException: Connection refused: connect; No available router to destination]
	at weblogic.jndi.internal.ExceptionTranslator.toNamingException(ExceptionTranslator.java:49)
	at weblogic.jndi.WLInitialContextFactoryDelegate.toNamingException(WLInitialContextFactoryDelegate.java:765)
	at weblogic.jndi.WLInitialContextFactoryDelegate.getInitialContext(WLInitialContextFactoryDelegate.java:364)
	at weblogic.jndi.Environment.getContext(Environment.java:307)
	at weblogic.jndi.Environment.getContext(Environment.java:277)
	at weblogic.jndi.WLInitialContextFactory.getInitialContext(WLInitialContextFactory.java:117)
	at javax.naming.spi.NamingManager.getInitialContext(NamingManager.java:667)
	at javax.naming.InitialContext.getDefaultInitCtx(InitialContext.java:247)
	at javax.naming.InitialContext.init(InitialContext.java:223)
	at javax.naming.InitialContext.&lt;init&gt;(InitialContext.java:175)
	at com.inovis.b2b.lib.service.ServiceLocator.getInitialContext(ServiceLocator.java:206)
	... 20 more
Caused by: java.net.ConnectException: t3://localhost:7001: Destination unreachable; nested exception is: 
	java.net.ConnectException: Connection refused: connect; No available router to destination
	at weblogic.rjvm.RJVMFinder.findOrCreate(RJVMFinder.java:204)
	at weblogic.rjvm.ServerURL.findOrCreateRJVM(ServerURL.java:154)
	at weblogic.jndi.WLInitialContextFactoryDelegate.getInitialContext(WLInitialContextFactoryDelegate.java:349)
	... 28 more
Caused by: java.rmi.ConnectException: Destination unreachable; nested exception is: 
	java.net.ConnectException: Connection refused: connect; No available router to destination
	at weblogic.rjvm.ConnectionManager.bootstrap(ConnectionManager.java:472)
	at weblogic.rjvm.ConnectionManager.bootstrap(ConnectionManager.java:323)
	at weblogic.rjvm.RJVMManager.findOrCreateRemoteInternal(RJVMManager.java:259)
	at weblogic.rjvm.RJVMManager.findOrCreate(RJVMManager.java:202)
	at weblogic.rjvm.RJVMFinder.findOrCreateRemoteServer(RJVMFinder.java:226)
	at weblogic.rjvm.RJVMFinder.findOrCreate(RJVMFinder.java:189)
	... 30 more
</error>
  </testcase>
  <testcase classname="test.com.inovis.mss.user.TestUserManager" name="testGetUserPasswordRuleID" time="2.168">
    <error message="[USER-00101] Failed to get a reference to the Home interface of the UserFacade EJB. This is an EJB error that probably stems from an incorrect deployment, a network problem, or the failure of an EJB server." type="com.inovis.b2b.lib.exception.OperationFailedException">class com.inovis.b2b.lib.exception.OperationFailedException: [USER-00101] Failed to get a reference to the Home interface of the UserFacade EJB. This is an EJB error that probably stems from an incorrect deployment, a network problem, or the failure of an EJB server.
	at com.inovis.mss.user.defs.UserManagerImp.&lt;init&gt;(UserManagerImp.java:85)
	at com.inovis.mss.user.UserManager.getManager(UserManager.java:60)
	at test.com.inovis.mss.user.TestUserManager.setUp(TestUserManager.java:137)
Caused by: class com.inovis.b2b.lib.service.ServiceUnavailableException: [LIBP-00001] Unable to connect to naming service
	at com.inovis.b2b.lib.service.ServiceLocator.getInitialContext(ServiceLocator.java:214)
	at com.inovis.b2b.lib.service.ServiceLocator.&lt;init&gt;(ServiceLocator.java:183)
	at com.inovis.b2b.lib.service.ServiceLocator.getInstance(ServiceLocator.java:167)
	at com.inovis.b2b.lib.service.ServiceLocator.getInstance(ServiceLocator.java:150)
	at com.inovis.mss.user.defs.UserManagerImp.&lt;init&gt;(UserManagerImp.java:79)
	... 16 more
Caused by: javax.naming.CommunicationException [Root exception is java.net.ConnectException: t3://localhost:7001: Destination unreachable; nested exception is: 
	java.net.ConnectException: Connection refused: connect; No available router to destination]
	at weblogic.jndi.internal.ExceptionTranslator.toNamingException(ExceptionTranslator.java:49)
	at weblogic.jndi.WLInitialContextFactoryDelegate.toNamingException(WLInitialContextFactoryDelegate.java:765)
	at weblogic.jndi.WLInitialContextFactoryDelegate.getInitialContext(WLInitialContextFactoryDelegate.java:364)
	at weblogic.jndi.Environment.getContext(Environment.java:307)
	at weblogic.jndi.Environment.getContext(Environment.java:277)
	at weblogic.jndi.WLInitialContextFactory.getInitialContext(WLInitialContextFactory.java:117)
	at javax.naming.spi.NamingManager.getInitialContext(NamingManager.java:667)
	at javax.naming.InitialContext.getDefaultInitCtx(InitialContext.java:247)
	at javax.naming.InitialContext.init(InitialContext.java:223)
	at javax.naming.InitialContext.&lt;init&gt;(InitialContext.java:175)
	at com.inovis.b2b.lib.service.ServiceLocator.getInitialContext(ServiceLocator.java:206)
	... 20 more
Caused by: java.net.ConnectException: t3://localhost:7001: Destination unreachable; nested exception is: 
	java.net.ConnectException: Connection refused: connect; No available router to destination
	at weblogic.rjvm.RJVMFinder.findOrCreate(RJVMFinder.java:204)
	at weblogic.rjvm.ServerURL.findOrCreateRJVM(ServerURL.java:154)
	at weblogic.jndi.WLInitialContextFactoryDelegate.getInitialContext(WLInitialContextFactoryDelegate.java:349)
	... 28 more
Caused by: java.rmi.ConnectException: Destination unreachable; nested exception is: 
	java.net.ConnectException: Connection refused: connect; No available router to destination
	at weblogic.rjvm.ConnectionManager.bootstrap(ConnectionManager.java:472)
	at weblogic.rjvm.ConnectionManager.bootstrap(ConnectionManager.java:323)
	at weblogic.rjvm.RJVMManager.findOrCreateRemoteInternal(RJVMManager.java:259)
	at weblogic.rjvm.RJVMManager.findOrCreate(RJVMManager.java:202)
	at weblogic.rjvm.RJVMFinder.findOrCreateRemoteServer(RJVMFinder.java:226)
	at weblogic.rjvm.RJVMFinder.findOrCreate(RJVMFinder.java:189)
	... 30 more
</error>
  </testcase>
  <testcase classname="test.com.inovis.mss.user.TestUserManager" name="testSaveUserPasswordFail" time="2.292">
    <error message="[USER-00101] Failed to get a reference to the Home interface of the UserFacade EJB. This is an EJB error that probably stems from an incorrect deployment, a network problem, or the failure of an EJB server." type="com.inovis.b2b.lib.exception.OperationFailedException">class com.inovis.b2b.lib.exception.OperationFailedException: [USER-00101] Failed to get a reference to the Home interface of the UserFacade EJB. This is an EJB error that probably stems from an incorrect deployment, a network problem, or the failure of an EJB server.
	at com.inovis.mss.user.defs.UserManagerImp.&lt;init&gt;(UserManagerImp.java:85)
	at com.inovis.mss.user.UserManager.getManager(UserManager.java:60)
	at test.com.inovis.mss.user.TestUserManager.setUp(TestUserManager.java:137)
Caused by: class com.inovis.b2b.lib.service.ServiceUnavailableException: [LIBP-00001] Unable to connect to naming service
	at com.inovis.b2b.lib.service.ServiceLocator.getInitialContext(ServiceLocator.java:214)
	at com.inovis.b2b.lib.service.ServiceLocator.&lt;init&gt;(ServiceLocator.java:183)
	at com.inovis.b2b.lib.service.ServiceLocator.getInstance(ServiceLocator.java:167)
	at com.inovis.b2b.lib.service.ServiceLocator.getInstance(ServiceLocator.java:150)
	at com.inovis.mss.user.defs.UserManagerImp.&lt;init&gt;(UserManagerImp.java:79)
	... 16 more
Caused by: javax.naming.CommunicationException [Root exception is java.net.ConnectException: t3://localhost:7001: Destination unreachable; nested exception is: 
	java.net.ConnectException: Connection refused: connect; No available router to destination]
	at weblogic.jndi.internal.ExceptionTranslator.toNamingException(ExceptionTranslator.java:49)
	at weblogic.jndi.WLInitialContextFactoryDelegate.toNamingException(WLInitialContextFactoryDelegate.java:765)
	at weblogic.jndi.WLInitialContextFactoryDelegate.getInitialContext(WLInitialContextFactoryDelegate.java:364)
	at weblogic.jndi.Environment.getContext(Environment.java:307)
	at weblogic.jndi.Environment.getContext(Environment.java:277)
	at weblogic.jndi.WLInitialContextFactory.getInitialContext(WLInitialContextFactory.java:117)
	at javax.naming.spi.NamingManager.getInitialContext(NamingManager.java:667)
	at javax.naming.InitialContext.getDefaultInitCtx(InitialContext.java:247)
	at javax.naming.InitialContext.init(InitialContext.java:223)
	at javax.naming.InitialContext.&lt;init&gt;(InitialContext.java:175)
	at com.inovis.b2b.lib.service.ServiceLocator.getInitialContext(ServiceLocator.java:206)
	... 20 more
Caused by: java.net.ConnectException: t3://localhost:7001: Destination unreachable; nested exception is: 
	java.net.ConnectException: Connection refused: connect; No available router to destination
	at weblogic.rjvm.RJVMFinder.findOrCreate(RJVMFinder.java:204)
	at weblogic.rjvm.ServerURL.findOrCreateRJVM(ServerURL.java:154)
	at weblogic.jndi.WLInitialContextFactoryDelegate.getInitialContext(WLInitialContextFactoryDelegate.java:349)
	... 28 more
Caused by: java.rmi.ConnectException: Destination unreachable; nested exception is: 
	java.net.ConnectException: Connection refused: connect; No available router to destination
	at weblogic.rjvm.ConnectionManager.bootstrap(ConnectionManager.java:472)
	at weblogic.rjvm.ConnectionManager.bootstrap(ConnectionManager.java:323)
	at weblogic.rjvm.RJVMManager.findOrCreateRemoteInternal(RJVMManager.java:259)
	at weblogic.rjvm.RJVMManager.findOrCreate(RJVMManager.java:202)
	at weblogic.rjvm.RJVMFinder.findOrCreateRemoteServer(RJVMFinder.java:226)
	at weblogic.rjvm.RJVMFinder.findOrCreate(RJVMFinder.java:189)
	... 30 more
</error>
  </testcase>
  <testcase classname="test.com.inovis.mss.user.TestUserManager" name="testSaveUserPasswordIllegalPassword" time="2.761">
    <error message="[USER-00101] Failed to get a reference to the Home interface of the UserFacade EJB. This is an EJB error that probably stems from an incorrect deployment, a network problem, or the failure of an EJB server." type="com.inovis.b2b.lib.exception.OperationFailedException">class com.inovis.b2b.lib.exception.OperationFailedException: [USER-00101] Failed to get a reference to the Home interface of the UserFacade EJB. This is an EJB error that probably stems from an incorrect deployment, a network problem, or the failure of an EJB server.
	at com.inovis.mss.user.defs.UserManagerImp.&lt;init&gt;(UserManagerImp.java:85)
	at com.inovis.mss.user.UserManager.getManager(UserManager.java:60)
	at test.com.inovis.mss.user.TestUserManager.setUp(TestUserManager.java:137)
Caused by: class com.inovis.b2b.lib.service.ServiceUnavailableException: [LIBP-00001] Unable to connect to naming service
	at com.inovis.b2b.lib.service.ServiceLocator.getInitialContext(ServiceLocator.java:214)
	at com.inovis.b2b.lib.service.ServiceLocator.&lt;init&gt;(ServiceLocator.java:183)
	at com.inovis.b2b.lib.service.ServiceLocator.getInstance(ServiceLocator.java:167)
	at com.inovis.b2b.lib.service.ServiceLocator.getInstance(ServiceLocator.java:150)
	at com.inovis.mss.user.defs.UserManagerImp.&lt;init&gt;(UserManagerImp.java:79)
	... 16 more
Caused by: javax.naming.CommunicationException [Root exception is java.net.ConnectException: t3://localhost:7001: Destination unreachable; nested exception is: 
	java.net.ConnectException: Connection refused: connect; No available router to destination]
	at weblogic.jndi.internal.ExceptionTranslator.toNamingException(ExceptionTranslator.java:49)
	at weblogic.jndi.WLInitialContextFactoryDelegate.toNamingException(WLInitialContextFactoryDelegate.java:765)
	at weblogic.jndi.WLInitialContextFactoryDelegate.getInitialContext(WLInitialContextFactoryDelegate.java:364)
	at weblogic.jndi.Environment.getContext(Environment.java:307)
	at weblogic.jndi.Environment.getContext(Environment.java:277)
	at weblogic.jndi.WLInitialContextFactory.getInitialContext(WLInitialContextFactory.java:117)
	at javax.naming.spi.NamingManager.getInitialContext(NamingManager.java:667)
	at javax.naming.InitialContext.getDefaultInitCtx(InitialContext.java:247)
	at javax.naming.InitialContext.init(InitialContext.java:223)
	at javax.naming.InitialContext.&lt;init&gt;(InitialContext.java:175)
	at com.inovis.b2b.lib.service.ServiceLocator.getInitialContext(ServiceLocator.java:206)
	... 20 more
Caused by: java.net.ConnectException: t3://localhost:7001: Destination unreachable; nested exception is: 
	java.net.ConnectException: Connection refused: connect; No available router to destination
	at weblogic.rjvm.RJVMFinder.findOrCreate(RJVMFinder.java:204)
	at weblogic.rjvm.ServerURL.findOrCreateRJVM(ServerURL.java:154)
	at weblogic.jndi.WLInitialContextFactoryDelegate.getInitialContext(WLInitialContextFactoryDelegate.java:349)
	... 28 more
Caused by: java.rmi.ConnectException: Destination unreachable; nested exception is: 
	java.net.ConnectException: Connection refused: connect; No available router to destination
	at weblogic.rjvm.ConnectionManager.bootstrap(ConnectionManager.java:472)
	at weblogic.rjvm.ConnectionManager.bootstrap(ConnectionManager.java:323)
	at weblogic.rjvm.RJVMManager.findOrCreateRemoteInternal(RJVMManager.java:259)
	at weblogic.rjvm.RJVMManager.findOrCreate(RJVMManager.java:202)
	at weblogic.rjvm.RJVMFinder.findOrCreateRemoteServer(RJVMFinder.java:226)
	at weblogic.rjvm.RJVMFinder.findOrCreate(RJVMFinder.java:189)
	... 30 more
</error>
  </testcase>
  <testcase classname="test.com.inovis.mss.user.TestUserManager" name="testDeleteRole" time="2.479">
    <error message="[USER-00101] Failed to get a reference to the Home interface of the UserFacade EJB. This is an EJB error that probably stems from an incorrect deployment, a network problem, or the failure of an EJB server." type="com.inovis.b2b.lib.exception.OperationFailedException">class com.inovis.b2b.lib.exception.OperationFailedException: [USER-00101] Failed to get a reference to the Home interface of the UserFacade EJB. This is an EJB error that probably stems from an incorrect deployment, a network problem, or the failure of an EJB server.
	at com.inovis.mss.user.defs.UserManagerImp.&lt;init&gt;(UserManagerImp.java:85)
	at com.inovis.mss.user.UserManager.getManager(UserManager.java:60)
	at test.com.inovis.mss.user.TestUserManager.setUp(TestUserManager.java:137)
Caused by: class com.inovis.b2b.lib.service.ServiceUnavailableException: [LIBP-00001] Unable to connect to naming service
	at com.inovis.b2b.lib.service.ServiceLocator.getInitialContext(ServiceLocator.java:214)
	at com.inovis.b2b.lib.service.ServiceLocator.&lt;init&gt;(ServiceLocator.java:183)
	at com.inovis.b2b.lib.service.ServiceLocator.getInstance(ServiceLocator.java:167)
	at com.inovis.b2b.lib.service.ServiceLocator.getInstance(ServiceLocator.java:150)
	at com.inovis.mss.user.defs.UserManagerImp.&lt;init&gt;(UserManagerImp.java:79)
	... 16 more
Caused by: javax.naming.CommunicationException [Root exception is java.net.ConnectException: t3://localhost:7001: Destination unreachable; nested exception is: 
	java.net.ConnectException: Connection refused: connect; No available router to destination]
	at weblogic.jndi.internal.ExceptionTranslator.toNamingException(ExceptionTranslator.java:49)
	at weblogic.jndi.WLInitialContextFactoryDelegate.toNamingException(WLInitialContextFactoryDelegate.java:765)
	at weblogic.jndi.WLInitialContextFactoryDelegate.getInitialContext(WLInitialContextFactoryDelegate.java:364)
	at weblogic.jndi.Environment.getContext(Environment.java:307)
	at weblogic.jndi.Environment.getContext(Environment.java:277)
	at weblogic.jndi.WLInitialContextFactory.getInitialContext(WLInitialContextFactory.java:117)
	at javax.naming.spi.NamingManager.getInitialContext(NamingManager.java:667)
	at javax.naming.InitialContext.getDefaultInitCtx(InitialContext.java:247)
	at javax.naming.InitialContext.init(InitialContext.java:223)
	at javax.naming.InitialContext.&lt;init&gt;(InitialContext.java:175)
	at com.inovis.b2b.lib.service.ServiceLocator.getInitialContext(ServiceLocator.java:206)
	... 20 more
Caused by: java.net.ConnectException: t3://localhost:7001: Destination unreachable; nested exception is: 
	java.net.ConnectException: Connection refused: connect; No available router to destination
	at weblogic.rjvm.RJVMFinder.findOrCreate(RJVMFinder.java:204)
	at weblogic.rjvm.ServerURL.findOrCreateRJVM(ServerURL.java:154)
	at weblogic.jndi.WLInitialContextFactoryDelegate.getInitialContext(WLInitialContextFactoryDelegate.java:349)
	... 28 more
Caused by: java.rmi.ConnectException: Destination unreachable; nested exception is: 
	java.net.ConnectException: Connection refused: connect; No available router to destination
	at weblogic.rjvm.ConnectionManager.bootstrap(ConnectionManager.java:472)
	at weblogic.rjvm.ConnectionManager.bootstrap(ConnectionManager.java:323)
	at weblogic.rjvm.RJVMManager.findOrCreateRemoteInternal(RJVMManager.java:259)
	at weblogic.rjvm.RJVMManager.findOrCreate(RJVMManager.java:202)
	at weblogic.rjvm.RJVMFinder.findOrCreateRemoteServer(RJVMFinder.java:226)
	at weblogic.rjvm.RJVMFinder.findOrCreate(RJVMFinder.java:189)
	... 30 more
</error>
  </testcase>
  <testcase classname="test.com.inovis.mss.user.TestUserManager" name="testCreateQuestionPass" time="2.277">
    <error message="[USER-00101] Failed to get a reference to the Home interface of the UserFacade EJB. This is an EJB error that probably stems from an incorrect deployment, a network problem, or the failure of an EJB server." type="com.inovis.b2b.lib.exception.OperationFailedException">class com.inovis.b2b.lib.exception.OperationFailedException: [USER-00101] Failed to get a reference to the Home interface of the UserFacade EJB. This is an EJB error that probably stems from an incorrect deployment, a network problem, or the failure of an EJB server.
	at com.inovis.mss.user.defs.UserManagerImp.&lt;init&gt;(UserManagerImp.java:85)
	at com.inovis.mss.user.UserManager.getManager(UserManager.java:60)
	at test.com.inovis.mss.user.TestUserManager.setUp(TestUserManager.java:137)
Caused by: class com.inovis.b2b.lib.service.ServiceUnavailableException: [LIBP-00001] Unable to connect to naming service
	at com.inovis.b2b.lib.service.ServiceLocator.getInitialContext(ServiceLocator.java:214)
	at com.inovis.b2b.lib.service.ServiceLocator.&lt;init&gt;(ServiceLocator.java:183)
	at com.inovis.b2b.lib.service.ServiceLocator.getInstance(ServiceLocator.java:167)
	at com.inovis.b2b.lib.service.ServiceLocator.getInstance(ServiceLocator.java:150)
	at com.inovis.mss.user.defs.UserManagerImp.&lt;init&gt;(UserManagerImp.java:79)
	... 16 more
Caused by: javax.naming.CommunicationException [Root exception is java.net.ConnectException: t3://localhost:7001: Destination unreachable; nested exception is: 
	java.net.ConnectException: Connection refused: connect; No available router to destination]
	at weblogic.jndi.internal.ExceptionTranslator.toNamingException(ExceptionTranslator.java:49)
	at weblogic.jndi.WLInitialContextFactoryDelegate.toNamingException(WLInitialContextFactoryDelegate.java:765)
	at weblogic.jndi.WLInitialContextFactoryDelegate.getInitialContext(WLInitialContextFactoryDelegate.java:364)
	at weblogic.jndi.Environment.getContext(Environment.java:307)
	at weblogic.jndi.Environment.getContext(Environment.java:277)
	at weblogic.jndi.WLInitialContextFactory.getInitialContext(WLInitialContextFactory.java:117)
	at javax.naming.spi.NamingManager.getInitialContext(NamingManager.java:667)
	at javax.naming.InitialContext.getDefaultInitCtx(InitialContext.java:247)
	at javax.naming.InitialContext.init(InitialContext.java:223)
	at javax.naming.InitialContext.&lt;init&gt;(InitialContext.java:175)
	at com.inovis.b2b.lib.service.ServiceLocator.getInitialContext(ServiceLocator.java:206)
	... 20 more
Caused by: java.net.ConnectException: t3://localhost:7001: Destination unreachable; nested exception is: 
	java.net.ConnectException: Connection refused: connect; No available router to destination
	at weblogic.rjvm.RJVMFinder.findOrCreate(RJVMFinder.java:204)
	at weblogic.rjvm.ServerURL.findOrCreateRJVM(ServerURL.java:154)
	at weblogic.jndi.WLInitialContextFactoryDelegate.getInitialContext(WLInitialContextFactoryDelegate.java:349)
	... 28 more
Caused by: java.rmi.ConnectException: Destination unreachable; nested exception is: 
	java.net.ConnectException: Connection refused: connect; No available router to destination
	at weblogic.rjvm.ConnectionManager.bootstrap(ConnectionManager.java:472)
	at weblogic.rjvm.ConnectionManager.bootstrap(ConnectionManager.java:323)
	at weblogic.rjvm.RJVMManager.findOrCreateRemoteInternal(RJVMManager.java:259)
	at weblogic.rjvm.RJVMManager.findOrCreate(RJVMManager.java:202)
	at weblogic.rjvm.RJVMFinder.findOrCreateRemoteServer(RJVMFinder.java:226)
	at weblogic.rjvm.RJVMFinder.findOrCreate(RJVMFinder.java:189)
	... 30 more
</error>
  </testcase>
  <testcase classname="test.com.inovis.mss.user.TestUserManager" name="testCreateQuestionEmpty" time="2.074">
    <error message="[USER-00101] Failed to get a reference to the Home interface of the UserFacade EJB. This is an EJB error that probably stems from an incorrect deployment, a network problem, or the failure of an EJB server." type="com.inovis.b2b.lib.exception.OperationFailedException">class com.inovis.b2b.lib.exception.OperationFailedException: [USER-00101] Failed to get a reference to the Home interface of the UserFacade EJB. This is an EJB error that probably stems from an incorrect deployment, a network problem, or the failure of an EJB server.
	at com.inovis.mss.user.defs.UserManagerImp.&lt;init&gt;(UserManagerImp.java:85)
	at com.inovis.mss.user.UserManager.getManager(UserManager.java:60)
	at test.com.inovis.mss.user.TestUserManager.setUp(TestUserManager.java:137)
Caused by: class com.inovis.b2b.lib.service.ServiceUnavailableException: [LIBP-00001] Unable to connect to naming service
	at com.inovis.b2b.lib.service.ServiceLocator.getInitialContext(ServiceLocator.java:214)
	at com.inovis.b2b.lib.service.ServiceLocator.&lt;init&gt;(ServiceLocator.java:183)
	at com.inovis.b2b.lib.service.ServiceLocator.getInstance(ServiceLocator.java:167)
	at com.inovis.b2b.lib.service.ServiceLocator.getInstance(ServiceLocator.java:150)
	at com.inovis.mss.user.defs.UserManagerImp.&lt;init&gt;(UserManagerImp.java:79)
	... 16 more
Caused by: javax.naming.CommunicationException [Root exception is java.net.ConnectException: t3://localhost:7001: Destination unreachable; nested exception is: 
	java.net.ConnectException: Connection refused: connect; No available router to destination]
	at weblogic.jndi.internal.ExceptionTranslator.toNamingException(ExceptionTranslator.java:49)
	at weblogic.jndi.WLInitialContextFactoryDelegate.toNamingException(WLInitialContextFactoryDelegate.java:765)
	at weblogic.jndi.WLInitialContextFactoryDelegate.getInitialContext(WLInitialContextFactoryDelegate.java:364)
	at weblogic.jndi.Environment.getContext(Environment.java:307)
	at weblogic.jndi.Environment.getContext(Environment.java:277)
	at weblogic.jndi.WLInitialContextFactory.getInitialContext(WLInitialContextFactory.java:117)
	at javax.naming.spi.NamingManager.getInitialContext(NamingManager.java:667)
	at javax.naming.InitialContext.getDefaultInitCtx(InitialContext.java:247)
	at javax.naming.InitialContext.init(InitialContext.java:223)
	at javax.naming.InitialContext.&lt;init&gt;(InitialContext.java:175)
	at com.inovis.b2b.lib.service.ServiceLocator.getInitialContext(ServiceLocator.java:206)
	... 20 more
Caused by: java.net.ConnectException: t3://localhost:7001: Destination unreachable; nested exception is: 
	java.net.ConnectException: Connection refused: connect; No available router to destination
	at weblogic.rjvm.RJVMFinder.findOrCreate(RJVMFinder.java:204)
	at weblogic.rjvm.ServerURL.findOrCreateRJVM(ServerURL.java:154)
	at weblogic.jndi.WLInitialContextFactoryDelegate.getInitialContext(WLInitialContextFactoryDelegate.java:349)
	... 28 more
Caused by: java.rmi.ConnectException: Destination unreachable; nested exception is: 
	java.net.ConnectException: Connection refused: connect; No available router to destination
	at weblogic.rjvm.ConnectionManager.bootstrap(ConnectionManager.java:472)
	at weblogic.rjvm.ConnectionManager.bootstrap(ConnectionManager.java:323)
	at weblogic.rjvm.RJVMManager.findOrCreateRemoteInternal(RJVMManager.java:259)
	at weblogic.rjvm.RJVMManager.findOrCreate(RJVMManager.java:202)
	at weblogic.rjvm.RJVMFinder.findOrCreateRemoteServer(RJVMFinder.java:226)
	at weblogic.rjvm.RJVMFinder.findOrCreate(RJVMFinder.java:189)
	... 30 more
</error>
  </testcase>
  <testcase classname="test.com.inovis.mss.user.TestUserManager" name="testCreateQuestionNull" time="2.277">
    <error message="[USER-00101] Failed to get a reference to the Home interface of the UserFacade EJB. This is an EJB error that probably stems from an incorrect deployment, a network problem, or the failure of an EJB server." type="com.inovis.b2b.lib.exception.OperationFailedException">class com.inovis.b2b.lib.exception.OperationFailedException: [USER-00101] Failed to get a reference to the Home interface of the UserFacade EJB. This is an EJB error that probably stems from an incorrect deployment, a network problem, or the failure of an EJB server.
	at com.inovis.mss.user.defs.UserManagerImp.&lt;init&gt;(UserManagerImp.java:85)
	at com.inovis.mss.user.UserManager.getManager(UserManager.java:60)
	at test.com.inovis.mss.user.TestUserManager.setUp(TestUserManager.java:137)
Caused by: class com.inovis.b2b.lib.service.ServiceUnavailableException: [LIBP-00001] Unable to connect to naming service
	at com.inovis.b2b.lib.service.ServiceLocator.getInitialContext(ServiceLocator.java:214)
	at com.inovis.b2b.lib.service.ServiceLocator.&lt;init&gt;(ServiceLocator.java:183)
	at com.inovis.b2b.lib.service.ServiceLocator.getInstance(ServiceLocator.java:167)
	at com.inovis.b2b.lib.service.ServiceLocator.getInstance(ServiceLocator.java:150)
	at com.inovis.mss.user.defs.UserManagerImp.&lt;init&gt;(UserManagerImp.java:79)
	... 16 more
Caused by: javax.naming.CommunicationException [Root exception is java.net.ConnectException: t3://localhost:7001: Destination unreachable; nested exception is: 
	java.net.ConnectException: Connection refused: connect; No available router to destination]
	at weblogic.jndi.internal.ExceptionTranslator.toNamingException(ExceptionTranslator.java:49)
	at weblogic.jndi.WLInitialContextFactoryDelegate.toNamingException(WLInitialContextFactoryDelegate.java:765)
	at weblogic.jndi.WLInitialContextFactoryDelegate.getInitialContext(WLInitialContextFactoryDelegate.java:364)
	at weblogic.jndi.Environment.getContext(Environment.java:307)
	at weblogic.jndi.Environment.getContext(Environment.java:277)
	at weblogic.jndi.WLInitialContextFactory.getInitialContext(WLInitialContextFactory.java:117)
	at javax.naming.spi.NamingManager.getInitialContext(NamingManager.java:667)
	at javax.naming.InitialContext.getDefaultInitCtx(InitialContext.java:247)
	at javax.naming.InitialContext.init(InitialContext.java:223)
	at javax.naming.InitialContext.&lt;init&gt;(InitialContext.java:175)
	at com.inovis.b2b.lib.service.ServiceLocator.getInitialContext(ServiceLocator.java:206)
	... 20 more
Caused by: java.net.ConnectException: t3://localhost:7001: Destination unreachable; nested exception is: 
	java.net.ConnectException: Connection refused: connect; No available router to destination
	at weblogic.rjvm.RJVMFinder.findOrCreate(RJVMFinder.java:204)
	at weblogic.rjvm.ServerURL.findOrCreateRJVM(ServerURL.java:154)
	at weblogic.jndi.WLInitialContextFactoryDelegate.getInitialContext(WLInitialContextFactoryDelegate.java:349)
	... 28 more
Caused by: java.rmi.ConnectException: Destination unreachable; nested exception is: 
	java.net.ConnectException: Connection refused: connect; No available router to destination
	at weblogic.rjvm.ConnectionManager.bootstrap(ConnectionManager.java:472)
	at weblogic.rjvm.ConnectionManager.bootstrap(ConnectionManager.java:323)
	at weblogic.rjvm.RJVMManager.findOrCreateRemoteInternal(RJVMManager.java:259)
	at weblogic.rjvm.RJVMManager.findOrCreate(RJVMManager.java:202)
	at weblogic.rjvm.RJVMFinder.findOrCreateRemoteServer(RJVMFinder.java:226)
	at weblogic.rjvm.RJVMFinder.findOrCreate(RJVMFinder.java:189)
	... 30 more
</error>
  </testcase>
  <testcase classname="test.com.inovis.mss.user.TestUserManager" name="testCreateQuestionDuplicate" time="2.666">
    <error message="[USER-00101] Failed to get a reference to the Home interface of the UserFacade EJB. This is an EJB error that probably stems from an incorrect deployment, a network problem, or the failure of an EJB server." type="com.inovis.b2b.lib.exception.OperationFailedException">class com.inovis.b2b.lib.exception.OperationFailedException: [USER-00101] Failed to get a reference to the Home interface of the UserFacade EJB. This is an EJB error that probably stems from an incorrect deployment, a network problem, or the failure of an EJB server.
	at com.inovis.mss.user.defs.UserManagerImp.&lt;init&gt;(UserManagerImp.java:85)
	at com.inovis.mss.user.UserManager.getManager(UserManager.java:60)
	at test.com.inovis.mss.user.TestUserManager.setUp(TestUserManager.java:137)
Caused by: class com.inovis.b2b.lib.service.ServiceUnavailableException: [LIBP-00001] Unable to connect to naming service
	at com.inovis.b2b.lib.service.ServiceLocator.getInitialContext(ServiceLocator.java:214)
	at com.inovis.b2b.lib.service.ServiceLocator.&lt;init&gt;(ServiceLocator.java:183)
	at com.inovis.b2b.lib.service.ServiceLocator.getInstance(ServiceLocator.java:167)
	at com.inovis.b2b.lib.service.ServiceLocator.getInstance(ServiceLocator.java:150)
	at com.inovis.mss.user.defs.UserManagerImp.&lt;init&gt;(UserManagerImp.java:79)
	... 16 more
Caused by: javax.naming.CommunicationException [Root exception is java.net.ConnectException: t3://localhost:7001: Destination unreachable; nested exception is: 
	java.net.ConnectException: Connection refused: connect; No available router to destination]
	at weblogic.jndi.internal.ExceptionTranslator.toNamingException(ExceptionTranslator.java:49)
	at weblogic.jndi.WLInitialContextFactoryDelegate.toNamingException(WLInitialContextFactoryDelegate.java:765)
	at weblogic.jndi.WLInitialContextFactoryDelegate.getInitialContext(WLInitialContextFactoryDelegate.java:364)
	at weblogic.jndi.Environment.getContext(Environment.java:307)
	at weblogic.jndi.Environment.getContext(Environment.java:277)
	at weblogic.jndi.WLInitialContextFactory.getInitialContext(WLInitialContextFactory.java:117)
	at javax.naming.spi.NamingManager.getInitialContext(NamingManager.java:667)
	at javax.naming.InitialContext.getDefaultInitCtx(InitialContext.java:247)
	at javax.naming.InitialContext.init(InitialContext.java:223)
	at javax.naming.InitialContext.&lt;init&gt;(InitialContext.java:175)
	at com.inovis.b2b.lib.service.ServiceLocator.getInitialContext(ServiceLocator.java:206)
	... 20 more
Caused by: java.net.ConnectException: t3://localhost:7001: Destination unreachable; nested exception is: 
	java.net.ConnectException: Connection refused: connect; No available router to destination
	at weblogic.rjvm.RJVMFinder.findOrCreate(RJVMFinder.java:204)
	at weblogic.rjvm.ServerURL.findOrCreateRJVM(ServerURL.java:154)
	at weblogic.jndi.WLInitialContextFactoryDelegate.getInitialContext(WLInitialContextFactoryDelegate.java:349)
	... 28 more
Caused by: java.rmi.ConnectException: Destination unreachable; nested exception is: 
	java.net.ConnectException: Connection refused: connect; No available router to destination
	at weblogic.rjvm.ConnectionManager.bootstrap(ConnectionManager.java:472)
	at weblogic.rjvm.ConnectionManager.bootstrap(ConnectionManager.java:323)
	at weblogic.rjvm.RJVMManager.findOrCreateRemoteInternal(RJVMManager.java:259)
	at weblogic.rjvm.RJVMManager.findOrCreate(RJVMManager.java:202)
	at weblogic.rjvm.RJVMFinder.findOrCreateRemoteServer(RJVMFinder.java:226)
	at weblogic.rjvm.RJVMFinder.findOrCreate(RJVMFinder.java:189)
	... 30 more
</error>
  </testcase>
  <testcase classname="test.com.inovis.mss.user.TestUserManager" name="testGetQuestionFail" time="2.075">
    <error message="[USER-00101] Failed to get a reference to the Home interface of the UserFacade EJB. This is an EJB error that probably stems from an incorrect deployment, a network problem, or the failure of an EJB server." type="com.inovis.b2b.lib.exception.OperationFailedException">class com.inovis.b2b.lib.exception.OperationFailedException: [USER-00101] Failed to get a reference to the Home interface of the UserFacade EJB. This is an EJB error that probably stems from an incorrect deployment, a network problem, or the failure of an EJB server.
	at com.inovis.mss.user.defs.UserManagerImp.&lt;init&gt;(UserManagerImp.java:85)
	at com.inovis.mss.user.UserManager.getManager(UserManager.java:60)
	at test.com.inovis.mss.user.TestUserManager.setUp(TestUserManager.java:137)
Caused by: class com.inovis.b2b.lib.service.ServiceUnavailableException: [LIBP-00001] Unable to connect to naming service
	at com.inovis.b2b.lib.service.ServiceLocator.getInitialContext(ServiceLocator.java:214)
	at com.inovis.b2b.lib.service.ServiceLocator.&lt;init&gt;(ServiceLocator.java:183)
	at com.inovis.b2b.lib.service.ServiceLocator.getInstance(ServiceLocator.java:167)
	at com.inovis.b2b.lib.service.ServiceLocator.getInstance(ServiceLocator.java:150)
	at com.inovis.mss.user.defs.UserManagerImp.&lt;init&gt;(UserManagerImp.java:79)
	... 16 more
Caused by: javax.naming.CommunicationException [Root exception is java.net.ConnectException: t3://localhost:7001: Destination unreachable; nested exception is: 
	java.net.ConnectException: Connection refused: connect; No available router to destination]
	at weblogic.jndi.internal.ExceptionTranslator.toNamingException(ExceptionTranslator.java:49)
	at weblogic.jndi.WLInitialContextFactoryDelegate.toNamingException(WLInitialContextFactoryDelegate.java:765)
	at weblogic.jndi.WLInitialContextFactoryDelegate.getInitialContext(WLInitialContextFactoryDelegate.java:364)
	at weblogic.jndi.Environment.getContext(Environment.java:307)
	at weblogic.jndi.Environment.getContext(Environment.java:277)
	at weblogic.jndi.WLInitialContextFactory.getInitialContext(WLInitialContextFactory.java:117)
	at javax.naming.spi.NamingManager.getInitialContext(NamingManager.java:667)
	at javax.naming.InitialContext.getDefaultInitCtx(InitialContext.java:247)
	at javax.naming.InitialContext.init(InitialContext.java:223)
	at javax.naming.InitialContext.&lt;init&gt;(InitialContext.java:175)
	at com.inovis.b2b.lib.service.ServiceLocator.getInitialContext(ServiceLocator.java:206)
	... 20 more
Caused by: java.net.ConnectException: t3://localhost:7001: Destination unreachable; nested exception is: 
	java.net.ConnectException: Connection refused: connect; No available router to destination
	at weblogic.rjvm.RJVMFinder.findOrCreate(RJVMFinder.java:204)
	at weblogic.rjvm.ServerURL.findOrCreateRJVM(ServerURL.java:154)
	at weblogic.jndi.WLInitialContextFactoryDelegate.getInitialContext(WLInitialContextFactoryDelegate.java:349)
	... 28 more
Caused by: java.rmi.ConnectException: Destination unreachable; nested exception is: 
	java.net.ConnectException: Connection refused: connect; No available router to destination
	at weblogic.rjvm.ConnectionManager.bootstrap(ConnectionManager.java:472)
	at weblogic.rjvm.ConnectionManager.bootstrap(ConnectionManager.java:323)
	at weblogic.rjvm.RJVMManager.findOrCreateRemoteInternal(RJVMManager.java:259)
	at weblogic.rjvm.RJVMManager.findOrCreate(RJVMManager.java:202)
	at weblogic.rjvm.RJVMFinder.findOrCreateRemoteServer(RJVMFinder.java:226)
	at weblogic.rjvm.RJVMFinder.findOrCreate(RJVMFinder.java:189)
	... 30 more
</error>
  </testcase>
  <testcase classname="test.com.inovis.mss.user.TestUserManager" name="testSaveQuestionSuccess" time="2.947">
    <error message="[USER-00101] Failed to get a reference to the Home interface of the UserFacade EJB. This is an EJB error that probably stems from an incorrect deployment, a network problem, or the failure of an EJB server." type="com.inovis.b2b.lib.exception.OperationFailedException">class com.inovis.b2b.lib.exception.OperationFailedException: [USER-00101] Failed to get a reference to the Home interface of the UserFacade EJB. This is an EJB error that probably stems from an incorrect deployment, a network problem, or the failure of an EJB server.
	at com.inovis.mss.user.defs.UserManagerImp.&lt;init&gt;(UserManagerImp.java:85)
	at com.inovis.mss.user.UserManager.getManager(UserManager.java:60)
	at test.com.inovis.mss.user.TestUserManager.setUp(TestUserManager.java:137)
Caused by: class com.inovis.b2b.lib.service.ServiceUnavailableException: [LIBP-00001] Unable to connect to naming service
	at com.inovis.b2b.lib.service.ServiceLocator.getInitialContext(ServiceLocator.java:214)
	at com.inovis.b2b.lib.service.ServiceLocator.&lt;init&gt;(ServiceLocator.java:183)
	at com.inovis.b2b.lib.service.ServiceLocator.getInstance(ServiceLocator.java:167)
	at com.inovis.b2b.lib.service.ServiceLocator.getInstance(ServiceLocator.java:150)
	at com.inovis.mss.user.defs.UserManagerImp.&lt;init&gt;(UserManagerImp.java:79)
	... 16 more
Caused by: javax.naming.CommunicationException [Root exception is java.net.ConnectException: t3://localhost:7001: Destination unreachable; nested exception is: 
	java.net.ConnectException: Connection refused: connect; No available router to destination]
	at weblogic.jndi.internal.ExceptionTranslator.toNamingException(ExceptionTranslator.java:49)
	at weblogic.jndi.WLInitialContextFactoryDelegate.toNamingException(WLInitialContextFactoryDelegate.java:765)
	at weblogic.jndi.WLInitialContextFactoryDelegate.getInitialContext(WLInitialContextFactoryDelegate.java:364)
	at weblogic.jndi.Environment.getContext(Environment.java:307)
	at weblogic.jndi.Environment.getContext(Environment.java:277)
	at weblogic.jndi.WLInitialContextFactory.getInitialContext(WLInitialContextFactory.java:117)
	at javax.naming.spi.NamingManager.getInitialContext(NamingManager.java:667)
	at javax.naming.InitialContext.getDefaultInitCtx(InitialContext.java:247)
	at javax.naming.InitialContext.init(InitialContext.java:223)
	at javax.naming.InitialContext.&lt;init&gt;(InitialContext.java:175)
	at com.inovis.b2b.lib.service.ServiceLocator.getInitialContext(ServiceLocator.java:206)
	... 20 more
Caused by: java.net.ConnectException: t3://localhost:7001: Destination unreachable; nested exception is: 
	java.net.ConnectException: Connection refused: connect; No available router to destination
	at weblogic.rjvm.RJVMFinder.findOrCreate(RJVMFinder.java:204)
	at weblogic.rjvm.ServerURL.findOrCreateRJVM(ServerURL.java:154)
	at weblogic.jndi.WLInitialContextFactoryDelegate.getInitialContext(WLInitialContextFactoryDelegate.java:349)
	... 28 more
Caused by: java.rmi.ConnectException: Destination unreachable; nested exception is: 
	java.net.ConnectException: Connection refused: connect; No available router to destination
	at weblogic.rjvm.ConnectionManager.bootstrap(ConnectionManager.java:472)
	at weblogic.rjvm.ConnectionManager.bootstrap(ConnectionManager.java:323)
	at weblogic.rjvm.RJVMManager.findOrCreateRemoteInternal(RJVMManager.java:259)
	at weblogic.rjvm.RJVMManager.findOrCreate(RJVMManager.java:202)
	at weblogic.rjvm.RJVMFinder.findOrCreateRemoteServer(RJVMFinder.java:226)
	at weblogic.rjvm.RJVMFinder.findOrCreate(RJVMFinder.java:189)
	... 30 more
</error>
  </testcase>
  <testcase classname="test.com.inovis.mss.user.TestUserManager" name="testSaveQuestionNull" time="1.965">
    <error message="[USER-00101] Failed to get a reference to the Home interface of the UserFacade EJB. This is an EJB error that probably stems from an incorrect deployment, a network problem, or the failure of an EJB server." type="com.inovis.b2b.lib.exception.OperationFailedException">class com.inovis.b2b.lib.exception.OperationFailedException: [USER-00101] Failed to get a reference to the Home interface of the UserFacade EJB. This is an EJB error that probably stems from an incorrect deployment, a network problem, or the failure of an EJB server.
	at com.inovis.mss.user.defs.UserManagerImp.&lt;init&gt;(UserManagerImp.java:85)
	at com.inovis.mss.user.UserManager.getManager(UserManager.java:60)
	at test.com.inovis.mss.user.TestUserManager.setUp(TestUserManager.java:137)
Caused by: class com.inovis.b2b.lib.service.ServiceUnavailableException: [LIBP-00001] Unable to connect to naming service
	at com.inovis.b2b.lib.service.ServiceLocator.getInitialContext(ServiceLocator.java:214)
	at com.inovis.b2b.lib.service.ServiceLocator.&lt;init&gt;(ServiceLocator.java:183)
	at com.inovis.b2b.lib.service.ServiceLocator.getInstance(ServiceLocator.java:167)
	at com.inovis.b2b.lib.service.ServiceLocator.getInstance(ServiceLocator.java:150)
	at com.inovis.mss.user.defs.UserManagerImp.&lt;init&gt;(UserManagerImp.java:79)
	... 16 more
Caused by: javax.naming.CommunicationException [Root exception is java.net.ConnectException: t3://localhost:7001: Destination unreachable; nested exception is: 
	java.net.ConnectException: Connection refused: connect; No available router to destination]
	at weblogic.jndi.internal.ExceptionTranslator.toNamingException(ExceptionTranslator.java:49)
	at weblogic.jndi.WLInitialContextFactoryDelegate.toNamingException(WLInitialContextFactoryDelegate.java:765)
	at weblogic.jndi.WLInitialContextFactoryDelegate.getInitialContext(WLInitialContextFactoryDelegate.java:364)
	at weblogic.jndi.Environment.getContext(Environment.java:307)
	at weblogic.jndi.Environment.getContext(Environment.java:277)
	at weblogic.jndi.WLInitialContextFactory.getInitialContext(WLInitialContextFactory.java:117)
	at javax.naming.spi.NamingManager.getInitialContext(NamingManager.java:667)
	at javax.naming.InitialContext.getDefaultInitCtx(InitialContext.java:247)
	at javax.naming.InitialContext.init(InitialContext.java:223)
	at javax.naming.InitialContext.&lt;init&gt;(InitialContext.java:175)
	at com.inovis.b2b.lib.service.ServiceLocator.getInitialContext(ServiceLocator.java:206)
	... 20 more
Caused by: java.net.ConnectException: t3://localhost:7001: Destination unreachable; nested exception is: 
	java.net.ConnectException: Connection refused: connect; No available router to destination
	at weblogic.rjvm.RJVMFinder.findOrCreate(RJVMFinder.java:204)
	at weblogic.rjvm.ServerURL.findOrCreateRJVM(ServerURL.java:154)
	at weblogic.jndi.WLInitialContextFactoryDelegate.getInitialContext(WLInitialContextFactoryDelegate.java:349)
	... 28 more
Caused by: java.rmi.ConnectException: Destination unreachable; nested exception is: 
	java.net.ConnectException: Connection refused: connect; No available router to destination
	at weblogic.rjvm.ConnectionManager.bootstrap(ConnectionManager.java:472)
	at weblogic.rjvm.ConnectionManager.bootstrap(ConnectionManager.java:323)
	at weblogic.rjvm.RJVMManager.findOrCreateRemoteInternal(RJVMManager.java:259)
	at weblogic.rjvm.RJVMManager.findOrCreate(RJVMManager.java:202)
	at weblogic.rjvm.RJVMFinder.findOrCreateRemoteServer(RJVMFinder.java:226)
	at weblogic.rjvm.RJVMFinder.findOrCreate(RJVMFinder.java:189)
	... 30 more
</error>
  </testcase>
  <testcase classname="test.com.inovis.mss.user.TestUserManager" name="testDeleteQuestion" time="2.963">
    <error message="[USER-00101] Failed to get a reference to the Home interface of the UserFacade EJB. This is an EJB error that probably stems from an incorrect deployment, a network problem, or the failure of an EJB server." type="com.inovis.b2b.lib.exception.OperationFailedException">class com.inovis.b2b.lib.exception.OperationFailedException: [USER-00101] Failed to get a reference to the Home interface of the UserFacade EJB. This is an EJB error that probably stems from an incorrect deployment, a network problem, or the failure of an EJB server.
	at com.inovis.mss.user.defs.UserManagerImp.&lt;init&gt;(UserManagerImp.java:85)
	at com.inovis.mss.user.UserManager.getManager(UserManager.java:60)
	at test.com.inovis.mss.user.TestUserManager.setUp(TestUserManager.java:137)
Caused by: class com.inovis.b2b.lib.service.ServiceUnavailableException: [LIBP-00001] Unable to connect to naming service
	at com.inovis.b2b.lib.service.ServiceLocator.getInitialContext(ServiceLocator.java:214)
	at com.inovis.b2b.lib.service.ServiceLocator.&lt;init&gt;(ServiceLocator.java:183)
	at com.inovis.b2b.lib.service.ServiceLocator.getInstance(ServiceLocator.java:167)
	at com.inovis.b2b.lib.service.ServiceLocator.getInstance(ServiceLocator.java:150)
	at com.inovis.mss.user.defs.UserManagerImp.&lt;init&gt;(UserManagerImp.java:79)
	... 16 more
Caused by: javax.naming.CommunicationException [Root exception is java.net.ConnectException: t3://localhost:7001: Destination unreachable; nested exception is: 
	java.net.ConnectException: Connection refused: connect; No available router to destination]
	at weblogic.jndi.internal.ExceptionTranslator.toNamingException(ExceptionTranslator.java:49)
	at weblogic.jndi.WLInitialContextFactoryDelegate.toNamingException(WLInitialContextFactoryDelegate.java:765)
	at weblogic.jndi.WLInitialContextFactoryDelegate.getInitialContext(WLInitialContextFactoryDelegate.java:364)
	at weblogic.jndi.Environment.getContext(Environment.java:307)
	at weblogic.jndi.Environment.getContext(Environment.java:277)
	at weblogic.jndi.WLInitialContextFactory.getInitialContext(WLInitialContextFactory.java:117)
	at javax.naming.spi.NamingManager.getInitialContext(NamingManager.java:667)
	at javax.naming.InitialContext.getDefaultInitCtx(InitialContext.java:247)
	at javax.naming.InitialContext.init(InitialContext.java:223)
	at javax.naming.InitialContext.&lt;init&gt;(InitialContext.java:175)
	at com.inovis.b2b.lib.service.ServiceLocator.getInitialContext(ServiceLocator.java:206)
	... 20 more
Caused by: java.net.ConnectException: t3://localhost:7001: Destination unreachable; nested exception is: 
	java.net.ConnectException: Connection refused: connect; No available router to destination
	at weblogic.rjvm.RJVMFinder.findOrCreate(RJVMFinder.java:204)
	at weblogic.rjvm.ServerURL.findOrCreateRJVM(ServerURL.java:154)
	at weblogic.jndi.WLInitialContextFactoryDelegate.getInitialContext(WLInitialContextFactoryDelegate.java:349)
	... 28 more
Caused by: java.rmi.ConnectException: Destination unreachable; nested exception is: 
	java.net.ConnectException: Connection refused: connect; No available router to destination
	at weblogic.rjvm.ConnectionManager.bootstrap(ConnectionManager.java:472)
	at weblogic.rjvm.ConnectionManager.bootstrap(ConnectionManager.java:323)
	at weblogic.rjvm.RJVMManager.findOrCreateRemoteInternal(RJVMManager.java:259)
	at weblogic.rjvm.RJVMManager.findOrCreate(RJVMManager.java:202)
	at weblogic.rjvm.RJVMFinder.findOrCreateRemoteServer(RJVMFinder.java:226)
	at weblogic.rjvm.RJVMFinder.findOrCreate(RJVMFinder.java:189)
	... 30 more
</error>
  </testcase>
  <testcase classname="test.com.inovis.mss.user.TestUserManager" name="testDeleteQuestionFail" time="2.105">
    <error message="[USER-00101] Failed to get a reference to the Home interface of the UserFacade EJB. This is an EJB error that probably stems from an incorrect deployment, a network problem, or the failure of an EJB server." type="com.inovis.b2b.lib.exception.OperationFailedException">class com.inovis.b2b.lib.exception.OperationFailedException: [USER-00101] Failed to get a reference to the Home interface of the UserFacade EJB. This is an EJB error that probably stems from an incorrect deployment, a network problem, or the failure of an EJB server.
	at com.inovis.mss.user.defs.UserManagerImp.&lt;init&gt;(UserManagerImp.java:85)
	at com.inovis.mss.user.UserManager.getManager(UserManager.java:60)
	at test.com.inovis.mss.user.TestUserManager.setUp(TestUserManager.java:137)
Caused by: class com.inovis.b2b.lib.service.ServiceUnavailableException: [LIBP-00001] Unable to connect to naming service
	at com.inovis.b2b.lib.service.ServiceLocator.getInitialContext(ServiceLocator.java:214)
	at com.inovis.b2b.lib.service.ServiceLocator.&lt;init&gt;(ServiceLocator.java:183)
	at com.inovis.b2b.lib.service.ServiceLocator.getInstance(ServiceLocator.java:167)
	at com.inovis.b2b.lib.service.ServiceLocator.getInstance(ServiceLocator.java:150)
	at com.inovis.mss.user.defs.UserManagerImp.&lt;init&gt;(UserManagerImp.java:79)
	... 16 more
Caused by: javax.naming.CommunicationException [Root exception is java.net.ConnectException: t3://localhost:7001: Destination unreachable; nested exception is: 
	java.net.ConnectException: Connection refused: connect; No available router to destination]
	at weblogic.jndi.internal.ExceptionTranslator.toNamingException(ExceptionTranslator.java:49)
	at weblogic.jndi.WLInitialContextFactoryDelegate.toNamingException(WLInitialContextFactoryDelegate.java:765)
	at weblogic.jndi.WLInitialContextFactoryDelegate.getInitialContext(WLInitialContextFactoryDelegate.java:364)
	at weblogic.jndi.Environment.getContext(Environment.java:307)
	at weblogic.jndi.Environment.getContext(Environment.java:277)
	at weblogic.jndi.WLInitialContextFactory.getInitialContext(WLInitialContextFactory.java:117)
	at javax.naming.spi.NamingManager.getInitialContext(NamingManager.java:667)
	at javax.naming.InitialContext.getDefaultInitCtx(InitialContext.java:247)
	at javax.naming.InitialContext.init(InitialContext.java:223)
	at javax.naming.InitialContext.&lt;init&gt;(InitialContext.java:175)
	at com.inovis.b2b.lib.service.ServiceLocator.getInitialContext(ServiceLocator.java:206)
	... 20 more
Caused by: java.net.ConnectException: t3://localhost:7001: Destination unreachable; nested exception is: 
	java.net.ConnectException: Connection refused: connect; No available router to destination
	at weblogic.rjvm.RJVMFinder.findOrCreate(RJVMFinder.java:204)
	at weblogic.rjvm.ServerURL.findOrCreateRJVM(ServerURL.java:154)
	at weblogic.jndi.WLInitialContextFactoryDelegate.getInitialContext(WLInitialContextFactoryDelegate.java:349)
	... 28 more
Caused by: java.rmi.ConnectException: Destination unreachable; nested exception is: 
	java.net.ConnectException: Connection refused: connect; No available router to destination
	at weblogic.rjvm.ConnectionManager.bootstrap(ConnectionManager.java:472)
	at weblogic.rjvm.ConnectionManager.bootstrap(ConnectionManager.java:323)
	at weblogic.rjvm.RJVMManager.findOrCreateRemoteInternal(RJVMManager.java:259)
	at weblogic.rjvm.RJVMManager.findOrCreate(RJVMManager.java:202)
	at weblogic.rjvm.RJVMFinder.findOrCreateRemoteServer(RJVMFinder.java:226)
	at weblogic.rjvm.RJVMFinder.findOrCreate(RJVMFinder.java:189)
	... 30 more
</error>
  </testcase>
  <testcase classname="test.com.inovis.mss.user.TestUserManager" name="testGetAllQuestions" time="2.854">
    <error message="[USER-00101] Failed to get a reference to the Home interface of the UserFacade EJB. This is an EJB error that probably stems from an incorrect deployment, a network problem, or the failure of an EJB server." type="com.inovis.b2b.lib.exception.OperationFailedException">class com.inovis.b2b.lib.exception.OperationFailedException: [USER-00101] Failed to get a reference to the Home interface of the UserFacade EJB. This is an EJB error that probably stems from an incorrect deployment, a network problem, or the failure of an EJB server.
	at com.inovis.mss.user.defs.UserManagerImp.&lt;init&gt;(UserManagerImp.java:85)
	at com.inovis.mss.user.UserManager.getManager(UserManager.java:60)
	at test.com.inovis.mss.user.TestUserManager.setUp(TestUserManager.java:137)
Caused by: class com.inovis.b2b.lib.service.ServiceUnavailableException: [LIBP-00001] Unable to connect to naming service
	at com.inovis.b2b.lib.service.ServiceLocator.getInitialContext(ServiceLocator.java:214)
	at com.inovis.b2b.lib.service.ServiceLocator.&lt;init&gt;(ServiceLocator.java:183)
	at com.inovis.b2b.lib.service.ServiceLocator.getInstance(ServiceLocator.java:167)
	at com.inovis.b2b.lib.service.ServiceLocator.getInstance(ServiceLocator.java:150)
	at com.inovis.mss.user.defs.UserManagerImp.&lt;init&gt;(UserManagerImp.java:79)
	... 16 more
Caused by: javax.naming.CommunicationException [Root exception is java.net.ConnectException: t3://localhost:7001: Destination unreachable; nested exception is: 
	java.net.ConnectException: Connection refused: connect; No available router to destination]
	at weblogic.jndi.internal.ExceptionTranslator.toNamingException(ExceptionTranslator.java:49)
	at weblogic.jndi.WLInitialContextFactoryDelegate.toNamingException(WLInitialContextFactoryDelegate.java:765)
	at weblogic.jndi.WLInitialContextFactoryDelegate.getInitialContext(WLInitialContextFactoryDelegate.java:364)
	at weblogic.jndi.Environment.getContext(Environment.java:307)
	at weblogic.jndi.Environment.getContext(Environment.java:277)
	at weblogic.jndi.WLInitialContextFactory.getInitialContext(WLInitialContextFactory.java:117)
	at javax.naming.spi.NamingManager.getInitialContext(NamingManager.java:667)
	at javax.naming.InitialContext.getDefaultInitCtx(InitialContext.java:247)
	at javax.naming.InitialContext.init(InitialContext.java:223)
	at javax.naming.InitialContext.&lt;init&gt;(InitialContext.java:175)
	at com.inovis.b2b.lib.service.ServiceLocator.getInitialContext(ServiceLocator.java:206)
	... 20 more
Caused by: java.net.ConnectException: t3://localhost:7001: Destination unreachable; nested exception is: 
	java.net.ConnectException: Connection refused: connect; No available router to destination
	at weblogic.rjvm.RJVMFinder.findOrCreate(RJVMFinder.java:204)
	at weblogic.rjvm.ServerURL.findOrCreateRJVM(ServerURL.java:154)
	at weblogic.jndi.WLInitialContextFactoryDelegate.getInitialContext(WLInitialContextFactoryDelegate.java:349)
	... 28 more
Caused by: java.rmi.ConnectException: Destination unreachable; nested exception is: 
	java.net.ConnectException: Connection refused: connect; No available router to destination
	at weblogic.rjvm.ConnectionManager.bootstrap(ConnectionManager.java:472)
	at weblogic.rjvm.ConnectionManager.bootstrap(ConnectionManager.java:323)
	at weblogic.rjvm.RJVMManager.findOrCreateRemoteInternal(RJVMManager.java:259)
	at weblogic.rjvm.RJVMManager.findOrCreate(RJVMManager.java:202)
	at weblogic.rjvm.RJVMFinder.findOrCreateRemoteServer(RJVMFinder.java:226)
	at weblogic.rjvm.RJVMFinder.findOrCreate(RJVMFinder.java:189)
	... 30 more
</error>
  </testcase>
  <testcase classname="test.com.inovis.mss.user.TestUserManager" name="testChangeAllUserWithQuestion" time="2.588">
    <error message="[USER-00101] Failed to get a reference to the Home interface of the UserFacade EJB. This is an EJB error that probably stems from an incorrect deployment, a network problem, or the failure of an EJB server." type="com.inovis.b2b.lib.exception.OperationFailedException">class com.inovis.b2b.lib.exception.OperationFailedException: [USER-00101] Failed to get a reference to the Home interface of the UserFacade EJB. This is an EJB error that probably stems from an incorrect deployment, a network problem, or the failure of an EJB server.
	at com.inovis.mss.user.defs.UserManagerImp.&lt;init&gt;(UserManagerImp.java:85)
	at com.inovis.mss.user.UserManager.getManager(UserManager.java:60)
	at test.com.inovis.mss.user.TestUserManager.setUp(TestUserManager.java:137)
Caused by: class com.inovis.b2b.lib.service.ServiceUnavailableException: [LIBP-00001] Unable to connect to naming service
	at com.inovis.b2b.lib.service.ServiceLocator.getInitialContext(ServiceLocator.java:214)
	at com.inovis.b2b.lib.service.ServiceLocator.&lt;init&gt;(ServiceLocator.java:183)
	at com.inovis.b2b.lib.service.ServiceLocator.getInstance(ServiceLocator.java:167)
	at com.inovis.b2b.lib.service.ServiceLocator.getInstance(ServiceLocator.java:150)
	at com.inovis.mss.user.defs.UserManagerImp.&lt;init&gt;(UserManagerImp.java:79)
	... 16 more
Caused by: javax.naming.CommunicationException [Root exception is java.net.ConnectException: t3://localhost:7001: Destination unreachable; nested exception is: 
	java.net.ConnectException: Connection refused: connect; No available router to destination]
	at weblogic.jndi.internal.ExceptionTranslator.toNamingException(ExceptionTranslator.java:49)
	at weblogic.jndi.WLInitialContextFactoryDelegate.toNamingException(WLInitialContextFactoryDelegate.java:765)
	at weblogic.jndi.WLInitialContextFactoryDelegate.getInitialContext(WLInitialContextFactoryDelegate.java:364)
	at weblogic.jndi.Environment.getContext(Environment.java:307)
	at weblogic.jndi.Environment.getContext(Environment.java:277)
	at weblogic.jndi.WLInitialContextFactory.getInitialContext(WLInitialContextFactory.java:117)
	at javax.naming.spi.NamingManager.getInitialContext(NamingManager.java:667)
	at javax.naming.InitialContext.getDefaultInitCtx(InitialContext.java:247)
	at javax.naming.InitialContext.init(InitialContext.java:223)
	at javax.naming.InitialContext.&lt;init&gt;(InitialContext.java:175)
	at com.inovis.b2b.lib.service.ServiceLocator.getInitialContext(ServiceLocator.java:206)
	... 20 more
Caused by: java.net.ConnectException: t3://localhost:7001: Destination unreachable; nested exception is: 
	java.net.ConnectException: Connection refused: connect; No available router to destination
	at weblogic.rjvm.RJVMFinder.findOrCreate(RJVMFinder.java:204)
	at weblogic.rjvm.ServerURL.findOrCreateRJVM(ServerURL.java:154)
	at weblogic.jndi.WLInitialContextFactoryDelegate.getInitialContext(WLInitialContextFactoryDelegate.java:349)
	... 28 more
Caused by: java.rmi.ConnectException: Destination unreachable; nested exception is: 
	java.net.ConnectException: Connection refused: connect; No available router to destination
	at weblogic.rjvm.ConnectionManager.bootstrap(ConnectionManager.java:472)
	at weblogic.rjvm.ConnectionManager.bootstrap(ConnectionManager.java:323)
	at weblogic.rjvm.RJVMManager.findOrCreateRemoteInternal(RJVMManager.java:259)
	at weblogic.rjvm.RJVMManager.findOrCreate(RJVMManager.java:202)
	at weblogic.rjvm.RJVMFinder.findOrCreateRemoteServer(RJVMFinder.java:226)
	at weblogic.rjvm.RJVMFinder.findOrCreate(RJVMFinder.java:189)
	... 30 more
</error>
  </testcase>
  <testcase classname="test.com.inovis.mss.user.TestUserManager" name="testCreateUserConstructor2" time="2.449">
    <error message="[USER-00101] Failed to get a reference to the Home interface of the UserFacade EJB. This is an EJB error that probably stems from an incorrect deployment, a network problem, or the failure of an EJB server." type="com.inovis.b2b.lib.exception.OperationFailedException">class com.inovis.b2b.lib.exception.OperationFailedException: [USER-00101] Failed to get a reference to the Home interface of the UserFacade EJB. This is an EJB error that probably stems from an incorrect deployment, a network problem, or the failure of an EJB server.
	at com.inovis.mss.user.defs.UserManagerImp.&lt;init&gt;(UserManagerImp.java:85)
	at com.inovis.mss.user.UserManager.getManager(UserManager.java:60)
	at test.com.inovis.mss.user.TestUserManager.setUp(TestUserManager.java:137)
Caused by: class com.inovis.b2b.lib.service.ServiceUnavailableException: [LIBP-00001] Unable to connect to naming service
	at com.inovis.b2b.lib.service.ServiceLocator.getInitialContext(ServiceLocator.java:214)
	at com.inovis.b2b.lib.service.ServiceLocator.&lt;init&gt;(ServiceLocator.java:183)
	at com.inovis.b2b.lib.service.ServiceLocator.getInstance(ServiceLocator.java:167)
	at com.inovis.b2b.lib.service.ServiceLocator.getInstance(ServiceLocator.java:150)
	at com.inovis.mss.user.defs.UserManagerImp.&lt;init&gt;(UserManagerImp.java:79)
	... 16 more
Caused by: javax.naming.CommunicationException [Root exception is java.net.ConnectException: t3://localhost:7001: Destination unreachable; nested exception is: 
	java.net.ConnectException: Connection refused: connect; No available router to destination]
	at weblogic.jndi.internal.ExceptionTranslator.toNamingException(ExceptionTranslator.java:49)
	at weblogic.jndi.WLInitialContextFactoryDelegate.toNamingException(WLInitialContextFactoryDelegate.java:765)
	at weblogic.jndi.WLInitialContextFactoryDelegate.getInitialContext(WLInitialContextFactoryDelegate.java:364)
	at weblogic.jndi.Environment.getContext(Environment.java:307)
	at weblogic.jndi.Environment.getContext(Environment.java:277)
	at weblogic.jndi.WLInitialContextFactory.getInitialContext(WLInitialContextFactory.java:117)
	at javax.naming.spi.NamingManager.getInitialContext(NamingManager.java:667)
	at javax.naming.InitialContext.getDefaultInitCtx(InitialContext.java:247)
	at javax.naming.InitialContext.init(InitialContext.java:223)
	at javax.naming.InitialContext.&lt;init&gt;(InitialContext.java:175)
	at com.inovis.b2b.lib.service.ServiceLocator.getInitialContext(ServiceLocator.java:206)
	... 20 more
Caused by: java.net.ConnectException: t3://localhost:7001: Destination unreachable; nested exception is: 
	java.net.ConnectException: Connection refused: connect; No available router to destination
	at weblogic.rjvm.RJVMFinder.findOrCreate(RJVMFinder.java:204)
	at weblogic.rjvm.ServerURL.findOrCreateRJVM(ServerURL.java:154)
	at weblogic.jndi.WLInitialContextFactoryDelegate.getInitialContext(WLInitialContextFactoryDelegate.java:349)
	... 28 more
Caused by: java.rmi.ConnectException: Destination unreachable; nested exception is: 
	java.net.ConnectException: Connection refused: connect; No available router to destination
	at weblogic.rjvm.ConnectionManager.bootstrap(ConnectionManager.java:472)
	at weblogic.rjvm.ConnectionManager.bootstrap(ConnectionManager.java:323)
	at weblogic.rjvm.RJVMManager.findOrCreateRemoteInternal(RJVMManager.java:259)
	at weblogic.rjvm.RJVMManager.findOrCreate(RJVMManager.java:202)
	at weblogic.rjvm.RJVMFinder.findOrCreateRemoteServer(RJVMFinder.java:226)
	at weblogic.rjvm.RJVMFinder.findOrCreate(RJVMFinder.java:189)
	... 30 more
</error>
  </testcase>
  <testcase classname="test.com.inovis.mss.user.TestUserManager" name="testCreateUserContact" time="2.495">
    <error message="[USER-00101] Failed to get a reference to the Home interface of the UserFacade EJB. This is an EJB error that probably stems from an incorrect deployment, a network problem, or the failure of an EJB server." type="com.inovis.b2b.lib.exception.OperationFailedException">class com.inovis.b2b.lib.exception.OperationFailedException: [USER-00101] Failed to get a reference to the Home interface of the UserFacade EJB. This is an EJB error that probably stems from an incorrect deployment, a network problem, or the failure of an EJB server.
	at com.inovis.mss.user.defs.UserManagerImp.&lt;init&gt;(UserManagerImp.java:85)
	at com.inovis.mss.user.UserManager.getManager(UserManager.java:60)
	at test.com.inovis.mss.user.TestUserManager.setUp(TestUserManager.java:137)
Caused by: class com.inovis.b2b.lib.service.ServiceUnavailableException: [LIBP-00001] Unable to connect to naming service
	at com.inovis.b2b.lib.service.ServiceLocator.getInitialContext(ServiceLocator.java:214)
	at com.inovis.b2b.lib.service.ServiceLocator.&lt;init&gt;(ServiceLocator.java:183)
	at com.inovis.b2b.lib.service.ServiceLocator.getInstance(ServiceLocator.java:167)
	at com.inovis.b2b.lib.service.ServiceLocator.getInstance(ServiceLocator.java:150)
	at com.inovis.mss.user.defs.UserManagerImp.&lt;init&gt;(UserManagerImp.java:79)
	... 16 more
Caused by: javax.naming.CommunicationException [Root exception is java.net.ConnectException: t3://localhost:7001: Destination unreachable; nested exception is: 
	java.net.ConnectException: Connection refused: connect; No available router to destination]
	at weblogic.jndi.internal.ExceptionTranslator.toNamingException(ExceptionTranslator.java:49)
	at weblogic.jndi.WLInitialContextFactoryDelegate.toNamingException(WLInitialContextFactoryDelegate.java:765)
	at weblogic.jndi.WLInitialContextFactoryDelegate.getInitialContext(WLInitialContextFactoryDelegate.java:364)
	at weblogic.jndi.Environment.getContext(Environment.java:307)
	at weblogic.jndi.Environment.getContext(Environment.java:277)
	at weblogic.jndi.WLInitialContextFactory.getInitialContext(WLInitialContextFactory.java:117)
	at javax.naming.spi.NamingManager.getInitialContext(NamingManager.java:667)
	at javax.naming.InitialContext.getDefaultInitCtx(InitialContext.java:247)
	at javax.naming.InitialContext.init(InitialContext.java:223)
	at javax.naming.InitialContext.&lt;init&gt;(InitialContext.java:175)
	at com.inovis.b2b.lib.service.ServiceLocator.getInitialContext(ServiceLocator.java:206)
	... 20 more
Caused by: java.net.ConnectException: t3://localhost:7001: Destination unreachable; nested exception is: 
	java.net.ConnectException: Connection refused: connect; No available router to destination
	at weblogic.rjvm.RJVMFinder.findOrCreate(RJVMFinder.java:204)
	at weblogic.rjvm.ServerURL.findOrCreateRJVM(ServerURL.java:154)
	at weblogic.jndi.WLInitialContextFactoryDelegate.getInitialContext(WLInitialContextFactoryDelegate.java:349)
	... 28 more
Caused by: java.rmi.ConnectException: Destination unreachable; nested exception is: 
	java.net.ConnectException: Connection refused: connect; No available router to destination
	at weblogic.rjvm.ConnectionManager.bootstrap(ConnectionManager.java:472)
	at weblogic.rjvm.ConnectionManager.bootstrap(ConnectionManager.java:323)
	at weblogic.rjvm.RJVMManager.findOrCreateRemoteInternal(RJVMManager.java:259)
	at weblogic.rjvm.RJVMManager.findOrCreate(RJVMManager.java:202)
	at weblogic.rjvm.RJVMFinder.findOrCreateRemoteServer(RJVMFinder.java:226)
	at weblogic.rjvm.RJVMFinder.findOrCreate(RJVMFinder.java:189)
	... 30 more
</error>
  </testcase>
  <testcase classname="test.com.inovis.mss.user.TestUserManager" name="testIsEmailAddressDuplicate" time="2.386">
    <error message="[USER-00101] Failed to get a reference to the Home interface of the UserFacade EJB. This is an EJB error that probably stems from an incorrect deployment, a network problem, or the failure of an EJB server." type="com.inovis.b2b.lib.exception.OperationFailedException">class com.inovis.b2b.lib.exception.OperationFailedException: [USER-00101] Failed to get a reference to the Home interface of the UserFacade EJB. This is an EJB error that probably stems from an incorrect deployment, a network problem, or the failure of an EJB server.
	at com.inovis.mss.user.defs.UserManagerImp.&lt;init&gt;(UserManagerImp.java:85)
	at com.inovis.mss.user.UserManager.getManager(UserManager.java:60)
	at test.com.inovis.mss.user.TestUserManager.setUp(TestUserManager.java:137)
Caused by: class com.inovis.b2b.lib.service.ServiceUnavailableException: [LIBP-00001] Unable to connect to naming service
	at com.inovis.b2b.lib.service.ServiceLocator.getInitialContext(ServiceLocator.java:214)
	at com.inovis.b2b.lib.service.ServiceLocator.&lt;init&gt;(ServiceLocator.java:183)
	at com.inovis.b2b.lib.service.ServiceLocator.getInstance(ServiceLocator.java:167)
	at com.inovis.b2b.lib.service.ServiceLocator.getInstance(ServiceLocator.java:150)
	at com.inovis.mss.user.defs.UserManagerImp.&lt;init&gt;(UserManagerImp.java:79)
	... 16 more
Caused by: javax.naming.CommunicationException [Root exception is java.net.ConnectException: t3://localhost:7001: Destination unreachable; nested exception is: 
	java.net.ConnectException: Connection refused: connect; No available router to destination]
	at weblogic.jndi.internal.ExceptionTranslator.toNamingException(ExceptionTranslator.java:49)
	at weblogic.jndi.WLInitialContextFactoryDelegate.toNamingException(WLInitialContextFactoryDelegate.java:765)
	at weblogic.jndi.WLInitialContextFactoryDelegate.getInitialContext(WLInitialContextFactoryDelegate.java:364)
	at weblogic.jndi.Environment.getContext(Environment.java:307)
	at weblogic.jndi.Environment.getContext(Environment.java:277)
	at weblogic.jndi.WLInitialContextFactory.getInitialContext(WLInitialContextFactory.java:117)
	at javax.naming.spi.NamingManager.getInitialContext(NamingManager.java:667)
	at javax.naming.InitialContext.getDefaultInitCtx(InitialContext.java:247)
	at javax.naming.InitialContext.init(InitialContext.java:223)
	at javax.naming.InitialContext.&lt;init&gt;(InitialContext.java:175)
	at com.inovis.b2b.lib.service.ServiceLocator.getInitialContext(ServiceLocator.java:206)
	... 20 more
Caused by: java.net.ConnectException: t3://localhost:7001: Destination unreachable; nested exception is: 
	java.net.ConnectException: Connection refused: connect; No available router to destination
	at weblogic.rjvm.RJVMFinder.findOrCreate(RJVMFinder.java:204)
	at weblogic.rjvm.ServerURL.findOrCreateRJVM(ServerURL.java:154)
	at weblogic.jndi.WLInitialContextFactoryDelegate.getInitialContext(WLInitialContextFactoryDelegate.java:349)
	... 28 more
Caused by: java.rmi.ConnectException: Destination unreachable; nested exception is: 
	java.net.ConnectException: Connection refused: connect; No available router to destination
	at weblogic.rjvm.ConnectionManager.bootstrap(ConnectionManager.java:472)
	at weblogic.rjvm.ConnectionManager.bootstrap(ConnectionManager.java:323)
	at weblogic.rjvm.RJVMManager.findOrCreateRemoteInternal(RJVMManager.java:259)
	at weblogic.rjvm.RJVMManager.findOrCreate(RJVMManager.java:202)
	at weblogic.rjvm.RJVMFinder.findOrCreateRemoteServer(RJVMFinder.java:226)
	at weblogic.rjvm.RJVMFinder.findOrCreate(RJVMFinder.java:189)
	... 30 more
</error>
  </testcase>
  <testcase classname="test.com.inovis.mss.user.TestUserManager" name="testUserEmailAddress" time="2.978">
    <error message="[USER-00101] Failed to get a reference to the Home interface of the UserFacade EJB. This is an EJB error that probably stems from an incorrect deployment, a network problem, or the failure of an EJB server." type="com.inovis.b2b.lib.exception.OperationFailedException">class com.inovis.b2b.lib.exception.OperationFailedException: [USER-00101] Failed to get a reference to the Home interface of the UserFacade EJB. This is an EJB error that probably stems from an incorrect deployment, a network problem, or the failure of an EJB server.
	at com.inovis.mss.user.defs.UserManagerImp.&lt;init&gt;(UserManagerImp.java:85)
	at com.inovis.mss.user.UserManager.getManager(UserManager.java:60)
	at test.com.inovis.mss.user.TestUserManager.setUp(TestUserManager.java:137)
Caused by: class com.inovis.b2b.lib.service.ServiceUnavailableException: [LIBP-00001] Unable to connect to naming service
	at com.inovis.b2b.lib.service.ServiceLocator.getInitialContext(ServiceLocator.java:214)
	at com.inovis.b2b.lib.service.ServiceLocator.&lt;init&gt;(ServiceLocator.java:183)
	at com.inovis.b2b.lib.service.ServiceLocator.getInstance(ServiceLocator.java:167)
	at com.inovis.b2b.lib.service.ServiceLocator.getInstance(ServiceLocator.java:150)
	at com.inovis.mss.user.defs.UserManagerImp.&lt;init&gt;(UserManagerImp.java:79)
	... 16 more
Caused by: javax.naming.CommunicationException [Root exception is java.net.ConnectException: t3://localhost:7001: Destination unreachable; nested exception is: 
	java.net.ConnectException: Connection refused: connect; No available router to destination]
	at weblogic.jndi.internal.ExceptionTranslator.toNamingException(ExceptionTranslator.java:49)
	at weblogic.jndi.WLInitialContextFactoryDelegate.toNamingException(WLInitialContextFactoryDelegate.java:765)
	at weblogic.jndi.WLInitialContextFactoryDelegate.getInitialContext(WLInitialContextFactoryDelegate.java:364)
	at weblogic.jndi.Environment.getContext(Environment.java:307)
	at weblogic.jndi.Environment.getContext(Environment.java:277)
	at weblogic.jndi.WLInitialContextFactory.getInitialContext(WLInitialContextFactory.java:117)
	at javax.naming.spi.NamingManager.getInitialContext(NamingManager.java:667)
	at javax.naming.InitialContext.getDefaultInitCtx(InitialContext.java:247)
	at javax.naming.InitialContext.init(InitialContext.java:223)
	at javax.naming.InitialContext.&lt;init&gt;(InitialContext.java:175)
	at com.inovis.b2b.lib.service.ServiceLocator.getInitialContext(ServiceLocator.java:206)
	... 20 more
Caused by: java.net.ConnectException: t3://localhost:7001: Destination unreachable; nested exception is: 
	java.net.ConnectException: Connection refused: connect; No available router to destination
	at weblogic.rjvm.RJVMFinder.findOrCreate(RJVMFinder.java:204)
	at weblogic.rjvm.ServerURL.findOrCreateRJVM(ServerURL.java:154)
	at weblogic.jndi.WLInitialContextFactoryDelegate.getInitialContext(WLInitialContextFactoryDelegate.java:349)
	... 28 more
Caused by: java.rmi.ConnectException: Destination unreachable; nested exception is: 
	java.net.ConnectException: Connection refused: connect; No available router to destination
	at weblogic.rjvm.ConnectionManager.bootstrap(ConnectionManager.java:472)
	at weblogic.rjvm.ConnectionManager.bootstrap(ConnectionManager.java:323)
	at weblogic.rjvm.RJVMManager.findOrCreateRemoteInternal(RJVMManager.java:259)
	at weblogic.rjvm.RJVMManager.findOrCreate(RJVMManager.java:202)
	at weblogic.rjvm.RJVMFinder.findOrCreateRemoteServer(RJVMFinder.java:226)
	at weblogic.rjvm.RJVMFinder.findOrCreate(RJVMFinder.java:189)
	... 30 more
</error>
  </testcase>
  <testcase classname="test.com.inovis.mss.user.TestUserManager" name="testPasswordChange" time="2.839">
    <error message="[USER-00101] Failed to get a reference to the Home interface of the UserFacade EJB. This is an EJB error that probably stems from an incorrect deployment, a network problem, or the failure of an EJB server." type="com.inovis.b2b.lib.exception.OperationFailedException">class com.inovis.b2b.lib.exception.OperationFailedException: [USER-00101] Failed to get a reference to the Home interface of the UserFacade EJB. This is an EJB error that probably stems from an incorrect deployment, a network problem, or the failure of an EJB server.
	at com.inovis.mss.user.defs.UserManagerImp.&lt;init&gt;(UserManagerImp.java:85)
	at com.inovis.mss.user.UserManager.getManager(UserManager.java:60)
	at test.com.inovis.mss.user.TestUserManager.setUp(TestUserManager.java:137)
Caused by: class com.inovis.b2b.lib.service.ServiceUnavailableException: [LIBP-00001] Unable to connect to naming service
	at com.inovis.b2b.lib.service.ServiceLocator.getInitialContext(ServiceLocator.java:214)
	at com.inovis.b2b.lib.service.ServiceLocator.&lt;init&gt;(ServiceLocator.java:183)
	at com.inovis.b2b.lib.service.ServiceLocator.getInstance(ServiceLocator.java:167)
	at com.inovis.b2b.lib.service.ServiceLocator.getInstance(ServiceLocator.java:150)
	at com.inovis.mss.user.defs.UserManagerImp.&lt;init&gt;(UserManagerImp.java:79)
	... 16 more
Caused by: javax.naming.CommunicationException [Root exception is java.net.ConnectException: t3://localhost:7001: Destination unreachable; nested exception is: 
	java.net.ConnectException: Connection refused: connect; No available router to destination]
	at weblogic.jndi.internal.ExceptionTranslator.toNamingException(ExceptionTranslator.java:49)
	at weblogic.jndi.WLInitialContextFactoryDelegate.toNamingException(WLInitialContextFactoryDelegate.java:765)
	at weblogic.jndi.WLInitialContextFactoryDelegate.getInitialContext(WLInitialContextFactoryDelegate.java:364)
	at weblogic.jndi.Environment.getContext(Environment.java:307)
	at weblogic.jndi.Environment.getContext(Environment.java:277)
	at weblogic.jndi.WLInitialContextFactory.getInitialContext(WLInitialContextFactory.java:117)
	at javax.naming.spi.NamingManager.getInitialContext(NamingManager.java:667)
	at javax.naming.InitialContext.getDefaultInitCtx(InitialContext.java:247)
	at javax.naming.InitialContext.init(InitialContext.java:223)
	at javax.naming.InitialContext.&lt;init&gt;(InitialContext.java:175)
	at com.inovis.b2b.lib.service.ServiceLocator.getInitialContext(ServiceLocator.java:206)
	... 20 more
Caused by: java.net.ConnectException: t3://localhost:7001: Destination unreachable; nested exception is: 
	java.net.ConnectException: Connection refused: connect; No available router to destination
	at weblogic.rjvm.RJVMFinder.findOrCreate(RJVMFinder.java:204)
	at weblogic.rjvm.ServerURL.findOrCreateRJVM(ServerURL.java:154)
	at weblogic.jndi.WLInitialContextFactoryDelegate.getInitialContext(WLInitialContextFactoryDelegate.java:349)
	... 28 more
Caused by: java.rmi.ConnectException: Destination unreachable; nested exception is: 
	java.net.ConnectException: Connection refused: connect; No available router to destination
	at weblogic.rjvm.ConnectionManager.bootstrap(ConnectionManager.java:472)
	at weblogic.rjvm.ConnectionManager.bootstrap(ConnectionManager.java:323)
	at weblogic.rjvm.RJVMManager.findOrCreateRemoteInternal(RJVMManager.java:259)
	at weblogic.rjvm.RJVMManager.findOrCreate(RJVMManager.java:202)
	at weblogic.rjvm.RJVMFinder.findOrCreateRemoteServer(RJVMFinder.java:226)
	at weblogic.rjvm.RJVMFinder.findOrCreate(RJVMFinder.java:189)
	... 30 more
</error>
  </testcase>
  <testcase classname="test.com.inovis.mss.user.TestForgotPassword" name="testForgotPassword" time="2.479">
    <error message="[USER-00101] Failed to get a reference to the Home interface of the UserFacade EJB. This is an EJB error that probably stems from an incorrect deployment, a network problem, or the failure of an EJB server." type="com.inovis.b2b.lib.exception.OperationFailedException">class com.inovis.b2b.lib.exception.OperationFailedException: [USER-00101] Failed to get a reference to the Home interface of the UserFacade EJB. This is an EJB error that probably stems from an incorrect deployment, a network problem, or the failure of an EJB server.
	at com.inovis.mss.user.defs.UserManagerImp.&lt;init&gt;(UserManagerImp.java:85)
	at com.inovis.mss.user.UserManager.getManager(UserManager.java:60)
	at test.com.inovis.mss.user.TestForgotPassword.setUp(TestForgotPassword.java:63)
Caused by: class com.inovis.b2b.lib.service.ServiceUnavailableException: [LIBP-00001] Unable to connect to naming service
	at com.inovis.b2b.lib.service.ServiceLocator.getInitialContext(ServiceLocator.java:214)
	at com.inovis.b2b.lib.service.ServiceLocator.&lt;init&gt;(ServiceLocator.java:183)
	at com.inovis.b2b.lib.service.ServiceLocator.getInstance(ServiceLocator.java:167)
	at com.inovis.b2b.lib.service.ServiceLocator.getInstance(ServiceLocator.java:150)
	at com.inovis.mss.user.defs.UserManagerImp.&lt;init&gt;(UserManagerImp.java:79)
	... 16 more
Caused by: javax.naming.CommunicationException [Root exception is java.net.ConnectException: t3://localhost:7001: Destination unreachable; nested exception is: 
	java.net.ConnectException: Connection refused: connect; No available router to destination]
	at weblogic.jndi.internal.ExceptionTranslator.toNamingException(ExceptionTranslator.java:49)
	at weblogic.jndi.WLInitialContextFactoryDelegate.toNamingException(WLInitialContextFactoryDelegate.java:765)
	at weblogic.jndi.WLInitialContextFactoryDelegate.getInitialContext(WLInitialContextFactoryDelegate.java:364)
	at weblogic.jndi.Environment.getContext(Environment.java:307)
	at weblogic.jndi.Environment.getContext(Environment.java:277)
	at weblogic.jndi.WLInitialContextFactory.getInitialContext(WLInitialContextFactory.java:117)
	at javax.naming.spi.NamingManager.getInitialContext(NamingManager.java:667)
	at javax.naming.InitialContext.getDefaultInitCtx(InitialContext.java:247)
	at javax.naming.InitialContext.init(InitialContext.java:223)
	at javax.naming.InitialContext.&lt;init&gt;(InitialContext.java:175)
	at com.inovis.b2b.lib.service.ServiceLocator.getInitialContext(ServiceLocator.java:206)
	... 20 more
Caused by: java.net.ConnectException: t3://localhost:7001: Destination unreachable; nested exception is: 
	java.net.ConnectException: Connection refused: connect; No available router to destination
	at weblogic.rjvm.RJVMFinder.findOrCreate(RJVMFinder.java:204)
	at weblogic.rjvm.ServerURL.findOrCreateRJVM(ServerURL.java:154)
	at weblogic.jndi.WLInitialContextFactoryDelegate.getInitialContext(WLInitialContextFactoryDelegate.java:349)
	... 28 more
Caused by: java.rmi.ConnectException: Destination unreachable; nested exception is: 
	java.net.ConnectException: Connection refused: connect; No available router to destination
	at weblogic.rjvm.ConnectionManager.bootstrap(ConnectionManager.java:472)
	at weblogic.rjvm.ConnectionManager.bootstrap(ConnectionManager.java:323)
	at weblogic.rjvm.RJVMManager.findOrCreateRemoteInternal(RJVMManager.java:259)
	at weblogic.rjvm.RJVMManager.findOrCreate(RJVMManager.java:202)
	at weblogic.rjvm.RJVMFinder.findOrCreateRemoteServer(RJVMFinder.java:226)
	at weblogic.rjvm.RJVMFinder.findOrCreate(RJVMFinder.java:189)
	... 30 more
</error>
  </testcase>
  <testcase classname="test.com.inovis.mss.security.TestSecurityManager" name="testAuthPass" time="2.183">
    <error message="[SECR-00101] Failed to get a remote interface to a SecurityFacade EJB. This is an EJB error that probably stems from an incorrect deployment, a network problem, or the failure of an EJB server." type="com.inovis.b2b.lib.exception.OperationFailedException">class com.inovis.b2b.lib.exception.OperationFailedException: [SECR-00101] Failed to get a remote interface to a SecurityFacade EJB. This is an EJB error that probably stems from an incorrect deployment, a network problem, or the failure of an EJB server.
	at com.inovis.mss.security.defs.SecurityManagerImp.&lt;init&gt;(SecurityManagerImp.java:66)
	at com.inovis.mss.security.SecurityManager.getManager(SecurityManager.java:74)
	at test.com.inovis.mss.security.TestSecurityManager.setUp(TestSecurityManager.java:148)
Caused by: class com.inovis.b2b.lib.service.ServiceUnavailableException: [LIBP-00001] Unable to connect to naming service
	at com.inovis.b2b.lib.service.ServiceLocator.getInitialContext(ServiceLocator.java:214)
	at com.inovis.b2b.lib.service.ServiceLocator.&lt;init&gt;(ServiceLocator.java:183)
	at com.inovis.b2b.lib.service.ServiceLocator.getInstance(ServiceLocator.java:167)
	at com.inovis.b2b.lib.service.ServiceLocator.getInstance(ServiceLocator.java:150)
	at com.inovis.mss.security.defs.SecurityManagerImp.&lt;init&gt;(SecurityManagerImp.java:59)
	... 16 more
Caused by: javax.naming.CommunicationException [Root exception is java.net.ConnectException: t3://localhost:7001: Destination unreachable; nested exception is: 
	java.net.ConnectException: Connection refused: connect; No available router to destination]
	at weblogic.jndi.internal.ExceptionTranslator.toNamingException(ExceptionTranslator.java:49)
	at weblogic.jndi.WLInitialContextFactoryDelegate.toNamingException(WLInitialContextFactoryDelegate.java:765)
	at weblogic.jndi.WLInitialContextFactoryDelegate.getInitialContext(WLInitialContextFactoryDelegate.java:364)
	at weblogic.jndi.Environment.getContext(Environment.java:307)
	at weblogic.jndi.Environment.getContext(Environment.java:277)
	at weblogic.jndi.WLInitialContextFactory.getInitialContext(WLInitialContextFactory.java:117)
	at javax.naming.spi.NamingManager.getInitialContext(NamingManager.java:667)
	at javax.naming.InitialContext.getDefaultInitCtx(InitialContext.java:247)
	at javax.naming.InitialContext.init(InitialContext.java:223)
	at javax.naming.InitialContext.&lt;init&gt;(InitialContext.java:175)
	at com.inovis.b2b.lib.service.ServiceLocator.getInitialContext(ServiceLocator.java:206)
	... 20 more
Caused by: java.net.ConnectException: t3://localhost:7001: Destination unreachable; nested exception is: 
	java.net.ConnectException: Connection refused: connect; No available router to destination
	at weblogic.rjvm.RJVMFinder.findOrCreate(RJVMFinder.java:204)
	at weblogic.rjvm.ServerURL.findOrCreateRJVM(ServerURL.java:154)
	at weblogic.jndi.WLInitialContextFactoryDelegate.getInitialContext(WLInitialContextFactoryDelegate.java:349)
	... 28 more
Caused by: java.rmi.ConnectException: Destination unreachable; nested exception is: 
	java.net.ConnectException: Connection refused: connect; No available router to destination
	at weblogic.rjvm.ConnectionManager.bootstrap(ConnectionManager.java:472)
	at weblogic.rjvm.ConnectionManager.bootstrap(ConnectionManager.java:323)
	at weblogic.rjvm.RJVMManager.findOrCreateRemoteInternal(RJVMManager.java:259)
	at weblogic.rjvm.RJVMManager.findOrCreate(RJVMManager.java:202)
	at weblogic.rjvm.RJVMFinder.findOrCreateRemoteServer(RJVMFinder.java:226)
	at weblogic.rjvm.RJVMFinder.findOrCreate(RJVMFinder.java:189)
	... 30 more
</error>
  </testcase>
  <testcase classname="test.com.inovis.mss.security.TestSecurityManager" name="testAuthFailUiLogin" time="2.683">
    <error message="[SECR-00101] Failed to get a remote interface to a SecurityFacade EJB. This is an EJB error that probably stems from an incorrect deployment, a network problem, or the failure of an EJB server." type="com.inovis.b2b.lib.exception.OperationFailedException">class com.inovis.b2b.lib.exception.OperationFailedException: [SECR-00101] Failed to get a remote interface to a SecurityFacade EJB. This is an EJB error that probably stems from an incorrect deployment, a network problem, or the failure of an EJB server.
	at com.inovis.mss.security.defs.SecurityManagerImp.&lt;init&gt;(SecurityManagerImp.java:66)
	at com.inovis.mss.security.SecurityManager.getManager(SecurityManager.java:74)
	at test.com.inovis.mss.security.TestSecurityManager.setUp(TestSecurityManager.java:148)
Caused by: class com.inovis.b2b.lib.service.ServiceUnavailableException: [LIBP-00001] Unable to connect to naming service
	at com.inovis.b2b.lib.service.ServiceLocator.getInitialContext(ServiceLocator.java:214)
	at com.inovis.b2b.lib.service.ServiceLocator.&lt;init&gt;(ServiceLocator.java:183)
	at com.inovis.b2b.lib.service.ServiceLocator.getInstance(ServiceLocator.java:167)
	at com.inovis.b2b.lib.service.ServiceLocator.getInstance(ServiceLocator.java:150)
	at com.inovis.mss.security.defs.SecurityManagerImp.&lt;init&gt;(SecurityManagerImp.java:59)
	... 16 more
Caused by: javax.naming.CommunicationException [Root exception is java.net.ConnectException: t3://localhost:7001: Destination unreachable; nested exception is: 
	java.net.ConnectException: Connection refused: connect; No available router to destination]
	at weblogic.jndi.internal.ExceptionTranslator.toNamingException(ExceptionTranslator.java:49)
	at weblogic.jndi.WLInitialContextFactoryDelegate.toNamingException(WLInitialContextFactoryDelegate.java:765)
	at weblogic.jndi.WLInitialContextFactoryDelegate.getInitialContext(WLInitialContextFactoryDelegate.java:364)
	at weblogic.jndi.Environment.getContext(Environment.java:307)
	at weblogic.jndi.Environment.getContext(Environment.java:277)
	at weblogic.jndi.WLInitialContextFactory.getInitialContext(WLInitialContextFactory.java:117)
	at javax.naming.spi.NamingManager.getInitialContext(NamingManager.java:667)
	at javax.naming.InitialContext.getDefaultInitCtx(InitialContext.java:247)
	at javax.naming.InitialContext.init(InitialContext.java:223)
	at javax.naming.InitialContext.&lt;init&gt;(InitialContext.java:175)
	at com.inovis.b2b.lib.service.ServiceLocator.getInitialContext(ServiceLocator.java:206)
	... 20 more
Caused by: java.net.ConnectException: t3://localhost:7001: Destination unreachable; nested exception is: 
	java.net.ConnectException: Connection refused: connect; No available router to destination
	at weblogic.rjvm.RJVMFinder.findOrCreate(RJVMFinder.java:204)
	at weblogic.rjvm.ServerURL.findOrCreateRJVM(ServerURL.java:154)
	at weblogic.jndi.WLInitialContextFactoryDelegate.getInitialContext(WLInitialContextFactoryDelegate.java:349)
	... 28 more
Caused by: java.rmi.ConnectException: Destination unreachable; nested exception is: 
	java.net.ConnectException: Connection refused: connect; No available router to destination
	at weblogic.rjvm.ConnectionManager.bootstrap(ConnectionManager.java:472)
	at weblogic.rjvm.ConnectionManager.bootstrap(ConnectionManager.java:323)
	at weblogic.rjvm.RJVMManager.findOrCreateRemoteInternal(RJVMManager.java:259)
	at weblogic.rjvm.RJVMManager.findOrCreate(RJVMManager.java:202)
	at weblogic.rjvm.RJVMFinder.findOrCreateRemoteServer(RJVMFinder.java:226)
	at weblogic.rjvm.RJVMFinder.findOrCreate(RJVMFinder.java:189)
	... 30 more
</error>
  </testcase>
  <testcase classname="test.com.inovis.mss.security.TestSecurityManager" name="testAuthEmptyPassword" time="2.261">
    <error message="[SECR-00101] Failed to get a remote interface to a SecurityFacade EJB. This is an EJB error that probably stems from an incorrect deployment, a network problem, or the failure of an EJB server." type="com.inovis.b2b.lib.exception.OperationFailedException">class com.inovis.b2b.lib.exception.OperationFailedException: [SECR-00101] Failed to get a remote interface to a SecurityFacade EJB. This is an EJB error that probably stems from an incorrect deployment, a network problem, or the failure of an EJB server.
	at com.inovis.mss.security.defs.SecurityManagerImp.&lt;init&gt;(SecurityManagerImp.java:66)
	at com.inovis.mss.security.SecurityManager.getManager(SecurityManager.java:74)
	at test.com.inovis.mss.security.TestSecurityManager.setUp(TestSecurityManager.java:148)
Caused by: class com.inovis.b2b.lib.service.ServiceUnavailableException: [LIBP-00001] Unable to connect to naming service
	at com.inovis.b2b.lib.service.ServiceLocator.getInitialContext(ServiceLocator.java:214)
	at com.inovis.b2b.lib.service.ServiceLocator.&lt;init&gt;(ServiceLocator.java:183)
	at com.inovis.b2b.lib.service.ServiceLocator.getInstance(ServiceLocator.java:167)
	at com.inovis.b2b.lib.service.ServiceLocator.getInstance(ServiceLocator.java:150)
	at com.inovis.mss.security.defs.SecurityManagerImp.&lt;init&gt;(SecurityManagerImp.java:59)
	... 16 more
Caused by: javax.naming.CommunicationException [Root exception is java.net.ConnectException: t3://localhost:7001: Destination unreachable; nested exception is: 
	java.net.ConnectException: Connection refused: connect; No available router to destination]
	at weblogic.jndi.internal.ExceptionTranslator.toNamingException(ExceptionTranslator.java:49)
	at weblogic.jndi.WLInitialContextFactoryDelegate.toNamingException(WLInitialContextFactoryDelegate.java:765)
	at weblogic.jndi.WLInitialContextFactoryDelegate.getInitialContext(WLInitialContextFactoryDelegate.java:364)
	at weblogic.jndi.Environment.getContext(Environment.java:307)
	at weblogic.jndi.Environment.getContext(Environment.java:277)
	at weblogic.jndi.WLInitialContextFactory.getInitialContext(WLInitialContextFactory.java:117)
	at javax.naming.spi.NamingManager.getInitialContext(NamingManager.java:667)
	at javax.naming.InitialContext.getDefaultInitCtx(InitialContext.java:247)
	at javax.naming.InitialContext.init(InitialContext.java:223)
	at javax.naming.InitialContext.&lt;init&gt;(InitialContext.java:175)
	at com.inovis.b2b.lib.service.ServiceLocator.getInitialContext(ServiceLocator.java:206)
	... 20 more
Caused by: java.net.ConnectException: t3://localhost:7001: Destination unreachable; nested exception is: 
	java.net.ConnectException: Connection refused: connect; No available router to destination
	at weblogic.rjvm.RJVMFinder.findOrCreate(RJVMFinder.java:204)
	at weblogic.rjvm.ServerURL.findOrCreateRJVM(ServerURL.java:154)
	at weblogic.jndi.WLInitialContextFactoryDelegate.getInitialContext(WLInitialContextFactoryDelegate.java:349)
	... 28 more
Caused by: java.rmi.ConnectException: Destination unreachable; nested exception is: 
	java.net.ConnectException: Connection refused: connect; No available router to destination
	at weblogic.rjvm.ConnectionManager.bootstrap(ConnectionManager.java:472)
	at weblogic.rjvm.ConnectionManager.bootstrap(ConnectionManager.java:323)
	at weblogic.rjvm.RJVMManager.findOrCreateRemoteInternal(RJVMManager.java:259)
	at weblogic.rjvm.RJVMManager.findOrCreate(RJVMManager.java:202)
	at weblogic.rjvm.RJVMFinder.findOrCreateRemoteServer(RJVMFinder.java:226)
	at weblogic.rjvm.RJVMFinder.findOrCreate(RJVMFinder.java:189)
	... 30 more
</error>
  </testcase>
  <testcase classname="test.com.inovis.mss.security.TestSecurityManager" name="testAuthNullPassword" time="2.791">
    <error message="[SECR-00101] Failed to get a remote interface to a SecurityFacade EJB. This is an EJB error that probably stems from an incorrect deployment, a network problem, or the failure of an EJB server." type="com.inovis.b2b.lib.exception.OperationFailedException">class com.inovis.b2b.lib.exception.OperationFailedException: [SECR-00101] Failed to get a remote interface to a SecurityFacade EJB. This is an EJB error that probably stems from an incorrect deployment, a network problem, or the failure of an EJB server.
	at com.inovis.mss.security.defs.SecurityManagerImp.&lt;init&gt;(SecurityManagerImp.java:66)
	at com.inovis.mss.security.SecurityManager.getManager(SecurityManager.java:74)
	at test.com.inovis.mss.security.TestSecurityManager.setUp(TestSecurityManager.java:148)
Caused by: class com.inovis.b2b.lib.service.ServiceUnavailableException: [LIBP-00001] Unable to connect to naming service
	at com.inovis.b2b.lib.service.ServiceLocator.getInitialContext(ServiceLocator.java:214)
	at com.inovis.b2b.lib.service.ServiceLocator.&lt;init&gt;(ServiceLocator.java:183)
	at com.inovis.b2b.lib.service.ServiceLocator.getInstance(ServiceLocator.java:167)
	at com.inovis.b2b.lib.service.ServiceLocator.getInstance(ServiceLocator.java:150)
	at com.inovis.mss.security.defs.SecurityManagerImp.&lt;init&gt;(SecurityManagerImp.java:59)
	... 16 more
Caused by: javax.naming.CommunicationException [Root exception is java.net.ConnectException: t3://localhost:7001: Destination unreachable; nested exception is: 
	java.net.ConnectException: Connection refused: connect; No available router to destination]
	at weblogic.jndi.internal.ExceptionTranslator.toNamingException(ExceptionTranslator.java:49)
	at weblogic.jndi.WLInitialContextFactoryDelegate.toNamingException(WLInitialContextFactoryDelegate.java:765)
	at weblogic.jndi.WLInitialContextFactoryDelegate.getInitialContext(WLInitialContextFactoryDelegate.java:364)
	at weblogic.jndi.Environment.getContext(Environment.java:307)
	at weblogic.jndi.Environment.getContext(Environment.java:277)
	at weblogic.jndi.WLInitialContextFactory.getInitialContext(WLInitialContextFactory.java:117)
	at javax.naming.spi.NamingManager.getInitialContext(NamingManager.java:667)
	at javax.naming.InitialContext.getDefaultInitCtx(InitialContext.java:247)
	at javax.naming.InitialContext.init(InitialContext.java:223)
	at javax.naming.InitialContext.&lt;init&gt;(InitialContext.java:175)
	at com.inovis.b2b.lib.service.ServiceLocator.getInitialContext(ServiceLocator.java:206)
	... 20 more
Caused by: java.net.ConnectException: t3://localhost:7001: Destination unreachable; nested exception is: 
	java.net.ConnectException: Connection refused: connect; No available router to destination
	at weblogic.rjvm.RJVMFinder.findOrCreate(RJVMFinder.java:204)
	at weblogic.rjvm.ServerURL.findOrCreateRJVM(ServerURL.java:154)
	at weblogic.jndi.WLInitialContextFactoryDelegate.getInitialContext(WLInitialContextFactoryDelegate.java:349)
	... 28 more
Caused by: java.rmi.ConnectException: Destination unreachable; nested exception is: 
	java.net.ConnectException: Connection refused: connect; No available router to destination
	at weblogic.rjvm.ConnectionManager.bootstrap(ConnectionManager.java:472)
	at weblogic.rjvm.ConnectionManager.bootstrap(ConnectionManager.java:323)
	at weblogic.rjvm.RJVMManager.findOrCreateRemoteInternal(RJVMManager.java:259)
	at weblogic.rjvm.RJVMManager.findOrCreate(RJVMManager.java:202)
	at weblogic.rjvm.RJVMFinder.findOrCreateRemoteServer(RJVMFinder.java:226)
	at weblogic.rjvm.RJVMFinder.findOrCreate(RJVMFinder.java:189)
	... 30 more
</error>
  </testcase>
  <testcase classname="test.com.inovis.mss.security.TestSecurityManager" name="testAuthWrongLoginID" time="2.355">
    <error message="[SECR-00101] Failed to get a remote interface to a SecurityFacade EJB. This is an EJB error that probably stems from an incorrect deployment, a network problem, or the failure of an EJB server." type="com.inovis.b2b.lib.exception.OperationFailedException">class com.inovis.b2b.lib.exception.OperationFailedException: [SECR-00101] Failed to get a remote interface to a SecurityFacade EJB. This is an EJB error that probably stems from an incorrect deployment, a network problem, or the failure of an EJB server.
	at com.inovis.mss.security.defs.SecurityManagerImp.&lt;init&gt;(SecurityManagerImp.java:66)
	at com.inovis.mss.security.SecurityManager.getManager(SecurityManager.java:74)
	at test.com.inovis.mss.security.TestSecurityManager.setUp(TestSecurityManager.java:148)
Caused by: class com.inovis.b2b.lib.service.ServiceUnavailableException: [LIBP-00001] Unable to connect to naming service
	at com.inovis.b2b.lib.service.ServiceLocator.getInitialContext(ServiceLocator.java:214)
	at com.inovis.b2b.lib.service.ServiceLocator.&lt;init&gt;(ServiceLocator.java:183)
	at com.inovis.b2b.lib.service.ServiceLocator.getInstance(ServiceLocator.java:167)
	at com.inovis.b2b.lib.service.ServiceLocator.getInstance(ServiceLocator.java:150)
	at com.inovis.mss.security.defs.SecurityManagerImp.&lt;init&gt;(SecurityManagerImp.java:59)
	... 16 more
Caused by: javax.naming.CommunicationException [Root exception is java.net.ConnectException: t3://localhost:7001: Destination unreachable; nested exception is: 
	java.net.ConnectException: Connection refused: connect; No available router to destination]
	at weblogic.jndi.internal.ExceptionTranslator.toNamingException(ExceptionTranslator.java:49)
	at weblogic.jndi.WLInitialContextFactoryDelegate.toNamingException(WLInitialContextFactoryDelegate.java:765)
	at weblogic.jndi.WLInitialContextFactoryDelegate.getInitialContext(WLInitialContextFactoryDelegate.java:364)
	at weblogic.jndi.Environment.getContext(Environment.java:307)
	at weblogic.jndi.Environment.getContext(Environment.java:277)
	at weblogic.jndi.WLInitialContextFactory.getInitialContext(WLInitialContextFactory.java:117)
	at javax.naming.spi.NamingManager.getInitialContext(NamingManager.java:667)
	at javax.naming.InitialContext.getDefaultInitCtx(InitialContext.java:247)
	at javax.naming.InitialContext.init(InitialContext.java:223)
	at javax.naming.InitialContext.&lt;init&gt;(InitialContext.java:175)
	at com.inovis.b2b.lib.service.ServiceLocator.getInitialContext(ServiceLocator.java:206)
	... 20 more
Caused by: java.net.ConnectException: t3://localhost:7001: Destination unreachable; nested exception is: 
	java.net.ConnectException: Connection refused: connect; No available router to destination
	at weblogic.rjvm.RJVMFinder.findOrCreate(RJVMFinder.java:204)
	at weblogic.rjvm.ServerURL.findOrCreateRJVM(ServerURL.java:154)
	at weblogic.jndi.WLInitialContextFactoryDelegate.getInitialContext(WLInitialContextFactoryDelegate.java:349)
	... 28 more
Caused by: java.rmi.ConnectException: Destination unreachable; nested exception is: 
	java.net.ConnectException: Connection refused: connect; No available router to destination
	at weblogic.rjvm.ConnectionManager.bootstrap(ConnectionManager.java:472)
	at weblogic.rjvm.ConnectionManager.bootstrap(ConnectionManager.java:323)
	at weblogic.rjvm.RJVMManager.findOrCreateRemoteInternal(RJVMManager.java:259)
	at weblogic.rjvm.RJVMManager.findOrCreate(RJVMManager.java:202)
	at weblogic.rjvm.RJVMFinder.findOrCreateRemoteServer(RJVMFinder.java:226)
	at weblogic.rjvm.RJVMFinder.findOrCreate(RJVMFinder.java:189)
	... 30 more
</error>
  </testcase>
  <testcase classname="test.com.inovis.mss.security.TestSecurityManager" name="testAuthWrongPassword" time="2.495">
    <error message="[SECR-00101] Failed to get a remote interface to a SecurityFacade EJB. This is an EJB error that probably stems from an incorrect deployment, a network problem, or the failure of an EJB server." type="com.inovis.b2b.lib.exception.OperationFailedException">class com.inovis.b2b.lib.exception.OperationFailedException: [SECR-00101] Failed to get a remote interface to a SecurityFacade EJB. This is an EJB error that probably stems from an incorrect deployment, a network problem, or the failure of an EJB server.
	at com.inovis.mss.security.defs.SecurityManagerImp.&lt;init&gt;(SecurityManagerImp.java:66)
	at com.inovis.mss.security.SecurityManager.getManager(SecurityManager.java:74)
	at test.com.inovis.mss.security.TestSecurityManager.setUp(TestSecurityManager.java:148)
Caused by: class com.inovis.b2b.lib.service.ServiceUnavailableException: [LIBP-00001] Unable to connect to naming service
	at com.inovis.b2b.lib.service.ServiceLocator.getInitialContext(ServiceLocator.java:214)
	at com.inovis.b2b.lib.service.ServiceLocator.&lt;init&gt;(ServiceLocator.java:183)
	at com.inovis.b2b.lib.service.ServiceLocator.getInstance(ServiceLocator.java:167)
	at com.inovis.b2b.lib.service.ServiceLocator.getInstance(ServiceLocator.java:150)
	at com.inovis.mss.security.defs.SecurityManagerImp.&lt;init&gt;(SecurityManagerImp.java:59)
	... 16 more
Caused by: javax.naming.CommunicationException [Root exception is java.net.ConnectException: t3://localhost:7001: Destination unreachable; nested exception is: 
	java.net.ConnectException: Connection refused: connect; No available router to destination]
	at weblogic.jndi.internal.ExceptionTranslator.toNamingException(ExceptionTranslator.java:49)
	at weblogic.jndi.WLInitialContextFactoryDelegate.toNamingException(WLInitialContextFactoryDelegate.java:765)
	at weblogic.jndi.WLInitialContextFactoryDelegate.getInitialContext(WLInitialContextFactoryDelegate.java:364)
	at weblogic.jndi.Environment.getContext(Environment.java:307)
	at weblogic.jndi.Environment.getContext(Environment.java:277)
	at weblogic.jndi.WLInitialContextFactory.getInitialContext(WLInitialContextFactory.java:117)
	at javax.naming.spi.NamingManager.getInitialContext(NamingManager.java:667)
	at javax.naming.InitialContext.getDefaultInitCtx(InitialContext.java:247)
	at javax.naming.InitialContext.init(InitialContext.java:223)
	at javax.naming.InitialContext.&lt;init&gt;(InitialContext.java:175)
	at com.inovis.b2b.lib.service.ServiceLocator.getInitialContext(ServiceLocator.java:206)
	... 20 more
Caused by: java.net.ConnectException: t3://localhost:7001: Destination unreachable; nested exception is: 
	java.net.ConnectException: Connection refused: connect; No available router to destination
	at weblogic.rjvm.RJVMFinder.findOrCreate(RJVMFinder.java:204)
	at weblogic.rjvm.ServerURL.findOrCreateRJVM(ServerURL.java:154)
	at weblogic.jndi.WLInitialContextFactoryDelegate.getInitialContext(WLInitialContextFactoryDelegate.java:349)
	... 28 more
Caused by: java.rmi.ConnectException: Destination unreachable; nested exception is: 
	java.net.ConnectException: Connection refused: connect; No available router to destination
	at weblogic.rjvm.ConnectionManager.bootstrap(ConnectionManager.java:472)
	at weblogic.rjvm.ConnectionManager.bootstrap(ConnectionManager.java:323)
	at weblogic.rjvm.RJVMManager.findOrCreateRemoteInternal(RJVMManager.java:259)
	at weblogic.rjvm.RJVMManager.findOrCreate(RJVMManager.java:202)
	at weblogic.rjvm.RJVMFinder.findOrCreateRemoteServer(RJVMFinder.java:226)
	at weblogic.rjvm.RJVMFinder.findOrCreate(RJVMFinder.java:189)
	... 30 more
</error>
  </testcase>
  <testcase classname="test.com.inovis.mss.security.TestSecurityManager" name="testAuthBusinessPass" time="2.573">
    <error message="[SECR-00101] Failed to get a remote interface to a SecurityFacade EJB. This is an EJB error that probably stems from an incorrect deployment, a network problem, or the failure of an EJB server." type="com.inovis.b2b.lib.exception.OperationFailedException">class com.inovis.b2b.lib.exception.OperationFailedException: [SECR-00101] Failed to get a remote interface to a SecurityFacade EJB. This is an EJB error that probably stems from an incorrect deployment, a network problem, or the failure of an EJB server.
	at com.inovis.mss.security.defs.SecurityManagerImp.&lt;init&gt;(SecurityManagerImp.java:66)
	at com.inovis.mss.security.SecurityManager.getManager(SecurityManager.java:74)
	at test.com.inovis.mss.security.TestSecurityManager.setUp(TestSecurityManager.java:148)
Caused by: class com.inovis.b2b.lib.service.ServiceUnavailableException: [LIBP-00001] Unable to connect to naming service
	at com.inovis.b2b.lib.service.ServiceLocator.getInitialContext(ServiceLocator.java:214)
	at com.inovis.b2b.lib.service.ServiceLocator.&lt;init&gt;(ServiceLocator.java:183)
	at com.inovis.b2b.lib.service.ServiceLocator.getInstance(ServiceLocator.java:167)
	at com.inovis.b2b.lib.service.ServiceLocator.getInstance(ServiceLocator.java:150)
	at com.inovis.mss.security.defs.SecurityManagerImp.&lt;init&gt;(SecurityManagerImp.java:59)
	... 16 more
Caused by: javax.naming.CommunicationException [Root exception is java.net.ConnectException: t3://localhost:7001: Destination unreachable; nested exception is: 
	java.net.ConnectException: Connection refused: connect; No available router to destination]
	at weblogic.jndi.internal.ExceptionTranslator.toNamingException(ExceptionTranslator.java:49)
	at weblogic.jndi.WLInitialContextFactoryDelegate.toNamingException(WLInitialContextFactoryDelegate.java:765)
	at weblogic.jndi.WLInitialContextFactoryDelegate.getInitialContext(WLInitialContextFactoryDelegate.java:364)
	at weblogic.jndi.Environment.getContext(Environment.java:307)
	at weblogic.jndi.Environment.getContext(Environment.java:277)
	at weblogic.jndi.WLInitialContextFactory.getInitialContext(WLInitialContextFactory.java:117)
	at javax.naming.spi.NamingManager.getInitialContext(NamingManager.java:667)
	at javax.naming.InitialContext.getDefaultInitCtx(InitialContext.java:247)
	at javax.naming.InitialContext.init(InitialContext.java:223)
	at javax.naming.InitialContext.&lt;init&gt;(InitialContext.java:175)
	at com.inovis.b2b.lib.service.ServiceLocator.getInitialContext(ServiceLocator.java:206)
	... 20 more
Caused by: java.net.ConnectException: t3://localhost:7001: Destination unreachable; nested exception is: 
	java.net.ConnectException: Connection refused: connect; No available router to destination
	at weblogic.rjvm.RJVMFinder.findOrCreate(RJVMFinder.java:204)
	at weblogic.rjvm.ServerURL.findOrCreateRJVM(ServerURL.java:154)
	at weblogic.jndi.WLInitialContextFactoryDelegate.getInitialContext(WLInitialContextFactoryDelegate.java:349)
	... 28 more
Caused by: java.rmi.ConnectException: Destination unreachable; nested exception is: 
	java.net.ConnectException: Connection refused: connect; No available router to destination
	at weblogic.rjvm.ConnectionManager.bootstrap(ConnectionManager.java:472)
	at weblogic.rjvm.ConnectionManager.bootstrap(ConnectionManager.java:323)
	at weblogic.rjvm.RJVMManager.findOrCreateRemoteInternal(RJVMManager.java:259)
	at weblogic.rjvm.RJVMManager.findOrCreate(RJVMManager.java:202)
	at weblogic.rjvm.RJVMFinder.findOrCreateRemoteServer(RJVMFinder.java:226)
	at weblogic.rjvm.RJVMFinder.findOrCreate(RJVMFinder.java:189)
	... 30 more
</error>
  </testcase>
  <testcase classname="test.com.inovis.mss.security.TestSecurityManager" name="testAuthValidIp" time="2.168">
    <error message="[SECR-00101] Failed to get a remote interface to a SecurityFacade EJB. This is an EJB error that probably stems from an incorrect deployment, a network problem, or the failure of an EJB server." type="com.inovis.b2b.lib.exception.OperationFailedException">class com.inovis.b2b.lib.exception.OperationFailedException: [SECR-00101] Failed to get a remote interface to a SecurityFacade EJB. This is an EJB error that probably stems from an incorrect deployment, a network problem, or the failure of an EJB server.
	at com.inovis.mss.security.defs.SecurityManagerImp.&lt;init&gt;(SecurityManagerImp.java:66)
	at com.inovis.mss.security.SecurityManager.getManager(SecurityManager.java:74)
	at test.com.inovis.mss.security.TestSecurityManager.setUp(TestSecurityManager.java:148)
Caused by: class com.inovis.b2b.lib.service.ServiceUnavailableException: [LIBP-00001] Unable to connect to naming service
	at com.inovis.b2b.lib.service.ServiceLocator.getInitialContext(ServiceLocator.java:214)
	at com.inovis.b2b.lib.service.ServiceLocator.&lt;init&gt;(ServiceLocator.java:183)
	at com.inovis.b2b.lib.service.ServiceLocator.getInstance(ServiceLocator.java:167)
	at com.inovis.b2b.lib.service.ServiceLocator.getInstance(ServiceLocator.java:150)
	at com.inovis.mss.security.defs.SecurityManagerImp.&lt;init&gt;(SecurityManagerImp.java:59)
	... 16 more
Caused by: javax.naming.CommunicationException [Root exception is java.net.ConnectException: t3://localhost:7001: Destination unreachable; nested exception is: 
	java.net.ConnectException: Connection refused: connect; No available router to destination]
	at weblogic.jndi.internal.ExceptionTranslator.toNamingException(ExceptionTranslator.java:49)
	at weblogic.jndi.WLInitialContextFactoryDelegate.toNamingException(WLInitialContextFactoryDelegate.java:765)
	at weblogic.jndi.WLInitialContextFactoryDelegate.getInitialContext(WLInitialContextFactoryDelegate.java:364)
	at weblogic.jndi.Environment.getContext(Environment.java:307)
	at weblogic.jndi.Environment.getContext(Environment.java:277)
	at weblogic.jndi.WLInitialContextFactory.getInitialContext(WLInitialContextFactory.java:117)
	at javax.naming.spi.NamingManager.getInitialContext(NamingManager.java:667)
	at javax.naming.InitialContext.getDefaultInitCtx(InitialContext.java:247)
	at javax.naming.InitialContext.init(InitialContext.java:223)
	at javax.naming.InitialContext.&lt;init&gt;(InitialContext.java:175)
	at com.inovis.b2b.lib.service.ServiceLocator.getInitialContext(ServiceLocator.java:206)
	... 20 more
Caused by: java.net.ConnectException: t3://localhost:7001: Destination unreachable; nested exception is: 
	java.net.ConnectException: Connection refused: connect; No available router to destination
	at weblogic.rjvm.RJVMFinder.findOrCreate(RJVMFinder.java:204)
	at weblogic.rjvm.ServerURL.findOrCreateRJVM(ServerURL.java:154)
	at weblogic.jndi.WLInitialContextFactoryDelegate.getInitialContext(WLInitialContextFactoryDelegate.java:349)
	... 28 more
Caused by: java.rmi.ConnectException: Destination unreachable; nested exception is: 
	java.net.ConnectException: Connection refused: connect; No available router to destination
	at weblogic.rjvm.ConnectionManager.bootstrap(ConnectionManager.java:472)
	at weblogic.rjvm.ConnectionManager.bootstrap(ConnectionManager.java:323)
	at weblogic.rjvm.RJVMManager.findOrCreateRemoteInternal(RJVMManager.java:259)
	at weblogic.rjvm.RJVMManager.findOrCreate(RJVMManager.java:202)
	at weblogic.rjvm.RJVMFinder.findOrCreateRemoteServer(RJVMFinder.java:226)
	at weblogic.rjvm.RJVMFinder.findOrCreate(RJVMFinder.java:189)
	... 30 more
</error>
  </testcase>
  <testcase classname="test.com.inovis.mss.security.TestSecurityManager" name="testAuthIpWrongLogin" time="2.199">
    <error message="[SECR-00101] Failed to get a remote interface to a SecurityFacade EJB. This is an EJB error that probably stems from an incorrect deployment, a network problem, or the failure of an EJB server." type="com.inovis.b2b.lib.exception.OperationFailedException">class com.inovis.b2b.lib.exception.OperationFailedException: [SECR-00101] Failed to get a remote interface to a SecurityFacade EJB. This is an EJB error that probably stems from an incorrect deployment, a network problem, or the failure of an EJB server.
	at com.inovis.mss.security.defs.SecurityManagerImp.&lt;init&gt;(SecurityManagerImp.java:66)
	at com.inovis.mss.security.SecurityManager.getManager(SecurityManager.java:74)
	at test.com.inovis.mss.security.TestSecurityManager.setUp(TestSecurityManager.java:148)
Caused by: class com.inovis.b2b.lib.service.ServiceUnavailableException: [LIBP-00001] Unable to connect to naming service
	at com.inovis.b2b.lib.service.ServiceLocator.getInitialContext(ServiceLocator.java:214)
	at com.inovis.b2b.lib.service.ServiceLocator.&lt;init&gt;(ServiceLocator.java:183)
	at com.inovis.b2b.lib.service.ServiceLocator.getInstance(ServiceLocator.java:167)
	at com.inovis.b2b.lib.service.ServiceLocator.getInstance(ServiceLocator.java:150)
	at com.inovis.mss.security.defs.SecurityManagerImp.&lt;init&gt;(SecurityManagerImp.java:59)
	... 16 more
Caused by: javax.naming.CommunicationException [Root exception is java.net.ConnectException: t3://localhost:7001: Destination unreachable; nested exception is: 
	java.net.ConnectException: Connection refused: connect; No available router to destination]
	at weblogic.jndi.internal.ExceptionTranslator.toNamingException(ExceptionTranslator.java:49)
	at weblogic.jndi.WLInitialContextFactoryDelegate.toNamingException(WLInitialContextFactoryDelegate.java:765)
	at weblogic.jndi.WLInitialContextFactoryDelegate.getInitialContext(WLInitialContextFactoryDelegate.java:364)
	at weblogic.jndi.Environment.getContext(Environment.java:307)
	at weblogic.jndi.Environment.getContext(Environment.java:277)
	at weblogic.jndi.WLInitialContextFactory.getInitialContext(WLInitialContextFactory.java:117)
	at javax.naming.spi.NamingManager.getInitialContext(NamingManager.java:667)
	at javax.naming.InitialContext.getDefaultInitCtx(InitialContext.java:247)
	at javax.naming.InitialContext.init(InitialContext.java:223)
	at javax.naming.InitialContext.&lt;init&gt;(InitialContext.java:175)
	at com.inovis.b2b.lib.service.ServiceLocator.getInitialContext(ServiceLocator.java:206)
	... 20 more
Caused by: java.net.ConnectException: t3://localhost:7001: Destination unreachable; nested exception is: 
	java.net.ConnectException: Connection refused: connect; No available router to destination
	at weblogic.rjvm.RJVMFinder.findOrCreate(RJVMFinder.java:204)
	at weblogic.rjvm.ServerURL.findOrCreateRJVM(ServerURL.java:154)
	at weblogic.jndi.WLInitialContextFactoryDelegate.getInitialContext(WLInitialContextFactoryDelegate.java:349)
	... 28 more
Caused by: java.rmi.ConnectException: Destination unreachable; nested exception is: 
	java.net.ConnectException: Connection refused: connect; No available router to destination
	at weblogic.rjvm.ConnectionManager.bootstrap(ConnectionManager.java:472)
	at weblogic.rjvm.ConnectionManager.bootstrap(ConnectionManager.java:323)
	at weblogic.rjvm.RJVMManager.findOrCreateRemoteInternal(RJVMManager.java:259)
	at weblogic.rjvm.RJVMManager.findOrCreate(RJVMManager.java:202)
	at weblogic.rjvm.RJVMFinder.findOrCreateRemoteServer(RJVMFinder.java:226)
	at weblogic.rjvm.RJVMFinder.findOrCreate(RJVMFinder.java:189)
	... 30 more
</error>
  </testcase>
  <testcase classname="test.com.inovis.mss.security.TestSecurityManager" name="testAuthValidIpExtCustomer" time="2.869">
    <error message="[SECR-00101] Failed to get a remote interface to a SecurityFacade EJB. This is an EJB error that probably stems from an incorrect deployment, a network problem, or the failure of an EJB server." type="com.inovis.b2b.lib.exception.OperationFailedException">class com.inovis.b2b.lib.exception.OperationFailedException: [SECR-00101] Failed to get a remote interface to a SecurityFacade EJB. This is an EJB error that probably stems from an incorrect deployment, a network problem, or the failure of an EJB server.
	at com.inovis.mss.security.defs.SecurityManagerImp.&lt;init&gt;(SecurityManagerImp.java:66)
	at com.inovis.mss.security.SecurityManager.getManager(SecurityManager.java:74)
	at test.com.inovis.mss.security.TestSecurityManager.setUp(TestSecurityManager.java:148)
Caused by: class com.inovis.b2b.lib.service.ServiceUnavailableException: [LIBP-00001] Unable to connect to naming service
	at com.inovis.b2b.lib.service.ServiceLocator.getInitialContext(ServiceLocator.java:214)
	at com.inovis.b2b.lib.service.ServiceLocator.&lt;init&gt;(ServiceLocator.java:183)
	at com.inovis.b2b.lib.service.ServiceLocator.getInstance(ServiceLocator.java:167)
	at com.inovis.b2b.lib.service.ServiceLocator.getInstance(ServiceLocator.java:150)
	at com.inovis.mss.security.defs.SecurityManagerImp.&lt;init&gt;(SecurityManagerImp.java:59)
	... 16 more
Caused by: javax.naming.CommunicationException [Root exception is java.net.ConnectException: t3://localhost:7001: Destination unreachable; nested exception is: 
	java.net.ConnectException: Connection refused: connect; No available router to destination]
	at weblogic.jndi.internal.ExceptionTranslator.toNamingException(ExceptionTranslator.java:49)
	at weblogic.jndi.WLInitialContextFactoryDelegate.toNamingException(WLInitialContextFactoryDelegate.java:765)
	at weblogic.jndi.WLInitialContextFactoryDelegate.getInitialContext(WLInitialContextFactoryDelegate.java:364)
	at weblogic.jndi.Environment.getContext(Environment.java:307)
	at weblogic.jndi.Environment.getContext(Environment.java:277)
	at weblogic.jndi.WLInitialContextFactory.getInitialContext(WLInitialContextFactory.java:117)
	at javax.naming.spi.NamingManager.getInitialContext(NamingManager.java:667)
	at javax.naming.InitialContext.getDefaultInitCtx(InitialContext.java:247)
	at javax.naming.InitialContext.init(InitialContext.java:223)
	at javax.naming.InitialContext.&lt;init&gt;(InitialContext.java:175)
	at com.inovis.b2b.lib.service.ServiceLocator.getInitialContext(ServiceLocator.java:206)
	... 20 more
Caused by: java.net.ConnectException: t3://localhost:7001: Destination unreachable; nested exception is: 
	java.net.ConnectException: Connection refused: connect; No available router to destination
	at weblogic.rjvm.RJVMFinder.findOrCreate(RJVMFinder.java:204)
	at weblogic.rjvm.ServerURL.findOrCreateRJVM(ServerURL.java:154)
	at weblogic.jndi.WLInitialContextFactoryDelegate.getInitialContext(WLInitialContextFactoryDelegate.java:349)
	... 28 more
Caused by: java.rmi.ConnectException: Destination unreachable; nested exception is: 
	java.net.ConnectException: Connection refused: connect; No available router to destination
	at weblogic.rjvm.ConnectionManager.bootstrap(ConnectionManager.java:472)
	at weblogic.rjvm.ConnectionManager.bootstrap(ConnectionManager.java:323)
	at weblogic.rjvm.RJVMManager.findOrCreateRemoteInternal(RJVMManager.java:259)
	at weblogic.rjvm.RJVMManager.findOrCreate(RJVMManager.java:202)
	at weblogic.rjvm.RJVMFinder.findOrCreateRemoteServer(RJVMFinder.java:226)
	at weblogic.rjvm.RJVMFinder.findOrCreate(RJVMFinder.java:189)
	... 30 more
</error>
  </testcase>
  <testcase classname="test.com.inovis.mss.security.TestSecurityManager" name="testAuthInvalidIp" time="2.074">
    <error message="[SECR-00101] Failed to get a remote interface to a SecurityFacade EJB. This is an EJB error that probably stems from an incorrect deployment, a network problem, or the failure of an EJB server." type="com.inovis.b2b.lib.exception.OperationFailedException">class com.inovis.b2b.lib.exception.OperationFailedException: [SECR-00101] Failed to get a remote interface to a SecurityFacade EJB. This is an EJB error that probably stems from an incorrect deployment, a network problem, or the failure of an EJB server.
	at com.inovis.mss.security.defs.SecurityManagerImp.&lt;init&gt;(SecurityManagerImp.java:66)
	at com.inovis.mss.security.SecurityManager.getManager(SecurityManager.java:74)
	at test.com.inovis.mss.security.TestSecurityManager.setUp(TestSecurityManager.java:148)
Caused by: class com.inovis.b2b.lib.service.ServiceUnavailableException: [LIBP-00001] Unable to connect to naming service
	at com.inovis.b2b.lib.service.ServiceLocator.getInitialContext(ServiceLocator.java:214)
	at com.inovis.b2b.lib.service.ServiceLocator.&lt;init&gt;(ServiceLocator.java:183)
	at com.inovis.b2b.lib.service.ServiceLocator.getInstance(ServiceLocator.java:167)
	at com.inovis.b2b.lib.service.ServiceLocator.getInstance(ServiceLocator.java:150)
	at com.inovis.mss.security.defs.SecurityManagerImp.&lt;init&gt;(SecurityManagerImp.java:59)
	... 16 more
Caused by: javax.naming.CommunicationException [Root exception is java.net.ConnectException: t3://localhost:7001: Destination unreachable; nested exception is: 
	java.net.ConnectException: Connection refused: connect; No available router to destination]
	at weblogic.jndi.internal.ExceptionTranslator.toNamingException(ExceptionTranslator.java:49)
	at weblogic.jndi.WLInitialContextFactoryDelegate.toNamingException(WLInitialContextFactoryDelegate.java:765)
	at weblogic.jndi.WLInitialContextFactoryDelegate.getInitialContext(WLInitialContextFactoryDelegate.java:364)
	at weblogic.jndi.Environment.getContext(Environment.java:307)
	at weblogic.jndi.Environment.getContext(Environment.java:277)
	at weblogic.jndi.WLInitialContextFactory.getInitialContext(WLInitialContextFactory.java:117)
	at javax.naming.spi.NamingManager.getInitialContext(NamingManager.java:667)
	at javax.naming.InitialContext.getDefaultInitCtx(InitialContext.java:247)
	at javax.naming.InitialContext.init(InitialContext.java:223)
	at javax.naming.InitialContext.&lt;init&gt;(InitialContext.java:175)
	at com.inovis.b2b.lib.service.ServiceLocator.getInitialContext(ServiceLocator.java:206)
	... 20 more
Caused by: java.net.ConnectException: t3://localhost:7001: Destination unreachable; nested exception is: 
	java.net.ConnectException: Connection refused: connect; No available router to destination
	at weblogic.rjvm.RJVMFinder.findOrCreate(RJVMFinder.java:204)
	at weblogic.rjvm.ServerURL.findOrCreateRJVM(ServerURL.java:154)
	at weblogic.jndi.WLInitialContextFactoryDelegate.getInitialContext(WLInitialContextFactoryDelegate.java:349)
	... 28 more
Caused by: java.rmi.ConnectException: Destination unreachable; nested exception is: 
	java.net.ConnectException: Connection refused: connect; No available router to destination
	at weblogic.rjvm.ConnectionManager.bootstrap(ConnectionManager.java:472)
	at weblogic.rjvm.ConnectionManager.bootstrap(ConnectionManager.java:323)
	at weblogic.rjvm.RJVMManager.findOrCreateRemoteInternal(RJVMManager.java:259)
	at weblogic.rjvm.RJVMManager.findOrCreate(RJVMManager.java:202)
	at weblogic.rjvm.RJVMFinder.findOrCreateRemoteServer(RJVMFinder.java:226)
	at weblogic.rjvm.RJVMFinder.findOrCreate(RJVMFinder.java:189)
	... 30 more
</error>
  </testcase>
  <testcase classname="test.com.inovis.mss.security.TestSecurityManager" name="testAuthBlockedIp" time="2.994">
    <error message="[SECR-00101] Failed to get a remote interface to a SecurityFacade EJB. This is an EJB error that probably stems from an incorrect deployment, a network problem, or the failure of an EJB server." type="com.inovis.b2b.lib.exception.OperationFailedException">class com.inovis.b2b.lib.exception.OperationFailedException: [SECR-00101] Failed to get a remote interface to a SecurityFacade EJB. This is an EJB error that probably stems from an incorrect deployment, a network problem, or the failure of an EJB server.
	at com.inovis.mss.security.defs.SecurityManagerImp.&lt;init&gt;(SecurityManagerImp.java:66)
	at com.inovis.mss.security.SecurityManager.getManager(SecurityManager.java:74)
	at test.com.inovis.mss.security.TestSecurityManager.setUp(TestSecurityManager.java:148)
Caused by: class com.inovis.b2b.lib.service.ServiceUnavailableException: [LIBP-00001] Unable to connect to naming service
	at com.inovis.b2b.lib.service.ServiceLocator.getInitialContext(ServiceLocator.java:214)
	at com.inovis.b2b.lib.service.ServiceLocator.&lt;init&gt;(ServiceLocator.java:183)
	at com.inovis.b2b.lib.service.ServiceLocator.getInstance(ServiceLocator.java:167)
	at com.inovis.b2b.lib.service.ServiceLocator.getInstance(ServiceLocator.java:150)
	at com.inovis.mss.security.defs.SecurityManagerImp.&lt;init&gt;(SecurityManagerImp.java:59)
	... 16 more
Caused by: javax.naming.CommunicationException [Root exception is java.net.ConnectException: t3://localhost:7001: Destination unreachable; nested exception is: 
	java.net.ConnectException: Connection refused: connect; No available router to destination]
	at weblogic.jndi.internal.ExceptionTranslator.toNamingException(ExceptionTranslator.java:49)
	at weblogic.jndi.WLInitialContextFactoryDelegate.toNamingException(WLInitialContextFactoryDelegate.java:765)
	at weblogic.jndi.WLInitialContextFactoryDelegate.getInitialContext(WLInitialContextFactoryDelegate.java:364)
	at weblogic.jndi.Environment.getContext(Environment.java:307)
	at weblogic.jndi.Environment.getContext(Environment.java:277)
	at weblogic.jndi.WLInitialContextFactory.getInitialContext(WLInitialContextFactory.java:117)
	at javax.naming.spi.NamingManager.getInitialContext(NamingManager.java:667)
	at javax.naming.InitialContext.getDefaultInitCtx(InitialContext.java:247)
	at javax.naming.InitialContext.init(InitialContext.java:223)
	at javax.naming.InitialContext.&lt;init&gt;(InitialContext.java:175)
	at com.inovis.b2b.lib.service.ServiceLocator.getInitialContext(ServiceLocator.java:206)
	... 20 more
Caused by: java.net.ConnectException: t3://localhost:7001: Destination unreachable; nested exception is: 
	java.net.ConnectException: Connection refused: connect; No available router to destination
	at weblogic.rjvm.RJVMFinder.findOrCreate(RJVMFinder.java:204)
	at weblogic.rjvm.ServerURL.findOrCreateRJVM(ServerURL.java:154)
	at weblogic.jndi.WLInitialContextFactoryDelegate.getInitialContext(WLInitialContextFactoryDelegate.java:349)
	... 28 more
Caused by: java.rmi.ConnectException: Destination unreachable; nested exception is: 
	java.net.ConnectException: Connection refused: connect; No available router to destination
	at weblogic.rjvm.ConnectionManager.bootstrap(ConnectionManager.java:472)
	at weblogic.rjvm.ConnectionManager.bootstrap(ConnectionManager.java:323)
	at weblogic.rjvm.RJVMManager.findOrCreateRemoteInternal(RJVMManager.java:259)
	at weblogic.rjvm.RJVMManager.findOrCreate(RJVMManager.java:202)
	at weblogic.rjvm.RJVMFinder.findOrCreateRemoteServer(RJVMFinder.java:226)
	at weblogic.rjvm.RJVMFinder.findOrCreate(RJVMFinder.java:189)
	... 30 more
</error>
  </testcase>
  <testcase classname="test.com.inovis.mss.security.TestSecurityManager" name="testAuthBusinssUiLoginFail" time="2.683">
    <error message="[SECR-00101] Failed to get a remote interface to a SecurityFacade EJB. This is an EJB error that probably stems from an incorrect deployment, a network problem, or the failure of an EJB server." type="com.inovis.b2b.lib.exception.OperationFailedException">class com.inovis.b2b.lib.exception.OperationFailedException: [SECR-00101] Failed to get a remote interface to a SecurityFacade EJB. This is an EJB error that probably stems from an incorrect deployment, a network problem, or the failure of an EJB server.
	at com.inovis.mss.security.defs.SecurityManagerImp.&lt;init&gt;(SecurityManagerImp.java:66)
	at com.inovis.mss.security.SecurityManager.getManager(SecurityManager.java:74)
	at test.com.inovis.mss.security.TestSecurityManager.setUp(TestSecurityManager.java:148)
Caused by: class com.inovis.b2b.lib.service.ServiceUnavailableException: [LIBP-00001] Unable to connect to naming service
	at com.inovis.b2b.lib.service.ServiceLocator.getInitialContext(ServiceLocator.java:214)
	at com.inovis.b2b.lib.service.ServiceLocator.&lt;init&gt;(ServiceLocator.java:183)
	at com.inovis.b2b.lib.service.ServiceLocator.getInstance(ServiceLocator.java:167)
	at com.inovis.b2b.lib.service.ServiceLocator.getInstance(ServiceLocator.java:150)
	at com.inovis.mss.security.defs.SecurityManagerImp.&lt;init&gt;(SecurityManagerImp.java:59)
	... 16 more
Caused by: javax.naming.CommunicationException [Root exception is java.net.ConnectException: t3://localhost:7001: Destination unreachable; nested exception is: 
	java.net.ConnectException: Connection refused: connect; No available router to destination]
	at weblogic.jndi.internal.ExceptionTranslator.toNamingException(ExceptionTranslator.java:49)
	at weblogic.jndi.WLInitialContextFactoryDelegate.toNamingException(WLInitialContextFactoryDelegate.java:765)
	at weblogic.jndi.WLInitialContextFactoryDelegate.getInitialContext(WLInitialContextFactoryDelegate.java:364)
	at weblogic.jndi.Environment.getContext(Environment.java:307)
	at weblogic.jndi.Environment.getContext(Environment.java:277)
	at weblogic.jndi.WLInitialContextFactory.getInitialContext(WLInitialContextFactory.java:117)
	at javax.naming.spi.NamingManager.getInitialContext(NamingManager.java:667)
	at javax.naming.InitialContext.getDefaultInitCtx(InitialContext.java:247)
	at javax.naming.InitialContext.init(InitialContext.java:223)
	at javax.naming.InitialContext.&lt;init&gt;(InitialContext.java:175)
	at com.inovis.b2b.lib.service.ServiceLocator.getInitialContext(ServiceLocator.java:206)
	... 20 more
Caused by: java.net.ConnectException: t3://localhost:7001: Destination unreachable; nested exception is: 
	java.net.ConnectException: Connection refused: connect; No available router to destination
	at weblogic.rjvm.RJVMFinder.findOrCreate(RJVMFinder.java:204)
	at weblogic.rjvm.ServerURL.findOrCreateRJVM(ServerURL.java:154)
	at weblogic.jndi.WLInitialContextFactoryDelegate.getInitialContext(WLInitialContextFactoryDelegate.java:349)
	... 28 more
Caused by: java.rmi.ConnectException: Destination unreachable; nested exception is: 
	java.net.ConnectException: Connection refused: connect; No available router to destination
	at weblogic.rjvm.ConnectionManager.bootstrap(ConnectionManager.java:472)
	at weblogic.rjvm.ConnectionManager.bootstrap(ConnectionManager.java:323)
	at weblogic.rjvm.RJVMManager.findOrCreateRemoteInternal(RJVMManager.java:259)
	at weblogic.rjvm.RJVMManager.findOrCreate(RJVMManager.java:202)
	at weblogic.rjvm.RJVMFinder.findOrCreateRemoteServer(RJVMFinder.java:226)
	at weblogic.rjvm.RJVMFinder.findOrCreate(RJVMFinder.java:189)
	... 30 more
</error>
  </testcase>
  <testcase classname="test.com.inovis.mss.security.TestSecurityManager" name="testAuthNullBusiness" time="2.183">
    <error message="[SECR-00101] Failed to get a remote interface to a SecurityFacade EJB. This is an EJB error that probably stems from an incorrect deployment, a network problem, or the failure of an EJB server." type="com.inovis.b2b.lib.exception.OperationFailedException">class com.inovis.b2b.lib.exception.OperationFailedException: [SECR-00101] Failed to get a remote interface to a SecurityFacade EJB. This is an EJB error that probably stems from an incorrect deployment, a network problem, or the failure of an EJB server.
	at com.inovis.mss.security.defs.SecurityManagerImp.&lt;init&gt;(SecurityManagerImp.java:66)
	at com.inovis.mss.security.SecurityManager.getManager(SecurityManager.java:74)
	at test.com.inovis.mss.security.TestSecurityManager.setUp(TestSecurityManager.java:148)
Caused by: class com.inovis.b2b.lib.service.ServiceUnavailableException: [LIBP-00001] Unable to connect to naming service
	at com.inovis.b2b.lib.service.ServiceLocator.getInitialContext(ServiceLocator.java:214)
	at com.inovis.b2b.lib.service.ServiceLocator.&lt;init&gt;(ServiceLocator.java:183)
	at com.inovis.b2b.lib.service.ServiceLocator.getInstance(ServiceLocator.java:167)
	at com.inovis.b2b.lib.service.ServiceLocator.getInstance(ServiceLocator.java:150)
	at com.inovis.mss.security.defs.SecurityManagerImp.&lt;init&gt;(SecurityManagerImp.java:59)
	... 16 more
Caused by: javax.naming.CommunicationException [Root exception is java.net.ConnectException: t3://localhost:7001: Destination unreachable; nested exception is: 
	java.net.ConnectException: Connection refused: connect; No available router to destination]
	at weblogic.jndi.internal.ExceptionTranslator.toNamingException(ExceptionTranslator.java:49)
	at weblogic.jndi.WLInitialContextFactoryDelegate.toNamingException(WLInitialContextFactoryDelegate.java:765)
	at weblogic.jndi.WLInitialContextFactoryDelegate.getInitialContext(WLInitialContextFactoryDelegate.java:364)
	at weblogic.jndi.Environment.getContext(Environment.java:307)
	at weblogic.jndi.Environment.getContext(Environment.java:277)
	at weblogic.jndi.WLInitialContextFactory.getInitialContext(WLInitialContextFactory.java:117)
	at javax.naming.spi.NamingManager.getInitialContext(NamingManager.java:667)
	at javax.naming.InitialContext.getDefaultInitCtx(InitialContext.java:247)
	at javax.naming.InitialContext.init(InitialContext.java:223)
	at javax.naming.InitialContext.&lt;init&gt;(InitialContext.java:175)
	at com.inovis.b2b.lib.service.ServiceLocator.getInitialContext(ServiceLocator.java:206)
	... 20 more
Caused by: java.net.ConnectException: t3://localhost:7001: Destination unreachable; nested exception is: 
	java.net.ConnectException: Connection refused: connect; No available router to destination
	at weblogic.rjvm.RJVMFinder.findOrCreate(RJVMFinder.java:204)
	at weblogic.rjvm.ServerURL.findOrCreateRJVM(ServerURL.java:154)
	at weblogic.jndi.WLInitialContextFactoryDelegate.getInitialContext(WLInitialContextFactoryDelegate.java:349)
	... 28 more
Caused by: java.rmi.ConnectException: Destination unreachable; nested exception is: 
	java.net.ConnectException: Connection refused: connect; No available router to destination
	at weblogic.rjvm.ConnectionManager.bootstrap(ConnectionManager.java:472)
	at weblogic.rjvm.ConnectionManager.bootstrap(ConnectionManager.java:323)
	at weblogic.rjvm.RJVMManager.findOrCreateRemoteInternal(RJVMManager.java:259)
	at weblogic.rjvm.RJVMManager.findOrCreate(RJVMManager.java:202)
	at weblogic.rjvm.RJVMFinder.findOrCreateRemoteServer(RJVMFinder.java:226)
	at weblogic.rjvm.RJVMFinder.findOrCreate(RJVMFinder.java:189)
	... 30 more
</error>
  </testcase>
  <testcase classname="test.com.inovis.mss.security.TestSecurityManager" name="testAuthBusinessEmptyPassword" time="2.729">
    <error message="[SECR-00101] Failed to get a remote interface to a SecurityFacade EJB. This is an EJB error that probably stems from an incorrect deployment, a network problem, or the failure of an EJB server." type="com.inovis.b2b.lib.exception.OperationFailedException">class com.inovis.b2b.lib.exception.OperationFailedException: [SECR-00101] Failed to get a remote interface to a SecurityFacade EJB. This is an EJB error that probably stems from an incorrect deployment, a network problem, or the failure of an EJB server.
	at com.inovis.mss.security.defs.SecurityManagerImp.&lt;init&gt;(SecurityManagerImp.java:66)
	at com.inovis.mss.security.SecurityManager.getManager(SecurityManager.java:74)
	at test.com.inovis.mss.security.TestSecurityManager.setUp(TestSecurityManager.java:148)
Caused by: class com.inovis.b2b.lib.service.ServiceUnavailableException: [LIBP-00001] Unable to connect to naming service
	at com.inovis.b2b.lib.service.ServiceLocator.getInitialContext(ServiceLocator.java:214)
	at com.inovis.b2b.lib.service.ServiceLocator.&lt;init&gt;(ServiceLocator.java:183)
	at com.inovis.b2b.lib.service.ServiceLocator.getInstance(ServiceLocator.java:167)
	at com.inovis.b2b.lib.service.ServiceLocator.getInstance(ServiceLocator.java:150)
	at com.inovis.mss.security.defs.SecurityManagerImp.&lt;init&gt;(SecurityManagerImp.java:59)
	... 16 more
Caused by: javax.naming.CommunicationException [Root exception is java.net.ConnectException: t3://localhost:7001: Destination unreachable; nested exception is: 
	java.net.ConnectException: Connection refused: connect; No available router to destination]
	at weblogic.jndi.internal.ExceptionTranslator.toNamingException(ExceptionTranslator.java:49)
	at weblogic.jndi.WLInitialContextFactoryDelegate.toNamingException(WLInitialContextFactoryDelegate.java:765)
	at weblogic.jndi.WLInitialContextFactoryDelegate.getInitialContext(WLInitialContextFactoryDelegate.java:364)
	at weblogic.jndi.Environment.getContext(Environment.java:307)
	at weblogic.jndi.Environment.getContext(Environment.java:277)
	at weblogic.jndi.WLInitialContextFactory.getInitialContext(WLInitialContextFactory.java:117)
	at javax.naming.spi.NamingManager.getInitialContext(NamingManager.java:667)
	at javax.naming.InitialContext.getDefaultInitCtx(InitialContext.java:247)
	at javax.naming.InitialContext.init(InitialContext.java:223)
	at javax.naming.InitialContext.&lt;init&gt;(InitialContext.java:175)
	at com.inovis.b2b.lib.service.ServiceLocator.getInitialContext(ServiceLocator.java:206)
	... 20 more
Caused by: java.net.ConnectException: t3://localhost:7001: Destination unreachable; nested exception is: 
	java.net.ConnectException: Connection refused: connect; No available router to destination
	at weblogic.rjvm.RJVMFinder.findOrCreate(RJVMFinder.java:204)
	at weblogic.rjvm.ServerURL.findOrCreateRJVM(ServerURL.java:154)
	at weblogic.jndi.WLInitialContextFactoryDelegate.getInitialContext(WLInitialContextFactoryDelegate.java:349)
	... 28 more
Caused by: java.rmi.ConnectException: Destination unreachable; nested exception is: 
	java.net.ConnectException: Connection refused: connect; No available router to destination
	at weblogic.rjvm.ConnectionManager.bootstrap(ConnectionManager.java:472)
	at weblogic.rjvm.ConnectionManager.bootstrap(ConnectionManager.java:323)
	at weblogic.rjvm.RJVMManager.findOrCreateRemoteInternal(RJVMManager.java:259)
	at weblogic.rjvm.RJVMManager.findOrCreate(RJVMManager.java:202)
	at weblogic.rjvm.RJVMFinder.findOrCreateRemoteServer(RJVMFinder.java:226)
	at weblogic.rjvm.RJVMFinder.findOrCreate(RJVMFinder.java:189)
	... 30 more
</error>
  </testcase>
  <testcase classname="test.com.inovis.mss.security.TestSecurityManager" name="testAuthBusinessNullPassword" time="2.277">
    <error message="[SECR-00101] Failed to get a remote interface to a SecurityFacade EJB. This is an EJB error that probably stems from an incorrect deployment, a network problem, or the failure of an EJB server." type="com.inovis.b2b.lib.exception.OperationFailedException">class com.inovis.b2b.lib.exception.OperationFailedException: [SECR-00101] Failed to get a remote interface to a SecurityFacade EJB. This is an EJB error that probably stems from an incorrect deployment, a network problem, or the failure of an EJB server.
	at com.inovis.mss.security.defs.SecurityManagerImp.&lt;init&gt;(SecurityManagerImp.java:66)
	at com.inovis.mss.security.SecurityManager.getManager(SecurityManager.java:74)
	at test.com.inovis.mss.security.TestSecurityManager.setUp(TestSecurityManager.java:148)
Caused by: class com.inovis.b2b.lib.service.ServiceUnavailableException: [LIBP-00001] Unable to connect to naming service
	at com.inovis.b2b.lib.service.ServiceLocator.getInitialContext(ServiceLocator.java:214)
	at com.inovis.b2b.lib.service.ServiceLocator.&lt;init&gt;(ServiceLocator.java:183)
	at com.inovis.b2b.lib.service.ServiceLocator.getInstance(ServiceLocator.java:167)
	at com.inovis.b2b.lib.service.ServiceLocator.getInstance(ServiceLocator.java:150)
	at com.inovis.mss.security.defs.SecurityManagerImp.&lt;init&gt;(SecurityManagerImp.java:59)
	... 16 more
Caused by: javax.naming.CommunicationException [Root exception is java.net.ConnectException: t3://localhost:7001: Destination unreachable; nested exception is: 
	java.net.ConnectException: Connection refused: connect; No available router to destination]
	at weblogic.jndi.internal.ExceptionTranslator.toNamingException(ExceptionTranslator.java:49)
	at weblogic.jndi.WLInitialContextFactoryDelegate.toNamingException(WLInitialContextFactoryDelegate.java:765)
	at weblogic.jndi.WLInitialContextFactoryDelegate.getInitialContext(WLInitialContextFactoryDelegate.java:364)
	at weblogic.jndi.Environment.getContext(Environment.java:307)
	at weblogic.jndi.Environment.getContext(Environment.java:277)
	at weblogic.jndi.WLInitialContextFactory.getInitialContext(WLInitialContextFactory.java:117)
	at javax.naming.spi.NamingManager.getInitialContext(NamingManager.java:667)
	at javax.naming.InitialContext.getDefaultInitCtx(InitialContext.java:247)
	at javax.naming.InitialContext.init(InitialContext.java:223)
	at javax.naming.InitialContext.&lt;init&gt;(InitialContext.java:175)
	at com.inovis.b2b.lib.service.ServiceLocator.getInitialContext(ServiceLocator.java:206)
	... 20 more
Caused by: java.net.ConnectException: t3://localhost:7001: Destination unreachable; nested exception is: 
	java.net.ConnectException: Connection refused: connect; No available router to destination
	at weblogic.rjvm.RJVMFinder.findOrCreate(RJVMFinder.java:204)
	at weblogic.rjvm.ServerURL.findOrCreateRJVM(ServerURL.java:154)
	at weblogic.jndi.WLInitialContextFactoryDelegate.getInitialContext(WLInitialContextFactoryDelegate.java:349)
	... 28 more
Caused by: java.rmi.ConnectException: Destination unreachable; nested exception is: 
	java.net.ConnectException: Connection refused: connect; No available router to destination
	at weblogic.rjvm.ConnectionManager.bootstrap(ConnectionManager.java:472)
	at weblogic.rjvm.ConnectionManager.bootstrap(ConnectionManager.java:323)
	at weblogic.rjvm.RJVMManager.findOrCreateRemoteInternal(RJVMManager.java:259)
	at weblogic.rjvm.RJVMManager.findOrCreate(RJVMManager.java:202)
	at weblogic.rjvm.RJVMFinder.findOrCreateRemoteServer(RJVMFinder.java:226)
	at weblogic.rjvm.RJVMFinder.findOrCreate(RJVMFinder.java:189)
	... 30 more
</error>
  </testcase>
  <testcase classname="test.com.inovis.mss.security.TestSecurityManager" name="testAuthBusinessFail" time="2.978">
    <error message="[SECR-00101] Failed to get a remote interface to a SecurityFacade EJB. This is an EJB error that probably stems from an incorrect deployment, a network problem, or the failure of an EJB server." type="com.inovis.b2b.lib.exception.OperationFailedException">class com.inovis.b2b.lib.exception.OperationFailedException: [SECR-00101] Failed to get a remote interface to a SecurityFacade EJB. This is an EJB error that probably stems from an incorrect deployment, a network problem, or the failure of an EJB server.
	at com.inovis.mss.security.defs.SecurityManagerImp.&lt;init&gt;(SecurityManagerImp.java:66)
	at com.inovis.mss.security.SecurityManager.getManager(SecurityManager.java:74)
	at test.com.inovis.mss.security.TestSecurityManager.setUp(TestSecurityManager.java:148)
Caused by: class com.inovis.b2b.lib.service.ServiceUnavailableException: [LIBP-00001] Unable to connect to naming service
	at com.inovis.b2b.lib.service.ServiceLocator.getInitialContext(ServiceLocator.java:214)
	at com.inovis.b2b.lib.service.ServiceLocator.&lt;init&gt;(ServiceLocator.java:183)
	at com.inovis.b2b.lib.service.ServiceLocator.getInstance(ServiceLocator.java:167)
	at com.inovis.b2b.lib.service.ServiceLocator.getInstance(ServiceLocator.java:150)
	at com.inovis.mss.security.defs.SecurityManagerImp.&lt;init&gt;(SecurityManagerImp.java:59)
	... 16 more
Caused by: javax.naming.CommunicationException [Root exception is java.net.ConnectException: t3://localhost:7001: Destination unreachable; nested exception is: 
	java.net.ConnectException: Connection refused: connect; No available router to destination]
	at weblogic.jndi.internal.ExceptionTranslator.toNamingException(ExceptionTranslator.java:49)
	at weblogic.jndi.WLInitialContextFactoryDelegate.toNamingException(WLInitialContextFactoryDelegate.java:765)
	at weblogic.jndi.WLInitialContextFactoryDelegate.getInitialContext(WLInitialContextFactoryDelegate.java:364)
	at weblogic.jndi.Environment.getContext(Environment.java:307)
	at weblogic.jndi.Environment.getContext(Environment.java:277)
	at weblogic.jndi.WLInitialContextFactory.getInitialContext(WLInitialContextFactory.java:117)
	at javax.naming.spi.NamingManager.getInitialContext(NamingManager.java:667)
	at javax.naming.InitialContext.getDefaultInitCtx(InitialContext.java:247)
	at javax.naming.InitialContext.init(InitialContext.java:223)
	at javax.naming.InitialContext.&lt;init&gt;(InitialContext.java:175)
	at com.inovis.b2b.lib.service.ServiceLocator.getInitialContext(ServiceLocator.java:206)
	... 20 more
Caused by: java.net.ConnectException: t3://localhost:7001: Destination unreachable; nested exception is: 
	java.net.ConnectException: Connection refused: connect; No available router to destination
	at weblogic.rjvm.RJVMFinder.findOrCreate(RJVMFinder.java:204)
	at weblogic.rjvm.ServerURL.findOrCreateRJVM(ServerURL.java:154)
	at weblogic.jndi.WLInitialContextFactoryDelegate.getInitialContext(WLInitialContextFactoryDelegate.java:349)
	... 28 more
Caused by: java.rmi.ConnectException: Destination unreachable; nested exception is: 
	java.net.ConnectException: Connection refused: connect; No available router to destination
	at weblogic.rjvm.ConnectionManager.bootstrap(ConnectionManager.java:472)
	at weblogic.rjvm.ConnectionManager.bootstrap(ConnectionManager.java:323)
	at weblogic.rjvm.RJVMManager.findOrCreateRemoteInternal(RJVMManager.java:259)
	at weblogic.rjvm.RJVMManager.findOrCreate(RJVMManager.java:202)
	at weblogic.rjvm.RJVMFinder.findOrCreateRemoteServer(RJVMFinder.java:226)
	at weblogic.rjvm.RJVMFinder.findOrCreate(RJVMFinder.java:189)
	... 30 more
</error>
  </testcase>
  <testcase classname="test.com.inovis.mss.security.TestSecurityManager" name="testverifyEditRuleSuccess" time="2.76">
    <error message="[SECR-00101] Failed to get a remote interface to a SecurityFacade EJB. This is an EJB error that probably stems from an incorrect deployment, a network problem, or the failure of an EJB server." type="com.inovis.b2b.lib.exception.OperationFailedException">class com.inovis.b2b.lib.exception.OperationFailedException: [SECR-00101] Failed to get a remote interface to a SecurityFacade EJB. This is an EJB error that probably stems from an incorrect deployment, a network problem, or the failure of an EJB server.
	at com.inovis.mss.security.defs.SecurityManagerImp.&lt;init&gt;(SecurityManagerImp.java:66)
	at com.inovis.mss.security.SecurityManager.getManager(SecurityManager.java:74)
	at test.com.inovis.mss.security.TestSecurityManager.setUp(TestSecurityManager.java:148)
Caused by: class com.inovis.b2b.lib.service.ServiceUnavailableException: [LIBP-00001] Unable to connect to naming service
	at com.inovis.b2b.lib.service.ServiceLocator.getInitialContext(ServiceLocator.java:214)
	at com.inovis.b2b.lib.service.ServiceLocator.&lt;init&gt;(ServiceLocator.java:183)
	at com.inovis.b2b.lib.service.ServiceLocator.getInstance(ServiceLocator.java:167)
	at com.inovis.b2b.lib.service.ServiceLocator.getInstance(ServiceLocator.java:150)
	at com.inovis.mss.security.defs.SecurityManagerImp.&lt;init&gt;(SecurityManagerImp.java:59)
	... 16 more
Caused by: javax.naming.CommunicationException [Root exception is java.net.ConnectException: t3://localhost:7001: Destination unreachable; nested exception is: 
	java.net.ConnectException: Connection refused: connect; No available router to destination]
	at weblogic.jndi.internal.ExceptionTranslator.toNamingException(ExceptionTranslator.java:49)
	at weblogic.jndi.WLInitialContextFactoryDelegate.toNamingException(WLInitialContextFactoryDelegate.java:765)
	at weblogic.jndi.WLInitialContextFactoryDelegate.getInitialContext(WLInitialContextFactoryDelegate.java:364)
	at weblogic.jndi.Environment.getContext(Environment.java:307)
	at weblogic.jndi.Environment.getContext(Environment.java:277)
	at weblogic.jndi.WLInitialContextFactory.getInitialContext(WLInitialContextFactory.java:117)
	at javax.naming.spi.NamingManager.getInitialContext(NamingManager.java:667)
	at javax.naming.InitialContext.getDefaultInitCtx(InitialContext.java:247)
	at javax.naming.InitialContext.init(InitialContext.java:223)
	at javax.naming.InitialContext.&lt;init&gt;(InitialContext.java:175)
	at com.inovis.b2b.lib.service.ServiceLocator.getInitialContext(ServiceLocator.java:206)
	... 20 more
Caused by: java.net.ConnectException: t3://localhost:7001: Destination unreachable; nested exception is: 
	java.net.ConnectException: Connection refused: connect; No available router to destination
	at weblogic.rjvm.RJVMFinder.findOrCreate(RJVMFinder.java:204)
	at weblogic.rjvm.ServerURL.findOrCreateRJVM(ServerURL.java:154)
	at weblogic.jndi.WLInitialContextFactoryDelegate.getInitialContext(WLInitialContextFactoryDelegate.java:349)
	... 28 more
Caused by: java.rmi.ConnectException: Destination unreachable; nested exception is: 
	java.net.ConnectException: Connection refused: connect; No available router to destination
	at weblogic.rjvm.ConnectionManager.bootstrap(ConnectionManager.java:472)
	at weblogic.rjvm.ConnectionManager.bootstrap(ConnectionManager.java:323)
	at weblogic.rjvm.RJVMManager.findOrCreateRemoteInternal(RJVMManager.java:259)
	at weblogic.rjvm.RJVMManager.findOrCreate(RJVMManager.java:202)
	at weblogic.rjvm.RJVMFinder.findOrCreateRemoteServer(RJVMFinder.java:226)
	at weblogic.rjvm.RJVMFinder.findOrCreate(RJVMFinder.java:189)
	... 30 more
</error>
  </testcase>
  <testcase classname="test.com.inovis.mss.security.TestSecurityManager" name="testverifyEditRuleIdenticalPassword" time="2.885">
    <error message="[SECR-00101] Failed to get a remote interface to a SecurityFacade EJB. This is an EJB error that probably stems from an incorrect deployment, a network problem, or the failure of an EJB server." type="com.inovis.b2b.lib.exception.OperationFailedException">class com.inovis.b2b.lib.exception.OperationFailedException: [SECR-00101] Failed to get a remote interface to a SecurityFacade EJB. This is an EJB error that probably stems from an incorrect deployment, a network problem, or the failure of an EJB server.
	at com.inovis.mss.security.defs.SecurityManagerImp.&lt;init&gt;(SecurityManagerImp.java:66)
	at com.inovis.mss.security.SecurityManager.getManager(SecurityManager.java:74)
	at test.com.inovis.mss.security.TestSecurityManager.setUp(TestSecurityManager.java:148)
Caused by: class com.inovis.b2b.lib.service.ServiceUnavailableException: [LIBP-00001] Unable to connect to naming service
	at com.inovis.b2b.lib.service.ServiceLocator.getInitialContext(ServiceLocator.java:214)
	at com.inovis.b2b.lib.service.ServiceLocator.&lt;init&gt;(ServiceLocator.java:183)
	at com.inovis.b2b.lib.service.ServiceLocator.getInstance(ServiceLocator.java:167)
	at com.inovis.b2b.lib.service.ServiceLocator.getInstance(ServiceLocator.java:150)
	at com.inovis.mss.security.defs.SecurityManagerImp.&lt;init&gt;(SecurityManagerImp.java:59)
	... 16 more
Caused by: javax.naming.CommunicationException [Root exception is java.net.ConnectException: t3://localhost:7001: Destination unreachable; nested exception is: 
	java.net.ConnectException: Connection refused: connect; No available router to destination]
	at weblogic.jndi.internal.ExceptionTranslator.toNamingException(ExceptionTranslator.java:49)
	at weblogic.jndi.WLInitialContextFactoryDelegate.toNamingException(WLInitialContextFactoryDelegate.java:765)
	at weblogic.jndi.WLInitialContextFactoryDelegate.getInitialContext(WLInitialContextFactoryDelegate.java:364)
	at weblogic.jndi.Environment.getContext(Environment.java:307)
	at weblogic.jndi.Environment.getContext(Environment.java:277)
	at weblogic.jndi.WLInitialContextFactory.getInitialContext(WLInitialContextFactory.java:117)
	at javax.naming.spi.NamingManager.getInitialContext(NamingManager.java:667)
	at javax.naming.InitialContext.getDefaultInitCtx(InitialContext.java:247)
	at javax.naming.InitialContext.init(InitialContext.java:223)
	at javax.naming.InitialContext.&lt;init&gt;(InitialContext.java:175)
	at com.inovis.b2b.lib.service.ServiceLocator.getInitialContext(ServiceLocator.java:206)
	... 20 more
Caused by: java.net.ConnectException: t3://localhost:7001: Destination unreachable; nested exception is: 
	java.net.ConnectException: Connection refused: connect; No available router to destination
	at weblogic.rjvm.RJVMFinder.findOrCreate(RJVMFinder.java:204)
	at weblogic.rjvm.ServerURL.findOrCreateRJVM(ServerURL.java:154)
	at weblogic.jndi.WLInitialContextFactoryDelegate.getInitialContext(WLInitialContextFactoryDelegate.java:349)
	... 28 more
Caused by: java.rmi.ConnectException: Destination unreachable; nested exception is: 
	java.net.ConnectException: Connection refused: connect; No available router to destination
	at weblogic.rjvm.ConnectionManager.bootstrap(ConnectionManager.java:472)
	at weblogic.rjvm.ConnectionManager.bootstrap(ConnectionManager.java:323)
	at weblogic.rjvm.RJVMManager.findOrCreateRemoteInternal(RJVMManager.java:259)
	at weblogic.rjvm.RJVMManager.findOrCreate(RJVMManager.java:202)
	at weblogic.rjvm.RJVMFinder.findOrCreateRemoteServer(RJVMFinder.java:226)
	at weblogic.rjvm.RJVMFinder.findOrCreate(RJVMFinder.java:189)
	... 30 more
</error>
  </testcase>
  <testcase classname="test.com.inovis.mss.security.TestSecurityManager" name="testverifyEditRuleMaxLenExceeded" time="2.87">
    <error message="[SECR-00101] Failed to get a remote interface to a SecurityFacade EJB. This is an EJB error that probably stems from an incorrect deployment, a network problem, or the failure of an EJB server." type="com.inovis.b2b.lib.exception.OperationFailedException">class com.inovis.b2b.lib.exception.OperationFailedException: [SECR-00101] Failed to get a remote interface to a SecurityFacade EJB. This is an EJB error that probably stems from an incorrect deployment, a network problem, or the failure of an EJB server.
	at com.inovis.mss.security.defs.SecurityManagerImp.&lt;init&gt;(SecurityManagerImp.java:66)
	at com.inovis.mss.security.SecurityManager.getManager(SecurityManager.java:74)
	at test.com.inovis.mss.security.TestSecurityManager.setUp(TestSecurityManager.java:148)
Caused by: class com.inovis.b2b.lib.service.ServiceUnavailableException: [LIBP-00001] Unable to connect to naming service
	at com.inovis.b2b.lib.service.ServiceLocator.getInitialContext(ServiceLocator.java:214)
	at com.inovis.b2b.lib.service.ServiceLocator.&lt;init&gt;(ServiceLocator.java:183)
	at com.inovis.b2b.lib.service.ServiceLocator.getInstance(ServiceLocator.java:167)
	at com.inovis.b2b.lib.service.ServiceLocator.getInstance(ServiceLocator.java:150)
	at com.inovis.mss.security.defs.SecurityManagerImp.&lt;init&gt;(SecurityManagerImp.java:59)
	... 16 more
Caused by: javax.naming.CommunicationException [Root exception is java.net.ConnectException: t3://localhost:7001: Destination unreachable; nested exception is: 
	java.net.ConnectException: Connection refused: connect; No available router to destination]
	at weblogic.jndi.internal.ExceptionTranslator.toNamingException(ExceptionTranslator.java:49)
	at weblogic.jndi.WLInitialContextFactoryDelegate.toNamingException(WLInitialContextFactoryDelegate.java:765)
	at weblogic.jndi.WLInitialContextFactoryDelegate.getInitialContext(WLInitialContextFactoryDelegate.java:364)
	at weblogic.jndi.Environment.getContext(Environment.java:307)
	at weblogic.jndi.Environment.getContext(Environment.java:277)
	at weblogic.jndi.WLInitialContextFactory.getInitialContext(WLInitialContextFactory.java:117)
	at javax.naming.spi.NamingManager.getInitialContext(NamingManager.java:667)
	at javax.naming.InitialContext.getDefaultInitCtx(InitialContext.java:247)
	at javax.naming.InitialContext.init(InitialContext.java:223)
	at javax.naming.InitialContext.&lt;init&gt;(InitialContext.java:175)
	at com.inovis.b2b.lib.service.ServiceLocator.getInitialContext(ServiceLocator.java:206)
	... 20 more
Caused by: java.net.ConnectException: t3://localhost:7001: Destination unreachable; nested exception is: 
	java.net.ConnectException: Connection refused: connect; No available router to destination
	at weblogic.rjvm.RJVMFinder.findOrCreate(RJVMFinder.java:204)
	at weblogic.rjvm.ServerURL.findOrCreateRJVM(ServerURL.java:154)
	at weblogic.jndi.WLInitialContextFactoryDelegate.getInitialContext(WLInitialContextFactoryDelegate.java:349)
	... 28 more
Caused by: java.rmi.ConnectException: Destination unreachable; nested exception is: 
	java.net.ConnectException: Connection refused: connect; No available router to destination
	at weblogic.rjvm.ConnectionManager.bootstrap(ConnectionManager.java:472)
	at weblogic.rjvm.ConnectionManager.bootstrap(ConnectionManager.java:323)
	at weblogic.rjvm.RJVMManager.findOrCreateRemoteInternal(RJVMManager.java:259)
	at weblogic.rjvm.RJVMManager.findOrCreate(RJVMManager.java:202)
	at weblogic.rjvm.RJVMFinder.findOrCreateRemoteServer(RJVMFinder.java:226)
	at weblogic.rjvm.RJVMFinder.findOrCreate(RJVMFinder.java:189)
	... 30 more
</error>
  </testcase>
  <testcase classname="test.com.inovis.mss.security.TestSecurityManager" name="testverifyEditRuleTooShort" time="2.167">
    <error message="[SECR-00101] Failed to get a remote interface to a SecurityFacade EJB. This is an EJB error that probably stems from an incorrect deployment, a network problem, or the failure of an EJB server." type="com.inovis.b2b.lib.exception.OperationFailedException">class com.inovis.b2b.lib.exception.OperationFailedException: [SECR-00101] Failed to get a remote interface to a SecurityFacade EJB. This is an EJB error that probably stems from an incorrect deployment, a network problem, or the failure of an EJB server.
	at com.inovis.mss.security.defs.SecurityManagerImp.&lt;init&gt;(SecurityManagerImp.java:66)
	at com.inovis.mss.security.SecurityManager.getManager(SecurityManager.java:74)
	at test.com.inovis.mss.security.TestSecurityManager.setUp(TestSecurityManager.java:148)
Caused by: class com.inovis.b2b.lib.service.ServiceUnavailableException: [LIBP-00001] Unable to connect to naming service
	at com.inovis.b2b.lib.service.ServiceLocator.getInitialContext(ServiceLocator.java:214)
	at com.inovis.b2b.lib.service.ServiceLocator.&lt;init&gt;(ServiceLocator.java:183)
	at com.inovis.b2b.lib.service.ServiceLocator.getInstance(ServiceLocator.java:167)
	at com.inovis.b2b.lib.service.ServiceLocator.getInstance(ServiceLocator.java:150)
	at com.inovis.mss.security.defs.SecurityManagerImp.&lt;init&gt;(SecurityManagerImp.java:59)
	... 16 more
Caused by: javax.naming.CommunicationException [Root exception is java.net.ConnectException: t3://localhost:7001: Destination unreachable; nested exception is: 
	java.net.ConnectException: Connection refused: connect; No available router to destination]
	at weblogic.jndi.internal.ExceptionTranslator.toNamingException(ExceptionTranslator.java:49)
	at weblogic.jndi.WLInitialContextFactoryDelegate.toNamingException(WLInitialContextFactoryDelegate.java:765)
	at weblogic.jndi.WLInitialContextFactoryDelegate.getInitialContext(WLInitialContextFactoryDelegate.java:364)
	at weblogic.jndi.Environment.getContext(Environment.java:307)
	at weblogic.jndi.Environment.getContext(Environment.java:277)
	at weblogic.jndi.WLInitialContextFactory.getInitialContext(WLInitialContextFactory.java:117)
	at javax.naming.spi.NamingManager.getInitialContext(NamingManager.java:667)
	at javax.naming.InitialContext.getDefaultInitCtx(InitialContext.java:247)
	at javax.naming.InitialContext.init(InitialContext.java:223)
	at javax.naming.InitialContext.&lt;init&gt;(InitialContext.java:175)
	at com.inovis.b2b.lib.service.ServiceLocator.getInitialContext(ServiceLocator.java:206)
	... 20 more
Caused by: java.net.ConnectException: t3://localhost:7001: Destination unreachable; nested exception is: 
	java.net.ConnectException: Connection refused: connect; No available router to destination
	at weblogic.rjvm.RJVMFinder.findOrCreate(RJVMFinder.java:204)
	at weblogic.rjvm.ServerURL.findOrCreateRJVM(ServerURL.java:154)
	at weblogic.jndi.WLInitialContextFactoryDelegate.getInitialContext(WLInitialContextFactoryDelegate.java:349)
	... 28 more
Caused by: java.rmi.ConnectException: Destination unreachable; nested exception is: 
	java.net.ConnectException: Connection refused: connect; No available router to destination
	at weblogic.rjvm.ConnectionManager.bootstrap(ConnectionManager.java:472)
	at weblogic.rjvm.ConnectionManager.bootstrap(ConnectionManager.java:323)
	at weblogic.rjvm.RJVMManager.findOrCreateRemoteInternal(RJVMManager.java:259)
	at weblogic.rjvm.RJVMManager.findOrCreate(RJVMManager.java:202)
	at weblogic.rjvm.RJVMFinder.findOrCreateRemoteServer(RJVMFinder.java:226)
	at weblogic.rjvm.RJVMFinder.findOrCreate(RJVMFinder.java:189)
	... 30 more
</error>
  </testcase>
  <testcase classname="test.com.inovis.mss.security.TestSecurityManager" name="testverifyEditRuleNotAlphaNum" time="2.386">
    <error message="[SECR-00101] Failed to get a remote interface to a SecurityFacade EJB. This is an EJB error that probably stems from an incorrect deployment, a network problem, or the failure of an EJB server." type="com.inovis.b2b.lib.exception.OperationFailedException">class com.inovis.b2b.lib.exception.OperationFailedException: [SECR-00101] Failed to get a remote interface to a SecurityFacade EJB. This is an EJB error that probably stems from an incorrect deployment, a network problem, or the failure of an EJB server.
	at com.inovis.mss.security.defs.SecurityManagerImp.&lt;init&gt;(SecurityManagerImp.java:66)
	at com.inovis.mss.security.SecurityManager.getManager(SecurityManager.java:74)
	at test.com.inovis.mss.security.TestSecurityManager.setUp(TestSecurityManager.java:148)
Caused by: class com.inovis.b2b.lib.service.ServiceUnavailableException: [LIBP-00001] Unable to connect to naming service
	at com.inovis.b2b.lib.service.ServiceLocator.getInitialContext(ServiceLocator.java:214)
	at com.inovis.b2b.lib.service.ServiceLocator.&lt;init&gt;(ServiceLocator.java:183)
	at com.inovis.b2b.lib.service.ServiceLocator.getInstance(ServiceLocator.java:167)
	at com.inovis.b2b.lib.service.ServiceLocator.getInstance(ServiceLocator.java:150)
	at com.inovis.mss.security.defs.SecurityManagerImp.&lt;init&gt;(SecurityManagerImp.java:59)
	... 16 more
Caused by: javax.naming.CommunicationException [Root exception is java.net.ConnectException: t3://localhost:7001: Destination unreachable; nested exception is: 
	java.net.ConnectException: Connection refused: connect; No available router to destination]
	at weblogic.jndi.internal.ExceptionTranslator.toNamingException(ExceptionTranslator.java:49)
	at weblogic.jndi.WLInitialContextFactoryDelegate.toNamingException(WLInitialContextFactoryDelegate.java:765)
	at weblogic.jndi.WLInitialContextFactoryDelegate.getInitialContext(WLInitialContextFactoryDelegate.java:364)
	at weblogic.jndi.Environment.getContext(Environment.java:307)
	at weblogic.jndi.Environment.getContext(Environment.java:277)
	at weblogic.jndi.WLInitialContextFactory.getInitialContext(WLInitialContextFactory.java:117)
	at javax.naming.spi.NamingManager.getInitialContext(NamingManager.java:667)
	at javax.naming.InitialContext.getDefaultInitCtx(InitialContext.java:247)
	at javax.naming.InitialContext.init(InitialContext.java:223)
	at javax.naming.InitialContext.&lt;init&gt;(InitialContext.java:175)
	at com.inovis.b2b.lib.service.ServiceLocator.getInitialContext(ServiceLocator.java:206)
	... 20 more
Caused by: java.net.ConnectException: t3://localhost:7001: Destination unreachable; nested exception is: 
	java.net.ConnectException: Connection refused: connect; No available router to destination
	at weblogic.rjvm.RJVMFinder.findOrCreate(RJVMFinder.java:204)
	at weblogic.rjvm.ServerURL.findOrCreateRJVM(ServerURL.java:154)
	at weblogic.jndi.WLInitialContextFactoryDelegate.getInitialContext(WLInitialContextFactoryDelegate.java:349)
	... 28 more
Caused by: java.rmi.ConnectException: Destination unreachable; nested exception is: 
	java.net.ConnectException: Connection refused: connect; No available router to destination
	at weblogic.rjvm.ConnectionManager.bootstrap(ConnectionManager.java:472)
	at weblogic.rjvm.ConnectionManager.bootstrap(ConnectionManager.java:323)
	at weblogic.rjvm.RJVMManager.findOrCreateRemoteInternal(RJVMManager.java:259)
	at weblogic.rjvm.RJVMManager.findOrCreate(RJVMManager.java:202)
	at weblogic.rjvm.RJVMFinder.findOrCreateRemoteServer(RJVMFinder.java:226)
	at weblogic.rjvm.RJVMFinder.findOrCreate(RJVMFinder.java:189)
	... 30 more
</error>
  </testcase>
  <testcase classname="test.com.inovis.mss.security.TestSecurityManager" name="testverifyEditRuleNoSpecialChar" time="2.074">
    <error message="[SECR-00101] Failed to get a remote interface to a SecurityFacade EJB. This is an EJB error that probably stems from an incorrect deployment, a network problem, or the failure of an EJB server." type="com.inovis.b2b.lib.exception.OperationFailedException">class com.inovis.b2b.lib.exception.OperationFailedException: [SECR-00101] Failed to get a remote interface to a SecurityFacade EJB. This is an EJB error that probably stems from an incorrect deployment, a network problem, or the failure of an EJB server.
	at com.inovis.mss.security.defs.SecurityManagerImp.&lt;init&gt;(SecurityManagerImp.java:66)
	at com.inovis.mss.security.SecurityManager.getManager(SecurityManager.java:74)
	at test.com.inovis.mss.security.TestSecurityManager.setUp(TestSecurityManager.java:148)
Caused by: class com.inovis.b2b.lib.service.ServiceUnavailableException: [LIBP-00001] Unable to connect to naming service
	at com.inovis.b2b.lib.service.ServiceLocator.getInitialContext(ServiceLocator.java:214)
	at com.inovis.b2b.lib.service.ServiceLocator.&lt;init&gt;(ServiceLocator.java:183)
	at com.inovis.b2b.lib.service.ServiceLocator.getInstance(ServiceLocator.java:167)
	at com.inovis.b2b.lib.service.ServiceLocator.getInstance(ServiceLocator.java:150)
	at com.inovis.mss.security.defs.SecurityManagerImp.&lt;init&gt;(SecurityManagerImp.java:59)
	... 16 more
Caused by: javax.naming.CommunicationException [Root exception is java.net.ConnectException: t3://localhost:7001: Destination unreachable; nested exception is: 
	java.net.ConnectException: Connection refused: connect; No available router to destination]
	at weblogic.jndi.internal.ExceptionTranslator.toNamingException(ExceptionTranslator.java:49)
	at weblogic.jndi.WLInitialContextFactoryDelegate.toNamingException(WLInitialContextFactoryDelegate.java:765)
	at weblogic.jndi.WLInitialContextFactoryDelegate.getInitialContext(WLInitialContextFactoryDelegate.java:364)
	at weblogic.jndi.Environment.getContext(Environment.java:307)
	at weblogic.jndi.Environment.getContext(Environment.java:277)
	at weblogic.jndi.WLInitialContextFactory.getInitialContext(WLInitialContextFactory.java:117)
	at javax.naming.spi.NamingManager.getInitialContext(NamingManager.java:667)
	at javax.naming.InitialContext.getDefaultInitCtx(InitialContext.java:247)
	at javax.naming.InitialContext.init(InitialContext.java:223)
	at javax.naming.InitialContext.&lt;init&gt;(InitialContext.java:175)
	at com.inovis.b2b.lib.service.ServiceLocator.getInitialContext(ServiceLocator.java:206)
	... 20 more
Caused by: java.net.ConnectException: t3://localhost:7001: Destination unreachable; nested exception is: 
	java.net.ConnectException: Connection refused: connect; No available router to destination
	at weblogic.rjvm.RJVMFinder.findOrCreate(RJVMFinder.java:204)
	at weblogic.rjvm.ServerURL.findOrCreateRJVM(ServerURL.java:154)
	at weblogic.jndi.WLInitialContextFactoryDelegate.getInitialContext(WLInitialContextFactoryDelegate.java:349)
	... 28 more
Caused by: java.rmi.ConnectException: Destination unreachable; nested exception is: 
	java.net.ConnectException: Connection refused: connect; No available router to destination
	at weblogic.rjvm.ConnectionManager.bootstrap(ConnectionManager.java:472)
	at weblogic.rjvm.ConnectionManager.bootstrap(ConnectionManager.java:323)
	at weblogic.rjvm.RJVMManager.findOrCreateRemoteInternal(RJVMManager.java:259)
	at weblogic.rjvm.RJVMManager.findOrCreate(RJVMManager.java:202)
	at weblogic.rjvm.RJVMFinder.findOrCreateRemoteServer(RJVMFinder.java:226)
	at weblogic.rjvm.RJVMFinder.findOrCreate(RJVMFinder.java:189)
	... 30 more
</error>
  </testcase>
  <testcase classname="test.com.inovis.mss.security.TestSecurityManager" name="testverifyEditRuleMinFreqChgDays" time="2.683">
    <error message="[SECR-00101] Failed to get a remote interface to a SecurityFacade EJB. This is an EJB error that probably stems from an incorrect deployment, a network problem, or the failure of an EJB server." type="com.inovis.b2b.lib.exception.OperationFailedException">class com.inovis.b2b.lib.exception.OperationFailedException: [SECR-00101] Failed to get a remote interface to a SecurityFacade EJB. This is an EJB error that probably stems from an incorrect deployment, a network problem, or the failure of an EJB server.
	at com.inovis.mss.security.defs.SecurityManagerImp.&lt;init&gt;(SecurityManagerImp.java:66)
	at com.inovis.mss.security.SecurityManager.getManager(SecurityManager.java:74)
	at test.com.inovis.mss.security.TestSecurityManager.setUp(TestSecurityManager.java:148)
Caused by: class com.inovis.b2b.lib.service.ServiceUnavailableException: [LIBP-00001] Unable to connect to naming service
	at com.inovis.b2b.lib.service.ServiceLocator.getInitialContext(ServiceLocator.java:214)
	at com.inovis.b2b.lib.service.ServiceLocator.&lt;init&gt;(ServiceLocator.java:183)
	at com.inovis.b2b.lib.service.ServiceLocator.getInstance(ServiceLocator.java:167)
	at com.inovis.b2b.lib.service.ServiceLocator.getInstance(ServiceLocator.java:150)
	at com.inovis.mss.security.defs.SecurityManagerImp.&lt;init&gt;(SecurityManagerImp.java:59)
	... 16 more
Caused by: javax.naming.CommunicationException [Root exception is java.net.ConnectException: t3://localhost:7001: Destination unreachable; nested exception is: 
	java.net.ConnectException: Connection refused: connect; No available router to destination]
	at weblogic.jndi.internal.ExceptionTranslator.toNamingException(ExceptionTranslator.java:49)
	at weblogic.jndi.WLInitialContextFactoryDelegate.toNamingException(WLInitialContextFactoryDelegate.java:765)
	at weblogic.jndi.WLInitialContextFactoryDelegate.getInitialContext(WLInitialContextFactoryDelegate.java:364)
	at weblogic.jndi.Environment.getContext(Environment.java:307)
	at weblogic.jndi.Environment.getContext(Environment.java:277)
	at weblogic.jndi.WLInitialContextFactory.getInitialContext(WLInitialContextFactory.java:117)
	at javax.naming.spi.NamingManager.getInitialContext(NamingManager.java:667)
	at javax.naming.InitialContext.getDefaultInitCtx(InitialContext.java:247)
	at javax.naming.InitialContext.init(InitialContext.java:223)
	at javax.naming.InitialContext.&lt;init&gt;(InitialContext.java:175)
	at com.inovis.b2b.lib.service.ServiceLocator.getInitialContext(ServiceLocator.java:206)
	... 20 more
Caused by: java.net.ConnectException: t3://localhost:7001: Destination unreachable; nested exception is: 
	java.net.ConnectException: Connection refused: connect; No available router to destination
	at weblogic.rjvm.RJVMFinder.findOrCreate(RJVMFinder.java:204)
	at weblogic.rjvm.ServerURL.findOrCreateRJVM(ServerURL.java:154)
	at weblogic.jndi.WLInitialContextFactoryDelegate.getInitialContext(WLInitialContextFactoryDelegate.java:349)
	... 28 more
Caused by: java.rmi.ConnectException: Destination unreachable; nested exception is: 
	java.net.ConnectException: Connection refused: connect; No available router to destination
	at weblogic.rjvm.ConnectionManager.bootstrap(ConnectionManager.java:472)
	at weblogic.rjvm.ConnectionManager.bootstrap(ConnectionManager.java:323)
	at weblogic.rjvm.RJVMManager.findOrCreateRemoteInternal(RJVMManager.java:259)
	at weblogic.rjvm.RJVMManager.findOrCreate(RJVMManager.java:202)
	at weblogic.rjvm.RJVMFinder.findOrCreateRemoteServer(RJVMFinder.java:226)
	at weblogic.rjvm.RJVMFinder.findOrCreate(RJVMFinder.java:189)
	... 30 more
</error>
  </testcase>
  <testcase classname="test.com.inovis.mss.security.TestSecurityManager" name="testverifyEditRuleInvalidPasswordRuleID" time="2.869">
    <error message="[SECR-00101] Failed to get a remote interface to a SecurityFacade EJB. This is an EJB error that probably stems from an incorrect deployment, a network problem, or the failure of an EJB server." type="com.inovis.b2b.lib.exception.OperationFailedException">class com.inovis.b2b.lib.exception.OperationFailedException: [SECR-00101] Failed to get a remote interface to a SecurityFacade EJB. This is an EJB error that probably stems from an incorrect deployment, a network problem, or the failure of an EJB server.
	at com.inovis.mss.security.defs.SecurityManagerImp.&lt;init&gt;(SecurityManagerImp.java:66)
	at com.inovis.mss.security.SecurityManager.getManager(SecurityManager.java:74)
	at test.com.inovis.mss.security.TestSecurityManager.setUp(TestSecurityManager.java:148)
Caused by: class com.inovis.b2b.lib.service.ServiceUnavailableException: [LIBP-00001] Unable to connect to naming service
	at com.inovis.b2b.lib.service.ServiceLocator.getInitialContext(ServiceLocator.java:214)
	at com.inovis.b2b.lib.service.ServiceLocator.&lt;init&gt;(ServiceLocator.java:183)
	at com.inovis.b2b.lib.service.ServiceLocator.getInstance(ServiceLocator.java:167)
	at com.inovis.b2b.lib.service.ServiceLocator.getInstance(ServiceLocator.java:150)
	at com.inovis.mss.security.defs.SecurityManagerImp.&lt;init&gt;(SecurityManagerImp.java:59)
	... 16 more
Caused by: javax.naming.CommunicationException [Root exception is java.net.ConnectException: t3://localhost:7001: Destination unreachable; nested exception is: 
	java.net.ConnectException: Connection refused: connect; No available router to destination]
	at weblogic.jndi.internal.ExceptionTranslator.toNamingException(ExceptionTranslator.java:49)
	at weblogic.jndi.WLInitialContextFactoryDelegate.toNamingException(WLInitialContextFactoryDelegate.java:765)
	at weblogic.jndi.WLInitialContextFactoryDelegate.getInitialContext(WLInitialContextFactoryDelegate.java:364)
	at weblogic.jndi.Environment.getContext(Environment.java:307)
	at weblogic.jndi.Environment.getContext(Environment.java:277)
	at weblogic.jndi.WLInitialContextFactory.getInitialContext(WLInitialContextFactory.java:117)
	at javax.naming.spi.NamingManager.getInitialContext(NamingManager.java:667)
	at javax.naming.InitialContext.getDefaultInitCtx(InitialContext.java:247)
	at javax.naming.InitialContext.init(InitialContext.java:223)
	at javax.naming.InitialContext.&lt;init&gt;(InitialContext.java:175)
	at com.inovis.b2b.lib.service.ServiceLocator.getInitialContext(ServiceLocator.java:206)
	... 20 more
Caused by: java.net.ConnectException: t3://localhost:7001: Destination unreachable; nested exception is: 
	java.net.ConnectException: Connection refused: connect; No available router to destination
	at weblogic.rjvm.RJVMFinder.findOrCreate(RJVMFinder.java:204)
	at weblogic.rjvm.ServerURL.findOrCreateRJVM(ServerURL.java:154)
	at weblogic.jndi.WLInitialContextFactoryDelegate.getInitialContext(WLInitialContextFactoryDelegate.java:349)
	... 28 more
Caused by: java.rmi.ConnectException: Destination unreachable; nested exception is: 
	java.net.ConnectException: Connection refused: connect; No available router to destination
	at weblogic.rjvm.ConnectionManager.bootstrap(ConnectionManager.java:472)
	at weblogic.rjvm.ConnectionManager.bootstrap(ConnectionManager.java:323)
	at weblogic.rjvm.RJVMManager.findOrCreateRemoteInternal(RJVMManager.java:259)
	at weblogic.rjvm.RJVMManager.findOrCreate(RJVMManager.java:202)
	at weblogic.rjvm.RJVMFinder.findOrCreateRemoteServer(RJVMFinder.java:226)
	at weblogic.rjvm.RJVMFinder.findOrCreate(RJVMFinder.java:189)
	... 30 more
</error>
  </testcase>
  <testcase classname="test.com.inovis.mss.security.TestSecurityManager" name="testverifyLoginRuleSuccessBusiness" time="2.947">
    <error message="[SECR-00101] Failed to get a remote interface to a SecurityFacade EJB. This is an EJB error that probably stems from an incorrect deployment, a network problem, or the failure of an EJB server." type="com.inovis.b2b.lib.exception.OperationFailedException">class com.inovis.b2b.lib.exception.OperationFailedException: [SECR-00101] Failed to get a remote interface to a SecurityFacade EJB. This is an EJB error that probably stems from an incorrect deployment, a network problem, or the failure of an EJB server.
	at com.inovis.mss.security.defs.SecurityManagerImp.&lt;init&gt;(SecurityManagerImp.java:66)
	at com.inovis.mss.security.SecurityManager.getManager(SecurityManager.java:74)
	at test.com.inovis.mss.security.TestSecurityManager.setUp(TestSecurityManager.java:148)
Caused by: class com.inovis.b2b.lib.service.ServiceUnavailableException: [LIBP-00001] Unable to connect to naming service
	at com.inovis.b2b.lib.service.ServiceLocator.getInitialContext(ServiceLocator.java:214)
	at com.inovis.b2b.lib.service.ServiceLocator.&lt;init&gt;(ServiceLocator.java:183)
	at com.inovis.b2b.lib.service.ServiceLocator.getInstance(ServiceLocator.java:167)
	at com.inovis.b2b.lib.service.ServiceLocator.getInstance(ServiceLocator.java:150)
	at com.inovis.mss.security.defs.SecurityManagerImp.&lt;init&gt;(SecurityManagerImp.java:59)
	... 16 more
Caused by: javax.naming.CommunicationException [Root exception is java.net.ConnectException: t3://localhost:7001: Destination unreachable; nested exception is: 
	java.net.ConnectException: Connection refused: connect; No available router to destination]
	at weblogic.jndi.internal.ExceptionTranslator.toNamingException(ExceptionTranslator.java:49)
	at weblogic.jndi.WLInitialContextFactoryDelegate.toNamingException(WLInitialContextFactoryDelegate.java:765)
	at weblogic.jndi.WLInitialContextFactoryDelegate.getInitialContext(WLInitialContextFactoryDelegate.java:364)
	at weblogic.jndi.Environment.getContext(Environment.java:307)
	at weblogic.jndi.Environment.getContext(Environment.java:277)
	at weblogic.jndi.WLInitialContextFactory.getInitialContext(WLInitialContextFactory.java:117)
	at javax.naming.spi.NamingManager.getInitialContext(NamingManager.java:667)
	at javax.naming.InitialContext.getDefaultInitCtx(InitialContext.java:247)
	at javax.naming.InitialContext.init(InitialContext.java:223)
	at javax.naming.InitialContext.&lt;init&gt;(InitialContext.java:175)
	at com.inovis.b2b.lib.service.ServiceLocator.getInitialContext(ServiceLocator.java:206)
	... 20 more
Caused by: java.net.ConnectException: t3://localhost:7001: Destination unreachable; nested exception is: 
	java.net.ConnectException: Connection refused: connect; No available router to destination
	at weblogic.rjvm.RJVMFinder.findOrCreate(RJVMFinder.java:204)
	at weblogic.rjvm.ServerURL.findOrCreateRJVM(ServerURL.java:154)
	at weblogic.jndi.WLInitialContextFactoryDelegate.getInitialContext(WLInitialContextFactoryDelegate.java:349)
	... 28 more
Caused by: java.rmi.ConnectException: Destination unreachable; nested exception is: 
	java.net.ConnectException: Connection refused: connect; No available router to destination
	at weblogic.rjvm.ConnectionManager.bootstrap(ConnectionManager.java:472)
	at weblogic.rjvm.ConnectionManager.bootstrap(ConnectionManager.java:323)
	at weblogic.rjvm.RJVMManager.findOrCreateRemoteInternal(RJVMManager.java:259)
	at weblogic.rjvm.RJVMManager.findOrCreate(RJVMManager.java:202)
	at weblogic.rjvm.RJVMFinder.findOrCreateRemoteServer(RJVMFinder.java:226)
	at weblogic.rjvm.RJVMFinder.findOrCreate(RJVMFinder.java:189)
	... 30 more
</error>
  </testcase>
  <testcase classname="test.com.inovis.mss.security.TestSecurityManager" name="testverifyLoginRuleLockout" time="2.776">
    <error message="[SECR-00101] Failed to get a remote interface to a SecurityFacade EJB. This is an EJB error that probably stems from an incorrect deployment, a network problem, or the failure of an EJB server." type="com.inovis.b2b.lib.exception.OperationFailedException">class com.inovis.b2b.lib.exception.OperationFailedException: [SECR-00101] Failed to get a remote interface to a SecurityFacade EJB. This is an EJB error that probably stems from an incorrect deployment, a network problem, or the failure of an EJB server.
	at com.inovis.mss.security.defs.SecurityManagerImp.&lt;init&gt;(SecurityManagerImp.java:66)
	at com.inovis.mss.security.SecurityManager.getManager(SecurityManager.java:74)
	at test.com.inovis.mss.security.TestSecurityManager.setUp(TestSecurityManager.java:148)
Caused by: class com.inovis.b2b.lib.service.ServiceUnavailableException: [LIBP-00001] Unable to connect to naming service
	at com.inovis.b2b.lib.service.ServiceLocator.getInitialContext(ServiceLocator.java:214)
	at com.inovis.b2b.lib.service.ServiceLocator.&lt;init&gt;(ServiceLocator.java:183)
	at com.inovis.b2b.lib.service.ServiceLocator.getInstance(ServiceLocator.java:167)
	at com.inovis.b2b.lib.service.ServiceLocator.getInstance(ServiceLocator.java:150)
	at com.inovis.mss.security.defs.SecurityManagerImp.&lt;init&gt;(SecurityManagerImp.java:59)
	... 16 more
Caused by: javax.naming.CommunicationException [Root exception is java.net.ConnectException: t3://localhost:7001: Destination unreachable; nested exception is: 
	java.net.ConnectException: Connection refused: connect; No available router to destination]
	at weblogic.jndi.internal.ExceptionTranslator.toNamingException(ExceptionTranslator.java:49)
	at weblogic.jndi.WLInitialContextFactoryDelegate.toNamingException(WLInitialContextFactoryDelegate.java:765)
	at weblogic.jndi.WLInitialContextFactoryDelegate.getInitialContext(WLInitialContextFactoryDelegate.java:364)
	at weblogic.jndi.Environment.getContext(Environment.java:307)
	at weblogic.jndi.Environment.getContext(Environment.java:277)
	at weblogic.jndi.WLInitialContextFactory.getInitialContext(WLInitialContextFactory.java:117)
	at javax.naming.spi.NamingManager.getInitialContext(NamingManager.java:667)
	at javax.naming.InitialContext.getDefaultInitCtx(InitialContext.java:247)
	at javax.naming.InitialContext.init(InitialContext.java:223)
	at javax.naming.InitialContext.&lt;init&gt;(InitialContext.java:175)
	at com.inovis.b2b.lib.service.ServiceLocator.getInitialContext(ServiceLocator.java:206)
	... 20 more
Caused by: java.net.ConnectException: t3://localhost:7001: Destination unreachable; nested exception is: 
	java.net.ConnectException: Connection refused: connect; No available router to destination
	at weblogic.rjvm.RJVMFinder.findOrCreate(RJVMFinder.java:204)
	at weblogic.rjvm.ServerURL.findOrCreateRJVM(ServerURL.java:154)
	at weblogic.jndi.WLInitialContextFactoryDelegate.getInitialContext(WLInitialContextFactoryDelegate.java:349)
	... 28 more
Caused by: java.rmi.ConnectException: Destination unreachable; nested exception is: 
	java.net.ConnectException: Connection refused: connect; No available router to destination
	at weblogic.rjvm.ConnectionManager.bootstrap(ConnectionManager.java:472)
	at weblogic.rjvm.ConnectionManager.bootstrap(ConnectionManager.java:323)
	at weblogic.rjvm.RJVMManager.findOrCreateRemoteInternal(RJVMManager.java:259)
	at weblogic.rjvm.RJVMManager.findOrCreate(RJVMManager.java:202)
	at weblogic.rjvm.RJVMFinder.findOrCreateRemoteServer(RJVMFinder.java:226)
	at weblogic.rjvm.RJVMFinder.findOrCreate(RJVMFinder.java:189)
	... 30 more
</error>
  </testcase>
  <testcase classname="test.com.inovis.mss.security.TestSecurityManager" name="testverifyLoginRuleFirstLoginPasswordChg" time="3.088">
    <error message="[SECR-00101] Failed to get a remote interface to a SecurityFacade EJB. This is an EJB error that probably stems from an incorrect deployment, a network problem, or the failure of an EJB server." type="com.inovis.b2b.lib.exception.OperationFailedException">class com.inovis.b2b.lib.exception.OperationFailedException: [SECR-00101] Failed to get a remote interface to a SecurityFacade EJB. This is an EJB error that probably stems from an incorrect deployment, a network problem, or the failure of an EJB server.
	at com.inovis.mss.security.defs.SecurityManagerImp.&lt;init&gt;(SecurityManagerImp.java:66)
	at com.inovis.mss.security.SecurityManager.getManager(SecurityManager.java:74)
	at test.com.inovis.mss.security.TestSecurityManager.setUp(TestSecurityManager.java:148)
Caused by: class com.inovis.b2b.lib.service.ServiceUnavailableException: [LIBP-00001] Unable to connect to naming service
	at com.inovis.b2b.lib.service.ServiceLocator.getInitialContext(ServiceLocator.java:214)
	at com.inovis.b2b.lib.service.ServiceLocator.&lt;init&gt;(ServiceLocator.java:183)
	at com.inovis.b2b.lib.service.ServiceLocator.getInstance(ServiceLocator.java:167)
	at com.inovis.b2b.lib.service.ServiceLocator.getInstance(ServiceLocator.java:150)
	at com.inovis.mss.security.defs.SecurityManagerImp.&lt;init&gt;(SecurityManagerImp.java:59)
	... 16 more
Caused by: javax.naming.CommunicationException [Root exception is java.net.ConnectException: t3://localhost:7001: Destination unreachable; nested exception is: 
	java.net.ConnectException: Connection refused: connect; No available router to destination]
	at weblogic.jndi.internal.ExceptionTranslator.toNamingException(ExceptionTranslator.java:49)
	at weblogic.jndi.WLInitialContextFactoryDelegate.toNamingException(WLInitialContextFactoryDelegate.java:765)
	at weblogic.jndi.WLInitialContextFactoryDelegate.getInitialContext(WLInitialContextFactoryDelegate.java:364)
	at weblogic.jndi.Environment.getContext(Environment.java:307)
	at weblogic.jndi.Environment.getContext(Environment.java:277)
	at weblogic.jndi.WLInitialContextFactory.getInitialContext(WLInitialContextFactory.java:117)
	at javax.naming.spi.NamingManager.getInitialContext(NamingManager.java:667)
	at javax.naming.InitialContext.getDefaultInitCtx(InitialContext.java:247)
	at javax.naming.InitialContext.init(InitialContext.java:223)
	at javax.naming.InitialContext.&lt;init&gt;(InitialContext.java:175)
	at com.inovis.b2b.lib.service.ServiceLocator.getInitialContext(ServiceLocator.java:206)
	... 20 more
Caused by: java.net.ConnectException: t3://localhost:7001: Destination unreachable; nested exception is: 
	java.net.ConnectException: Connection refused: connect; No available router to destination
	at weblogic.rjvm.RJVMFinder.findOrCreate(RJVMFinder.java:204)
	at weblogic.rjvm.ServerURL.findOrCreateRJVM(ServerURL.java:154)
	at weblogic.jndi.WLInitialContextFactoryDelegate.getInitialContext(WLInitialContextFactoryDelegate.java:349)
	... 28 more
Caused by: java.rmi.ConnectException: Destination unreachable; nested exception is: 
	java.net.ConnectException: Connection refused: connect; No available router to destination
	at weblogic.rjvm.ConnectionManager.bootstrap(ConnectionManager.java:472)
	at weblogic.rjvm.ConnectionManager.bootstrap(ConnectionManager.java:323)
	at weblogic.rjvm.RJVMManager.findOrCreateRemoteInternal(RJVMManager.java:259)
	at weblogic.rjvm.RJVMManager.findOrCreate(RJVMManager.java:202)
	at weblogic.rjvm.RJVMFinder.findOrCreateRemoteServer(RJVMFinder.java:226)
	at weblogic.rjvm.RJVMFinder.findOrCreate(RJVMFinder.java:189)
	... 30 more
</error>
  </testcase>
  <testcase classname="test.com.inovis.mss.security.TestSecurityManager" name="testverifyLoginRuleMaxIdleDaysExceeded" time="2.277">
    <error message="[SECR-00101] Failed to get a remote interface to a SecurityFacade EJB. This is an EJB error that probably stems from an incorrect deployment, a network problem, or the failure of an EJB server." type="com.inovis.b2b.lib.exception.OperationFailedException">class com.inovis.b2b.lib.exception.OperationFailedException: [SECR-00101] Failed to get a remote interface to a SecurityFacade EJB. This is an EJB error that probably stems from an incorrect deployment, a network problem, or the failure of an EJB server.
	at com.inovis.mss.security.defs.SecurityManagerImp.&lt;init&gt;(SecurityManagerImp.java:66)
	at com.inovis.mss.security.SecurityManager.getManager(SecurityManager.java:74)
	at test.com.inovis.mss.security.TestSecurityManager.setUp(TestSecurityManager.java:148)
Caused by: class com.inovis.b2b.lib.service.ServiceUnavailableException: [LIBP-00001] Unable to connect to naming service
	at com.inovis.b2b.lib.service.ServiceLocator.getInitialContext(ServiceLocator.java:214)
	at com.inovis.b2b.lib.service.ServiceLocator.&lt;init&gt;(ServiceLocator.java:183)
	at com.inovis.b2b.lib.service.ServiceLocator.getInstance(ServiceLocator.java:167)
	at com.inovis.b2b.lib.service.ServiceLocator.getInstance(ServiceLocator.java:150)
	at com.inovis.mss.security.defs.SecurityManagerImp.&lt;init&gt;(SecurityManagerImp.java:59)
	... 16 more
Caused by: javax.naming.CommunicationException [Root exception is java.net.ConnectException: t3://localhost:7001: Destination unreachable; nested exception is: 
	java.net.ConnectException: Connection refused: connect; No available router to destination]
	at weblogic.jndi.internal.ExceptionTranslator.toNamingException(ExceptionTranslator.java:49)
	at weblogic.jndi.WLInitialContextFactoryDelegate.toNamingException(WLInitialContextFactoryDelegate.java:765)
	at weblogic.jndi.WLInitialContextFactoryDelegate.getInitialContext(WLInitialContextFactoryDelegate.java:364)
	at weblogic.jndi.Environment.getContext(Environment.java:307)
	at weblogic.jndi.Environment.getContext(Environment.java:277)
	at weblogic.jndi.WLInitialContextFactory.getInitialContext(WLInitialContextFactory.java:117)
	at javax.naming.spi.NamingManager.getInitialContext(NamingManager.java:667)
	at javax.naming.InitialContext.getDefaultInitCtx(InitialContext.java:247)
	at javax.naming.InitialContext.init(InitialContext.java:223)
	at javax.naming.InitialContext.&lt;init&gt;(InitialContext.java:175)
	at com.inovis.b2b.lib.service.ServiceLocator.getInitialContext(ServiceLocator.java:206)
	... 20 more
Caused by: java.net.ConnectException: t3://localhost:7001: Destination unreachable; nested exception is: 
	java.net.ConnectException: Connection refused: connect; No available router to destination
	at weblogic.rjvm.RJVMFinder.findOrCreate(RJVMFinder.java:204)
	at weblogic.rjvm.ServerURL.findOrCreateRJVM(ServerURL.java:154)
	at weblogic.jndi.WLInitialContextFactoryDelegate.getInitialContext(WLInitialContextFactoryDelegate.java:349)
	... 28 more
Caused by: java.rmi.ConnectException: Destination unreachable; nested exception is: 
	java.net.ConnectException: Connection refused: connect; No available router to destination
	at weblogic.rjvm.ConnectionManager.bootstrap(ConnectionManager.java:472)
	at weblogic.rjvm.ConnectionManager.bootstrap(ConnectionManager.java:323)
	at weblogic.rjvm.RJVMManager.findOrCreateRemoteInternal(RJVMManager.java:259)
	at weblogic.rjvm.RJVMManager.findOrCreate(RJVMManager.java:202)
	at weblogic.rjvm.RJVMFinder.findOrCreateRemoteServer(RJVMFinder.java:226)
	at weblogic.rjvm.RJVMFinder.findOrCreate(RJVMFinder.java:189)
	... 30 more
</error>
  </testcase>
  <testcase classname="test.com.inovis.mss.security.TestSecurityManager" name="testverifyLoginAllChecksDisabled" time="2.355">
    <error message="[SECR-00101] Failed to get a remote interface to a SecurityFacade EJB. This is an EJB error that probably stems from an incorrect deployment, a network problem, or the failure of an EJB server." type="com.inovis.b2b.lib.exception.OperationFailedException">class com.inovis.b2b.lib.exception.OperationFailedException: [SECR-00101] Failed to get a remote interface to a SecurityFacade EJB. This is an EJB error that probably stems from an incorrect deployment, a network problem, or the failure of an EJB server.
	at com.inovis.mss.security.defs.SecurityManagerImp.&lt;init&gt;(SecurityManagerImp.java:66)
	at com.inovis.mss.security.SecurityManager.getManager(SecurityManager.java:74)
	at test.com.inovis.mss.security.TestSecurityManager.setUp(TestSecurityManager.java:148)
Caused by: class com.inovis.b2b.lib.service.ServiceUnavailableException: [LIBP-00001] Unable to connect to naming service
	at com.inovis.b2b.lib.service.ServiceLocator.getInitialContext(ServiceLocator.java:214)
	at com.inovis.b2b.lib.service.ServiceLocator.&lt;init&gt;(ServiceLocator.java:183)
	at com.inovis.b2b.lib.service.ServiceLocator.getInstance(ServiceLocator.java:167)
	at com.inovis.b2b.lib.service.ServiceLocator.getInstance(ServiceLocator.java:150)
	at com.inovis.mss.security.defs.SecurityManagerImp.&lt;init&gt;(SecurityManagerImp.java:59)
	... 16 more
Caused by: javax.naming.CommunicationException [Root exception is java.net.ConnectException: t3://localhost:7001: Destination unreachable; nested exception is: 
	java.net.ConnectException: Connection refused: connect; No available router to destination]
	at weblogic.jndi.internal.ExceptionTranslator.toNamingException(ExceptionTranslator.java:49)
	at weblogic.jndi.WLInitialContextFactoryDelegate.toNamingException(WLInitialContextFactoryDelegate.java:765)
	at weblogic.jndi.WLInitialContextFactoryDelegate.getInitialContext(WLInitialContextFactoryDelegate.java:364)
	at weblogic.jndi.Environment.getContext(Environment.java:307)
	at weblogic.jndi.Environment.getContext(Environment.java:277)
	at weblogic.jndi.WLInitialContextFactory.getInitialContext(WLInitialContextFactory.java:117)
	at javax.naming.spi.NamingManager.getInitialContext(NamingManager.java:667)
	at javax.naming.InitialContext.getDefaultInitCtx(InitialContext.java:247)
	at javax.naming.InitialContext.init(InitialContext.java:223)
	at javax.naming.InitialContext.&lt;init&gt;(InitialContext.java:175)
	at com.inovis.b2b.lib.service.ServiceLocator.getInitialContext(ServiceLocator.java:206)
	... 20 more
Caused by: java.net.ConnectException: t3://localhost:7001: Destination unreachable; nested exception is: 
	java.net.ConnectException: Connection refused: connect; No available router to destination
	at weblogic.rjvm.RJVMFinder.findOrCreate(RJVMFinder.java:204)
	at weblogic.rjvm.ServerURL.findOrCreateRJVM(ServerURL.java:154)
	at weblogic.jndi.WLInitialContextFactoryDelegate.getInitialContext(WLInitialContextFactoryDelegate.java:349)
	... 28 more
Caused by: java.rmi.ConnectException: Destination unreachable; nested exception is: 
	java.net.ConnectException: Connection refused: connect; No available router to destination
	at weblogic.rjvm.ConnectionManager.bootstrap(ConnectionManager.java:472)
	at weblogic.rjvm.ConnectionManager.bootstrap(ConnectionManager.java:323)
	at weblogic.rjvm.RJVMManager.findOrCreateRemoteInternal(RJVMManager.java:259)
	at weblogic.rjvm.RJVMManager.findOrCreate(RJVMManager.java:202)
	at weblogic.rjvm.RJVMFinder.findOrCreateRemoteServer(RJVMFinder.java:226)
	at weblogic.rjvm.RJVMFinder.findOrCreate(RJVMFinder.java:189)
	... 30 more
</error>
  </testcase>
  <testcase classname="test.com.inovis.mss.security.TestSecurityManager" name="testCleanup" time="3.103">
    <error message="[SECR-00101] Failed to get a remote interface to a SecurityFacade EJB. This is an EJB error that probably stems from an incorrect deployment, a network problem, or the failure of an EJB server." type="com.inovis.b2b.lib.exception.OperationFailedException">class com.inovis.b2b.lib.exception.OperationFailedException: [SECR-00101] Failed to get a remote interface to a SecurityFacade EJB. This is an EJB error that probably stems from an incorrect deployment, a network problem, or the failure of an EJB server.
	at com.inovis.mss.security.defs.SecurityManagerImp.&lt;init&gt;(SecurityManagerImp.java:66)
	at com.inovis.mss.security.SecurityManager.getManager(SecurityManager.java:74)
	at test.com.inovis.mss.security.TestSecurityManager.setUp(TestSecurityManager.java:148)
Caused by: class com.inovis.b2b.lib.service.ServiceUnavailableException: [LIBP-00001] Unable to connect to naming service
	at com.inovis.b2b.lib.service.ServiceLocator.getInitialContext(ServiceLocator.java:214)
	at com.inovis.b2b.lib.service.ServiceLocator.&lt;init&gt;(ServiceLocator.java:183)
	at com.inovis.b2b.lib.service.ServiceLocator.getInstance(ServiceLocator.java:167)
	at com.inovis.b2b.lib.service.ServiceLocator.getInstance(ServiceLocator.java:150)
	at com.inovis.mss.security.defs.SecurityManagerImp.&lt;init&gt;(SecurityManagerImp.java:59)
	... 16 more
Caused by: javax.naming.CommunicationException [Root exception is java.net.ConnectException: t3://localhost:7001: Destination unreachable; nested exception is: 
	java.net.ConnectException: Connection refused: connect; No available router to destination]
	at weblogic.jndi.internal.ExceptionTranslator.toNamingException(ExceptionTranslator.java:49)
	at weblogic.jndi.WLInitialContextFactoryDelegate.toNamingException(WLInitialContextFactoryDelegate.java:765)
	at weblogic.jndi.WLInitialContextFactoryDelegate.getInitialContext(WLInitialContextFactoryDelegate.java:364)
	at weblogic.jndi.Environment.getContext(Environment.java:307)
	at weblogic.jndi.Environment.getContext(Environment.java:277)
	at weblogic.jndi.WLInitialContextFactory.getInitialContext(WLInitialContextFactory.java:117)
	at javax.naming.spi.NamingManager.getInitialContext(NamingManager.java:667)
	at javax.naming.InitialContext.getDefaultInitCtx(InitialContext.java:247)
	at javax.naming.InitialContext.init(InitialContext.java:223)
	at javax.naming.InitialContext.&lt;init&gt;(InitialContext.java:175)
	at com.inovis.b2b.lib.service.ServiceLocator.getInitialContext(ServiceLocator.java:206)
	... 20 more
Caused by: java.net.ConnectException: t3://localhost:7001: Destination unreachable; nested exception is: 
	java.net.ConnectException: Connection refused: connect; No available router to destination
	at weblogic.rjvm.RJVMFinder.findOrCreate(RJVMFinder.java:204)
	at weblogic.rjvm.ServerURL.findOrCreateRJVM(ServerURL.java:154)
	at weblogic.jndi.WLInitialContextFactoryDelegate.getInitialContext(WLInitialContextFactoryDelegate.java:349)
	... 28 more
Caused by: java.rmi.ConnectException: Destination unreachable; nested exception is: 
	java.net.ConnectException: Connection refused: connect; No available router to destination
	at weblogic.rjvm.ConnectionManager.bootstrap(ConnectionManager.java:472)
	at weblogic.rjvm.ConnectionManager.bootstrap(ConnectionManager.java:323)
	at weblogic.rjvm.RJVMManager.findOrCreateRemoteInternal(RJVMManager.java:259)
	at weblogic.rjvm.RJVMManager.findOrCreate(RJVMManager.java:202)
	at weblogic.rjvm.RJVMFinder.findOrCreateRemoteServer(RJVMFinder.java:226)
	at weblogic.rjvm.RJVMFinder.findOrCreate(RJVMFinder.java:189)
	... 30 more
</error>
  </testcase>
  <testcase classname="test.com.inovis.mss.security.TestCrypto" name="testEncrypt" time="0.327"></testcase>
  <testcase classname="test.com.inovis.mss.security.TestCrypto" name="testNullText" time="0.0"></testcase>
  <testcase classname="test.com.inovis.mss.admin.systemhealth.TestSystemStatusManager" name="testSystemStatusManager" time="2.87">
    <error message="[SYSH-00107] Unable to create the System Status Manager." type="com.inovis.b2b.lib.exception.OperationFailedException">class com.inovis.b2b.lib.exception.OperationFailedException: [SYSH-00107] Unable to create the System Status Manager.
	at com.inovis.mss.admin.systemhealth.defs.SystemStatusManagerImp.&lt;init&gt;(SystemStatusManagerImp.java:59)
	at com.inovis.mss.admin.systemhealth.SystemStatusManager.getManager(SystemStatusManager.java:57)
	at test.com.inovis.mss.admin.systemhealth.TestSystemStatusManager.setUp(TestSystemStatusManager.java:77)
Caused by: class com.inovis.b2b.lib.service.ServiceUnavailableException: [LIBP-00001] Unable to connect to naming service
	at com.inovis.b2b.lib.service.ServiceLocator.getInitialContext(ServiceLocator.java:214)
	at com.inovis.b2b.lib.service.ServiceLocator.&lt;init&gt;(ServiceLocator.java:183)
	at com.inovis.b2b.lib.service.ServiceLocator.getInstance(ServiceLocator.java:167)
	at com.inovis.b2b.lib.service.ServiceLocator.getInstance(ServiceLocator.java:150)
	at com.inovis.mss.admin.systemhealth.defs.SystemStatusManagerImp.&lt;init&gt;(SystemStatusManagerImp.java:52)
	... 16 more
Caused by: javax.naming.CommunicationException [Root exception is java.net.ConnectException: t3://localhost:7001: Destination unreachable; nested exception is: 
	java.net.ConnectException: Connection refused: connect; No available router to destination]
	at weblogic.jndi.internal.ExceptionTranslator.toNamingException(ExceptionTranslator.java:49)
	at weblogic.jndi.WLInitialContextFactoryDelegate.toNamingException(WLInitialContextFactoryDelegate.java:765)
	at weblogic.jndi.WLInitialContextFactoryDelegate.getInitialContext(WLInitialContextFactoryDelegate.java:364)
	at weblogic.jndi.Environment.getContext(Environment.java:307)
	at weblogic.jndi.Environment.getContext(Environment.java:277)
	at weblogic.jndi.WLInitialContextFactory.getInitialContext(WLInitialContextFactory.java:117)
	at javax.naming.spi.NamingManager.getInitialContext(NamingManager.java:667)
	at javax.naming.InitialContext.getDefaultInitCtx(InitialContext.java:247)
	at javax.naming.InitialContext.init(InitialContext.java:223)
	at javax.naming.InitialContext.&lt;init&gt;(InitialContext.java:175)
	at com.inovis.b2b.lib.service.ServiceLocator.getInitialContext(ServiceLocator.java:206)
	... 20 more
Caused by: java.net.ConnectException: t3://localhost:7001: Destination unreachable; nested exception is: 
	java.net.ConnectException: Connection refused: connect; No available router to destination
	at weblogic.rjvm.RJVMFinder.findOrCreate(RJVMFinder.java:204)
	at weblogic.rjvm.ServerURL.findOrCreateRJVM(ServerURL.java:154)
	at weblogic.jndi.WLInitialContextFactoryDelegate.getInitialContext(WLInitialContextFactoryDelegate.java:349)
	... 28 more
Caused by: java.rmi.ConnectException: Destination unreachable; nested exception is: 
	java.net.ConnectException: Connection refused: connect; No available router to destination
	at weblogic.rjvm.ConnectionManager.bootstrap(ConnectionManager.java:472)
	at weblogic.rjvm.ConnectionManager.bootstrap(ConnectionManager.java:323)
	at weblogic.rjvm.RJVMManager.findOrCreateRemoteInternal(RJVMManager.java:259)
	at weblogic.rjvm.RJVMManager.findOrCreate(RJVMManager.java:202)
	at weblogic.rjvm.RJVMFinder.findOrCreateRemoteServer(RJVMFinder.java:226)
	at weblogic.rjvm.RJVMFinder.findOrCreate(RJVMFinder.java:189)
	... 30 more
</error>
  </testcase>
  <testcase classname="test.com.inovis.mss.admin.systemhealth.TestTransactionSnapshot" name="testTransactionSnapshot" time="0.031"></testcase>
  <testcase classname="test.com.inovis.mss.admin.systemhealth.TestTransactionSnapshotManager" name="testTransactionSnapshotManager" time="2.916">
    <error message="[LIBP-00001] Unable to connect to naming service" type="com.inovis.b2b.lib.service.ServiceUnavailableException">class com.inovis.b2b.lib.service.ServiceUnavailableException: [LIBP-00001] Unable to connect to naming service
	at com.inovis.b2b.lib.service.ServiceLocator.getInitialContext(ServiceLocator.java:214)
	at com.inovis.b2b.lib.service.ServiceLocator.&lt;init&gt;(ServiceLocator.java:183)
	at com.inovis.b2b.lib.service.ServiceLocator.getInstance(ServiceLocator.java:167)
	at com.inovis.b2b.lib.service.ServiceLocator.getInstance(ServiceLocator.java:150)
	at com.inovis.mss.admin.systemhealth.defs.TransactionSnapshotManagerImp.&lt;init&gt;(TransactionSnapshotManagerImp.java:53)
	at com.inovis.mss.admin.systemhealth.TransactionSnapshotManager.getManager(TransactionSnapshotManager.java:61)
	at test.com.inovis.mss.admin.systemhealth.TestTransactionSnapshotManager.setUp(TestTransactionSnapshotManager.java:46)
Caused by: javax.naming.CommunicationException [Root exception is java.net.ConnectException: t3://localhost:7001: Destination unreachable; nested exception is: 
	java.net.ConnectException: Connection refused: connect; No available router to destination]
	at weblogic.jndi.internal.ExceptionTranslator.toNamingException(ExceptionTranslator.java:49)
	at weblogic.jndi.WLInitialContextFactoryDelegate.toNamingException(WLInitialContextFactoryDelegate.java:765)
	at weblogic.jndi.WLInitialContextFactoryDelegate.getInitialContext(WLInitialContextFactoryDelegate.java:364)
	at weblogic.jndi.Environment.getContext(Environment.java:307)
	at weblogic.jndi.Environment.getContext(Environment.java:277)
	at weblogic.jndi.WLInitialContextFactory.getInitialContext(WLInitialContextFactory.java:117)
	at javax.naming.spi.NamingManager.getInitialContext(NamingManager.java:667)
	at javax.naming.InitialContext.getDefaultInitCtx(InitialContext.java:247)
	at javax.naming.InitialContext.init(InitialContext.java:223)
	at javax.naming.InitialContext.&lt;init&gt;(InitialContext.java:175)
	at com.inovis.b2b.lib.service.ServiceLocator.getInitialContext(ServiceLocator.java:206)
	... 20 more
Caused by: java.net.ConnectException: t3://localhost:7001: Destination unreachable; nested exception is: 
	java.net.ConnectException: Connection refused: connect; No available router to destination
	at weblogic.rjvm.RJVMFinder.findOrCreate(RJVMFinder.java:204)
	at weblogic.rjvm.ServerURL.findOrCreateRJVM(ServerURL.java:154)
	at weblogic.jndi.WLInitialContextFactoryDelegate.getInitialContext(WLInitialContextFactoryDelegate.java:349)
	... 28 more
Caused by: java.rmi.ConnectException: Destination unreachable; nested exception is: 
	java.net.ConnectException: Connection refused: connect; No available router to destination
	at weblogic.rjvm.ConnectionManager.bootstrap(ConnectionManager.java:472)
	at weblogic.rjvm.ConnectionManager.bootstrap(ConnectionManager.java:323)
	at weblogic.rjvm.RJVMManager.findOrCreateRemoteInternal(RJVMManager.java:259)
	at weblogic.rjvm.RJVMManager.findOrCreate(RJVMManager.java:202)
	at weblogic.rjvm.RJVMFinder.findOrCreateRemoteServer(RJVMFinder.java:226)
	at weblogic.rjvm.RJVMFinder.findOrCreate(RJVMFinder.java:189)
	... 30 more
</error>
  </testcase>
  <testcase classname="test.com.inovis.mss.mailbox.TestMailboxID" name="testDummyMailboxID" time="0.0"></testcase>
  <testcase classname="test.com.inovis.mss.mailbox.TestMailboxID" name="testGetMailboxID" time="0.0"></testcase>
  <testcase classname="test.com.inovis.mss.mailbox.TestMailboxID" name="testSetMailboxID" time="0.0"></testcase>
  <testcase classname="test.com.inovis.mss.mailbox.TestMailboxID" name="testEquality1" time="0.0"></testcase>
  <testcase classname="test.com.inovis.mss.mailbox.TestMailboxID" name="testEquality2" time="0.0"></testcase>
  <testcase classname="test.com.inovis.mss.mailbox.TestMailboxID" name="testEquality3" time="0.0"></testcase>
  <testcase classname="test.com.inovis.mss.mailbox.TestMailboxManager" name="testListMail" time="2.714">
    <error message="[MBOX-00106] Unable to create the Mailbox Manager." type="com.inovis.b2b.lib.exception.OperationFailedException">class com.inovis.b2b.lib.exception.OperationFailedException: [MBOX-00106] Unable to create the Mailbox Manager.
	at com.inovis.mss.mailbox.defs.MailboxManagerImp.&lt;init&gt;(MailboxManagerImp.java:86)
	at com.inovis.mss.mailbox.MailboxManager.getManager(MailboxManager.java:69)
	at test.com.inovis.mss.mailbox.TestMailboxManager.setUp(TestMailboxManager.java:59)
Caused by: class com.inovis.b2b.lib.service.ServiceUnavailableException: [LIBP-00001] Unable to connect to naming service
	at com.inovis.b2b.lib.service.ServiceLocator.getInitialContext(ServiceLocator.java:214)
	at com.inovis.b2b.lib.service.ServiceLocator.&lt;init&gt;(ServiceLocator.java:183)
	at com.inovis.b2b.lib.service.ServiceLocator.getInstance(ServiceLocator.java:167)
	at com.inovis.b2b.lib.service.ServiceLocator.getInstance(ServiceLocator.java:150)
	at com.inovis.mss.mailbox.defs.MailboxManagerImp.&lt;init&gt;(MailboxManagerImp.java:73)
	... 16 more
Caused by: javax.naming.CommunicationException [Root exception is java.net.ConnectException: t3://localhost:7001: Destination unreachable; nested exception is: 
	java.net.ConnectException: Connection refused: connect; No available router to destination]
	at weblogic.jndi.internal.ExceptionTranslator.toNamingException(ExceptionTranslator.java:49)
	at weblogic.jndi.WLInitialContextFactoryDelegate.toNamingException(WLInitialContextFactoryDelegate.java:765)
	at weblogic.jndi.WLInitialContextFactoryDelegate.getInitialContext(WLInitialContextFactoryDelegate.java:364)
	at weblogic.jndi.Environment.getContext(Environment.java:307)
	at weblogic.jndi.Environment.getContext(Environment.java:277)
	at weblogic.jndi.WLInitialContextFactory.getInitialContext(WLInitialContextFactory.java:117)
	at javax.naming.spi.NamingManager.getInitialContext(NamingManager.java:667)
	at javax.naming.InitialContext.getDefaultInitCtx(InitialContext.java:247)
	at javax.naming.InitialContext.init(InitialContext.java:223)
	at javax.naming.InitialContext.&lt;init&gt;(InitialContext.java:175)
	at com.inovis.b2b.lib.service.ServiceLocator.getInitialContext(ServiceLocator.java:206)
	... 20 more
Caused by: java.net.ConnectException: t3://localhost:7001: Destination unreachable; nested exception is: 
	java.net.ConnectException: Connection refused: connect; No available router to destination
	at weblogic.rjvm.RJVMFinder.findOrCreate(RJVMFinder.java:204)
	at weblogic.rjvm.ServerURL.findOrCreateRJVM(ServerURL.java:154)
	at weblogic.jndi.WLInitialContextFactoryDelegate.getInitialContext(WLInitialContextFactoryDelegate.java:349)
	... 28 more
Caused by: java.rmi.ConnectException: Destination unreachable; nested exception is: 
	java.net.ConnectException: Connection refused: connect; No available router to destination
	at weblogic.rjvm.ConnectionManager.bootstrap(ConnectionManager.java:472)
	at weblogic.rjvm.ConnectionManager.bootstrap(ConnectionManager.java:323)
	at weblogic.rjvm.RJVMManager.findOrCreateRemoteInternal(RJVMManager.java:259)
	at weblogic.rjvm.RJVMManager.findOrCreate(RJVMManager.java:202)
	at weblogic.rjvm.RJVMFinder.findOrCreateRemoteServer(RJVMFinder.java:226)
	at weblogic.rjvm.RJVMFinder.findOrCreate(RJVMFinder.java:189)
	... 30 more
</error>
  </testcase>
  <testcase classname="test.com.inovis.mss.mailbox.TestMailboxManager" name="testmarkRead" time="2.775">
    <error message="[MBOX-00106] Unable to create the Mailbox Manager." type="com.inovis.b2b.lib.exception.OperationFailedException">class com.inovis.b2b.lib.exception.OperationFailedException: [MBOX-00106] Unable to create the Mailbox Manager.
	at com.inovis.mss.mailbox.defs.MailboxManagerImp.&lt;init&gt;(MailboxManagerImp.java:86)
	at com.inovis.mss.mailbox.MailboxManager.getManager(MailboxManager.java:69)
	at test.com.inovis.mss.mailbox.TestMailboxManager.setUp(TestMailboxManager.java:59)
Caused by: class com.inovis.b2b.lib.service.ServiceUnavailableException: [LIBP-00001] Unable to connect to naming service
	at com.inovis.b2b.lib.service.ServiceLocator.getInitialContext(ServiceLocator.java:214)
	at com.inovis.b2b.lib.service.ServiceLocator.&lt;init&gt;(ServiceLocator.java:183)
	at com.inovis.b2b.lib.service.ServiceLocator.getInstance(ServiceLocator.java:167)
	at com.inovis.b2b.lib.service.ServiceLocator.getInstance(ServiceLocator.java:150)
	at com.inovis.mss.mailbox.defs.MailboxManagerImp.&lt;init&gt;(MailboxManagerImp.java:73)
	... 16 more
Caused by: javax.naming.CommunicationException [Root exception is java.net.ConnectException: t3://localhost:7001: Destination unreachable; nested exception is: 
	java.net.ConnectException: Connection refused: connect; No available router to destination]
	at weblogic.jndi.internal.ExceptionTranslator.toNamingException(ExceptionTranslator.java:49)
	at weblogic.jndi.WLInitialContextFactoryDelegate.toNamingException(WLInitialContextFactoryDelegate.java:765)
	at weblogic.jndi.WLInitialContextFactoryDelegate.getInitialContext(WLInitialContextFactoryDelegate.java:364)
	at weblogic.jndi.Environment.getContext(Environment.java:307)
	at weblogic.jndi.Environment.getContext(Environment.java:277)
	at weblogic.jndi.WLInitialContextFactory.getInitialContext(WLInitialContextFactory.java:117)
	at javax.naming.spi.NamingManager.getInitialContext(NamingManager.java:667)
	at javax.naming.InitialContext.getDefaultInitCtx(InitialContext.java:247)
	at javax.naming.InitialContext.init(InitialContext.java:223)
	at javax.naming.InitialContext.&lt;init&gt;(InitialContext.java:175)
	at com.inovis.b2b.lib.service.ServiceLocator.getInitialContext(ServiceLocator.java:206)
	... 20 more
Caused by: java.net.ConnectException: t3://localhost:7001: Destination unreachable; nested exception is: 
	java.net.ConnectException: Connection refused: connect; No available router to destination
	at weblogic.rjvm.RJVMFinder.findOrCreate(RJVMFinder.java:204)
	at weblogic.rjvm.ServerURL.findOrCreateRJVM(ServerURL.java:154)
	at weblogic.jndi.WLInitialContextFactoryDelegate.getInitialContext(WLInitialContextFactoryDelegate.java:349)
	... 28 more
Caused by: java.rmi.ConnectException: Destination unreachable; nested exception is: 
	java.net.ConnectException: Connection refused: connect; No available router to destination
	at weblogic.rjvm.ConnectionManager.bootstrap(ConnectionManager.java:472)
	at weblogic.rjvm.ConnectionManager.bootstrap(ConnectionManager.java:323)
	at weblogic.rjvm.RJVMManager.findOrCreateRemoteInternal(RJVMManager.java:259)
	at weblogic.rjvm.RJVMManager.findOrCreate(RJVMManager.java:202)
	at weblogic.rjvm.RJVMFinder.findOrCreateRemoteServer(RJVMFinder.java:226)
	at weblogic.rjvm.RJVMFinder.findOrCreate(RJVMFinder.java:189)
	... 30 more
</error>
  </testcase>
  <testcase classname="test.com.inovis.mss.mailbox.TestMailboxManager" name="testCreateMail2" time="2.573">
    <error message="[MBOX-00106] Unable to create the Mailbox Manager." type="com.inovis.b2b.lib.exception.OperationFailedException">class com.inovis.b2b.lib.exception.OperationFailedException: [MBOX-00106] Unable to create the Mailbox Manager.
	at com.inovis.mss.mailbox.defs.MailboxManagerImp.&lt;init&gt;(MailboxManagerImp.java:86)
	at com.inovis.mss.mailbox.MailboxManager.getManager(MailboxManager.java:69)
	at test.com.inovis.mss.mailbox.TestMailboxManager.setUp(TestMailboxManager.java:59)
Caused by: class com.inovis.b2b.lib.service.ServiceUnavailableException: [LIBP-00001] Unable to connect to naming service
	at com.inovis.b2b.lib.service.ServiceLocator.getInitialContext(ServiceLocator.java:214)
	at com.inovis.b2b.lib.service.ServiceLocator.&lt;init&gt;(ServiceLocator.java:183)
	at com.inovis.b2b.lib.service.ServiceLocator.getInstance(ServiceLocator.java:167)
	at com.inovis.b2b.lib.service.ServiceLocator.getInstance(ServiceLocator.java:150)
	at com.inovis.mss.mailbox.defs.MailboxManagerImp.&lt;init&gt;(MailboxManagerImp.java:73)
	... 16 more
Caused by: javax.naming.CommunicationException [Root exception is java.net.ConnectException: t3://localhost:7001: Destination unreachable; nested exception is: 
	java.net.ConnectException: Connection refused: connect; No available router to destination]
	at weblogic.jndi.internal.ExceptionTranslator.toNamingException(ExceptionTranslator.java:49)
	at weblogic.jndi.WLInitialContextFactoryDelegate.toNamingException(WLInitialContextFactoryDelegate.java:765)
	at weblogic.jndi.WLInitialContextFactoryDelegate.getInitialContext(WLInitialContextFactoryDelegate.java:364)
	at weblogic.jndi.Environment.getContext(Environment.java:307)
	at weblogic.jndi.Environment.getContext(Environment.java:277)
	at weblogic.jndi.WLInitialContextFactory.getInitialContext(WLInitialContextFactory.java:117)
	at javax.naming.spi.NamingManager.getInitialContext(NamingManager.java:667)
	at javax.naming.InitialContext.getDefaultInitCtx(InitialContext.java:247)
	at javax.naming.InitialContext.init(InitialContext.java:223)
	at javax.naming.InitialContext.&lt;init&gt;(InitialContext.java:175)
	at com.inovis.b2b.lib.service.ServiceLocator.getInitialContext(ServiceLocator.java:206)
	... 20 more
Caused by: java.net.ConnectException: t3://localhost:7001: Destination unreachable; nested exception is: 
	java.net.ConnectException: Connection refused: connect; No available router to destination
	at weblogic.rjvm.RJVMFinder.findOrCreate(RJVMFinder.java:204)
	at weblogic.rjvm.ServerURL.findOrCreateRJVM(ServerURL.java:154)
	at weblogic.jndi.WLInitialContextFactoryDelegate.getInitialContext(WLInitialContextFactoryDelegate.java:349)
	... 28 more
Caused by: java.rmi.ConnectException: Destination unreachable; nested exception is: 
	java.net.ConnectException: Connection refused: connect; No available router to destination
	at weblogic.rjvm.ConnectionManager.bootstrap(ConnectionManager.java:472)
	at weblogic.rjvm.ConnectionManager.bootstrap(ConnectionManager.java:323)
	at weblogic.rjvm.RJVMManager.findOrCreateRemoteInternal(RJVMManager.java:259)
	at weblogic.rjvm.RJVMManager.findOrCreate(RJVMManager.java:202)
	at weblogic.rjvm.RJVMFinder.findOrCreateRemoteServer(RJVMFinder.java:226)
	at weblogic.rjvm.RJVMFinder.findOrCreate(RJVMFinder.java:189)
	... 30 more
</error>
  </testcase>
  <testcase classname="test.com.inovis.mss.mailbox.TestMailID" name="testMailIDContructor" time="0.016"></testcase>
  <testcase classname="test.com.inovis.mss.mailbox.TestMailID" name="testMailIDGetID" time="0.0"></testcase>
  <testcase classname="test.com.inovis.mss.mailbox.TestMailID" name="testMailIDEquals" time="0.0"></testcase>
  <testcase classname="test.com.inovis.mss.mailbox.TestMailID" name="testMailIDHashCode" time="0.0"></testcase>
  <testcase classname="test.com.inovis.mss.mailbox.TestMailID" name="testMailIDToString" time="0.0"></testcase>
  <testcase classname="test.com.inovis.mss.mailbox.TestMailStatus" name="testMailStatusGetName" time="0.016"></testcase>
  <testcase classname="test.com.inovis.mss.mailbox.TestMailStatus" name="testMailStatusGetCode" time="0.0"></testcase>
  <testcase classname="test.com.inovis.mss.mailbox.TestMailStatus" name="testMailStatusEquals" time="0.0"></testcase>
  <testcase classname="test.com.inovis.mss.mailbox.TestMailStatus" name="testMailStatusGetStatus" time="0.0"></testcase>
  <testcase classname="test.com.inovis.mss.gateway.api.TestExceptions" name="testGatewayException" time="0.109"></testcase>
  <testcase classname="test.com.inovis.mss.gateway.api.TestExceptions" name="testDuplicateException" time="0.047"></testcase>
  <testcase classname="test.com.inovis.mss.gateway.api.TestExceptions" name="testInvalidDataException" time="0.0"></testcase>
  <testcase classname="test.com.inovis.mss.gateway.api.TestExceptions" name="testRecoverableTransmissionError" time="0.046"></testcase>
  <testcase classname="test.com.inovis.mss.gateway.api.TestModuleContext" name="testModuleContext" time="0.203"></testcase>
  <testcase classname="test.com.inovis.mss.gateway.api.TestModuleContextElement" name="testModuleContextElement" time="0.0"></testcase>
  <testcase classname="test.com.inovis.mss.gateway.api.TestGatewayConnectionFactory" name="testGatewayConnectionFactory1" time="2.979">
    <failure message="[LIBP-00001] Unable to connect to naming service" type="junit.framework.AssertionFailedError">junit.framework.AssertionFailedError: [LIBP-00001] Unable to connect to naming service
	at test.com.inovis.mss.gateway.api.TestGatewayConnectionFactory.setUp(TestGatewayConnectionFactory.java:72)
</failure>
  </testcase>
  <testcase classname="test.com.inovis.mss.gateway.api.TestGatewayConnectionFactory" name="testGatewayConnectionFactory2" time="3.087">
    <failure message="[LIBP-00001] Unable to connect to naming service" type="junit.framework.AssertionFailedError">junit.framework.AssertionFailedError: [LIBP-00001] Unable to connect to naming service
	at test.com.inovis.mss.gateway.api.TestGatewayConnectionFactory.setUp(TestGatewayConnectionFactory.java:72)
</failure>
  </testcase>
  <testcase classname="test.com.inovis.mss.gateway.api.TestGatewayConnection" name="testGatewayConnectionSendCommand" time="2.293">
    <error message="[LIBP-00001] Unable to connect to naming service" type="com.inovis.b2b.lib.service.ServiceUnavailableException">class com.inovis.b2b.lib.service.ServiceUnavailableException: [LIBP-00001] Unable to connect to naming service
	at com.inovis.b2b.lib.service.ServiceLocator.getInitialContext(ServiceLocator.java:214)
	at com.inovis.b2b.lib.service.ServiceLocator.&lt;init&gt;(ServiceLocator.java:183)
	at com.inovis.b2b.lib.service.ServiceLocator.getInstance(ServiceLocator.java:167)
	at com.inovis.b2b.lib.service.ServiceLocator.getInstance(ServiceLocator.java:150)
	at com.inovis.mss.doctrack.defs.DocumentManagerImp.&lt;init&gt;(DocumentManagerImp.java:85)
	at com.inovis.mss.doctrack.DocumentManager.getManager(DocumentManager.java:54)
	at test.com.inovis.mss.gateway.api.TestGatewayConnection.setUp(TestGatewayConnection.java:81)
Caused by: javax.naming.CommunicationException [Root exception is java.net.ConnectException: t3://localhost:7001: Destination unreachable; nested exception is: 
	java.net.ConnectException: Connection refused: connect; No available router to destination]
	at weblogic.jndi.internal.ExceptionTranslator.toNamingException(ExceptionTranslator.java:49)
	at weblogic.jndi.WLInitialContextFactoryDelegate.toNamingException(WLInitialContextFactoryDelegate.java:765)
	at weblogic.jndi.WLInitialContextFactoryDelegate.getInitialContext(WLInitialContextFactoryDelegate.java:364)
	at weblogic.jndi.Environment.getContext(Environment.java:307)
	at weblogic.jndi.Environment.getContext(Environment.java:277)
	at weblogic.jndi.WLInitialContextFactory.getInitialContext(WLInitialContextFactory.java:117)
	at javax.naming.spi.NamingManager.getInitialContext(NamingManager.java:667)
	at javax.naming.InitialContext.getDefaultInitCtx(InitialContext.java:247)
	at javax.naming.InitialContext.init(InitialContext.java:223)
	at javax.naming.InitialContext.&lt;init&gt;(InitialContext.java:175)
	at com.inovis.b2b.lib.service.ServiceLocator.getInitialContext(ServiceLocator.java:206)
	... 20 more
Caused by: java.net.ConnectException: t3://localhost:7001: Destination unreachable; nested exception is: 
	java.net.ConnectException: Connection refused: connect; No available router to destination
	at weblogic.rjvm.RJVMFinder.findOrCreate(RJVMFinder.java:204)
	at weblogic.rjvm.ServerURL.findOrCreateRJVM(ServerURL.java:154)
	at weblogic.jndi.WLInitialContextFactoryDelegate.getInitialContext(WLInitialContextFactoryDelegate.java:349)
	... 28 more
Caused by: java.rmi.ConnectException: Destination unreachable; nested exception is: 
	java.net.ConnectException: Connection refused: connect; No available router to destination
	at weblogic.rjvm.ConnectionManager.bootstrap(ConnectionManager.java:472)
	at weblogic.rjvm.ConnectionManager.bootstrap(ConnectionManager.java:323)
	at weblogic.rjvm.RJVMManager.findOrCreateRemoteInternal(RJVMManager.java:259)
	at weblogic.rjvm.RJVMManager.findOrCreate(RJVMManager.java:202)
	at weblogic.rjvm.RJVMFinder.findOrCreateRemoteServer(RJVMFinder.java:226)
	at weblogic.rjvm.RJVMFinder.findOrCreate(RJVMFinder.java:189)
	... 30 more
</error>
  </testcase>
  <testcase classname="test.com.inovis.mss.gateway.api.TestGatewayConnection" name="testGatewayConnectionSendBinaryGood" time="2.791">
    <error message="[LIBP-00001] Unable to connect to naming service" type="com.inovis.b2b.lib.service.ServiceUnavailableException">class com.inovis.b2b.lib.service.ServiceUnavailableException: [LIBP-00001] Unable to connect to naming service
	at com.inovis.b2b.lib.service.ServiceLocator.getInitialContext(ServiceLocator.java:214)
	at com.inovis.b2b.lib.service.ServiceLocator.&lt;init&gt;(ServiceLocator.java:183)
	at com.inovis.b2b.lib.service.ServiceLocator.getInstance(ServiceLocator.java:167)
	at com.inovis.b2b.lib.service.ServiceLocator.getInstance(ServiceLocator.java:150)
	at com.inovis.mss.doctrack.defs.DocumentManagerImp.&lt;init&gt;(DocumentManagerImp.java:85)
	at com.inovis.mss.doctrack.DocumentManager.getManager(DocumentManager.java:54)
	at test.com.inovis.mss.gateway.api.TestGatewayConnection.setUp(TestGatewayConnection.java:81)
Caused by: javax.naming.CommunicationException [Root exception is java.net.ConnectException: t3://localhost:7001: Destination unreachable; nested exception is: 
	java.net.ConnectException: Connection refused: connect; No available router to destination]
	at weblogic.jndi.internal.ExceptionTranslator.toNamingException(ExceptionTranslator.java:49)
	at weblogic.jndi.WLInitialContextFactoryDelegate.toNamingException(WLInitialContextFactoryDelegate.java:765)
	at weblogic.jndi.WLInitialContextFactoryDelegate.getInitialContext(WLInitialContextFactoryDelegate.java:364)
	at weblogic.jndi.Environment.getContext(Environment.java:307)
	at weblogic.jndi.Environment.getContext(Environment.java:277)
	at weblogic.jndi.WLInitialContextFactory.getInitialContext(WLInitialContextFactory.java:117)
	at javax.naming.spi.NamingManager.getInitialContext(NamingManager.java:667)
	at javax.naming.InitialContext.getDefaultInitCtx(InitialContext.java:247)
	at javax.naming.InitialContext.init(InitialContext.java:223)
	at javax.naming.InitialContext.&lt;init&gt;(InitialContext.java:175)
	at com.inovis.b2b.lib.service.ServiceLocator.getInitialContext(ServiceLocator.java:206)
	... 20 more
Caused by: java.net.ConnectException: t3://localhost:7001: Destination unreachable; nested exception is: 
	java.net.ConnectException: Connection refused: connect; No available router to destination
	at weblogic.rjvm.RJVMFinder.findOrCreate(RJVMFinder.java:204)
	at weblogic.rjvm.ServerURL.findOrCreateRJVM(ServerURL.java:154)
	at weblogic.jndi.WLInitialContextFactoryDelegate.getInitialContext(WLInitialContextFactoryDelegate.java:349)
	... 28 more
Caused by: java.rmi.ConnectException: Destination unreachable; nested exception is: 
	java.net.ConnectException: Connection refused: connect; No available router to destination
	at weblogic.rjvm.ConnectionManager.bootstrap(ConnectionManager.java:472)
	at weblogic.rjvm.ConnectionManager.bootstrap(ConnectionManager.java:323)
	at weblogic.rjvm.RJVMManager.findOrCreateRemoteInternal(RJVMManager.java:259)
	at weblogic.rjvm.RJVMManager.findOrCreate(RJVMManager.java:202)
	at weblogic.rjvm.RJVMFinder.findOrCreateRemoteServer(RJVMFinder.java:226)
	at weblogic.rjvm.RJVMFinder.findOrCreate(RJVMFinder.java:189)
	... 30 more
</error>
  </testcase>
  <testcase classname="test.com.inovis.mss.gateway.api.TestGatewayConnection" name="testGatewayConnectionSendEdi" time="2.511">
    <error message="[LIBP-00001] Unable to connect to naming service" type="com.inovis.b2b.lib.service.ServiceUnavailableException">class com.inovis.b2b.lib.service.ServiceUnavailableException: [LIBP-00001] Unable to connect to naming service
	at com.inovis.b2b.lib.service.ServiceLocator.getInitialContext(ServiceLocator.java:214)
	at com.inovis.b2b.lib.service.ServiceLocator.&lt;init&gt;(ServiceLocator.java:183)
	at com.inovis.b2b.lib.service.ServiceLocator.getInstance(ServiceLocator.java:167)
	at com.inovis.b2b.lib.service.ServiceLocator.getInstance(ServiceLocator.java:150)
	at com.inovis.mss.doctrack.defs.DocumentManagerImp.&lt;init&gt;(DocumentManagerImp.java:85)
	at com.inovis.mss.doctrack.DocumentManager.getManager(DocumentManager.java:54)
	at test.com.inovis.mss.gateway.api.TestGatewayConnection.setUp(TestGatewayConnection.java:81)
Caused by: javax.naming.CommunicationException [Root exception is java.net.ConnectException: t3://localhost:7001: Destination unreachable; nested exception is: 
	java.net.ConnectException: Connection refused: connect; No available router to destination]
	at weblogic.jndi.internal.ExceptionTranslator.toNamingException(ExceptionTranslator.java:49)
	at weblogic.jndi.WLInitialContextFactoryDelegate.toNamingException(WLInitialContextFactoryDelegate.java:765)
	at weblogic.jndi.WLInitialContextFactoryDelegate.getInitialContext(WLInitialContextFactoryDelegate.java:364)
	at weblogic.jndi.Environment.getContext(Environment.java:307)
	at weblogic.jndi.Environment.getContext(Environment.java:277)
	at weblogic.jndi.WLInitialContextFactory.getInitialContext(WLInitialContextFactory.java:117)
	at javax.naming.spi.NamingManager.getInitialContext(NamingManager.java:667)
	at javax.naming.InitialContext.getDefaultInitCtx(InitialContext.java:247)
	at javax.naming.InitialContext.init(InitialContext.java:223)
	at javax.naming.InitialContext.&lt;init&gt;(InitialContext.java:175)
	at com.inovis.b2b.lib.service.ServiceLocator.getInitialContext(ServiceLocator.java:206)
	... 20 more
Caused by: java.net.ConnectException: t3://localhost:7001: Destination unreachable; nested exception is: 
	java.net.ConnectException: Connection refused: connect; No available router to destination
	at weblogic.rjvm.RJVMFinder.findOrCreate(RJVMFinder.java:204)
	at weblogic.rjvm.ServerURL.findOrCreateRJVM(ServerURL.java:154)
	at weblogic.jndi.WLInitialContextFactoryDelegate.getInitialContext(WLInitialContextFactoryDelegate.java:349)
	... 28 more
Caused by: java.rmi.ConnectException: Destination unreachable; nested exception is: 
	java.net.ConnectException: Connection refused: connect; No available router to destination
	at weblogic.rjvm.ConnectionManager.bootstrap(ConnectionManager.java:472)
	at weblogic.rjvm.ConnectionManager.bootstrap(ConnectionManager.java:323)
	at weblogic.rjvm.RJVMManager.findOrCreateRemoteInternal(RJVMManager.java:259)
	at weblogic.rjvm.RJVMManager.findOrCreate(RJVMManager.java:202)
	at weblogic.rjvm.RJVMFinder.findOrCreateRemoteServer(RJVMFinder.java:226)
	at weblogic.rjvm.RJVMFinder.findOrCreate(RJVMFinder.java:189)
	... 30 more
</error>
  </testcase>
  <testcase classname="test.com.inovis.mss.gateway.api.TestGatewayConnection" name="testGatewayConnectionSendDuplicateEdi" time="2.682">
    <error message="[LIBP-00001] Unable to connect to naming service" type="com.inovis.b2b.lib.service.ServiceUnavailableException">class com.inovis.b2b.lib.service.ServiceUnavailableException: [LIBP-00001] Unable to connect to naming service
	at com.inovis.b2b.lib.service.ServiceLocator.getInitialContext(ServiceLocator.java:214)
	at com.inovis.b2b.lib.service.ServiceLocator.&lt;init&gt;(ServiceLocator.java:183)
	at com.inovis.b2b.lib.service.ServiceLocator.getInstance(ServiceLocator.java:167)
	at com.inovis.b2b.lib.service.ServiceLocator.getInstance(ServiceLocator.java:150)
	at com.inovis.mss.doctrack.defs.DocumentManagerImp.&lt;init&gt;(DocumentManagerImp.java:85)
	at com.inovis.mss.doctrack.DocumentManager.getManager(DocumentManager.java:54)
	at test.com.inovis.mss.gateway.api.TestGatewayConnection.setUp(TestGatewayConnection.java:81)
Caused by: javax.naming.CommunicationException [Root exception is java.net.ConnectException: t3://localhost:7001: Destination unreachable; nested exception is: 
	java.net.ConnectException: Connection refused: connect; No available router to destination]
	at weblogic.jndi.internal.ExceptionTranslator.toNamingException(ExceptionTranslator.java:49)
	at weblogic.jndi.WLInitialContextFactoryDelegate.toNamingException(WLInitialContextFactoryDelegate.java:765)
	at weblogic.jndi.WLInitialContextFactoryDelegate.getInitialContext(WLInitialContextFactoryDelegate.java:364)
	at weblogic.jndi.Environment.getContext(Environment.java:307)
	at weblogic.jndi.Environment.getContext(Environment.java:277)
	at weblogic.jndi.WLInitialContextFactory.getInitialContext(WLInitialContextFactory.java:117)
	at javax.naming.spi.NamingManager.getInitialContext(NamingManager.java:667)
	at javax.naming.InitialContext.getDefaultInitCtx(InitialContext.java:247)
	at javax.naming.InitialContext.init(InitialContext.java:223)
	at javax.naming.InitialContext.&lt;init&gt;(InitialContext.java:175)
	at com.inovis.b2b.lib.service.ServiceLocator.getInitialContext(ServiceLocator.java:206)
	... 20 more
Caused by: java.net.ConnectException: t3://localhost:7001: Destination unreachable; nested exception is: 
	java.net.ConnectException: Connection refused: connect; No available router to destination
	at weblogic.rjvm.RJVMFinder.findOrCreate(RJVMFinder.java:204)
	at weblogic.rjvm.ServerURL.findOrCreateRJVM(ServerURL.java:154)
	at weblogic.jndi.WLInitialContextFactoryDelegate.getInitialContext(WLInitialContextFactoryDelegate.java:349)
	... 28 more
Caused by: java.rmi.ConnectException: Destination unreachable; nested exception is: 
	java.net.ConnectException: Connection refused: connect; No available router to destination
	at weblogic.rjvm.ConnectionManager.bootstrap(ConnectionManager.java:472)
	at weblogic.rjvm.ConnectionManager.bootstrap(ConnectionManager.java:323)
	at weblogic.rjvm.RJVMManager.findOrCreateRemoteInternal(RJVMManager.java:259)
	at weblogic.rjvm.RJVMManager.findOrCreate(RJVMManager.java:202)
	at weblogic.rjvm.RJVMFinder.findOrCreateRemoteServer(RJVMFinder.java:226)
	at weblogic.rjvm.RJVMFinder.findOrCreate(RJVMFinder.java:189)
	... 30 more
</error>
  </testcase>
  <testcase classname="test.com.inovis.mss.gateway.api.TestGatewayConnection" name="testGatewayConnectionSendDupDocIDEdi" time="2.152">
    <error message="[LIBP-00001] Unable to connect to naming service" type="com.inovis.b2b.lib.service.ServiceUnavailableException">class com.inovis.b2b.lib.service.ServiceUnavailableException: [LIBP-00001] Unable to connect to naming service
	at com.inovis.b2b.lib.service.ServiceLocator.getInitialContext(ServiceLocator.java:214)
	at com.inovis.b2b.lib.service.ServiceLocator.&lt;init&gt;(ServiceLocator.java:183)
	at com.inovis.b2b.lib.service.ServiceLocator.getInstance(ServiceLocator.java:167)
	at com.inovis.b2b.lib.service.ServiceLocator.getInstance(ServiceLocator.java:150)
	at com.inovis.mss.doctrack.defs.DocumentManagerImp.&lt;init&gt;(DocumentManagerImp.java:85)
	at com.inovis.mss.doctrack.DocumentManager.getManager(DocumentManager.java:54)
	at test.com.inovis.mss.gateway.api.TestGatewayConnection.setUp(TestGatewayConnection.java:81)
Caused by: javax.naming.CommunicationException [Root exception is java.net.ConnectException: t3://localhost:7001: Destination unreachable; nested exception is: 
	java.net.ConnectException: Connection refused: connect; No available router to destination]
	at weblogic.jndi.internal.ExceptionTranslator.toNamingException(ExceptionTranslator.java:49)
	at weblogic.jndi.WLInitialContextFactoryDelegate.toNamingException(WLInitialContextFactoryDelegate.java:765)
	at weblogic.jndi.WLInitialContextFactoryDelegate.getInitialContext(WLInitialContextFactoryDelegate.java:364)
	at weblogic.jndi.Environment.getContext(Environment.java:307)
	at weblogic.jndi.Environment.getContext(Environment.java:277)
	at weblogic.jndi.WLInitialContextFactory.getInitialContext(WLInitialContextFactory.java:117)
	at javax.naming.spi.NamingManager.getInitialContext(NamingManager.java:667)
	at javax.naming.InitialContext.getDefaultInitCtx(InitialContext.java:247)
	at javax.naming.InitialContext.init(InitialContext.java:223)
	at javax.naming.InitialContext.&lt;init&gt;(InitialContext.java:175)
	at com.inovis.b2b.lib.service.ServiceLocator.getInitialContext(ServiceLocator.java:206)
	... 20 more
Caused by: java.net.ConnectException: t3://localhost:7001: Destination unreachable; nested exception is: 
	java.net.ConnectException: Connection refused: connect; No available router to destination
	at weblogic.rjvm.RJVMFinder.findOrCreate(RJVMFinder.java:204)
	at weblogic.rjvm.ServerURL.findOrCreateRJVM(ServerURL.java:154)
	at weblogic.jndi.WLInitialContextFactoryDelegate.getInitialContext(WLInitialContextFactoryDelegate.java:349)
	... 28 more
Caused by: java.rmi.ConnectException: Destination unreachable; nested exception is: 
	java.net.ConnectException: Connection refused: connect; No available router to destination
	at weblogic.rjvm.ConnectionManager.bootstrap(ConnectionManager.java:472)
	at weblogic.rjvm.ConnectionManager.bootstrap(ConnectionManager.java:323)
	at weblogic.rjvm.RJVMManager.findOrCreateRemoteInternal(RJVMManager.java:259)
	at weblogic.rjvm.RJVMManager.findOrCreate(RJVMManager.java:202)
	at weblogic.rjvm.RJVMFinder.findOrCreateRemoteServer(RJVMFinder.java:226)
	at weblogic.rjvm.RJVMFinder.findOrCreate(RJVMFinder.java:189)
	... 30 more
</error>
  </testcase>
  <testcase classname="test.com.inovis.mss.gateway.api.TestGatewayConnection" name="testGatewayConnectionList" time="2.48">
    <error message="[LIBP-00001] Unable to connect to naming service" type="com.inovis.b2b.lib.service.ServiceUnavailableException">class com.inovis.b2b.lib.service.ServiceUnavailableException: [LIBP-00001] Unable to connect to naming service
	at com.inovis.b2b.lib.service.ServiceLocator.getInitialContext(ServiceLocator.java:214)
	at com.inovis.b2b.lib.service.ServiceLocator.&lt;init&gt;(ServiceLocator.java:183)
	at com.inovis.b2b.lib.service.ServiceLocator.getInstance(ServiceLocator.java:167)
	at com.inovis.b2b.lib.service.ServiceLocator.getInstance(ServiceLocator.java:150)
	at com.inovis.mss.doctrack.defs.DocumentManagerImp.&lt;init&gt;(DocumentManagerImp.java:85)
	at com.inovis.mss.doctrack.DocumentManager.getManager(DocumentManager.java:54)
	at test.com.inovis.mss.gateway.api.TestGatewayConnection.setUp(TestGatewayConnection.java:81)
Caused by: javax.naming.CommunicationException [Root exception is java.net.ConnectException: t3://localhost:7001: Destination unreachable; nested exception is: 
	java.net.ConnectException: Connection refused: connect; No available router to destination]
	at weblogic.jndi.internal.ExceptionTranslator.toNamingException(ExceptionTranslator.java:49)
	at weblogic.jndi.WLInitialContextFactoryDelegate.toNamingException(WLInitialContextFactoryDelegate.java:765)
	at weblogic.jndi.WLInitialContextFactoryDelegate.getInitialContext(WLInitialContextFactoryDelegate.java:364)
	at weblogic.jndi.Environment.getContext(Environment.java:307)
	at weblogic.jndi.Environment.getContext(Environment.java:277)
	at weblogic.jndi.WLInitialContextFactory.getInitialContext(WLInitialContextFactory.java:117)
	at javax.naming.spi.NamingManager.getInitialContext(NamingManager.java:667)
	at javax.naming.InitialContext.getDefaultInitCtx(InitialContext.java:247)
	at javax.naming.InitialContext.init(InitialContext.java:223)
	at javax.naming.InitialContext.&lt;init&gt;(InitialContext.java:175)
	at com.inovis.b2b.lib.service.ServiceLocator.getInitialContext(ServiceLocator.java:206)
	... 20 more
Caused by: java.net.ConnectException: t3://localhost:7001: Destination unreachable; nested exception is: 
	java.net.ConnectException: Connection refused: connect; No available router to destination
	at weblogic.rjvm.RJVMFinder.findOrCreate(RJVMFinder.java:204)
	at weblogic.rjvm.ServerURL.findOrCreateRJVM(ServerURL.java:154)
	at weblogic.jndi.WLInitialContextFactoryDelegate.getInitialContext(WLInitialContextFactoryDelegate.java:349)
	... 28 more
Caused by: java.rmi.ConnectException: Destination unreachable; nested exception is: 
	java.net.ConnectException: Connection refused: connect; No available router to destination
	at weblogic.rjvm.ConnectionManager.bootstrap(ConnectionManager.java:472)
	at weblogic.rjvm.ConnectionManager.bootstrap(ConnectionManager.java:323)
	at weblogic.rjvm.RJVMManager.findOrCreateRemoteInternal(RJVMManager.java:259)
	at weblogic.rjvm.RJVMManager.findOrCreate(RJVMManager.java:202)
	at weblogic.rjvm.RJVMFinder.findOrCreateRemoteServer(RJVMFinder.java:226)
	at weblogic.rjvm.RJVMFinder.findOrCreate(RJVMFinder.java:189)
	... 30 more
</error>
  </testcase>
  <testcase classname="test.com.inovis.mss.gateway.framework.TestCommand" name="testCommand" time="0.639"></testcase>
  <testcase classname="test.com.inovis.mss.gateway.framework.TestJunction" name="testJunction" time="0.234"></testcase>
  <testcase classname="test.com.inovis.mss.gateway.framework.TestPipe" name="testPipeActionModule" time="0.109"></testcase>
  <testcase classname="test.com.inovis.mss.gateway.framework.TestPipe" name="testPipePlugInModule" time="0.047"></testcase>
  <testcase classname="test.com.inovis.mss.gateway.framework.TestPipe" name="testPipeSplitterModule" time="0.062"></testcase>
  <testcase classname="test.com.inovis.mss.gateway.framework.TestPipe" name="testPipeOutboundTransportModule" time="0.078"></testcase>
  <testcase classname="test.com.inovis.mss.gateway.framework.TestFlow" name="testFlow" time="0.0"></testcase>
  <testcase classname="test.com.inovis.mss.gateway.framework.TestGateway" name="testGateway" time="0.016"></testcase>
  <testcase classname="test.com.inovis.mss.gateway.framework.TestGatewayIterator" name="testGatewayIteratorNull" time="0.062"></testcase>
  <testcase classname="test.com.inovis.mss.gateway.framework.TestGatewayIterator" name="testGatewayIteratorEmpty" time="0.0"></testcase>
  <testcase classname="test.com.inovis.mss.gateway.framework.TestGatewayIterator" name="testGatewayIteratorOneNode" time="0.0"></testcase>
  <testcase classname="test.com.inovis.mss.gateway.framework.TestGatewayIterator" name="testGatewayIteratorTwoNode" time="0.0"></testcase>
  <testcase classname="test.com.inovis.mss.gateway.framework.TestGatewayLoader" name="testGatewayLoader" time="0.156"></testcase>
  <testcase classname="test.com.inovis.mss.gateway.framework.TestGatewayRunner" name="testGatewayRunner" time="0.078"></testcase>
  <testcase classname="test.com.inovis.mss.gateway.framework.TestGatewayEngine" name="testGatewayEngineStartInbound" time="2.23">
    <error message="[GWYF-00220] Error, Unable to find Gateway Engine synchronous home component &quot;ejb/inovis/mss/gateway/framework/GatewaySession&quot;" type="com.inovis.mss.gateway.api.GatewayException">class com.inovis.mss.gateway.api.GatewayException: [GWYF-00220] Error, Unable to find Gateway Engine synchronous home component &quot;ejb/inovis/mss/gateway/framework/GatewaySession&quot;
	at com.inovis.mss.gateway.framework.GatewayEngine.getSynchronousSession(GatewayEngine.java:1189)
	at com.inovis.mss.gateway.framework.GatewayEngine.startInboundGateway(GatewayEngine.java:550)
	at test.com.inovis.mss.gateway.framework.TestGatewayEngine.testGatewayEngineStartInbound(TestGatewayEngine.java:93)
Caused by: class com.inovis.b2b.lib.service.ServiceUnavailableException: [LIBP-00001] Unable to connect to naming service
	at com.inovis.b2b.lib.service.ServiceLocator.getInitialContext(ServiceLocator.java:214)
	at com.inovis.b2b.lib.service.ServiceLocator.&lt;init&gt;(ServiceLocator.java:183)
	at com.inovis.b2b.lib.service.ServiceLocator.getInstance(ServiceLocator.java:167)
	at com.inovis.b2b.lib.service.ServiceLocator.getInstance(ServiceLocator.java:150)
	at com.inovis.mss.gateway.framework.GatewayEngine.getSynchronousSession(GatewayEngine.java:1174)
	... 21 more
Caused by: javax.naming.CommunicationException [Root exception is java.net.ConnectException: t3://localhost:7001: Destination unreachable; nested exception is: 
	java.net.ConnectException: Connection refused: connect; No available router to destination]
	at weblogic.jndi.internal.ExceptionTranslator.toNamingException(ExceptionTranslator.java:49)
	at weblogic.jndi.WLInitialContextFactoryDelegate.toNamingException(WLInitialContextFactoryDelegate.java:765)
	at weblogic.jndi.WLInitialContextFactoryDelegate.getInitialContext(WLInitialContextFactoryDelegate.java:364)
	at weblogic.jndi.Environment.getContext(Environment.java:307)
	at weblogic.jndi.Environment.getContext(Environment.java:277)
	at weblogic.jndi.WLInitialContextFactory.getInitialContext(WLInitialContextFactory.java:117)
	at javax.naming.spi.NamingManager.getInitialContext(NamingManager.java:667)
	at javax.naming.InitialContext.getDefaultInitCtx(InitialContext.java:247)
	at javax.naming.InitialContext.init(InitialContext.java:223)
	at javax.naming.InitialContext.&lt;init&gt;(InitialContext.java:175)
	at com.inovis.b2b.lib.service.ServiceLocator.getInitialContext(ServiceLocator.java:206)
	... 25 more
Caused by: java.net.ConnectException: t3://localhost:7001: Destination unreachable; nested exception is: 
	java.net.ConnectException: Connection refused: connect; No available router to destination
	at weblogic.rjvm.RJVMFinder.findOrCreate(RJVMFinder.java:204)
	at weblogic.rjvm.ServerURL.findOrCreateRJVM(ServerURL.java:154)
	at weblogic.jndi.WLInitialContextFactoryDelegate.getInitialContext(WLInitialContextFactoryDelegate.java:349)
	... 33 more
Caused by: java.rmi.ConnectException: Destination unreachable; nested exception is: 
	java.net.ConnectException: Connection refused: connect; No available router to destination
	at weblogic.rjvm.ConnectionManager.bootstrap(ConnectionManager.java:472)
	at weblogic.rjvm.ConnectionManager.bootstrap(ConnectionManager.java:323)
	at weblogic.rjvm.RJVMManager.findOrCreateRemoteInternal(RJVMManager.java:259)
	at weblogic.rjvm.RJVMManager.findOrCreate(RJVMManager.java:202)
	at weblogic.rjvm.RJVMFinder.findOrCreateRemoteServer(RJVMFinder.java:226)
	at weblogic.rjvm.RJVMFinder.findOrCreate(RJVMFinder.java:189)
	... 35 more
</error>
  </testcase>
  <testcase classname="test.com.inovis.mss.gateway.framework.TestGatewayEngine" name="testGatewayEngineStartOutbound" time="2.277">
    <error message="[BIZZ-00113] Failed to lookup the Business Session Bean." type="com.inovis.b2b.lib.exception.OperationFailedException">class com.inovis.b2b.lib.exception.OperationFailedException: [BIZZ-00113] Failed to lookup the Business Session Bean.
	at com.inovis.b2b.business.defs.BusinessManagerImp.&lt;init&gt;(BusinessManagerImp.java:97)
	at com.inovis.b2b.business.BusinessManager.getManager(BusinessManager.java:40)
	at test.com.inovis.mss.gateway.framework.TestGatewayEngine.testGatewayEngineStartOutbound(TestGatewayEngine.java:116)
Caused by: class com.inovis.b2b.lib.service.ServiceUnavailableException: [LIBP-00001] Unable to connect to naming service
	at com.inovis.b2b.lib.service.ServiceLocator.getInitialContext(ServiceLocator.java:214)
	at com.inovis.b2b.lib.service.ServiceLocator.&lt;init&gt;(ServiceLocator.java:183)
	at com.inovis.b2b.lib.service.ServiceLocator.getInstance(ServiceLocator.java:167)
	at com.inovis.b2b.lib.service.ServiceLocator.getInstance(ServiceLocator.java:150)
	at com.inovis.b2b.business.defs.BusinessManagerImp.&lt;init&gt;(BusinessManagerImp.java:81)
	... 21 more
Caused by: javax.naming.CommunicationException [Root exception is java.net.ConnectException: t3://localhost:7001: Destination unreachable; nested exception is: 
	java.net.ConnectException: Connection refused: connect; No available router to destination]
	at weblogic.jndi.internal.ExceptionTranslator.toNamingException(ExceptionTranslator.java:49)
	at weblogic.jndi.WLInitialContextFactoryDelegate.toNamingException(WLInitialContextFactoryDelegate.java:765)
	at weblogic.jndi.WLInitialContextFactoryDelegate.getInitialContext(WLInitialContextFactoryDelegate.java:364)
	at weblogic.jndi.Environment.getContext(Environment.java:307)
	at weblogic.jndi.Environment.getContext(Environment.java:277)
	at weblogic.jndi.WLInitialContextFactory.getInitialContext(WLInitialContextFactory.java:117)
	at javax.naming.spi.NamingManager.getInitialContext(NamingManager.java:667)
	at javax.naming.InitialContext.getDefaultInitCtx(InitialContext.java:247)
	at javax.naming.InitialContext.init(InitialContext.java:223)
	at javax.naming.InitialContext.&lt;init&gt;(InitialContext.java:175)
	at com.inovis.b2b.lib.service.ServiceLocator.getInitialContext(ServiceLocator.java:206)
	... 25 more
Caused by: java.net.ConnectException: t3://localhost:7001: Destination unreachable; nested exception is: 
	java.net.ConnectException: Connection refused: connect; No available router to destination
	at weblogic.rjvm.RJVMFinder.findOrCreate(RJVMFinder.java:204)
	at weblogic.rjvm.ServerURL.findOrCreateRJVM(ServerURL.java:154)
	at weblogic.jndi.WLInitialContextFactoryDelegate.getInitialContext(WLInitialContextFactoryDelegate.java:349)
	... 33 more
Caused by: java.rmi.ConnectException: Destination unreachable; nested exception is: 
	java.net.ConnectException: Connection refused: connect; No available router to destination
	at weblogic.rjvm.ConnectionManager.bootstrap(ConnectionManager.java:472)
	at weblogic.rjvm.ConnectionManager.bootstrap(ConnectionManager.java:323)
	at weblogic.rjvm.RJVMManager.findOrCreateRemoteInternal(RJVMManager.java:259)
	at weblogic.rjvm.RJVMManager.findOrCreate(RJVMManager.java:202)
	at weblogic.rjvm.RJVMFinder.findOrCreateRemoteServer(RJVMFinder.java:226)
	at weblogic.rjvm.RJVMFinder.findOrCreate(RJVMFinder.java:189)
	... 35 more
</error>
  </testcase>
  <testcase classname="test.com.inovis.mss.gateway.framework.TestGatewayEngine" name="testGatewayEngineRunCommand" time="5.053">
    <failure message="GatewayEngine.runCommand(testcommand1) should not have thrown an exception: [GWYF-00220] Error, Unable to find Gateway Engine synchronous home component &quot;ejb/inovis/mss/gateway/framework/GatewaySession&quot;" type="junit.framework.AssertionFailedError">junit.framework.AssertionFailedError: GatewayEngine.runCommand(testcommand1) should not have thrown an exception: [GWYF-00220] Error, Unable to find Gateway Engine synchronous home component &quot;ejb/inovis/mss/gateway/framework/GatewaySession&quot;
	at test.com.inovis.mss.gateway.framework.TestGatewayEngine.testGatewayEngineRunCommand(TestGatewayEngine.java:150)
</failure>
  </testcase>
  <testcase classname="test.com.inovis.mss.gateway.framework.TestTradingPartnerRelationship" name="testTradingPartnerRelationship" time="2.464">
    <error message="[BIZZ-00113] Failed to lookup the Business Session Bean." type="com.inovis.b2b.lib.exception.OperationFailedException">class com.inovis.b2b.lib.exception.OperationFailedException: [BIZZ-00113] Failed to lookup the Business Session Bean.
	at com.inovis.b2b.business.defs.BusinessManagerImp.&lt;init&gt;(BusinessManagerImp.java:97)
	at com.inovis.b2b.business.BusinessManager.getManager(BusinessManager.java:40)
	at test.com.inovis.mss.gateway.framework.TestTradingPartnerRelationship.testTradingPartnerRelationship(TestTradingPartnerRelationship.java:64)
Caused by: class com.inovis.b2b.lib.service.ServiceUnavailableException: [LIBP-00001] Unable to connect to naming service
	at com.inovis.b2b.lib.service.ServiceLocator.getInitialContext(ServiceLocator.java:214)
	at com.inovis.b2b.lib.service.ServiceLocator.&lt;init&gt;(ServiceLocator.java:183)
	at com.inovis.b2b.lib.service.ServiceLocator.getInstance(ServiceLocator.java:167)
	at com.inovis.b2b.lib.service.ServiceLocator.getInstance(ServiceLocator.java:150)
	at com.inovis.b2b.business.defs.BusinessManagerImp.&lt;init&gt;(BusinessManagerImp.java:81)
	... 21 more
Caused by: javax.naming.CommunicationException [Root exception is java.net.ConnectException: t3://localhost:7001: Destination unreachable; nested exception is: 
	java.net.ConnectException: Connection refused: connect; No available router to destination]
	at weblogic.jndi.internal.ExceptionTranslator.toNamingException(ExceptionTranslator.java:49)
	at weblogic.jndi.WLInitialContextFactoryDelegate.toNamingException(WLInitialContextFactoryDelegate.java:765)
	at weblogic.jndi.WLInitialContextFactoryDelegate.getInitialContext(WLInitialContextFactoryDelegate.java:364)
	at weblogic.jndi.Environment.getContext(Environment.java:307)
	at weblogic.jndi.Environment.getContext(Environment.java:277)
	at weblogic.jndi.WLInitialContextFactory.getInitialContext(WLInitialContextFactory.java:117)
	at javax.naming.spi.NamingManager.getInitialContext(NamingManager.java:667)
	at javax.naming.InitialContext.getDefaultInitCtx(InitialContext.java:247)
	at javax.naming.InitialContext.init(InitialContext.java:223)
	at javax.naming.InitialContext.&lt;init&gt;(InitialContext.java:175)
	at com.inovis.b2b.lib.service.ServiceLocator.getInitialContext(ServiceLocator.java:206)
	... 25 more
Caused by: java.net.ConnectException: t3://localhost:7001: Destination unreachable; nested exception is: 
	java.net.ConnectException: Connection refused: connect; No available router to destination
	at weblogic.rjvm.RJVMFinder.findOrCreate(RJVMFinder.java:204)
	at weblogic.rjvm.ServerURL.findOrCreateRJVM(ServerURL.java:154)
	at weblogic.jndi.WLInitialContextFactoryDelegate.getInitialContext(WLInitialContextFactoryDelegate.java:349)
	... 33 more
Caused by: java.rmi.ConnectException: Destination unreachable; nested exception is: 
	java.net.ConnectException: Connection refused: connect; No available router to destination
	at weblogic.rjvm.ConnectionManager.bootstrap(ConnectionManager.java:472)
	at weblogic.rjvm.ConnectionManager.bootstrap(ConnectionManager.java:323)
	at weblogic.rjvm.RJVMManager.findOrCreateRemoteInternal(RJVMManager.java:259)
	at weblogic.rjvm.RJVMManager.findOrCreate(RJVMManager.java:202)
	at weblogic.rjvm.RJVMFinder.findOrCreateRemoteServer(RJVMFinder.java:226)
	at weblogic.rjvm.RJVMFinder.findOrCreate(RJVMFinder.java:189)
	... 35 more
</error>
  </testcase>
  <testcase classname="test.com.inovis.mss.gateways.lib.modules.TestDataFormatBranch" name="testDataFormatBranch" time="0.124">
    <error message="Can&apos;t find bundle for base name com.inovis.mss.gateways.lib.modules.DataFormatBranch, locale en_US" type="java.util.MissingResourceException">java.util.MissingResourceException: Can&apos;t find bundle for base name com.inovis.mss.gateways.lib.modules.DataFormatBranch, locale en_US
	at java.util.ResourceBundle.throwMissingResourceException(ResourceBundle.java:837)
	at java.util.ResourceBundle.getBundleImpl(ResourceBundle.java:806)
	at java.util.ResourceBundle.getBundle(ResourceBundle.java:550)
	at com.inovis.b2b.lib.exception.ResourcifiedMessage.getLocalizedMessage(ResourcifiedMessage.java:114)
	at com.inovis.b2b.lib.exception.B2BIException$ExceptionMessage.getLocalizedMessage(B2BIException.java:496)
	at com.inovis.b2b.lib.exception.B2BIException.getFormattedErrorMessage(B2BIException.java:317)
	at com.inovis.b2b.lib.exception.B2BIException.&lt;init&gt;(B2BIException.java:216)
	at com.inovis.b2b.lib.exception.B2BIException.&lt;init&gt;(B2BIException.java:156)
	at com.inovis.b2b.lib.exception.OperationFailedException.&lt;init&gt;(OperationFailedException.java:87)
	at com.inovis.mss.gateways.lib.modules.DataFormatBranch.choosePath(DataFormatBranch.java:100)
	at test.com.inovis.mss.gateways.lib.modules.TestDataFormatBranch.testDataFormatBranch(TestDataFormatBranch.java:131)
</error>
  </testcase>
  <testcase classname="test.com.inovis.mss.gateways.lib.modules.TestPostMail" name="testPostMail" time="0.063"></testcase>
  <testcase classname="test.com.inovis.b2b.rules.TestRulesManager" name="testGetAllRules" time="2.838">
    <error message="[LIBP-00001] Unable to connect to naming service" type="com.inovis.b2b.lib.service.ServiceUnavailableException">class com.inovis.b2b.lib.service.ServiceUnavailableException: [LIBP-00001] Unable to connect to naming service
	at com.inovis.b2b.lib.service.ServiceLocator.getInitialContext(ServiceLocator.java:214)
	at com.inovis.b2b.lib.service.ServiceLocator.&lt;init&gt;(ServiceLocator.java:183)
	at com.inovis.b2b.lib.service.ServiceLocator.getInstance(ServiceLocator.java:167)
	at com.inovis.b2b.lib.service.ServiceLocator.getInstance(ServiceLocator.java:150)
	at com.inovis.b2b.rules.defs.RulesManagerImp.&lt;init&gt;(RulesManagerImp.java:69)
	at com.inovis.b2b.rules.RulesManager.getManager(RulesManager.java:72)
	at test.com.inovis.b2b.rules.TestRulesManager.setUp(TestRulesManager.java:76)
Caused by: javax.naming.CommunicationException [Root exception is java.net.ConnectException: t3://localhost:7001: Destination unreachable; nested exception is: 
	java.net.ConnectException: Connection refused: connect; No available router to destination]
	at weblogic.jndi.internal.ExceptionTranslator.toNamingException(ExceptionTranslator.java:49)
	at weblogic.jndi.WLInitialContextFactoryDelegate.toNamingException(WLInitialContextFactoryDelegate.java:765)
	at weblogic.jndi.WLInitialContextFactoryDelegate.getInitialContext(WLInitialContextFactoryDelegate.java:364)
	at weblogic.jndi.Environment.getContext(Environment.java:307)
	at weblogic.jndi.Environment.getContext(Environment.java:277)
	at weblogic.jndi.WLInitialContextFactory.getInitialContext(WLInitialContextFactory.java:117)
	at javax.naming.spi.NamingManager.getInitialContext(NamingManager.java:667)
	at javax.naming.InitialContext.getDefaultInitCtx(InitialContext.java:247)
	at javax.naming.InitialContext.init(InitialContext.java:223)
	at javax.naming.InitialContext.&lt;init&gt;(InitialContext.java:175)
	at com.inovis.b2b.lib.service.ServiceLocator.getInitialContext(ServiceLocator.java:206)
	... 18 more
Caused by: java.net.ConnectException: t3://localhost:7001: Destination unreachable; nested exception is: 
	java.net.ConnectException: Connection refused: connect; No available router to destination
	at weblogic.rjvm.RJVMFinder.findOrCreate(RJVMFinder.java:204)
	at weblogic.rjvm.ServerURL.findOrCreateRJVM(ServerURL.java:154)
	at weblogic.jndi.WLInitialContextFactoryDelegate.getInitialContext(WLInitialContextFactoryDelegate.java:349)
	... 26 more
Caused by: java.rmi.ConnectException: Destination unreachable; nested exception is: 
	java.net.ConnectException: Connection refused: connect; No available router to destination
	at weblogic.rjvm.ConnectionManager.bootstrap(ConnectionManager.java:472)
	at weblogic.rjvm.ConnectionManager.bootstrap(ConnectionManager.java:323)
	at weblogic.rjvm.RJVMManager.findOrCreateRemoteInternal(RJVMManager.java:259)
	at weblogic.rjvm.RJVMManager.findOrCreate(RJVMManager.java:202)
	at weblogic.rjvm.RJVMFinder.findOrCreateRemoteServer(RJVMFinder.java:226)
	at weblogic.rjvm.RJVMFinder.findOrCreate(RJVMFinder.java:189)
	... 28 more
</error>
  </testcase>
  <testcase classname="test.com.inovis.b2b.rules.TestRulesManager" name="testDeleteRuleSet" time="2.651">
    <error message="[LIBP-00001] Unable to connect to naming service" type="com.inovis.b2b.lib.service.ServiceUnavailableException">class com.inovis.b2b.lib.service.ServiceUnavailableException: [LIBP-00001] Unable to connect to naming service
	at com.inovis.b2b.lib.service.ServiceLocator.getInitialContext(ServiceLocator.java:214)
	at com.inovis.b2b.lib.service.ServiceLocator.&lt;init&gt;(ServiceLocator.java:183)
	at com.inovis.b2b.lib.service.ServiceLocator.getInstance(ServiceLocator.java:167)
	at com.inovis.b2b.lib.service.ServiceLocator.getInstance(ServiceLocator.java:150)
	at com.inovis.b2b.rules.defs.RulesManagerImp.&lt;init&gt;(RulesManagerImp.java:69)
	at com.inovis.b2b.rules.RulesManager.getManager(RulesManager.java:72)
	at test.com.inovis.b2b.rules.TestRulesManager.setUp(TestRulesManager.java:76)
Caused by: javax.naming.CommunicationException [Root exception is java.net.ConnectException: t3://localhost:7001: Destination unreachable; nested exception is: 
	java.net.ConnectException: Connection refused: connect; No available router to destination]
	at weblogic.jndi.internal.ExceptionTranslator.toNamingException(ExceptionTranslator.java:49)
	at weblogic.jndi.WLInitialContextFactoryDelegate.toNamingException(WLInitialContextFactoryDelegate.java:765)
	at weblogic.jndi.WLInitialContextFactoryDelegate.getInitialContext(WLInitialContextFactoryDelegate.java:364)
	at weblogic.jndi.Environment.getContext(Environment.java:307)
	at weblogic.jndi.Environment.getContext(Environment.java:277)
	at weblogic.jndi.WLInitialContextFactory.getInitialContext(WLInitialContextFactory.java:117)
	at javax.naming.spi.NamingManager.getInitialContext(NamingManager.java:667)
	at javax.naming.InitialContext.getDefaultInitCtx(InitialContext.java:247)
	at javax.naming.InitialContext.init(InitialContext.java:223)
	at javax.naming.InitialContext.&lt;init&gt;(InitialContext.java:175)
	at com.inovis.b2b.lib.service.ServiceLocator.getInitialContext(ServiceLocator.java:206)
	... 18 more
Caused by: java.net.ConnectException: t3://localhost:7001: Destination unreachable; nested exception is: 
	java.net.ConnectException: Connection refused: connect; No available router to destination
	at weblogic.rjvm.RJVMFinder.findOrCreate(RJVMFinder.java:204)
	at weblogic.rjvm.ServerURL.findOrCreateRJVM(ServerURL.java:154)
	at weblogic.jndi.WLInitialContextFactoryDelegate.getInitialContext(WLInitialContextFactoryDelegate.java:349)
	... 26 more
Caused by: java.rmi.ConnectException: Destination unreachable; nested exception is: 
	java.net.ConnectException: Connection refused: connect; No available router to destination
	at weblogic.rjvm.ConnectionManager.bootstrap(ConnectionManager.java:472)
	at weblogic.rjvm.ConnectionManager.bootstrap(ConnectionManager.java:323)
	at weblogic.rjvm.RJVMManager.findOrCreateRemoteInternal(RJVMManager.java:259)
	at weblogic.rjvm.RJVMManager.findOrCreate(RJVMManager.java:202)
	at weblogic.rjvm.RJVMFinder.findOrCreateRemoteServer(RJVMFinder.java:226)
	at weblogic.rjvm.RJVMFinder.findOrCreate(RJVMFinder.java:189)
	... 28 more
</error>
  </testcase>
  <testcase classname="test.com.inovis.b2b.rules.TestRulesManager" name="testCreateRuleSet1" time="2.698">
    <error message="[LIBP-00001] Unable to connect to naming service" type="com.inovis.b2b.lib.service.ServiceUnavailableException">class com.inovis.b2b.lib.service.ServiceUnavailableException: [LIBP-00001] Unable to connect to naming service
	at com.inovis.b2b.lib.service.ServiceLocator.getInitialContext(ServiceLocator.java:214)
	at com.inovis.b2b.lib.service.ServiceLocator.&lt;init&gt;(ServiceLocator.java:183)
	at com.inovis.b2b.lib.service.ServiceLocator.getInstance(ServiceLocator.java:167)
	at com.inovis.b2b.lib.service.ServiceLocator.getInstance(ServiceLocator.java:150)
	at com.inovis.b2b.rules.defs.RulesManagerImp.&lt;init&gt;(RulesManagerImp.java:69)
	at com.inovis.b2b.rules.RulesManager.getManager(RulesManager.java:72)
	at test.com.inovis.b2b.rules.TestRulesManager.setUp(TestRulesManager.java:76)
Caused by: javax.naming.CommunicationException [Root exception is java.net.ConnectException: t3://localhost:7001: Destination unreachable; nested exception is: 
	java.net.ConnectException: Connection refused: connect; No available router to destination]
	at weblogic.jndi.internal.ExceptionTranslator.toNamingException(ExceptionTranslator.java:49)
	at weblogic.jndi.WLInitialContextFactoryDelegate.toNamingException(WLInitialContextFactoryDelegate.java:765)
	at weblogic.jndi.WLInitialContextFactoryDelegate.getInitialContext(WLInitialContextFactoryDelegate.java:364)
	at weblogic.jndi.Environment.getContext(Environment.java:307)
	at weblogic.jndi.Environment.getContext(Environment.java:277)
	at weblogic.jndi.WLInitialContextFactory.getInitialContext(WLInitialContextFactory.java:117)
	at javax.naming.spi.NamingManager.getInitialContext(NamingManager.java:667)
	at javax.naming.InitialContext.getDefaultInitCtx(InitialContext.java:247)
	at javax.naming.InitialContext.init(InitialContext.java:223)
	at javax.naming.InitialContext.&lt;init&gt;(InitialContext.java:175)
	at com.inovis.b2b.lib.service.ServiceLocator.getInitialContext(ServiceLocator.java:206)
	... 18 more
Caused by: java.net.ConnectException: t3://localhost:7001: Destination unreachable; nested exception is: 
	java.net.ConnectException: Connection refused: connect; No available router to destination
	at weblogic.rjvm.RJVMFinder.findOrCreate(RJVMFinder.java:204)
	at weblogic.rjvm.ServerURL.findOrCreateRJVM(ServerURL.java:154)
	at weblogic.jndi.WLInitialContextFactoryDelegate.getInitialContext(WLInitialContextFactoryDelegate.java:349)
	... 26 more
Caused by: java.rmi.ConnectException: Destination unreachable; nested exception is: 
	java.net.ConnectException: Connection refused: connect; No available router to destination
	at weblogic.rjvm.ConnectionManager.bootstrap(ConnectionManager.java:472)
	at weblogic.rjvm.ConnectionManager.bootstrap(ConnectionManager.java:323)
	at weblogic.rjvm.RJVMManager.findOrCreateRemoteInternal(RJVMManager.java:259)
	at weblogic.rjvm.RJVMManager.findOrCreate(RJVMManager.java:202)
	at weblogic.rjvm.RJVMFinder.findOrCreateRemoteServer(RJVMFinder.java:226)
	at weblogic.rjvm.RJVMFinder.findOrCreate(RJVMFinder.java:189)
	... 28 more
</error>
  </testcase>
  <testcase classname="test.com.inovis.b2b.rules.TestRulesManager" name="testCreateRuleSet2" time="2.479">
    <error message="[LIBP-00001] Unable to connect to naming service" type="com.inovis.b2b.lib.service.ServiceUnavailableException">class com.inovis.b2b.lib.service.ServiceUnavailableException: [LIBP-00001] Unable to connect to naming service
	at com.inovis.b2b.lib.service.ServiceLocator.getInitialContext(ServiceLocator.java:214)
	at com.inovis.b2b.lib.service.ServiceLocator.&lt;init&gt;(ServiceLocator.java:183)
	at com.inovis.b2b.lib.service.ServiceLocator.getInstance(ServiceLocator.java:167)
	at com.inovis.b2b.lib.service.ServiceLocator.getInstance(ServiceLocator.java:150)
	at com.inovis.b2b.rules.defs.RulesManagerImp.&lt;init&gt;(RulesManagerImp.java:69)
	at com.inovis.b2b.rules.RulesManager.getManager(RulesManager.java:72)
	at test.com.inovis.b2b.rules.TestRulesManager.setUp(TestRulesManager.java:76)
Caused by: javax.naming.CommunicationException [Root exception is java.net.ConnectException: t3://localhost:7001: Destination unreachable; nested exception is: 
	java.net.ConnectException: Connection refused: connect; No available router to destination]
	at weblogic.jndi.internal.ExceptionTranslator.toNamingException(ExceptionTranslator.java:49)
	at weblogic.jndi.WLInitialContextFactoryDelegate.toNamingException(WLInitialContextFactoryDelegate.java:765)
	at weblogic.jndi.WLInitialContextFactoryDelegate.getInitialContext(WLInitialContextFactoryDelegate.java:364)
	at weblogic.jndi.Environment.getContext(Environment.java:307)
	at weblogic.jndi.Environment.getContext(Environment.java:277)
	at weblogic.jndi.WLInitialContextFactory.getInitialContext(WLInitialContextFactory.java:117)
	at javax.naming.spi.NamingManager.getInitialContext(NamingManager.java:667)
	at javax.naming.InitialContext.getDefaultInitCtx(InitialContext.java:247)
	at javax.naming.InitialContext.init(InitialContext.java:223)
	at javax.naming.InitialContext.&lt;init&gt;(InitialContext.java:175)
	at com.inovis.b2b.lib.service.ServiceLocator.getInitialContext(ServiceLocator.java:206)
	... 18 more
Caused by: java.net.ConnectException: t3://localhost:7001: Destination unreachable; nested exception is: 
	java.net.ConnectException: Connection refused: connect; No available router to destination
	at weblogic.rjvm.RJVMFinder.findOrCreate(RJVMFinder.java:204)
	at weblogic.rjvm.ServerURL.findOrCreateRJVM(ServerURL.java:154)
	at weblogic.jndi.WLInitialContextFactoryDelegate.getInitialContext(WLInitialContextFactoryDelegate.java:349)
	... 26 more
Caused by: java.rmi.ConnectException: Destination unreachable; nested exception is: 
	java.net.ConnectException: Connection refused: connect; No available router to destination
	at weblogic.rjvm.ConnectionManager.bootstrap(ConnectionManager.java:472)
	at weblogic.rjvm.ConnectionManager.bootstrap(ConnectionManager.java:323)
	at weblogic.rjvm.RJVMManager.findOrCreateRemoteInternal(RJVMManager.java:259)
	at weblogic.rjvm.RJVMManager.findOrCreate(RJVMManager.java:202)
	at weblogic.rjvm.RJVMFinder.findOrCreateRemoteServer(RJVMFinder.java:226)
	at weblogic.rjvm.RJVMFinder.findOrCreate(RJVMFinder.java:189)
	... 28 more
</error>
  </testcase>
  <testcase classname="test.com.inovis.b2b.rules.TestRulesManager" name="testCreateRuleSet3" time="2.994">
    <error message="[LIBP-00001] Unable to connect to naming service" type="com.inovis.b2b.lib.service.ServiceUnavailableException">class com.inovis.b2b.lib.service.ServiceUnavailableException: [LIBP-00001] Unable to connect to naming service
	at com.inovis.b2b.lib.service.ServiceLocator.getInitialContext(ServiceLocator.java:214)
	at com.inovis.b2b.lib.service.ServiceLocator.&lt;init&gt;(ServiceLocator.java:183)
	at com.inovis.b2b.lib.service.ServiceLocator.getInstance(ServiceLocator.java:167)
	at com.inovis.b2b.lib.service.ServiceLocator.getInstance(ServiceLocator.java:150)
	at com.inovis.b2b.rules.defs.RulesManagerImp.&lt;init&gt;(RulesManagerImp.java:69)
	at com.inovis.b2b.rules.RulesManager.getManager(RulesManager.java:72)
	at test.com.inovis.b2b.rules.TestRulesManager.setUp(TestRulesManager.java:76)
Caused by: javax.naming.CommunicationException [Root exception is java.net.ConnectException: t3://localhost:7001: Destination unreachable; nested exception is: 
	java.net.ConnectException: Connection refused: connect; No available router to destination]
	at weblogic.jndi.internal.ExceptionTranslator.toNamingException(ExceptionTranslator.java:49)
	at weblogic.jndi.WLInitialContextFactoryDelegate.toNamingException(WLInitialContextFactoryDelegate.java:765)
	at weblogic.jndi.WLInitialContextFactoryDelegate.getInitialContext(WLInitialContextFactoryDelegate.java:364)
	at weblogic.jndi.Environment.getContext(Environment.java:307)
	at weblogic.jndi.Environment.getContext(Environment.java:277)
	at weblogic.jndi.WLInitialContextFactory.getInitialContext(WLInitialContextFactory.java:117)
	at javax.naming.spi.NamingManager.getInitialContext(NamingManager.java:667)
	at javax.naming.InitialContext.getDefaultInitCtx(InitialContext.java:247)
	at javax.naming.InitialContext.init(InitialContext.java:223)
	at javax.naming.InitialContext.&lt;init&gt;(InitialContext.java:175)
	at com.inovis.b2b.lib.service.ServiceLocator.getInitialContext(ServiceLocator.java:206)
	... 18 more
Caused by: java.net.ConnectException: t3://localhost:7001: Destination unreachable; nested exception is: 
	java.net.ConnectException: Connection refused: connect; No available router to destination
	at weblogic.rjvm.RJVMFinder.findOrCreate(RJVMFinder.java:204)
	at weblogic.rjvm.ServerURL.findOrCreateRJVM(ServerURL.java:154)
	at weblogic.jndi.WLInitialContextFactoryDelegate.getInitialContext(WLInitialContextFactoryDelegate.java:349)
	... 26 more
Caused by: java.rmi.ConnectException: Destination unreachable; nested exception is: 
	java.net.ConnectException: Connection refused: connect; No available router to destination
	at weblogic.rjvm.ConnectionManager.bootstrap(ConnectionManager.java:472)
	at weblogic.rjvm.ConnectionManager.bootstrap(ConnectionManager.java:323)
	at weblogic.rjvm.RJVMManager.findOrCreateRemoteInternal(RJVMManager.java:259)
	at weblogic.rjvm.RJVMManager.findOrCreate(RJVMManager.java:202)
	at weblogic.rjvm.RJVMFinder.findOrCreateRemoteServer(RJVMFinder.java:226)
	at weblogic.rjvm.RJVMFinder.findOrCreate(RJVMFinder.java:189)
	... 28 more
</error>
  </testcase>
  <testcase classname="test.com.inovis.b2b.rules.TestRulesManager" name="testGetRuleSet1" time="2.075">
    <error message="[LIBP-00001] Unable to connect to naming service" type="com.inovis.b2b.lib.service.ServiceUnavailableException">class com.inovis.b2b.lib.service.ServiceUnavailableException: [LIBP-00001] Unable to connect to naming service
	at com.inovis.b2b.lib.service.ServiceLocator.getInitialContext(ServiceLocator.java:214)
	at com.inovis.b2b.lib.service.ServiceLocator.&lt;init&gt;(ServiceLocator.java:183)
	at com.inovis.b2b.lib.service.ServiceLocator.getInstance(ServiceLocator.java:167)
	at com.inovis.b2b.lib.service.ServiceLocator.getInstance(ServiceLocator.java:150)
	at com.inovis.b2b.rules.defs.RulesManagerImp.&lt;init&gt;(RulesManagerImp.java:69)
	at com.inovis.b2b.rules.RulesManager.getManager(RulesManager.java:72)
	at test.com.inovis.b2b.rules.TestRulesManager.setUp(TestRulesManager.java:76)
Caused by: javax.naming.CommunicationException [Root exception is java.net.ConnectException: t3://localhost:7001: Destination unreachable; nested exception is: 
	java.net.ConnectException: Connection refused: connect; No available router to destination]
	at weblogic.jndi.internal.ExceptionTranslator.toNamingException(ExceptionTranslator.java:49)
	at weblogic.jndi.WLInitialContextFactoryDelegate.toNamingException(WLInitialContextFactoryDelegate.java:765)
	at weblogic.jndi.WLInitialContextFactoryDelegate.getInitialContext(WLInitialContextFactoryDelegate.java:364)
	at weblogic.jndi.Environment.getContext(Environment.java:307)
	at weblogic.jndi.Environment.getContext(Environment.java:277)
	at weblogic.jndi.WLInitialContextFactory.getInitialContext(WLInitialContextFactory.java:117)
	at javax.naming.spi.NamingManager.getInitialContext(NamingManager.java:667)
	at javax.naming.InitialContext.getDefaultInitCtx(InitialContext.java:247)
	at javax.naming.InitialContext.init(InitialContext.java:223)
	at javax.naming.InitialContext.&lt;init&gt;(InitialContext.java:175)
	at com.inovis.b2b.lib.service.ServiceLocator.getInitialContext(ServiceLocator.java:206)
	... 18 more
Caused by: java.net.ConnectException: t3://localhost:7001: Destination unreachable; nested exception is: 
	java.net.ConnectException: Connection refused: connect; No available router to destination
	at weblogic.rjvm.RJVMFinder.findOrCreate(RJVMFinder.java:204)
	at weblogic.rjvm.ServerURL.findOrCreateRJVM(ServerURL.java:154)
	at weblogic.jndi.WLInitialContextFactoryDelegate.getInitialContext(WLInitialContextFactoryDelegate.java:349)
	... 26 more
Caused by: java.rmi.ConnectException: Destination unreachable; nested exception is: 
	java.net.ConnectException: Connection refused: connect; No available router to destination
	at weblogic.rjvm.ConnectionManager.bootstrap(ConnectionManager.java:472)
	at weblogic.rjvm.ConnectionManager.bootstrap(ConnectionManager.java:323)
	at weblogic.rjvm.RJVMManager.findOrCreateRemoteInternal(RJVMManager.java:259)
	at weblogic.rjvm.RJVMManager.findOrCreate(RJVMManager.java:202)
	at weblogic.rjvm.RJVMFinder.findOrCreateRemoteServer(RJVMFinder.java:226)
	at weblogic.rjvm.RJVMFinder.findOrCreate(RJVMFinder.java:189)
	... 28 more
</error>
  </testcase>
  <testcase classname="test.com.inovis.b2b.rules.TestRulesManager" name="testGetAllRuleSets" time="2.385">
    <error message="[LIBP-00001] Unable to connect to naming service" type="com.inovis.b2b.lib.service.ServiceUnavailableException">class com.inovis.b2b.lib.service.ServiceUnavailableException: [LIBP-00001] Unable to connect to naming service
	at com.inovis.b2b.lib.service.ServiceLocator.getInitialContext(ServiceLocator.java:214)
	at com.inovis.b2b.lib.service.ServiceLocator.&lt;init&gt;(ServiceLocator.java:183)
	at com.inovis.b2b.lib.service.ServiceLocator.getInstance(ServiceLocator.java:167)
	at com.inovis.b2b.lib.service.ServiceLocator.getInstance(ServiceLocator.java:150)
	at com.inovis.b2b.rules.defs.RulesManagerImp.&lt;init&gt;(RulesManagerImp.java:69)
	at com.inovis.b2b.rules.RulesManager.getManager(RulesManager.java:72)
	at test.com.inovis.b2b.rules.TestRulesManager.setUp(TestRulesManager.java:76)
Caused by: javax.naming.CommunicationException [Root exception is java.net.ConnectException: t3://localhost:7001: Destination unreachable; nested exception is: 
	java.net.ConnectException: Connection refused: connect; No available router to destination]
	at weblogic.jndi.internal.ExceptionTranslator.toNamingException(ExceptionTranslator.java:49)
	at weblogic.jndi.WLInitialContextFactoryDelegate.toNamingException(WLInitialContextFactoryDelegate.java:765)
	at weblogic.jndi.WLInitialContextFactoryDelegate.getInitialContext(WLInitialContextFactoryDelegate.java:364)
	at weblogic.jndi.Environment.getContext(Environment.java:307)
	at weblogic.jndi.Environment.getContext(Environment.java:277)
	at weblogic.jndi.WLInitialContextFactory.getInitialContext(WLInitialContextFactory.java:117)
	at javax.naming.spi.NamingManager.getInitialContext(NamingManager.java:667)
	at javax.naming.InitialContext.getDefaultInitCtx(InitialContext.java:247)
	at javax.naming.InitialContext.init(InitialContext.java:223)
	at javax.naming.InitialContext.&lt;init&gt;(InitialContext.java:175)
	at com.inovis.b2b.lib.service.ServiceLocator.getInitialContext(ServiceLocator.java:206)
	... 18 more
Caused by: java.net.ConnectException: t3://localhost:7001: Destination unreachable; nested exception is: 
	java.net.ConnectException: Connection refused: connect; No available router to destination
	at weblogic.rjvm.RJVMFinder.findOrCreate(RJVMFinder.java:204)
	at weblogic.rjvm.ServerURL.findOrCreateRJVM(ServerURL.java:154)
	at weblogic.jndi.WLInitialContextFactoryDelegate.getInitialContext(WLInitialContextFactoryDelegate.java:349)
	... 26 more
Caused by: java.rmi.ConnectException: Destination unreachable; nested exception is: 
	java.net.ConnectException: Connection refused: connect; No available router to destination
	at weblogic.rjvm.ConnectionManager.bootstrap(ConnectionManager.java:472)
	at weblogic.rjvm.ConnectionManager.bootstrap(ConnectionManager.java:323)
	at weblogic.rjvm.RJVMManager.findOrCreateRemoteInternal(RJVMManager.java:259)
	at weblogic.rjvm.RJVMManager.findOrCreate(RJVMManager.java:202)
	at weblogic.rjvm.RJVMFinder.findOrCreateRemoteServer(RJVMFinder.java:226)
	at weblogic.rjvm.RJVMFinder.findOrCreate(RJVMFinder.java:189)
	... 28 more
</error>
  </testcase>
  <testcase classname="test.com.inovis.b2b.rules.TestRulesManager" name="testCreateRule1" time="2.277">
    <error message="[LIBP-00001] Unable to connect to naming service" type="com.inovis.b2b.lib.service.ServiceUnavailableException">class com.inovis.b2b.lib.service.ServiceUnavailableException: [LIBP-00001] Unable to connect to naming service
	at com.inovis.b2b.lib.service.ServiceLocator.getInitialContext(ServiceLocator.java:214)
	at com.inovis.b2b.lib.service.ServiceLocator.&lt;init&gt;(ServiceLocator.java:183)
	at com.inovis.b2b.lib.service.ServiceLocator.getInstance(ServiceLocator.java:167)
	at com.inovis.b2b.lib.service.ServiceLocator.getInstance(ServiceLocator.java:150)
	at com.inovis.b2b.rules.defs.RulesManagerImp.&lt;init&gt;(RulesManagerImp.java:69)
	at com.inovis.b2b.rules.RulesManager.getManager(RulesManager.java:72)
	at test.com.inovis.b2b.rules.TestRulesManager.setUp(TestRulesManager.java:76)
Caused by: javax.naming.CommunicationException [Root exception is java.net.ConnectException: t3://localhost:7001: Destination unreachable; nested exception is: 
	java.net.ConnectException: Connection refused: connect; No available router to destination]
	at weblogic.jndi.internal.ExceptionTranslator.toNamingException(ExceptionTranslator.java:49)
	at weblogic.jndi.WLInitialContextFactoryDelegate.toNamingException(WLInitialContextFactoryDelegate.java:765)
	at weblogic.jndi.WLInitialContextFactoryDelegate.getInitialContext(WLInitialContextFactoryDelegate.java:364)
	at weblogic.jndi.Environment.getContext(Environment.java:307)
	at weblogic.jndi.Environment.getContext(Environment.java:277)
	at weblogic.jndi.WLInitialContextFactory.getInitialContext(WLInitialContextFactory.java:117)
	at javax.naming.spi.NamingManager.getInitialContext(NamingManager.java:667)
	at javax.naming.InitialContext.getDefaultInitCtx(InitialContext.java:247)
	at javax.naming.InitialContext.init(InitialContext.java:223)
	at javax.naming.InitialContext.&lt;init&gt;(InitialContext.java:175)
	at com.inovis.b2b.lib.service.ServiceLocator.getInitialContext(ServiceLocator.java:206)
	... 18 more
Caused by: java.net.ConnectException: t3://localhost:7001: Destination unreachable; nested exception is: 
	java.net.ConnectException: Connection refused: connect; No available router to destination
	at weblogic.rjvm.RJVMFinder.findOrCreate(RJVMFinder.java:204)
	at weblogic.rjvm.ServerURL.findOrCreateRJVM(ServerURL.java:154)
	at weblogic.jndi.WLInitialContextFactoryDelegate.getInitialContext(WLInitialContextFactoryDelegate.java:349)
	... 26 more
Caused by: java.rmi.ConnectException: Destination unreachable; nested exception is: 
	java.net.ConnectException: Connection refused: connect; No available router to destination
	at weblogic.rjvm.ConnectionManager.bootstrap(ConnectionManager.java:472)
	at weblogic.rjvm.ConnectionManager.bootstrap(ConnectionManager.java:323)
	at weblogic.rjvm.RJVMManager.findOrCreateRemoteInternal(RJVMManager.java:259)
	at weblogic.rjvm.RJVMManager.findOrCreate(RJVMManager.java:202)
	at weblogic.rjvm.RJVMFinder.findOrCreateRemoteServer(RJVMFinder.java:226)
	at weblogic.rjvm.RJVMFinder.findOrCreate(RJVMFinder.java:189)
	... 28 more
</error>
  </testcase>
  <testcase classname="test.com.inovis.b2b.rules.TestRulesManager" name="testCreateRule2" time="2.573">
    <error message="[LIBP-00001] Unable to connect to naming service" type="com.inovis.b2b.lib.service.ServiceUnavailableException">class com.inovis.b2b.lib.service.ServiceUnavailableException: [LIBP-00001] Unable to connect to naming service
	at com.inovis.b2b.lib.service.ServiceLocator.getInitialContext(ServiceLocator.java:214)
	at com.inovis.b2b.lib.service.ServiceLocator.&lt;init&gt;(ServiceLocator.java:183)
	at com.inovis.b2b.lib.service.ServiceLocator.getInstance(ServiceLocator.java:167)
	at com.inovis.b2b.lib.service.ServiceLocator.getInstance(ServiceLocator.java:150)
	at com.inovis.b2b.rules.defs.RulesManagerImp.&lt;init&gt;(RulesManagerImp.java:69)
	at com.inovis.b2b.rules.RulesManager.getManager(RulesManager.java:72)
	at test.com.inovis.b2b.rules.TestRulesManager.setUp(TestRulesManager.java:76)
Caused by: javax.naming.CommunicationException [Root exception is java.net.ConnectException: t3://localhost:7001: Destination unreachable; nested exception is: 
	java.net.ConnectException: Connection refused: connect; No available router to destination]
	at weblogic.jndi.internal.ExceptionTranslator.toNamingException(ExceptionTranslator.java:49)
	at weblogic.jndi.WLInitialContextFactoryDelegate.toNamingException(WLInitialContextFactoryDelegate.java:765)
	at weblogic.jndi.WLInitialContextFactoryDelegate.getInitialContext(WLInitialContextFactoryDelegate.java:364)
	at weblogic.jndi.Environment.getContext(Environment.java:307)
	at weblogic.jndi.Environment.getContext(Environment.java:277)
	at weblogic.jndi.WLInitialContextFactory.getInitialContext(WLInitialContextFactory.java:117)
	at javax.naming.spi.NamingManager.getInitialContext(NamingManager.java:667)
	at javax.naming.InitialContext.getDefaultInitCtx(InitialContext.java:247)
	at javax.naming.InitialContext.init(InitialContext.java:223)
	at javax.naming.InitialContext.&lt;init&gt;(InitialContext.java:175)
	at com.inovis.b2b.lib.service.ServiceLocator.getInitialContext(ServiceLocator.java:206)
	... 18 more
Caused by: java.net.ConnectException: t3://localhost:7001: Destination unreachable; nested exception is: 
	java.net.ConnectException: Connection refused: connect; No available router to destination
	at weblogic.rjvm.RJVMFinder.findOrCreate(RJVMFinder.java:204)
	at weblogic.rjvm.ServerURL.findOrCreateRJVM(ServerURL.java:154)
	at weblogic.jndi.WLInitialContextFactoryDelegate.getInitialContext(WLInitialContextFactoryDelegate.java:349)
	... 26 more
Caused by: java.rmi.ConnectException: Destination unreachable; nested exception is: 
	java.net.ConnectException: Connection refused: connect; No available router to destination
	at weblogic.rjvm.ConnectionManager.bootstrap(ConnectionManager.java:472)
	at weblogic.rjvm.ConnectionManager.bootstrap(ConnectionManager.java:323)
	at weblogic.rjvm.RJVMManager.findOrCreateRemoteInternal(RJVMManager.java:259)
	at weblogic.rjvm.RJVMManager.findOrCreate(RJVMManager.java:202)
	at weblogic.rjvm.RJVMFinder.findOrCreateRemoteServer(RJVMFinder.java:226)
	at weblogic.rjvm.RJVMFinder.findOrCreate(RJVMFinder.java:189)
	... 28 more
</error>
  </testcase>
  <testcase classname="test.com.inovis.b2b.rules.TestRulesManager" name="testCreateRule3" time="2.761">
    <error message="[LIBP-00001] Unable to connect to naming service" type="com.inovis.b2b.lib.service.ServiceUnavailableException">class com.inovis.b2b.lib.service.ServiceUnavailableException: [LIBP-00001] Unable to connect to naming service
	at com.inovis.b2b.lib.service.ServiceLocator.getInitialContext(ServiceLocator.java:214)
	at com.inovis.b2b.lib.service.ServiceLocator.&lt;init&gt;(ServiceLocator.java:183)
	at com.inovis.b2b.lib.service.ServiceLocator.getInstance(ServiceLocator.java:167)
	at com.inovis.b2b.lib.service.ServiceLocator.getInstance(ServiceLocator.java:150)
	at com.inovis.b2b.rules.defs.RulesManagerImp.&lt;init&gt;(RulesManagerImp.java:69)
	at com.inovis.b2b.rules.RulesManager.getManager(RulesManager.java:72)
	at test.com.inovis.b2b.rules.TestRulesManager.setUp(TestRulesManager.java:76)
Caused by: javax.naming.CommunicationException [Root exception is java.net.ConnectException: t3://localhost:7001: Destination unreachable; nested exception is: 
	java.net.ConnectException: Connection refused: connect; No available router to destination]
	at weblogic.jndi.internal.ExceptionTranslator.toNamingException(ExceptionTranslator.java:49)
	at weblogic.jndi.WLInitialContextFactoryDelegate.toNamingException(WLInitialContextFactoryDelegate.java:765)
	at weblogic.jndi.WLInitialContextFactoryDelegate.getInitialContext(WLInitialContextFactoryDelegate.java:364)
	at weblogic.jndi.Environment.getContext(Environment.java:307)
	at weblogic.jndi.Environment.getContext(Environment.java:277)
	at weblogic.jndi.WLInitialContextFactory.getInitialContext(WLInitialContextFactory.java:117)
	at javax.naming.spi.NamingManager.getInitialContext(NamingManager.java:667)
	at javax.naming.InitialContext.getDefaultInitCtx(InitialContext.java:247)
	at javax.naming.InitialContext.init(InitialContext.java:223)
	at javax.naming.InitialContext.&lt;init&gt;(InitialContext.java:175)
	at com.inovis.b2b.lib.service.ServiceLocator.getInitialContext(ServiceLocator.java:206)
	... 18 more
Caused by: java.net.ConnectException: t3://localhost:7001: Destination unreachable; nested exception is: 
	java.net.ConnectException: Connection refused: connect; No available router to destination
	at weblogic.rjvm.RJVMFinder.findOrCreate(RJVMFinder.java:204)
	at weblogic.rjvm.ServerURL.findOrCreateRJVM(ServerURL.java:154)
	at weblogic.jndi.WLInitialContextFactoryDelegate.getInitialContext(WLInitialContextFactoryDelegate.java:349)
	... 26 more
Caused by: java.rmi.ConnectException: Destination unreachable; nested exception is: 
	java.net.ConnectException: Connection refused: connect; No available router to destination
	at weblogic.rjvm.ConnectionManager.bootstrap(ConnectionManager.java:472)
	at weblogic.rjvm.ConnectionManager.bootstrap(ConnectionManager.java:323)
	at weblogic.rjvm.RJVMManager.findOrCreateRemoteInternal(RJVMManager.java:259)
	at weblogic.rjvm.RJVMManager.findOrCreate(RJVMManager.java:202)
	at weblogic.rjvm.RJVMFinder.findOrCreateRemoteServer(RJVMFinder.java:226)
	at weblogic.rjvm.RJVMFinder.findOrCreate(RJVMFinder.java:189)
	... 28 more
</error>
  </testcase>
  <testcase classname="test.com.inovis.b2b.rules.TestRulesManager" name="testCreateRule4" time="2.479">
    <error message="[LIBP-00001] Unable to connect to naming service" type="com.inovis.b2b.lib.service.ServiceUnavailableException">class com.inovis.b2b.lib.service.ServiceUnavailableException: [LIBP-00001] Unable to connect to naming service
	at com.inovis.b2b.lib.service.ServiceLocator.getInitialContext(ServiceLocator.java:214)
	at com.inovis.b2b.lib.service.ServiceLocator.&lt;init&gt;(ServiceLocator.java:183)
	at com.inovis.b2b.lib.service.ServiceLocator.getInstance(ServiceLocator.java:167)
	at com.inovis.b2b.lib.service.ServiceLocator.getInstance(ServiceLocator.java:150)
	at com.inovis.b2b.rules.defs.RulesManagerImp.&lt;init&gt;(RulesManagerImp.java:69)
	at com.inovis.b2b.rules.RulesManager.getManager(RulesManager.java:72)
	at test.com.inovis.b2b.rules.TestRulesManager.setUp(TestRulesManager.java:76)
Caused by: javax.naming.CommunicationException [Root exception is java.net.ConnectException: t3://localhost:7001: Destination unreachable; nested exception is: 
	java.net.ConnectException: Connection refused: connect; No available router to destination]
	at weblogic.jndi.internal.ExceptionTranslator.toNamingException(ExceptionTranslator.java:49)
	at weblogic.jndi.WLInitialContextFactoryDelegate.toNamingException(WLInitialContextFactoryDelegate.java:765)
	at weblogic.jndi.WLInitialContextFactoryDelegate.getInitialContext(WLInitialContextFactoryDelegate.java:364)
	at weblogic.jndi.Environment.getContext(Environment.java:307)
	at weblogic.jndi.Environment.getContext(Environment.java:277)
	at weblogic.jndi.WLInitialContextFactory.getInitialContext(WLInitialContextFactory.java:117)
	at javax.naming.spi.NamingManager.getInitialContext(NamingManager.java:667)
	at javax.naming.InitialContext.getDefaultInitCtx(InitialContext.java:247)
	at javax.naming.InitialContext.init(InitialContext.java:223)
	at javax.naming.InitialContext.&lt;init&gt;(InitialContext.java:175)
	at com.inovis.b2b.lib.service.ServiceLocator.getInitialContext(ServiceLocator.java:206)
	... 18 more
Caused by: java.net.ConnectException: t3://localhost:7001: Destination unreachable; nested exception is: 
	java.net.ConnectException: Connection refused: connect; No available router to destination
	at weblogic.rjvm.RJVMFinder.findOrCreate(RJVMFinder.java:204)
	at weblogic.rjvm.ServerURL.findOrCreateRJVM(ServerURL.java:154)
	at weblogic.jndi.WLInitialContextFactoryDelegate.getInitialContext(WLInitialContextFactoryDelegate.java:349)
	... 26 more
Caused by: java.rmi.ConnectException: Destination unreachable; nested exception is: 
	java.net.ConnectException: Connection refused: connect; No available router to destination
	at weblogic.rjvm.ConnectionManager.bootstrap(ConnectionManager.java:472)
	at weblogic.rjvm.ConnectionManager.bootstrap(ConnectionManager.java:323)
	at weblogic.rjvm.RJVMManager.findOrCreateRemoteInternal(RJVMManager.java:259)
	at weblogic.rjvm.RJVMManager.findOrCreate(RJVMManager.java:202)
	at weblogic.rjvm.RJVMFinder.findOrCreateRemoteServer(RJVMFinder.java:226)
	at weblogic.rjvm.RJVMFinder.findOrCreate(RJVMFinder.java:189)
	... 28 more
</error>
  </testcase>
  <testcase classname="test.com.inovis.b2b.rules.TestRulesManager" name="testCreateRule5" time="2.183">
    <error message="[LIBP-00001] Unable to connect to naming service" type="com.inovis.b2b.lib.service.ServiceUnavailableException">class com.inovis.b2b.lib.service.ServiceUnavailableException: [LIBP-00001] Unable to connect to naming service
	at com.inovis.b2b.lib.service.ServiceLocator.getInitialContext(ServiceLocator.java:214)
	at com.inovis.b2b.lib.service.ServiceLocator.&lt;init&gt;(ServiceLocator.java:183)
	at com.inovis.b2b.lib.service.ServiceLocator.getInstance(ServiceLocator.java:167)
	at com.inovis.b2b.lib.service.ServiceLocator.getInstance(ServiceLocator.java:150)
	at com.inovis.b2b.rules.defs.RulesManagerImp.&lt;init&gt;(RulesManagerImp.java:69)
	at com.inovis.b2b.rules.RulesManager.getManager(RulesManager.java:72)
	at test.com.inovis.b2b.rules.TestRulesManager.setUp(TestRulesManager.java:76)
Caused by: javax.naming.CommunicationException [Root exception is java.net.ConnectException: t3://localhost:7001: Destination unreachable; nested exception is: 
	java.net.ConnectException: Connection refused: connect; No available router to destination]
	at weblogic.jndi.internal.ExceptionTranslator.toNamingException(ExceptionTranslator.java:49)
	at weblogic.jndi.WLInitialContextFactoryDelegate.toNamingException(WLInitialContextFactoryDelegate.java:765)
	at weblogic.jndi.WLInitialContextFactoryDelegate.getInitialContext(WLInitialContextFactoryDelegate.java:364)
	at weblogic.jndi.Environment.getContext(Environment.java:307)
	at weblogic.jndi.Environment.getContext(Environment.java:277)
	at weblogic.jndi.WLInitialContextFactory.getInitialContext(WLInitialContextFactory.java:117)
	at javax.naming.spi.NamingManager.getInitialContext(NamingManager.java:667)
	at javax.naming.InitialContext.getDefaultInitCtx(InitialContext.java:247)
	at javax.naming.InitialContext.init(InitialContext.java:223)
	at javax.naming.InitialContext.&lt;init&gt;(InitialContext.java:175)
	at com.inovis.b2b.lib.service.ServiceLocator.getInitialContext(ServiceLocator.java:206)
	... 18 more
Caused by: java.net.ConnectException: t3://localhost:7001: Destination unreachable; nested exception is: 
	java.net.ConnectException: Connection refused: connect; No available router to destination
	at weblogic.rjvm.RJVMFinder.findOrCreate(RJVMFinder.java:204)
	at weblogic.rjvm.ServerURL.findOrCreateRJVM(ServerURL.java:154)
	at weblogic.jndi.WLInitialContextFactoryDelegate.getInitialContext(WLInitialContextFactoryDelegate.java:349)
	... 26 more
Caused by: java.rmi.ConnectException: Destination unreachable; nested exception is: 
	java.net.ConnectException: Connection refused: connect; No available router to destination
	at weblogic.rjvm.ConnectionManager.bootstrap(ConnectionManager.java:472)
	at weblogic.rjvm.ConnectionManager.bootstrap(ConnectionManager.java:323)
	at weblogic.rjvm.RJVMManager.findOrCreateRemoteInternal(RJVMManager.java:259)
	at weblogic.rjvm.RJVMManager.findOrCreate(RJVMManager.java:202)
	at weblogic.rjvm.RJVMFinder.findOrCreateRemoteServer(RJVMFinder.java:226)
	at weblogic.rjvm.RJVMFinder.findOrCreate(RJVMFinder.java:189)
	... 28 more
</error>
  </testcase>
  <testcase classname="test.com.inovis.b2b.rules.TestRulesManager" name="testPublicRules" time="2.979">
    <error message="[LIBP-00001] Unable to connect to naming service" type="com.inovis.b2b.lib.service.ServiceUnavailableException">class com.inovis.b2b.lib.service.ServiceUnavailableException: [LIBP-00001] Unable to connect to naming service
	at com.inovis.b2b.lib.service.ServiceLocator.getInitialContext(ServiceLocator.java:214)
	at com.inovis.b2b.lib.service.ServiceLocator.&lt;init&gt;(ServiceLocator.java:183)
	at com.inovis.b2b.lib.service.ServiceLocator.getInstance(ServiceLocator.java:167)
	at com.inovis.b2b.lib.service.ServiceLocator.getInstance(ServiceLocator.java:150)
	at com.inovis.b2b.rules.defs.RulesManagerImp.&lt;init&gt;(RulesManagerImp.java:69)
	at com.inovis.b2b.rules.RulesManager.getManager(RulesManager.java:72)
	at test.com.inovis.b2b.rules.TestRulesManager.setUp(TestRulesManager.java:76)
Caused by: javax.naming.CommunicationException [Root exception is java.net.ConnectException: t3://localhost:7001: Destination unreachable; nested exception is: 
	java.net.ConnectException: Connection refused: connect; No available router to destination]
	at weblogic.jndi.internal.ExceptionTranslator.toNamingException(ExceptionTranslator.java:49)
	at weblogic.jndi.WLInitialContextFactoryDelegate.toNamingException(WLInitialContextFactoryDelegate.java:765)
	at weblogic.jndi.WLInitialContextFactoryDelegate.getInitialContext(WLInitialContextFactoryDelegate.java:364)
	at weblogic.jndi.Environment.getContext(Environment.java:307)
	at weblogic.jndi.Environment.getContext(Environment.java:277)
	at weblogic.jndi.WLInitialContextFactory.getInitialContext(WLInitialContextFactory.java:117)
	at javax.naming.spi.NamingManager.getInitialContext(NamingManager.java:667)
	at javax.naming.InitialContext.getDefaultInitCtx(InitialContext.java:247)
	at javax.naming.InitialContext.init(InitialContext.java:223)
	at javax.naming.InitialContext.&lt;init&gt;(InitialContext.java:175)
	at com.inovis.b2b.lib.service.ServiceLocator.getInitialContext(ServiceLocator.java:206)
	... 18 more
Caused by: java.net.ConnectException: t3://localhost:7001: Destination unreachable; nested exception is: 
	java.net.ConnectException: Connection refused: connect; No available router to destination
	at weblogic.rjvm.RJVMFinder.findOrCreate(RJVMFinder.java:204)
	at weblogic.rjvm.ServerURL.findOrCreateRJVM(ServerURL.java:154)
	at weblogic.jndi.WLInitialContextFactoryDelegate.getInitialContext(WLInitialContextFactoryDelegate.java:349)
	... 26 more
Caused by: java.rmi.ConnectException: Destination unreachable; nested exception is: 
	java.net.ConnectException: Connection refused: connect; No available router to destination
	at weblogic.rjvm.ConnectionManager.bootstrap(ConnectionManager.java:472)
	at weblogic.rjvm.ConnectionManager.bootstrap(ConnectionManager.java:323)
	at weblogic.rjvm.RJVMManager.findOrCreateRemoteInternal(RJVMManager.java:259)
	at weblogic.rjvm.RJVMManager.findOrCreate(RJVMManager.java:202)
	at weblogic.rjvm.RJVMFinder.findOrCreateRemoteServer(RJVMFinder.java:226)
	at weblogic.rjvm.RJVMFinder.findOrCreate(RJVMFinder.java:189)
	... 28 more
</error>
  </testcase>
  <testcase classname="test.com.inovis.b2b.rules.TestRulesManager" name="testGetRule1" time="2.776">
    <error message="[LIBP-00001] Unable to connect to naming service" type="com.inovis.b2b.lib.service.ServiceUnavailableException">class com.inovis.b2b.lib.service.ServiceUnavailableException: [LIBP-00001] Unable to connect to naming service
	at com.inovis.b2b.lib.service.ServiceLocator.getInitialContext(ServiceLocator.java:214)
	at com.inovis.b2b.lib.service.ServiceLocator.&lt;init&gt;(ServiceLocator.java:183)
	at com.inovis.b2b.lib.service.ServiceLocator.getInstance(ServiceLocator.java:167)
	at com.inovis.b2b.lib.service.ServiceLocator.getInstance(ServiceLocator.java:150)
	at com.inovis.b2b.rules.defs.RulesManagerImp.&lt;init&gt;(RulesManagerImp.java:69)
	at com.inovis.b2b.rules.RulesManager.getManager(RulesManager.java:72)
	at test.com.inovis.b2b.rules.TestRulesManager.setUp(TestRulesManager.java:76)
Caused by: javax.naming.CommunicationException [Root exception is java.net.ConnectException: t3://localhost:7001: Destination unreachable; nested exception is: 
	java.net.ConnectException: Connection refused: connect; No available router to destination]
	at weblogic.jndi.internal.ExceptionTranslator.toNamingException(ExceptionTranslator.java:49)
	at weblogic.jndi.WLInitialContextFactoryDelegate.toNamingException(WLInitialContextFactoryDelegate.java:765)
	at weblogic.jndi.WLInitialContextFactoryDelegate.getInitialContext(WLInitialContextFactoryDelegate.java:364)
	at weblogic.jndi.Environment.getContext(Environment.java:307)
	at weblogic.jndi.Environment.getContext(Environment.java:277)
	at weblogic.jndi.WLInitialContextFactory.getInitialContext(WLInitialContextFactory.java:117)
	at javax.naming.spi.NamingManager.getInitialContext(NamingManager.java:667)
	at javax.naming.InitialContext.getDefaultInitCtx(InitialContext.java:247)
	at javax.naming.InitialContext.init(InitialContext.java:223)
	at javax.naming.InitialContext.&lt;init&gt;(InitialContext.java:175)
	at com.inovis.b2b.lib.service.ServiceLocator.getInitialContext(ServiceLocator.java:206)
	... 18 more
Caused by: java.net.ConnectException: t3://localhost:7001: Destination unreachable; nested exception is: 
	java.net.ConnectException: Connection refused: connect; No available router to destination
	at weblogic.rjvm.RJVMFinder.findOrCreate(RJVMFinder.java:204)
	at weblogic.rjvm.ServerURL.findOrCreateRJVM(ServerURL.java:154)
	at weblogic.jndi.WLInitialContextFactoryDelegate.getInitialContext(WLInitialContextFactoryDelegate.java:349)
	... 26 more
Caused by: java.rmi.ConnectException: Destination unreachable; nested exception is: 
	java.net.ConnectException: Connection refused: connect; No available router to destination
	at weblogic.rjvm.ConnectionManager.bootstrap(ConnectionManager.java:472)
	at weblogic.rjvm.ConnectionManager.bootstrap(ConnectionManager.java:323)
	at weblogic.rjvm.RJVMManager.findOrCreateRemoteInternal(RJVMManager.java:259)
	at weblogic.rjvm.RJVMManager.findOrCreate(RJVMManager.java:202)
	at weblogic.rjvm.RJVMFinder.findOrCreateRemoteServer(RJVMFinder.java:226)
	at weblogic.rjvm.RJVMFinder.findOrCreate(RJVMFinder.java:189)
	... 28 more
</error>
  </testcase>
  <testcase classname="test.com.inovis.b2b.rules.TestRulesManager" name="testGetRule2" time="2.978">
    <error message="[LIBP-00001] Unable to connect to naming service" type="com.inovis.b2b.lib.service.ServiceUnavailableException">class com.inovis.b2b.lib.service.ServiceUnavailableException: [LIBP-00001] Unable to connect to naming service
	at com.inovis.b2b.lib.service.ServiceLocator.getInitialContext(ServiceLocator.java:214)
	at com.inovis.b2b.lib.service.ServiceLocator.&lt;init&gt;(ServiceLocator.java:183)
	at com.inovis.b2b.lib.service.ServiceLocator.getInstance(ServiceLocator.java:167)
	at com.inovis.b2b.lib.service.ServiceLocator.getInstance(ServiceLocator.java:150)
	at com.inovis.b2b.rules.defs.RulesManagerImp.&lt;init&gt;(RulesManagerImp.java:69)
	at com.inovis.b2b.rules.RulesManager.getManager(RulesManager.java:72)
	at test.com.inovis.b2b.rules.TestRulesManager.setUp(TestRulesManager.java:76)
Caused by: javax.naming.CommunicationException [Root exception is java.net.ConnectException: t3://localhost:7001: Destination unreachable; nested exception is: 
	java.net.ConnectException: Connection refused: connect; No available router to destination]
	at weblogic.jndi.internal.ExceptionTranslator.toNamingException(ExceptionTranslator.java:49)
	at weblogic.jndi.WLInitialContextFactoryDelegate.toNamingException(WLInitialContextFactoryDelegate.java:765)
	at weblogic.jndi.WLInitialContextFactoryDelegate.getInitialContext(WLInitialContextFactoryDelegate.java:364)
	at weblogic.jndi.Environment.getContext(Environment.java:307)
	at weblogic.jndi.Environment.getContext(Environment.java:277)
	at weblogic.jndi.WLInitialContextFactory.getInitialContext(WLInitialContextFactory.java:117)
	at javax.naming.spi.NamingManager.getInitialContext(NamingManager.java:667)
	at javax.naming.InitialContext.getDefaultInitCtx(InitialContext.java:247)
	at javax.naming.InitialContext.init(InitialContext.java:223)
	at javax.naming.InitialContext.&lt;init&gt;(InitialContext.java:175)
	at com.inovis.b2b.lib.service.ServiceLocator.getInitialContext(ServiceLocator.java:206)
	... 18 more
Caused by: java.net.ConnectException: t3://localhost:7001: Destination unreachable; nested exception is: 
	java.net.ConnectException: Connection refused: connect; No available router to destination
	at weblogic.rjvm.RJVMFinder.findOrCreate(RJVMFinder.java:204)
	at weblogic.rjvm.ServerURL.findOrCreateRJVM(ServerURL.java:154)
	at weblogic.jndi.WLInitialContextFactoryDelegate.getInitialContext(WLInitialContextFactoryDelegate.java:349)
	... 26 more
Caused by: java.rmi.ConnectException: Destination unreachable; nested exception is: 
	java.net.ConnectException: Connection refused: connect; No available router to destination
	at weblogic.rjvm.ConnectionManager.bootstrap(ConnectionManager.java:472)
	at weblogic.rjvm.ConnectionManager.bootstrap(ConnectionManager.java:323)
	at weblogic.rjvm.RJVMManager.findOrCreateRemoteInternal(RJVMManager.java:259)
	at weblogic.rjvm.RJVMManager.findOrCreate(RJVMManager.java:202)
	at weblogic.rjvm.RJVMFinder.findOrCreateRemoteServer(RJVMFinder.java:226)
	at weblogic.rjvm.RJVMFinder.findOrCreate(RJVMFinder.java:189)
	... 28 more
</error>
  </testcase>
  <testcase classname="test.com.inovis.b2b.rules.TestRulesManager" name="testGetRules1" time="2.573">
    <error message="[LIBP-00001] Unable to connect to naming service" type="com.inovis.b2b.lib.service.ServiceUnavailableException">class com.inovis.b2b.lib.service.ServiceUnavailableException: [LIBP-00001] Unable to connect to naming service
	at com.inovis.b2b.lib.service.ServiceLocator.getInitialContext(ServiceLocator.java:214)
	at com.inovis.b2b.lib.service.ServiceLocator.&lt;init&gt;(ServiceLocator.java:183)
	at com.inovis.b2b.lib.service.ServiceLocator.getInstance(ServiceLocator.java:167)
	at com.inovis.b2b.lib.service.ServiceLocator.getInstance(ServiceLocator.java:150)
	at com.inovis.b2b.rules.defs.RulesManagerImp.&lt;init&gt;(RulesManagerImp.java:69)
	at com.inovis.b2b.rules.RulesManager.getManager(RulesManager.java:72)
	at test.com.inovis.b2b.rules.TestRulesManager.setUp(TestRulesManager.java:76)
Caused by: javax.naming.CommunicationException [Root exception is java.net.ConnectException: t3://localhost:7001: Destination unreachable; nested exception is: 
	java.net.ConnectException: Connection refused: connect; No available router to destination]
	at weblogic.jndi.internal.ExceptionTranslator.toNamingException(ExceptionTranslator.java:49)
	at weblogic.jndi.WLInitialContextFactoryDelegate.toNamingException(WLInitialContextFactoryDelegate.java:765)
	at weblogic.jndi.WLInitialContextFactoryDelegate.getInitialContext(WLInitialContextFactoryDelegate.java:364)
	at weblogic.jndi.Environment.getContext(Environment.java:307)
	at weblogic.jndi.Environment.getContext(Environment.java:277)
	at weblogic.jndi.WLInitialContextFactory.getInitialContext(WLInitialContextFactory.java:117)
	at javax.naming.spi.NamingManager.getInitialContext(NamingManager.java:667)
	at javax.naming.InitialContext.getDefaultInitCtx(InitialContext.java:247)
	at javax.naming.InitialContext.init(InitialContext.java:223)
	at javax.naming.InitialContext.&lt;init&gt;(InitialContext.java:175)
	at com.inovis.b2b.lib.service.ServiceLocator.getInitialContext(ServiceLocator.java:206)
	... 18 more
Caused by: java.net.ConnectException: t3://localhost:7001: Destination unreachable; nested exception is: 
	java.net.ConnectException: Connection refused: connect; No available router to destination
	at weblogic.rjvm.RJVMFinder.findOrCreate(RJVMFinder.java:204)
	at weblogic.rjvm.ServerURL.findOrCreateRJVM(ServerURL.java:154)
	at weblogic.jndi.WLInitialContextFactoryDelegate.getInitialContext(WLInitialContextFactoryDelegate.java:349)
	... 26 more
Caused by: java.rmi.ConnectException: Destination unreachable; nested exception is: 
	java.net.ConnectException: Connection refused: connect; No available router to destination
	at weblogic.rjvm.ConnectionManager.bootstrap(ConnectionManager.java:472)
	at weblogic.rjvm.ConnectionManager.bootstrap(ConnectionManager.java:323)
	at weblogic.rjvm.RJVMManager.findOrCreateRemoteInternal(RJVMManager.java:259)
	at weblogic.rjvm.RJVMManager.findOrCreate(RJVMManager.java:202)
	at weblogic.rjvm.RJVMFinder.findOrCreateRemoteServer(RJVMFinder.java:226)
	at weblogic.rjvm.RJVMFinder.findOrCreate(RJVMFinder.java:189)
	... 28 more
</error>
  </testcase>
  <testcase classname="test.com.inovis.b2b.rules.TestRulesManager" name="testGetRules2" time="2.87">
    <error message="[LIBP-00001] Unable to connect to naming service" type="com.inovis.b2b.lib.service.ServiceUnavailableException">class com.inovis.b2b.lib.service.ServiceUnavailableException: [LIBP-00001] Unable to connect to naming service
	at com.inovis.b2b.lib.service.ServiceLocator.getInitialContext(ServiceLocator.java:214)
	at com.inovis.b2b.lib.service.ServiceLocator.&lt;init&gt;(ServiceLocator.java:183)
	at com.inovis.b2b.lib.service.ServiceLocator.getInstance(ServiceLocator.java:167)
	at com.inovis.b2b.lib.service.ServiceLocator.getInstance(ServiceLocator.java:150)
	at com.inovis.b2b.rules.defs.RulesManagerImp.&lt;init&gt;(RulesManagerImp.java:69)
	at com.inovis.b2b.rules.RulesManager.getManager(RulesManager.java:72)
	at test.com.inovis.b2b.rules.TestRulesManager.setUp(TestRulesManager.java:76)
Caused by: javax.naming.CommunicationException [Root exception is java.net.ConnectException: t3://localhost:7001: Destination unreachable; nested exception is: 
	java.net.ConnectException: Connection refused: connect; No available router to destination]
	at weblogic.jndi.internal.ExceptionTranslator.toNamingException(ExceptionTranslator.java:49)
	at weblogic.jndi.WLInitialContextFactoryDelegate.toNamingException(WLInitialContextFactoryDelegate.java:765)
	at weblogic.jndi.WLInitialContextFactoryDelegate.getInitialContext(WLInitialContextFactoryDelegate.java:364)
	at weblogic.jndi.Environment.getContext(Environment.java:307)
	at weblogic.jndi.Environment.getContext(Environment.java:277)
	at weblogic.jndi.WLInitialContextFactory.getInitialContext(WLInitialContextFactory.java:117)
	at javax.naming.spi.NamingManager.getInitialContext(NamingManager.java:667)
	at javax.naming.InitialContext.getDefaultInitCtx(InitialContext.java:247)
	at javax.naming.InitialContext.init(InitialContext.java:223)
	at javax.naming.InitialContext.&lt;init&gt;(InitialContext.java:175)
	at com.inovis.b2b.lib.service.ServiceLocator.getInitialContext(ServiceLocator.java:206)
	... 18 more
Caused by: java.net.ConnectException: t3://localhost:7001: Destination unreachable; nested exception is: 
	java.net.ConnectException: Connection refused: connect; No available router to destination
	at weblogic.rjvm.RJVMFinder.findOrCreate(RJVMFinder.java:204)
	at weblogic.rjvm.ServerURL.findOrCreateRJVM(ServerURL.java:154)
	at weblogic.jndi.WLInitialContextFactoryDelegate.getInitialContext(WLInitialContextFactoryDelegate.java:349)
	... 26 more
Caused by: java.rmi.ConnectException: Destination unreachable; nested exception is: 
	java.net.ConnectException: Connection refused: connect; No available router to destination
	at weblogic.rjvm.ConnectionManager.bootstrap(ConnectionManager.java:472)
	at weblogic.rjvm.ConnectionManager.bootstrap(ConnectionManager.java:323)
	at weblogic.rjvm.RJVMManager.findOrCreateRemoteInternal(RJVMManager.java:259)
	at weblogic.rjvm.RJVMManager.findOrCreate(RJVMManager.java:202)
	at weblogic.rjvm.RJVMFinder.findOrCreateRemoteServer(RJVMFinder.java:226)
	at weblogic.rjvm.RJVMFinder.findOrCreate(RJVMFinder.java:189)
	... 28 more
</error>
  </testcase>
  <testcase classname="test.com.inovis.b2b.rules.TestRulesManager" name="testGetRules3" time="2.183">
    <error message="[LIBP-00001] Unable to connect to naming service" type="com.inovis.b2b.lib.service.ServiceUnavailableException">class com.inovis.b2b.lib.service.ServiceUnavailableException: [LIBP-00001] Unable to connect to naming service
	at com.inovis.b2b.lib.service.ServiceLocator.getInitialContext(ServiceLocator.java:214)
	at com.inovis.b2b.lib.service.ServiceLocator.&lt;init&gt;(ServiceLocator.java:183)
	at com.inovis.b2b.lib.service.ServiceLocator.getInstance(ServiceLocator.java:167)
	at com.inovis.b2b.lib.service.ServiceLocator.getInstance(ServiceLocator.java:150)
	at com.inovis.b2b.rules.defs.RulesManagerImp.&lt;init&gt;(RulesManagerImp.java:69)
	at com.inovis.b2b.rules.RulesManager.getManager(RulesManager.java:72)
	at test.com.inovis.b2b.rules.TestRulesManager.setUp(TestRulesManager.java:76)
Caused by: javax.naming.CommunicationException [Root exception is java.net.ConnectException: t3://localhost:7001: Destination unreachable; nested exception is: 
	java.net.ConnectException: Connection refused: connect; No available router to destination]
	at weblogic.jndi.internal.ExceptionTranslator.toNamingException(ExceptionTranslator.java:49)
	at weblogic.jndi.WLInitialContextFactoryDelegate.toNamingException(WLInitialContextFactoryDelegate.java:765)
	at weblogic.jndi.WLInitialContextFactoryDelegate.getInitialContext(WLInitialContextFactoryDelegate.java:364)
	at weblogic.jndi.Environment.getContext(Environment.java:307)
	at weblogic.jndi.Environment.getContext(Environment.java:277)
	at weblogic.jndi.WLInitialContextFactory.getInitialContext(WLInitialContextFactory.java:117)
	at javax.naming.spi.NamingManager.getInitialContext(NamingManager.java:667)
	at javax.naming.InitialContext.getDefaultInitCtx(InitialContext.java:247)
	at javax.naming.InitialContext.init(InitialContext.java:223)
	at javax.naming.InitialContext.&lt;init&gt;(InitialContext.java:175)
	at com.inovis.b2b.lib.service.ServiceLocator.getInitialContext(ServiceLocator.java:206)
	... 18 more
Caused by: java.net.ConnectException: t3://localhost:7001: Destination unreachable; nested exception is: 
	java.net.ConnectException: Connection refused: connect; No available router to destination
	at weblogic.rjvm.RJVMFinder.findOrCreate(RJVMFinder.java:204)
	at weblogic.rjvm.ServerURL.findOrCreateRJVM(ServerURL.java:154)
	at weblogic.jndi.WLInitialContextFactoryDelegate.getInitialContext(WLInitialContextFactoryDelegate.java:349)
	... 26 more
Caused by: java.rmi.ConnectException: Destination unreachable; nested exception is: 
	java.net.ConnectException: Connection refused: connect; No available router to destination
	at weblogic.rjvm.ConnectionManager.bootstrap(ConnectionManager.java:472)
	at weblogic.rjvm.ConnectionManager.bootstrap(ConnectionManager.java:323)
	at weblogic.rjvm.RJVMManager.findOrCreateRemoteInternal(RJVMManager.java:259)
	at weblogic.rjvm.RJVMManager.findOrCreate(RJVMManager.java:202)
	at weblogic.rjvm.RJVMFinder.findOrCreateRemoteServer(RJVMFinder.java:226)
	at weblogic.rjvm.RJVMFinder.findOrCreate(RJVMFinder.java:189)
	... 28 more
</error>
  </testcase>
  <testcase classname="test.com.inovis.b2b.rules.TestRulesManager" name="testCreateRuleInstance1" time="2.058">
    <error message="[LIBP-00001] Unable to connect to naming service" type="com.inovis.b2b.lib.service.ServiceUnavailableException">class com.inovis.b2b.lib.service.ServiceUnavailableException: [LIBP-00001] Unable to connect to naming service
	at com.inovis.b2b.lib.service.ServiceLocator.getInitialContext(ServiceLocator.java:214)
	at com.inovis.b2b.lib.service.ServiceLocator.&lt;init&gt;(ServiceLocator.java:183)
	at com.inovis.b2b.lib.service.ServiceLocator.getInstance(ServiceLocator.java:167)
	at com.inovis.b2b.lib.service.ServiceLocator.getInstance(ServiceLocator.java:150)
	at com.inovis.b2b.rules.defs.RulesManagerImp.&lt;init&gt;(RulesManagerImp.java:69)
	at com.inovis.b2b.rules.RulesManager.getManager(RulesManager.java:72)
	at test.com.inovis.b2b.rules.TestRulesManager.setUp(TestRulesManager.java:76)
Caused by: javax.naming.CommunicationException [Root exception is java.net.ConnectException: t3://localhost:7001: Destination unreachable; nested exception is: 
	java.net.ConnectException: Connection refused: connect; No available router to destination]
	at weblogic.jndi.internal.ExceptionTranslator.toNamingException(ExceptionTranslator.java:49)
	at weblogic.jndi.WLInitialContextFactoryDelegate.toNamingException(WLInitialContextFactoryDelegate.java:765)
	at weblogic.jndi.WLInitialContextFactoryDelegate.getInitialContext(WLInitialContextFactoryDelegate.java:364)
	at weblogic.jndi.Environment.getContext(Environment.java:307)
	at weblogic.jndi.Environment.getContext(Environment.java:277)
	at weblogic.jndi.WLInitialContextFactory.getInitialContext(WLInitialContextFactory.java:117)
	at javax.naming.spi.NamingManager.getInitialContext(NamingManager.java:667)
	at javax.naming.InitialContext.getDefaultInitCtx(InitialContext.java:247)
	at javax.naming.InitialContext.init(InitialContext.java:223)
	at javax.naming.InitialContext.&lt;init&gt;(InitialContext.java:175)
	at com.inovis.b2b.lib.service.ServiceLocator.getInitialContext(ServiceLocator.java:206)
	... 18 more
Caused by: java.net.ConnectException: t3://localhost:7001: Destination unreachable; nested exception is: 
	java.net.ConnectException: Connection refused: connect; No available router to destination
	at weblogic.rjvm.RJVMFinder.findOrCreate(RJVMFinder.java:204)
	at weblogic.rjvm.ServerURL.findOrCreateRJVM(ServerURL.java:154)
	at weblogic.jndi.WLInitialContextFactoryDelegate.getInitialContext(WLInitialContextFactoryDelegate.java:349)
	... 26 more
Caused by: java.rmi.ConnectException: Destination unreachable; nested exception is: 
	java.net.ConnectException: Connection refused: connect; No available router to destination
	at weblogic.rjvm.ConnectionManager.bootstrap(ConnectionManager.java:472)
	at weblogic.rjvm.ConnectionManager.bootstrap(ConnectionManager.java:323)
	at weblogic.rjvm.RJVMManager.findOrCreateRemoteInternal(RJVMManager.java:259)
	at weblogic.rjvm.RJVMManager.findOrCreate(RJVMManager.java:202)
	at weblogic.rjvm.RJVMFinder.findOrCreateRemoteServer(RJVMFinder.java:226)
	at weblogic.rjvm.RJVMFinder.findOrCreate(RJVMFinder.java:189)
	... 28 more
</error>
  </testcase>
  <testcase classname="test.com.inovis.b2b.rules.TestRulesManager" name="testCreateRuleInstance2" time="2.979">
    <error message="[LIBP-00001] Unable to connect to naming service" type="com.inovis.b2b.lib.service.ServiceUnavailableException">class com.inovis.b2b.lib.service.ServiceUnavailableException: [LIBP-00001] Unable to connect to naming service
	at com.inovis.b2b.lib.service.ServiceLocator.getInitialContext(ServiceLocator.java:214)
	at com.inovis.b2b.lib.service.ServiceLocator.&lt;init&gt;(ServiceLocator.java:183)
	at com.inovis.b2b.lib.service.ServiceLocator.getInstance(ServiceLocator.java:167)
	at com.inovis.b2b.lib.service.ServiceLocator.getInstance(ServiceLocator.java:150)
	at com.inovis.b2b.rules.defs.RulesManagerImp.&lt;init&gt;(RulesManagerImp.java:69)
	at com.inovis.b2b.rules.RulesManager.getManager(RulesManager.java:72)
	at test.com.inovis.b2b.rules.TestRulesManager.setUp(TestRulesManager.java:76)
Caused by: javax.naming.CommunicationException [Root exception is java.net.ConnectException: t3://localhost:7001: Destination unreachable; nested exception is: 
	java.net.ConnectException: Connection refused: connect; No available router to destination]
	at weblogic.jndi.internal.ExceptionTranslator.toNamingException(ExceptionTranslator.java:49)
	at weblogic.jndi.WLInitialContextFactoryDelegate.toNamingException(WLInitialContextFactoryDelegate.java:765)
	at weblogic.jndi.WLInitialContextFactoryDelegate.getInitialContext(WLInitialContextFactoryDelegate.java:364)
	at weblogic.jndi.Environment.getContext(Environment.java:307)
	at weblogic.jndi.Environment.getContext(Environment.java:277)
	at weblogic.jndi.WLInitialContextFactory.getInitialContext(WLInitialContextFactory.java:117)
	at javax.naming.spi.NamingManager.getInitialContext(NamingManager.java:667)
	at javax.naming.InitialContext.getDefaultInitCtx(InitialContext.java:247)
	at javax.naming.InitialContext.init(InitialContext.java:223)
	at javax.naming.InitialContext.&lt;init&gt;(InitialContext.java:175)
	at com.inovis.b2b.lib.service.ServiceLocator.getInitialContext(ServiceLocator.java:206)
	... 18 more
Caused by: java.net.ConnectException: t3://localhost:7001: Destination unreachable; nested exception is: 
	java.net.ConnectException: Connection refused: connect; No available router to destination
	at weblogic.rjvm.RJVMFinder.findOrCreate(RJVMFinder.java:204)
	at weblogic.rjvm.ServerURL.findOrCreateRJVM(ServerURL.java:154)
	at weblogic.jndi.WLInitialContextFactoryDelegate.getInitialContext(WLInitialContextFactoryDelegate.java:349)
	... 26 more
Caused by: java.rmi.ConnectException: Destination unreachable; nested exception is: 
	java.net.ConnectException: Connection refused: connect; No available router to destination
	at weblogic.rjvm.ConnectionManager.bootstrap(ConnectionManager.java:472)
	at weblogic.rjvm.ConnectionManager.bootstrap(ConnectionManager.java:323)
	at weblogic.rjvm.RJVMManager.findOrCreateRemoteInternal(RJVMManager.java:259)
	at weblogic.rjvm.RJVMManager.findOrCreate(RJVMManager.java:202)
	at weblogic.rjvm.RJVMFinder.findOrCreateRemoteServer(RJVMFinder.java:226)
	at weblogic.rjvm.RJVMFinder.findOrCreate(RJVMFinder.java:189)
	... 28 more
</error>
  </testcase>
  <testcase classname="test.com.inovis.b2b.rules.TestRulesManager" name="testGetRuleInstances1" time="2.355">
    <error message="[LIBP-00001] Unable to connect to naming service" type="com.inovis.b2b.lib.service.ServiceUnavailableException">class com.inovis.b2b.lib.service.ServiceUnavailableException: [LIBP-00001] Unable to connect to naming service
	at com.inovis.b2b.lib.service.ServiceLocator.getInitialContext(ServiceLocator.java:214)
	at com.inovis.b2b.lib.service.ServiceLocator.&lt;init&gt;(ServiceLocator.java:183)
	at com.inovis.b2b.lib.service.ServiceLocator.getInstance(ServiceLocator.java:167)
	at com.inovis.b2b.lib.service.ServiceLocator.getInstance(ServiceLocator.java:150)
	at com.inovis.b2b.rules.defs.RulesManagerImp.&lt;init&gt;(RulesManagerImp.java:69)
	at com.inovis.b2b.rules.RulesManager.getManager(RulesManager.java:72)
	at test.com.inovis.b2b.rules.TestRulesManager.setUp(TestRulesManager.java:76)
Caused by: javax.naming.CommunicationException [Root exception is java.net.ConnectException: t3://localhost:7001: Destination unreachable; nested exception is: 
	java.net.ConnectException: Connection refused: connect; No available router to destination]
	at weblogic.jndi.internal.ExceptionTranslator.toNamingException(ExceptionTranslator.java:49)
	at weblogic.jndi.WLInitialContextFactoryDelegate.toNamingException(WLInitialContextFactoryDelegate.java:765)
	at weblogic.jndi.WLInitialContextFactoryDelegate.getInitialContext(WLInitialContextFactoryDelegate.java:364)
	at weblogic.jndi.Environment.getContext(Environment.java:307)
	at weblogic.jndi.Environment.getContext(Environment.java:277)
	at weblogic.jndi.WLInitialContextFactory.getInitialContext(WLInitialContextFactory.java:117)
	at javax.naming.spi.NamingManager.getInitialContext(NamingManager.java:667)
	at javax.naming.InitialContext.getDefaultInitCtx(InitialContext.java:247)
	at javax.naming.InitialContext.init(InitialContext.java:223)
	at javax.naming.InitialContext.&lt;init&gt;(InitialContext.java:175)
	at com.inovis.b2b.lib.service.ServiceLocator.getInitialContext(ServiceLocator.java:206)
	... 18 more
Caused by: java.net.ConnectException: t3://localhost:7001: Destination unreachable; nested exception is: 
	java.net.ConnectException: Connection refused: connect; No available router to destination
	at weblogic.rjvm.RJVMFinder.findOrCreate(RJVMFinder.java:204)
	at weblogic.rjvm.ServerURL.findOrCreateRJVM(ServerURL.java:154)
	at weblogic.jndi.WLInitialContextFactoryDelegate.getInitialContext(WLInitialContextFactoryDelegate.java:349)
	... 26 more
Caused by: java.rmi.ConnectException: Destination unreachable; nested exception is: 
	java.net.ConnectException: Connection refused: connect; No available router to destination
	at weblogic.rjvm.ConnectionManager.bootstrap(ConnectionManager.java:472)
	at weblogic.rjvm.ConnectionManager.bootstrap(ConnectionManager.java:323)
	at weblogic.rjvm.RJVMManager.findOrCreateRemoteInternal(RJVMManager.java:259)
	at weblogic.rjvm.RJVMManager.findOrCreate(RJVMManager.java:202)
	at weblogic.rjvm.RJVMFinder.findOrCreateRemoteServer(RJVMFinder.java:226)
	at weblogic.rjvm.RJVMFinder.findOrCreate(RJVMFinder.java:189)
	... 28 more
</error>
  </testcase>
  <testcase classname="test.com.inovis.b2b.rules.TestRulesManager" name="testGetRuleInstances2" time="2.588">
    <error message="[LIBP-00001] Unable to connect to naming service" type="com.inovis.b2b.lib.service.ServiceUnavailableException">class com.inovis.b2b.lib.service.ServiceUnavailableException: [LIBP-00001] Unable to connect to naming service
	at com.inovis.b2b.lib.service.ServiceLocator.getInitialContext(ServiceLocator.java:214)
	at com.inovis.b2b.lib.service.ServiceLocator.&lt;init&gt;(ServiceLocator.java:183)
	at com.inovis.b2b.lib.service.ServiceLocator.getInstance(ServiceLocator.java:167)
	at com.inovis.b2b.lib.service.ServiceLocator.getInstance(ServiceLocator.java:150)
	at com.inovis.b2b.rules.defs.RulesManagerImp.&lt;init&gt;(RulesManagerImp.java:69)
	at com.inovis.b2b.rules.RulesManager.getManager(RulesManager.java:72)
	at test.com.inovis.b2b.rules.TestRulesManager.setUp(TestRulesManager.java:76)
Caused by: javax.naming.CommunicationException [Root exception is java.net.ConnectException: t3://localhost:7001: Destination unreachable; nested exception is: 
	java.net.ConnectException: Connection refused: connect; No available router to destination]
	at weblogic.jndi.internal.ExceptionTranslator.toNamingException(ExceptionTranslator.java:49)
	at weblogic.jndi.WLInitialContextFactoryDelegate.toNamingException(WLInitialContextFactoryDelegate.java:765)
	at weblogic.jndi.WLInitialContextFactoryDelegate.getInitialContext(WLInitialContextFactoryDelegate.java:364)
	at weblogic.jndi.Environment.getContext(Environment.java:307)
	at weblogic.jndi.Environment.getContext(Environment.java:277)
	at weblogic.jndi.WLInitialContextFactory.getInitialContext(WLInitialContextFactory.java:117)
	at javax.naming.spi.NamingManager.getInitialContext(NamingManager.java:667)
	at javax.naming.InitialContext.getDefaultInitCtx(InitialContext.java:247)
	at javax.naming.InitialContext.init(InitialContext.java:223)
	at javax.naming.InitialContext.&lt;init&gt;(InitialContext.java:175)
	at com.inovis.b2b.lib.service.ServiceLocator.getInitialContext(ServiceLocator.java:206)
	... 18 more
Caused by: java.net.ConnectException: t3://localhost:7001: Destination unreachable; nested exception is: 
	java.net.ConnectException: Connection refused: connect; No available router to destination
	at weblogic.rjvm.RJVMFinder.findOrCreate(RJVMFinder.java:204)
	at weblogic.rjvm.ServerURL.findOrCreateRJVM(ServerURL.java:154)
	at weblogic.jndi.WLInitialContextFactoryDelegate.getInitialContext(WLInitialContextFactoryDelegate.java:349)
	... 26 more
Caused by: java.rmi.ConnectException: Destination unreachable; nested exception is: 
	java.net.ConnectException: Connection refused: connect; No available router to destination
	at weblogic.rjvm.ConnectionManager.bootstrap(ConnectionManager.java:472)
	at weblogic.rjvm.ConnectionManager.bootstrap(ConnectionManager.java:323)
	at weblogic.rjvm.RJVMManager.findOrCreateRemoteInternal(RJVMManager.java:259)
	at weblogic.rjvm.RJVMManager.findOrCreate(RJVMManager.java:202)
	at weblogic.rjvm.RJVMFinder.findOrCreateRemoteServer(RJVMFinder.java:226)
	at weblogic.rjvm.RJVMFinder.findOrCreate(RJVMFinder.java:189)
	... 28 more
</error>
  </testcase>
  <testcase classname="test.com.inovis.b2b.rules.TestRulesManager" name="testGetRuleInstance1" time="2.262">
    <error message="[LIBP-00001] Unable to connect to naming service" type="com.inovis.b2b.lib.service.ServiceUnavailableException">class com.inovis.b2b.lib.service.ServiceUnavailableException: [LIBP-00001] Unable to connect to naming service
	at com.inovis.b2b.lib.service.ServiceLocator.getInitialContext(ServiceLocator.java:214)
	at com.inovis.b2b.lib.service.ServiceLocator.&lt;init&gt;(ServiceLocator.java:183)
	at com.inovis.b2b.lib.service.ServiceLocator.getInstance(ServiceLocator.java:167)
	at com.inovis.b2b.lib.service.ServiceLocator.getInstance(ServiceLocator.java:150)
	at com.inovis.b2b.rules.defs.RulesManagerImp.&lt;init&gt;(RulesManagerImp.java:69)
	at com.inovis.b2b.rules.RulesManager.getManager(RulesManager.java:72)
	at test.com.inovis.b2b.rules.TestRulesManager.setUp(TestRulesManager.java:76)
Caused by: javax.naming.CommunicationException [Root exception is java.net.ConnectException: t3://localhost:7001: Destination unreachable; nested exception is: 
	java.net.ConnectException: Connection refused: connect; No available router to destination]
	at weblogic.jndi.internal.ExceptionTranslator.toNamingException(ExceptionTranslator.java:49)
	at weblogic.jndi.WLInitialContextFactoryDelegate.toNamingException(WLInitialContextFactoryDelegate.java:765)
	at weblogic.jndi.WLInitialContextFactoryDelegate.getInitialContext(WLInitialContextFactoryDelegate.java:364)
	at weblogic.jndi.Environment.getContext(Environment.java:307)
	at weblogic.jndi.Environment.getContext(Environment.java:277)
	at weblogic.jndi.WLInitialContextFactory.getInitialContext(WLInitialContextFactory.java:117)
	at javax.naming.spi.NamingManager.getInitialContext(NamingManager.java:667)
	at javax.naming.InitialContext.getDefaultInitCtx(InitialContext.java:247)
	at javax.naming.InitialContext.init(InitialContext.java:223)
	at javax.naming.InitialContext.&lt;init&gt;(InitialContext.java:175)
	at com.inovis.b2b.lib.service.ServiceLocator.getInitialContext(ServiceLocator.java:206)
	... 18 more
Caused by: java.net.ConnectException: t3://localhost:7001: Destination unreachable; nested exception is: 
	java.net.ConnectException: Connection refused: connect; No available router to destination
	at weblogic.rjvm.RJVMFinder.findOrCreate(RJVMFinder.java:204)
	at weblogic.rjvm.ServerURL.findOrCreateRJVM(ServerURL.java:154)
	at weblogic.jndi.WLInitialContextFactoryDelegate.getInitialContext(WLInitialContextFactoryDelegate.java:349)
	... 26 more
Caused by: java.rmi.ConnectException: Destination unreachable; nested exception is: 
	java.net.ConnectException: Connection refused: connect; No available router to destination
	at weblogic.rjvm.ConnectionManager.bootstrap(ConnectionManager.java:472)
	at weblogic.rjvm.ConnectionManager.bootstrap(ConnectionManager.java:323)
	at weblogic.rjvm.RJVMManager.findOrCreateRemoteInternal(RJVMManager.java:259)
	at weblogic.rjvm.RJVMManager.findOrCreate(RJVMManager.java:202)
	at weblogic.rjvm.RJVMFinder.findOrCreateRemoteServer(RJVMFinder.java:226)
	at weblogic.rjvm.RJVMFinder.findOrCreate(RJVMFinder.java:189)
	... 28 more
</error>
  </testcase>
  <testcase classname="test.com.inovis.b2b.rules.TestRulesManager" name="testGetRuleInstance2" time="2.869">
    <error message="[LIBP-00001] Unable to connect to naming service" type="com.inovis.b2b.lib.service.ServiceUnavailableException">class com.inovis.b2b.lib.service.ServiceUnavailableException: [LIBP-00001] Unable to connect to naming service
	at com.inovis.b2b.lib.service.ServiceLocator.getInitialContext(ServiceLocator.java:214)
	at com.inovis.b2b.lib.service.ServiceLocator.&lt;init&gt;(ServiceLocator.java:183)
	at com.inovis.b2b.lib.service.ServiceLocator.getInstance(ServiceLocator.java:167)
	at com.inovis.b2b.lib.service.ServiceLocator.getInstance(ServiceLocator.java:150)
	at com.inovis.b2b.rules.defs.RulesManagerImp.&lt;init&gt;(RulesManagerImp.java:69)
	at com.inovis.b2b.rules.RulesManager.getManager(RulesManager.java:72)
	at test.com.inovis.b2b.rules.TestRulesManager.setUp(TestRulesManager.java:76)
Caused by: javax.naming.CommunicationException [Root exception is java.net.ConnectException: t3://localhost:7001: Destination unreachable; nested exception is: 
	java.net.ConnectException: Connection refused: connect; No available router to destination]
	at weblogic.jndi.internal.ExceptionTranslator.toNamingException(ExceptionTranslator.java:49)
	at weblogic.jndi.WLInitialContextFactoryDelegate.toNamingException(WLInitialContextFactoryDelegate.java:765)
	at weblogic.jndi.WLInitialContextFactoryDelegate.getInitialContext(WLInitialContextFactoryDelegate.java:364)
	at weblogic.jndi.Environment.getContext(Environment.java:307)
	at weblogic.jndi.Environment.getContext(Environment.java:277)
	at weblogic.jndi.WLInitialContextFactory.getInitialContext(WLInitialContextFactory.java:117)
	at javax.naming.spi.NamingManager.getInitialContext(NamingManager.java:667)
	at javax.naming.InitialContext.getDefaultInitCtx(InitialContext.java:247)
	at javax.naming.InitialContext.init(InitialContext.java:223)
	at javax.naming.InitialContext.&lt;init&gt;(InitialContext.java:175)
	at com.inovis.b2b.lib.service.ServiceLocator.getInitialContext(ServiceLocator.java:206)
	... 18 more
Caused by: java.net.ConnectException: t3://localhost:7001: Destination unreachable; nested exception is: 
	java.net.ConnectException: Connection refused: connect; No available router to destination
	at weblogic.rjvm.RJVMFinder.findOrCreate(RJVMFinder.java:204)
	at weblogic.rjvm.ServerURL.findOrCreateRJVM(ServerURL.java:154)
	at weblogic.jndi.WLInitialContextFactoryDelegate.getInitialContext(WLInitialContextFactoryDelegate.java:349)
	... 26 more
Caused by: java.rmi.ConnectException: Destination unreachable; nested exception is: 
	java.net.ConnectException: Connection refused: connect; No available router to destination
	at weblogic.rjvm.ConnectionManager.bootstrap(ConnectionManager.java:472)
	at weblogic.rjvm.ConnectionManager.bootstrap(ConnectionManager.java:323)
	at weblogic.rjvm.RJVMManager.findOrCreateRemoteInternal(RJVMManager.java:259)
	at weblogic.rjvm.RJVMManager.findOrCreate(RJVMManager.java:202)
	at weblogic.rjvm.RJVMFinder.findOrCreateRemoteServer(RJVMFinder.java:226)
	at weblogic.rjvm.RJVMFinder.findOrCreate(RJVMFinder.java:189)
	... 28 more
</error>
  </testcase>
  <testcase classname="test.com.inovis.b2b.rules.TestRulesManager" name="testSaveRuleInstance" time="2.09">
    <error message="[LIBP-00001] Unable to connect to naming service" type="com.inovis.b2b.lib.service.ServiceUnavailableException">class com.inovis.b2b.lib.service.ServiceUnavailableException: [LIBP-00001] Unable to connect to naming service
	at com.inovis.b2b.lib.service.ServiceLocator.getInitialContext(ServiceLocator.java:214)
	at com.inovis.b2b.lib.service.ServiceLocator.&lt;init&gt;(ServiceLocator.java:183)
	at com.inovis.b2b.lib.service.ServiceLocator.getInstance(ServiceLocator.java:167)
	at com.inovis.b2b.lib.service.ServiceLocator.getInstance(ServiceLocator.java:150)
	at com.inovis.b2b.rules.defs.RulesManagerImp.&lt;init&gt;(RulesManagerImp.java:69)
	at com.inovis.b2b.rules.RulesManager.getManager(RulesManager.java:72)
	at test.com.inovis.b2b.rules.TestRulesManager.setUp(TestRulesManager.java:76)
Caused by: javax.naming.CommunicationException [Root exception is java.net.ConnectException: t3://localhost:7001: Destination unreachable; nested exception is: 
	java.net.ConnectException: Connection refused: connect; No available router to destination]
	at weblogic.jndi.internal.ExceptionTranslator.toNamingException(ExceptionTranslator.java:49)
	at weblogic.jndi.WLInitialContextFactoryDelegate.toNamingException(WLInitialContextFactoryDelegate.java:765)
	at weblogic.jndi.WLInitialContextFactoryDelegate.getInitialContext(WLInitialContextFactoryDelegate.java:364)
	at weblogic.jndi.Environment.getContext(Environment.java:307)
	at weblogic.jndi.Environment.getContext(Environment.java:277)
	at weblogic.jndi.WLInitialContextFactory.getInitialContext(WLInitialContextFactory.java:117)
	at javax.naming.spi.NamingManager.getInitialContext(NamingManager.java:667)
	at javax.naming.InitialContext.getDefaultInitCtx(InitialContext.java:247)
	at javax.naming.InitialContext.init(InitialContext.java:223)
	at javax.naming.InitialContext.&lt;init&gt;(InitialContext.java:175)
	at com.inovis.b2b.lib.service.ServiceLocator.getInitialContext(ServiceLocator.java:206)
	... 18 more
Caused by: java.net.ConnectException: t3://localhost:7001: Destination unreachable; nested exception is: 
	java.net.ConnectException: Connection refused: connect; No available router to destination
	at weblogic.rjvm.RJVMFinder.findOrCreate(RJVMFinder.java:204)
	at weblogic.rjvm.ServerURL.findOrCreateRJVM(ServerURL.java:154)
	at weblogic.jndi.WLInitialContextFactoryDelegate.getInitialContext(WLInitialContextFactoryDelegate.java:349)
	... 26 more
Caused by: java.rmi.ConnectException: Destination unreachable; nested exception is: 
	java.net.ConnectException: Connection refused: connect; No available router to destination
	at weblogic.rjvm.ConnectionManager.bootstrap(ConnectionManager.java:472)
	at weblogic.rjvm.ConnectionManager.bootstrap(ConnectionManager.java:323)
	at weblogic.rjvm.RJVMManager.findOrCreateRemoteInternal(RJVMManager.java:259)
	at weblogic.rjvm.RJVMManager.findOrCreate(RJVMManager.java:202)
	at weblogic.rjvm.RJVMFinder.findOrCreateRemoteServer(RJVMFinder.java:226)
	at weblogic.rjvm.RJVMFinder.findOrCreate(RJVMFinder.java:189)
	... 28 more
</error>
  </testcase>
  <testcase classname="test.com.inovis.b2b.rules.TestRulesManager" name="testDeletes" time="2.058">
    <error message="[LIBP-00001] Unable to connect to naming service" type="com.inovis.b2b.lib.service.ServiceUnavailableException">class com.inovis.b2b.lib.service.ServiceUnavailableException: [LIBP-00001] Unable to connect to naming service
	at com.inovis.b2b.lib.service.ServiceLocator.getInitialContext(ServiceLocator.java:214)
	at com.inovis.b2b.lib.service.ServiceLocator.&lt;init&gt;(ServiceLocator.java:183)
	at com.inovis.b2b.lib.service.ServiceLocator.getInstance(ServiceLocator.java:167)
	at com.inovis.b2b.lib.service.ServiceLocator.getInstance(ServiceLocator.java:150)
	at com.inovis.b2b.rules.defs.RulesManagerImp.&lt;init&gt;(RulesManagerImp.java:69)
	at com.inovis.b2b.rules.RulesManager.getManager(RulesManager.java:72)
	at test.com.inovis.b2b.rules.TestRulesManager.setUp(TestRulesManager.java:76)
Caused by: javax.naming.CommunicationException [Root exception is java.net.ConnectException: t3://localhost:7001: Destination unreachable; nested exception is: 
	java.net.ConnectException: Connection refused: connect; No available router to destination]
	at weblogic.jndi.internal.ExceptionTranslator.toNamingException(ExceptionTranslator.java:49)
	at weblogic.jndi.WLInitialContextFactoryDelegate.toNamingException(WLInitialContextFactoryDelegate.java:765)
	at weblogic.jndi.WLInitialContextFactoryDelegate.getInitialContext(WLInitialContextFactoryDelegate.java:364)
	at weblogic.jndi.Environment.getContext(Environment.java:307)
	at weblogic.jndi.Environment.getContext(Environment.java:277)
	at weblogic.jndi.WLInitialContextFactory.getInitialContext(WLInitialContextFactory.java:117)
	at javax.naming.spi.NamingManager.getInitialContext(NamingManager.java:667)
	at javax.naming.InitialContext.getDefaultInitCtx(InitialContext.java:247)
	at javax.naming.InitialContext.init(InitialContext.java:223)
	at javax.naming.InitialContext.&lt;init&gt;(InitialContext.java:175)
	at com.inovis.b2b.lib.service.ServiceLocator.getInitialContext(ServiceLocator.java:206)
	... 18 more
Caused by: java.net.ConnectException: t3://localhost:7001: Destination unreachable; nested exception is: 
	java.net.ConnectException: Connection refused: connect; No available router to destination
	at weblogic.rjvm.RJVMFinder.findOrCreate(RJVMFinder.java:204)
	at weblogic.rjvm.ServerURL.findOrCreateRJVM(ServerURL.java:154)
	at weblogic.jndi.WLInitialContextFactoryDelegate.getInitialContext(WLInitialContextFactoryDelegate.java:349)
	... 26 more
Caused by: java.rmi.ConnectException: Destination unreachable; nested exception is: 
	java.net.ConnectException: Connection refused: connect; No available router to destination
	at weblogic.rjvm.ConnectionManager.bootstrap(ConnectionManager.java:472)
	at weblogic.rjvm.ConnectionManager.bootstrap(ConnectionManager.java:323)
	at weblogic.rjvm.RJVMManager.findOrCreateRemoteInternal(RJVMManager.java:259)
	at weblogic.rjvm.RJVMManager.findOrCreate(RJVMManager.java:202)
	at weblogic.rjvm.RJVMFinder.findOrCreateRemoteServer(RJVMFinder.java:226)
	at weblogic.rjvm.RJVMFinder.findOrCreate(RJVMFinder.java:189)
	... 28 more
</error>
  </testcase>
  <testcase classname="test.com.inovis.b2b.rules.TestRulesManager" name="testRuleExecutionAuditTrail" time="2.792">
    <error message="[LIBP-00001] Unable to connect to naming service" type="com.inovis.b2b.lib.service.ServiceUnavailableException">class com.inovis.b2b.lib.service.ServiceUnavailableException: [LIBP-00001] Unable to connect to naming service
	at com.inovis.b2b.lib.service.ServiceLocator.getInitialContext(ServiceLocator.java:214)
	at com.inovis.b2b.lib.service.ServiceLocator.&lt;init&gt;(ServiceLocator.java:183)
	at com.inovis.b2b.lib.service.ServiceLocator.getInstance(ServiceLocator.java:167)
	at com.inovis.b2b.lib.service.ServiceLocator.getInstance(ServiceLocator.java:150)
	at com.inovis.b2b.rules.defs.RulesManagerImp.&lt;init&gt;(RulesManagerImp.java:69)
	at com.inovis.b2b.rules.RulesManager.getManager(RulesManager.java:72)
	at test.com.inovis.b2b.rules.TestRulesManager.setUp(TestRulesManager.java:76)
Caused by: javax.naming.CommunicationException [Root exception is java.net.ConnectException: t3://localhost:7001: Destination unreachable; nested exception is: 
	java.net.ConnectException: Connection refused: connect; No available router to destination]
	at weblogic.jndi.internal.ExceptionTranslator.toNamingException(ExceptionTranslator.java:49)
	at weblogic.jndi.WLInitialContextFactoryDelegate.toNamingException(WLInitialContextFactoryDelegate.java:765)
	at weblogic.jndi.WLInitialContextFactoryDelegate.getInitialContext(WLInitialContextFactoryDelegate.java:364)
	at weblogic.jndi.Environment.getContext(Environment.java:307)
	at weblogic.jndi.Environment.getContext(Environment.java:277)
	at weblogic.jndi.WLInitialContextFactory.getInitialContext(WLInitialContextFactory.java:117)
	at javax.naming.spi.NamingManager.getInitialContext(NamingManager.java:667)
	at javax.naming.InitialContext.getDefaultInitCtx(InitialContext.java:247)
	at javax.naming.InitialContext.init(InitialContext.java:223)
	at javax.naming.InitialContext.&lt;init&gt;(InitialContext.java:175)
	at com.inovis.b2b.lib.service.ServiceLocator.getInitialContext(ServiceLocator.java:206)
	... 18 more
Caused by: java.net.ConnectException: t3://localhost:7001: Destination unreachable; nested exception is: 
	java.net.ConnectException: Connection refused: connect; No available router to destination
	at weblogic.rjvm.RJVMFinder.findOrCreate(RJVMFinder.java:204)
	at weblogic.rjvm.ServerURL.findOrCreateRJVM(ServerURL.java:154)
	at weblogic.jndi.WLInitialContextFactoryDelegate.getInitialContext(WLInitialContextFactoryDelegate.java:349)
	... 26 more
Caused by: java.rmi.ConnectException: Destination unreachable; nested exception is: 
	java.net.ConnectException: Connection refused: connect; No available router to destination
	at weblogic.rjvm.ConnectionManager.bootstrap(ConnectionManager.java:472)
	at weblogic.rjvm.ConnectionManager.bootstrap(ConnectionManager.java:323)
	at weblogic.rjvm.RJVMManager.findOrCreateRemoteInternal(RJVMManager.java:259)
	at weblogic.rjvm.RJVMManager.findOrCreate(RJVMManager.java:202)
	at weblogic.rjvm.RJVMFinder.findOrCreateRemoteServer(RJVMFinder.java:226)
	at weblogic.rjvm.RJVMFinder.findOrCreate(RJVMFinder.java:189)
	... 28 more
</error>
  </testcase>
  <testcase classname="test.com.inovis.b2b.rules.api.TestExceptions" name="testRulesException" time="0.015"></testcase>
  <testcase classname="test.com.inovis.b2b.rules.api.TestTuple" name="testTuple" time="0.0"></testcase>
  <testcase classname="test.com.inovis.b2b.rules.engine.TestRulesMessage" name="testRulesMessage" time="0.078"></testcase>
  <testcase classname="test.com.inovis.b2b.rules.engine.TestRulesEngine" name="testRulesEngineExecuteBadInputs" time="0.078"></testcase>
  <testcase classname="test.com.inovis.b2b.rules.engine.TestRulesEngine" name="testRulesEngineExecuteGood" time="0.0"></testcase>
  <testcase classname="test.com.inovis.b2b.rules.engine.TestRulesEngine" name="testRulesEngineStartBadInputs" time="0.0"></testcase>
  <testcase classname="test.com.inovis.b2b.rules.engine.TestRulesEngine" name="testRulesEngineStartGood" time="2.823">
    <failure message="should not have received an OperationFailedException [LIBP-00001] Unable to connect to naming service" type="junit.framework.AssertionFailedError">junit.framework.AssertionFailedError: should not have received an OperationFailedException [LIBP-00001] Unable to connect to naming service
	at test.com.inovis.b2b.rules.engine.TestRulesEngine.testRulesEngineStartGood(TestRulesEngine.java:168)
</failure>
  </testcase>
  <testcase classname="test.com.inovis.b2b.rules.engine.TestRulesEngine" name="testRulesEngineStartMultipleTimes" time="2.074">
    <failure message="should not have received an OperationFailedException [LIBP-00001] Unable to connect to naming service" type="junit.framework.AssertionFailedError">junit.framework.AssertionFailedError: should not have received an OperationFailedException [LIBP-00001] Unable to connect to naming service
	at test.com.inovis.b2b.rules.engine.TestRulesEngine.testRulesEngineStartMultipleTimes(TestRulesEngine.java:189)
</failure>
  </testcase>
  <testcase classname="test.com.inovis.b2b.rules.router.TestRoutingRuleQueryFilter" name="testRoutingRuleFilterQueryBusinessID" time="0.0"></testcase>
  <testcase classname="test.com.inovis.b2b.rules.router.TestRoutingRuleQueryFilter" name="testRoutingRuleFilterQueryReceivingNetworkID" time="0.0"></testcase>
  <testcase classname="test.com.inovis.b2b.rules.router.TestRoutingRuleQueryFilter" name="testRoutingRuleFilterQueryRuleInstanceID" time="0.0"></testcase>
  <testcase classname="test.com.inovis.b2b.rules.router.TestRoutingRuleQueryFilter" name="testRoutingRuleFilterQueryClear" time="0.0"></testcase>
  <testcase classname="test.com.inovis.b2b.rules.router.TestRoutingRule" name="testRoutingRule" time="0.203">
    <failure message="Business ID wrong expected:&lt;41900[0]&gt; but was:&lt;41900[129]&gt;" type="junit.framework.ComparisonFailure">junit.framework.ComparisonFailure: Business ID wrong expected:&lt;41900[0]&gt; but was:&lt;41900[129]&gt;
	at test.com.inovis.b2b.rules.router.TestRoutingRule.testRoutingRule(TestRoutingRule.java:78)
</failure>
  </testcase>
  <testcase classname="test.com.inovis.b2b.rules.router.TestXPathEvaluator" name="testXPathSetDocument" time="0.046"></testcase>
  <testcase classname="test.com.inovis.b2b.rules.router.TestXPathEvaluator" name="testXPathEvaluate" time="0.453"></testcase>
  <testcase classname="test.com.inovis.b2b.rules.router.TestRouterManager" name="testCreateRoutingRule" time="2.136">
    <error message="[LIBP-00001] Unable to connect to naming service" type="com.inovis.b2b.lib.service.ServiceUnavailableException">class com.inovis.b2b.lib.service.ServiceUnavailableException: [LIBP-00001] Unable to connect to naming service
	at com.inovis.b2b.lib.service.ServiceLocator.getInitialContext(ServiceLocator.java:214)
	at com.inovis.b2b.lib.service.ServiceLocator.&lt;init&gt;(ServiceLocator.java:183)
	at com.inovis.b2b.lib.service.ServiceLocator.getInstance(ServiceLocator.java:167)
	at com.inovis.b2b.lib.service.ServiceLocator.getInstance(ServiceLocator.java:150)
	at com.inovis.b2b.channel.defs.ChannelManagerImp.getChannelFacade(ChannelManagerImp.java:551)
	at com.inovis.b2b.channel.defs.ChannelManagerImp.&lt;init&gt;(ChannelManagerImp.java:58)
	at com.inovis.b2b.channel.ChannelManager.getManager(ChannelManager.java:37)
	at test.com.inovis.b2b.rules.router.SetupRouterTests.run(SetupRouterTests.java:109)
	at test.com.inovis.b2b.rules.router.TestRouterManager.setUp(TestRouterManager.java:44)
Caused by: javax.naming.CommunicationException [Root exception is java.net.ConnectException: t3://localhost:7001: Destination unreachable; nested exception is: 
	java.net.ConnectException: Connection refused: connect; No available router to destination]
	at weblogic.jndi.internal.ExceptionTranslator.toNamingException(ExceptionTranslator.java:49)
	at weblogic.jndi.WLInitialContextFactoryDelegate.toNamingException(WLInitialContextFactoryDelegate.java:765)
	at weblogic.jndi.WLInitialContextFactoryDelegate.getInitialContext(WLInitialContextFactoryDelegate.java:364)
	at weblogic.jndi.Environment.getContext(Environment.java:307)
	at weblogic.jndi.Environment.getContext(Environment.java:277)
	at weblogic.jndi.WLInitialContextFactory.getInitialContext(WLInitialContextFactory.java:117)
	at javax.naming.spi.NamingManager.getInitialContext(NamingManager.java:667)
	at javax.naming.InitialContext.getDefaultInitCtx(InitialContext.java:247)
	at javax.naming.InitialContext.init(InitialContext.java:223)
	at javax.naming.InitialContext.&lt;init&gt;(InitialContext.java:175)
	at com.inovis.b2b.lib.service.ServiceLocator.getInitialContext(ServiceLocator.java:206)
	... 22 more
Caused by: java.net.ConnectException: t3://localhost:7001: Destination unreachable; nested exception is: 
	java.net.ConnectException: Connection refused: connect; No available router to destination
	at weblogic.rjvm.RJVMFinder.findOrCreate(RJVMFinder.java:204)
	at weblogic.rjvm.ServerURL.findOrCreateRJVM(ServerURL.java:154)
	at weblogic.jndi.WLInitialContextFactoryDelegate.getInitialContext(WLInitialContextFactoryDelegate.java:349)
	... 30 more
Caused by: java.rmi.ConnectException: Destination unreachable; nested exception is: 
	java.net.ConnectException: Connection refused: connect; No available router to destination
	at weblogic.rjvm.ConnectionManager.bootstrap(ConnectionManager.java:472)
	at weblogic.rjvm.ConnectionManager.bootstrap(ConnectionManager.java:323)
	at weblogic.rjvm.RJVMManager.findOrCreateRemoteInternal(RJVMManager.java:259)
	at weblogic.rjvm.RJVMManager.findOrCreate(RJVMManager.java:202)
	at weblogic.rjvm.RJVMFinder.findOrCreateRemoteServer(RJVMFinder.java:226)
	at weblogic.rjvm.RJVMFinder.findOrCreate(RJVMFinder.java:189)
	... 32 more
</error>
  </testcase>
  <testcase classname="test.com.inovis.b2b.rules.router.TestRouterManager" name="testGetRoutingRule" time="3.135">
    <error message="[LIBP-00001] Unable to connect to naming service" type="com.inovis.b2b.lib.service.ServiceUnavailableException">class com.inovis.b2b.lib.service.ServiceUnavailableException: [LIBP-00001] Unable to connect to naming service
	at com.inovis.b2b.lib.service.ServiceLocator.getInitialContext(ServiceLocator.java:214)
	at com.inovis.b2b.lib.service.ServiceLocator.&lt;init&gt;(ServiceLocator.java:183)
	at com.inovis.b2b.lib.service.ServiceLocator.getInstance(ServiceLocator.java:167)
	at com.inovis.b2b.lib.service.ServiceLocator.getInstance(ServiceLocator.java:150)
	at com.inovis.b2b.channel.defs.ChannelManagerImp.getChannelFacade(ChannelManagerImp.java:551)
	at com.inovis.b2b.channel.defs.ChannelManagerImp.&lt;init&gt;(ChannelManagerImp.java:58)
	at com.inovis.b2b.channel.ChannelManager.getManager(ChannelManager.java:37)
	at test.com.inovis.b2b.rules.router.SetupRouterTests.run(SetupRouterTests.java:109)
	at test.com.inovis.b2b.rules.router.TestRouterManager.setUp(TestRouterManager.java:44)
Caused by: javax.naming.CommunicationException [Root exception is java.net.ConnectException: t3://localhost:7001: Destination unreachable; nested exception is: 
	java.net.ConnectException: Connection refused: connect; No available router to destination]
	at weblogic.jndi.internal.ExceptionTranslator.toNamingException(ExceptionTranslator.java:49)
	at weblogic.jndi.WLInitialContextFactoryDelegate.toNamingException(WLInitialContextFactoryDelegate.java:765)
	at weblogic.jndi.WLInitialContextFactoryDelegate.getInitialContext(WLInitialContextFactoryDelegate.java:364)
	at weblogic.jndi.Environment.getContext(Environment.java:307)
	at weblogic.jndi.Environment.getContext(Environment.java:277)
	at weblogic.jndi.WLInitialContextFactory.getInitialContext(WLInitialContextFactory.java:117)
	at javax.naming.spi.NamingManager.getInitialContext(NamingManager.java:667)
	at javax.naming.InitialContext.getDefaultInitCtx(InitialContext.java:247)
	at javax.naming.InitialContext.init(InitialContext.java:223)
	at javax.naming.InitialContext.&lt;init&gt;(InitialContext.java:175)
	at com.inovis.b2b.lib.service.ServiceLocator.getInitialContext(ServiceLocator.java:206)
	... 22 more
Caused by: java.net.ConnectException: t3://localhost:7001: Destination unreachable; nested exception is: 
	java.net.ConnectException: Connection refused: connect; No available router to destination
	at weblogic.rjvm.RJVMFinder.findOrCreate(RJVMFinder.java:204)
	at weblogic.rjvm.ServerURL.findOrCreateRJVM(ServerURL.java:154)
	at weblogic.jndi.WLInitialContextFactoryDelegate.getInitialContext(WLInitialContextFactoryDelegate.java:349)
	... 30 more
Caused by: java.rmi.ConnectException: Destination unreachable; nested exception is: 
	java.net.ConnectException: Connection refused: connect; No available router to destination
	at weblogic.rjvm.ConnectionManager.bootstrap(ConnectionManager.java:472)
	at weblogic.rjvm.ConnectionManager.bootstrap(ConnectionManager.java:323)
	at weblogic.rjvm.RJVMManager.findOrCreateRemoteInternal(RJVMManager.java:259)
	at weblogic.rjvm.RJVMManager.findOrCreate(RJVMManager.java:202)
	at weblogic.rjvm.RJVMFinder.findOrCreateRemoteServer(RJVMFinder.java:226)
	at weblogic.rjvm.RJVMFinder.findOrCreate(RJVMFinder.java:189)
	... 32 more
</error>
  </testcase>
  <testcase classname="test.com.inovis.b2b.rules.router.TestRouterManager" name="testGetRoutingRules" time="2.027">
    <error message="[LIBP-00001] Unable to connect to naming service" type="com.inovis.b2b.lib.service.ServiceUnavailableException">class com.inovis.b2b.lib.service.ServiceUnavailableException: [LIBP-00001] Unable to connect to naming service
	at com.inovis.b2b.lib.service.ServiceLocator.getInitialContext(ServiceLocator.java:214)
	at com.inovis.b2b.lib.service.ServiceLocator.&lt;init&gt;(ServiceLocator.java:183)
	at com.inovis.b2b.lib.service.ServiceLocator.getInstance(ServiceLocator.java:167)
	at com.inovis.b2b.lib.service.ServiceLocator.getInstance(ServiceLocator.java:150)
	at com.inovis.b2b.channel.defs.ChannelManagerImp.getChannelFacade(ChannelManagerImp.java:551)
	at com.inovis.b2b.channel.defs.ChannelManagerImp.&lt;init&gt;(ChannelManagerImp.java:58)
	at com.inovis.b2b.channel.ChannelManager.getManager(ChannelManager.java:37)
	at test.com.inovis.b2b.rules.router.SetupRouterTests.run(SetupRouterTests.java:109)
	at test.com.inovis.b2b.rules.router.TestRouterManager.setUp(TestRouterManager.java:44)
Caused by: javax.naming.CommunicationException [Root exception is java.net.ConnectException: t3://localhost:7001: Destination unreachable; nested exception is: 
	java.net.ConnectException: Connection refused: connect; No available router to destination]
	at weblogic.jndi.internal.ExceptionTranslator.toNamingException(ExceptionTranslator.java:49)
	at weblogic.jndi.WLInitialContextFactoryDelegate.toNamingException(WLInitialContextFactoryDelegate.java:765)
	at weblogic.jndi.WLInitialContextFactoryDelegate.getInitialContext(WLInitialContextFactoryDelegate.java:364)
	at weblogic.jndi.Environment.getContext(Environment.java:307)
	at weblogic.jndi.Environment.getContext(Environment.java:277)
	at weblogic.jndi.WLInitialContextFactory.getInitialContext(WLInitialContextFactory.java:117)
	at javax.naming.spi.NamingManager.getInitialContext(NamingManager.java:667)
	at javax.naming.InitialContext.getDefaultInitCtx(InitialContext.java:247)
	at javax.naming.InitialContext.init(InitialContext.java:223)
	at javax.naming.InitialContext.&lt;init&gt;(InitialContext.java:175)
	at com.inovis.b2b.lib.service.ServiceLocator.getInitialContext(ServiceLocator.java:206)
	... 22 more
Caused by: java.net.ConnectException: t3://localhost:7001: Destination unreachable; nested exception is: 
	java.net.ConnectException: Connection refused: connect; No available router to destination
	at weblogic.rjvm.RJVMFinder.findOrCreate(RJVMFinder.java:204)
	at weblogic.rjvm.ServerURL.findOrCreateRJVM(ServerURL.java:154)
	at weblogic.jndi.WLInitialContextFactoryDelegate.getInitialContext(WLInitialContextFactoryDelegate.java:349)
	... 30 more
Caused by: java.rmi.ConnectException: Destination unreachable; nested exception is: 
	java.net.ConnectException: Connection refused: connect; No available router to destination
	at weblogic.rjvm.ConnectionManager.bootstrap(ConnectionManager.java:472)
	at weblogic.rjvm.ConnectionManager.bootstrap(ConnectionManager.java:323)
	at weblogic.rjvm.RJVMManager.findOrCreateRemoteInternal(RJVMManager.java:259)
	at weblogic.rjvm.RJVMManager.findOrCreate(RJVMManager.java:202)
	at weblogic.rjvm.RJVMFinder.findOrCreateRemoteServer(RJVMFinder.java:226)
	at weblogic.rjvm.RJVMFinder.findOrCreate(RJVMFinder.java:189)
	... 32 more
</error>
  </testcase>
  <testcase classname="test.com.inovis.b2b.rules.router.TestRouterManager" name="testSaveRoutingRule" time="1.965">
    <error message="[LIBP-00001] Unable to connect to naming service" type="com.inovis.b2b.lib.service.ServiceUnavailableException">class com.inovis.b2b.lib.service.ServiceUnavailableException: [LIBP-00001] Unable to connect to naming service
	at com.inovis.b2b.lib.service.ServiceLocator.getInitialContext(ServiceLocator.java:214)
	at com.inovis.b2b.lib.service.ServiceLocator.&lt;init&gt;(ServiceLocator.java:183)
	at com.inovis.b2b.lib.service.ServiceLocator.getInstance(ServiceLocator.java:167)
	at com.inovis.b2b.lib.service.ServiceLocator.getInstance(ServiceLocator.java:150)
	at com.inovis.b2b.channel.defs.ChannelManagerImp.getChannelFacade(ChannelManagerImp.java:551)
	at com.inovis.b2b.channel.defs.ChannelManagerImp.&lt;init&gt;(ChannelManagerImp.java:58)
	at com.inovis.b2b.channel.ChannelManager.getManager(ChannelManager.java:37)
	at test.com.inovis.b2b.rules.router.SetupRouterTests.run(SetupRouterTests.java:109)
	at test.com.inovis.b2b.rules.router.TestRouterManager.setUp(TestRouterManager.java:44)
Caused by: javax.naming.CommunicationException [Root exception is java.net.ConnectException: t3://localhost:7001: Destination unreachable; nested exception is: 
	java.net.ConnectException: Connection refused: connect; No available router to destination]
	at weblogic.jndi.internal.ExceptionTranslator.toNamingException(ExceptionTranslator.java:49)
	at weblogic.jndi.WLInitialContextFactoryDelegate.toNamingException(WLInitialContextFactoryDelegate.java:765)
	at weblogic.jndi.WLInitialContextFactoryDelegate.getInitialContext(WLInitialContextFactoryDelegate.java:364)
	at weblogic.jndi.Environment.getContext(Environment.java:307)
	at weblogic.jndi.Environment.getContext(Environment.java:277)
	at weblogic.jndi.WLInitialContextFactory.getInitialContext(WLInitialContextFactory.java:117)
	at javax.naming.spi.NamingManager.getInitialContext(NamingManager.java:667)
	at javax.naming.InitialContext.getDefaultInitCtx(InitialContext.java:247)
	at javax.naming.InitialContext.init(InitialContext.java:223)
	at javax.naming.InitialContext.&lt;init&gt;(InitialContext.java:175)
	at com.inovis.b2b.lib.service.ServiceLocator.getInitialContext(ServiceLocator.java:206)
	... 22 more
Caused by: java.net.ConnectException: t3://localhost:7001: Destination unreachable; nested exception is: 
	java.net.ConnectException: Connection refused: connect; No available router to destination
	at weblogic.rjvm.RJVMFinder.findOrCreate(RJVMFinder.java:204)
	at weblogic.rjvm.ServerURL.findOrCreateRJVM(ServerURL.java:154)
	at weblogic.jndi.WLInitialContextFactoryDelegate.getInitialContext(WLInitialContextFactoryDelegate.java:349)
	... 30 more
Caused by: java.rmi.ConnectException: Destination unreachable; nested exception is: 
	java.net.ConnectException: Connection refused: connect; No available router to destination
	at weblogic.rjvm.ConnectionManager.bootstrap(ConnectionManager.java:472)
	at weblogic.rjvm.ConnectionManager.bootstrap(ConnectionManager.java:323)
	at weblogic.rjvm.RJVMManager.findOrCreateRemoteInternal(RJVMManager.java:259)
	at weblogic.rjvm.RJVMManager.findOrCreate(RJVMManager.java:202)
	at weblogic.rjvm.RJVMFinder.findOrCreateRemoteServer(RJVMFinder.java:226)
	at weblogic.rjvm.RJVMFinder.findOrCreate(RJVMFinder.java:189)
	... 32 more
</error>
  </testcase>
  <testcase classname="test.com.inovis.b2b.rules.router.TestRouterManager" name="testSelectRoutingRules" time="2.386">
    <error message="[LIBP-00001] Unable to connect to naming service" type="com.inovis.b2b.lib.service.ServiceUnavailableException">class com.inovis.b2b.lib.service.ServiceUnavailableException: [LIBP-00001] Unable to connect to naming service
	at com.inovis.b2b.lib.service.ServiceLocator.getInitialContext(ServiceLocator.java:214)
	at com.inovis.b2b.lib.service.ServiceLocator.&lt;init&gt;(ServiceLocator.java:183)
	at com.inovis.b2b.lib.service.ServiceLocator.getInstance(ServiceLocator.java:167)
	at com.inovis.b2b.lib.service.ServiceLocator.getInstance(ServiceLocator.java:150)
	at com.inovis.b2b.channel.defs.ChannelManagerImp.getChannelFacade(ChannelManagerImp.java:551)
	at com.inovis.b2b.channel.defs.ChannelManagerImp.&lt;init&gt;(ChannelManagerImp.java:58)
	at com.inovis.b2b.channel.ChannelManager.getManager(ChannelManager.java:37)
	at test.com.inovis.b2b.rules.router.SetupRouterTests.run(SetupRouterTests.java:109)
	at test.com.inovis.b2b.rules.router.TestRouterManager.setUp(TestRouterManager.java:44)
Caused by: javax.naming.CommunicationException [Root exception is java.net.ConnectException: t3://localhost:7001: Destination unreachable; nested exception is: 
	java.net.ConnectException: Connection refused: connect; No available router to destination]
	at weblogic.jndi.internal.ExceptionTranslator.toNamingException(ExceptionTranslator.java:49)
	at weblogic.jndi.WLInitialContextFactoryDelegate.toNamingException(WLInitialContextFactoryDelegate.java:765)
	at weblogic.jndi.WLInitialContextFactoryDelegate.getInitialContext(WLInitialContextFactoryDelegate.java:364)
	at weblogic.jndi.Environment.getContext(Environment.java:307)
	at weblogic.jndi.Environment.getContext(Environment.java:277)
	at weblogic.jndi.WLInitialContextFactory.getInitialContext(WLInitialContextFactory.java:117)
	at javax.naming.spi.NamingManager.getInitialContext(NamingManager.java:667)
	at javax.naming.InitialContext.getDefaultInitCtx(InitialContext.java:247)
	at javax.naming.InitialContext.init(InitialContext.java:223)
	at javax.naming.InitialContext.&lt;init&gt;(InitialContext.java:175)
	at com.inovis.b2b.lib.service.ServiceLocator.getInitialContext(ServiceLocator.java:206)
	... 22 more
Caused by: java.net.ConnectException: t3://localhost:7001: Destination unreachable; nested exception is: 
	java.net.ConnectException: Connection refused: connect; No available router to destination
	at weblogic.rjvm.RJVMFinder.findOrCreate(RJVMFinder.java:204)
	at weblogic.rjvm.ServerURL.findOrCreateRJVM(ServerURL.java:154)
	at weblogic.jndi.WLInitialContextFactoryDelegate.getInitialContext(WLInitialContextFactoryDelegate.java:349)
	... 30 more
Caused by: java.rmi.ConnectException: Destination unreachable; nested exception is: 
	java.net.ConnectException: Connection refused: connect; No available router to destination
	at weblogic.rjvm.ConnectionManager.bootstrap(ConnectionManager.java:472)
	at weblogic.rjvm.ConnectionManager.bootstrap(ConnectionManager.java:323)
	at weblogic.rjvm.RJVMManager.findOrCreateRemoteInternal(RJVMManager.java:259)
	at weblogic.rjvm.RJVMManager.findOrCreate(RJVMManager.java:202)
	at weblogic.rjvm.RJVMFinder.findOrCreateRemoteServer(RJVMFinder.java:226)
	at weblogic.rjvm.RJVMFinder.findOrCreate(RJVMFinder.java:189)
	... 32 more
</error>
  </testcase>
  <testcase classname="test.com.inovis.b2b.rules.router.TestRouterManager" name="testDeleteRoutingRule" time="2.791">
    <error message="[LIBP-00001] Unable to connect to naming service" type="com.inovis.b2b.lib.service.ServiceUnavailableException">class com.inovis.b2b.lib.service.ServiceUnavailableException: [LIBP-00001] Unable to connect to naming service
	at com.inovis.b2b.lib.service.ServiceLocator.getInitialContext(ServiceLocator.java:214)
	at com.inovis.b2b.lib.service.ServiceLocator.&lt;init&gt;(ServiceLocator.java:183)
	at com.inovis.b2b.lib.service.ServiceLocator.getInstance(ServiceLocator.java:167)
	at com.inovis.b2b.lib.service.ServiceLocator.getInstance(ServiceLocator.java:150)
	at com.inovis.b2b.channel.defs.ChannelManagerImp.getChannelFacade(ChannelManagerImp.java:551)
	at com.inovis.b2b.channel.defs.ChannelManagerImp.&lt;init&gt;(ChannelManagerImp.java:58)
	at com.inovis.b2b.channel.ChannelManager.getManager(ChannelManager.java:37)
	at test.com.inovis.b2b.rules.router.SetupRouterTests.run(SetupRouterTests.java:109)
	at test.com.inovis.b2b.rules.router.TestRouterManager.setUp(TestRouterManager.java:44)
Caused by: javax.naming.CommunicationException [Root exception is java.net.ConnectException: t3://localhost:7001: Destination unreachable; nested exception is: 
	java.net.ConnectException: Connection refused: connect; No available router to destination]
	at weblogic.jndi.internal.ExceptionTranslator.toNamingException(ExceptionTranslator.java:49)
	at weblogic.jndi.WLInitialContextFactoryDelegate.toNamingException(WLInitialContextFactoryDelegate.java:765)
	at weblogic.jndi.WLInitialContextFactoryDelegate.getInitialContext(WLInitialContextFactoryDelegate.java:364)
	at weblogic.jndi.Environment.getContext(Environment.java:307)
	at weblogic.jndi.Environment.getContext(Environment.java:277)
	at weblogic.jndi.WLInitialContextFactory.getInitialContext(WLInitialContextFactory.java:117)
	at javax.naming.spi.NamingManager.getInitialContext(NamingManager.java:667)
	at javax.naming.InitialContext.getDefaultInitCtx(InitialContext.java:247)
	at javax.naming.InitialContext.init(InitialContext.java:223)
	at javax.naming.InitialContext.&lt;init&gt;(InitialContext.java:175)
	at com.inovis.b2b.lib.service.ServiceLocator.getInitialContext(ServiceLocator.java:206)
	... 22 more
Caused by: java.net.ConnectException: t3://localhost:7001: Destination unreachable; nested exception is: 
	java.net.ConnectException: Connection refused: connect; No available router to destination
	at weblogic.rjvm.RJVMFinder.findOrCreate(RJVMFinder.java:204)
	at weblogic.rjvm.ServerURL.findOrCreateRJVM(ServerURL.java:154)
	at weblogic.jndi.WLInitialContextFactoryDelegate.getInitialContext(WLInitialContextFactoryDelegate.java:349)
	... 30 more
Caused by: java.rmi.ConnectException: Destination unreachable; nested exception is: 
	java.net.ConnectException: Connection refused: connect; No available router to destination
	at weblogic.rjvm.ConnectionManager.bootstrap(ConnectionManager.java:472)
	at weblogic.rjvm.ConnectionManager.bootstrap(ConnectionManager.java:323)
	at weblogic.rjvm.RJVMManager.findOrCreateRemoteInternal(RJVMManager.java:259)
	at weblogic.rjvm.RJVMManager.findOrCreate(RJVMManager.java:202)
	at weblogic.rjvm.RJVMFinder.findOrCreateRemoteServer(RJVMFinder.java:226)
	at weblogic.rjvm.RJVMFinder.findOrCreate(RJVMFinder.java:189)
	... 32 more
</error>
  </testcase>
  <testcase classname="test.com.inovis.b2b.rules.router.TestControllerImp" name="testRouterControllerInit" time="2.292">
    <error message="[LIBP-00001] Unable to connect to naming service" type="com.inovis.b2b.lib.service.ServiceUnavailableException">class com.inovis.b2b.lib.service.ServiceUnavailableException: [LIBP-00001] Unable to connect to naming service
	at com.inovis.b2b.lib.service.ServiceLocator.getInitialContext(ServiceLocator.java:214)
	at com.inovis.b2b.lib.service.ServiceLocator.&lt;init&gt;(ServiceLocator.java:183)
	at com.inovis.b2b.lib.service.ServiceLocator.getInstance(ServiceLocator.java:167)
	at com.inovis.b2b.lib.service.ServiceLocator.getInstance(ServiceLocator.java:150)
	at com.inovis.b2b.channel.defs.ChannelManagerImp.getChannelFacade(ChannelManagerImp.java:551)
	at com.inovis.b2b.channel.defs.ChannelManagerImp.&lt;init&gt;(ChannelManagerImp.java:58)
	at com.inovis.b2b.channel.ChannelManager.getManager(ChannelManager.java:37)
	at test.com.inovis.b2b.rules.router.SetupRouterTests.run(SetupRouterTests.java:109)
	at test.com.inovis.b2b.rules.router.TestControllerImp.setUp(TestControllerImp.java:53)
Caused by: javax.naming.CommunicationException [Root exception is java.net.ConnectException: t3://localhost:7001: Destination unreachable; nested exception is: 
	java.net.ConnectException: Connection refused: connect; No available router to destination]
	at weblogic.jndi.internal.ExceptionTranslator.toNamingException(ExceptionTranslator.java:49)
	at weblogic.jndi.WLInitialContextFactoryDelegate.toNamingException(WLInitialContextFactoryDelegate.java:765)
	at weblogic.jndi.WLInitialContextFactoryDelegate.getInitialContext(WLInitialContextFactoryDelegate.java:364)
	at weblogic.jndi.Environment.getContext(Environment.java:307)
	at weblogic.jndi.Environment.getContext(Environment.java:277)
	at weblogic.jndi.WLInitialContextFactory.getInitialContext(WLInitialContextFactory.java:117)
	at javax.naming.spi.NamingManager.getInitialContext(NamingManager.java:667)
	at javax.naming.InitialContext.getDefaultInitCtx(InitialContext.java:247)
	at javax.naming.InitialContext.init(InitialContext.java:223)
	at javax.naming.InitialContext.&lt;init&gt;(InitialContext.java:175)
	at com.inovis.b2b.lib.service.ServiceLocator.getInitialContext(ServiceLocator.java:206)
	... 22 more
Caused by: java.net.ConnectException: t3://localhost:7001: Destination unreachable; nested exception is: 
	java.net.ConnectException: Connection refused: connect; No available router to destination
	at weblogic.rjvm.RJVMFinder.findOrCreate(RJVMFinder.java:204)
	at weblogic.rjvm.ServerURL.findOrCreateRJVM(ServerURL.java:154)
	at weblogic.jndi.WLInitialContextFactoryDelegate.getInitialContext(WLInitialContextFactoryDelegate.java:349)
	... 30 more
Caused by: java.rmi.ConnectException: Destination unreachable; nested exception is: 
	java.net.ConnectException: Connection refused: connect; No available router to destination
	at weblogic.rjvm.ConnectionManager.bootstrap(ConnectionManager.java:472)
	at weblogic.rjvm.ConnectionManager.bootstrap(ConnectionManager.java:323)
	at weblogic.rjvm.RJVMManager.findOrCreateRemoteInternal(RJVMManager.java:259)
	at weblogic.rjvm.RJVMManager.findOrCreate(RJVMManager.java:202)
	at weblogic.rjvm.RJVMFinder.findOrCreateRemoteServer(RJVMFinder.java:226)
	at weblogic.rjvm.RJVMFinder.findOrCreate(RJVMFinder.java:189)
	... 32 more
</error>
  </testcase>
  <testcase classname="test.com.inovis.b2b.rules.router.TestControllerImp" name="testRouterControllerComplete" time="2.698">
    <error message="[LIBP-00001] Unable to connect to naming service" type="com.inovis.b2b.lib.service.ServiceUnavailableException">class com.inovis.b2b.lib.service.ServiceUnavailableException: [LIBP-00001] Unable to connect to naming service
	at com.inovis.b2b.lib.service.ServiceLocator.getInitialContext(ServiceLocator.java:214)
	at com.inovis.b2b.lib.service.ServiceLocator.&lt;init&gt;(ServiceLocator.java:183)
	at com.inovis.b2b.lib.service.ServiceLocator.getInstance(ServiceLocator.java:167)
	at com.inovis.b2b.lib.service.ServiceLocator.getInstance(ServiceLocator.java:150)
	at com.inovis.b2b.channel.defs.ChannelManagerImp.getChannelFacade(ChannelManagerImp.java:551)
	at com.inovis.b2b.channel.defs.ChannelManagerImp.&lt;init&gt;(ChannelManagerImp.java:58)
	at com.inovis.b2b.channel.ChannelManager.getManager(ChannelManager.java:37)
	at test.com.inovis.b2b.rules.router.SetupRouterTests.run(SetupRouterTests.java:109)
	at test.com.inovis.b2b.rules.router.TestControllerImp.setUp(TestControllerImp.java:53)
Caused by: javax.naming.CommunicationException [Root exception is java.net.ConnectException: t3://localhost:7001: Destination unreachable; nested exception is: 
	java.net.ConnectException: Connection refused: connect; No available router to destination]
	at weblogic.jndi.internal.ExceptionTranslator.toNamingException(ExceptionTranslator.java:49)
	at weblogic.jndi.WLInitialContextFactoryDelegate.toNamingException(WLInitialContextFactoryDelegate.java:765)
	at weblogic.jndi.WLInitialContextFactoryDelegate.getInitialContext(WLInitialContextFactoryDelegate.java:364)
	at weblogic.jndi.Environment.getContext(Environment.java:307)
	at weblogic.jndi.Environment.getContext(Environment.java:277)
	at weblogic.jndi.WLInitialContextFactory.getInitialContext(WLInitialContextFactory.java:117)
	at javax.naming.spi.NamingManager.getInitialContext(NamingManager.java:667)
	at javax.naming.InitialContext.getDefaultInitCtx(InitialContext.java:247)
	at javax.naming.InitialContext.init(InitialContext.java:223)
	at javax.naming.InitialContext.&lt;init&gt;(InitialContext.java:175)
	at com.inovis.b2b.lib.service.ServiceLocator.getInitialContext(ServiceLocator.java:206)
	... 22 more
Caused by: java.net.ConnectException: t3://localhost:7001: Destination unreachable; nested exception is: 
	java.net.ConnectException: Connection refused: connect; No available router to destination
	at weblogic.rjvm.RJVMFinder.findOrCreate(RJVMFinder.java:204)
	at weblogic.rjvm.ServerURL.findOrCreateRJVM(ServerURL.java:154)
	at weblogic.jndi.WLInitialContextFactoryDelegate.getInitialContext(WLInitialContextFactoryDelegate.java:349)
	... 30 more
Caused by: java.rmi.ConnectException: Destination unreachable; nested exception is: 
	java.net.ConnectException: Connection refused: connect; No available router to destination
	at weblogic.rjvm.ConnectionManager.bootstrap(ConnectionManager.java:472)
	at weblogic.rjvm.ConnectionManager.bootstrap(ConnectionManager.java:323)
	at weblogic.rjvm.RJVMManager.findOrCreateRemoteInternal(RJVMManager.java:259)
	at weblogic.rjvm.RJVMManager.findOrCreate(RJVMManager.java:202)
	at weblogic.rjvm.RJVMFinder.findOrCreateRemoteServer(RJVMFinder.java:226)
	at weblogic.rjvm.RJVMFinder.findOrCreate(RJVMFinder.java:189)
	... 32 more
</error>
  </testcase>
  <testcase classname="test.com.inovis.b2b.rules.router.TestCarbonCopy_Config" name="testCarbonCopy_Config" time="0.172">
    <failure message="1.toString should be empty expected:&lt;[]&gt; but was:&lt;[ModifyOption=0;;HoldOriginalDoc=0;;]&gt;" type="junit.framework.ComparisonFailure">junit.framework.ComparisonFailure: 1.toString should be empty expected:&lt;[]&gt; but was:&lt;[ModifyOption=0;;HoldOriginalDoc=0;;]&gt;
	at test.com.inovis.b2b.rules.router.TestCarbonCopy_Config.testCarbonCopy_Config(TestCarbonCopy_Config.java:46)
</failure>
  </testcase>
  <testcase classname="test.com.inovis.b2b.rules.router.TestCarbonCopy" name="testM" time="3.415">
    <error message="[LIBP-00001] Unable to connect to naming service" type="com.inovis.b2b.lib.service.ServiceUnavailableException">class com.inovis.b2b.lib.service.ServiceUnavailableException: [LIBP-00001] Unable to connect to naming service
	at com.inovis.b2b.lib.service.ServiceLocator.getInitialContext(ServiceLocator.java:214)
	at com.inovis.b2b.lib.service.ServiceLocator.&lt;init&gt;(ServiceLocator.java:183)
	at com.inovis.b2b.lib.service.ServiceLocator.getInstance(ServiceLocator.java:167)
	at com.inovis.b2b.lib.service.ServiceLocator.getInstance(ServiceLocator.java:150)
	at com.inovis.b2b.rules.defs.RulesManagerImp.&lt;init&gt;(RulesManagerImp.java:69)
	at com.inovis.b2b.rules.RulesManager.getManager(RulesManager.java:72)
	at test.com.inovis.b2b.rules.router.TestCarbonCopy.testM(TestCarbonCopy.java:337)
Caused by: javax.naming.CommunicationException [Root exception is java.net.ConnectException: t3://localhost:7001: Destination unreachable; nested exception is: 
	java.net.ConnectException: Connection refused: connect; No available router to destination]
	at weblogic.jndi.internal.ExceptionTranslator.toNamingException(ExceptionTranslator.java:49)
	at weblogic.jndi.WLInitialContextFactoryDelegate.toNamingException(WLInitialContextFactoryDelegate.java:765)
	at weblogic.jndi.WLInitialContextFactoryDelegate.getInitialContext(WLInitialContextFactoryDelegate.java:364)
	at weblogic.jndi.Environment.getContext(Environment.java:307)
	at weblogic.jndi.Environment.getContext(Environment.java:277)
	at weblogic.jndi.WLInitialContextFactory.getInitialContext(WLInitialContextFactory.java:117)
	at javax.naming.spi.NamingManager.getInitialContext(NamingManager.java:667)
	at javax.naming.InitialContext.getDefaultInitCtx(InitialContext.java:247)
	at javax.naming.InitialContext.init(InitialContext.java:223)
	at javax.naming.InitialContext.&lt;init&gt;(InitialContext.java:175)
	at com.inovis.b2b.lib.service.ServiceLocator.getInitialContext(ServiceLocator.java:206)
	... 25 more
Caused by: java.net.ConnectException: t3://localhost:7001: Destination unreachable; nested exception is: 
	java.net.ConnectException: Connection refused: connect; No available router to destination
	at weblogic.rjvm.RJVMFinder.findOrCreate(RJVMFinder.java:204)
	at weblogic.rjvm.ServerURL.findOrCreateRJVM(ServerURL.java:154)
	at weblogic.jndi.WLInitialContextFactoryDelegate.getInitialContext(WLInitialContextFactoryDelegate.java:349)
	... 33 more
Caused by: java.rmi.ConnectException: Destination unreachable; nested exception is: 
	java.net.ConnectException: Connection refused: connect; No available router to destination
	at weblogic.rjvm.ConnectionManager.bootstrap(ConnectionManager.java:472)
	at weblogic.rjvm.ConnectionManager.bootstrap(ConnectionManager.java:323)
	at weblogic.rjvm.RJVMManager.findOrCreateRemoteInternal(RJVMManager.java:259)
	at weblogic.rjvm.RJVMManager.findOrCreate(RJVMManager.java:202)
	at weblogic.rjvm.RJVMFinder.findOrCreateRemoteServer(RJVMFinder.java:226)
	at weblogic.rjvm.RJVMFinder.findOrCreate(RJVMFinder.java:189)
	... 35 more
</error>
  </testcase>
  <testcase classname="test.com.inovis.b2b.rules.router.TestDTSRouter_Config" name="testDTSRouter_Config" time="0.983">
    <failure message="Validate config string failed" type="junit.framework.AssertionFailedError">junit.framework.AssertionFailedError: Validate config string failed
	at test.com.inovis.b2b.rules.router.TestDTSRouter_Config.testDTSRouter_Config(TestDTSRouter_Config.java:84)
</failure>
  </testcase>
  <testcase classname="test.com.inovis.b2b.rules.router.TestBlockStrip_Config" name="testBlockStrip_Config" time="0.046"></testcase>
  <testcase classname="test.com.inovis.b2b.rules.router.TestChangeData_Config" name="testChangeData_Config" time="0.156"></testcase>
  <testcase classname="test.com.inovis.b2b.rules.router.TestChangeReceiver_Config" name="testChangeReceiver_Config" time="2.776">
    <error message="Can&apos;t find resource for bundle java.util.PropertyResourceBundle, key RULE-00390" type="java.util.MissingResourceException">java.util.MissingResourceException: Can&apos;t find resource for bundle java.util.PropertyResourceBundle, key RULE-00390
	at java.util.ResourceBundle.getObject(ResourceBundle.java:326)
	at java.util.ResourceBundle.getString(ResourceBundle.java:286)
	at com.inovis.b2b.lib.exception.ResourcifiedMessage.getLocalizedMessage(ResourcifiedMessage.java:114)
	at com.inovis.b2b.lib.exception.B2BIException$ExceptionMessage.getLocalizedMessage(B2BIException.java:496)
	at com.inovis.b2b.lib.exception.B2BIException.getFormattedErrorMessage(B2BIException.java:317)
	at com.inovis.b2b.lib.exception.B2BIException.&lt;init&gt;(B2BIException.java:216)
	at com.inovis.b2b.lib.exception.OperationFailedException.&lt;init&gt;(OperationFailedException.java:60)
	at com.inovis.b2b.business.defs.BusinessManagerBL.getBusinessEntityHome(BusinessManagerBL.java:2304)
	at com.inovis.b2b.business.defs.BusinessManagerBL.getBusiness(BusinessManagerBL.java:143)
	at com.inovis.b2b.business.defs.BusinessManagerBL.getBusiness(BusinessManagerBL.java:122)
	at com.inovis.b2b.rules.router.ChangeReceiver_Config.validateConfigString(ChangeReceiver_Config.java:103)
	at test.com.inovis.b2b.rules.router.TestChangeReceiver_Config.testChangeReceiver_Config(TestChangeReceiver_Config.java:83)
</error>
  </testcase>
  <testcase classname="test.com.inovis.b2b.rules.router.TestModifyElement_Config" name="testModify_Config" time="0.078"></testcase>
  <testcase classname="test.com.inovis.b2b.rules.inbound.TestInboundRuleQueryFilter" name="testInboundRuleFilterQueryBusinessID" time="0.0"></testcase>
  <testcase classname="test.com.inovis.b2b.rules.inbound.TestInboundRuleQueryFilter" name="testInboundRuleFilterQueryRuleInstanceID" time="0.0"></testcase>
  <testcase classname="test.com.inovis.b2b.rules.inbound.TestInboundRuleQueryFilter" name="testInboundRuleFilterQueryClear" time="0.0"></testcase>
  <testcase classname="test.com.inovis.b2b.rules.inbound.TestInboundRule" name="testInboundRule" time="0.031"></testcase>
  <testcase classname="test.com.inovis.b2b.rules.inbound.TestInboundRuleManager" name="testInboundRuleManager" time="2.729">
    <error message="[LIBP-00001] Unable to connect to naming service" type="com.inovis.b2b.lib.service.ServiceUnavailableException">class com.inovis.b2b.lib.service.ServiceUnavailableException: [LIBP-00001] Unable to connect to naming service
	at com.inovis.b2b.lib.service.ServiceLocator.getInitialContext(ServiceLocator.java:214)
	at com.inovis.b2b.lib.service.ServiceLocator.&lt;init&gt;(ServiceLocator.java:183)
	at com.inovis.b2b.lib.service.ServiceLocator.getInstance(ServiceLocator.java:167)
	at com.inovis.b2b.lib.service.ServiceLocator.getInstance(ServiceLocator.java:150)
	at com.inovis.b2b.rules.inbound.defs.InboundRuleManagerImp.&lt;init&gt;(InboundRuleManagerImp.java:58)
	at com.inovis.b2b.rules.inbound.InboundRuleManager.getManager(InboundRuleManager.java:51)
	at test.com.inovis.b2b.rules.inbound.TestInboundRuleManager.setUp(TestInboundRuleManager.java:55)
Caused by: javax.naming.CommunicationException [Root exception is java.net.ConnectException: t3://localhost:7001: Destination unreachable; nested exception is: 
	java.net.ConnectException: Connection refused: connect; No available router to destination]
	at weblogic.jndi.internal.ExceptionTranslator.toNamingException(ExceptionTranslator.java:49)
	at weblogic.jndi.WLInitialContextFactoryDelegate.toNamingException(WLInitialContextFactoryDelegate.java:765)
	at weblogic.jndi.WLInitialContextFactoryDelegate.getInitialContext(WLInitialContextFactoryDelegate.java:364)
	at weblogic.jndi.Environment.getContext(Environment.java:307)
	at weblogic.jndi.Environment.getContext(Environment.java:277)
	at weblogic.jndi.WLInitialContextFactory.getInitialContext(WLInitialContextFactory.java:117)
	at javax.naming.spi.NamingManager.getInitialContext(NamingManager.java:667)
	at javax.naming.InitialContext.getDefaultInitCtx(InitialContext.java:247)
	at javax.naming.InitialContext.init(InitialContext.java:223)
	at javax.naming.InitialContext.&lt;init&gt;(InitialContext.java:175)
	at com.inovis.b2b.lib.service.ServiceLocator.getInitialContext(ServiceLocator.java:206)
	... 20 more
Caused by: java.net.ConnectException: t3://localhost:7001: Destination unreachable; nested exception is: 
	java.net.ConnectException: Connection refused: connect; No available router to destination
	at weblogic.rjvm.RJVMFinder.findOrCreate(RJVMFinder.java:204)
	at weblogic.rjvm.ServerURL.findOrCreateRJVM(ServerURL.java:154)
	at weblogic.jndi.WLInitialContextFactoryDelegate.getInitialContext(WLInitialContextFactoryDelegate.java:349)
	... 28 more
Caused by: java.rmi.ConnectException: Destination unreachable; nested exception is: 
	java.net.ConnectException: Connection refused: connect; No available router to destination
	at weblogic.rjvm.ConnectionManager.bootstrap(ConnectionManager.java:472)
	at weblogic.rjvm.ConnectionManager.bootstrap(ConnectionManager.java:323)
	at weblogic.rjvm.RJVMManager.findOrCreateRemoteInternal(RJVMManager.java:259)
	at weblogic.rjvm.RJVMManager.findOrCreate(RJVMManager.java:202)
	at weblogic.rjvm.RJVMFinder.findOrCreateRemoteServer(RJVMFinder.java:226)
	at weblogic.rjvm.RJVMFinder.findOrCreate(RJVMFinder.java:189)
	... 30 more
</error>
  </testcase>
  <testcase classname="test.com.inovis.b2b.audit.TestAuditActivityID" name="testAuditActivityIDGood" time="0.047"></testcase>
  <testcase classname="test.com.inovis.b2b.audit.TestAuditActivityID" name="testAuditActivityIDFromString" time="0.062"></testcase>
  <testcase classname="test.com.inovis.b2b.audit.TestAuditActivityID" name="testAuditActivityIDConstructorBad" time="0.0"></testcase>
  <testcase classname="test.com.inovis.b2b.audit.TestAuditActivityType" name="testAuditActivityTypeGood" time="0.0"></testcase>
  <testcase classname="test.com.inovis.b2b.audit.TestAuditActivityType" name="testAuditActivityTypeGet" time="0.0"></testcase>
  <testcase classname="test.com.inovis.b2b.audit.TestAuditArchiveFilter" name="testAuditArchiveFilter" time="0.063"></testcase>
  <testcase classname="test.com.inovis.b2b.audit.TestAuditContext" name="testAuditContextGood" time="0.125"></testcase>
  <testcase classname="test.com.inovis.b2b.audit.TestAuditContext" name="testAuditContextBad" time="0.0"></testcase>
  <testcase classname="test.com.inovis.b2b.audit.TestAuditHeader" name="testAuditHeaderGood" time="0.202"></testcase>
  <testcase classname="test.com.inovis.b2b.audit.TestAuditQueryFilter" name="testAuditQueryFilter" time="0.187"></testcase>
  <testcase classname="test.com.inovis.b2b.audit.TestAuditQueryResult" name="testAuditQueryResultConstructor" time="2.854">
    <error message="[AUDT-00050] Unable to get the Audit Server" type="com.inovis.b2b.lib.exception.OperationFailedException">class com.inovis.b2b.lib.exception.OperationFailedException: [AUDT-00050] Unable to get the Audit Server
	at com.inovis.b2b.audit.defs.AuditManagerImp.&lt;init&gt;(AuditManagerImp.java:69)
	at com.inovis.b2b.audit.AuditManager.getManager(AuditManager.java:36)
	at com.inovis.b2b.audit.AuditManager.getManager(AuditManager.java:46)
	at test.com.inovis.b2b.audit.TestAuditQueryResult.setUp(TestAuditQueryResult.java:58)
Caused by: class com.inovis.b2b.lib.service.ServiceUnavailableException: [LIBP-00001] Unable to connect to naming service
	at com.inovis.b2b.lib.service.ServiceLocator.getInitialContext(ServiceLocator.java:214)
	at com.inovis.b2b.lib.service.ServiceLocator.&lt;init&gt;(ServiceLocator.java:183)
	at com.inovis.b2b.lib.service.ServiceLocator.getInstance(ServiceLocator.java:167)
	at com.inovis.b2b.lib.service.ServiceLocator.getInstance(ServiceLocator.java:150)
	at com.inovis.b2b.audit.defs.AuditManagerImp.&lt;init&gt;(AuditManagerImp.java:56)
	... 17 more
Caused by: javax.naming.CommunicationException [Root exception is java.net.ConnectException: t3://localhost:7001: Destination unreachable; nested exception is: 
	java.net.ConnectException: Connection refused: connect; No available router to destination]
	at weblogic.jndi.internal.ExceptionTranslator.toNamingException(ExceptionTranslator.java:49)
	at weblogic.jndi.WLInitialContextFactoryDelegate.toNamingException(WLInitialContextFactoryDelegate.java:765)
	at weblogic.jndi.WLInitialContextFactoryDelegate.getInitialContext(WLInitialContextFactoryDelegate.java:364)
	at weblogic.jndi.Environment.getContext(Environment.java:307)
	at weblogic.jndi.Environment.getContext(Environment.java:277)
	at weblogic.jndi.WLInitialContextFactory.getInitialContext(WLInitialContextFactory.java:117)
	at javax.naming.spi.NamingManager.getInitialContext(NamingManager.java:667)
	at javax.naming.InitialContext.getDefaultInitCtx(InitialContext.java:247)
	at javax.naming.InitialContext.init(InitialContext.java:223)
	at javax.naming.InitialContext.&lt;init&gt;(InitialContext.java:175)
	at com.inovis.b2b.lib.service.ServiceLocator.getInitialContext(ServiceLocator.java:206)
	... 21 more
Caused by: java.net.ConnectException: t3://localhost:7001: Destination unreachable; nested exception is: 
	java.net.ConnectException: Connection refused: connect; No available router to destination
	at weblogic.rjvm.RJVMFinder.findOrCreate(RJVMFinder.java:204)
	at weblogic.rjvm.ServerURL.findOrCreateRJVM(ServerURL.java:154)
	at weblogic.jndi.WLInitialContextFactoryDelegate.getInitialContext(WLInitialContextFactoryDelegate.java:349)
	... 29 more
Caused by: java.rmi.ConnectException: Destination unreachable; nested exception is: 
	java.net.ConnectException: Connection refused: connect; No available router to destination
	at weblogic.rjvm.ConnectionManager.bootstrap(ConnectionManager.java:472)
	at weblogic.rjvm.ConnectionManager.bootstrap(ConnectionManager.java:323)
	at weblogic.rjvm.RJVMManager.findOrCreateRemoteInternal(RJVMManager.java:259)
	at weblogic.rjvm.RJVMManager.findOrCreate(RJVMManager.java:202)
	at weblogic.rjvm.RJVMFinder.findOrCreateRemoteServer(RJVMFinder.java:226)
	at weblogic.rjvm.RJVMFinder.findOrCreate(RJVMFinder.java:189)
	... 31 more
</error>
  </testcase>
  <testcase classname="test.com.inovis.b2b.audit.TestAuditQueryResult" name="testAuditQueryResultEmpty" time="2.792">
    <error message="[AUDT-00050] Unable to get the Audit Server" type="com.inovis.b2b.lib.exception.OperationFailedException">class com.inovis.b2b.lib.exception.OperationFailedException: [AUDT-00050] Unable to get the Audit Server
	at com.inovis.b2b.audit.defs.AuditManagerImp.&lt;init&gt;(AuditManagerImp.java:69)
	at com.inovis.b2b.audit.AuditManager.getManager(AuditManager.java:36)
	at com.inovis.b2b.audit.AuditManager.getManager(AuditManager.java:46)
	at test.com.inovis.b2b.audit.TestAuditQueryResult.setUp(TestAuditQueryResult.java:58)
Caused by: class com.inovis.b2b.lib.service.ServiceUnavailableException: [LIBP-00001] Unable to connect to naming service
	at com.inovis.b2b.lib.service.ServiceLocator.getInitialContext(ServiceLocator.java:214)
	at com.inovis.b2b.lib.service.ServiceLocator.&lt;init&gt;(ServiceLocator.java:183)
	at com.inovis.b2b.lib.service.ServiceLocator.getInstance(ServiceLocator.java:167)
	at com.inovis.b2b.lib.service.ServiceLocator.getInstance(ServiceLocator.java:150)
	at com.inovis.b2b.audit.defs.AuditManagerImp.&lt;init&gt;(AuditManagerImp.java:56)
	... 17 more
Caused by: javax.naming.CommunicationException [Root exception is java.net.ConnectException: t3://localhost:7001: Destination unreachable; nested exception is: 
	java.net.ConnectException: Connection refused: connect; No available router to destination]
	at weblogic.jndi.internal.ExceptionTranslator.toNamingException(ExceptionTranslator.java:49)
	at weblogic.jndi.WLInitialContextFactoryDelegate.toNamingException(WLInitialContextFactoryDelegate.java:765)
	at weblogic.jndi.WLInitialContextFactoryDelegate.getInitialContext(WLInitialContextFactoryDelegate.java:364)
	at weblogic.jndi.Environment.getContext(Environment.java:307)
	at weblogic.jndi.Environment.getContext(Environment.java:277)
	at weblogic.jndi.WLInitialContextFactory.getInitialContext(WLInitialContextFactory.java:117)
	at javax.naming.spi.NamingManager.getInitialContext(NamingManager.java:667)
	at javax.naming.InitialContext.getDefaultInitCtx(InitialContext.java:247)
	at javax.naming.InitialContext.init(InitialContext.java:223)
	at javax.naming.InitialContext.&lt;init&gt;(InitialContext.java:175)
	at com.inovis.b2b.lib.service.ServiceLocator.getInitialContext(ServiceLocator.java:206)
	... 21 more
Caused by: java.net.ConnectException: t3://localhost:7001: Destination unreachable; nested exception is: 
	java.net.ConnectException: Connection refused: connect; No available router to destination
	at weblogic.rjvm.RJVMFinder.findOrCreate(RJVMFinder.java:204)
	at weblogic.rjvm.ServerURL.findOrCreateRJVM(ServerURL.java:154)
	at weblogic.jndi.WLInitialContextFactoryDelegate.getInitialContext(WLInitialContextFactoryDelegate.java:349)
	... 29 more
Caused by: java.rmi.ConnectException: Destination unreachable; nested exception is: 
	java.net.ConnectException: Connection refused: connect; No available router to destination
	at weblogic.rjvm.ConnectionManager.bootstrap(ConnectionManager.java:472)
	at weblogic.rjvm.ConnectionManager.bootstrap(ConnectionManager.java:323)
	at weblogic.rjvm.RJVMManager.findOrCreateRemoteInternal(RJVMManager.java:259)
	at weblogic.rjvm.RJVMManager.findOrCreate(RJVMManager.java:202)
	at weblogic.rjvm.RJVMFinder.findOrCreateRemoteServer(RJVMFinder.java:226)
	at weblogic.rjvm.RJVMFinder.findOrCreate(RJVMFinder.java:189)
	... 31 more
</error>
  </testcase>
  <testcase classname="test.com.inovis.b2b.audit.TestAuditQueryResult" name="testAuditQueryResult1Page" time="3.15">
    <error message="[AUDT-00050] Unable to get the Audit Server" type="com.inovis.b2b.lib.exception.OperationFailedException">class com.inovis.b2b.lib.exception.OperationFailedException: [AUDT-00050] Unable to get the Audit Server
	at com.inovis.b2b.audit.defs.AuditManagerImp.&lt;init&gt;(AuditManagerImp.java:69)
	at com.inovis.b2b.audit.AuditManager.getManager(AuditManager.java:36)
	at com.inovis.b2b.audit.AuditManager.getManager(AuditManager.java:46)
	at test.com.inovis.b2b.audit.TestAuditQueryResult.setUp(TestAuditQueryResult.java:58)
Caused by: class com.inovis.b2b.lib.service.ServiceUnavailableException: [LIBP-00001] Unable to connect to naming service
	at com.inovis.b2b.lib.service.ServiceLocator.getInitialContext(ServiceLocator.java:214)
	at com.inovis.b2b.lib.service.ServiceLocator.&lt;init&gt;(ServiceLocator.java:183)
	at com.inovis.b2b.lib.service.ServiceLocator.getInstance(ServiceLocator.java:167)
	at com.inovis.b2b.lib.service.ServiceLocator.getInstance(ServiceLocator.java:150)
	at com.inovis.b2b.audit.defs.AuditManagerImp.&lt;init&gt;(AuditManagerImp.java:56)
	... 17 more
Caused by: javax.naming.CommunicationException [Root exception is java.net.ConnectException: t3://localhost:7001: Destination unreachable; nested exception is: 
	java.net.ConnectException: Connection refused: connect; No available router to destination]
	at weblogic.jndi.internal.ExceptionTranslator.toNamingException(ExceptionTranslator.java:49)
	at weblogic.jndi.WLInitialContextFactoryDelegate.toNamingException(WLInitialContextFactoryDelegate.java:765)
	at weblogic.jndi.WLInitialContextFactoryDelegate.getInitialContext(WLInitialContextFactoryDelegate.java:364)
	at weblogic.jndi.Environment.getContext(Environment.java:307)
	at weblogic.jndi.Environment.getContext(Environment.java:277)
	at weblogic.jndi.WLInitialContextFactory.getInitialContext(WLInitialContextFactory.java:117)
	at javax.naming.spi.NamingManager.getInitialContext(NamingManager.java:667)
	at javax.naming.InitialContext.getDefaultInitCtx(InitialContext.java:247)
	at javax.naming.InitialContext.init(InitialContext.java:223)
	at javax.naming.InitialContext.&lt;init&gt;(InitialContext.java:175)
	at com.inovis.b2b.lib.service.ServiceLocator.getInitialContext(ServiceLocator.java:206)
	... 21 more
Caused by: java.net.ConnectException: t3://localhost:7001: Destination unreachable; nested exception is: 
	java.net.ConnectException: Connection refused: connect; No available router to destination
	at weblogic.rjvm.RJVMFinder.findOrCreate(RJVMFinder.java:204)
	at weblogic.rjvm.ServerURL.findOrCreateRJVM(ServerURL.java:154)
	at weblogic.jndi.WLInitialContextFactoryDelegate.getInitialContext(WLInitialContextFactoryDelegate.java:349)
	... 29 more
Caused by: java.rmi.ConnectException: Destination unreachable; nested exception is: 
	java.net.ConnectException: Connection refused: connect; No available router to destination
	at weblogic.rjvm.ConnectionManager.bootstrap(ConnectionManager.java:472)
	at weblogic.rjvm.ConnectionManager.bootstrap(ConnectionManager.java:323)
	at weblogic.rjvm.RJVMManager.findOrCreateRemoteInternal(RJVMManager.java:259)
	at weblogic.rjvm.RJVMManager.findOrCreate(RJVMManager.java:202)
	at weblogic.rjvm.RJVMFinder.findOrCreateRemoteServer(RJVMFinder.java:226)
	at weblogic.rjvm.RJVMFinder.findOrCreate(RJVMFinder.java:189)
	... 31 more
</error>
  </testcase>
  <testcase classname="test.com.inovis.b2b.audit.TestAuditQueryResult" name="testAuditQueryResult2Pages" time="2.588">
    <error message="[AUDT-00050] Unable to get the Audit Server" type="com.inovis.b2b.lib.exception.OperationFailedException">class com.inovis.b2b.lib.exception.OperationFailedException: [AUDT-00050] Unable to get the Audit Server
	at com.inovis.b2b.audit.defs.AuditManagerImp.&lt;init&gt;(AuditManagerImp.java:69)
	at com.inovis.b2b.audit.AuditManager.getManager(AuditManager.java:36)
	at com.inovis.b2b.audit.AuditManager.getManager(AuditManager.java:46)
	at test.com.inovis.b2b.audit.TestAuditQueryResult.setUp(TestAuditQueryResult.java:58)
Caused by: class com.inovis.b2b.lib.service.ServiceUnavailableException: [LIBP-00001] Unable to connect to naming service
	at com.inovis.b2b.lib.service.ServiceLocator.getInitialContext(ServiceLocator.java:214)
	at com.inovis.b2b.lib.service.ServiceLocator.&lt;init&gt;(ServiceLocator.java:183)
	at com.inovis.b2b.lib.service.ServiceLocator.getInstance(ServiceLocator.java:167)
	at com.inovis.b2b.lib.service.ServiceLocator.getInstance(ServiceLocator.java:150)
	at com.inovis.b2b.audit.defs.AuditManagerImp.&lt;init&gt;(AuditManagerImp.java:56)
	... 17 more
Caused by: javax.naming.CommunicationException [Root exception is java.net.ConnectException: t3://localhost:7001: Destination unreachable; nested exception is: 
	java.net.ConnectException: Connection refused: connect; No available router to destination]
	at weblogic.jndi.internal.ExceptionTranslator.toNamingException(ExceptionTranslator.java:49)
	at weblogic.jndi.WLInitialContextFactoryDelegate.toNamingException(WLInitialContextFactoryDelegate.java:765)
	at weblogic.jndi.WLInitialContextFactoryDelegate.getInitialContext(WLInitialContextFactoryDelegate.java:364)
	at weblogic.jndi.Environment.getContext(Environment.java:307)
	at weblogic.jndi.Environment.getContext(Environment.java:277)
	at weblogic.jndi.WLInitialContextFactory.getInitialContext(WLInitialContextFactory.java:117)
	at javax.naming.spi.NamingManager.getInitialContext(NamingManager.java:667)
	at javax.naming.InitialContext.getDefaultInitCtx(InitialContext.java:247)
	at javax.naming.InitialContext.init(InitialContext.java:223)
	at javax.naming.InitialContext.&lt;init&gt;(InitialContext.java:175)
	at com.inovis.b2b.lib.service.ServiceLocator.getInitialContext(ServiceLocator.java:206)
	... 21 more
Caused by: java.net.ConnectException: t3://localhost:7001: Destination unreachable; nested exception is: 
	java.net.ConnectException: Connection refused: connect; No available router to destination
	at weblogic.rjvm.RJVMFinder.findOrCreate(RJVMFinder.java:204)
	at weblogic.rjvm.ServerURL.findOrCreateRJVM(ServerURL.java:154)
	at weblogic.jndi.WLInitialContextFactoryDelegate.getInitialContext(WLInitialContextFactoryDelegate.java:349)
	... 29 more
Caused by: java.rmi.ConnectException: Destination unreachable; nested exception is: 
	java.net.ConnectException: Connection refused: connect; No available router to destination
	at weblogic.rjvm.ConnectionManager.bootstrap(ConnectionManager.java:472)
	at weblogic.rjvm.ConnectionManager.bootstrap(ConnectionManager.java:323)
	at weblogic.rjvm.RJVMManager.findOrCreateRemoteInternal(RJVMManager.java:259)
	at weblogic.rjvm.RJVMManager.findOrCreate(RJVMManager.java:202)
	at weblogic.rjvm.RJVMFinder.findOrCreateRemoteServer(RJVMFinder.java:226)
	at weblogic.rjvm.RJVMFinder.findOrCreate(RJVMFinder.java:189)
	... 31 more
</error>
  </testcase>
  <testcase classname="test.com.inovis.b2b.audit.TestAuditQueryResult" name="testAuditQueryResultRefetch" time="2.168">
    <error message="[AUDT-00050] Unable to get the Audit Server" type="com.inovis.b2b.lib.exception.OperationFailedException">class com.inovis.b2b.lib.exception.OperationFailedException: [AUDT-00050] Unable to get the Audit Server
	at com.inovis.b2b.audit.defs.AuditManagerImp.&lt;init&gt;(AuditManagerImp.java:69)
	at com.inovis.b2b.audit.AuditManager.getManager(AuditManager.java:36)
	at com.inovis.b2b.audit.AuditManager.getManager(AuditManager.java:46)
	at test.com.inovis.b2b.audit.TestAuditQueryResult.setUp(TestAuditQueryResult.java:58)
Caused by: class com.inovis.b2b.lib.service.ServiceUnavailableException: [LIBP-00001] Unable to connect to naming service
	at com.inovis.b2b.lib.service.ServiceLocator.getInitialContext(ServiceLocator.java:214)
	at com.inovis.b2b.lib.service.ServiceLocator.&lt;init&gt;(ServiceLocator.java:183)
	at com.inovis.b2b.lib.service.ServiceLocator.getInstance(ServiceLocator.java:167)
	at com.inovis.b2b.lib.service.ServiceLocator.getInstance(ServiceLocator.java:150)
	at com.inovis.b2b.audit.defs.AuditManagerImp.&lt;init&gt;(AuditManagerImp.java:56)
	... 17 more
Caused by: javax.naming.CommunicationException [Root exception is java.net.ConnectException: t3://localhost:7001: Destination unreachable; nested exception is: 
	java.net.ConnectException: Connection refused: connect; No available router to destination]
	at weblogic.jndi.internal.ExceptionTranslator.toNamingException(ExceptionTranslator.java:49)
	at weblogic.jndi.WLInitialContextFactoryDelegate.toNamingException(WLInitialContextFactoryDelegate.java:765)
	at weblogic.jndi.WLInitialContextFactoryDelegate.getInitialContext(WLInitialContextFactoryDelegate.java:364)
	at weblogic.jndi.Environment.getContext(Environment.java:307)
	at weblogic.jndi.Environment.getContext(Environment.java:277)
	at weblogic.jndi.WLInitialContextFactory.getInitialContext(WLInitialContextFactory.java:117)
	at javax.naming.spi.NamingManager.getInitialContext(NamingManager.java:667)
	at javax.naming.InitialContext.getDefaultInitCtx(InitialContext.java:247)
	at javax.naming.InitialContext.init(InitialContext.java:223)
	at javax.naming.InitialContext.&lt;init&gt;(InitialContext.java:175)
	at com.inovis.b2b.lib.service.ServiceLocator.getInitialContext(ServiceLocator.java:206)
	... 21 more
Caused by: java.net.ConnectException: t3://localhost:7001: Destination unreachable; nested exception is: 
	java.net.ConnectException: Connection refused: connect; No available router to destination
	at weblogic.rjvm.RJVMFinder.findOrCreate(RJVMFinder.java:204)
	at weblogic.rjvm.ServerURL.findOrCreateRJVM(ServerURL.java:154)
	at weblogic.jndi.WLInitialContextFactoryDelegate.getInitialContext(WLInitialContextFactoryDelegate.java:349)
	... 29 more
Caused by: java.rmi.ConnectException: Destination unreachable; nested exception is: 
	java.net.ConnectException: Connection refused: connect; No available router to destination
	at weblogic.rjvm.ConnectionManager.bootstrap(ConnectionManager.java:472)
	at weblogic.rjvm.ConnectionManager.bootstrap(ConnectionManager.java:323)
	at weblogic.rjvm.RJVMManager.findOrCreateRemoteInternal(RJVMManager.java:259)
	at weblogic.rjvm.RJVMManager.findOrCreate(RJVMManager.java:202)
	at weblogic.rjvm.RJVMFinder.findOrCreateRemoteServer(RJVMFinder.java:226)
	at weblogic.rjvm.RJVMFinder.findOrCreate(RJVMFinder.java:189)
	... 31 more
</error>
  </testcase>
  <testcase classname="test.com.inovis.b2b.audit.TestAuditQueryResult" name="testAuditQueryResultCleanup" time="2.667">
    <error message="[AUDT-00050] Unable to get the Audit Server" type="com.inovis.b2b.lib.exception.OperationFailedException">class com.inovis.b2b.lib.exception.OperationFailedException: [AUDT-00050] Unable to get the Audit Server
	at com.inovis.b2b.audit.defs.AuditManagerImp.&lt;init&gt;(AuditManagerImp.java:69)
	at com.inovis.b2b.audit.AuditManager.getManager(AuditManager.java:36)
	at com.inovis.b2b.audit.AuditManager.getManager(AuditManager.java:46)
	at test.com.inovis.b2b.audit.TestAuditQueryResult.setUp(TestAuditQueryResult.java:58)
Caused by: class com.inovis.b2b.lib.service.ServiceUnavailableException: [LIBP-00001] Unable to connect to naming service
	at com.inovis.b2b.lib.service.ServiceLocator.getInitialContext(ServiceLocator.java:214)
	at com.inovis.b2b.lib.service.ServiceLocator.&lt;init&gt;(ServiceLocator.java:183)
	at com.inovis.b2b.lib.service.ServiceLocator.getInstance(ServiceLocator.java:167)
	at com.inovis.b2b.lib.service.ServiceLocator.getInstance(ServiceLocator.java:150)
	at com.inovis.b2b.audit.defs.AuditManagerImp.&lt;init&gt;(AuditManagerImp.java:56)
	... 17 more
Caused by: javax.naming.CommunicationException [Root exception is java.net.ConnectException: t3://localhost:7001: Destination unreachable; nested exception is: 
	java.net.ConnectException: Connection refused: connect; No available router to destination]
	at weblogic.jndi.internal.ExceptionTranslator.toNamingException(ExceptionTranslator.java:49)
	at weblogic.jndi.WLInitialContextFactoryDelegate.toNamingException(WLInitialContextFactoryDelegate.java:765)
	at weblogic.jndi.WLInitialContextFactoryDelegate.getInitialContext(WLInitialContextFactoryDelegate.java:364)
	at weblogic.jndi.Environment.getContext(Environment.java:307)
	at weblogic.jndi.Environment.getContext(Environment.java:277)
	at weblogic.jndi.WLInitialContextFactory.getInitialContext(WLInitialContextFactory.java:117)
	at javax.naming.spi.NamingManager.getInitialContext(NamingManager.java:667)
	at javax.naming.InitialContext.getDefaultInitCtx(InitialContext.java:247)
	at javax.naming.InitialContext.init(InitialContext.java:223)
	at javax.naming.InitialContext.&lt;init&gt;(InitialContext.java:175)
	at com.inovis.b2b.lib.service.ServiceLocator.getInitialContext(ServiceLocator.java:206)
	... 21 more
Caused by: java.net.ConnectException: t3://localhost:7001: Destination unreachable; nested exception is: 
	java.net.ConnectException: Connection refused: connect; No available router to destination
	at weblogic.rjvm.RJVMFinder.findOrCreate(RJVMFinder.java:204)
	at weblogic.rjvm.ServerURL.findOrCreateRJVM(ServerURL.java:154)
	at weblogic.jndi.WLInitialContextFactoryDelegate.getInitialContext(WLInitialContextFactoryDelegate.java:349)
	... 29 more
Caused by: java.rmi.ConnectException: Destination unreachable; nested exception is: 
	java.net.ConnectException: Connection refused: connect; No available router to destination
	at weblogic.rjvm.ConnectionManager.bootstrap(ConnectionManager.java:472)
	at weblogic.rjvm.ConnectionManager.bootstrap(ConnectionManager.java:323)
	at weblogic.rjvm.RJVMManager.findOrCreateRemoteInternal(RJVMManager.java:259)
	at weblogic.rjvm.RJVMManager.findOrCreate(RJVMManager.java:202)
	at weblogic.rjvm.RJVMFinder.findOrCreateRemoteServer(RJVMFinder.java:226)
	at weblogic.rjvm.RJVMFinder.findOrCreate(RJVMFinder.java:189)
	... 31 more
</error>
  </testcase>
  <testcase classname="test.com.inovis.b2b.audit.TestAuditStatus" name="testAuditStatus" time="0.0"></testcase>
  <testcase classname="test.com.inovis.b2b.audit.TestAuditStatusArchiveOption" name="testAuditStatusArchiveOption" time="0.0"></testcase>
  <testcase classname="test.com.inovis.b2b.audit.TestAuditStatusQueryOption" name="testAuditStatusQueryOption" time="0.0"></testcase>
  <testcase classname="test.com.inovis.b2b.audit.TestAuditOrderBy" name="testAuditOrderBy" time="0.031"></testcase>
  <testcase classname="test.com.inovis.b2b.audit.TestAuditFactory" name="testAuditFactory" time="0.047"></testcase>
  <testcase classname="test.com.inovis.b2b.audit.TestAuditRecord" name="testAuditRecord" time="3.025">
    <error message="[AUDT-00050] Unable to get the Audit Server" type="com.inovis.b2b.lib.exception.OperationFailedException">class com.inovis.b2b.lib.exception.OperationFailedException: [AUDT-00050] Unable to get the Audit Server
	at com.inovis.b2b.audit.defs.AuditManagerImp.&lt;init&gt;(AuditManagerImp.java:69)
	at com.inovis.b2b.audit.defs.AuditManagerImp.&lt;init&gt;(AuditManagerImp.java:77)
	at com.inovis.b2b.audit.defs.AuditRecordImp.getHeaderExtension(AuditRecordImp.java:75)
	at test.com.inovis.b2b.audit.TestAuditRecord.testAuditRecord(TestAuditRecord.java:109)
Caused by: class com.inovis.b2b.lib.service.ServiceUnavailableException: [LIBP-00001] Unable to connect to naming service
	at com.inovis.b2b.lib.service.ServiceLocator.getInitialContext(ServiceLocator.java:214)
	at com.inovis.b2b.lib.service.ServiceLocator.&lt;init&gt;(ServiceLocator.java:183)
	at com.inovis.b2b.lib.service.ServiceLocator.getInstance(ServiceLocator.java:167)
	at com.inovis.b2b.lib.service.ServiceLocator.getInstance(ServiceLocator.java:150)
	at com.inovis.b2b.audit.defs.AuditManagerImp.&lt;init&gt;(AuditManagerImp.java:56)
	... 22 more
Caused by: javax.naming.CommunicationException [Root exception is java.net.ConnectException: t3://localhost:7001: Destination unreachable; nested exception is: 
	java.net.ConnectException: Connection refused: connect; No available router to destination]
	at weblogic.jndi.internal.ExceptionTranslator.toNamingException(ExceptionTranslator.java:49)
	at weblogic.jndi.WLInitialContextFactoryDelegate.toNamingException(WLInitialContextFactoryDelegate.java:765)
	at weblogic.jndi.WLInitialContextFactoryDelegate.getInitialContext(WLInitialContextFactoryDelegate.java:364)
	at weblogic.jndi.Environment.getContext(Environment.java:307)
	at weblogic.jndi.Environment.getContext(Environment.java:277)
	at weblogic.jndi.WLInitialContextFactory.getInitialContext(WLInitialContextFactory.java:117)
	at javax.naming.spi.NamingManager.getInitialContext(NamingManager.java:667)
	at javax.naming.InitialContext.getDefaultInitCtx(InitialContext.java:247)
	at javax.naming.InitialContext.init(InitialContext.java:223)
	at javax.naming.InitialContext.&lt;init&gt;(InitialContext.java:175)
	at com.inovis.b2b.lib.service.ServiceLocator.getInitialContext(ServiceLocator.java:206)
	... 26 more
Caused by: java.net.ConnectException: t3://localhost:7001: Destination unreachable; nested exception is: 
	java.net.ConnectException: Connection refused: connect; No available router to destination
	at weblogic.rjvm.RJVMFinder.findOrCreate(RJVMFinder.java:204)
	at weblogic.rjvm.ServerURL.findOrCreateRJVM(ServerURL.java:154)
	at weblogic.jndi.WLInitialContextFactoryDelegate.getInitialContext(WLInitialContextFactoryDelegate.java:349)
	... 34 more
Caused by: java.rmi.ConnectException: Destination unreachable; nested exception is: 
	java.net.ConnectException: Connection refused: connect; No available router to destination
	at weblogic.rjvm.ConnectionManager.bootstrap(ConnectionManager.java:472)
	at weblogic.rjvm.ConnectionManager.bootstrap(ConnectionManager.java:323)
	at weblogic.rjvm.RJVMManager.findOrCreateRemoteInternal(RJVMManager.java:259)
	at weblogic.rjvm.RJVMManager.findOrCreate(RJVMManager.java:202)
	at weblogic.rjvm.RJVMFinder.findOrCreateRemoteServer(RJVMFinder.java:226)
	at weblogic.rjvm.RJVMFinder.findOrCreate(RJVMFinder.java:189)
	... 36 more
</error>
  </testcase>
  <testcase classname="test.com.inovis.b2b.audit.TestAuditManager" name="testAuditManagerGetRecord" time="2.37">
    <error message="[AUDT-00050] Unable to get the Audit Server" type="com.inovis.b2b.lib.exception.OperationFailedException">class com.inovis.b2b.lib.exception.OperationFailedException: [AUDT-00050] Unable to get the Audit Server
	at com.inovis.b2b.audit.defs.AuditManagerImp.&lt;init&gt;(AuditManagerImp.java:69)
	at com.inovis.b2b.audit.AuditManager.getManager(AuditManager.java:36)
	at com.inovis.b2b.audit.AuditManager.getManager(AuditManager.java:46)
	at test.com.inovis.b2b.audit.TestAuditManager.setUp(TestAuditManager.java:65)
Caused by: class com.inovis.b2b.lib.service.ServiceUnavailableException: [LIBP-00001] Unable to connect to naming service
	at com.inovis.b2b.lib.service.ServiceLocator.getInitialContext(ServiceLocator.java:214)
	at com.inovis.b2b.lib.service.ServiceLocator.&lt;init&gt;(ServiceLocator.java:183)
	at com.inovis.b2b.lib.service.ServiceLocator.getInstance(ServiceLocator.java:167)
	at com.inovis.b2b.lib.service.ServiceLocator.getInstance(ServiceLocator.java:150)
	at com.inovis.b2b.audit.defs.AuditManagerImp.&lt;init&gt;(AuditManagerImp.java:56)
	... 17 more
Caused by: javax.naming.CommunicationException [Root exception is java.net.ConnectException: t3://localhost:7001: Destination unreachable; nested exception is: 
	java.net.ConnectException: Connection refused: connect; No available router to destination]
	at weblogic.jndi.internal.ExceptionTranslator.toNamingException(ExceptionTranslator.java:49)
	at weblogic.jndi.WLInitialContextFactoryDelegate.toNamingException(WLInitialContextFactoryDelegate.java:765)
	at weblogic.jndi.WLInitialContextFactoryDelegate.getInitialContext(WLInitialContextFactoryDelegate.java:364)
	at weblogic.jndi.Environment.getContext(Environment.java:307)
	at weblogic.jndi.Environment.getContext(Environment.java:277)
	at weblogic.jndi.WLInitialContextFactory.getInitialContext(WLInitialContextFactory.java:117)
	at javax.naming.spi.NamingManager.getInitialContext(NamingManager.java:667)
	at javax.naming.InitialContext.getDefaultInitCtx(InitialContext.java:247)
	at javax.naming.InitialContext.init(InitialContext.java:223)
	at javax.naming.InitialContext.&lt;init&gt;(InitialContext.java:175)
	at com.inovis.b2b.lib.service.ServiceLocator.getInitialContext(ServiceLocator.java:206)
	... 21 more
Caused by: java.net.ConnectException: t3://localhost:7001: Destination unreachable; nested exception is: 
	java.net.ConnectException: Connection refused: connect; No available router to destination
	at weblogic.rjvm.RJVMFinder.findOrCreate(RJVMFinder.java:204)
	at weblogic.rjvm.ServerURL.findOrCreateRJVM(ServerURL.java:154)
	at weblogic.jndi.WLInitialContextFactoryDelegate.getInitialContext(WLInitialContextFactoryDelegate.java:349)
	... 29 more
Caused by: java.rmi.ConnectException: Destination unreachable; nested exception is: 
	java.net.ConnectException: Connection refused: connect; No available router to destination
	at weblogic.rjvm.ConnectionManager.bootstrap(ConnectionManager.java:472)
	at weblogic.rjvm.ConnectionManager.bootstrap(ConnectionManager.java:323)
	at weblogic.rjvm.RJVMManager.findOrCreateRemoteInternal(RJVMManager.java:259)
	at weblogic.rjvm.RJVMManager.findOrCreate(RJVMManager.java:202)
	at weblogic.rjvm.RJVMFinder.findOrCreateRemoteServer(RJVMFinder.java:226)
	at weblogic.rjvm.RJVMFinder.findOrCreate(RJVMFinder.java:189)
	... 31 more
</error>
  </testcase>
  <testcase classname="test.com.inovis.b2b.audit.TestAuditManager" name="testAuditManagerGetRecords" time="2.074">
    <error message="[AUDT-00050] Unable to get the Audit Server" type="com.inovis.b2b.lib.exception.OperationFailedException">class com.inovis.b2b.lib.exception.OperationFailedException: [AUDT-00050] Unable to get the Audit Server
	at com.inovis.b2b.audit.defs.AuditManagerImp.&lt;init&gt;(AuditManagerImp.java:69)
	at com.inovis.b2b.audit.AuditManager.getManager(AuditManager.java:36)
	at com.inovis.b2b.audit.AuditManager.getManager(AuditManager.java:46)
	at test.com.inovis.b2b.audit.TestAuditManager.setUp(TestAuditManager.java:65)
Caused by: class com.inovis.b2b.lib.service.ServiceUnavailableException: [LIBP-00001] Unable to connect to naming service
	at com.inovis.b2b.lib.service.ServiceLocator.getInitialContext(ServiceLocator.java:214)
	at com.inovis.b2b.lib.service.ServiceLocator.&lt;init&gt;(ServiceLocator.java:183)
	at com.inovis.b2b.lib.service.ServiceLocator.getInstance(ServiceLocator.java:167)
	at com.inovis.b2b.lib.service.ServiceLocator.getInstance(ServiceLocator.java:150)
	at com.inovis.b2b.audit.defs.AuditManagerImp.&lt;init&gt;(AuditManagerImp.java:56)
	... 17 more
Caused by: javax.naming.CommunicationException [Root exception is java.net.ConnectException: t3://localhost:7001: Destination unreachable; nested exception is: 
	java.net.ConnectException: Connection refused: connect; No available router to destination]
	at weblogic.jndi.internal.ExceptionTranslator.toNamingException(ExceptionTranslator.java:49)
	at weblogic.jndi.WLInitialContextFactoryDelegate.toNamingException(WLInitialContextFactoryDelegate.java:765)
	at weblogic.jndi.WLInitialContextFactoryDelegate.getInitialContext(WLInitialContextFactoryDelegate.java:364)
	at weblogic.jndi.Environment.getContext(Environment.java:307)
	at weblogic.jndi.Environment.getContext(Environment.java:277)
	at weblogic.jndi.WLInitialContextFactory.getInitialContext(WLInitialContextFactory.java:117)
	at javax.naming.spi.NamingManager.getInitialContext(NamingManager.java:667)
	at javax.naming.InitialContext.getDefaultInitCtx(InitialContext.java:247)
	at javax.naming.InitialContext.init(InitialContext.java:223)
	at javax.naming.InitialContext.&lt;init&gt;(InitialContext.java:175)
	at com.inovis.b2b.lib.service.ServiceLocator.getInitialContext(ServiceLocator.java:206)
	... 21 more
Caused by: java.net.ConnectException: t3://localhost:7001: Destination unreachable; nested exception is: 
	java.net.ConnectException: Connection refused: connect; No available router to destination
	at weblogic.rjvm.RJVMFinder.findOrCreate(RJVMFinder.java:204)
	at weblogic.rjvm.ServerURL.findOrCreateRJVM(ServerURL.java:154)
	at weblogic.jndi.WLInitialContextFactoryDelegate.getInitialContext(WLInitialContextFactoryDelegate.java:349)
	... 29 more
Caused by: java.rmi.ConnectException: Destination unreachable; nested exception is: 
	java.net.ConnectException: Connection refused: connect; No available router to destination
	at weblogic.rjvm.ConnectionManager.bootstrap(ConnectionManager.java:472)
	at weblogic.rjvm.ConnectionManager.bootstrap(ConnectionManager.java:323)
	at weblogic.rjvm.RJVMManager.findOrCreateRemoteInternal(RJVMManager.java:259)
	at weblogic.rjvm.RJVMManager.findOrCreate(RJVMManager.java:202)
	at weblogic.rjvm.RJVMFinder.findOrCreateRemoteServer(RJVMFinder.java:226)
	at weblogic.rjvm.RJVMFinder.findOrCreate(RJVMFinder.java:189)
	... 31 more
</error>
  </testcase>
  <testcase classname="test.com.inovis.b2b.audit.TestAuditManager" name="testAuditManagerGetRegisteredTypes" time="3.088">
    <error message="[AUDT-00050] Unable to get the Audit Server" type="com.inovis.b2b.lib.exception.OperationFailedException">class com.inovis.b2b.lib.exception.OperationFailedException: [AUDT-00050] Unable to get the Audit Server
	at com.inovis.b2b.audit.defs.AuditManagerImp.&lt;init&gt;(AuditManagerImp.java:69)
	at com.inovis.b2b.audit.AuditManager.getManager(AuditManager.java:36)
	at com.inovis.b2b.audit.AuditManager.getManager(AuditManager.java:46)
	at test.com.inovis.b2b.audit.TestAuditManager.setUp(TestAuditManager.java:65)
Caused by: class com.inovis.b2b.lib.service.ServiceUnavailableException: [LIBP-00001] Unable to connect to naming service
	at com.inovis.b2b.lib.service.ServiceLocator.getInitialContext(ServiceLocator.java:214)
	at com.inovis.b2b.lib.service.ServiceLocator.&lt;init&gt;(ServiceLocator.java:183)
	at com.inovis.b2b.lib.service.ServiceLocator.getInstance(ServiceLocator.java:167)
	at com.inovis.b2b.lib.service.ServiceLocator.getInstance(ServiceLocator.java:150)
	at com.inovis.b2b.audit.defs.AuditManagerImp.&lt;init&gt;(AuditManagerImp.java:56)
	... 17 more
Caused by: javax.naming.CommunicationException [Root exception is java.net.ConnectException: t3://localhost:7001: Destination unreachable; nested exception is: 
	java.net.ConnectException: Connection refused: connect; No available router to destination]
	at weblogic.jndi.internal.ExceptionTranslator.toNamingException(ExceptionTranslator.java:49)
	at weblogic.jndi.WLInitialContextFactoryDelegate.toNamingException(WLInitialContextFactoryDelegate.java:765)
	at weblogic.jndi.WLInitialContextFactoryDelegate.getInitialContext(WLInitialContextFactoryDelegate.java:364)
	at weblogic.jndi.Environment.getContext(Environment.java:307)
	at weblogic.jndi.Environment.getContext(Environment.java:277)
	at weblogic.jndi.WLInitialContextFactory.getInitialContext(WLInitialContextFactory.java:117)
	at javax.naming.spi.NamingManager.getInitialContext(NamingManager.java:667)
	at javax.naming.InitialContext.getDefaultInitCtx(InitialContext.java:247)
	at javax.naming.InitialContext.init(InitialContext.java:223)
	at javax.naming.InitialContext.&lt;init&gt;(InitialContext.java:175)
	at com.inovis.b2b.lib.service.ServiceLocator.getInitialContext(ServiceLocator.java:206)
	... 21 more
Caused by: java.net.ConnectException: t3://localhost:7001: Destination unreachable; nested exception is: 
	java.net.ConnectException: Connection refused: connect; No available router to destination
	at weblogic.rjvm.RJVMFinder.findOrCreate(RJVMFinder.java:204)
	at weblogic.rjvm.ServerURL.findOrCreateRJVM(ServerURL.java:154)
	at weblogic.jndi.WLInitialContextFactoryDelegate.getInitialContext(WLInitialContextFactoryDelegate.java:349)
	... 29 more
Caused by: java.rmi.ConnectException: Destination unreachable; nested exception is: 
	java.net.ConnectException: Connection refused: connect; No available router to destination
	at weblogic.rjvm.ConnectionManager.bootstrap(ConnectionManager.java:472)
	at weblogic.rjvm.ConnectionManager.bootstrap(ConnectionManager.java:323)
	at weblogic.rjvm.RJVMManager.findOrCreateRemoteInternal(RJVMManager.java:259)
	at weblogic.rjvm.RJVMManager.findOrCreate(RJVMManager.java:202)
	at weblogic.rjvm.RJVMFinder.findOrCreateRemoteServer(RJVMFinder.java:226)
	at weblogic.rjvm.RJVMFinder.findOrCreate(RJVMFinder.java:189)
	... 31 more
</error>
  </testcase>
  <testcase classname="test.com.inovis.b2b.audit.TestAuditManager" name="testAuditManagerArchive" time="2.293">
    <error message="[AUDT-00050] Unable to get the Audit Server" type="com.inovis.b2b.lib.exception.OperationFailedException">class com.inovis.b2b.lib.exception.OperationFailedException: [AUDT-00050] Unable to get the Audit Server
	at com.inovis.b2b.audit.defs.AuditManagerImp.&lt;init&gt;(AuditManagerImp.java:69)
	at com.inovis.b2b.audit.AuditManager.getManager(AuditManager.java:36)
	at com.inovis.b2b.audit.AuditManager.getManager(AuditManager.java:46)
	at test.com.inovis.b2b.audit.TestAuditManager.setUp(TestAuditManager.java:65)
Caused by: class com.inovis.b2b.lib.service.ServiceUnavailableException: [LIBP-00001] Unable to connect to naming service
	at com.inovis.b2b.lib.service.ServiceLocator.getInitialContext(ServiceLocator.java:214)
	at com.inovis.b2b.lib.service.ServiceLocator.&lt;init&gt;(ServiceLocator.java:183)
	at com.inovis.b2b.lib.service.ServiceLocator.getInstance(ServiceLocator.java:167)
	at com.inovis.b2b.lib.service.ServiceLocator.getInstance(ServiceLocator.java:150)
	at com.inovis.b2b.audit.defs.AuditManagerImp.&lt;init&gt;(AuditManagerImp.java:56)
	... 17 more
Caused by: javax.naming.CommunicationException [Root exception is java.net.ConnectException: t3://localhost:7001: Destination unreachable; nested exception is: 
	java.net.ConnectException: Connection refused: connect; No available router to destination]
	at weblogic.jndi.internal.ExceptionTranslator.toNamingException(ExceptionTranslator.java:49)
	at weblogic.jndi.WLInitialContextFactoryDelegate.toNamingException(WLInitialContextFactoryDelegate.java:765)
	at weblogic.jndi.WLInitialContextFactoryDelegate.getInitialContext(WLInitialContextFactoryDelegate.java:364)
	at weblogic.jndi.Environment.getContext(Environment.java:307)
	at weblogic.jndi.Environment.getContext(Environment.java:277)
	at weblogic.jndi.WLInitialContextFactory.getInitialContext(WLInitialContextFactory.java:117)
	at javax.naming.spi.NamingManager.getInitialContext(NamingManager.java:667)
	at javax.naming.InitialContext.getDefaultInitCtx(InitialContext.java:247)
	at javax.naming.InitialContext.init(InitialContext.java:223)
	at javax.naming.InitialContext.&lt;init&gt;(InitialContext.java:175)
	at com.inovis.b2b.lib.service.ServiceLocator.getInitialContext(ServiceLocator.java:206)
	... 21 more
Caused by: java.net.ConnectException: t3://localhost:7001: Destination unreachable; nested exception is: 
	java.net.ConnectException: Connection refused: connect; No available router to destination
	at weblogic.rjvm.RJVMFinder.findOrCreate(RJVMFinder.java:204)
	at weblogic.rjvm.ServerURL.findOrCreateRJVM(ServerURL.java:154)
	at weblogic.jndi.WLInitialContextFactoryDelegate.getInitialContext(WLInitialContextFactoryDelegate.java:349)
	... 29 more
Caused by: java.rmi.ConnectException: Destination unreachable; nested exception is: 
	java.net.ConnectException: Connection refused: connect; No available router to destination
	at weblogic.rjvm.ConnectionManager.bootstrap(ConnectionManager.java:472)
	at weblogic.rjvm.ConnectionManager.bootstrap(ConnectionManager.java:323)
	at weblogic.rjvm.RJVMManager.findOrCreateRemoteInternal(RJVMManager.java:259)
	at weblogic.rjvm.RJVMManager.findOrCreate(RJVMManager.java:202)
	at weblogic.rjvm.RJVMFinder.findOrCreateRemoteServer(RJVMFinder.java:226)
	at weblogic.rjvm.RJVMFinder.findOrCreate(RJVMFinder.java:189)
	... 31 more
</error>
  </testcase>
  <testcase classname="test.com.inovis.b2b.audit.TestAuditManager" name="testAuditManagerPurge" time="2.682">
    <error message="[AUDT-00050] Unable to get the Audit Server" type="com.inovis.b2b.lib.exception.OperationFailedException">class com.inovis.b2b.lib.exception.OperationFailedException: [AUDT-00050] Unable to get the Audit Server
	at com.inovis.b2b.audit.defs.AuditManagerImp.&lt;init&gt;(AuditManagerImp.java:69)
	at com.inovis.b2b.audit.AuditManager.getManager(AuditManager.java:36)
	at com.inovis.b2b.audit.AuditManager.getManager(AuditManager.java:46)
	at test.com.inovis.b2b.audit.TestAuditManager.setUp(TestAuditManager.java:65)
Caused by: class com.inovis.b2b.lib.service.ServiceUnavailableException: [LIBP-00001] Unable to connect to naming service
	at com.inovis.b2b.lib.service.ServiceLocator.getInitialContext(ServiceLocator.java:214)
	at com.inovis.b2b.lib.service.ServiceLocator.&lt;init&gt;(ServiceLocator.java:183)
	at com.inovis.b2b.lib.service.ServiceLocator.getInstance(ServiceLocator.java:167)
	at com.inovis.b2b.lib.service.ServiceLocator.getInstance(ServiceLocator.java:150)
	at com.inovis.b2b.audit.defs.AuditManagerImp.&lt;init&gt;(AuditManagerImp.java:56)
	... 17 more
Caused by: javax.naming.CommunicationException [Root exception is java.net.ConnectException: t3://localhost:7001: Destination unreachable; nested exception is: 
	java.net.ConnectException: Connection refused: connect; No available router to destination]
	at weblogic.jndi.internal.ExceptionTranslator.toNamingException(ExceptionTranslator.java:49)
	at weblogic.jndi.WLInitialContextFactoryDelegate.toNamingException(WLInitialContextFactoryDelegate.java:765)
	at weblogic.jndi.WLInitialContextFactoryDelegate.getInitialContext(WLInitialContextFactoryDelegate.java:364)
	at weblogic.jndi.Environment.getContext(Environment.java:307)
	at weblogic.jndi.Environment.getContext(Environment.java:277)
	at weblogic.jndi.WLInitialContextFactory.getInitialContext(WLInitialContextFactory.java:117)
	at javax.naming.spi.NamingManager.getInitialContext(NamingManager.java:667)
	at javax.naming.InitialContext.getDefaultInitCtx(InitialContext.java:247)
	at javax.naming.InitialContext.init(InitialContext.java:223)
	at javax.naming.InitialContext.&lt;init&gt;(InitialContext.java:175)
	at com.inovis.b2b.lib.service.ServiceLocator.getInitialContext(ServiceLocator.java:206)
	... 21 more
Caused by: java.net.ConnectException: t3://localhost:7001: Destination unreachable; nested exception is: 
	java.net.ConnectException: Connection refused: connect; No available router to destination
	at weblogic.rjvm.RJVMFinder.findOrCreate(RJVMFinder.java:204)
	at weblogic.rjvm.ServerURL.findOrCreateRJVM(ServerURL.java:154)
	at weblogic.jndi.WLInitialContextFactoryDelegate.getInitialContext(WLInitialContextFactoryDelegate.java:349)
	... 29 more
Caused by: java.rmi.ConnectException: Destination unreachable; nested exception is: 
	java.net.ConnectException: Connection refused: connect; No available router to destination
	at weblogic.rjvm.ConnectionManager.bootstrap(ConnectionManager.java:472)
	at weblogic.rjvm.ConnectionManager.bootstrap(ConnectionManager.java:323)
	at weblogic.rjvm.RJVMManager.findOrCreateRemoteInternal(RJVMManager.java:259)
	at weblogic.rjvm.RJVMManager.findOrCreate(RJVMManager.java:202)
	at weblogic.rjvm.RJVMFinder.findOrCreateRemoteServer(RJVMFinder.java:226)
	at weblogic.rjvm.RJVMFinder.findOrCreate(RJVMFinder.java:189)
	... 31 more
</error>
  </testcase>
  <testcase classname="test.com.inovis.b2b.audit.TestAuditManager" name="testAuditManagerRestore" time="2.464">
    <error message="[AUDT-00050] Unable to get the Audit Server" type="com.inovis.b2b.lib.exception.OperationFailedException">class com.inovis.b2b.lib.exception.OperationFailedException: [AUDT-00050] Unable to get the Audit Server
	at com.inovis.b2b.audit.defs.AuditManagerImp.&lt;init&gt;(AuditManagerImp.java:69)
	at com.inovis.b2b.audit.AuditManager.getManager(AuditManager.java:36)
	at com.inovis.b2b.audit.AuditManager.getManager(AuditManager.java:46)
	at test.com.inovis.b2b.audit.TestAuditManager.setUp(TestAuditManager.java:65)
Caused by: class com.inovis.b2b.lib.service.ServiceUnavailableException: [LIBP-00001] Unable to connect to naming service
	at com.inovis.b2b.lib.service.ServiceLocator.getInitialContext(ServiceLocator.java:214)
	at com.inovis.b2b.lib.service.ServiceLocator.&lt;init&gt;(ServiceLocator.java:183)
	at com.inovis.b2b.lib.service.ServiceLocator.getInstance(ServiceLocator.java:167)
	at com.inovis.b2b.lib.service.ServiceLocator.getInstance(ServiceLocator.java:150)
	at com.inovis.b2b.audit.defs.AuditManagerImp.&lt;init&gt;(AuditManagerImp.java:56)
	... 17 more
Caused by: javax.naming.CommunicationException [Root exception is java.net.ConnectException: t3://localhost:7001: Destination unreachable; nested exception is: 
	java.net.ConnectException: Connection refused: connect; No available router to destination]
	at weblogic.jndi.internal.ExceptionTranslator.toNamingException(ExceptionTranslator.java:49)
	at weblogic.jndi.WLInitialContextFactoryDelegate.toNamingException(WLInitialContextFactoryDelegate.java:765)
	at weblogic.jndi.WLInitialContextFactoryDelegate.getInitialContext(WLInitialContextFactoryDelegate.java:364)
	at weblogic.jndi.Environment.getContext(Environment.java:307)
	at weblogic.jndi.Environment.getContext(Environment.java:277)
	at weblogic.jndi.WLInitialContextFactory.getInitialContext(WLInitialContextFactory.java:117)
	at javax.naming.spi.NamingManager.getInitialContext(NamingManager.java:667)
	at javax.naming.InitialContext.getDefaultInitCtx(InitialContext.java:247)
	at javax.naming.InitialContext.init(InitialContext.java:223)
	at javax.naming.InitialContext.&lt;init&gt;(InitialContext.java:175)
	at com.inovis.b2b.lib.service.ServiceLocator.getInitialContext(ServiceLocator.java:206)
	... 21 more
Caused by: java.net.ConnectException: t3://localhost:7001: Destination unreachable; nested exception is: 
	java.net.ConnectException: Connection refused: connect; No available router to destination
	at weblogic.rjvm.RJVMFinder.findOrCreate(RJVMFinder.java:204)
	at weblogic.rjvm.ServerURL.findOrCreateRJVM(ServerURL.java:154)
	at weblogic.jndi.WLInitialContextFactoryDelegate.getInitialContext(WLInitialContextFactoryDelegate.java:349)
	... 29 more
Caused by: java.rmi.ConnectException: Destination unreachable; nested exception is: 
	java.net.ConnectException: Connection refused: connect; No available router to destination
	at weblogic.rjvm.ConnectionManager.bootstrap(ConnectionManager.java:472)
	at weblogic.rjvm.ConnectionManager.bootstrap(ConnectionManager.java:323)
	at weblogic.rjvm.RJVMManager.findOrCreateRemoteInternal(RJVMManager.java:259)
	at weblogic.rjvm.RJVMManager.findOrCreate(RJVMManager.java:202)
	at weblogic.rjvm.RJVMFinder.findOrCreateRemoteServer(RJVMFinder.java:226)
	at weblogic.rjvm.RJVMFinder.findOrCreate(RJVMFinder.java:189)
	... 31 more
</error>
  </testcase>
  <testcase classname="test.com.inovis.b2b.audit.TestAuditManager" name="testAuditManagerImpGetDetails" time="2.947">
    <error message="[AUDT-00050] Unable to get the Audit Server" type="com.inovis.b2b.lib.exception.OperationFailedException">class com.inovis.b2b.lib.exception.OperationFailedException: [AUDT-00050] Unable to get the Audit Server
	at com.inovis.b2b.audit.defs.AuditManagerImp.&lt;init&gt;(AuditManagerImp.java:69)
	at com.inovis.b2b.audit.AuditManager.getManager(AuditManager.java:36)
	at com.inovis.b2b.audit.AuditManager.getManager(AuditManager.java:46)
	at test.com.inovis.b2b.audit.TestAuditManager.setUp(TestAuditManager.java:65)
Caused by: class com.inovis.b2b.lib.service.ServiceUnavailableException: [LIBP-00001] Unable to connect to naming service
	at com.inovis.b2b.lib.service.ServiceLocator.getInitialContext(ServiceLocator.java:214)
	at com.inovis.b2b.lib.service.ServiceLocator.&lt;init&gt;(ServiceLocator.java:183)
	at com.inovis.b2b.lib.service.ServiceLocator.getInstance(ServiceLocator.java:167)
	at com.inovis.b2b.lib.service.ServiceLocator.getInstance(ServiceLocator.java:150)
	at com.inovis.b2b.audit.defs.AuditManagerImp.&lt;init&gt;(AuditManagerImp.java:56)
	... 17 more
Caused by: javax.naming.CommunicationException [Root exception is java.net.ConnectException: t3://localhost:7001: Destination unreachable; nested exception is: 
	java.net.ConnectException: Connection refused: connect; No available router to destination]
	at weblogic.jndi.internal.ExceptionTranslator.toNamingException(ExceptionTranslator.java:49)
	at weblogic.jndi.WLInitialContextFactoryDelegate.toNamingException(WLInitialContextFactoryDelegate.java:765)
	at weblogic.jndi.WLInitialContextFactoryDelegate.getInitialContext(WLInitialContextFactoryDelegate.java:364)
	at weblogic.jndi.Environment.getContext(Environment.java:307)
	at weblogic.jndi.Environment.getContext(Environment.java:277)
	at weblogic.jndi.WLInitialContextFactory.getInitialContext(WLInitialContextFactory.java:117)
	at javax.naming.spi.NamingManager.getInitialContext(NamingManager.java:667)
	at javax.naming.InitialContext.getDefaultInitCtx(InitialContext.java:247)
	at javax.naming.InitialContext.init(InitialContext.java:223)
	at javax.naming.InitialContext.&lt;init&gt;(InitialContext.java:175)
	at com.inovis.b2b.lib.service.ServiceLocator.getInitialContext(ServiceLocator.java:206)
	... 21 more
Caused by: java.net.ConnectException: t3://localhost:7001: Destination unreachable; nested exception is: 
	java.net.ConnectException: Connection refused: connect; No available router to destination
	at weblogic.rjvm.RJVMFinder.findOrCreate(RJVMFinder.java:204)
	at weblogic.rjvm.ServerURL.findOrCreateRJVM(ServerURL.java:154)
	at weblogic.jndi.WLInitialContextFactoryDelegate.getInitialContext(WLInitialContextFactoryDelegate.java:349)
	... 29 more
Caused by: java.rmi.ConnectException: Destination unreachable; nested exception is: 
	java.net.ConnectException: Connection refused: connect; No available router to destination
	at weblogic.rjvm.ConnectionManager.bootstrap(ConnectionManager.java:472)
	at weblogic.rjvm.ConnectionManager.bootstrap(ConnectionManager.java:323)
	at weblogic.rjvm.RJVMManager.findOrCreateRemoteInternal(RJVMManager.java:259)
	at weblogic.rjvm.RJVMManager.findOrCreate(RJVMManager.java:202)
	at weblogic.rjvm.RJVMFinder.findOrCreateRemoteServer(RJVMFinder.java:226)
	at weblogic.rjvm.RJVMFinder.findOrCreate(RJVMFinder.java:189)
	... 31 more
</error>
  </testcase>
  <testcase classname="test.com.inovis.b2b.audit.TestAuditManager" name="testAuditManagerImpGetHeaderExtension" time="2.48">
    <error message="[AUDT-00050] Unable to get the Audit Server" type="com.inovis.b2b.lib.exception.OperationFailedException">class com.inovis.b2b.lib.exception.OperationFailedException: [AUDT-00050] Unable to get the Audit Server
	at com.inovis.b2b.audit.defs.AuditManagerImp.&lt;init&gt;(AuditManagerImp.java:69)
	at com.inovis.b2b.audit.AuditManager.getManager(AuditManager.java:36)
	at com.inovis.b2b.audit.AuditManager.getManager(AuditManager.java:46)
	at test.com.inovis.b2b.audit.TestAuditManager.setUp(TestAuditManager.java:65)
Caused by: class com.inovis.b2b.lib.service.ServiceUnavailableException: [LIBP-00001] Unable to connect to naming service
	at com.inovis.b2b.lib.service.ServiceLocator.getInitialContext(ServiceLocator.java:214)
	at com.inovis.b2b.lib.service.ServiceLocator.&lt;init&gt;(ServiceLocator.java:183)
	at com.inovis.b2b.lib.service.ServiceLocator.getInstance(ServiceLocator.java:167)
	at com.inovis.b2b.lib.service.ServiceLocator.getInstance(ServiceLocator.java:150)
	at com.inovis.b2b.audit.defs.AuditManagerImp.&lt;init&gt;(AuditManagerImp.java:56)
	... 17 more
Caused by: javax.naming.CommunicationException [Root exception is java.net.ConnectException: t3://localhost:7001: Destination unreachable; nested exception is: 
	java.net.ConnectException: Connection refused: connect; No available router to destination]
	at weblogic.jndi.internal.ExceptionTranslator.toNamingException(ExceptionTranslator.java:49)
	at weblogic.jndi.WLInitialContextFactoryDelegate.toNamingException(WLInitialContextFactoryDelegate.java:765)
	at weblogic.jndi.WLInitialContextFactoryDelegate.getInitialContext(WLInitialContextFactoryDelegate.java:364)
	at weblogic.jndi.Environment.getContext(Environment.java:307)
	at weblogic.jndi.Environment.getContext(Environment.java:277)
	at weblogic.jndi.WLInitialContextFactory.getInitialContext(WLInitialContextFactory.java:117)
	at javax.naming.spi.NamingManager.getInitialContext(NamingManager.java:667)
	at javax.naming.InitialContext.getDefaultInitCtx(InitialContext.java:247)
	at javax.naming.InitialContext.init(InitialContext.java:223)
	at javax.naming.InitialContext.&lt;init&gt;(InitialContext.java:175)
	at com.inovis.b2b.lib.service.ServiceLocator.getInitialContext(ServiceLocator.java:206)
	... 21 more
Caused by: java.net.ConnectException: t3://localhost:7001: Destination unreachable; nested exception is: 
	java.net.ConnectException: Connection refused: connect; No available router to destination
	at weblogic.rjvm.RJVMFinder.findOrCreate(RJVMFinder.java:204)
	at weblogic.rjvm.ServerURL.findOrCreateRJVM(ServerURL.java:154)
	at weblogic.jndi.WLInitialContextFactoryDelegate.getInitialContext(WLInitialContextFactoryDelegate.java:349)
	... 29 more
Caused by: java.rmi.ConnectException: Destination unreachable; nested exception is: 
	java.net.ConnectException: Connection refused: connect; No available router to destination
	at weblogic.rjvm.ConnectionManager.bootstrap(ConnectionManager.java:472)
	at weblogic.rjvm.ConnectionManager.bootstrap(ConnectionManager.java:323)
	at weblogic.rjvm.RJVMManager.findOrCreateRemoteInternal(RJVMManager.java:259)
	at weblogic.rjvm.RJVMManager.findOrCreate(RJVMManager.java:202)
	at weblogic.rjvm.RJVMFinder.findOrCreateRemoteServer(RJVMFinder.java:226)
	at weblogic.rjvm.RJVMFinder.findOrCreate(RJVMFinder.java:189)
	... 31 more
</error>
  </testcase>
  <testcase classname="test.com.inovis.b2b.audit.TestAuditManager" name="testAuditManagerDelete" time="2.573">
    <error message="[AUDT-00050] Unable to get the Audit Server" type="com.inovis.b2b.lib.exception.OperationFailedException">class com.inovis.b2b.lib.exception.OperationFailedException: [AUDT-00050] Unable to get the Audit Server
	at com.inovis.b2b.audit.defs.AuditManagerImp.&lt;init&gt;(AuditManagerImp.java:69)
	at com.inovis.b2b.audit.AuditManager.getManager(AuditManager.java:36)
	at com.inovis.b2b.audit.AuditManager.getManager(AuditManager.java:46)
	at test.com.inovis.b2b.audit.TestAuditManager.setUp(TestAuditManager.java:65)
Caused by: class com.inovis.b2b.lib.service.ServiceUnavailableException: [LIBP-00001] Unable to connect to naming service
	at com.inovis.b2b.lib.service.ServiceLocator.getInitialContext(ServiceLocator.java:214)
	at com.inovis.b2b.lib.service.ServiceLocator.&lt;init&gt;(ServiceLocator.java:183)
	at com.inovis.b2b.lib.service.ServiceLocator.getInstance(ServiceLocator.java:167)
	at com.inovis.b2b.lib.service.ServiceLocator.getInstance(ServiceLocator.java:150)
	at com.inovis.b2b.audit.defs.AuditManagerImp.&lt;init&gt;(AuditManagerImp.java:56)
	... 17 more
Caused by: javax.naming.CommunicationException [Root exception is java.net.ConnectException: t3://localhost:7001: Destination unreachable; nested exception is: 
	java.net.ConnectException: Connection refused: connect; No available router to destination]
	at weblogic.jndi.internal.ExceptionTranslator.toNamingException(ExceptionTranslator.java:49)
	at weblogic.jndi.WLInitialContextFactoryDelegate.toNamingException(WLInitialContextFactoryDelegate.java:765)
	at weblogic.jndi.WLInitialContextFactoryDelegate.getInitialContext(WLInitialContextFactoryDelegate.java:364)
	at weblogic.jndi.Environment.getContext(Environment.java:307)
	at weblogic.jndi.Environment.getContext(Environment.java:277)
	at weblogic.jndi.WLInitialContextFactory.getInitialContext(WLInitialContextFactory.java:117)
	at javax.naming.spi.NamingManager.getInitialContext(NamingManager.java:667)
	at javax.naming.InitialContext.getDefaultInitCtx(InitialContext.java:247)
	at javax.naming.InitialContext.init(InitialContext.java:223)
	at javax.naming.InitialContext.&lt;init&gt;(InitialContext.java:175)
	at com.inovis.b2b.lib.service.ServiceLocator.getInitialContext(ServiceLocator.java:206)
	... 21 more
Caused by: java.net.ConnectException: t3://localhost:7001: Destination unreachable; nested exception is: 
	java.net.ConnectException: Connection refused: connect; No available router to destination
	at weblogic.rjvm.RJVMFinder.findOrCreate(RJVMFinder.java:204)
	at weblogic.rjvm.ServerURL.findOrCreateRJVM(ServerURL.java:154)
	at weblogic.jndi.WLInitialContextFactoryDelegate.getInitialContext(WLInitialContextFactoryDelegate.java:349)
	... 29 more
Caused by: java.rmi.ConnectException: Destination unreachable; nested exception is: 
	java.net.ConnectException: Connection refused: connect; No available router to destination
	at weblogic.rjvm.ConnectionManager.bootstrap(ConnectionManager.java:472)
	at weblogic.rjvm.ConnectionManager.bootstrap(ConnectionManager.java:323)
	at weblogic.rjvm.RJVMManager.findOrCreateRemoteInternal(RJVMManager.java:259)
	at weblogic.rjvm.RJVMManager.findOrCreate(RJVMManager.java:202)
	at weblogic.rjvm.RJVMFinder.findOrCreateRemoteServer(RJVMFinder.java:226)
	at weblogic.rjvm.RJVMFinder.findOrCreate(RJVMFinder.java:189)
	... 31 more
</error>
  </testcase>
  <testcase classname="test.com.inovis.b2b.audit.TestAuditManager" name="testAuditManagerCleanup" time="2.978">
    <error message="[AUDT-00050] Unable to get the Audit Server" type="com.inovis.b2b.lib.exception.OperationFailedException">class com.inovis.b2b.lib.exception.OperationFailedException: [AUDT-00050] Unable to get the Audit Server
	at com.inovis.b2b.audit.defs.AuditManagerImp.&lt;init&gt;(AuditManagerImp.java:69)
	at com.inovis.b2b.audit.AuditManager.getManager(AuditManager.java:36)
	at com.inovis.b2b.audit.AuditManager.getManager(AuditManager.java:46)
	at test.com.inovis.b2b.audit.TestAuditManager.setUp(TestAuditManager.java:65)
Caused by: class com.inovis.b2b.lib.service.ServiceUnavailableException: [LIBP-00001] Unable to connect to naming service
	at com.inovis.b2b.lib.service.ServiceLocator.getInitialContext(ServiceLocator.java:214)
	at com.inovis.b2b.lib.service.ServiceLocator.&lt;init&gt;(ServiceLocator.java:183)
	at com.inovis.b2b.lib.service.ServiceLocator.getInstance(ServiceLocator.java:167)
	at com.inovis.b2b.lib.service.ServiceLocator.getInstance(ServiceLocator.java:150)
	at com.inovis.b2b.audit.defs.AuditManagerImp.&lt;init&gt;(AuditManagerImp.java:56)
	... 17 more
Caused by: javax.naming.CommunicationException [Root exception is java.net.ConnectException: t3://localhost:7001: Destination unreachable; nested exception is: 
	java.net.ConnectException: Connection refused: connect; No available router to destination]
	at weblogic.jndi.internal.ExceptionTranslator.toNamingException(ExceptionTranslator.java:49)
	at weblogic.jndi.WLInitialContextFactoryDelegate.toNamingException(WLInitialContextFactoryDelegate.java:765)
	at weblogic.jndi.WLInitialContextFactoryDelegate.getInitialContext(WLInitialContextFactoryDelegate.java:364)
	at weblogic.jndi.Environment.getContext(Environment.java:307)
	at weblogic.jndi.Environment.getContext(Environment.java:277)
	at weblogic.jndi.WLInitialContextFactory.getInitialContext(WLInitialContextFactory.java:117)
	at javax.naming.spi.NamingManager.getInitialContext(NamingManager.java:667)
	at javax.naming.InitialContext.getDefaultInitCtx(InitialContext.java:247)
	at javax.naming.InitialContext.init(InitialContext.java:223)
	at javax.naming.InitialContext.&lt;init&gt;(InitialContext.java:175)
	at com.inovis.b2b.lib.service.ServiceLocator.getInitialContext(ServiceLocator.java:206)
	... 21 more
Caused by: java.net.ConnectException: t3://localhost:7001: Destination unreachable; nested exception is: 
	java.net.ConnectException: Connection refused: connect; No available router to destination
	at weblogic.rjvm.RJVMFinder.findOrCreate(RJVMFinder.java:204)
	at weblogic.rjvm.ServerURL.findOrCreateRJVM(ServerURL.java:154)
	at weblogic.jndi.WLInitialContextFactoryDelegate.getInitialContext(WLInitialContextFactoryDelegate.java:349)
	... 29 more
Caused by: java.rmi.ConnectException: Destination unreachable; nested exception is: 
	java.net.ConnectException: Connection refused: connect; No available router to destination
	at weblogic.rjvm.ConnectionManager.bootstrap(ConnectionManager.java:472)
	at weblogic.rjvm.ConnectionManager.bootstrap(ConnectionManager.java:323)
	at weblogic.rjvm.RJVMManager.findOrCreateRemoteInternal(RJVMManager.java:259)
	at weblogic.rjvm.RJVMManager.findOrCreate(RJVMManager.java:202)
	at weblogic.rjvm.RJVMFinder.findOrCreateRemoteServer(RJVMFinder.java:226)
	at weblogic.rjvm.RJVMFinder.findOrCreate(RJVMFinder.java:189)
	... 31 more
</error>
  </testcase>
  <testcase classname="test.com.inovis.b2b.audit.TestRemoteAuditor" name="testRemoteAuditorStartActivity" time="2.682">
    <error message="[LIBP-00001] Unable to connect to naming service" type="com.inovis.b2b.lib.service.ServiceUnavailableException">class com.inovis.b2b.lib.service.ServiceUnavailableException: [LIBP-00001] Unable to connect to naming service
	at com.inovis.b2b.lib.service.ServiceLocator.getInitialContext(ServiceLocator.java:214)
	at com.inovis.b2b.lib.service.ServiceLocator.&lt;init&gt;(ServiceLocator.java:183)
	at com.inovis.b2b.lib.service.ServiceLocator.getInstance(ServiceLocator.java:167)
	at com.inovis.b2b.lib.service.ServiceLocator.getInstance(ServiceLocator.java:150)
	at test.com.inovis.b2b.audit.TestRemoteAuditor.setUp(TestRemoteAuditor.java:68)
Caused by: javax.naming.CommunicationException [Root exception is java.net.ConnectException: t3://localhost:7001: Destination unreachable; nested exception is: 
	java.net.ConnectException: Connection refused: connect; No available router to destination]
	at weblogic.jndi.internal.ExceptionTranslator.toNamingException(ExceptionTranslator.java:49)
	at weblogic.jndi.WLInitialContextFactoryDelegate.toNamingException(WLInitialContextFactoryDelegate.java:765)
	at weblogic.jndi.WLInitialContextFactoryDelegate.getInitialContext(WLInitialContextFactoryDelegate.java:364)
	at weblogic.jndi.Environment.getContext(Environment.java:307)
	at weblogic.jndi.Environment.getContext(Environment.java:277)
	at weblogic.jndi.WLInitialContextFactory.getInitialContext(WLInitialContextFactory.java:117)
	at javax.naming.spi.NamingManager.getInitialContext(NamingManager.java:667)
	at javax.naming.InitialContext.getDefaultInitCtx(InitialContext.java:247)
	at javax.naming.InitialContext.init(InitialContext.java:223)
	at javax.naming.InitialContext.&lt;init&gt;(InitialContext.java:175)
	at com.inovis.b2b.lib.service.ServiceLocator.getInitialContext(ServiceLocator.java:206)
	... 18 more
Caused by: java.net.ConnectException: t3://localhost:7001: Destination unreachable; nested exception is: 
	java.net.ConnectException: Connection refused: connect; No available router to destination
	at weblogic.rjvm.RJVMFinder.findOrCreate(RJVMFinder.java:204)
	at weblogic.rjvm.ServerURL.findOrCreateRJVM(ServerURL.java:154)
	at weblogic.jndi.WLInitialContextFactoryDelegate.getInitialContext(WLInitialContextFactoryDelegate.java:349)
	... 26 more
Caused by: java.rmi.ConnectException: Destination unreachable; nested exception is: 
	java.net.ConnectException: Connection refused: connect; No available router to destination
	at weblogic.rjvm.ConnectionManager.bootstrap(ConnectionManager.java:472)
	at weblogic.rjvm.ConnectionManager.bootstrap(ConnectionManager.java:323)
	at weblogic.rjvm.RJVMManager.findOrCreateRemoteInternal(RJVMManager.java:259)
	at weblogic.rjvm.RJVMManager.findOrCreate(RJVMManager.java:202)
	at weblogic.rjvm.RJVMFinder.findOrCreateRemoteServer(RJVMFinder.java:226)
	at weblogic.rjvm.RJVMFinder.findOrCreate(RJVMFinder.java:189)
	... 28 more
</error>
  </testcase>
  <testcase classname="test.com.inovis.b2b.audit.TestRemoteAuditor" name="testRemoteAuditorIncident" time="2.683">
    <error message="[LIBP-00001] Unable to connect to naming service" type="com.inovis.b2b.lib.service.ServiceUnavailableException">class com.inovis.b2b.lib.service.ServiceUnavailableException: [LIBP-00001] Unable to connect to naming service
	at com.inovis.b2b.lib.service.ServiceLocator.getInitialContext(ServiceLocator.java:214)
	at com.inovis.b2b.lib.service.ServiceLocator.&lt;init&gt;(ServiceLocator.java:183)
	at com.inovis.b2b.lib.service.ServiceLocator.getInstance(ServiceLocator.java:167)
	at com.inovis.b2b.lib.service.ServiceLocator.getInstance(ServiceLocator.java:150)
	at test.com.inovis.b2b.audit.TestRemoteAuditor.setUp(TestRemoteAuditor.java:68)
Caused by: javax.naming.CommunicationException [Root exception is java.net.ConnectException: t3://localhost:7001: Destination unreachable; nested exception is: 
	java.net.ConnectException: Connection refused: connect; No available router to destination]
	at weblogic.jndi.internal.ExceptionTranslator.toNamingException(ExceptionTranslator.java:49)
	at weblogic.jndi.WLInitialContextFactoryDelegate.toNamingException(WLInitialContextFactoryDelegate.java:765)
	at weblogic.jndi.WLInitialContextFactoryDelegate.getInitialContext(WLInitialContextFactoryDelegate.java:364)
	at weblogic.jndi.Environment.getContext(Environment.java:307)
	at weblogic.jndi.Environment.getContext(Environment.java:277)
	at weblogic.jndi.WLInitialContextFactory.getInitialContext(WLInitialContextFactory.java:117)
	at javax.naming.spi.NamingManager.getInitialContext(NamingManager.java:667)
	at javax.naming.InitialContext.getDefaultInitCtx(InitialContext.java:247)
	at javax.naming.InitialContext.init(InitialContext.java:223)
	at javax.naming.InitialContext.&lt;init&gt;(InitialContext.java:175)
	at com.inovis.b2b.lib.service.ServiceLocator.getInitialContext(ServiceLocator.java:206)
	... 18 more
Caused by: java.net.ConnectException: t3://localhost:7001: Destination unreachable; nested exception is: 
	java.net.ConnectException: Connection refused: connect; No available router to destination
	at weblogic.rjvm.RJVMFinder.findOrCreate(RJVMFinder.java:204)
	at weblogic.rjvm.ServerURL.findOrCreateRJVM(ServerURL.java:154)
	at weblogic.jndi.WLInitialContextFactoryDelegate.getInitialContext(WLInitialContextFactoryDelegate.java:349)
	... 26 more
Caused by: java.rmi.ConnectException: Destination unreachable; nested exception is: 
	java.net.ConnectException: Connection refused: connect; No available router to destination
	at weblogic.rjvm.ConnectionManager.bootstrap(ConnectionManager.java:472)
	at weblogic.rjvm.ConnectionManager.bootstrap(ConnectionManager.java:323)
	at weblogic.rjvm.RJVMManager.findOrCreateRemoteInternal(RJVMManager.java:259)
	at weblogic.rjvm.RJVMManager.findOrCreate(RJVMManager.java:202)
	at weblogic.rjvm.RJVMFinder.findOrCreateRemoteServer(RJVMFinder.java:226)
	at weblogic.rjvm.RJVMFinder.findOrCreate(RJVMFinder.java:189)
	... 28 more
</error>
  </testcase>
  <testcase classname="test.com.inovis.b2b.audit.TestRemoteAuditor" name="testRemoteAuditorActivitySuccess" time="2.573">
    <error message="[LIBP-00001] Unable to connect to naming service" type="com.inovis.b2b.lib.service.ServiceUnavailableException">class com.inovis.b2b.lib.service.ServiceUnavailableException: [LIBP-00001] Unable to connect to naming service
	at com.inovis.b2b.lib.service.ServiceLocator.getInitialContext(ServiceLocator.java:214)
	at com.inovis.b2b.lib.service.ServiceLocator.&lt;init&gt;(ServiceLocator.java:183)
	at com.inovis.b2b.lib.service.ServiceLocator.getInstance(ServiceLocator.java:167)
	at com.inovis.b2b.lib.service.ServiceLocator.getInstance(ServiceLocator.java:150)
	at test.com.inovis.b2b.audit.TestRemoteAuditor.setUp(TestRemoteAuditor.java:68)
Caused by: javax.naming.CommunicationException [Root exception is java.net.ConnectException: t3://localhost:7001: Destination unreachable; nested exception is: 
	java.net.ConnectException: Connection refused: connect; No available router to destination]
	at weblogic.jndi.internal.ExceptionTranslator.toNamingException(ExceptionTranslator.java:49)
	at weblogic.jndi.WLInitialContextFactoryDelegate.toNamingException(WLInitialContextFactoryDelegate.java:765)
	at weblogic.jndi.WLInitialContextFactoryDelegate.getInitialContext(WLInitialContextFactoryDelegate.java:364)
	at weblogic.jndi.Environment.getContext(Environment.java:307)
	at weblogic.jndi.Environment.getContext(Environment.java:277)
	at weblogic.jndi.WLInitialContextFactory.getInitialContext(WLInitialContextFactory.java:117)
	at javax.naming.spi.NamingManager.getInitialContext(NamingManager.java:667)
	at javax.naming.InitialContext.getDefaultInitCtx(InitialContext.java:247)
	at javax.naming.InitialContext.init(InitialContext.java:223)
	at javax.naming.InitialContext.&lt;init&gt;(InitialContext.java:175)
	at com.inovis.b2b.lib.service.ServiceLocator.getInitialContext(ServiceLocator.java:206)
	... 18 more
Caused by: java.net.ConnectException: t3://localhost:7001: Destination unreachable; nested exception is: 
	java.net.ConnectException: Connection refused: connect; No available router to destination
	at weblogic.rjvm.RJVMFinder.findOrCreate(RJVMFinder.java:204)
	at weblogic.rjvm.ServerURL.findOrCreateRJVM(ServerURL.java:154)
	at weblogic.jndi.WLInitialContextFactoryDelegate.getInitialContext(WLInitialContextFactoryDelegate.java:349)
	... 26 more
Caused by: java.rmi.ConnectException: Destination unreachable; nested exception is: 
	java.net.ConnectException: Connection refused: connect; No available router to destination
	at weblogic.rjvm.ConnectionManager.bootstrap(ConnectionManager.java:472)
	at weblogic.rjvm.ConnectionManager.bootstrap(ConnectionManager.java:323)
	at weblogic.rjvm.RJVMManager.findOrCreateRemoteInternal(RJVMManager.java:259)
	at weblogic.rjvm.RJVMManager.findOrCreate(RJVMManager.java:202)
	at weblogic.rjvm.RJVMFinder.findOrCreateRemoteServer(RJVMFinder.java:226)
	at weblogic.rjvm.RJVMFinder.findOrCreate(RJVMFinder.java:189)
	... 28 more
</error>
  </testcase>
  <testcase classname="test.com.inovis.b2b.audit.TestRemoteAuditor" name="testRemoteAuditorActivityFailure" time="2.682">
    <error message="[LIBP-00001] Unable to connect to naming service" type="com.inovis.b2b.lib.service.ServiceUnavailableException">class com.inovis.b2b.lib.service.ServiceUnavailableException: [LIBP-00001] Unable to connect to naming service
	at com.inovis.b2b.lib.service.ServiceLocator.getInitialContext(ServiceLocator.java:214)
	at com.inovis.b2b.lib.service.ServiceLocator.&lt;init&gt;(ServiceLocator.java:183)
	at com.inovis.b2b.lib.service.ServiceLocator.getInstance(ServiceLocator.java:167)
	at com.inovis.b2b.lib.service.ServiceLocator.getInstance(ServiceLocator.java:150)
	at test.com.inovis.b2b.audit.TestRemoteAuditor.setUp(TestRemoteAuditor.java:68)
Caused by: javax.naming.CommunicationException [Root exception is java.net.ConnectException: t3://localhost:7001: Destination unreachable; nested exception is: 
	java.net.ConnectException: Connection refused: connect; No available router to destination]
	at weblogic.jndi.internal.ExceptionTranslator.toNamingException(ExceptionTranslator.java:49)
	at weblogic.jndi.WLInitialContextFactoryDelegate.toNamingException(WLInitialContextFactoryDelegate.java:765)
	at weblogic.jndi.WLInitialContextFactoryDelegate.getInitialContext(WLInitialContextFactoryDelegate.java:364)
	at weblogic.jndi.Environment.getContext(Environment.java:307)
	at weblogic.jndi.Environment.getContext(Environment.java:277)
	at weblogic.jndi.WLInitialContextFactory.getInitialContext(WLInitialContextFactory.java:117)
	at javax.naming.spi.NamingManager.getInitialContext(NamingManager.java:667)
	at javax.naming.InitialContext.getDefaultInitCtx(InitialContext.java:247)
	at javax.naming.InitialContext.init(InitialContext.java:223)
	at javax.naming.InitialContext.&lt;init&gt;(InitialContext.java:175)
	at com.inovis.b2b.lib.service.ServiceLocator.getInitialContext(ServiceLocator.java:206)
	... 18 more
Caused by: java.net.ConnectException: t3://localhost:7001: Destination unreachable; nested exception is: 
	java.net.ConnectException: Connection refused: connect; No available router to destination
	at weblogic.rjvm.RJVMFinder.findOrCreate(RJVMFinder.java:204)
	at weblogic.rjvm.ServerURL.findOrCreateRJVM(ServerURL.java:154)
	at weblogic.jndi.WLInitialContextFactoryDelegate.getInitialContext(WLInitialContextFactoryDelegate.java:349)
	... 26 more
Caused by: java.rmi.ConnectException: Destination unreachable; nested exception is: 
	java.net.ConnectException: Connection refused: connect; No available router to destination
	at weblogic.rjvm.ConnectionManager.bootstrap(ConnectionManager.java:472)
	at weblogic.rjvm.ConnectionManager.bootstrap(ConnectionManager.java:323)
	at weblogic.rjvm.RJVMManager.findOrCreateRemoteInternal(RJVMManager.java:259)
	at weblogic.rjvm.RJVMManager.findOrCreate(RJVMManager.java:202)
	at weblogic.rjvm.RJVMFinder.findOrCreateRemoteServer(RJVMFinder.java:226)
	at weblogic.rjvm.RJVMFinder.findOrCreate(RJVMFinder.java:189)
	... 28 more
</error>
  </testcase>
  <testcase classname="test.com.inovis.b2b.audit.TestRemoteAuditor" name="testAuditorCleanup" time="3.088">
    <error message="[LIBP-00001] Unable to connect to naming service" type="com.inovis.b2b.lib.service.ServiceUnavailableException">class com.inovis.b2b.lib.service.ServiceUnavailableException: [LIBP-00001] Unable to connect to naming service
	at com.inovis.b2b.lib.service.ServiceLocator.getInitialContext(ServiceLocator.java:214)
	at com.inovis.b2b.lib.service.ServiceLocator.&lt;init&gt;(ServiceLocator.java:183)
	at com.inovis.b2b.lib.service.ServiceLocator.getInstance(ServiceLocator.java:167)
	at com.inovis.b2b.lib.service.ServiceLocator.getInstance(ServiceLocator.java:150)
	at test.com.inovis.b2b.audit.TestRemoteAuditor.setUp(TestRemoteAuditor.java:68)
Caused by: javax.naming.CommunicationException [Root exception is java.net.ConnectException: t3://localhost:7001: Destination unreachable; nested exception is: 
	java.net.ConnectException: Connection refused: connect; No available router to destination]
	at weblogic.jndi.internal.ExceptionTranslator.toNamingException(ExceptionTranslator.java:49)
	at weblogic.jndi.WLInitialContextFactoryDelegate.toNamingException(WLInitialContextFactoryDelegate.java:765)
	at weblogic.jndi.WLInitialContextFactoryDelegate.getInitialContext(WLInitialContextFactoryDelegate.java:364)
	at weblogic.jndi.Environment.getContext(Environment.java:307)
	at weblogic.jndi.Environment.getContext(Environment.java:277)
	at weblogic.jndi.WLInitialContextFactory.getInitialContext(WLInitialContextFactory.java:117)
	at javax.naming.spi.NamingManager.getInitialContext(NamingManager.java:667)
	at javax.naming.InitialContext.getDefaultInitCtx(InitialContext.java:247)
	at javax.naming.InitialContext.init(InitialContext.java:223)
	at javax.naming.InitialContext.&lt;init&gt;(InitialContext.java:175)
	at com.inovis.b2b.lib.service.ServiceLocator.getInitialContext(ServiceLocator.java:206)
	... 18 more
Caused by: java.net.ConnectException: t3://localhost:7001: Destination unreachable; nested exception is: 
	java.net.ConnectException: Connection refused: connect; No available router to destination
	at weblogic.rjvm.RJVMFinder.findOrCreate(RJVMFinder.java:204)
	at weblogic.rjvm.ServerURL.findOrCreateRJVM(ServerURL.java:154)
	at weblogic.jndi.WLInitialContextFactoryDelegate.getInitialContext(WLInitialContextFactoryDelegate.java:349)
	... 26 more
Caused by: java.rmi.ConnectException: Destination unreachable; nested exception is: 
	java.net.ConnectException: Connection refused: connect; No available router to destination
	at weblogic.rjvm.ConnectionManager.bootstrap(ConnectionManager.java:472)
	at weblogic.rjvm.ConnectionManager.bootstrap(ConnectionManager.java:323)
	at weblogic.rjvm.RJVMManager.findOrCreateRemoteInternal(RJVMManager.java:259)
	at weblogic.rjvm.RJVMManager.findOrCreate(RJVMManager.java:202)
	at weblogic.rjvm.RJVMFinder.findOrCreateRemoteServer(RJVMFinder.java:226)
	at weblogic.rjvm.RJVMFinder.findOrCreate(RJVMFinder.java:189)
	... 28 more
</error>
  </testcase>
  <testcase classname="test.com.inovis.mss.doctrack.TestDocumentSetup" name="testDocumentSetup" time="0.093">
    <error message="Missing Cactus property [cactus.contextURL]" type="org.apache.cactus.util.ChainedRuntimeException">org.apache.cactus.util.ChainedRuntimeException: Missing Cactus property [cactus.contextURL]
	at org.apache.cactus.internal.configuration.BaseConfiguration.getContextURL(BaseConfiguration.java:59)
	at org.apache.cactus.internal.configuration.AbstractWebConfiguration.getRedirectorURL_aroundBody0(AbstractWebConfiguration.java:46)
	at org.apache.cactus.internal.configuration.AbstractWebConfiguration.getRedirectorURL_aroundBody1$advice(AbstractWebConfiguration.java:306)
	at org.apache.cactus.internal.configuration.AbstractWebConfiguration.getRedirectorURL(AbstractWebConfiguration.java)
	at org.apache.cactus.internal.client.connector.http.DefaultHttpClient.callRunTest(DefaultHttpClient.java:159)
	at org.apache.cactus.internal.client.connector.http.DefaultHttpClient.doTest_aroundBody0(DefaultHttpClient.java:80)
	at org.apache.cactus.internal.client.connector.http.DefaultHttpClient.doTest_aroundBody1$advice(DefaultHttpClient.java:306)
	at org.apache.cactus.internal.client.connector.http.DefaultHttpClient.doTest(DefaultHttpClient.java)
	at org.apache.cactus.internal.client.connector.http.HttpProtocolHandler.runWebTest(HttpProtocolHandler.java:159)
	at org.apache.cactus.internal.client.connector.http.HttpProtocolHandler.runTest_aroundBody0(HttpProtocolHandler.java:80)
	at org.apache.cactus.internal.client.connector.http.HttpProtocolHandler.runTest_aroundBody1$advice(HttpProtocolHandler.java:306)
	at org.apache.cactus.internal.client.connector.http.HttpProtocolHandler.runTest(HttpProtocolHandler.java)
	at org.apache.cactus.internal.client.ClientTestCaseCaller.runTest(ClientTestCaseCaller.java:144)
	at org.apache.cactus.internal.AbstractCactusTestCase.runBareClient(AbstractCactusTestCase.java:215)
	at org.apache.cactus.internal.AbstractCactusTestCase.runBare(AbstractCactusTestCase.java:133)
</error>
  </testcase>
  <testcase classname="test.com.inovis.mss.doctrack.TestDocument" name="testDocument" time="0.0"></testcase>
  <testcase classname="test.com.inovis.mss.doctrack.TestDocumentID" name="testDocumentID" time="0.0"></testcase>
  <testcase classname="test.com.inovis.mss.doctrack.TestDocumentStatus" name="testDocumentStatus" time="0.0"></testcase>
  <testcase classname="test.com.inovis.mss.doctrack.TestDocumentOrderBy" name="testDocumentOrderBy" time="0.016"></testcase>
  <testcase classname="test.com.inovis.mss.doctrack.TestDocumentQueryFilter" name="testDocumentQueryFilter" time="0.016"></testcase>
  <testcase classname="test.com.inovis.mss.doctrack.TestDocumentAuditHeader" name="testDocumentAuditHeader" time="0.046"></testcase>
  <testcase classname="test.com.inovis.mss.doctrack.TestDocumentEvent" name="testDocumentEvent" time="0.016"></testcase>
  <testcase classname="test.com.inovis.mss.doctrack.TestDocumentManager" name="testDocumentManagerCleanup" time="2.791">
    <error message="[LIBP-00001] Unable to connect to naming service" type="com.inovis.b2b.lib.service.ServiceUnavailableException">class com.inovis.b2b.lib.service.ServiceUnavailableException: [LIBP-00001] Unable to connect to naming service
	at com.inovis.b2b.lib.service.ServiceLocator.getInitialContext(ServiceLocator.java:214)
	at com.inovis.b2b.lib.service.ServiceLocator.&lt;init&gt;(ServiceLocator.java:183)
	at com.inovis.b2b.lib.service.ServiceLocator.getInstance(ServiceLocator.java:167)
	at com.inovis.b2b.lib.service.ServiceLocator.getInstance(ServiceLocator.java:150)
	at com.inovis.mss.doctrack.defs.DocumentManagerImp.&lt;init&gt;(DocumentManagerImp.java:85)
	at com.inovis.mss.doctrack.DocumentManager.getManager(DocumentManager.java:54)
	at test.com.inovis.mss.doctrack.TestDocumentManager.setUp(TestDocumentManager.java:71)
Caused by: javax.naming.CommunicationException [Root exception is java.net.ConnectException: t3://localhost:7001: Destination unreachable; nested exception is: 
	java.net.ConnectException: Connection refused: connect; No available router to destination]
	at weblogic.jndi.internal.ExceptionTranslator.toNamingException(ExceptionTranslator.java:49)
	at weblogic.jndi.WLInitialContextFactoryDelegate.toNamingException(WLInitialContextFactoryDelegate.java:765)
	at weblogic.jndi.WLInitialContextFactoryDelegate.getInitialContext(WLInitialContextFactoryDelegate.java:364)
	at weblogic.jndi.Environment.getContext(Environment.java:307)
	at weblogic.jndi.Environment.getContext(Environment.java:277)
	at weblogic.jndi.WLInitialContextFactory.getInitialContext(WLInitialContextFactory.java:117)
	at javax.naming.spi.NamingManager.getInitialContext(NamingManager.java:667)
	at javax.naming.InitialContext.getDefaultInitCtx(InitialContext.java:247)
	at javax.naming.InitialContext.init(InitialContext.java:223)
	at javax.naming.InitialContext.&lt;init&gt;(InitialContext.java:175)
	at com.inovis.b2b.lib.service.ServiceLocator.getInitialContext(ServiceLocator.java:206)
	... 20 more
Caused by: java.net.ConnectException: t3://localhost:7001: Destination unreachable; nested exception is: 
	java.net.ConnectException: Connection refused: connect; No available router to destination
	at weblogic.rjvm.RJVMFinder.findOrCreate(RJVMFinder.java:204)
	at weblogic.rjvm.ServerURL.findOrCreateRJVM(ServerURL.java:154)
	at weblogic.jndi.WLInitialContextFactoryDelegate.getInitialContext(WLInitialContextFactoryDelegate.java:349)
	... 28 more
Caused by: java.rmi.ConnectException: Destination unreachable; nested exception is: 
	java.net.ConnectException: Connection refused: connect; No available router to destination
	at weblogic.rjvm.ConnectionManager.bootstrap(ConnectionManager.java:472)
	at weblogic.rjvm.ConnectionManager.bootstrap(ConnectionManager.java:323)
	at weblogic.rjvm.RJVMManager.findOrCreateRemoteInternal(RJVMManager.java:259)
	at weblogic.rjvm.RJVMManager.findOrCreate(RJVMManager.java:202)
	at weblogic.rjvm.RJVMFinder.findOrCreateRemoteServer(RJVMFinder.java:226)
	at weblogic.rjvm.RJVMFinder.findOrCreate(RJVMFinder.java:189)
	... 30 more
</error>
  </testcase>
  <testcase classname="test.com.inovis.mss.doctrack.TestDocumentManager" name="testDocumentManagerGetEdiTransactions" time="2.184">
    <error message="[LIBP-00001] Unable to connect to naming service" type="com.inovis.b2b.lib.service.ServiceUnavailableException">class com.inovis.b2b.lib.service.ServiceUnavailableException: [LIBP-00001] Unable to connect to naming service
	at com.inovis.b2b.lib.service.ServiceLocator.getInitialContext(ServiceLocator.java:214)
	at com.inovis.b2b.lib.service.ServiceLocator.&lt;init&gt;(ServiceLocator.java:183)
	at com.inovis.b2b.lib.service.ServiceLocator.getInstance(ServiceLocator.java:167)
	at com.inovis.b2b.lib.service.ServiceLocator.getInstance(ServiceLocator.java:150)
	at com.inovis.mss.doctrack.defs.DocumentManagerImp.&lt;init&gt;(DocumentManagerImp.java:85)
	at com.inovis.mss.doctrack.DocumentManager.getManager(DocumentManager.java:54)
	at test.com.inovis.mss.doctrack.TestDocumentManager.setUp(TestDocumentManager.java:71)
Caused by: javax.naming.CommunicationException [Root exception is java.net.ConnectException: t3://localhost:7001: Destination unreachable; nested exception is: 
	java.net.ConnectException: Connection refused: connect; No available router to destination]
	at weblogic.jndi.internal.ExceptionTranslator.toNamingException(ExceptionTranslator.java:49)
	at weblogic.jndi.WLInitialContextFactoryDelegate.toNamingException(WLInitialContextFactoryDelegate.java:765)
	at weblogic.jndi.WLInitialContextFactoryDelegate.getInitialContext(WLInitialContextFactoryDelegate.java:364)
	at weblogic.jndi.Environment.getContext(Environment.java:307)
	at weblogic.jndi.Environment.getContext(Environment.java:277)
	at weblogic.jndi.WLInitialContextFactory.getInitialContext(WLInitialContextFactory.java:117)
	at javax.naming.spi.NamingManager.getInitialContext(NamingManager.java:667)
	at javax.naming.InitialContext.getDefaultInitCtx(InitialContext.java:247)
	at javax.naming.InitialContext.init(InitialContext.java:223)
	at javax.naming.InitialContext.&lt;init&gt;(InitialContext.java:175)
	at com.inovis.b2b.lib.service.ServiceLocator.getInitialContext(ServiceLocator.java:206)
	... 20 more
Caused by: java.net.ConnectException: t3://localhost:7001: Destination unreachable; nested exception is: 
	java.net.ConnectException: Connection refused: connect; No available router to destination
	at weblogic.rjvm.RJVMFinder.findOrCreate(RJVMFinder.java:204)
	at weblogic.rjvm.ServerURL.findOrCreateRJVM(ServerURL.java:154)
	at weblogic.jndi.WLInitialContextFactoryDelegate.getInitialContext(WLInitialContextFactoryDelegate.java:349)
	... 28 more
Caused by: java.rmi.ConnectException: Destination unreachable; nested exception is: 
	java.net.ConnectException: Connection refused: connect; No available router to destination
	at weblogic.rjvm.ConnectionManager.bootstrap(ConnectionManager.java:472)
	at weblogic.rjvm.ConnectionManager.bootstrap(ConnectionManager.java:323)
	at weblogic.rjvm.RJVMManager.findOrCreateRemoteInternal(RJVMManager.java:259)
	at weblogic.rjvm.RJVMManager.findOrCreate(RJVMManager.java:202)
	at weblogic.rjvm.RJVMFinder.findOrCreateRemoteServer(RJVMFinder.java:226)
	at weblogic.rjvm.RJVMFinder.findOrCreate(RJVMFinder.java:189)
	... 30 more
</error>
  </testcase>
  <testcase classname="test.com.inovis.mss.doctrack.TestDocumentManager" name="testDocumentManagerGetEdiAuditExtension" time="2.167">
    <error message="[LIBP-00001] Unable to connect to naming service" type="com.inovis.b2b.lib.service.ServiceUnavailableException">class com.inovis.b2b.lib.service.ServiceUnavailableException: [LIBP-00001] Unable to connect to naming service
	at com.inovis.b2b.lib.service.ServiceLocator.getInitialContext(ServiceLocator.java:214)
	at com.inovis.b2b.lib.service.ServiceLocator.&lt;init&gt;(ServiceLocator.java:183)
	at com.inovis.b2b.lib.service.ServiceLocator.getInstance(ServiceLocator.java:167)
	at com.inovis.b2b.lib.service.ServiceLocator.getInstance(ServiceLocator.java:150)
	at com.inovis.mss.doctrack.defs.DocumentManagerImp.&lt;init&gt;(DocumentManagerImp.java:85)
	at com.inovis.mss.doctrack.DocumentManager.getManager(DocumentManager.java:54)
	at test.com.inovis.mss.doctrack.TestDocumentManager.setUp(TestDocumentManager.java:71)
Caused by: javax.naming.CommunicationException [Root exception is java.net.ConnectException: t3://localhost:7001: Destination unreachable; nested exception is: 
	java.net.ConnectException: Connection refused: connect; No available router to destination]
	at weblogic.jndi.internal.ExceptionTranslator.toNamingException(ExceptionTranslator.java:49)
	at weblogic.jndi.WLInitialContextFactoryDelegate.toNamingException(WLInitialContextFactoryDelegate.java:765)
	at weblogic.jndi.WLInitialContextFactoryDelegate.getInitialContext(WLInitialContextFactoryDelegate.java:364)
	at weblogic.jndi.Environment.getContext(Environment.java:307)
	at weblogic.jndi.Environment.getContext(Environment.java:277)
	at weblogic.jndi.WLInitialContextFactory.getInitialContext(WLInitialContextFactory.java:117)
	at javax.naming.spi.NamingManager.getInitialContext(NamingManager.java:667)
	at javax.naming.InitialContext.getDefaultInitCtx(InitialContext.java:247)
	at javax.naming.InitialContext.init(InitialContext.java:223)
	at javax.naming.InitialContext.&lt;init&gt;(InitialContext.java:175)
	at com.inovis.b2b.lib.service.ServiceLocator.getInitialContext(ServiceLocator.java:206)
	... 20 more
Caused by: java.net.ConnectException: t3://localhost:7001: Destination unreachable; nested exception is: 
	java.net.ConnectException: Connection refused: connect; No available router to destination
	at weblogic.rjvm.RJVMFinder.findOrCreate(RJVMFinder.java:204)
	at weblogic.rjvm.ServerURL.findOrCreateRJVM(ServerURL.java:154)
	at weblogic.jndi.WLInitialContextFactoryDelegate.getInitialContext(WLInitialContextFactoryDelegate.java:349)
	... 28 more
Caused by: java.rmi.ConnectException: Destination unreachable; nested exception is: 
	java.net.ConnectException: Connection refused: connect; No available router to destination
	at weblogic.rjvm.ConnectionManager.bootstrap(ConnectionManager.java:472)
	at weblogic.rjvm.ConnectionManager.bootstrap(ConnectionManager.java:323)
	at weblogic.rjvm.RJVMManager.findOrCreateRemoteInternal(RJVMManager.java:259)
	at weblogic.rjvm.RJVMManager.findOrCreate(RJVMManager.java:202)
	at weblogic.rjvm.RJVMFinder.findOrCreateRemoteServer(RJVMFinder.java:226)
	at weblogic.rjvm.RJVMFinder.findOrCreate(RJVMFinder.java:189)
	... 30 more
</error>
  </testcase>
  <testcase classname="test.com.inovis.mss.doctrack.TestDocumentManager" name="testDocumentManagerIgnore" time="2.776">
    <error message="[LIBP-00001] Unable to connect to naming service" type="com.inovis.b2b.lib.service.ServiceUnavailableException">class com.inovis.b2b.lib.service.ServiceUnavailableException: [LIBP-00001] Unable to connect to naming service
	at com.inovis.b2b.lib.service.ServiceLocator.getInitialContext(ServiceLocator.java:214)
	at com.inovis.b2b.lib.service.ServiceLocator.&lt;init&gt;(ServiceLocator.java:183)
	at com.inovis.b2b.lib.service.ServiceLocator.getInstance(ServiceLocator.java:167)
	at com.inovis.b2b.lib.service.ServiceLocator.getInstance(ServiceLocator.java:150)
	at com.inovis.mss.doctrack.defs.DocumentManagerImp.&lt;init&gt;(DocumentManagerImp.java:85)
	at com.inovis.mss.doctrack.DocumentManager.getManager(DocumentManager.java:54)
	at test.com.inovis.mss.doctrack.TestDocumentManager.setUp(TestDocumentManager.java:71)
Caused by: javax.naming.CommunicationException [Root exception is java.net.ConnectException: t3://localhost:7001: Destination unreachable; nested exception is: 
	java.net.ConnectException: Connection refused: connect; No available router to destination]
	at weblogic.jndi.internal.ExceptionTranslator.toNamingException(ExceptionTranslator.java:49)
	at weblogic.jndi.WLInitialContextFactoryDelegate.toNamingException(WLInitialContextFactoryDelegate.java:765)
	at weblogic.jndi.WLInitialContextFactoryDelegate.getInitialContext(WLInitialContextFactoryDelegate.java:364)
	at weblogic.jndi.Environment.getContext(Environment.java:307)
	at weblogic.jndi.Environment.getContext(Environment.java:277)
	at weblogic.jndi.WLInitialContextFactory.getInitialContext(WLInitialContextFactory.java:117)
	at javax.naming.spi.NamingManager.getInitialContext(NamingManager.java:667)
	at javax.naming.InitialContext.getDefaultInitCtx(InitialContext.java:247)
	at javax.naming.InitialContext.init(InitialContext.java:223)
	at javax.naming.InitialContext.&lt;init&gt;(InitialContext.java:175)
	at com.inovis.b2b.lib.service.ServiceLocator.getInitialContext(ServiceLocator.java:206)
	... 20 more
Caused by: java.net.ConnectException: t3://localhost:7001: Destination unreachable; nested exception is: 
	java.net.ConnectException: Connection refused: connect; No available router to destination
	at weblogic.rjvm.RJVMFinder.findOrCreate(RJVMFinder.java:204)
	at weblogic.rjvm.ServerURL.findOrCreateRJVM(ServerURL.java:154)
	at weblogic.jndi.WLInitialContextFactoryDelegate.getInitialContext(WLInitialContextFactoryDelegate.java:349)
	... 28 more
Caused by: java.rmi.ConnectException: Destination unreachable; nested exception is: 
	java.net.ConnectException: Connection refused: connect; No available router to destination
	at weblogic.rjvm.ConnectionManager.bootstrap(ConnectionManager.java:472)
	at weblogic.rjvm.ConnectionManager.bootstrap(ConnectionManager.java:323)
	at weblogic.rjvm.RJVMManager.findOrCreateRemoteInternal(RJVMManager.java:259)
	at weblogic.rjvm.RJVMManager.findOrCreate(RJVMManager.java:202)
	at weblogic.rjvm.RJVMFinder.findOrCreateRemoteServer(RJVMFinder.java:226)
	at weblogic.rjvm.RJVMFinder.findOrCreate(RJVMFinder.java:189)
	... 30 more
</error>
  </testcase>
  <testcase classname="test.com.inovis.mss.doctrack.TestDocumentManager" name="testDocumentManagerOnHold" time="2.402">
    <error message="[LIBP-00001] Unable to connect to naming service" type="com.inovis.b2b.lib.service.ServiceUnavailableException">class com.inovis.b2b.lib.service.ServiceUnavailableException: [LIBP-00001] Unable to connect to naming service
	at com.inovis.b2b.lib.service.ServiceLocator.getInitialContext(ServiceLocator.java:214)
	at com.inovis.b2b.lib.service.ServiceLocator.&lt;init&gt;(ServiceLocator.java:183)
	at com.inovis.b2b.lib.service.ServiceLocator.getInstance(ServiceLocator.java:167)
	at com.inovis.b2b.lib.service.ServiceLocator.getInstance(ServiceLocator.java:150)
	at com.inovis.mss.doctrack.defs.DocumentManagerImp.&lt;init&gt;(DocumentManagerImp.java:85)
	at com.inovis.mss.doctrack.DocumentManager.getManager(DocumentManager.java:54)
	at test.com.inovis.mss.doctrack.TestDocumentManager.setUp(TestDocumentManager.java:71)
Caused by: javax.naming.CommunicationException [Root exception is java.net.ConnectException: t3://localhost:7001: Destination unreachable; nested exception is: 
	java.net.ConnectException: Connection refused: connect; No available router to destination]
	at weblogic.jndi.internal.ExceptionTranslator.toNamingException(ExceptionTranslator.java:49)
	at weblogic.jndi.WLInitialContextFactoryDelegate.toNamingException(WLInitialContextFactoryDelegate.java:765)
	at weblogic.jndi.WLInitialContextFactoryDelegate.getInitialContext(WLInitialContextFactoryDelegate.java:364)
	at weblogic.jndi.Environment.getContext(Environment.java:307)
	at weblogic.jndi.Environment.getContext(Environment.java:277)
	at weblogic.jndi.WLInitialContextFactory.getInitialContext(WLInitialContextFactory.java:117)
	at javax.naming.spi.NamingManager.getInitialContext(NamingManager.java:667)
	at javax.naming.InitialContext.getDefaultInitCtx(InitialContext.java:247)
	at javax.naming.InitialContext.init(InitialContext.java:223)
	at javax.naming.InitialContext.&lt;init&gt;(InitialContext.java:175)
	at com.inovis.b2b.lib.service.ServiceLocator.getInitialContext(ServiceLocator.java:206)
	... 20 more
Caused by: java.net.ConnectException: t3://localhost:7001: Destination unreachable; nested exception is: 
	java.net.ConnectException: Connection refused: connect; No available router to destination
	at weblogic.rjvm.RJVMFinder.findOrCreate(RJVMFinder.java:204)
	at weblogic.rjvm.ServerURL.findOrCreateRJVM(ServerURL.java:154)
	at weblogic.jndi.WLInitialContextFactoryDelegate.getInitialContext(WLInitialContextFactoryDelegate.java:349)
	... 28 more
Caused by: java.rmi.ConnectException: Destination unreachable; nested exception is: 
	java.net.ConnectException: Connection refused: connect; No available router to destination
	at weblogic.rjvm.ConnectionManager.bootstrap(ConnectionManager.java:472)
	at weblogic.rjvm.ConnectionManager.bootstrap(ConnectionManager.java:323)
	at weblogic.rjvm.RJVMManager.findOrCreateRemoteInternal(RJVMManager.java:259)
	at weblogic.rjvm.RJVMManager.findOrCreate(RJVMManager.java:202)
	at weblogic.rjvm.RJVMFinder.findOrCreateRemoteServer(RJVMFinder.java:226)
	at weblogic.rjvm.RJVMFinder.findOrCreate(RJVMFinder.java:189)
	... 30 more
</error>
  </testcase>
  <testcase classname="test.com.inovis.mss.doctrack.TestDocumentManager" name="testDocumentManagerUnHold" time="2.682">
    <error message="[LIBP-00001] Unable to connect to naming service" type="com.inovis.b2b.lib.service.ServiceUnavailableException">class com.inovis.b2b.lib.service.ServiceUnavailableException: [LIBP-00001] Unable to connect to naming service
	at com.inovis.b2b.lib.service.ServiceLocator.getInitialContext(ServiceLocator.java:214)
	at com.inovis.b2b.lib.service.ServiceLocator.&lt;init&gt;(ServiceLocator.java:183)
	at com.inovis.b2b.lib.service.ServiceLocator.getInstance(ServiceLocator.java:167)
	at com.inovis.b2b.lib.service.ServiceLocator.getInstance(ServiceLocator.java:150)
	at com.inovis.mss.doctrack.defs.DocumentManagerImp.&lt;init&gt;(DocumentManagerImp.java:85)
	at com.inovis.mss.doctrack.DocumentManager.getManager(DocumentManager.java:54)
	at test.com.inovis.mss.doctrack.TestDocumentManager.setUp(TestDocumentManager.java:71)
Caused by: javax.naming.CommunicationException [Root exception is java.net.ConnectException: t3://localhost:7001: Destination unreachable; nested exception is: 
	java.net.ConnectException: Connection refused: connect; No available router to destination]
	at weblogic.jndi.internal.ExceptionTranslator.toNamingException(ExceptionTranslator.java:49)
	at weblogic.jndi.WLInitialContextFactoryDelegate.toNamingException(WLInitialContextFactoryDelegate.java:765)
	at weblogic.jndi.WLInitialContextFactoryDelegate.getInitialContext(WLInitialContextFactoryDelegate.java:364)
	at weblogic.jndi.Environment.getContext(Environment.java:307)
	at weblogic.jndi.Environment.getContext(Environment.java:277)
	at weblogic.jndi.WLInitialContextFactory.getInitialContext(WLInitialContextFactory.java:117)
	at javax.naming.spi.NamingManager.getInitialContext(NamingManager.java:667)
	at javax.naming.InitialContext.getDefaultInitCtx(InitialContext.java:247)
	at javax.naming.InitialContext.init(InitialContext.java:223)
	at javax.naming.InitialContext.&lt;init&gt;(InitialContext.java:175)
	at com.inovis.b2b.lib.service.ServiceLocator.getInitialContext(ServiceLocator.java:206)
	... 20 more
Caused by: java.net.ConnectException: t3://localhost:7001: Destination unreachable; nested exception is: 
	java.net.ConnectException: Connection refused: connect; No available router to destination
	at weblogic.rjvm.RJVMFinder.findOrCreate(RJVMFinder.java:204)
	at weblogic.rjvm.ServerURL.findOrCreateRJVM(ServerURL.java:154)
	at weblogic.jndi.WLInitialContextFactoryDelegate.getInitialContext(WLInitialContextFactoryDelegate.java:349)
	... 28 more
Caused by: java.rmi.ConnectException: Destination unreachable; nested exception is: 
	java.net.ConnectException: Connection refused: connect; No available router to destination
	at weblogic.rjvm.ConnectionManager.bootstrap(ConnectionManager.java:472)
	at weblogic.rjvm.ConnectionManager.bootstrap(ConnectionManager.java:323)
	at weblogic.rjvm.RJVMManager.findOrCreateRemoteInternal(RJVMManager.java:259)
	at weblogic.rjvm.RJVMManager.findOrCreate(RJVMManager.java:202)
	at weblogic.rjvm.RJVMFinder.findOrCreateRemoteServer(RJVMFinder.java:226)
	at weblogic.rjvm.RJVMFinder.findOrCreate(RJVMFinder.java:189)
	... 30 more
</error>
  </testcase>
  <testcase classname="test.com.inovis.mss.doctrack.TestDocumentManager" name="testDocumentManagerGetDocument" time="2.557">
    <error message="[LIBP-00001] Unable to connect to naming service" type="com.inovis.b2b.lib.service.ServiceUnavailableException">class com.inovis.b2b.lib.service.ServiceUnavailableException: [LIBP-00001] Unable to connect to naming service
	at com.inovis.b2b.lib.service.ServiceLocator.getInitialContext(ServiceLocator.java:214)
	at com.inovis.b2b.lib.service.ServiceLocator.&lt;init&gt;(ServiceLocator.java:183)
	at com.inovis.b2b.lib.service.ServiceLocator.getInstance(ServiceLocator.java:167)
	at com.inovis.b2b.lib.service.ServiceLocator.getInstance(ServiceLocator.java:150)
	at com.inovis.mss.doctrack.defs.DocumentManagerImp.&lt;init&gt;(DocumentManagerImp.java:85)
	at com.inovis.mss.doctrack.DocumentManager.getManager(DocumentManager.java:54)
	at test.com.inovis.mss.doctrack.TestDocumentManager.setUp(TestDocumentManager.java:71)
Caused by: javax.naming.CommunicationException [Root exception is java.net.ConnectException: t3://localhost:7001: Destination unreachable; nested exception is: 
	java.net.ConnectException: Connection refused: connect; No available router to destination]
	at weblogic.jndi.internal.ExceptionTranslator.toNamingException(ExceptionTranslator.java:49)
	at weblogic.jndi.WLInitialContextFactoryDelegate.toNamingException(WLInitialContextFactoryDelegate.java:765)
	at weblogic.jndi.WLInitialContextFactoryDelegate.getInitialContext(WLInitialContextFactoryDelegate.java:364)
	at weblogic.jndi.Environment.getContext(Environment.java:307)
	at weblogic.jndi.Environment.getContext(Environment.java:277)
	at weblogic.jndi.WLInitialContextFactory.getInitialContext(WLInitialContextFactory.java:117)
	at javax.naming.spi.NamingManager.getInitialContext(NamingManager.java:667)
	at javax.naming.InitialContext.getDefaultInitCtx(InitialContext.java:247)
	at javax.naming.InitialContext.init(InitialContext.java:223)
	at javax.naming.InitialContext.&lt;init&gt;(InitialContext.java:175)
	at com.inovis.b2b.lib.service.ServiceLocator.getInitialContext(ServiceLocator.java:206)
	... 20 more
Caused by: java.net.ConnectException: t3://localhost:7001: Destination unreachable; nested exception is: 
	java.net.ConnectException: Connection refused: connect; No available router to destination
	at weblogic.rjvm.RJVMFinder.findOrCreate(RJVMFinder.java:204)
	at weblogic.rjvm.ServerURL.findOrCreateRJVM(ServerURL.java:154)
	at weblogic.jndi.WLInitialContextFactoryDelegate.getInitialContext(WLInitialContextFactoryDelegate.java:349)
	... 28 more
Caused by: java.rmi.ConnectException: Destination unreachable; nested exception is: 
	java.net.ConnectException: Connection refused: connect; No available router to destination
	at weblogic.rjvm.ConnectionManager.bootstrap(ConnectionManager.java:472)
	at weblogic.rjvm.ConnectionManager.bootstrap(ConnectionManager.java:323)
	at weblogic.rjvm.RJVMManager.findOrCreateRemoteInternal(RJVMManager.java:259)
	at weblogic.rjvm.RJVMManager.findOrCreate(RJVMManager.java:202)
	at weblogic.rjvm.RJVMFinder.findOrCreateRemoteServer(RJVMFinder.java:226)
	at weblogic.rjvm.RJVMFinder.findOrCreate(RJVMFinder.java:189)
	... 30 more
</error>
  </testcase>
  <testcase classname="test.com.inovis.mss.doctrack.TestDocumentManager" name="testDocumentManagerChangeStatus" time="2.979">
    <error message="[LIBP-00001] Unable to connect to naming service" type="com.inovis.b2b.lib.service.ServiceUnavailableException">class com.inovis.b2b.lib.service.ServiceUnavailableException: [LIBP-00001] Unable to connect to naming service
	at com.inovis.b2b.lib.service.ServiceLocator.getInitialContext(ServiceLocator.java:214)
	at com.inovis.b2b.lib.service.ServiceLocator.&lt;init&gt;(ServiceLocator.java:183)
	at com.inovis.b2b.lib.service.ServiceLocator.getInstance(ServiceLocator.java:167)
	at com.inovis.b2b.lib.service.ServiceLocator.getInstance(ServiceLocator.java:150)
	at com.inovis.mss.doctrack.defs.DocumentManagerImp.&lt;init&gt;(DocumentManagerImp.java:85)
	at com.inovis.mss.doctrack.DocumentManager.getManager(DocumentManager.java:54)
	at test.com.inovis.mss.doctrack.TestDocumentManager.setUp(TestDocumentManager.java:71)
Caused by: javax.naming.CommunicationException [Root exception is java.net.ConnectException: t3://localhost:7001: Destination unreachable; nested exception is: 
	java.net.ConnectException: Connection refused: connect; No available router to destination]
	at weblogic.jndi.internal.ExceptionTranslator.toNamingException(ExceptionTranslator.java:49)
	at weblogic.jndi.WLInitialContextFactoryDelegate.toNamingException(WLInitialContextFactoryDelegate.java:765)
	at weblogic.jndi.WLInitialContextFactoryDelegate.getInitialContext(WLInitialContextFactoryDelegate.java:364)
	at weblogic.jndi.Environment.getContext(Environment.java:307)
	at weblogic.jndi.Environment.getContext(Environment.java:277)
	at weblogic.jndi.WLInitialContextFactory.getInitialContext(WLInitialContextFactory.java:117)
	at javax.naming.spi.NamingManager.getInitialContext(NamingManager.java:667)
	at javax.naming.InitialContext.getDefaultInitCtx(InitialContext.java:247)
	at javax.naming.InitialContext.init(InitialContext.java:223)
	at javax.naming.InitialContext.&lt;init&gt;(InitialContext.java:175)
	at com.inovis.b2b.lib.service.ServiceLocator.getInitialContext(ServiceLocator.java:206)
	... 20 more
Caused by: java.net.ConnectException: t3://localhost:7001: Destination unreachable; nested exception is: 
	java.net.ConnectException: Connection refused: connect; No available router to destination
	at weblogic.rjvm.RJVMFinder.findOrCreate(RJVMFinder.java:204)
	at weblogic.rjvm.ServerURL.findOrCreateRJVM(ServerURL.java:154)
	at weblogic.jndi.WLInitialContextFactoryDelegate.getInitialContext(WLInitialContextFactoryDelegate.java:349)
	... 28 more
Caused by: java.rmi.ConnectException: Destination unreachable; nested exception is: 
	java.net.ConnectException: Connection refused: connect; No available router to destination
	at weblogic.rjvm.ConnectionManager.bootstrap(ConnectionManager.java:472)
	at weblogic.rjvm.ConnectionManager.bootstrap(ConnectionManager.java:323)
	at weblogic.rjvm.RJVMManager.findOrCreateRemoteInternal(RJVMManager.java:259)
	at weblogic.rjvm.RJVMManager.findOrCreate(RJVMManager.java:202)
	at weblogic.rjvm.RJVMFinder.findOrCreateRemoteServer(RJVMFinder.java:226)
	at weblogic.rjvm.RJVMFinder.findOrCreate(RJVMFinder.java:189)
	... 30 more
</error>
  </testcase>
  <testcase classname="test.com.inovis.mss.doctrack.TestDocumentManager" name="testDocumentManagerResend" time="2.479">
    <error message="[LIBP-00001] Unable to connect to naming service" type="com.inovis.b2b.lib.service.ServiceUnavailableException">class com.inovis.b2b.lib.service.ServiceUnavailableException: [LIBP-00001] Unable to connect to naming service
	at com.inovis.b2b.lib.service.ServiceLocator.getInitialContext(ServiceLocator.java:214)
	at com.inovis.b2b.lib.service.ServiceLocator.&lt;init&gt;(ServiceLocator.java:183)
	at com.inovis.b2b.lib.service.ServiceLocator.getInstance(ServiceLocator.java:167)
	at com.inovis.b2b.lib.service.ServiceLocator.getInstance(ServiceLocator.java:150)
	at com.inovis.mss.doctrack.defs.DocumentManagerImp.&lt;init&gt;(DocumentManagerImp.java:85)
	at com.inovis.mss.doctrack.DocumentManager.getManager(DocumentManager.java:54)
	at test.com.inovis.mss.doctrack.TestDocumentManager.setUp(TestDocumentManager.java:71)
Caused by: javax.naming.CommunicationException [Root exception is java.net.ConnectException: t3://localhost:7001: Destination unreachable; nested exception is: 
	java.net.ConnectException: Connection refused: connect; No available router to destination]
	at weblogic.jndi.internal.ExceptionTranslator.toNamingException(ExceptionTranslator.java:49)
	at weblogic.jndi.WLInitialContextFactoryDelegate.toNamingException(WLInitialContextFactoryDelegate.java:765)
	at weblogic.jndi.WLInitialContextFactoryDelegate.getInitialContext(WLInitialContextFactoryDelegate.java:364)
	at weblogic.jndi.Environment.getContext(Environment.java:307)
	at weblogic.jndi.Environment.getContext(Environment.java:277)
	at weblogic.jndi.WLInitialContextFactory.getInitialContext(WLInitialContextFactory.java:117)
	at javax.naming.spi.NamingManager.getInitialContext(NamingManager.java:667)
	at javax.naming.InitialContext.getDefaultInitCtx(InitialContext.java:247)
	at javax.naming.InitialContext.init(InitialContext.java:223)
	at javax.naming.InitialContext.&lt;init&gt;(InitialContext.java:175)
	at com.inovis.b2b.lib.service.ServiceLocator.getInitialContext(ServiceLocator.java:206)
	... 20 more
Caused by: java.net.ConnectException: t3://localhost:7001: Destination unreachable; nested exception is: 
	java.net.ConnectException: Connection refused: connect; No available router to destination
	at weblogic.rjvm.RJVMFinder.findOrCreate(RJVMFinder.java:204)
	at weblogic.rjvm.ServerURL.findOrCreateRJVM(ServerURL.java:154)
	at weblogic.jndi.WLInitialContextFactoryDelegate.getInitialContext(WLInitialContextFactoryDelegate.java:349)
	... 28 more
Caused by: java.rmi.ConnectException: Destination unreachable; nested exception is: 
	java.net.ConnectException: Connection refused: connect; No available router to destination
	at weblogic.rjvm.ConnectionManager.bootstrap(ConnectionManager.java:472)
	at weblogic.rjvm.ConnectionManager.bootstrap(ConnectionManager.java:323)
	at weblogic.rjvm.RJVMManager.findOrCreateRemoteInternal(RJVMManager.java:259)
	at weblogic.rjvm.RJVMManager.findOrCreate(RJVMManager.java:202)
	at weblogic.rjvm.RJVMFinder.findOrCreateRemoteServer(RJVMFinder.java:226)
	at weblogic.rjvm.RJVMFinder.findOrCreate(RJVMFinder.java:189)
	... 30 more
</error>
  </testcase>
  <testcase classname="test.com.inovis.mss.doctrack.TestDocumentManager" name="testDocumentManagerRequeue" time="2.262">
    <error message="[LIBP-00001] Unable to connect to naming service" type="com.inovis.b2b.lib.service.ServiceUnavailableException">class com.inovis.b2b.lib.service.ServiceUnavailableException: [LIBP-00001] Unable to connect to naming service
	at com.inovis.b2b.lib.service.ServiceLocator.getInitialContext(ServiceLocator.java:214)
	at com.inovis.b2b.lib.service.ServiceLocator.&lt;init&gt;(ServiceLocator.java:183)
	at com.inovis.b2b.lib.service.ServiceLocator.getInstance(ServiceLocator.java:167)
	at com.inovis.b2b.lib.service.ServiceLocator.getInstance(ServiceLocator.java:150)
	at com.inovis.mss.doctrack.defs.DocumentManagerImp.&lt;init&gt;(DocumentManagerImp.java:85)
	at com.inovis.mss.doctrack.DocumentManager.getManager(DocumentManager.java:54)
	at test.com.inovis.mss.doctrack.TestDocumentManager.setUp(TestDocumentManager.java:71)
Caused by: javax.naming.CommunicationException [Root exception is java.net.ConnectException: t3://localhost:7001: Destination unreachable; nested exception is: 
	java.net.ConnectException: Connection refused: connect; No available router to destination]
	at weblogic.jndi.internal.ExceptionTranslator.toNamingException(ExceptionTranslator.java:49)
	at weblogic.jndi.WLInitialContextFactoryDelegate.toNamingException(WLInitialContextFactoryDelegate.java:765)
	at weblogic.jndi.WLInitialContextFactoryDelegate.getInitialContext(WLInitialContextFactoryDelegate.java:364)
	at weblogic.jndi.Environment.getContext(Environment.java:307)
	at weblogic.jndi.Environment.getContext(Environment.java:277)
	at weblogic.jndi.WLInitialContextFactory.getInitialContext(WLInitialContextFactory.java:117)
	at javax.naming.spi.NamingManager.getInitialContext(NamingManager.java:667)
	at javax.naming.InitialContext.getDefaultInitCtx(InitialContext.java:247)
	at javax.naming.InitialContext.init(InitialContext.java:223)
	at javax.naming.InitialContext.&lt;init&gt;(InitialContext.java:175)
	at com.inovis.b2b.lib.service.ServiceLocator.getInitialContext(ServiceLocator.java:206)
	... 20 more
Caused by: java.net.ConnectException: t3://localhost:7001: Destination unreachable; nested exception is: 
	java.net.ConnectException: Connection refused: connect; No available router to destination
	at weblogic.rjvm.RJVMFinder.findOrCreate(RJVMFinder.java:204)
	at weblogic.rjvm.ServerURL.findOrCreateRJVM(ServerURL.java:154)
	at weblogic.jndi.WLInitialContextFactoryDelegate.getInitialContext(WLInitialContextFactoryDelegate.java:349)
	... 28 more
Caused by: java.rmi.ConnectException: Destination unreachable; nested exception is: 
	java.net.ConnectException: Connection refused: connect; No available router to destination
	at weblogic.rjvm.ConnectionManager.bootstrap(ConnectionManager.java:472)
	at weblogic.rjvm.ConnectionManager.bootstrap(ConnectionManager.java:323)
	at weblogic.rjvm.RJVMManager.findOrCreateRemoteInternal(RJVMManager.java:259)
	at weblogic.rjvm.RJVMManager.findOrCreate(RJVMManager.java:202)
	at weblogic.rjvm.RJVMFinder.findOrCreateRemoteServer(RJVMFinder.java:226)
	at weblogic.rjvm.RJVMFinder.findOrCreate(RJVMFinder.java:189)
	... 30 more
</error>
  </testcase>
  <testcase classname="test.com.inovis.mss.doctrack.TestDocumentManager" name="testDocumentManagerGetBoReader" time="2.198">
    <error message="[LIBP-00001] Unable to connect to naming service" type="com.inovis.b2b.lib.service.ServiceUnavailableException">class com.inovis.b2b.lib.service.ServiceUnavailableException: [LIBP-00001] Unable to connect to naming service
	at com.inovis.b2b.lib.service.ServiceLocator.getInitialContext(ServiceLocator.java:214)
	at com.inovis.b2b.lib.service.ServiceLocator.&lt;init&gt;(ServiceLocator.java:183)
	at com.inovis.b2b.lib.service.ServiceLocator.getInstance(ServiceLocator.java:167)
	at com.inovis.b2b.lib.service.ServiceLocator.getInstance(ServiceLocator.java:150)
	at com.inovis.mss.doctrack.defs.DocumentManagerImp.&lt;init&gt;(DocumentManagerImp.java:85)
	at com.inovis.mss.doctrack.DocumentManager.getManager(DocumentManager.java:54)
	at test.com.inovis.mss.doctrack.TestDocumentManager.setUp(TestDocumentManager.java:71)
Caused by: javax.naming.CommunicationException [Root exception is java.net.ConnectException: t3://localhost:7001: Destination unreachable; nested exception is: 
	java.net.ConnectException: Connection refused: connect; No available router to destination]
	at weblogic.jndi.internal.ExceptionTranslator.toNamingException(ExceptionTranslator.java:49)
	at weblogic.jndi.WLInitialContextFactoryDelegate.toNamingException(WLInitialContextFactoryDelegate.java:765)
	at weblogic.jndi.WLInitialContextFactoryDelegate.getInitialContext(WLInitialContextFactoryDelegate.java:364)
	at weblogic.jndi.Environment.getContext(Environment.java:307)
	at weblogic.jndi.Environment.getContext(Environment.java:277)
	at weblogic.jndi.WLInitialContextFactory.getInitialContext(WLInitialContextFactory.java:117)
	at javax.naming.spi.NamingManager.getInitialContext(NamingManager.java:667)
	at javax.naming.InitialContext.getDefaultInitCtx(InitialContext.java:247)
	at javax.naming.InitialContext.init(InitialContext.java:223)
	at javax.naming.InitialContext.&lt;init&gt;(InitialContext.java:175)
	at com.inovis.b2b.lib.service.ServiceLocator.getInitialContext(ServiceLocator.java:206)
	... 20 more
Caused by: java.net.ConnectException: t3://localhost:7001: Destination unreachable; nested exception is: 
	java.net.ConnectException: Connection refused: connect; No available router to destination
	at weblogic.rjvm.RJVMFinder.findOrCreate(RJVMFinder.java:204)
	at weblogic.rjvm.ServerURL.findOrCreateRJVM(ServerURL.java:154)
	at weblogic.jndi.WLInitialContextFactoryDelegate.getInitialContext(WLInitialContextFactoryDelegate.java:349)
	... 28 more
Caused by: java.rmi.ConnectException: Destination unreachable; nested exception is: 
	java.net.ConnectException: Connection refused: connect; No available router to destination
	at weblogic.rjvm.ConnectionManager.bootstrap(ConnectionManager.java:472)
	at weblogic.rjvm.ConnectionManager.bootstrap(ConnectionManager.java:323)
	at weblogic.rjvm.RJVMManager.findOrCreateRemoteInternal(RJVMManager.java:259)
	at weblogic.rjvm.RJVMManager.findOrCreate(RJVMManager.java:202)
	at weblogic.rjvm.RJVMFinder.findOrCreateRemoteServer(RJVMFinder.java:226)
	at weblogic.rjvm.RJVMFinder.findOrCreate(RJVMFinder.java:189)
	... 30 more
</error>
  </testcase>
  <testcase classname="test.com.inovis.mss.doctrack.TestEdiDocumentAuditHeader" name="testEdiDocumentAuditHeader" time="2.075">
    <error message="[LIBP-00001] Unable to connect to naming service" type="com.inovis.b2b.lib.service.ServiceUnavailableException">class com.inovis.b2b.lib.service.ServiceUnavailableException: [LIBP-00001] Unable to connect to naming service
	at com.inovis.b2b.lib.service.ServiceLocator.getInitialContext(ServiceLocator.java:214)
	at com.inovis.b2b.lib.service.ServiceLocator.&lt;init&gt;(ServiceLocator.java:183)
	at com.inovis.b2b.lib.service.ServiceLocator.getInstance(ServiceLocator.java:167)
	at com.inovis.b2b.lib.service.ServiceLocator.getInstance(ServiceLocator.java:150)
	at com.inovis.mss.doctrack.defs.DocumentManagerImp.&lt;init&gt;(DocumentManagerImp.java:85)
	at com.inovis.mss.doctrack.DocumentManager.getManager(DocumentManager.java:54)
	at com.inovis.mss.doctrack.types.edi.EdiDocumentAuditHeader.getNumberTransactionSets(EdiDocumentAuditHeader.java:86)
	at test.com.inovis.mss.doctrack.TestEdiDocumentAuditHeader.testEdiDocumentAuditHeader(TestEdiDocumentAuditHeader.java:143)
Caused by: javax.naming.CommunicationException [Root exception is java.net.ConnectException: t3://localhost:7001: Destination unreachable; nested exception is: 
	java.net.ConnectException: Connection refused: connect; No available router to destination]
	at weblogic.jndi.internal.ExceptionTranslator.toNamingException(ExceptionTranslator.java:49)
	at weblogic.jndi.WLInitialContextFactoryDelegate.toNamingException(WLInitialContextFactoryDelegate.java:765)
	at weblogic.jndi.WLInitialContextFactoryDelegate.getInitialContext(WLInitialContextFactoryDelegate.java:364)
	at weblogic.jndi.Environment.getContext(Environment.java:307)
	at weblogic.jndi.Environment.getContext(Environment.java:277)
	at weblogic.jndi.WLInitialContextFactory.getInitialContext(WLInitialContextFactory.java:117)
	at javax.naming.spi.NamingManager.getInitialContext(NamingManager.java:667)
	at javax.naming.InitialContext.getDefaultInitCtx(InitialContext.java:247)
	at javax.naming.InitialContext.init(InitialContext.java:223)
	at javax.naming.InitialContext.&lt;init&gt;(InitialContext.java:175)
	at com.inovis.b2b.lib.service.ServiceLocator.getInitialContext(ServiceLocator.java:206)
	... 26 more
Caused by: java.net.ConnectException: t3://localhost:7001: Destination unreachable; nested exception is: 
	java.net.ConnectException: Connection refused: connect; No available router to destination
	at weblogic.rjvm.RJVMFinder.findOrCreate(RJVMFinder.java:204)
	at weblogic.rjvm.ServerURL.findOrCreateRJVM(ServerURL.java:154)
	at weblogic.jndi.WLInitialContextFactoryDelegate.getInitialContext(WLInitialContextFactoryDelegate.java:349)
	... 34 more
Caused by: java.rmi.ConnectException: Destination unreachable; nested exception is: 
	java.net.ConnectException: Connection refused: connect; No available router to destination
	at weblogic.rjvm.ConnectionManager.bootstrap(ConnectionManager.java:472)
	at weblogic.rjvm.ConnectionManager.bootstrap(ConnectionManager.java:323)
	at weblogic.rjvm.RJVMManager.findOrCreateRemoteInternal(RJVMManager.java:259)
	at weblogic.rjvm.RJVMManager.findOrCreate(RJVMManager.java:202)
	at weblogic.rjvm.RJVMFinder.findOrCreateRemoteServer(RJVMFinder.java:226)
	at weblogic.rjvm.RJVMFinder.findOrCreate(RJVMFinder.java:189)
	... 36 more
</error>
  </testcase>
  <testcase classname="test.com.inovis.mss.doctrack.TestEdiDocumentQueryFilter" name="testEdiDocumentQueryFilter" time="0.015"></testcase>
  <testcase classname="test.com.inovis.mss.gateways.x400.TestReconciliationRequestOption" name="testReconciliationRequestOption" time="0.016"></testcase>
  <testcase classname="test.com.inovis.mss.gateways.x400.TestX400Address" name="testX400Address" time="0.078"></testcase>
  <testcase classname="test.com.inovis.mss.gateways.x400.TestX400AddressQueryFilter" name="testX400AddressQueryFilter" time="0.015"></testcase>
  <testcase classname="test.com.inovis.mss.gateways.x400.TestX400Manager" name="testGetRouterORNames" time="2.854">
    <error message="[LIBP-00001] Unable to connect to naming service" type="com.inovis.b2b.lib.service.ServiceUnavailableException">class com.inovis.b2b.lib.service.ServiceUnavailableException: [LIBP-00001] Unable to connect to naming service
	at com.inovis.b2b.lib.service.ServiceLocator.getInitialContext(ServiceLocator.java:214)
	at com.inovis.b2b.lib.service.ServiceLocator.&lt;init&gt;(ServiceLocator.java:183)
	at com.inovis.b2b.lib.service.ServiceLocator.getInstance(ServiceLocator.java:167)
	at com.inovis.b2b.lib.service.ServiceLocator.getInstance(ServiceLocator.java:150)
	at com.inovis.mss.gateways.x400.defs.X400ManagerImp.&lt;init&gt;(X400ManagerImp.java:58)
	at com.inovis.mss.gateways.x400.X400Manager.getManager(X400Manager.java:38)
	at test.com.inovis.mss.gateways.x400.TestX400Manager.setUp(TestX400Manager.java:71)
Caused by: javax.naming.CommunicationException [Root exception is java.net.ConnectException: t3://localhost:7001: Destination unreachable; nested exception is: 
	java.net.ConnectException: Connection refused: connect; No available router to destination]
	at weblogic.jndi.internal.ExceptionTranslator.toNamingException(ExceptionTranslator.java:49)
	at weblogic.jndi.WLInitialContextFactoryDelegate.toNamingException(WLInitialContextFactoryDelegate.java:765)
	at weblogic.jndi.WLInitialContextFactoryDelegate.getInitialContext(WLInitialContextFactoryDelegate.java:364)
	at weblogic.jndi.Environment.getContext(Environment.java:307)
	at weblogic.jndi.Environment.getContext(Environment.java:277)
	at weblogic.jndi.WLInitialContextFactory.getInitialContext(WLInitialContextFactory.java:117)
	at javax.naming.spi.NamingManager.getInitialContext(NamingManager.java:667)
	at javax.naming.InitialContext.getDefaultInitCtx(InitialContext.java:247)
	at javax.naming.InitialContext.init(InitialContext.java:223)
	at javax.naming.InitialContext.&lt;init&gt;(InitialContext.java:175)
	at com.inovis.b2b.lib.service.ServiceLocator.getInitialContext(ServiceLocator.java:206)
	... 20 more
Caused by: java.net.ConnectException: t3://localhost:7001: Destination unreachable; nested exception is: 
	java.net.ConnectException: Connection refused: connect; No available router to destination
	at weblogic.rjvm.RJVMFinder.findOrCreate(RJVMFinder.java:204)
	at weblogic.rjvm.ServerURL.findOrCreateRJVM(ServerURL.java:154)
	at weblogic.jndi.WLInitialContextFactoryDelegate.getInitialContext(WLInitialContextFactoryDelegate.java:349)
	... 28 more
Caused by: java.rmi.ConnectException: Destination unreachable; nested exception is: 
	java.net.ConnectException: Connection refused: connect; No available router to destination
	at weblogic.rjvm.ConnectionManager.bootstrap(ConnectionManager.java:472)
	at weblogic.rjvm.ConnectionManager.bootstrap(ConnectionManager.java:323)
	at weblogic.rjvm.RJVMManager.findOrCreateRemoteInternal(RJVMManager.java:259)
	at weblogic.rjvm.RJVMManager.findOrCreate(RJVMManager.java:202)
	at weblogic.rjvm.RJVMFinder.findOrCreateRemoteServer(RJVMFinder.java:226)
	at weblogic.rjvm.RJVMFinder.findOrCreate(RJVMFinder.java:189)
	... 30 more
</error>
  </testcase>
  <testcase classname="test.com.inovis.mss.gateways.x400.TestX400Manager" name="testX400ManagerNewX400Address" time="3.072">
    <error message="[LIBP-00001] Unable to connect to naming service" type="com.inovis.b2b.lib.service.ServiceUnavailableException">class com.inovis.b2b.lib.service.ServiceUnavailableException: [LIBP-00001] Unable to connect to naming service
	at com.inovis.b2b.lib.service.ServiceLocator.getInitialContext(ServiceLocator.java:214)
	at com.inovis.b2b.lib.service.ServiceLocator.&lt;init&gt;(ServiceLocator.java:183)
	at com.inovis.b2b.lib.service.ServiceLocator.getInstance(ServiceLocator.java:167)
	at com.inovis.b2b.lib.service.ServiceLocator.getInstance(ServiceLocator.java:150)
	at com.inovis.mss.gateways.x400.defs.X400ManagerImp.&lt;init&gt;(X400ManagerImp.java:58)
	at com.inovis.mss.gateways.x400.X400Manager.getManager(X400Manager.java:38)
	at test.com.inovis.mss.gateways.x400.TestX400Manager.setUp(TestX400Manager.java:71)
Caused by: javax.naming.CommunicationException [Root exception is java.net.ConnectException: t3://localhost:7001: Destination unreachable; nested exception is: 
	java.net.ConnectException: Connection refused: connect; No available router to destination]
	at weblogic.jndi.internal.ExceptionTranslator.toNamingException(ExceptionTranslator.java:49)
	at weblogic.jndi.WLInitialContextFactoryDelegate.toNamingException(WLInitialContextFactoryDelegate.java:765)
	at weblogic.jndi.WLInitialContextFactoryDelegate.getInitialContext(WLInitialContextFactoryDelegate.java:364)
	at weblogic.jndi.Environment.getContext(Environment.java:307)
	at weblogic.jndi.Environment.getContext(Environment.java:277)
	at weblogic.jndi.WLInitialContextFactory.getInitialContext(WLInitialContextFactory.java:117)
	at javax.naming.spi.NamingManager.getInitialContext(NamingManager.java:667)
	at javax.naming.InitialContext.getDefaultInitCtx(InitialContext.java:247)
	at javax.naming.InitialContext.init(InitialContext.java:223)
	at javax.naming.InitialContext.&lt;init&gt;(InitialContext.java:175)
	at com.inovis.b2b.lib.service.ServiceLocator.getInitialContext(ServiceLocator.java:206)
	... 20 more
Caused by: java.net.ConnectException: t3://localhost:7001: Destination unreachable; nested exception is: 
	java.net.ConnectException: Connection refused: connect; No available router to destination
	at weblogic.rjvm.RJVMFinder.findOrCreate(RJVMFinder.java:204)
	at weblogic.rjvm.ServerURL.findOrCreateRJVM(ServerURL.java:154)
	at weblogic.jndi.WLInitialContextFactoryDelegate.getInitialContext(WLInitialContextFactoryDelegate.java:349)
	... 28 more
Caused by: java.rmi.ConnectException: Destination unreachable; nested exception is: 
	java.net.ConnectException: Connection refused: connect; No available router to destination
	at weblogic.rjvm.ConnectionManager.bootstrap(ConnectionManager.java:472)
	at weblogic.rjvm.ConnectionManager.bootstrap(ConnectionManager.java:323)
	at weblogic.rjvm.RJVMManager.findOrCreateRemoteInternal(RJVMManager.java:259)
	at weblogic.rjvm.RJVMManager.findOrCreate(RJVMManager.java:202)
	at weblogic.rjvm.RJVMFinder.findOrCreateRemoteServer(RJVMFinder.java:226)
	at weblogic.rjvm.RJVMFinder.findOrCreate(RJVMFinder.java:189)
	... 30 more
</error>
  </testcase>
  <testcase classname="test.com.inovis.mss.gateways.x400.TestX400Manager" name="testX400ManagerSaveX400Address" time="2.776">
    <error message="[LIBP-00001] Unable to connect to naming service" type="com.inovis.b2b.lib.service.ServiceUnavailableException">class com.inovis.b2b.lib.service.ServiceUnavailableException: [LIBP-00001] Unable to connect to naming service
	at com.inovis.b2b.lib.service.ServiceLocator.getInitialContext(ServiceLocator.java:214)
	at com.inovis.b2b.lib.service.ServiceLocator.&lt;init&gt;(ServiceLocator.java:183)
	at com.inovis.b2b.lib.service.ServiceLocator.getInstance(ServiceLocator.java:167)
	at com.inovis.b2b.lib.service.ServiceLocator.getInstance(ServiceLocator.java:150)
	at com.inovis.mss.gateways.x400.defs.X400ManagerImp.&lt;init&gt;(X400ManagerImp.java:58)
	at com.inovis.mss.gateways.x400.X400Manager.getManager(X400Manager.java:38)
	at test.com.inovis.mss.gateways.x400.TestX400Manager.setUp(TestX400Manager.java:71)
Caused by: javax.naming.CommunicationException [Root exception is java.net.ConnectException: t3://localhost:7001: Destination unreachable; nested exception is: 
	java.net.ConnectException: Connection refused: connect; No available router to destination]
	at weblogic.jndi.internal.ExceptionTranslator.toNamingException(ExceptionTranslator.java:49)
	at weblogic.jndi.WLInitialContextFactoryDelegate.toNamingException(WLInitialContextFactoryDelegate.java:765)
	at weblogic.jndi.WLInitialContextFactoryDelegate.getInitialContext(WLInitialContextFactoryDelegate.java:364)
	at weblogic.jndi.Environment.getContext(Environment.java:307)
	at weblogic.jndi.Environment.getContext(Environment.java:277)
	at weblogic.jndi.WLInitialContextFactory.getInitialContext(WLInitialContextFactory.java:117)
	at javax.naming.spi.NamingManager.getInitialContext(NamingManager.java:667)
	at javax.naming.InitialContext.getDefaultInitCtx(InitialContext.java:247)
	at javax.naming.InitialContext.init(InitialContext.java:223)
	at javax.naming.InitialContext.&lt;init&gt;(InitialContext.java:175)
	at com.inovis.b2b.lib.service.ServiceLocator.getInitialContext(ServiceLocator.java:206)
	... 20 more
Caused by: java.net.ConnectException: t3://localhost:7001: Destination unreachable; nested exception is: 
	java.net.ConnectException: Connection refused: connect; No available router to destination
	at weblogic.rjvm.RJVMFinder.findOrCreate(RJVMFinder.java:204)
	at weblogic.rjvm.ServerURL.findOrCreateRJVM(ServerURL.java:154)
	at weblogic.jndi.WLInitialContextFactoryDelegate.getInitialContext(WLInitialContextFactoryDelegate.java:349)
	... 28 more
Caused by: java.rmi.ConnectException: Destination unreachable; nested exception is: 
	java.net.ConnectException: Connection refused: connect; No available router to destination
	at weblogic.rjvm.ConnectionManager.bootstrap(ConnectionManager.java:472)
	at weblogic.rjvm.ConnectionManager.bootstrap(ConnectionManager.java:323)
	at weblogic.rjvm.RJVMManager.findOrCreateRemoteInternal(RJVMManager.java:259)
	at weblogic.rjvm.RJVMManager.findOrCreate(RJVMManager.java:202)
	at weblogic.rjvm.RJVMFinder.findOrCreateRemoteServer(RJVMFinder.java:226)
	at weblogic.rjvm.RJVMFinder.findOrCreate(RJVMFinder.java:189)
	... 30 more
</error>
  </testcase>
  <testcase classname="test.com.inovis.mss.gateways.x400.TestX400Manager" name="testX400ManagerGetX400Address1" time="2.168">
    <error message="[LIBP-00001] Unable to connect to naming service" type="com.inovis.b2b.lib.service.ServiceUnavailableException">class com.inovis.b2b.lib.service.ServiceUnavailableException: [LIBP-00001] Unable to connect to naming service
	at com.inovis.b2b.lib.service.ServiceLocator.getInitialContext(ServiceLocator.java:214)
	at com.inovis.b2b.lib.service.ServiceLocator.&lt;init&gt;(ServiceLocator.java:183)
	at com.inovis.b2b.lib.service.ServiceLocator.getInstance(ServiceLocator.java:167)
	at com.inovis.b2b.lib.service.ServiceLocator.getInstance(ServiceLocator.java:150)
	at com.inovis.mss.gateways.x400.defs.X400ManagerImp.&lt;init&gt;(X400ManagerImp.java:58)
	at com.inovis.mss.gateways.x400.X400Manager.getManager(X400Manager.java:38)
	at test.com.inovis.mss.gateways.x400.TestX400Manager.setUp(TestX400Manager.java:71)
Caused by: javax.naming.CommunicationException [Root exception is java.net.ConnectException: t3://localhost:7001: Destination unreachable; nested exception is: 
	java.net.ConnectException: Connection refused: connect; No available router to destination]
	at weblogic.jndi.internal.ExceptionTranslator.toNamingException(ExceptionTranslator.java:49)
	at weblogic.jndi.WLInitialContextFactoryDelegate.toNamingException(WLInitialContextFactoryDelegate.java:765)
	at weblogic.jndi.WLInitialContextFactoryDelegate.getInitialContext(WLInitialContextFactoryDelegate.java:364)
	at weblogic.jndi.Environment.getContext(Environment.java:307)
	at weblogic.jndi.Environment.getContext(Environment.java:277)
	at weblogic.jndi.WLInitialContextFactory.getInitialContext(WLInitialContextFactory.java:117)
	at javax.naming.spi.NamingManager.getInitialContext(NamingManager.java:667)
	at javax.naming.InitialContext.getDefaultInitCtx(InitialContext.java:247)
	at javax.naming.InitialContext.init(InitialContext.java:223)
	at javax.naming.InitialContext.&lt;init&gt;(InitialContext.java:175)
	at com.inovis.b2b.lib.service.ServiceLocator.getInitialContext(ServiceLocator.java:206)
	... 20 more
Caused by: java.net.ConnectException: t3://localhost:7001: Destination unreachable; nested exception is: 
	java.net.ConnectException: Connection refused: connect; No available router to destination
	at weblogic.rjvm.RJVMFinder.findOrCreate(RJVMFinder.java:204)
	at weblogic.rjvm.ServerURL.findOrCreateRJVM(ServerURL.java:154)
	at weblogic.jndi.WLInitialContextFactoryDelegate.getInitialContext(WLInitialContextFactoryDelegate.java:349)
	... 28 more
Caused by: java.rmi.ConnectException: Destination unreachable; nested exception is: 
	java.net.ConnectException: Connection refused: connect; No available router to destination
	at weblogic.rjvm.ConnectionManager.bootstrap(ConnectionManager.java:472)
	at weblogic.rjvm.ConnectionManager.bootstrap(ConnectionManager.java:323)
	at weblogic.rjvm.RJVMManager.findOrCreateRemoteInternal(RJVMManager.java:259)
	at weblogic.rjvm.RJVMManager.findOrCreate(RJVMManager.java:202)
	at weblogic.rjvm.RJVMFinder.findOrCreateRemoteServer(RJVMFinder.java:226)
	at weblogic.rjvm.RJVMFinder.findOrCreate(RJVMFinder.java:189)
	... 30 more
</error>
  </testcase>
  <testcase classname="test.com.inovis.mss.gateways.x400.TestX400Manager" name="testX400ManagerGetX400Address2" time="2.682">
    <error message="[LIBP-00001] Unable to connect to naming service" type="com.inovis.b2b.lib.service.ServiceUnavailableException">class com.inovis.b2b.lib.service.ServiceUnavailableException: [LIBP-00001] Unable to connect to naming service
	at com.inovis.b2b.lib.service.ServiceLocator.getInitialContext(ServiceLocator.java:214)
	at com.inovis.b2b.lib.service.ServiceLocator.&lt;init&gt;(ServiceLocator.java:183)
	at com.inovis.b2b.lib.service.ServiceLocator.getInstance(ServiceLocator.java:167)
	at com.inovis.b2b.lib.service.ServiceLocator.getInstance(ServiceLocator.java:150)
	at com.inovis.mss.gateways.x400.defs.X400ManagerImp.&lt;init&gt;(X400ManagerImp.java:58)
	at com.inovis.mss.gateways.x400.X400Manager.getManager(X400Manager.java:38)
	at test.com.inovis.mss.gateways.x400.TestX400Manager.setUp(TestX400Manager.java:71)
Caused by: javax.naming.CommunicationException [Root exception is java.net.ConnectException: t3://localhost:7001: Destination unreachable; nested exception is: 
	java.net.ConnectException: Connection refused: connect; No available router to destination]
	at weblogic.jndi.internal.ExceptionTranslator.toNamingException(ExceptionTranslator.java:49)
	at weblogic.jndi.WLInitialContextFactoryDelegate.toNamingException(WLInitialContextFactoryDelegate.java:765)
	at weblogic.jndi.WLInitialContextFactoryDelegate.getInitialContext(WLInitialContextFactoryDelegate.java:364)
	at weblogic.jndi.Environment.getContext(Environment.java:307)
	at weblogic.jndi.Environment.getContext(Environment.java:277)
	at weblogic.jndi.WLInitialContextFactory.getInitialContext(WLInitialContextFactory.java:117)
	at javax.naming.spi.NamingManager.getInitialContext(NamingManager.java:667)
	at javax.naming.InitialContext.getDefaultInitCtx(InitialContext.java:247)
	at javax.naming.InitialContext.init(InitialContext.java:223)
	at javax.naming.InitialContext.&lt;init&gt;(InitialContext.java:175)
	at com.inovis.b2b.lib.service.ServiceLocator.getInitialContext(ServiceLocator.java:206)
	... 20 more
Caused by: java.net.ConnectException: t3://localhost:7001: Destination unreachable; nested exception is: 
	java.net.ConnectException: Connection refused: connect; No available router to destination
	at weblogic.rjvm.RJVMFinder.findOrCreate(RJVMFinder.java:204)
	at weblogic.rjvm.ServerURL.findOrCreateRJVM(ServerURL.java:154)
	at weblogic.jndi.WLInitialContextFactoryDelegate.getInitialContext(WLInitialContextFactoryDelegate.java:349)
	... 28 more
Caused by: java.rmi.ConnectException: Destination unreachable; nested exception is: 
	java.net.ConnectException: Connection refused: connect; No available router to destination
	at weblogic.rjvm.ConnectionManager.bootstrap(ConnectionManager.java:472)
	at weblogic.rjvm.ConnectionManager.bootstrap(ConnectionManager.java:323)
	at weblogic.rjvm.RJVMManager.findOrCreateRemoteInternal(RJVMManager.java:259)
	at weblogic.rjvm.RJVMManager.findOrCreate(RJVMManager.java:202)
	at weblogic.rjvm.RJVMFinder.findOrCreateRemoteServer(RJVMFinder.java:226)
	at weblogic.rjvm.RJVMFinder.findOrCreate(RJVMFinder.java:189)
	... 30 more
</error>
  </testcase>
  <testcase classname="test.com.inovis.mss.gateways.x400.TestX400Manager" name="testX400ManagerGetX400AddressList" time="2.869">
    <error message="[LIBP-00001] Unable to connect to naming service" type="com.inovis.b2b.lib.service.ServiceUnavailableException">class com.inovis.b2b.lib.service.ServiceUnavailableException: [LIBP-00001] Unable to connect to naming service
	at com.inovis.b2b.lib.service.ServiceLocator.getInitialContext(ServiceLocator.java:214)
	at com.inovis.b2b.lib.service.ServiceLocator.&lt;init&gt;(ServiceLocator.java:183)
	at com.inovis.b2b.lib.service.ServiceLocator.getInstance(ServiceLocator.java:167)
	at com.inovis.b2b.lib.service.ServiceLocator.getInstance(ServiceLocator.java:150)
	at com.inovis.mss.gateways.x400.defs.X400ManagerImp.&lt;init&gt;(X400ManagerImp.java:58)
	at com.inovis.mss.gateways.x400.X400Manager.getManager(X400Manager.java:38)
	at test.com.inovis.mss.gateways.x400.TestX400Manager.setUp(TestX400Manager.java:71)
Caused by: javax.naming.CommunicationException [Root exception is java.net.ConnectException: t3://localhost:7001: Destination unreachable; nested exception is: 
	java.net.ConnectException: Connection refused: connect; No available router to destination]
	at weblogic.jndi.internal.ExceptionTranslator.toNamingException(ExceptionTranslator.java:49)
	at weblogic.jndi.WLInitialContextFactoryDelegate.toNamingException(WLInitialContextFactoryDelegate.java:765)
	at weblogic.jndi.WLInitialContextFactoryDelegate.getInitialContext(WLInitialContextFactoryDelegate.java:364)
	at weblogic.jndi.Environment.getContext(Environment.java:307)
	at weblogic.jndi.Environment.getContext(Environment.java:277)
	at weblogic.jndi.WLInitialContextFactory.getInitialContext(WLInitialContextFactory.java:117)
	at javax.naming.spi.NamingManager.getInitialContext(NamingManager.java:667)
	at javax.naming.InitialContext.getDefaultInitCtx(InitialContext.java:247)
	at javax.naming.InitialContext.init(InitialContext.java:223)
	at javax.naming.InitialContext.&lt;init&gt;(InitialContext.java:175)
	at com.inovis.b2b.lib.service.ServiceLocator.getInitialContext(ServiceLocator.java:206)
	... 20 more
Caused by: java.net.ConnectException: t3://localhost:7001: Destination unreachable; nested exception is: 
	java.net.ConnectException: Connection refused: connect; No available router to destination
	at weblogic.rjvm.RJVMFinder.findOrCreate(RJVMFinder.java:204)
	at weblogic.rjvm.ServerURL.findOrCreateRJVM(ServerURL.java:154)
	at weblogic.jndi.WLInitialContextFactoryDelegate.getInitialContext(WLInitialContextFactoryDelegate.java:349)
	... 28 more
Caused by: java.rmi.ConnectException: Destination unreachable; nested exception is: 
	java.net.ConnectException: Connection refused: connect; No available router to destination
	at weblogic.rjvm.ConnectionManager.bootstrap(ConnectionManager.java:472)
	at weblogic.rjvm.ConnectionManager.bootstrap(ConnectionManager.java:323)
	at weblogic.rjvm.RJVMManager.findOrCreateRemoteInternal(RJVMManager.java:259)
	at weblogic.rjvm.RJVMManager.findOrCreate(RJVMManager.java:202)
	at weblogic.rjvm.RJVMFinder.findOrCreateRemoteServer(RJVMFinder.java:226)
	at weblogic.rjvm.RJVMFinder.findOrCreate(RJVMFinder.java:189)
	... 30 more
</error>
  </testcase>
  <testcase classname="test.com.inovis.mss.gateways.x400.TestX400Manager" name="testX400ManagerDeleteX400Address" time="2.885">
    <error message="[LIBP-00001] Unable to connect to naming service" type="com.inovis.b2b.lib.service.ServiceUnavailableException">class com.inovis.b2b.lib.service.ServiceUnavailableException: [LIBP-00001] Unable to connect to naming service
	at com.inovis.b2b.lib.service.ServiceLocator.getInitialContext(ServiceLocator.java:214)
	at com.inovis.b2b.lib.service.ServiceLocator.&lt;init&gt;(ServiceLocator.java:183)
	at com.inovis.b2b.lib.service.ServiceLocator.getInstance(ServiceLocator.java:167)
	at com.inovis.b2b.lib.service.ServiceLocator.getInstance(ServiceLocator.java:150)
	at com.inovis.mss.gateways.x400.defs.X400ManagerImp.&lt;init&gt;(X400ManagerImp.java:58)
	at com.inovis.mss.gateways.x400.X400Manager.getManager(X400Manager.java:38)
	at test.com.inovis.mss.gateways.x400.TestX400Manager.setUp(TestX400Manager.java:71)
Caused by: javax.naming.CommunicationException [Root exception is java.net.ConnectException: t3://localhost:7001: Destination unreachable; nested exception is: 
	java.net.ConnectException: Connection refused: connect; No available router to destination]
	at weblogic.jndi.internal.ExceptionTranslator.toNamingException(ExceptionTranslator.java:49)
	at weblogic.jndi.WLInitialContextFactoryDelegate.toNamingException(WLInitialContextFactoryDelegate.java:765)
	at weblogic.jndi.WLInitialContextFactoryDelegate.getInitialContext(WLInitialContextFactoryDelegate.java:364)
	at weblogic.jndi.Environment.getContext(Environment.java:307)
	at weblogic.jndi.Environment.getContext(Environment.java:277)
	at weblogic.jndi.WLInitialContextFactory.getInitialContext(WLInitialContextFactory.java:117)
	at javax.naming.spi.NamingManager.getInitialContext(NamingManager.java:667)
	at javax.naming.InitialContext.getDefaultInitCtx(InitialContext.java:247)
	at javax.naming.InitialContext.init(InitialContext.java:223)
	at javax.naming.InitialContext.&lt;init&gt;(InitialContext.java:175)
	at com.inovis.b2b.lib.service.ServiceLocator.getInitialContext(ServiceLocator.java:206)
	... 20 more
Caused by: java.net.ConnectException: t3://localhost:7001: Destination unreachable; nested exception is: 
	java.net.ConnectException: Connection refused: connect; No available router to destination
	at weblogic.rjvm.RJVMFinder.findOrCreate(RJVMFinder.java:204)
	at weblogic.rjvm.ServerURL.findOrCreateRJVM(ServerURL.java:154)
	at weblogic.jndi.WLInitialContextFactoryDelegate.getInitialContext(WLInitialContextFactoryDelegate.java:349)
	... 28 more
Caused by: java.rmi.ConnectException: Destination unreachable; nested exception is: 
	java.net.ConnectException: Connection refused: connect; No available router to destination
	at weblogic.rjvm.ConnectionManager.bootstrap(ConnectionManager.java:472)
	at weblogic.rjvm.ConnectionManager.bootstrap(ConnectionManager.java:323)
	at weblogic.rjvm.RJVMManager.findOrCreateRemoteInternal(RJVMManager.java:259)
	at weblogic.rjvm.RJVMManager.findOrCreate(RJVMManager.java:202)
	at weblogic.rjvm.RJVMFinder.findOrCreateRemoteServer(RJVMFinder.java:226)
	at weblogic.rjvm.RJVMFinder.findOrCreate(RJVMFinder.java:189)
	... 30 more
</error>
  </testcase>
  <testcase classname="test.com.inovis.mss.gateways.x400.TestX400Manager" name="testX400ManagerAddReconciliation" time="2.293">
    <error message="[LIBP-00001] Unable to connect to naming service" type="com.inovis.b2b.lib.service.ServiceUnavailableException">class com.inovis.b2b.lib.service.ServiceUnavailableException: [LIBP-00001] Unable to connect to naming service
	at com.inovis.b2b.lib.service.ServiceLocator.getInitialContext(ServiceLocator.java:214)
	at com.inovis.b2b.lib.service.ServiceLocator.&lt;init&gt;(ServiceLocator.java:183)
	at com.inovis.b2b.lib.service.ServiceLocator.getInstance(ServiceLocator.java:167)
	at com.inovis.b2b.lib.service.ServiceLocator.getInstance(ServiceLocator.java:150)
	at com.inovis.mss.gateways.x400.defs.X400ManagerImp.&lt;init&gt;(X400ManagerImp.java:58)
	at com.inovis.mss.gateways.x400.X400Manager.getManager(X400Manager.java:38)
	at test.com.inovis.mss.gateways.x400.TestX400Manager.setUp(TestX400Manager.java:71)
Caused by: javax.naming.CommunicationException [Root exception is java.net.ConnectException: t3://localhost:7001: Destination unreachable; nested exception is: 
	java.net.ConnectException: Connection refused: connect; No available router to destination]
	at weblogic.jndi.internal.ExceptionTranslator.toNamingException(ExceptionTranslator.java:49)
	at weblogic.jndi.WLInitialContextFactoryDelegate.toNamingException(WLInitialContextFactoryDelegate.java:765)
	at weblogic.jndi.WLInitialContextFactoryDelegate.getInitialContext(WLInitialContextFactoryDelegate.java:364)
	at weblogic.jndi.Environment.getContext(Environment.java:307)
	at weblogic.jndi.Environment.getContext(Environment.java:277)
	at weblogic.jndi.WLInitialContextFactory.getInitialContext(WLInitialContextFactory.java:117)
	at javax.naming.spi.NamingManager.getInitialContext(NamingManager.java:667)
	at javax.naming.InitialContext.getDefaultInitCtx(InitialContext.java:247)
	at javax.naming.InitialContext.init(InitialContext.java:223)
	at javax.naming.InitialContext.&lt;init&gt;(InitialContext.java:175)
	at com.inovis.b2b.lib.service.ServiceLocator.getInitialContext(ServiceLocator.java:206)
	... 20 more
Caused by: java.net.ConnectException: t3://localhost:7001: Destination unreachable; nested exception is: 
	java.net.ConnectException: Connection refused: connect; No available router to destination
	at weblogic.rjvm.RJVMFinder.findOrCreate(RJVMFinder.java:204)
	at weblogic.rjvm.ServerURL.findOrCreateRJVM(ServerURL.java:154)
	at weblogic.jndi.WLInitialContextFactoryDelegate.getInitialContext(WLInitialContextFactoryDelegate.java:349)
	... 28 more
Caused by: java.rmi.ConnectException: Destination unreachable; nested exception is: 
	java.net.ConnectException: Connection refused: connect; No available router to destination
	at weblogic.rjvm.ConnectionManager.bootstrap(ConnectionManager.java:472)
	at weblogic.rjvm.ConnectionManager.bootstrap(ConnectionManager.java:323)
	at weblogic.rjvm.RJVMManager.findOrCreateRemoteInternal(RJVMManager.java:259)
	at weblogic.rjvm.RJVMManager.findOrCreate(RJVMManager.java:202)
	at weblogic.rjvm.RJVMFinder.findOrCreateRemoteServer(RJVMFinder.java:226)
	at weblogic.rjvm.RJVMFinder.findOrCreate(RJVMFinder.java:189)
	... 30 more
</error>
  </testcase>
  <testcase classname="test.com.inovis.mss.gateways.x400.TestX400Manager" name="testX400ManagerReceivedDeliveryReport" time="2.682">
    <error message="[LIBP-00001] Unable to connect to naming service" type="com.inovis.b2b.lib.service.ServiceUnavailableException">class com.inovis.b2b.lib.service.ServiceUnavailableException: [LIBP-00001] Unable to connect to naming service
	at com.inovis.b2b.lib.service.ServiceLocator.getInitialContext(ServiceLocator.java:214)
	at com.inovis.b2b.lib.service.ServiceLocator.&lt;init&gt;(ServiceLocator.java:183)
	at com.inovis.b2b.lib.service.ServiceLocator.getInstance(ServiceLocator.java:167)
	at com.inovis.b2b.lib.service.ServiceLocator.getInstance(ServiceLocator.java:150)
	at com.inovis.mss.gateways.x400.defs.X400ManagerImp.&lt;init&gt;(X400ManagerImp.java:58)
	at com.inovis.mss.gateways.x400.X400Manager.getManager(X400Manager.java:38)
	at test.com.inovis.mss.gateways.x400.TestX400Manager.setUp(TestX400Manager.java:71)
Caused by: javax.naming.CommunicationException [Root exception is java.net.ConnectException: t3://localhost:7001: Destination unreachable; nested exception is: 
	java.net.ConnectException: Connection refused: connect; No available router to destination]
	at weblogic.jndi.internal.ExceptionTranslator.toNamingException(ExceptionTranslator.java:49)
	at weblogic.jndi.WLInitialContextFactoryDelegate.toNamingException(WLInitialContextFactoryDelegate.java:765)
	at weblogic.jndi.WLInitialContextFactoryDelegate.getInitialContext(WLInitialContextFactoryDelegate.java:364)
	at weblogic.jndi.Environment.getContext(Environment.java:307)
	at weblogic.jndi.Environment.getContext(Environment.java:277)
	at weblogic.jndi.WLInitialContextFactory.getInitialContext(WLInitialContextFactory.java:117)
	at javax.naming.spi.NamingManager.getInitialContext(NamingManager.java:667)
	at javax.naming.InitialContext.getDefaultInitCtx(InitialContext.java:247)
	at javax.naming.InitialContext.init(InitialContext.java:223)
	at javax.naming.InitialContext.&lt;init&gt;(InitialContext.java:175)
	at com.inovis.b2b.lib.service.ServiceLocator.getInitialContext(ServiceLocator.java:206)
	... 20 more
Caused by: java.net.ConnectException: t3://localhost:7001: Destination unreachable; nested exception is: 
	java.net.ConnectException: Connection refused: connect; No available router to destination
	at weblogic.rjvm.RJVMFinder.findOrCreate(RJVMFinder.java:204)
	at weblogic.rjvm.ServerURL.findOrCreateRJVM(ServerURL.java:154)
	at weblogic.jndi.WLInitialContextFactoryDelegate.getInitialContext(WLInitialContextFactoryDelegate.java:349)
	... 28 more
Caused by: java.rmi.ConnectException: Destination unreachable; nested exception is: 
	java.net.ConnectException: Connection refused: connect; No available router to destination
	at weblogic.rjvm.ConnectionManager.bootstrap(ConnectionManager.java:472)
	at weblogic.rjvm.ConnectionManager.bootstrap(ConnectionManager.java:323)
	at weblogic.rjvm.RJVMManager.findOrCreateRemoteInternal(RJVMManager.java:259)
	at weblogic.rjvm.RJVMManager.findOrCreate(RJVMManager.java:202)
	at weblogic.rjvm.RJVMFinder.findOrCreateRemoteServer(RJVMFinder.java:226)
	at weblogic.rjvm.RJVMFinder.findOrCreate(RJVMFinder.java:189)
	... 30 more
</error>
  </testcase>
  <testcase classname="test.com.inovis.mss.gateways.x400.TestX400Manager" name="testX400ManagerReceivedReceiptNotification" time="2.261">
    <error message="[LIBP-00001] Unable to connect to naming service" type="com.inovis.b2b.lib.service.ServiceUnavailableException">class com.inovis.b2b.lib.service.ServiceUnavailableException: [LIBP-00001] Unable to connect to naming service
	at com.inovis.b2b.lib.service.ServiceLocator.getInitialContext(ServiceLocator.java:214)
	at com.inovis.b2b.lib.service.ServiceLocator.&lt;init&gt;(ServiceLocator.java:183)
	at com.inovis.b2b.lib.service.ServiceLocator.getInstance(ServiceLocator.java:167)
	at com.inovis.b2b.lib.service.ServiceLocator.getInstance(ServiceLocator.java:150)
	at com.inovis.mss.gateways.x400.defs.X400ManagerImp.&lt;init&gt;(X400ManagerImp.java:58)
	at com.inovis.mss.gateways.x400.X400Manager.getManager(X400Manager.java:38)
	at test.com.inovis.mss.gateways.x400.TestX400Manager.setUp(TestX400Manager.java:71)
Caused by: javax.naming.CommunicationException [Root exception is java.net.ConnectException: t3://localhost:7001: Destination unreachable; nested exception is: 
	java.net.ConnectException: Connection refused: connect; No available router to destination]
	at weblogic.jndi.internal.ExceptionTranslator.toNamingException(ExceptionTranslator.java:49)
	at weblogic.jndi.WLInitialContextFactoryDelegate.toNamingException(WLInitialContextFactoryDelegate.java:765)
	at weblogic.jndi.WLInitialContextFactoryDelegate.getInitialContext(WLInitialContextFactoryDelegate.java:364)
	at weblogic.jndi.Environment.getContext(Environment.java:307)
	at weblogic.jndi.Environment.getContext(Environment.java:277)
	at weblogic.jndi.WLInitialContextFactory.getInitialContext(WLInitialContextFactory.java:117)
	at javax.naming.spi.NamingManager.getInitialContext(NamingManager.java:667)
	at javax.naming.InitialContext.getDefaultInitCtx(InitialContext.java:247)
	at javax.naming.InitialContext.init(InitialContext.java:223)
	at javax.naming.InitialContext.&lt;init&gt;(InitialContext.java:175)
	at com.inovis.b2b.lib.service.ServiceLocator.getInitialContext(ServiceLocator.java:206)
	... 20 more
Caused by: java.net.ConnectException: t3://localhost:7001: Destination unreachable; nested exception is: 
	java.net.ConnectException: Connection refused: connect; No available router to destination
	at weblogic.rjvm.RJVMFinder.findOrCreate(RJVMFinder.java:204)
	at weblogic.rjvm.ServerURL.findOrCreateRJVM(ServerURL.java:154)
	at weblogic.jndi.WLInitialContextFactoryDelegate.getInitialContext(WLInitialContextFactoryDelegate.java:349)
	... 28 more
Caused by: java.rmi.ConnectException: Destination unreachable; nested exception is: 
	java.net.ConnectException: Connection refused: connect; No available router to destination
	at weblogic.rjvm.ConnectionManager.bootstrap(ConnectionManager.java:472)
	at weblogic.rjvm.ConnectionManager.bootstrap(ConnectionManager.java:323)
	at weblogic.rjvm.RJVMManager.findOrCreateRemoteInternal(RJVMManager.java:259)
	at weblogic.rjvm.RJVMManager.findOrCreate(RJVMManager.java:202)
	at weblogic.rjvm.RJVMFinder.findOrCreateRemoteServer(RJVMFinder.java:226)
	at weblogic.rjvm.RJVMFinder.findOrCreate(RJVMFinder.java:189)
	... 30 more
</error>
  </testcase>
  <testcase classname="test.com.inovis.mss.gateways.x400.TestX400Manager" name="testX400ManagerReceivedForwardedNotification" time="2.495">
    <error message="[LIBP-00001] Unable to connect to naming service" type="com.inovis.b2b.lib.service.ServiceUnavailableException">class com.inovis.b2b.lib.service.ServiceUnavailableException: [LIBP-00001] Unable to connect to naming service
	at com.inovis.b2b.lib.service.ServiceLocator.getInitialContext(ServiceLocator.java:214)
	at com.inovis.b2b.lib.service.ServiceLocator.&lt;init&gt;(ServiceLocator.java:183)
	at com.inovis.b2b.lib.service.ServiceLocator.getInstance(ServiceLocator.java:167)
	at com.inovis.b2b.lib.service.ServiceLocator.getInstance(ServiceLocator.java:150)
	at com.inovis.mss.gateways.x400.defs.X400ManagerImp.&lt;init&gt;(X400ManagerImp.java:58)
	at com.inovis.mss.gateways.x400.X400Manager.getManager(X400Manager.java:38)
	at test.com.inovis.mss.gateways.x400.TestX400Manager.setUp(TestX400Manager.java:71)
Caused by: javax.naming.CommunicationException [Root exception is java.net.ConnectException: t3://localhost:7001: Destination unreachable; nested exception is: 
	java.net.ConnectException: Connection refused: connect; No available router to destination]
	at weblogic.jndi.internal.ExceptionTranslator.toNamingException(ExceptionTranslator.java:49)
	at weblogic.jndi.WLInitialContextFactoryDelegate.toNamingException(WLInitialContextFactoryDelegate.java:765)
	at weblogic.jndi.WLInitialContextFactoryDelegate.getInitialContext(WLInitialContextFactoryDelegate.java:364)
	at weblogic.jndi.Environment.getContext(Environment.java:307)
	at weblogic.jndi.Environment.getContext(Environment.java:277)
	at weblogic.jndi.WLInitialContextFactory.getInitialContext(WLInitialContextFactory.java:117)
	at javax.naming.spi.NamingManager.getInitialContext(NamingManager.java:667)
	at javax.naming.InitialContext.getDefaultInitCtx(InitialContext.java:247)
	at javax.naming.InitialContext.init(InitialContext.java:223)
	at javax.naming.InitialContext.&lt;init&gt;(InitialContext.java:175)
	at com.inovis.b2b.lib.service.ServiceLocator.getInitialContext(ServiceLocator.java:206)
	... 20 more
Caused by: java.net.ConnectException: t3://localhost:7001: Destination unreachable; nested exception is: 
	java.net.ConnectException: Connection refused: connect; No available router to destination
	at weblogic.rjvm.RJVMFinder.findOrCreate(RJVMFinder.java:204)
	at weblogic.rjvm.ServerURL.findOrCreateRJVM(ServerURL.java:154)
	at weblogic.jndi.WLInitialContextFactoryDelegate.getInitialContext(WLInitialContextFactoryDelegate.java:349)
	... 28 more
Caused by: java.rmi.ConnectException: Destination unreachable; nested exception is: 
	java.net.ConnectException: Connection refused: connect; No available router to destination
	at weblogic.rjvm.ConnectionManager.bootstrap(ConnectionManager.java:472)
	at weblogic.rjvm.ConnectionManager.bootstrap(ConnectionManager.java:323)
	at weblogic.rjvm.RJVMManager.findOrCreateRemoteInternal(RJVMManager.java:259)
	at weblogic.rjvm.RJVMManager.findOrCreate(RJVMManager.java:202)
	at weblogic.rjvm.RJVMFinder.findOrCreateRemoteServer(RJVMFinder.java:226)
	at weblogic.rjvm.RJVMFinder.findOrCreate(RJVMFinder.java:189)
	... 30 more
</error>
  </testcase>
  <testcase classname="test.com.inovis.mss.gateways.x400.TestX400Manager" name="testX400ManagerReceivedNonReceiptNotification" time="2.261">
    <error message="[LIBP-00001] Unable to connect to naming service" type="com.inovis.b2b.lib.service.ServiceUnavailableException">class com.inovis.b2b.lib.service.ServiceUnavailableException: [LIBP-00001] Unable to connect to naming service
	at com.inovis.b2b.lib.service.ServiceLocator.getInitialContext(ServiceLocator.java:214)
	at com.inovis.b2b.lib.service.ServiceLocator.&lt;init&gt;(ServiceLocator.java:183)
	at com.inovis.b2b.lib.service.ServiceLocator.getInstance(ServiceLocator.java:167)
	at com.inovis.b2b.lib.service.ServiceLocator.getInstance(ServiceLocator.java:150)
	at com.inovis.mss.gateways.x400.defs.X400ManagerImp.&lt;init&gt;(X400ManagerImp.java:58)
	at com.inovis.mss.gateways.x400.X400Manager.getManager(X400Manager.java:38)
	at test.com.inovis.mss.gateways.x400.TestX400Manager.setUp(TestX400Manager.java:71)
Caused by: javax.naming.CommunicationException [Root exception is java.net.ConnectException: t3://localhost:7001: Destination unreachable; nested exception is: 
	java.net.ConnectException: Connection refused: connect; No available router to destination]
	at weblogic.jndi.internal.ExceptionTranslator.toNamingException(ExceptionTranslator.java:49)
	at weblogic.jndi.WLInitialContextFactoryDelegate.toNamingException(WLInitialContextFactoryDelegate.java:765)
	at weblogic.jndi.WLInitialContextFactoryDelegate.getInitialContext(WLInitialContextFactoryDelegate.java:364)
	at weblogic.jndi.Environment.getContext(Environment.java:307)
	at weblogic.jndi.Environment.getContext(Environment.java:277)
	at weblogic.jndi.WLInitialContextFactory.getInitialContext(WLInitialContextFactory.java:117)
	at javax.naming.spi.NamingManager.getInitialContext(NamingManager.java:667)
	at javax.naming.InitialContext.getDefaultInitCtx(InitialContext.java:247)
	at javax.naming.InitialContext.init(InitialContext.java:223)
	at javax.naming.InitialContext.&lt;init&gt;(InitialContext.java:175)
	at com.inovis.b2b.lib.service.ServiceLocator.getInitialContext(ServiceLocator.java:206)
	... 20 more
Caused by: java.net.ConnectException: t3://localhost:7001: Destination unreachable; nested exception is: 
	java.net.ConnectException: Connection refused: connect; No available router to destination
	at weblogic.rjvm.RJVMFinder.findOrCreate(RJVMFinder.java:204)
	at weblogic.rjvm.ServerURL.findOrCreateRJVM(ServerURL.java:154)
	at weblogic.jndi.WLInitialContextFactoryDelegate.getInitialContext(WLInitialContextFactoryDelegate.java:349)
	... 28 more
Caused by: java.rmi.ConnectException: Destination unreachable; nested exception is: 
	java.net.ConnectException: Connection refused: connect; No available router to destination
	at weblogic.rjvm.ConnectionManager.bootstrap(ConnectionManager.java:472)
	at weblogic.rjvm.ConnectionManager.bootstrap(ConnectionManager.java:323)
	at weblogic.rjvm.RJVMManager.findOrCreateRemoteInternal(RJVMManager.java:259)
	at weblogic.rjvm.RJVMManager.findOrCreate(RJVMManager.java:202)
	at weblogic.rjvm.RJVMFinder.findOrCreateRemoteServer(RJVMFinder.java:226)
	at weblogic.rjvm.RJVMFinder.findOrCreate(RJVMFinder.java:189)
	... 30 more
</error>
  </testcase>
  <testcase classname="test.com.inovis.mss.gateways.x400.TestX400Manager" name="testX400ManagerReceivedNonDeliveryReport" time="2.386">
    <error message="[LIBP-00001] Unable to connect to naming service" type="com.inovis.b2b.lib.service.ServiceUnavailableException">class com.inovis.b2b.lib.service.ServiceUnavailableException: [LIBP-00001] Unable to connect to naming service
	at com.inovis.b2b.lib.service.ServiceLocator.getInitialContext(ServiceLocator.java:214)
	at com.inovis.b2b.lib.service.ServiceLocator.&lt;init&gt;(ServiceLocator.java:183)
	at com.inovis.b2b.lib.service.ServiceLocator.getInstance(ServiceLocator.java:167)
	at com.inovis.b2b.lib.service.ServiceLocator.getInstance(ServiceLocator.java:150)
	at com.inovis.mss.gateways.x400.defs.X400ManagerImp.&lt;init&gt;(X400ManagerImp.java:58)
	at com.inovis.mss.gateways.x400.X400Manager.getManager(X400Manager.java:38)
	at test.com.inovis.mss.gateways.x400.TestX400Manager.setUp(TestX400Manager.java:71)
Caused by: javax.naming.CommunicationException [Root exception is java.net.ConnectException: t3://localhost:7001: Destination unreachable; nested exception is: 
	java.net.ConnectException: Connection refused: connect; No available router to destination]
	at weblogic.jndi.internal.ExceptionTranslator.toNamingException(ExceptionTranslator.java:49)
	at weblogic.jndi.WLInitialContextFactoryDelegate.toNamingException(WLInitialContextFactoryDelegate.java:765)
	at weblogic.jndi.WLInitialContextFactoryDelegate.getInitialContext(WLInitialContextFactoryDelegate.java:364)
	at weblogic.jndi.Environment.getContext(Environment.java:307)
	at weblogic.jndi.Environment.getContext(Environment.java:277)
	at weblogic.jndi.WLInitialContextFactory.getInitialContext(WLInitialContextFactory.java:117)
	at javax.naming.spi.NamingManager.getInitialContext(NamingManager.java:667)
	at javax.naming.InitialContext.getDefaultInitCtx(InitialContext.java:247)
	at javax.naming.InitialContext.init(InitialContext.java:223)
	at javax.naming.InitialContext.&lt;init&gt;(InitialContext.java:175)
	at com.inovis.b2b.lib.service.ServiceLocator.getInitialContext(ServiceLocator.java:206)
	... 20 more
Caused by: java.net.ConnectException: t3://localhost:7001: Destination unreachable; nested exception is: 
	java.net.ConnectException: Connection refused: connect; No available router to destination
	at weblogic.rjvm.RJVMFinder.findOrCreate(RJVMFinder.java:204)
	at weblogic.rjvm.ServerURL.findOrCreateRJVM(ServerURL.java:154)
	at weblogic.jndi.WLInitialContextFactoryDelegate.getInitialContext(WLInitialContextFactoryDelegate.java:349)
	... 28 more
Caused by: java.rmi.ConnectException: Destination unreachable; nested exception is: 
	java.net.ConnectException: Connection refused: connect; No available router to destination
	at weblogic.rjvm.ConnectionManager.bootstrap(ConnectionManager.java:472)
	at weblogic.rjvm.ConnectionManager.bootstrap(ConnectionManager.java:323)
	at weblogic.rjvm.RJVMManager.findOrCreateRemoteInternal(RJVMManager.java:259)
	at weblogic.rjvm.RJVMManager.findOrCreate(RJVMManager.java:202)
	at weblogic.rjvm.RJVMFinder.findOrCreateRemoteServer(RJVMFinder.java:226)
	at weblogic.rjvm.RJVMFinder.findOrCreate(RJVMFinder.java:189)
	... 30 more
</error>
  </testcase>
  <testcase classname="test.com.inovis.mss.gateways.x400.TestX400Manager" name="testX400ManagerTransmissionError" time="2.184">
    <error message="[LIBP-00001] Unable to connect to naming service" type="com.inovis.b2b.lib.service.ServiceUnavailableException">class com.inovis.b2b.lib.service.ServiceUnavailableException: [LIBP-00001] Unable to connect to naming service
	at com.inovis.b2b.lib.service.ServiceLocator.getInitialContext(ServiceLocator.java:214)
	at com.inovis.b2b.lib.service.ServiceLocator.&lt;init&gt;(ServiceLocator.java:183)
	at com.inovis.b2b.lib.service.ServiceLocator.getInstance(ServiceLocator.java:167)
	at com.inovis.b2b.lib.service.ServiceLocator.getInstance(ServiceLocator.java:150)
	at com.inovis.mss.gateways.x400.defs.X400ManagerImp.&lt;init&gt;(X400ManagerImp.java:58)
	at com.inovis.mss.gateways.x400.X400Manager.getManager(X400Manager.java:38)
	at test.com.inovis.mss.gateways.x400.TestX400Manager.setUp(TestX400Manager.java:71)
Caused by: javax.naming.CommunicationException [Root exception is java.net.ConnectException: t3://localhost:7001: Destination unreachable; nested exception is: 
	java.net.ConnectException: Connection refused: connect; No available router to destination]
	at weblogic.jndi.internal.ExceptionTranslator.toNamingException(ExceptionTranslator.java:49)
	at weblogic.jndi.WLInitialContextFactoryDelegate.toNamingException(WLInitialContextFactoryDelegate.java:765)
	at weblogic.jndi.WLInitialContextFactoryDelegate.getInitialContext(WLInitialContextFactoryDelegate.java:364)
	at weblogic.jndi.Environment.getContext(Environment.java:307)
	at weblogic.jndi.Environment.getContext(Environment.java:277)
	at weblogic.jndi.WLInitialContextFactory.getInitialContext(WLInitialContextFactory.java:117)
	at javax.naming.spi.NamingManager.getInitialContext(NamingManager.java:667)
	at javax.naming.InitialContext.getDefaultInitCtx(InitialContext.java:247)
	at javax.naming.InitialContext.init(InitialContext.java:223)
	at javax.naming.InitialContext.&lt;init&gt;(InitialContext.java:175)
	at com.inovis.b2b.lib.service.ServiceLocator.getInitialContext(ServiceLocator.java:206)
	... 20 more
Caused by: java.net.ConnectException: t3://localhost:7001: Destination unreachable; nested exception is: 
	java.net.ConnectException: Connection refused: connect; No available router to destination
	at weblogic.rjvm.RJVMFinder.findOrCreate(RJVMFinder.java:204)
	at weblogic.rjvm.ServerURL.findOrCreateRJVM(ServerURL.java:154)
	at weblogic.jndi.WLInitialContextFactoryDelegate.getInitialContext(WLInitialContextFactoryDelegate.java:349)
	... 28 more
Caused by: java.rmi.ConnectException: Destination unreachable; nested exception is: 
	java.net.ConnectException: Connection refused: connect; No available router to destination
	at weblogic.rjvm.ConnectionManager.bootstrap(ConnectionManager.java:472)
	at weblogic.rjvm.ConnectionManager.bootstrap(ConnectionManager.java:323)
	at weblogic.rjvm.RJVMManager.findOrCreateRemoteInternal(RJVMManager.java:259)
	at weblogic.rjvm.RJVMManager.findOrCreate(RJVMManager.java:202)
	at weblogic.rjvm.RJVMFinder.findOrCreateRemoteServer(RJVMFinder.java:226)
	at weblogic.rjvm.RJVMFinder.findOrCreate(RJVMFinder.java:189)
	... 30 more
</error>
  </testcase>
  <testcase classname="test.com.inovis.mss.gateways.x400.TestX400Manager" name="testX400ManagerReconcileDocuments" time="2.183">
    <error message="[LIBP-00001] Unable to connect to naming service" type="com.inovis.b2b.lib.service.ServiceUnavailableException">class com.inovis.b2b.lib.service.ServiceUnavailableException: [LIBP-00001] Unable to connect to naming service
	at com.inovis.b2b.lib.service.ServiceLocator.getInitialContext(ServiceLocator.java:214)
	at com.inovis.b2b.lib.service.ServiceLocator.&lt;init&gt;(ServiceLocator.java:183)
	at com.inovis.b2b.lib.service.ServiceLocator.getInstance(ServiceLocator.java:167)
	at com.inovis.b2b.lib.service.ServiceLocator.getInstance(ServiceLocator.java:150)
	at com.inovis.mss.gateways.x400.defs.X400ManagerImp.&lt;init&gt;(X400ManagerImp.java:58)
	at com.inovis.mss.gateways.x400.X400Manager.getManager(X400Manager.java:38)
	at test.com.inovis.mss.gateways.x400.TestX400Manager.setUp(TestX400Manager.java:71)
Caused by: javax.naming.CommunicationException [Root exception is java.net.ConnectException: t3://localhost:7001: Destination unreachable; nested exception is: 
	java.net.ConnectException: Connection refused: connect; No available router to destination]
	at weblogic.jndi.internal.ExceptionTranslator.toNamingException(ExceptionTranslator.java:49)
	at weblogic.jndi.WLInitialContextFactoryDelegate.toNamingException(WLInitialContextFactoryDelegate.java:765)
	at weblogic.jndi.WLInitialContextFactoryDelegate.getInitialContext(WLInitialContextFactoryDelegate.java:364)
	at weblogic.jndi.Environment.getContext(Environment.java:307)
	at weblogic.jndi.Environment.getContext(Environment.java:277)
	at weblogic.jndi.WLInitialContextFactory.getInitialContext(WLInitialContextFactory.java:117)
	at javax.naming.spi.NamingManager.getInitialContext(NamingManager.java:667)
	at javax.naming.InitialContext.getDefaultInitCtx(InitialContext.java:247)
	at javax.naming.InitialContext.init(InitialContext.java:223)
	at javax.naming.InitialContext.&lt;init&gt;(InitialContext.java:175)
	at com.inovis.b2b.lib.service.ServiceLocator.getInitialContext(ServiceLocator.java:206)
	... 20 more
Caused by: java.net.ConnectException: t3://localhost:7001: Destination unreachable; nested exception is: 
	java.net.ConnectException: Connection refused: connect; No available router to destination
	at weblogic.rjvm.RJVMFinder.findOrCreate(RJVMFinder.java:204)
	at weblogic.rjvm.ServerURL.findOrCreateRJVM(ServerURL.java:154)
	at weblogic.jndi.WLInitialContextFactoryDelegate.getInitialContext(WLInitialContextFactoryDelegate.java:349)
	... 28 more
Caused by: java.rmi.ConnectException: Destination unreachable; nested exception is: 
	java.net.ConnectException: Connection refused: connect; No available router to destination
	at weblogic.rjvm.ConnectionManager.bootstrap(ConnectionManager.java:472)
	at weblogic.rjvm.ConnectionManager.bootstrap(ConnectionManager.java:323)
	at weblogic.rjvm.RJVMManager.findOrCreateRemoteInternal(RJVMManager.java:259)
	at weblogic.rjvm.RJVMManager.findOrCreate(RJVMManager.java:202)
	at weblogic.rjvm.RJVMFinder.findOrCreateRemoteServer(RJVMFinder.java:226)
	at weblogic.rjvm.RJVMFinder.findOrCreate(RJVMFinder.java:189)
	... 30 more
</error>
  </testcase>
  <testcase classname="test.com.inovis.mss.gateways.x400.TestX400Message" name="testX400Message" time="0.015">
    <failure message="[X400-00024] Error, Missing = character after attribute NULL;NULL" type="junit.framework.AssertionFailedError">junit.framework.AssertionFailedError: [X400-00024] Error, Missing = character after attribute NULL;NULL
	at test.com.inovis.mss.gateways.x400.TestX400Message.testX400Message(TestX400Message.java:108)
</failure>
  </testcase>
  <testcase classname="test.com.inovis.mss.gateways.x400.TestX4ORName" name="testX4ORName" time="0.0">
    <error message="[X400-00002] Error, OR name must contain Country and ADMD" type="com.inovis.b2b.lib.exception.InvalidDataException">class com.inovis.b2b.lib.exception.InvalidDataException: [X400-00002] Error, OR name must contain Country and ADMD
	at com.inovis.mss.gateways.x400.X4RouterORName.&lt;init&gt;(X4RouterORName.java:98)
	at com.inovis.mss.gateways.x400.X4ORName.&lt;init&gt;(X4ORName.java:53)
	at test.com.inovis.mss.gateways.x400.TestX4ORName.testX4ORName(TestX4ORName.java:61)
</error>
  </testcase>
  <testcase classname="test.com.inovis.mss.gateways.x400.client.TestRmiUrl" name="testRmiUrl" time="0.0"></testcase>
  <testcase classname="test.com.inovis.mss.gateways.x400.server.TestMTAMessage" name="testMTAMessage" time="0.016">
    <error type="java.lang.NoClassDefFoundError">java.lang.NoClassDefFoundError
	at com.inovis.b2b.lib.util.ConfigurationResources.&lt;init&gt;(ConfigurationResources.java:34)
	at com.inovis.mss.resource.gateways.x400.X400Config.&lt;init&gt;(X400Config.java:47)
	at com.inovis.mss.resource.gateways.x400.X400Config.get(X400Config.java:59)
	at com.inovis.mss.resource.gateways.x400.X400Config.get(X400Config.java:73)
	at test.com.inovis.mss.gateways.x400.server.TestMTAMessage.testMTAMessage(TestMTAMessage.java:137)
</error>
  </testcase>
  <testcase classname="test.com.inovis.mss.gateways.x400.server.TestUAFIContentType" name="testUAFIContentType" time="0.0"></testcase>
  <testcase classname="test.com.inovis.mss.gateways.x400.server.TestUAFIMessage" name="testUAFIMessage" time="0.25"></testcase>
  <testcase classname="test.com.inovis.mss.gateways.x400.server.TestUAFIRSPFile" name="testUAFIRSPFile" time="0.0"></testcase>
  <testcase classname="test.com.inovis.mss.gateways.x400.server.TestUAFIRecvMessage" name="testUAFIRecvMessage" time="0.046"></testcase>
  <testcase classname="test.com.inovis.mss.gateways.x400.server.TestX400GatewayConfiguration" name="testX400GatewayConfiguration" time="2.589"></testcase>
  <testcase classname="test.com.inovis.mss.gateways.x400.server.TestX400SendMessage" name="testX400SendMessage" time="0.0">
    <failure message="InvalidDataException: [X400-00024] Error, Missing = character after attribute NULL;NULL" type="junit.framework.AssertionFailedError">junit.framework.AssertionFailedError: InvalidDataException: [X400-00024] Error, Missing = character after attribute NULL;NULL
	at test.com.inovis.mss.gateways.x400.server.TestX400SendMessage.testX400SendMessage(TestX400SendMessage.java:314)
</failure>
  </testcase>
  <testcase classname="test.com.inovis.mss.gateways.x400.server.TestX400UAFIMessage" name="testX400UAFIMessage" time="0.0">
    <failure message="[X400-00024] Error, Missing = character after attribute NULL;NULL" type="junit.framework.AssertionFailedError">junit.framework.AssertionFailedError: [X400-00024] Error, Missing = character after attribute NULL;NULL
	at test.com.inovis.mss.gateways.x400.server.TestX400UAFIMessage.testX400UAFIMessage(TestX400UAFIMessage.java:232)
</failure>
  </testcase>
  <testcase classname="test.com.inovis.mss.gateways.pipeline.defs.TestPipelineRequestImp" name="testPipelineRequestImp" time="0.624"></testcase>
  <testcase classname="test.com.inovis.mss.gateways.pipeline.defs.TestPipelineResponseImp" name="testPipelineResponseImp" time="0.14">
    <error message="java.io.ByteArrayInputStream" type="java.lang.ClassCastException">java.lang.ClassCastException: java.io.ByteArrayInputStream
	at com.inovis.mss.gateways.pipeline.lib.message.HCMIMEFileDataBody.read(HCMIMEFileDataBody.java:68)
	at com.inovis.mss.gateways.pipeline.lib.message.HCE5Msg.appendDataList(HCE5Msg.java:719)
	at com.inovis.mss.gateways.pipeline.defs.PipelineResponseImp.setDocumentContent(PipelineResponseImp.java:253)
	at test.com.inovis.mss.gateways.pipeline.defs.TestPipelineResponseImp.testPipelineResponseImp(TestPipelineResponseImp.java:200)
</error>
  </testcase>
  <testcase classname="test.com.inovis.mss.gateways.pipeline.lib.service.TestDocStatusItem" name="testDocStatusItem" time="0.016"></testcase>
  <testcase classname="test.com.inovis.mss.gateways.pipeline.lib.service.TestDocStatusList" name="testDocStatusList" time="0.015"></testcase>
  <testcase classname="test.com.inovis.mss.gateways.pipeline.lib.service.TestDocValidationItem" name="testDocValidationItem" time="0.0"></testcase>
  <testcase classname="test.com.inovis.mss.gateways.pipeline.lib.service.TestDocValidationList" name="testDocValidationList" time="0.016"></testcase>
  <testcase classname="test.com.inovis.mss.gateways.pipeline.lib.service.TestTPValidationItem" name="testTPValidationItem" time="0.031"></testcase>
  <testcase classname="test.com.inovis.mss.gateways.pipeline.lib.service.TestTPValidationList" name="testTPValidationList" time="0.0"></testcase>
  <testcase classname="test.com.inovis.mss.gateways.pipeline.lib.service.TestObtainAckItem" name="testObtainAckItem" time="0.016"></testcase>
  <testcase classname="test.com.inovis.mss.gateways.pipeline.lib.service.TestObtainAckList" name="testObtainAckList" time="0.0"></testcase>
  <testcase classname="test.com.inovis.mss.gateways.pipeline.TestPipelineCommand" name="testPipelineCommand" time="0.0"></testcase>
  <testcase classname="test.com.inovis.mss.gateways.pipeline.TestPipelineServiceFactory" name="testPipelineServiceFactory" time="0.062"></testcase>
  <testcase classname="test.com.inovis.mss.gateways.pipeline.TestPipelineManager" name="testPipelineManager" time="0.062"></testcase>
  <testcase classname="test.com.inovis.mss.gateways.pipeline.services.TestAdminService" name="testLogonLogoffSuccess" time="2.418">
    <failure message="[LIBP-00001] Unable to connect to naming service" type="junit.framework.AssertionFailedError">junit.framework.AssertionFailedError: [LIBP-00001] Unable to connect to naming service
	at test.com.inovis.mss.gateways.pipeline.services.TestAdminService.setUp(TestAdminService.java:66)
</failure>
  </testcase>
  <testcase classname="test.com.inovis.mss.gateways.pipeline.services.TestAdminService" name="testLogonInvalidBusinessID" time="2.432">
    <failure message="[LIBP-00001] Unable to connect to naming service" type="junit.framework.AssertionFailedError">junit.framework.AssertionFailedError: [LIBP-00001] Unable to connect to naming service
	at test.com.inovis.mss.gateways.pipeline.services.TestAdminService.setUp(TestAdminService.java:66)
</failure>
  </testcase>
  <testcase classname="test.com.inovis.mss.gateways.pipeline.services.TestAdminService" name="testLogonInvalidPasswoard" time="2.573">
    <failure message="[LIBP-00001] Unable to connect to naming service" type="junit.framework.AssertionFailedError">junit.framework.AssertionFailedError: [LIBP-00001] Unable to connect to naming service
	at test.com.inovis.mss.gateways.pipeline.services.TestAdminService.setUp(TestAdminService.java:66)
</failure>
  </testcase>
  <testcase classname="test.com.inovis.mss.gateways.pipeline.services.TestAdminService" name="testLogonInvalidOrgID" time="2.464">
    <failure message="[LIBP-00001] Unable to connect to naming service" type="junit.framework.AssertionFailedError">junit.framework.AssertionFailedError: [LIBP-00001] Unable to connect to naming service
	at test.com.inovis.mss.gateways.pipeline.services.TestAdminService.setUp(TestAdminService.java:66)
</failure>
  </testcase>
  <testcase classname="test.com.inovis.mss.gateways.pipeline.services.TestAdminService" name="testLogOffInvalidSession" time="2.995">
    <failure message="[LIBP-00001] Unable to connect to naming service" type="junit.framework.AssertionFailedError">junit.framework.AssertionFailedError: [LIBP-00001] Unable to connect to naming service
	at test.com.inovis.mss.gateways.pipeline.services.TestAdminService.setUp(TestAdminService.java:66)
</failure>
  </testcase>
  <testcase classname="test.com.inovis.mss.gateways.pipeline.services.TestAdminService" name="testLogOffInvalidAttribs" time="2.261">
    <failure message="[LIBP-00001] Unable to connect to naming service" type="junit.framework.AssertionFailedError">junit.framework.AssertionFailedError: [LIBP-00001] Unable to connect to naming service
	at test.com.inovis.mss.gateways.pipeline.services.TestAdminService.setUp(TestAdminService.java:66)
</failure>
  </testcase>
  <testcase classname="test.com.inovis.mss.gateways.pipeline.services.TestRegistrationService" name="testCustInfo" time="2.885">
    <failure message="Error getting UserManager: [USER-00101] Failed to get a reference to the Home interface of the UserFacade EJB. This is an EJB error that probably stems from an incorrect deployment, a network problem, or the failure of an EJB server." type="junit.framework.AssertionFailedError">junit.framework.AssertionFailedError: Error getting UserManager: [USER-00101] Failed to get a reference to the Home interface of the UserFacade EJB. This is an EJB error that probably stems from an incorrect deployment, a network problem, or the failure of an EJB server.
	at test.com.inovis.mss.gateways.pipeline.services.TestRegistrationService.setUp(TestRegistrationService.java:70)
</failure>
  </testcase>
  <testcase classname="test.com.inovis.mss.gateways.pipeline.services.TestRegistrationService" name="testCustAdd" time="2.885">
    <failure message="Error getting UserManager: [USER-00101] Failed to get a reference to the Home interface of the UserFacade EJB. This is an EJB error that probably stems from an incorrect deployment, a network problem, or the failure of an EJB server." type="junit.framework.AssertionFailedError">junit.framework.AssertionFailedError: Error getting UserManager: [USER-00101] Failed to get a reference to the Home interface of the UserFacade EJB. This is an EJB error that probably stems from an incorrect deployment, a network problem, or the failure of an EJB server.
	at test.com.inovis.mss.gateways.pipeline.services.TestRegistrationService.setUp(TestRegistrationService.java:70)
</failure>
  </testcase>
  <testcase classname="test.com.inovis.mss.gateways.pipeline.services.TestRegistrationService" name="testGetCustInfo" time="2.76">
    <failure message="Error getting UserManager: [USER-00101] Failed to get a reference to the Home interface of the UserFacade EJB. This is an EJB error that probably stems from an incorrect deployment, a network problem, or the failure of an EJB server." type="junit.framework.AssertionFailedError">junit.framework.AssertionFailedError: Error getting UserManager: [USER-00101] Failed to get a reference to the Home interface of the UserFacade EJB. This is an EJB error that probably stems from an incorrect deployment, a network problem, or the failure of an EJB server.
	at test.com.inovis.mss.gateways.pipeline.services.TestRegistrationService.setUp(TestRegistrationService.java:70)
</failure>
  </testcase>
  <testcase classname="test.com.inovis.mss.gateways.pipeline.services.TestRegistrationService" name="testGetCustInfoSTX" time="2.386">
    <failure message="Error getting UserManager: [USER-00101] Failed to get a reference to the Home interface of the UserFacade EJB. This is an EJB error that probably stems from an incorrect deployment, a network problem, or the failure of an EJB server." type="junit.framework.AssertionFailedError">junit.framework.AssertionFailedError: Error getting UserManager: [USER-00101] Failed to get a reference to the Home interface of the UserFacade EJB. This is an EJB error that probably stems from an incorrect deployment, a network problem, or the failure of an EJB server.
	at test.com.inovis.mss.gateways.pipeline.services.TestRegistrationService.setUp(TestRegistrationService.java:70)
</failure>
  </testcase>
  <testcase classname="test.com.inovis.mss.gateways.pipeline.services.TestDocumentTransferService" name="testValidateDocFail" time="2.838">
    <failure message="[LIBP-00001] Unable to connect to naming service" type="junit.framework.AssertionFailedError">junit.framework.AssertionFailedError: [LIBP-00001] Unable to connect to naming service
	at test.com.inovis.mss.gateways.pipeline.services.TestDocumentTransferService.setUp(TestDocumentTransferService.java:99)
</failure>
  </testcase>
  <testcase classname="test.com.inovis.mss.gateways.pipeline.services.TestDocumentTransferService" name="testValidateDoc" time="2.667">
    <failure message="[LIBP-00001] Unable to connect to naming service" type="junit.framework.AssertionFailedError">junit.framework.AssertionFailedError: [LIBP-00001] Unable to connect to naming service
	at test.com.inovis.mss.gateways.pipeline.services.TestDocumentTransferService.setUp(TestDocumentTransferService.java:99)
</failure>
  </testcase>
  <testcase classname="test.com.inovis.mss.gateways.pipeline.services.TestDocumentTransferService" name="testValidateDocBroker" time="2.588">
    <failure message="[LIBP-00001] Unable to connect to naming service" type="junit.framework.AssertionFailedError">junit.framework.AssertionFailedError: [LIBP-00001] Unable to connect to naming service
	at test.com.inovis.mss.gateways.pipeline.services.TestDocumentTransferService.setUp(TestDocumentTransferService.java:99)
</failure>
  </testcase>
  <testcase classname="test.com.inovis.mss.gateways.pipeline.services.TestDocumentTransferService" name="testDeliverTextDoc" time="2.792">
    <failure message="[LIBP-00001] Unable to connect to naming service" type="junit.framework.AssertionFailedError">junit.framework.AssertionFailedError: [LIBP-00001] Unable to connect to naming service
	at test.com.inovis.mss.gateways.pipeline.services.TestDocumentTransferService.setUp(TestDocumentTransferService.java:99)
</failure>
  </testcase>
  <testcase classname="test.com.inovis.mss.gateways.pipeline.services.TestDocumentTransferService" name="testDeliverBinaryDoc" time="2.651">
    <failure message="[LIBP-00001] Unable to connect to naming service" type="junit.framework.AssertionFailedError">junit.framework.AssertionFailedError: [LIBP-00001] Unable to connect to naming service
	at test.com.inovis.mss.gateways.pipeline.services.TestDocumentTransferService.setUp(TestDocumentTransferService.java:99)
</failure>
  </testcase>
  <testcase classname="test.com.inovis.mss.gateways.pipeline.services.TestDocumentTransferService" name="testDeliverX12Doc" time="2.479">
    <failure message="[LIBP-00001] Unable to connect to naming service" type="junit.framework.AssertionFailedError">junit.framework.AssertionFailedError: [LIBP-00001] Unable to connect to naming service
	at test.com.inovis.mss.gateways.pipeline.services.TestDocumentTransferService.setUp(TestDocumentTransferService.java:99)
</failure>
  </testcase>
  <testcase classname="test.com.inovis.mss.gateways.pipeline.services.TestDocumentTransferService" name="testDeliverMultiX12Docs" time="2.075">
    <failure message="[LIBP-00001] Unable to connect to naming service" type="junit.framework.AssertionFailedError">junit.framework.AssertionFailedError: [LIBP-00001] Unable to connect to naming service
	at test.com.inovis.mss.gateways.pipeline.services.TestDocumentTransferService.setUp(TestDocumentTransferService.java:99)
</failure>
  </testcase>
  <testcase classname="test.com.inovis.mss.gateways.pipeline.services.TestDocumentTransferService" name="testListDocs" time="2.666">
    <failure message="[LIBP-00001] Unable to connect to naming service" type="junit.framework.AssertionFailedError">junit.framework.AssertionFailedError: [LIBP-00001] Unable to connect to naming service
	at test.com.inovis.mss.gateways.pipeline.services.TestDocumentTransferService.setUp(TestDocumentTransferService.java:99)
</failure>
  </testcase>
  <testcase classname="test.com.inovis.mss.gateways.pipeline.services.TestDocumentTransferService" name="testListObtainDoc" time="1.965">
    <failure message="[LIBP-00001] Unable to connect to naming service" type="junit.framework.AssertionFailedError">junit.framework.AssertionFailedError: [LIBP-00001] Unable to connect to naming service
	at test.com.inovis.mss.gateways.pipeline.services.TestDocumentTransferService.setUp(TestDocumentTransferService.java:99)
</failure>
  </testcase>
  <testcase classname="test.com.inovis.mss.gateways.pipeline.lib.message.TestHCE5Msg" name="testE5MsgParts" time="0.0"></testcase>
  <testcase classname="test.com.inovis.mss.gateways.pipeline.lib.message.TestHCE5Msg" name="testE5MsgStream" time="0.047"></testcase>
  <testcase classname="test.com.inovis.mss.gateways.pipeline.lib.util.TestHCBase64" name="testbase64encode" time="0.0"></testcase>
  <testcase classname="test.com.inovis.mss.gateways.pipeline.lib.util.TestHCBase64" name="testbase64decode" time="0.0"></testcase>
  <testcase classname="test.com.inovis.mss.gateways.pipeline.security.TestPartnerAuthentication" name="testVerify" time="0.0"></testcase>
  <testcase classname="test.com.inovis.mss.gateways.pipeline.security.TestPartnerAuthentication" name="testValidateTP" time="0.0"></testcase>
  <testcase classname="test.com.inovis.mss.gateways.pipeline.modules.TestValidateBrokerRequest" name="testValidateBrokerRequest" time="0.047"></testcase>
  <testcase classname="test.com.inovis.mss.gateways.pipeline.modules.TestValidateBrokerResponse" name="testValidateBrokerResponse" time="0.015"></testcase>
  <testcase classname="test.com.inovis.mss.gateways.pipeline.modules.TestValidateDocumentRequest" name="testValidateDocumentRequest" time="0.0"></testcase>
  <testcase classname="test.com.inovis.mss.gateways.pipeline.modules.TestValidateDocumentResponse" name="testValidateDocumentResponse" time="0.016"></testcase>
  <testcase classname="test.com.inovis.mss.gateways.pipeline.modules.TestValidateTPRequest" name="testValidateTPRequest" time="0.015"></testcase>
  <testcase classname="test.com.inovis.mss.gateways.pipeline.modules.TestValidateTPResponse" name="testValidateTPResponse" time="0.0"></testcase>
  <testcase classname="test.com.inovis.b2b.messagestore.TestMessageID" name="testContructor" time="0.078"></testcase>
  <testcase classname="test.com.inovis.b2b.messagestore.TestMessageID" name="testGetID" time="0.0"></testcase>
  <testcase classname="test.com.inovis.b2b.messagestore.TestMessageID" name="testEquals" time="0.0"></testcase>
  <testcase classname="test.com.inovis.b2b.messagestore.TestMessageID" name="testHashCode" time="0.0"></testcase>
  <testcase classname="test.com.inovis.b2b.messagestore.TestMessageID" name="testToString" time="0.0"></testcase>
  <testcase classname="test.com.inovis.b2b.messagestore.TestMessageContent" name="testMessageContent" time="0.032"></testcase>
  <testcase classname="test.com.inovis.b2b.messagestore.store.TestFileSystemHelper" name="testCreateFile" time="0.124"></testcase>
  <testcase classname="test.com.inovis.b2b.messagestore.store.TestFileSystemHelper" name="testCreateFileObject" time="0.016"></testcase>
  <testcase classname="test.com.inovis.b2b.messagestore.TestMessageStoreManager" name="testMessageStoreManager" time="0.016">
    <error message="\raid\rainmaker\testfiles\largefile.zip (The system cannot find the path specified)" type="java.io.FileNotFoundException">java.io.FileNotFoundException: \raid\rainmaker\testfiles\largefile.zip (The system cannot find the path specified)
	at java.io.FileInputStream.open(Native Method)
	at java.io.FileInputStream.&lt;init&gt;(FileInputStream.java:106)
	at test.com.inovis.b2b.messagestore.TestMessageStoreManager.testMessageStoreManager(TestMessageStoreManager.java:73)
</error>
  </testcase>
  <testcase classname="test.com.inovis.b2b.messagestore.TestMessageStoreManager" name="testMessageStoreManagerWriteAndReadBIG5" time="0.0">
    <error message="\raid\rainmaker\testfiles\data_BIG5_encode.xml (The system cannot find the path specified)" type="java.io.FileNotFoundException">java.io.FileNotFoundException: \raid\rainmaker\testfiles\data_BIG5_encode.xml (The system cannot find the path specified)
	at java.io.FileInputStream.open(Native Method)
	at java.io.FileInputStream.&lt;init&gt;(FileInputStream.java:106)
	at test.com.inovis.b2b.messagestore.TestMessageStoreManager.testMessageStoreManagerWriteAndReadBIG5(TestMessageStoreManager.java:134)
</error>
  </testcase>
  <testcase classname="test.com.inovis.b2b.messagestore.TestMessageStoreManager" name="testMessageStoreManagerExceptions" time="2.198">
    <error message="[MSTO-00101] Unable to create the MessageStoreWriter." type="com.inovis.b2b.lib.exception.OperationFailedException">class com.inovis.b2b.lib.exception.OperationFailedException: [MSTO-00101] Unable to create the MessageStoreWriter.
	at com.inovis.b2b.messagestore.defs.MessageStoreWriterImp.&lt;init&gt;(MessageStoreWriterImp.java:68)
	at com.inovis.b2b.messagestore.defs.MessageStoreManagerImp.getWriter(MessageStoreManagerImp.java:37)
	at test.com.inovis.b2b.messagestore.TestMessageStoreManager.testMessageStoreManagerExceptions(TestMessageStoreManager.java:203)
Caused by: class com.inovis.b2b.lib.service.ServiceUnavailableException: [LIBP-00001] Unable to connect to naming service
	at com.inovis.b2b.lib.service.ServiceLocator.getInitialContext(ServiceLocator.java:214)
	at com.inovis.b2b.lib.service.ServiceLocator.&lt;init&gt;(ServiceLocator.java:183)
	at com.inovis.b2b.lib.service.ServiceLocator.getInstance(ServiceLocator.java:167)
	at com.inovis.b2b.lib.service.ServiceLocator.getInstance(ServiceLocator.java:150)
	at com.inovis.b2b.messagestore.defs.MessageStoreWriterImp.&lt;init&gt;(MessageStoreWriterImp.java:59)
	... 21 more
Caused by: javax.naming.CommunicationException [Root exception is java.net.ConnectException: t3://localhost:7001: Destination unreachable; nested exception is: 
	java.net.ConnectException: Connection refused: connect; No available router to destination]
	at weblogic.jndi.internal.ExceptionTranslator.toNamingException(ExceptionTranslator.java:49)
	at weblogic.jndi.WLInitialContextFactoryDelegate.toNamingException(WLInitialContextFactoryDelegate.java:765)
	at weblogic.jndi.WLInitialContextFactoryDelegate.getInitialContext(WLInitialContextFactoryDelegate.java:364)
	at weblogic.jndi.Environment.getContext(Environment.java:307)
	at weblogic.jndi.Environment.getContext(Environment.java:277)
	at weblogic.jndi.WLInitialContextFactory.getInitialContext(WLInitialContextFactory.java:117)
	at javax.naming.spi.NamingManager.getInitialContext(NamingManager.java:667)
	at javax.naming.InitialContext.getDefaultInitCtx(InitialContext.java:247)
	at javax.naming.InitialContext.init(InitialContext.java:223)
	at javax.naming.InitialContext.&lt;init&gt;(InitialContext.java:175)
	at com.inovis.b2b.lib.service.ServiceLocator.getInitialContext(ServiceLocator.java:206)
	... 25 more
Caused by: java.net.ConnectException: t3://localhost:7001: Destination unreachable; nested exception is: 
	java.net.ConnectException: Connection refused: connect; No available router to destination
	at weblogic.rjvm.RJVMFinder.findOrCreate(RJVMFinder.java:204)
	at weblogic.rjvm.ServerURL.findOrCreateRJVM(ServerURL.java:154)
	at weblogic.jndi.WLInitialContextFactoryDelegate.getInitialContext(WLInitialContextFactoryDelegate.java:349)
	... 33 more
Caused by: java.rmi.ConnectException: Destination unreachable; nested exception is: 
	java.net.ConnectException: Connection refused: connect; No available router to destination
	at weblogic.rjvm.ConnectionManager.bootstrap(ConnectionManager.java:472)
	at weblogic.rjvm.ConnectionManager.bootstrap(ConnectionManager.java:323)
	at weblogic.rjvm.RJVMManager.findOrCreateRemoteInternal(RJVMManager.java:259)
	at weblogic.rjvm.RJVMManager.findOrCreate(RJVMManager.java:202)
	at weblogic.rjvm.RJVMFinder.findOrCreateRemoteServer(RJVMFinder.java:226)
	at weblogic.rjvm.RJVMFinder.findOrCreate(RJVMFinder.java:189)
	... 35 more
</error>
  </testcase>
  <testcase classname="test.com.inovis.mss.gateways.lib.broker.TestBrokerManager" name="testBrokerManager" time="2.589">
    <error message="[BRKR-00111] Unable to create the Broker Manager." type="com.inovis.b2b.lib.exception.OperationFailedException">class com.inovis.b2b.lib.exception.OperationFailedException: [BRKR-00111] Unable to create the Broker Manager.
	at com.inovis.mss.gateways.lib.broker.defs.BrokerManagerImp.&lt;init&gt;(BrokerManagerImp.java:69)
	at com.inovis.mss.gateways.lib.broker.BrokerManager.getManager(BrokerManager.java:57)
	at test.com.inovis.mss.gateways.lib.broker.TestBrokerManager.setUp(TestBrokerManager.java:68)
Caused by: class com.inovis.b2b.lib.service.ServiceUnavailableException: [LIBP-00001] Unable to connect to naming service
	at com.inovis.b2b.lib.service.ServiceLocator.getInitialContext(ServiceLocator.java:214)
	at com.inovis.b2b.lib.service.ServiceLocator.&lt;init&gt;(ServiceLocator.java:183)
	at com.inovis.b2b.lib.service.ServiceLocator.getInstance(ServiceLocator.java:167)
	at com.inovis.b2b.lib.service.ServiceLocator.getInstance(ServiceLocator.java:150)
	at com.inovis.mss.gateways.lib.broker.defs.BrokerManagerImp.&lt;init&gt;(BrokerManagerImp.java:63)
	... 16 more
Caused by: javax.naming.CommunicationException [Root exception is java.net.ConnectException: t3://localhost:7001: Destination unreachable; nested exception is: 
	java.net.ConnectException: Connection refused: connect; No available router to destination]
	at weblogic.jndi.internal.ExceptionTranslator.toNamingException(ExceptionTranslator.java:49)
	at weblogic.jndi.WLInitialContextFactoryDelegate.toNamingException(WLInitialContextFactoryDelegate.java:765)
	at weblogic.jndi.WLInitialContextFactoryDelegate.getInitialContext(WLInitialContextFactoryDelegate.java:364)
	at weblogic.jndi.Environment.getContext(Environment.java:307)
	at weblogic.jndi.Environment.getContext(Environment.java:277)
	at weblogic.jndi.WLInitialContextFactory.getInitialContext(WLInitialContextFactory.java:117)
	at javax.naming.spi.NamingManager.getInitialContext(NamingManager.java:667)
	at javax.naming.InitialContext.getDefaultInitCtx(InitialContext.java:247)
	at javax.naming.InitialContext.init(InitialContext.java:223)
	at javax.naming.InitialContext.&lt;init&gt;(InitialContext.java:175)
	at com.inovis.b2b.lib.service.ServiceLocator.getInitialContext(ServiceLocator.java:206)
	... 20 more
Caused by: java.net.ConnectException: t3://localhost:7001: Destination unreachable; nested exception is: 
	java.net.ConnectException: Connection refused: connect; No available router to destination
	at weblogic.rjvm.RJVMFinder.findOrCreate(RJVMFinder.java:204)
	at weblogic.rjvm.ServerURL.findOrCreateRJVM(ServerURL.java:154)
	at weblogic.jndi.WLInitialContextFactoryDelegate.getInitialContext(WLInitialContextFactoryDelegate.java:349)
	... 28 more
Caused by: java.rmi.ConnectException: Destination unreachable; nested exception is: 
	java.net.ConnectException: Connection refused: connect; No available router to destination
	at weblogic.rjvm.ConnectionManager.bootstrap(ConnectionManager.java:472)
	at weblogic.rjvm.ConnectionManager.bootstrap(ConnectionManager.java:323)
	at weblogic.rjvm.RJVMManager.findOrCreateRemoteInternal(RJVMManager.java:259)
	at weblogic.rjvm.RJVMManager.findOrCreate(RJVMManager.java:202)
	at weblogic.rjvm.RJVMFinder.findOrCreateRemoteServer(RJVMFinder.java:226)
	at weblogic.rjvm.RJVMFinder.findOrCreate(RJVMFinder.java:189)
	... 30 more
</error>
  </testcase>
  <testcase classname="test.com.inovis.mss.gateways.lib.broker.TestBrokerManager" name="testBrokerManagerExceptions" time="2.292">
    <error message="[BRKR-00111] Unable to create the Broker Manager." type="com.inovis.b2b.lib.exception.OperationFailedException">class com.inovis.b2b.lib.exception.OperationFailedException: [BRKR-00111] Unable to create the Broker Manager.
	at com.inovis.mss.gateways.lib.broker.defs.BrokerManagerImp.&lt;init&gt;(BrokerManagerImp.java:69)
	at com.inovis.mss.gateways.lib.broker.BrokerManager.getManager(BrokerManager.java:57)
	at test.com.inovis.mss.gateways.lib.broker.TestBrokerManager.setUp(TestBrokerManager.java:68)
Caused by: class com.inovis.b2b.lib.service.ServiceUnavailableException: [LIBP-00001] Unable to connect to naming service
	at com.inovis.b2b.lib.service.ServiceLocator.getInitialContext(ServiceLocator.java:214)
	at com.inovis.b2b.lib.service.ServiceLocator.&lt;init&gt;(ServiceLocator.java:183)
	at com.inovis.b2b.lib.service.ServiceLocator.getInstance(ServiceLocator.java:167)
	at com.inovis.b2b.lib.service.ServiceLocator.getInstance(ServiceLocator.java:150)
	at com.inovis.mss.gateways.lib.broker.defs.BrokerManagerImp.&lt;init&gt;(BrokerManagerImp.java:63)
	... 16 more
Caused by: javax.naming.CommunicationException [Root exception is java.net.ConnectException: t3://localhost:7001: Destination unreachable; nested exception is: 
	java.net.ConnectException: Connection refused: connect; No available router to destination]
	at weblogic.jndi.internal.ExceptionTranslator.toNamingException(ExceptionTranslator.java:49)
	at weblogic.jndi.WLInitialContextFactoryDelegate.toNamingException(WLInitialContextFactoryDelegate.java:765)
	at weblogic.jndi.WLInitialContextFactoryDelegate.getInitialContext(WLInitialContextFactoryDelegate.java:364)
	at weblogic.jndi.Environment.getContext(Environment.java:307)
	at weblogic.jndi.Environment.getContext(Environment.java:277)
	at weblogic.jndi.WLInitialContextFactory.getInitialContext(WLInitialContextFactory.java:117)
	at javax.naming.spi.NamingManager.getInitialContext(NamingManager.java:667)
	at javax.naming.InitialContext.getDefaultInitCtx(InitialContext.java:247)
	at javax.naming.InitialContext.init(InitialContext.java:223)
	at javax.naming.InitialContext.&lt;init&gt;(InitialContext.java:175)
	at com.inovis.b2b.lib.service.ServiceLocator.getInitialContext(ServiceLocator.java:206)
	... 20 more
Caused by: java.net.ConnectException: t3://localhost:7001: Destination unreachable; nested exception is: 
	java.net.ConnectException: Connection refused: connect; No available router to destination
	at weblogic.rjvm.RJVMFinder.findOrCreate(RJVMFinder.java:204)
	at weblogic.rjvm.ServerURL.findOrCreateRJVM(ServerURL.java:154)
	at weblogic.jndi.WLInitialContextFactoryDelegate.getInitialContext(WLInitialContextFactoryDelegate.java:349)
	... 28 more
Caused by: java.rmi.ConnectException: Destination unreachable; nested exception is: 
	java.net.ConnectException: Connection refused: connect; No available router to destination
	at weblogic.rjvm.ConnectionManager.bootstrap(ConnectionManager.java:472)
	at weblogic.rjvm.ConnectionManager.bootstrap(ConnectionManager.java:323)
	at weblogic.rjvm.RJVMManager.findOrCreateRemoteInternal(RJVMManager.java:259)
	at weblogic.rjvm.RJVMManager.findOrCreate(RJVMManager.java:202)
	at weblogic.rjvm.RJVMFinder.findOrCreateRemoteServer(RJVMFinder.java:226)
	at weblogic.rjvm.RJVMFinder.findOrCreate(RJVMFinder.java:189)
	... 30 more
</error>
  </testcase>
  <testcase classname="test.com.inovis.mss.gateways.lib.broker.TestBroker" name="testBroker" time="0.016"></testcase>
  <testcase classname="test.com.inovis.mss.gateways.lib.broker.TestBrokerAction" name="testBrokerActionGetName" time="0.0"></testcase>
  <testcase classname="test.com.inovis.mss.gateways.lib.broker.TestBrokerAction" name="testBrokerActionGetCode" time="0.0"></testcase>
  <testcase classname="test.com.inovis.mss.gateways.lib.broker.TestBrokerAction" name="testBrokerActionEquals" time="0.0"></testcase>
  <testcase classname="test.com.inovis.mss.gateways.lib.broker.TestBrokerAction" name="testBrokerActionGetAction" time="0.0"></testcase>
  <testcase classname="test.com.inovis.mss.gateways.ftp.TestFTPCommand" name="testFTPCommand" time="0.062"></testcase>
  <testcase classname="test.com.inovis.mss.gateways.ftp.TestFTPRequest" name="testFTPRequestSupported" time="0.016"></testcase>
  <testcase classname="test.com.inovis.mss.gateways.ftp.TestFTPRequest" name="testFTPRequestUnsupported" time="0.0"></testcase>
  <testcase classname="test.com.inovis.mss.gateways.ftp.TestFTPReply" name="testFTPReply" time="0.0"></testcase>
  <testcase classname="test.com.inovis.mss.gateways.ftp.TestFTPServiceFactory" name="testFTPServiceFactoryACS" time="0.047"></testcase>
  <testcase classname="test.com.inovis.mss.gateways.ftp.TestFTPServiceFactory" name="testFTPServiceFactoryFS" time="0.0"></testcase>
  <testcase classname="test.com.inovis.mss.gateways.ftp.TestFTPServiceFactory" name="testFTPServiceFactoryTPS" time="0.031"></testcase>
  <testcase classname="test.com.inovis.mss.gateways.ftp.TestFTPServiceFactory" name="testFTPServiceFactoryUnsupported" time="0.0"></testcase>
  <testcase classname="test.com.inovis.mss.gateways.ftp.services.TestAccessControlService" name="testInvalidLogon" time="2.916">
    <error message="[LIBP-00001] Unable to connect to naming service" type="com.inovis.b2b.lib.service.ServiceUnavailableException">class com.inovis.b2b.lib.service.ServiceUnavailableException: [LIBP-00001] Unable to connect to naming service
	at com.inovis.b2b.lib.service.ServiceLocator.getInitialContext(ServiceLocator.java:214)
	at com.inovis.b2b.lib.service.ServiceLocator.&lt;init&gt;(ServiceLocator.java:183)
	at com.inovis.b2b.lib.service.ServiceLocator.getInstance(ServiceLocator.java:167)
	at com.inovis.b2b.lib.service.ServiceLocator.getInstance(ServiceLocator.java:150)
	at com.inovis.b2b.channel.defs.ChannelManagerImp.getChannelFacade(ChannelManagerImp.java:551)
	at com.inovis.b2b.channel.defs.ChannelManagerImp.&lt;init&gt;(ChannelManagerImp.java:58)
	at com.inovis.b2b.channel.ChannelManager.getManager(ChannelManager.java:37)
	at test.com.inovis.mss.gateways.ftp.services.TestAccessControlService.setUp(TestAccessControlService.java:79)
Caused by: javax.naming.CommunicationException [Root exception is java.net.ConnectException: t3://localhost:7001: Destination unreachable; nested exception is: 
	java.net.ConnectException: Connection refused: connect; No available router to destination]
	at weblogic.jndi.internal.ExceptionTranslator.toNamingException(ExceptionTranslator.java:49)
	at weblogic.jndi.WLInitialContextFactoryDelegate.toNamingException(WLInitialContextFactoryDelegate.java:765)
	at weblogic.jndi.WLInitialContextFactoryDelegate.getInitialContext(WLInitialContextFactoryDelegate.java:364)
	at weblogic.jndi.Environment.getContext(Environment.java:307)
	at weblogic.jndi.Environment.getContext(Environment.java:277)
	at weblogic.jndi.WLInitialContextFactory.getInitialContext(WLInitialContextFactory.java:117)
	at javax.naming.spi.NamingManager.getInitialContext(NamingManager.java:667)
	at javax.naming.InitialContext.getDefaultInitCtx(InitialContext.java:247)
	at javax.naming.InitialContext.init(InitialContext.java:223)
	at javax.naming.InitialContext.&lt;init&gt;(InitialContext.java:175)
	at com.inovis.b2b.lib.service.ServiceLocator.getInitialContext(ServiceLocator.java:206)
	... 21 more
Caused by: java.net.ConnectException: t3://localhost:7001: Destination unreachable; nested exception is: 
	java.net.ConnectException: Connection refused: connect; No available router to destination
	at weblogic.rjvm.RJVMFinder.findOrCreate(RJVMFinder.java:204)
	at weblogic.rjvm.ServerURL.findOrCreateRJVM(ServerURL.java:154)
	at weblogic.jndi.WLInitialContextFactoryDelegate.getInitialContext(WLInitialContextFactoryDelegate.java:349)
	... 29 more
Caused by: java.rmi.ConnectException: Destination unreachable; nested exception is: 
	java.net.ConnectException: Connection refused: connect; No available router to destination
	at weblogic.rjvm.ConnectionManager.bootstrap(ConnectionManager.java:472)
	at weblogic.rjvm.ConnectionManager.bootstrap(ConnectionManager.java:323)
	at weblogic.rjvm.RJVMManager.findOrCreateRemoteInternal(RJVMManager.java:259)
	at weblogic.rjvm.RJVMManager.findOrCreate(RJVMManager.java:202)
	at weblogic.rjvm.RJVMFinder.findOrCreateRemoteServer(RJVMFinder.java:226)
	at weblogic.rjvm.RJVMFinder.findOrCreate(RJVMFinder.java:189)
	... 31 more
</error>
  </testcase>
  <testcase classname="test.com.inovis.mss.gateways.ftp.services.TestAccessControlService" name="testLogon" time="2.48">
    <error message="[LIBP-00001] Unable to connect to naming service" type="com.inovis.b2b.lib.service.ServiceUnavailableException">class com.inovis.b2b.lib.service.ServiceUnavailableException: [LIBP-00001] Unable to connect to naming service
	at com.inovis.b2b.lib.service.ServiceLocator.getInitialContext(ServiceLocator.java:214)
	at com.inovis.b2b.lib.service.ServiceLocator.&lt;init&gt;(ServiceLocator.java:183)
	at com.inovis.b2b.lib.service.ServiceLocator.getInstance(ServiceLocator.java:167)
	at com.inovis.b2b.lib.service.ServiceLocator.getInstance(ServiceLocator.java:150)
	at com.inovis.b2b.channel.defs.ChannelManagerImp.getChannelFacade(ChannelManagerImp.java:551)
	at com.inovis.b2b.channel.defs.ChannelManagerImp.&lt;init&gt;(ChannelManagerImp.java:58)
	at com.inovis.b2b.channel.ChannelManager.getManager(ChannelManager.java:37)
	at test.com.inovis.mss.gateways.ftp.services.TestAccessControlService.setUp(TestAccessControlService.java:79)
Caused by: javax.naming.CommunicationException [Root exception is java.net.ConnectException: t3://localhost:7001: Destination unreachable; nested exception is: 
	java.net.ConnectException: Connection refused: connect; No available router to destination]
	at weblogic.jndi.internal.ExceptionTranslator.toNamingException(ExceptionTranslator.java:49)
	at weblogic.jndi.WLInitialContextFactoryDelegate.toNamingException(WLInitialContextFactoryDelegate.java:765)
	at weblogic.jndi.WLInitialContextFactoryDelegate.getInitialContext(WLInitialContextFactoryDelegate.java:364)
	at weblogic.jndi.Environment.getContext(Environment.java:307)
	at weblogic.jndi.Environment.getContext(Environment.java:277)
	at weblogic.jndi.WLInitialContextFactory.getInitialContext(WLInitialContextFactory.java:117)
	at javax.naming.spi.NamingManager.getInitialContext(NamingManager.java:667)
	at javax.naming.InitialContext.getDefaultInitCtx(InitialContext.java:247)
	at javax.naming.InitialContext.init(InitialContext.java:223)
	at javax.naming.InitialContext.&lt;init&gt;(InitialContext.java:175)
	at com.inovis.b2b.lib.service.ServiceLocator.getInitialContext(ServiceLocator.java:206)
	... 21 more
Caused by: java.net.ConnectException: t3://localhost:7001: Destination unreachable; nested exception is: 
	java.net.ConnectException: Connection refused: connect; No available router to destination
	at weblogic.rjvm.RJVMFinder.findOrCreate(RJVMFinder.java:204)
	at weblogic.rjvm.ServerURL.findOrCreateRJVM(ServerURL.java:154)
	at weblogic.jndi.WLInitialContextFactoryDelegate.getInitialContext(WLInitialContextFactoryDelegate.java:349)
	... 29 more
Caused by: java.rmi.ConnectException: Destination unreachable; nested exception is: 
	java.net.ConnectException: Connection refused: connect; No available router to destination
	at weblogic.rjvm.ConnectionManager.bootstrap(ConnectionManager.java:472)
	at weblogic.rjvm.ConnectionManager.bootstrap(ConnectionManager.java:323)
	at weblogic.rjvm.RJVMManager.findOrCreateRemoteInternal(RJVMManager.java:259)
	at weblogic.rjvm.RJVMManager.findOrCreate(RJVMManager.java:202)
	at weblogic.rjvm.RJVMFinder.findOrCreateRemoteServer(RJVMFinder.java:226)
	at weblogic.rjvm.RJVMFinder.findOrCreate(RJVMFinder.java:189)
	... 31 more
</error>
  </testcase>
  <testcase classname="test.com.inovis.mss.gateways.ftp.services.TestAccessControlService" name="testPass" time="2.37">
    <error message="[LIBP-00001] Unable to connect to naming service" type="com.inovis.b2b.lib.service.ServiceUnavailableException">class com.inovis.b2b.lib.service.ServiceUnavailableException: [LIBP-00001] Unable to connect to naming service
	at com.inovis.b2b.lib.service.ServiceLocator.getInitialContext(ServiceLocator.java:214)
	at com.inovis.b2b.lib.service.ServiceLocator.&lt;init&gt;(ServiceLocator.java:183)
	at com.inovis.b2b.lib.service.ServiceLocator.getInstance(ServiceLocator.java:167)
	at com.inovis.b2b.lib.service.ServiceLocator.getInstance(ServiceLocator.java:150)
	at com.inovis.b2b.channel.defs.ChannelManagerImp.getChannelFacade(ChannelManagerImp.java:551)
	at com.inovis.b2b.channel.defs.ChannelManagerImp.&lt;init&gt;(ChannelManagerImp.java:58)
	at com.inovis.b2b.channel.ChannelManager.getManager(ChannelManager.java:37)
	at test.com.inovis.mss.gateways.ftp.services.TestAccessControlService.setUp(TestAccessControlService.java:79)
Caused by: javax.naming.CommunicationException [Root exception is java.net.ConnectException: t3://localhost:7001: Destination unreachable; nested exception is: 
	java.net.ConnectException: Connection refused: connect; No available router to destination]
	at weblogic.jndi.internal.ExceptionTranslator.toNamingException(ExceptionTranslator.java:49)
	at weblogic.jndi.WLInitialContextFactoryDelegate.toNamingException(WLInitialContextFactoryDelegate.java:765)
	at weblogic.jndi.WLInitialContextFactoryDelegate.getInitialContext(WLInitialContextFactoryDelegate.java:364)
	at weblogic.jndi.Environment.getContext(Environment.java:307)
	at weblogic.jndi.Environment.getContext(Environment.java:277)
	at weblogic.jndi.WLInitialContextFactory.getInitialContext(WLInitialContextFactory.java:117)
	at javax.naming.spi.NamingManager.getInitialContext(NamingManager.java:667)
	at javax.naming.InitialContext.getDefaultInitCtx(InitialContext.java:247)
	at javax.naming.InitialContext.init(InitialContext.java:223)
	at javax.naming.InitialContext.&lt;init&gt;(InitialContext.java:175)
	at com.inovis.b2b.lib.service.ServiceLocator.getInitialContext(ServiceLocator.java:206)
	... 21 more
Caused by: java.net.ConnectException: t3://localhost:7001: Destination unreachable; nested exception is: 
	java.net.ConnectException: Connection refused: connect; No available router to destination
	at weblogic.rjvm.RJVMFinder.findOrCreate(RJVMFinder.java:204)
	at weblogic.rjvm.ServerURL.findOrCreateRJVM(ServerURL.java:154)
	at weblogic.jndi.WLInitialContextFactoryDelegate.getInitialContext(WLInitialContextFactoryDelegate.java:349)
	... 29 more
Caused by: java.rmi.ConnectException: Destination unreachable; nested exception is: 
	java.net.ConnectException: Connection refused: connect; No available router to destination
	at weblogic.rjvm.ConnectionManager.bootstrap(ConnectionManager.java:472)
	at weblogic.rjvm.ConnectionManager.bootstrap(ConnectionManager.java:323)
	at weblogic.rjvm.RJVMManager.findOrCreateRemoteInternal(RJVMManager.java:259)
	at weblogic.rjvm.RJVMManager.findOrCreate(RJVMManager.java:202)
	at weblogic.rjvm.RJVMFinder.findOrCreateRemoteServer(RJVMFinder.java:226)
	at weblogic.rjvm.RJVMFinder.findOrCreate(RJVMFinder.java:189)
	... 31 more
</error>
  </testcase>
  <testcase classname="test.com.inovis.mss.gateways.ftp.services.TestAccessControlService" name="testCWD" time="2.979">
    <error message="[LIBP-00001] Unable to connect to naming service" type="com.inovis.b2b.lib.service.ServiceUnavailableException">class com.inovis.b2b.lib.service.ServiceUnavailableException: [LIBP-00001] Unable to connect to naming service
	at com.inovis.b2b.lib.service.ServiceLocator.getInitialContext(ServiceLocator.java:214)
	at com.inovis.b2b.lib.service.ServiceLocator.&lt;init&gt;(ServiceLocator.java:183)
	at com.inovis.b2b.lib.service.ServiceLocator.getInstance(ServiceLocator.java:167)
	at com.inovis.b2b.lib.service.ServiceLocator.getInstance(ServiceLocator.java:150)
	at com.inovis.b2b.channel.defs.ChannelManagerImp.getChannelFacade(ChannelManagerImp.java:551)
	at com.inovis.b2b.channel.defs.ChannelManagerImp.&lt;init&gt;(ChannelManagerImp.java:58)
	at com.inovis.b2b.channel.ChannelManager.getManager(ChannelManager.java:37)
	at test.com.inovis.mss.gateways.ftp.services.TestAccessControlService.setUp(TestAccessControlService.java:79)
Caused by: javax.naming.CommunicationException [Root exception is java.net.ConnectException: t3://localhost:7001: Destination unreachable; nested exception is: 
	java.net.ConnectException: Connection refused: connect; No available router to destination]
	at weblogic.jndi.internal.ExceptionTranslator.toNamingException(ExceptionTranslator.java:49)
	at weblogic.jndi.WLInitialContextFactoryDelegate.toNamingException(WLInitialContextFactoryDelegate.java:765)
	at weblogic.jndi.WLInitialContextFactoryDelegate.getInitialContext(WLInitialContextFactoryDelegate.java:364)
	at weblogic.jndi.Environment.getContext(Environment.java:307)
	at weblogic.jndi.Environment.getContext(Environment.java:277)
	at weblogic.jndi.WLInitialContextFactory.getInitialContext(WLInitialContextFactory.java:117)
	at javax.naming.spi.NamingManager.getInitialContext(NamingManager.java:667)
	at javax.naming.InitialContext.getDefaultInitCtx(InitialContext.java:247)
	at javax.naming.InitialContext.init(InitialContext.java:223)
	at javax.naming.InitialContext.&lt;init&gt;(InitialContext.java:175)
	at com.inovis.b2b.lib.service.ServiceLocator.getInitialContext(ServiceLocator.java:206)
	... 21 more
Caused by: java.net.ConnectException: t3://localhost:7001: Destination unreachable; nested exception is: 
	java.net.ConnectException: Connection refused: connect; No available router to destination
	at weblogic.rjvm.RJVMFinder.findOrCreate(RJVMFinder.java:204)
	at weblogic.rjvm.ServerURL.findOrCreateRJVM(ServerURL.java:154)
	at weblogic.jndi.WLInitialContextFactoryDelegate.getInitialContext(WLInitialContextFactoryDelegate.java:349)
	... 29 more
Caused by: java.rmi.ConnectException: Destination unreachable; nested exception is: 
	java.net.ConnectException: Connection refused: connect; No available router to destination
	at weblogic.rjvm.ConnectionManager.bootstrap(ConnectionManager.java:472)
	at weblogic.rjvm.ConnectionManager.bootstrap(ConnectionManager.java:323)
	at weblogic.rjvm.RJVMManager.findOrCreateRemoteInternal(RJVMManager.java:259)
	at weblogic.rjvm.RJVMManager.findOrCreate(RJVMManager.java:202)
	at weblogic.rjvm.RJVMFinder.findOrCreateRemoteServer(RJVMFinder.java:226)
	at weblogic.rjvm.RJVMFinder.findOrCreate(RJVMFinder.java:189)
	... 31 more
</error>
  </testcase>
  <testcase classname="test.com.inovis.mss.gateways.ftp.services.TestAccessControlService" name="testCWDInvalid" time="2.947">
    <error message="[LIBP-00001] Unable to connect to naming service" type="com.inovis.b2b.lib.service.ServiceUnavailableException">class com.inovis.b2b.lib.service.ServiceUnavailableException: [LIBP-00001] Unable to connect to naming service
	at com.inovis.b2b.lib.service.ServiceLocator.getInitialContext(ServiceLocator.java:214)
	at com.inovis.b2b.lib.service.ServiceLocator.&lt;init&gt;(ServiceLocator.java:183)
	at com.inovis.b2b.lib.service.ServiceLocator.getInstance(ServiceLocator.java:167)
	at com.inovis.b2b.lib.service.ServiceLocator.getInstance(ServiceLocator.java:150)
	at com.inovis.b2b.channel.defs.ChannelManagerImp.getChannelFacade(ChannelManagerImp.java:551)
	at com.inovis.b2b.channel.defs.ChannelManagerImp.&lt;init&gt;(ChannelManagerImp.java:58)
	at com.inovis.b2b.channel.ChannelManager.getManager(ChannelManager.java:37)
	at test.com.inovis.mss.gateways.ftp.services.TestAccessControlService.setUp(TestAccessControlService.java:79)
Caused by: javax.naming.CommunicationException [Root exception is java.net.ConnectException: t3://localhost:7001: Destination unreachable; nested exception is: 
	java.net.ConnectException: Connection refused: connect; No available router to destination]
	at weblogic.jndi.internal.ExceptionTranslator.toNamingException(ExceptionTranslator.java:49)
	at weblogic.jndi.WLInitialContextFactoryDelegate.toNamingException(WLInitialContextFactoryDelegate.java:765)
	at weblogic.jndi.WLInitialContextFactoryDelegate.getInitialContext(WLInitialContextFactoryDelegate.java:364)
	at weblogic.jndi.Environment.getContext(Environment.java:307)
	at weblogic.jndi.Environment.getContext(Environment.java:277)
	at weblogic.jndi.WLInitialContextFactory.getInitialContext(WLInitialContextFactory.java:117)
	at javax.naming.spi.NamingManager.getInitialContext(NamingManager.java:667)
	at javax.naming.InitialContext.getDefaultInitCtx(InitialContext.java:247)
	at javax.naming.InitialContext.init(InitialContext.java:223)
	at javax.naming.InitialContext.&lt;init&gt;(InitialContext.java:175)
	at com.inovis.b2b.lib.service.ServiceLocator.getInitialContext(ServiceLocator.java:206)
	... 21 more
Caused by: java.net.ConnectException: t3://localhost:7001: Destination unreachable; nested exception is: 
	java.net.ConnectException: Connection refused: connect; No available router to destination
	at weblogic.rjvm.RJVMFinder.findOrCreate(RJVMFinder.java:204)
	at weblogic.rjvm.ServerURL.findOrCreateRJVM(ServerURL.java:154)
	at weblogic.jndi.WLInitialContextFactoryDelegate.getInitialContext(WLInitialContextFactoryDelegate.java:349)
	... 29 more
Caused by: java.rmi.ConnectException: Destination unreachable; nested exception is: 
	java.net.ConnectException: Connection refused: connect; No available router to destination
	at weblogic.rjvm.ConnectionManager.bootstrap(ConnectionManager.java:472)
	at weblogic.rjvm.ConnectionManager.bootstrap(ConnectionManager.java:323)
	at weblogic.rjvm.RJVMManager.findOrCreateRemoteInternal(RJVMManager.java:259)
	at weblogic.rjvm.RJVMManager.findOrCreate(RJVMManager.java:202)
	at weblogic.rjvm.RJVMFinder.findOrCreateRemoteServer(RJVMFinder.java:226)
	at weblogic.rjvm.RJVMFinder.findOrCreate(RJVMFinder.java:189)
	... 31 more
</error>
  </testcase>
  <testcase classname="test.com.inovis.mss.gateways.ftp.services.TestAccessControlService" name="testCDUP" time="2.355">
    <error message="[LIBP-00001] Unable to connect to naming service" type="com.inovis.b2b.lib.service.ServiceUnavailableException">class com.inovis.b2b.lib.service.ServiceUnavailableException: [LIBP-00001] Unable to connect to naming service
	at com.inovis.b2b.lib.service.ServiceLocator.getInitialContext(ServiceLocator.java:214)
	at com.inovis.b2b.lib.service.ServiceLocator.&lt;init&gt;(ServiceLocator.java:183)
	at com.inovis.b2b.lib.service.ServiceLocator.getInstance(ServiceLocator.java:167)
	at com.inovis.b2b.lib.service.ServiceLocator.getInstance(ServiceLocator.java:150)
	at com.inovis.b2b.channel.defs.ChannelManagerImp.getChannelFacade(ChannelManagerImp.java:551)
	at com.inovis.b2b.channel.defs.ChannelManagerImp.&lt;init&gt;(ChannelManagerImp.java:58)
	at com.inovis.b2b.channel.ChannelManager.getManager(ChannelManager.java:37)
	at test.com.inovis.mss.gateways.ftp.services.TestAccessControlService.setUp(TestAccessControlService.java:79)
Caused by: javax.naming.CommunicationException [Root exception is java.net.ConnectException: t3://localhost:7001: Destination unreachable; nested exception is: 
	java.net.ConnectException: Connection refused: connect; No available router to destination]
	at weblogic.jndi.internal.ExceptionTranslator.toNamingException(ExceptionTranslator.java:49)
	at weblogic.jndi.WLInitialContextFactoryDelegate.toNamingException(WLInitialContextFactoryDelegate.java:765)
	at weblogic.jndi.WLInitialContextFactoryDelegate.getInitialContext(WLInitialContextFactoryDelegate.java:364)
	at weblogic.jndi.Environment.getContext(Environment.java:307)
	at weblogic.jndi.Environment.getContext(Environment.java:277)
	at weblogic.jndi.WLInitialContextFactory.getInitialContext(WLInitialContextFactory.java:117)
	at javax.naming.spi.NamingManager.getInitialContext(NamingManager.java:667)
	at javax.naming.InitialContext.getDefaultInitCtx(InitialContext.java:247)
	at javax.naming.InitialContext.init(InitialContext.java:223)
	at javax.naming.InitialContext.&lt;init&gt;(InitialContext.java:175)
	at com.inovis.b2b.lib.service.ServiceLocator.getInitialContext(ServiceLocator.java:206)
	... 21 more
Caused by: java.net.ConnectException: t3://localhost:7001: Destination unreachable; nested exception is: 
	java.net.ConnectException: Connection refused: connect; No available router to destination
	at weblogic.rjvm.RJVMFinder.findOrCreate(RJVMFinder.java:204)
	at weblogic.rjvm.ServerURL.findOrCreateRJVM(ServerURL.java:154)
	at weblogic.jndi.WLInitialContextFactoryDelegate.getInitialContext(WLInitialContextFactoryDelegate.java:349)
	... 29 more
Caused by: java.rmi.ConnectException: Destination unreachable; nested exception is: 
	java.net.ConnectException: Connection refused: connect; No available router to destination
	at weblogic.rjvm.ConnectionManager.bootstrap(ConnectionManager.java:472)
	at weblogic.rjvm.ConnectionManager.bootstrap(ConnectionManager.java:323)
	at weblogic.rjvm.RJVMManager.findOrCreateRemoteInternal(RJVMManager.java:259)
	at weblogic.rjvm.RJVMManager.findOrCreate(RJVMManager.java:202)
	at weblogic.rjvm.RJVMFinder.findOrCreateRemoteServer(RJVMFinder.java:226)
	at weblogic.rjvm.RJVMFinder.findOrCreate(RJVMFinder.java:189)
	... 31 more
</error>
  </testcase>
  <testcase classname="test.com.inovis.mss.gateways.ftp.services.TestAccessControlService" name="testHELP" time="2.588">
    <error message="[LIBP-00001] Unable to connect to naming service" type="com.inovis.b2b.lib.service.ServiceUnavailableException">class com.inovis.b2b.lib.service.ServiceUnavailableException: [LIBP-00001] Unable to connect to naming service
	at com.inovis.b2b.lib.service.ServiceLocator.getInitialContext(ServiceLocator.java:214)
	at com.inovis.b2b.lib.service.ServiceLocator.&lt;init&gt;(ServiceLocator.java:183)
	at com.inovis.b2b.lib.service.ServiceLocator.getInstance(ServiceLocator.java:167)
	at com.inovis.b2b.lib.service.ServiceLocator.getInstance(ServiceLocator.java:150)
	at com.inovis.b2b.channel.defs.ChannelManagerImp.getChannelFacade(ChannelManagerImp.java:551)
	at com.inovis.b2b.channel.defs.ChannelManagerImp.&lt;init&gt;(ChannelManagerImp.java:58)
	at com.inovis.b2b.channel.ChannelManager.getManager(ChannelManager.java:37)
	at test.com.inovis.mss.gateways.ftp.services.TestAccessControlService.setUp(TestAccessControlService.java:79)
Caused by: javax.naming.CommunicationException [Root exception is java.net.ConnectException: t3://localhost:7001: Destination unreachable; nested exception is: 
	java.net.ConnectException: Connection refused: connect; No available router to destination]
	at weblogic.jndi.internal.ExceptionTranslator.toNamingException(ExceptionTranslator.java:49)
	at weblogic.jndi.WLInitialContextFactoryDelegate.toNamingException(WLInitialContextFactoryDelegate.java:765)
	at weblogic.jndi.WLInitialContextFactoryDelegate.getInitialContext(WLInitialContextFactoryDelegate.java:364)
	at weblogic.jndi.Environment.getContext(Environment.java:307)
	at weblogic.jndi.Environment.getContext(Environment.java:277)
	at weblogic.jndi.WLInitialContextFactory.getInitialContext(WLInitialContextFactory.java:117)
	at javax.naming.spi.NamingManager.getInitialContext(NamingManager.java:667)
	at javax.naming.InitialContext.getDefaultInitCtx(InitialContext.java:247)
	at javax.naming.InitialContext.init(InitialContext.java:223)
	at javax.naming.InitialContext.&lt;init&gt;(InitialContext.java:175)
	at com.inovis.b2b.lib.service.ServiceLocator.getInitialContext(ServiceLocator.java:206)
	... 21 more
Caused by: java.net.ConnectException: t3://localhost:7001: Destination unreachable; nested exception is: 
	java.net.ConnectException: Connection refused: connect; No available router to destination
	at weblogic.rjvm.RJVMFinder.findOrCreate(RJVMFinder.java:204)
	at weblogic.rjvm.ServerURL.findOrCreateRJVM(ServerURL.java:154)
	at weblogic.jndi.WLInitialContextFactoryDelegate.getInitialContext(WLInitialContextFactoryDelegate.java:349)
	... 29 more
Caused by: java.rmi.ConnectException: Destination unreachable; nested exception is: 
	java.net.ConnectException: Connection refused: connect; No available router to destination
	at weblogic.rjvm.ConnectionManager.bootstrap(ConnectionManager.java:472)
	at weblogic.rjvm.ConnectionManager.bootstrap(ConnectionManager.java:323)
	at weblogic.rjvm.RJVMManager.findOrCreateRemoteInternal(RJVMManager.java:259)
	at weblogic.rjvm.RJVMManager.findOrCreate(RJVMManager.java:202)
	at weblogic.rjvm.RJVMFinder.findOrCreateRemoteServer(RJVMFinder.java:226)
	at weblogic.rjvm.RJVMFinder.findOrCreate(RJVMFinder.java:189)
	... 31 more
</error>
  </testcase>
  <testcase classname="test.com.inovis.mss.gateways.ftp.services.TestTransferParamService" name="testPORT" time="2.168">
    <error message="[LIBP-00001] Unable to connect to naming service" type="com.inovis.b2b.lib.service.ServiceUnavailableException">class com.inovis.b2b.lib.service.ServiceUnavailableException: [LIBP-00001] Unable to connect to naming service
	at com.inovis.b2b.lib.service.ServiceLocator.getInitialContext(ServiceLocator.java:214)
	at com.inovis.b2b.lib.service.ServiceLocator.&lt;init&gt;(ServiceLocator.java:183)
	at com.inovis.b2b.lib.service.ServiceLocator.getInstance(ServiceLocator.java:167)
	at com.inovis.b2b.lib.service.ServiceLocator.getInstance(ServiceLocator.java:150)
	at com.inovis.b2b.channel.defs.ChannelManagerImp.getChannelFacade(ChannelManagerImp.java:551)
	at com.inovis.b2b.channel.defs.ChannelManagerImp.&lt;init&gt;(ChannelManagerImp.java:58)
	at com.inovis.b2b.channel.ChannelManager.getManager(ChannelManager.java:37)
	at test.com.inovis.mss.gateways.ftp.services.TestTransferParamService.setUp(TestTransferParamService.java:79)
Caused by: javax.naming.CommunicationException [Root exception is java.net.ConnectException: t3://localhost:7001: Destination unreachable; nested exception is: 
	java.net.ConnectException: Connection refused: connect; No available router to destination]
	at weblogic.jndi.internal.ExceptionTranslator.toNamingException(ExceptionTranslator.java:49)
	at weblogic.jndi.WLInitialContextFactoryDelegate.toNamingException(WLInitialContextFactoryDelegate.java:765)
	at weblogic.jndi.WLInitialContextFactoryDelegate.getInitialContext(WLInitialContextFactoryDelegate.java:364)
	at weblogic.jndi.Environment.getContext(Environment.java:307)
	at weblogic.jndi.Environment.getContext(Environment.java:277)
	at weblogic.jndi.WLInitialContextFactory.getInitialContext(WLInitialContextFactory.java:117)
	at javax.naming.spi.NamingManager.getInitialContext(NamingManager.java:667)
	at javax.naming.InitialContext.getDefaultInitCtx(InitialContext.java:247)
	at javax.naming.InitialContext.init(InitialContext.java:223)
	at javax.naming.InitialContext.&lt;init&gt;(InitialContext.java:175)
	at com.inovis.b2b.lib.service.ServiceLocator.getInitialContext(ServiceLocator.java:206)
	... 21 more
Caused by: java.net.ConnectException: t3://localhost:7001: Destination unreachable; nested exception is: 
	java.net.ConnectException: Connection refused: connect; No available router to destination
	at weblogic.rjvm.RJVMFinder.findOrCreate(RJVMFinder.java:204)
	at weblogic.rjvm.ServerURL.findOrCreateRJVM(ServerURL.java:154)
	at weblogic.jndi.WLInitialContextFactoryDelegate.getInitialContext(WLInitialContextFactoryDelegate.java:349)
	... 29 more
Caused by: java.rmi.ConnectException: Destination unreachable; nested exception is: 
	java.net.ConnectException: Connection refused: connect; No available router to destination
	at weblogic.rjvm.ConnectionManager.bootstrap(ConnectionManager.java:472)
	at weblogic.rjvm.ConnectionManager.bootstrap(ConnectionManager.java:323)
	at weblogic.rjvm.RJVMManager.findOrCreateRemoteInternal(RJVMManager.java:259)
	at weblogic.rjvm.RJVMManager.findOrCreate(RJVMManager.java:202)
	at weblogic.rjvm.RJVMFinder.findOrCreateRemoteServer(RJVMFinder.java:226)
	at weblogic.rjvm.RJVMFinder.findOrCreate(RJVMFinder.java:189)
	... 31 more
</error>
  </testcase>
  <testcase classname="test.com.inovis.mss.gateways.ftp.services.TestTransferParamService" name="testPASV" time="2.183">
    <error message="[LIBP-00001] Unable to connect to naming service" type="com.inovis.b2b.lib.service.ServiceUnavailableException">class com.inovis.b2b.lib.service.ServiceUnavailableException: [LIBP-00001] Unable to connect to naming service
	at com.inovis.b2b.lib.service.ServiceLocator.getInitialContext(ServiceLocator.java:214)
	at com.inovis.b2b.lib.service.ServiceLocator.&lt;init&gt;(ServiceLocator.java:183)
	at com.inovis.b2b.lib.service.ServiceLocator.getInstance(ServiceLocator.java:167)
	at com.inovis.b2b.lib.service.ServiceLocator.getInstance(ServiceLocator.java:150)
	at com.inovis.b2b.channel.defs.ChannelManagerImp.getChannelFacade(ChannelManagerImp.java:551)
	at com.inovis.b2b.channel.defs.ChannelManagerImp.&lt;init&gt;(ChannelManagerImp.java:58)
	at com.inovis.b2b.channel.ChannelManager.getManager(ChannelManager.java:37)
	at test.com.inovis.mss.gateways.ftp.services.TestTransferParamService.setUp(TestTransferParamService.java:79)
Caused by: javax.naming.CommunicationException [Root exception is java.net.ConnectException: t3://localhost:7001: Destination unreachable; nested exception is: 
	java.net.ConnectException: Connection refused: connect; No available router to destination]
	at weblogic.jndi.internal.ExceptionTranslator.toNamingException(ExceptionTranslator.java:49)
	at weblogic.jndi.WLInitialContextFactoryDelegate.toNamingException(WLInitialContextFactoryDelegate.java:765)
	at weblogic.jndi.WLInitialContextFactoryDelegate.getInitialContext(WLInitialContextFactoryDelegate.java:364)
	at weblogic.jndi.Environment.getContext(Environment.java:307)
	at weblogic.jndi.Environment.getContext(Environment.java:277)
	at weblogic.jndi.WLInitialContextFactory.getInitialContext(WLInitialContextFactory.java:117)
	at javax.naming.spi.NamingManager.getInitialContext(NamingManager.java:667)
	at javax.naming.InitialContext.getDefaultInitCtx(InitialContext.java:247)
	at javax.naming.InitialContext.init(InitialContext.java:223)
	at javax.naming.InitialContext.&lt;init&gt;(InitialContext.java:175)
	at com.inovis.b2b.lib.service.ServiceLocator.getInitialContext(ServiceLocator.java:206)
	... 21 more
Caused by: java.net.ConnectException: t3://localhost:7001: Destination unreachable; nested exception is: 
	java.net.ConnectException: Connection refused: connect; No available router to destination
	at weblogic.rjvm.RJVMFinder.findOrCreate(RJVMFinder.java:204)
	at weblogic.rjvm.ServerURL.findOrCreateRJVM(ServerURL.java:154)
	at weblogic.jndi.WLInitialContextFactoryDelegate.getInitialContext(WLInitialContextFactoryDelegate.java:349)
	... 29 more
Caused by: java.rmi.ConnectException: Destination unreachable; nested exception is: 
	java.net.ConnectException: Connection refused: connect; No available router to destination
	at weblogic.rjvm.ConnectionManager.bootstrap(ConnectionManager.java:472)
	at weblogic.rjvm.ConnectionManager.bootstrap(ConnectionManager.java:323)
	at weblogic.rjvm.RJVMManager.findOrCreateRemoteInternal(RJVMManager.java:259)
	at weblogic.rjvm.RJVMManager.findOrCreate(RJVMManager.java:202)
	at weblogic.rjvm.RJVMFinder.findOrCreateRemoteServer(RJVMFinder.java:226)
	at weblogic.rjvm.RJVMFinder.findOrCreate(RJVMFinder.java:189)
	... 31 more
</error>
  </testcase>
  <testcase classname="test.com.inovis.mss.gateways.ftp.services.TestTransferParamService" name="testTYPE" time="2.168">
    <error message="[LIBP-00001] Unable to connect to naming service" type="com.inovis.b2b.lib.service.ServiceUnavailableException">class com.inovis.b2b.lib.service.ServiceUnavailableException: [LIBP-00001] Unable to connect to naming service
	at com.inovis.b2b.lib.service.ServiceLocator.getInitialContext(ServiceLocator.java:214)
	at com.inovis.b2b.lib.service.ServiceLocator.&lt;init&gt;(ServiceLocator.java:183)
	at com.inovis.b2b.lib.service.ServiceLocator.getInstance(ServiceLocator.java:167)
	at com.inovis.b2b.lib.service.ServiceLocator.getInstance(ServiceLocator.java:150)
	at com.inovis.b2b.channel.defs.ChannelManagerImp.getChannelFacade(ChannelManagerImp.java:551)
	at com.inovis.b2b.channel.defs.ChannelManagerImp.&lt;init&gt;(ChannelManagerImp.java:58)
	at com.inovis.b2b.channel.ChannelManager.getManager(ChannelManager.java:37)
	at test.com.inovis.mss.gateways.ftp.services.TestTransferParamService.setUp(TestTransferParamService.java:79)
Caused by: javax.naming.CommunicationException [Root exception is java.net.ConnectException: t3://localhost:7001: Destination unreachable; nested exception is: 
	java.net.ConnectException: Connection refused: connect; No available router to destination]
	at weblogic.jndi.internal.ExceptionTranslator.toNamingException(ExceptionTranslator.java:49)
	at weblogic.jndi.WLInitialContextFactoryDelegate.toNamingException(WLInitialContextFactoryDelegate.java:765)
	at weblogic.jndi.WLInitialContextFactoryDelegate.getInitialContext(WLInitialContextFactoryDelegate.java:364)
	at weblogic.jndi.Environment.getContext(Environment.java:307)
	at weblogic.jndi.Environment.getContext(Environment.java:277)
	at weblogic.jndi.WLInitialContextFactory.getInitialContext(WLInitialContextFactory.java:117)
	at javax.naming.spi.NamingManager.getInitialContext(NamingManager.java:667)
	at javax.naming.InitialContext.getDefaultInitCtx(InitialContext.java:247)
	at javax.naming.InitialContext.init(InitialContext.java:223)
	at javax.naming.InitialContext.&lt;init&gt;(InitialContext.java:175)
	at com.inovis.b2b.lib.service.ServiceLocator.getInitialContext(ServiceLocator.java:206)
	... 21 more
Caused by: java.net.ConnectException: t3://localhost:7001: Destination unreachable; nested exception is: 
	java.net.ConnectException: Connection refused: connect; No available router to destination
	at weblogic.rjvm.RJVMFinder.findOrCreate(RJVMFinder.java:204)
	at weblogic.rjvm.ServerURL.findOrCreateRJVM(ServerURL.java:154)
	at weblogic.jndi.WLInitialContextFactoryDelegate.getInitialContext(WLInitialContextFactoryDelegate.java:349)
	... 29 more
Caused by: java.rmi.ConnectException: Destination unreachable; nested exception is: 
	java.net.ConnectException: Connection refused: connect; No available router to destination
	at weblogic.rjvm.ConnectionManager.bootstrap(ConnectionManager.java:472)
	at weblogic.rjvm.ConnectionManager.bootstrap(ConnectionManager.java:323)
	at weblogic.rjvm.RJVMManager.findOrCreateRemoteInternal(RJVMManager.java:259)
	at weblogic.rjvm.RJVMManager.findOrCreate(RJVMManager.java:202)
	at weblogic.rjvm.RJVMFinder.findOrCreateRemoteServer(RJVMFinder.java:226)
	at weblogic.rjvm.RJVMFinder.findOrCreate(RJVMFinder.java:189)
	... 31 more
</error>
  </testcase>
  <testcase classname="test.com.inovis.mss.gateways.ftp.services.TestTransferParamService" name="testSTRU" time="2.776">
    <error message="[LIBP-00001] Unable to connect to naming service" type="com.inovis.b2b.lib.service.ServiceUnavailableException">class com.inovis.b2b.lib.service.ServiceUnavailableException: [LIBP-00001] Unable to connect to naming service
	at com.inovis.b2b.lib.service.ServiceLocator.getInitialContext(ServiceLocator.java:214)
	at com.inovis.b2b.lib.service.ServiceLocator.&lt;init&gt;(ServiceLocator.java:183)
	at com.inovis.b2b.lib.service.ServiceLocator.getInstance(ServiceLocator.java:167)
	at com.inovis.b2b.lib.service.ServiceLocator.getInstance(ServiceLocator.java:150)
	at com.inovis.b2b.channel.defs.ChannelManagerImp.getChannelFacade(ChannelManagerImp.java:551)
	at com.inovis.b2b.channel.defs.ChannelManagerImp.&lt;init&gt;(ChannelManagerImp.java:58)
	at com.inovis.b2b.channel.ChannelManager.getManager(ChannelManager.java:37)
	at test.com.inovis.mss.gateways.ftp.services.TestTransferParamService.setUp(TestTransferParamService.java:79)
Caused by: javax.naming.CommunicationException [Root exception is java.net.ConnectException: t3://localhost:7001: Destination unreachable; nested exception is: 
	java.net.ConnectException: Connection refused: connect; No available router to destination]
	at weblogic.jndi.internal.ExceptionTranslator.toNamingException(ExceptionTranslator.java:49)
	at weblogic.jndi.WLInitialContextFactoryDelegate.toNamingException(WLInitialContextFactoryDelegate.java:765)
	at weblogic.jndi.WLInitialContextFactoryDelegate.getInitialContext(WLInitialContextFactoryDelegate.java:364)
	at weblogic.jndi.Environment.getContext(Environment.java:307)
	at weblogic.jndi.Environment.getContext(Environment.java:277)
	at weblogic.jndi.WLInitialContextFactory.getInitialContext(WLInitialContextFactory.java:117)
	at javax.naming.spi.NamingManager.getInitialContext(NamingManager.java:667)
	at javax.naming.InitialContext.getDefaultInitCtx(InitialContext.java:247)
	at javax.naming.InitialContext.init(InitialContext.java:223)
	at javax.naming.InitialContext.&lt;init&gt;(InitialContext.java:175)
	at com.inovis.b2b.lib.service.ServiceLocator.getInitialContext(ServiceLocator.java:206)
	... 21 more
Caused by: java.net.ConnectException: t3://localhost:7001: Destination unreachable; nested exception is: 
	java.net.ConnectException: Connection refused: connect; No available router to destination
	at weblogic.rjvm.RJVMFinder.findOrCreate(RJVMFinder.java:204)
	at weblogic.rjvm.ServerURL.findOrCreateRJVM(ServerURL.java:154)
	at weblogic.jndi.WLInitialContextFactoryDelegate.getInitialContext(WLInitialContextFactoryDelegate.java:349)
	... 29 more
Caused by: java.rmi.ConnectException: Destination unreachable; nested exception is: 
	java.net.ConnectException: Connection refused: connect; No available router to destination
	at weblogic.rjvm.ConnectionManager.bootstrap(ConnectionManager.java:472)
	at weblogic.rjvm.ConnectionManager.bootstrap(ConnectionManager.java:323)
	at weblogic.rjvm.RJVMManager.findOrCreateRemoteInternal(RJVMManager.java:259)
	at weblogic.rjvm.RJVMManager.findOrCreate(RJVMManager.java:202)
	at weblogic.rjvm.RJVMFinder.findOrCreateRemoteServer(RJVMFinder.java:226)
	at weblogic.rjvm.RJVMFinder.findOrCreate(RJVMFinder.java:189)
	... 31 more
</error>
  </testcase>
  <testcase classname="test.com.inovis.mss.gateways.ftp.services.TestTransferParamService" name="testMODE" time="2.074">
    <error message="[LIBP-00001] Unable to connect to naming service" type="com.inovis.b2b.lib.service.ServiceUnavailableException">class com.inovis.b2b.lib.service.ServiceUnavailableException: [LIBP-00001] Unable to connect to naming service
	at com.inovis.b2b.lib.service.ServiceLocator.getInitialContext(ServiceLocator.java:214)
	at com.inovis.b2b.lib.service.ServiceLocator.&lt;init&gt;(ServiceLocator.java:183)
	at com.inovis.b2b.lib.service.ServiceLocator.getInstance(ServiceLocator.java:167)
	at com.inovis.b2b.lib.service.ServiceLocator.getInstance(ServiceLocator.java:150)
	at com.inovis.b2b.channel.defs.ChannelManagerImp.getChannelFacade(ChannelManagerImp.java:551)
	at com.inovis.b2b.channel.defs.ChannelManagerImp.&lt;init&gt;(ChannelManagerImp.java:58)
	at com.inovis.b2b.channel.ChannelManager.getManager(ChannelManager.java:37)
	at test.com.inovis.mss.gateways.ftp.services.TestTransferParamService.setUp(TestTransferParamService.java:79)
Caused by: javax.naming.CommunicationException [Root exception is java.net.ConnectException: t3://localhost:7001: Destination unreachable; nested exception is: 
	java.net.ConnectException: Connection refused: connect; No available router to destination]
	at weblogic.jndi.internal.ExceptionTranslator.toNamingException(ExceptionTranslator.java:49)
	at weblogic.jndi.WLInitialContextFactoryDelegate.toNamingException(WLInitialContextFactoryDelegate.java:765)
	at weblogic.jndi.WLInitialContextFactoryDelegate.getInitialContext(WLInitialContextFactoryDelegate.java:364)
	at weblogic.jndi.Environment.getContext(Environment.java:307)
	at weblogic.jndi.Environment.getContext(Environment.java:277)
	at weblogic.jndi.WLInitialContextFactory.getInitialContext(WLInitialContextFactory.java:117)
	at javax.naming.spi.NamingManager.getInitialContext(NamingManager.java:667)
	at javax.naming.InitialContext.getDefaultInitCtx(InitialContext.java:247)
	at javax.naming.InitialContext.init(InitialContext.java:223)
	at javax.naming.InitialContext.&lt;init&gt;(InitialContext.java:175)
	at com.inovis.b2b.lib.service.ServiceLocator.getInitialContext(ServiceLocator.java:206)
	... 21 more
Caused by: java.net.ConnectException: t3://localhost:7001: Destination unreachable; nested exception is: 
	java.net.ConnectException: Connection refused: connect; No available router to destination
	at weblogic.rjvm.RJVMFinder.findOrCreate(RJVMFinder.java:204)
	at weblogic.rjvm.ServerURL.findOrCreateRJVM(ServerURL.java:154)
	at weblogic.jndi.WLInitialContextFactoryDelegate.getInitialContext(WLInitialContextFactoryDelegate.java:349)
	... 29 more
Caused by: java.rmi.ConnectException: Destination unreachable; nested exception is: 
	java.net.ConnectException: Connection refused: connect; No available router to destination
	at weblogic.rjvm.ConnectionManager.bootstrap(ConnectionManager.java:472)
	at weblogic.rjvm.ConnectionManager.bootstrap(ConnectionManager.java:323)
	at weblogic.rjvm.RJVMManager.findOrCreateRemoteInternal(RJVMManager.java:259)
	at weblogic.rjvm.RJVMManager.findOrCreate(RJVMManager.java:202)
	at weblogic.rjvm.RJVMFinder.findOrCreateRemoteServer(RJVMFinder.java:226)
	at weblogic.rjvm.RJVMFinder.findOrCreate(RJVMFinder.java:189)
	... 31 more
</error>
  </testcase>
  <testcase classname="test.com.inovis.mss.gateways.ftp.services.TestTransferParamService" name="testSITEFilename" time="2.557">
    <error message="[LIBP-00001] Unable to connect to naming service" type="com.inovis.b2b.lib.service.ServiceUnavailableException">class com.inovis.b2b.lib.service.ServiceUnavailableException: [LIBP-00001] Unable to connect to naming service
	at com.inovis.b2b.lib.service.ServiceLocator.getInitialContext(ServiceLocator.java:214)
	at com.inovis.b2b.lib.service.ServiceLocator.&lt;init&gt;(ServiceLocator.java:183)
	at com.inovis.b2b.lib.service.ServiceLocator.getInstance(ServiceLocator.java:167)
	at com.inovis.b2b.lib.service.ServiceLocator.getInstance(ServiceLocator.java:150)
	at com.inovis.b2b.channel.defs.ChannelManagerImp.getChannelFacade(ChannelManagerImp.java:551)
	at com.inovis.b2b.channel.defs.ChannelManagerImp.&lt;init&gt;(ChannelManagerImp.java:58)
	at com.inovis.b2b.channel.ChannelManager.getManager(ChannelManager.java:37)
	at test.com.inovis.mss.gateways.ftp.services.TestTransferParamService.setUp(TestTransferParamService.java:79)
Caused by: javax.naming.CommunicationException [Root exception is java.net.ConnectException: t3://localhost:7001: Destination unreachable; nested exception is: 
	java.net.ConnectException: Connection refused: connect; No available router to destination]
	at weblogic.jndi.internal.ExceptionTranslator.toNamingException(ExceptionTranslator.java:49)
	at weblogic.jndi.WLInitialContextFactoryDelegate.toNamingException(WLInitialContextFactoryDelegate.java:765)
	at weblogic.jndi.WLInitialContextFactoryDelegate.getInitialContext(WLInitialContextFactoryDelegate.java:364)
	at weblogic.jndi.Environment.getContext(Environment.java:307)
	at weblogic.jndi.Environment.getContext(Environment.java:277)
	at weblogic.jndi.WLInitialContextFactory.getInitialContext(WLInitialContextFactory.java:117)
	at javax.naming.spi.NamingManager.getInitialContext(NamingManager.java:667)
	at javax.naming.InitialContext.getDefaultInitCtx(InitialContext.java:247)
	at javax.naming.InitialContext.init(InitialContext.java:223)
	at javax.naming.InitialContext.&lt;init&gt;(InitialContext.java:175)
	at com.inovis.b2b.lib.service.ServiceLocator.getInitialContext(ServiceLocator.java:206)
	... 21 more
Caused by: java.net.ConnectException: t3://localhost:7001: Destination unreachable; nested exception is: 
	java.net.ConnectException: Connection refused: connect; No available router to destination
	at weblogic.rjvm.RJVMFinder.findOrCreate(RJVMFinder.java:204)
	at weblogic.rjvm.ServerURL.findOrCreateRJVM(ServerURL.java:154)
	at weblogic.jndi.WLInitialContextFactoryDelegate.getInitialContext(WLInitialContextFactoryDelegate.java:349)
	... 29 more
Caused by: java.rmi.ConnectException: Destination unreachable; nested exception is: 
	java.net.ConnectException: Connection refused: connect; No available router to destination
	at weblogic.rjvm.ConnectionManager.bootstrap(ConnectionManager.java:472)
	at weblogic.rjvm.ConnectionManager.bootstrap(ConnectionManager.java:323)
	at weblogic.rjvm.RJVMManager.findOrCreateRemoteInternal(RJVMManager.java:259)
	at weblogic.rjvm.RJVMManager.findOrCreate(RJVMManager.java:202)
	at weblogic.rjvm.RJVMFinder.findOrCreateRemoteServer(RJVMFinder.java:226)
	at weblogic.rjvm.RJVMFinder.findOrCreate(RJVMFinder.java:189)
	... 31 more
</error>
  </testcase>
  <testcase classname="test.com.inovis.mss.gateways.ftp.services.TestTransferParamService" name="testSITEAsync" time="2.683">
    <error message="[LIBP-00001] Unable to connect to naming service" type="com.inovis.b2b.lib.service.ServiceUnavailableException">class com.inovis.b2b.lib.service.ServiceUnavailableException: [LIBP-00001] Unable to connect to naming service
	at com.inovis.b2b.lib.service.ServiceLocator.getInitialContext(ServiceLocator.java:214)
	at com.inovis.b2b.lib.service.ServiceLocator.&lt;init&gt;(ServiceLocator.java:183)
	at com.inovis.b2b.lib.service.ServiceLocator.getInstance(ServiceLocator.java:167)
	at com.inovis.b2b.lib.service.ServiceLocator.getInstance(ServiceLocator.java:150)
	at com.inovis.b2b.channel.defs.ChannelManagerImp.getChannelFacade(ChannelManagerImp.java:551)
	at com.inovis.b2b.channel.defs.ChannelManagerImp.&lt;init&gt;(ChannelManagerImp.java:58)
	at com.inovis.b2b.channel.ChannelManager.getManager(ChannelManager.java:37)
	at test.com.inovis.mss.gateways.ftp.services.TestTransferParamService.setUp(TestTransferParamService.java:79)
Caused by: javax.naming.CommunicationException [Root exception is java.net.ConnectException: t3://localhost:7001: Destination unreachable; nested exception is: 
	java.net.ConnectException: Connection refused: connect; No available router to destination]
	at weblogic.jndi.internal.ExceptionTranslator.toNamingException(ExceptionTranslator.java:49)
	at weblogic.jndi.WLInitialContextFactoryDelegate.toNamingException(WLInitialContextFactoryDelegate.java:765)
	at weblogic.jndi.WLInitialContextFactoryDelegate.getInitialContext(WLInitialContextFactoryDelegate.java:364)
	at weblogic.jndi.Environment.getContext(Environment.java:307)
	at weblogic.jndi.Environment.getContext(Environment.java:277)
	at weblogic.jndi.WLInitialContextFactory.getInitialContext(WLInitialContextFactory.java:117)
	at javax.naming.spi.NamingManager.getInitialContext(NamingManager.java:667)
	at javax.naming.InitialContext.getDefaultInitCtx(InitialContext.java:247)
	at javax.naming.InitialContext.init(InitialContext.java:223)
	at javax.naming.InitialContext.&lt;init&gt;(InitialContext.java:175)
	at com.inovis.b2b.lib.service.ServiceLocator.getInitialContext(ServiceLocator.java:206)
	... 21 more
Caused by: java.net.ConnectException: t3://localhost:7001: Destination unreachable; nested exception is: 
	java.net.ConnectException: Connection refused: connect; No available router to destination
	at weblogic.rjvm.RJVMFinder.findOrCreate(RJVMFinder.java:204)
	at weblogic.rjvm.ServerURL.findOrCreateRJVM(ServerURL.java:154)
	at weblogic.jndi.WLInitialContextFactoryDelegate.getInitialContext(WLInitialContextFactoryDelegate.java:349)
	... 29 more
Caused by: java.rmi.ConnectException: Destination unreachable; nested exception is: 
	java.net.ConnectException: Connection refused: connect; No available router to destination
	at weblogic.rjvm.ConnectionManager.bootstrap(ConnectionManager.java:472)
	at weblogic.rjvm.ConnectionManager.bootstrap(ConnectionManager.java:323)
	at weblogic.rjvm.RJVMManager.findOrCreateRemoteInternal(RJVMManager.java:259)
	at weblogic.rjvm.RJVMManager.findOrCreate(RJVMManager.java:202)
	at weblogic.rjvm.RJVMFinder.findOrCreateRemoteServer(RJVMFinder.java:226)
	at weblogic.rjvm.RJVMFinder.findOrCreate(RJVMFinder.java:189)
	... 31 more
</error>
  </testcase>
  <testcase classname="test.com.inovis.mss.gateways.ftp.services.TestFileService" name="testPWD" time="2.37">
    <error message="[LIBP-00001] Unable to connect to naming service" type="com.inovis.b2b.lib.service.ServiceUnavailableException">class com.inovis.b2b.lib.service.ServiceUnavailableException: [LIBP-00001] Unable to connect to naming service
	at com.inovis.b2b.lib.service.ServiceLocator.getInitialContext(ServiceLocator.java:214)
	at com.inovis.b2b.lib.service.ServiceLocator.&lt;init&gt;(ServiceLocator.java:183)
	at com.inovis.b2b.lib.service.ServiceLocator.getInstance(ServiceLocator.java:167)
	at com.inovis.b2b.lib.service.ServiceLocator.getInstance(ServiceLocator.java:150)
	at com.inovis.b2b.channel.defs.ChannelManagerImp.getChannelFacade(ChannelManagerImp.java:551)
	at com.inovis.b2b.channel.defs.ChannelManagerImp.&lt;init&gt;(ChannelManagerImp.java:58)
	at com.inovis.b2b.channel.ChannelManager.getManager(ChannelManager.java:37)
	at test.com.inovis.mss.gateways.ftp.services.TestFileService.setUp(TestFileService.java:78)
Caused by: javax.naming.CommunicationException [Root exception is java.net.ConnectException: t3://localhost:7001: Destination unreachable; nested exception is: 
	java.net.ConnectException: Connection refused: connect; No available router to destination]
	at weblogic.jndi.internal.ExceptionTranslator.toNamingException(ExceptionTranslator.java:49)
	at weblogic.jndi.WLInitialContextFactoryDelegate.toNamingException(WLInitialContextFactoryDelegate.java:765)
	at weblogic.jndi.WLInitialContextFactoryDelegate.getInitialContext(WLInitialContextFactoryDelegate.java:364)
	at weblogic.jndi.Environment.getContext(Environment.java:307)
	at weblogic.jndi.Environment.getContext(Environment.java:277)
	at weblogic.jndi.WLInitialContextFactory.getInitialContext(WLInitialContextFactory.java:117)
	at javax.naming.spi.NamingManager.getInitialContext(NamingManager.java:667)
	at javax.naming.InitialContext.getDefaultInitCtx(InitialContext.java:247)
	at javax.naming.InitialContext.init(InitialContext.java:223)
	at javax.naming.InitialContext.&lt;init&gt;(InitialContext.java:175)
	at com.inovis.b2b.lib.service.ServiceLocator.getInitialContext(ServiceLocator.java:206)
	... 21 more
Caused by: java.net.ConnectException: t3://localhost:7001: Destination unreachable; nested exception is: 
	java.net.ConnectException: Connection refused: connect; No available router to destination
	at weblogic.rjvm.RJVMFinder.findOrCreate(RJVMFinder.java:204)
	at weblogic.rjvm.ServerURL.findOrCreateRJVM(ServerURL.java:154)
	at weblogic.jndi.WLInitialContextFactoryDelegate.getInitialContext(WLInitialContextFactoryDelegate.java:349)
	... 29 more
Caused by: java.rmi.ConnectException: Destination unreachable; nested exception is: 
	java.net.ConnectException: Connection refused: connect; No available router to destination
	at weblogic.rjvm.ConnectionManager.bootstrap(ConnectionManager.java:472)
	at weblogic.rjvm.ConnectionManager.bootstrap(ConnectionManager.java:323)
	at weblogic.rjvm.RJVMManager.findOrCreateRemoteInternal(RJVMManager.java:259)
	at weblogic.rjvm.RJVMManager.findOrCreate(RJVMManager.java:202)
	at weblogic.rjvm.RJVMFinder.findOrCreateRemoteServer(RJVMFinder.java:226)
	at weblogic.rjvm.RJVMFinder.findOrCreate(RJVMFinder.java:189)
	... 31 more
</error>
  </testcase>
  <testcase classname="test.com.inovis.mss.gateways.ftp.services.TestFileService" name="testNLST" time="2.168">
    <error message="[LIBP-00001] Unable to connect to naming service" type="com.inovis.b2b.lib.service.ServiceUnavailableException">class com.inovis.b2b.lib.service.ServiceUnavailableException: [LIBP-00001] Unable to connect to naming service
	at com.inovis.b2b.lib.service.ServiceLocator.getInitialContext(ServiceLocator.java:214)
	at com.inovis.b2b.lib.service.ServiceLocator.&lt;init&gt;(ServiceLocator.java:183)
	at com.inovis.b2b.lib.service.ServiceLocator.getInstance(ServiceLocator.java:167)
	at com.inovis.b2b.lib.service.ServiceLocator.getInstance(ServiceLocator.java:150)
	at com.inovis.b2b.channel.defs.ChannelManagerImp.getChannelFacade(ChannelManagerImp.java:551)
	at com.inovis.b2b.channel.defs.ChannelManagerImp.&lt;init&gt;(ChannelManagerImp.java:58)
	at com.inovis.b2b.channel.ChannelManager.getManager(ChannelManager.java:37)
	at test.com.inovis.mss.gateways.ftp.services.TestFileService.setUp(TestFileService.java:78)
Caused by: javax.naming.CommunicationException [Root exception is java.net.ConnectException: t3://localhost:7001: Destination unreachable; nested exception is: 
	java.net.ConnectException: Connection refused: connect; No available router to destination]
	at weblogic.jndi.internal.ExceptionTranslator.toNamingException(ExceptionTranslator.java:49)
	at weblogic.jndi.WLInitialContextFactoryDelegate.toNamingException(WLInitialContextFactoryDelegate.java:765)
	at weblogic.jndi.WLInitialContextFactoryDelegate.getInitialContext(WLInitialContextFactoryDelegate.java:364)
	at weblogic.jndi.Environment.getContext(Environment.java:307)
	at weblogic.jndi.Environment.getContext(Environment.java:277)
	at weblogic.jndi.WLInitialContextFactory.getInitialContext(WLInitialContextFactory.java:117)
	at javax.naming.spi.NamingManager.getInitialContext(NamingManager.java:667)
	at javax.naming.InitialContext.getDefaultInitCtx(InitialContext.java:247)
	at javax.naming.InitialContext.init(InitialContext.java:223)
	at javax.naming.InitialContext.&lt;init&gt;(InitialContext.java:175)
	at com.inovis.b2b.lib.service.ServiceLocator.getInitialContext(ServiceLocator.java:206)
	... 21 more
Caused by: java.net.ConnectException: t3://localhost:7001: Destination unreachable; nested exception is: 
	java.net.ConnectException: Connection refused: connect; No available router to destination
	at weblogic.rjvm.RJVMFinder.findOrCreate(RJVMFinder.java:204)
	at weblogic.rjvm.ServerURL.findOrCreateRJVM(ServerURL.java:154)
	at weblogic.jndi.WLInitialContextFactoryDelegate.getInitialContext(WLInitialContextFactoryDelegate.java:349)
	... 29 more
Caused by: java.rmi.ConnectException: Destination unreachable; nested exception is: 
	java.net.ConnectException: Connection refused: connect; No available router to destination
	at weblogic.rjvm.ConnectionManager.bootstrap(ConnectionManager.java:472)
	at weblogic.rjvm.ConnectionManager.bootstrap(ConnectionManager.java:323)
	at weblogic.rjvm.RJVMManager.findOrCreateRemoteInternal(RJVMManager.java:259)
	at weblogic.rjvm.RJVMManager.findOrCreate(RJVMManager.java:202)
	at weblogic.rjvm.RJVMFinder.findOrCreateRemoteServer(RJVMFinder.java:226)
	at weblogic.rjvm.RJVMFinder.findOrCreate(RJVMFinder.java:189)
	... 31 more
</error>
  </testcase>
  <testcase classname="test.com.inovis.mss.gateways.ftp.services.TestFileService" name="testSTOR" time="2.463">
    <error message="[LIBP-00001] Unable to connect to naming service" type="com.inovis.b2b.lib.service.ServiceUnavailableException">class com.inovis.b2b.lib.service.ServiceUnavailableException: [LIBP-00001] Unable to connect to naming service
	at com.inovis.b2b.lib.service.ServiceLocator.getInitialContext(ServiceLocator.java:214)
	at com.inovis.b2b.lib.service.ServiceLocator.&lt;init&gt;(ServiceLocator.java:183)
	at com.inovis.b2b.lib.service.ServiceLocator.getInstance(ServiceLocator.java:167)
	at com.inovis.b2b.lib.service.ServiceLocator.getInstance(ServiceLocator.java:150)
	at com.inovis.b2b.channel.defs.ChannelManagerImp.getChannelFacade(ChannelManagerImp.java:551)
	at com.inovis.b2b.channel.defs.ChannelManagerImp.&lt;init&gt;(ChannelManagerImp.java:58)
	at com.inovis.b2b.channel.ChannelManager.getManager(ChannelManager.java:37)
	at test.com.inovis.mss.gateways.ftp.services.TestFileService.setUp(TestFileService.java:78)
Caused by: javax.naming.CommunicationException [Root exception is java.net.ConnectException: t3://localhost:7001: Destination unreachable; nested exception is: 
	java.net.ConnectException: Connection refused: connect; No available router to destination]
	at weblogic.jndi.internal.ExceptionTranslator.toNamingException(ExceptionTranslator.java:49)
	at weblogic.jndi.WLInitialContextFactoryDelegate.toNamingException(WLInitialContextFactoryDelegate.java:765)
	at weblogic.jndi.WLInitialContextFactoryDelegate.getInitialContext(WLInitialContextFactoryDelegate.java:364)
	at weblogic.jndi.Environment.getContext(Environment.java:307)
	at weblogic.jndi.Environment.getContext(Environment.java:277)
	at weblogic.jndi.WLInitialContextFactory.getInitialContext(WLInitialContextFactory.java:117)
	at javax.naming.spi.NamingManager.getInitialContext(NamingManager.java:667)
	at javax.naming.InitialContext.getDefaultInitCtx(InitialContext.java:247)
	at javax.naming.InitialContext.init(InitialContext.java:223)
	at javax.naming.InitialContext.&lt;init&gt;(InitialContext.java:175)
	at com.inovis.b2b.lib.service.ServiceLocator.getInitialContext(ServiceLocator.java:206)
	... 21 more
Caused by: java.net.ConnectException: t3://localhost:7001: Destination unreachable; nested exception is: 
	java.net.ConnectException: Connection refused: connect; No available router to destination
	at weblogic.rjvm.RJVMFinder.findOrCreate(RJVMFinder.java:204)
	at weblogic.rjvm.ServerURL.findOrCreateRJVM(ServerURL.java:154)
	at weblogic.jndi.WLInitialContextFactoryDelegate.getInitialContext(WLInitialContextFactoryDelegate.java:349)
	... 29 more
Caused by: java.rmi.ConnectException: Destination unreachable; nested exception is: 
	java.net.ConnectException: Connection refused: connect; No available router to destination
	at weblogic.rjvm.ConnectionManager.bootstrap(ConnectionManager.java:472)
	at weblogic.rjvm.ConnectionManager.bootstrap(ConnectionManager.java:323)
	at weblogic.rjvm.RJVMManager.findOrCreateRemoteInternal(RJVMManager.java:259)
	at weblogic.rjvm.RJVMManager.findOrCreate(RJVMManager.java:202)
	at weblogic.rjvm.RJVMFinder.findOrCreateRemoteServer(RJVMFinder.java:226)
	at weblogic.rjvm.RJVMFinder.findOrCreate(RJVMFinder.java:189)
	... 31 more
</error>
  </testcase>
  <testcase classname="test.com.inovis.mss.gateways.ftp.services.TestFileService" name="testRETR" time="2.995">
    <error message="[LIBP-00001] Unable to connect to naming service" type="com.inovis.b2b.lib.service.ServiceUnavailableException">class com.inovis.b2b.lib.service.ServiceUnavailableException: [LIBP-00001] Unable to connect to naming service
	at com.inovis.b2b.lib.service.ServiceLocator.getInitialContext(ServiceLocator.java:214)
	at com.inovis.b2b.lib.service.ServiceLocator.&lt;init&gt;(ServiceLocator.java:183)
	at com.inovis.b2b.lib.service.ServiceLocator.getInstance(ServiceLocator.java:167)
	at com.inovis.b2b.lib.service.ServiceLocator.getInstance(ServiceLocator.java:150)
	at com.inovis.b2b.channel.defs.ChannelManagerImp.getChannelFacade(ChannelManagerImp.java:551)
	at com.inovis.b2b.channel.defs.ChannelManagerImp.&lt;init&gt;(ChannelManagerImp.java:58)
	at com.inovis.b2b.channel.ChannelManager.getManager(ChannelManager.java:37)
	at test.com.inovis.mss.gateways.ftp.services.TestFileService.setUp(TestFileService.java:78)
Caused by: javax.naming.CommunicationException [Root exception is java.net.ConnectException: t3://localhost:7001: Destination unreachable; nested exception is: 
	java.net.ConnectException: Connection refused: connect; No available router to destination]
	at weblogic.jndi.internal.ExceptionTranslator.toNamingException(ExceptionTranslator.java:49)
	at weblogic.jndi.WLInitialContextFactoryDelegate.toNamingException(WLInitialContextFactoryDelegate.java:765)
	at weblogic.jndi.WLInitialContextFactoryDelegate.getInitialContext(WLInitialContextFactoryDelegate.java:364)
	at weblogic.jndi.Environment.getContext(Environment.java:307)
	at weblogic.jndi.Environment.getContext(Environment.java:277)
	at weblogic.jndi.WLInitialContextFactory.getInitialContext(WLInitialContextFactory.java:117)
	at javax.naming.spi.NamingManager.getInitialContext(NamingManager.java:667)
	at javax.naming.InitialContext.getDefaultInitCtx(InitialContext.java:247)
	at javax.naming.InitialContext.init(InitialContext.java:223)
	at javax.naming.InitialContext.&lt;init&gt;(InitialContext.java:175)
	at com.inovis.b2b.lib.service.ServiceLocator.getInitialContext(ServiceLocator.java:206)
	... 21 more
Caused by: java.net.ConnectException: t3://localhost:7001: Destination unreachable; nested exception is: 
	java.net.ConnectException: Connection refused: connect; No available router to destination
	at weblogic.rjvm.RJVMFinder.findOrCreate(RJVMFinder.java:204)
	at weblogic.rjvm.ServerURL.findOrCreateRJVM(ServerURL.java:154)
	at weblogic.jndi.WLInitialContextFactoryDelegate.getInitialContext(WLInitialContextFactoryDelegate.java:349)
	... 29 more
Caused by: java.rmi.ConnectException: Destination unreachable; nested exception is: 
	java.net.ConnectException: Connection refused: connect; No available router to destination
	at weblogic.rjvm.ConnectionManager.bootstrap(ConnectionManager.java:472)
	at weblogic.rjvm.ConnectionManager.bootstrap(ConnectionManager.java:323)
	at weblogic.rjvm.RJVMManager.findOrCreateRemoteInternal(RJVMManager.java:259)
	at weblogic.rjvm.RJVMManager.findOrCreate(RJVMManager.java:202)
	at weblogic.rjvm.RJVMFinder.findOrCreateRemoteServer(RJVMFinder.java:226)
	at weblogic.rjvm.RJVMFinder.findOrCreate(RJVMFinder.java:189)
	... 31 more
</error>
  </testcase>
  <testcase classname="test.com.inovis.mss.country.TestCountryManager" name="testGetCountry" time="2.479">
    <error message="[COUN-00101] Failed to get a reference to the Home interface of the CountryFacade EJB. This is an EJB error that probably stems from an incorrect deployment, a network problem, or the failure of an EJB server.      " type="com.inovis.b2b.lib.exception.OperationFailedException">class com.inovis.b2b.lib.exception.OperationFailedException: [COUN-00101] Failed to get a reference to the Home interface of the CountryFacade EJB. This is an EJB error that probably stems from an incorrect deployment, a network problem, or the failure of an EJB server.      
	at com.inovis.mss.country.defs.CountryManagerImp.&lt;init&gt;(CountryManagerImp.java:70)
	at com.inovis.mss.country.CountryManager.getManager(CountryManager.java:55)
	at test.com.inovis.mss.country.TestCountryManager.setUp(TestCountryManager.java:86)
Caused by: class com.inovis.b2b.lib.service.ServiceUnavailableException: [LIBP-00001] Unable to connect to naming service
	at com.inovis.b2b.lib.service.ServiceLocator.getInitialContext(ServiceLocator.java:214)
	at com.inovis.b2b.lib.service.ServiceLocator.&lt;init&gt;(ServiceLocator.java:183)
	at com.inovis.b2b.lib.service.ServiceLocator.getInstance(ServiceLocator.java:167)
	at com.inovis.b2b.lib.service.ServiceLocator.getInstance(ServiceLocator.java:150)
	at com.inovis.mss.country.defs.CountryManagerImp.&lt;init&gt;(CountryManagerImp.java:64)
	... 16 more
Caused by: javax.naming.CommunicationException [Root exception is java.net.ConnectException: t3://localhost:7001: Destination unreachable; nested exception is: 
	java.net.ConnectException: Connection refused: connect; No available router to destination]
	at weblogic.jndi.internal.ExceptionTranslator.toNamingException(ExceptionTranslator.java:49)
	at weblogic.jndi.WLInitialContextFactoryDelegate.toNamingException(WLInitialContextFactoryDelegate.java:765)
	at weblogic.jndi.WLInitialContextFactoryDelegate.getInitialContext(WLInitialContextFactoryDelegate.java:364)
	at weblogic.jndi.Environment.getContext(Environment.java:307)
	at weblogic.jndi.Environment.getContext(Environment.java:277)
	at weblogic.jndi.WLInitialContextFactory.getInitialContext(WLInitialContextFactory.java:117)
	at javax.naming.spi.NamingManager.getInitialContext(NamingManager.java:667)
	at javax.naming.InitialContext.getDefaultInitCtx(InitialContext.java:247)
	at javax.naming.InitialContext.init(InitialContext.java:223)
	at javax.naming.InitialContext.&lt;init&gt;(InitialContext.java:175)
	at com.inovis.b2b.lib.service.ServiceLocator.getInitialContext(ServiceLocator.java:206)
	... 20 more
Caused by: java.net.ConnectException: t3://localhost:7001: Destination unreachable; nested exception is: 
	java.net.ConnectException: Connection refused: connect; No available router to destination
	at weblogic.rjvm.RJVMFinder.findOrCreate(RJVMFinder.java:204)
	at weblogic.rjvm.ServerURL.findOrCreateRJVM(ServerURL.java:154)
	at weblogic.jndi.WLInitialContextFactoryDelegate.getInitialContext(WLInitialContextFactoryDelegate.java:349)
	... 28 more
Caused by: java.rmi.ConnectException: Destination unreachable; nested exception is: 
	java.net.ConnectException: Connection refused: connect; No available router to destination
	at weblogic.rjvm.ConnectionManager.bootstrap(ConnectionManager.java:472)
	at weblogic.rjvm.ConnectionManager.bootstrap(ConnectionManager.java:323)
	at weblogic.rjvm.RJVMManager.findOrCreateRemoteInternal(RJVMManager.java:259)
	at weblogic.rjvm.RJVMManager.findOrCreate(RJVMManager.java:202)
	at weblogic.rjvm.RJVMFinder.findOrCreateRemoteServer(RJVMFinder.java:226)
	at weblogic.rjvm.RJVMFinder.findOrCreate(RJVMFinder.java:189)
	... 30 more
</error>
  </testcase>
  <testcase classname="test.com.inovis.mss.country.TestCountryManager" name="testGetCountryFail" time="2.994">
    <error message="[COUN-00101] Failed to get a reference to the Home interface of the CountryFacade EJB. This is an EJB error that probably stems from an incorrect deployment, a network problem, or the failure of an EJB server.      " type="com.inovis.b2b.lib.exception.OperationFailedException">class com.inovis.b2b.lib.exception.OperationFailedException: [COUN-00101] Failed to get a reference to the Home interface of the CountryFacade EJB. This is an EJB error that probably stems from an incorrect deployment, a network problem, or the failure of an EJB server.      
	at com.inovis.mss.country.defs.CountryManagerImp.&lt;init&gt;(CountryManagerImp.java:70)
	at com.inovis.mss.country.CountryManager.getManager(CountryManager.java:55)
	at test.com.inovis.mss.country.TestCountryManager.setUp(TestCountryManager.java:86)
Caused by: class com.inovis.b2b.lib.service.ServiceUnavailableException: [LIBP-00001] Unable to connect to naming service
	at com.inovis.b2b.lib.service.ServiceLocator.getInitialContext(ServiceLocator.java:214)
	at com.inovis.b2b.lib.service.ServiceLocator.&lt;init&gt;(ServiceLocator.java:183)
	at com.inovis.b2b.lib.service.ServiceLocator.getInstance(ServiceLocator.java:167)
	at com.inovis.b2b.lib.service.ServiceLocator.getInstance(ServiceLocator.java:150)
	at com.inovis.mss.country.defs.CountryManagerImp.&lt;init&gt;(CountryManagerImp.java:64)
	... 16 more
Caused by: javax.naming.CommunicationException [Root exception is java.net.ConnectException: t3://localhost:7001: Destination unreachable; nested exception is: 
	java.net.ConnectException: Connection refused: connect; No available router to destination]
	at weblogic.jndi.internal.ExceptionTranslator.toNamingException(ExceptionTranslator.java:49)
	at weblogic.jndi.WLInitialContextFactoryDelegate.toNamingException(WLInitialContextFactoryDelegate.java:765)
	at weblogic.jndi.WLInitialContextFactoryDelegate.getInitialContext(WLInitialContextFactoryDelegate.java:364)
	at weblogic.jndi.Environment.getContext(Environment.java:307)
	at weblogic.jndi.Environment.getContext(Environment.java:277)
	at weblogic.jndi.WLInitialContextFactory.getInitialContext(WLInitialContextFactory.java:117)
	at javax.naming.spi.NamingManager.getInitialContext(NamingManager.java:667)
	at javax.naming.InitialContext.getDefaultInitCtx(InitialContext.java:247)
	at javax.naming.InitialContext.init(InitialContext.java:223)
	at javax.naming.InitialContext.&lt;init&gt;(InitialContext.java:175)
	at com.inovis.b2b.lib.service.ServiceLocator.getInitialContext(ServiceLocator.java:206)
	... 20 more
Caused by: java.net.ConnectException: t3://localhost:7001: Destination unreachable; nested exception is: 
	java.net.ConnectException: Connection refused: connect; No available router to destination
	at weblogic.rjvm.RJVMFinder.findOrCreate(RJVMFinder.java:204)
	at weblogic.rjvm.ServerURL.findOrCreateRJVM(ServerURL.java:154)
	at weblogic.jndi.WLInitialContextFactoryDelegate.getInitialContext(WLInitialContextFactoryDelegate.java:349)
	... 28 more
Caused by: java.rmi.ConnectException: Destination unreachable; nested exception is: 
	java.net.ConnectException: Connection refused: connect; No available router to destination
	at weblogic.rjvm.ConnectionManager.bootstrap(ConnectionManager.java:472)
	at weblogic.rjvm.ConnectionManager.bootstrap(ConnectionManager.java:323)
	at weblogic.rjvm.RJVMManager.findOrCreateRemoteInternal(RJVMManager.java:259)
	at weblogic.rjvm.RJVMManager.findOrCreate(RJVMManager.java:202)
	at weblogic.rjvm.RJVMFinder.findOrCreateRemoteServer(RJVMFinder.java:226)
	at weblogic.rjvm.RJVMFinder.findOrCreate(RJVMFinder.java:189)
	... 30 more
</error>
  </testcase>
  <testcase classname="test.com.inovis.mss.country.TestCountryManager" name="testListCountries" time="2.449">
    <error message="[COUN-00101] Failed to get a reference to the Home interface of the CountryFacade EJB. This is an EJB error that probably stems from an incorrect deployment, a network problem, or the failure of an EJB server.      " type="com.inovis.b2b.lib.exception.OperationFailedException">class com.inovis.b2b.lib.exception.OperationFailedException: [COUN-00101] Failed to get a reference to the Home interface of the CountryFacade EJB. This is an EJB error that probably stems from an incorrect deployment, a network problem, or the failure of an EJB server.      
	at com.inovis.mss.country.defs.CountryManagerImp.&lt;init&gt;(CountryManagerImp.java:70)
	at com.inovis.mss.country.CountryManager.getManager(CountryManager.java:55)
	at test.com.inovis.mss.country.TestCountryManager.setUp(TestCountryManager.java:86)
Caused by: class com.inovis.b2b.lib.service.ServiceUnavailableException: [LIBP-00001] Unable to connect to naming service
	at com.inovis.b2b.lib.service.ServiceLocator.getInitialContext(ServiceLocator.java:214)
	at com.inovis.b2b.lib.service.ServiceLocator.&lt;init&gt;(ServiceLocator.java:183)
	at com.inovis.b2b.lib.service.ServiceLocator.getInstance(ServiceLocator.java:167)
	at com.inovis.b2b.lib.service.ServiceLocator.getInstance(ServiceLocator.java:150)
	at com.inovis.mss.country.defs.CountryManagerImp.&lt;init&gt;(CountryManagerImp.java:64)
	... 16 more
Caused by: javax.naming.CommunicationException [Root exception is java.net.ConnectException: t3://localhost:7001: Destination unreachable; nested exception is: 
	java.net.ConnectException: Connection refused: connect; No available router to destination]
	at weblogic.jndi.internal.ExceptionTranslator.toNamingException(ExceptionTranslator.java:49)
	at weblogic.jndi.WLInitialContextFactoryDelegate.toNamingException(WLInitialContextFactoryDelegate.java:765)
	at weblogic.jndi.WLInitialContextFactoryDelegate.getInitialContext(WLInitialContextFactoryDelegate.java:364)
	at weblogic.jndi.Environment.getContext(Environment.java:307)
	at weblogic.jndi.Environment.getContext(Environment.java:277)
	at weblogic.jndi.WLInitialContextFactory.getInitialContext(WLInitialContextFactory.java:117)
	at javax.naming.spi.NamingManager.getInitialContext(NamingManager.java:667)
	at javax.naming.InitialContext.getDefaultInitCtx(InitialContext.java:247)
	at javax.naming.InitialContext.init(InitialContext.java:223)
	at javax.naming.InitialContext.&lt;init&gt;(InitialContext.java:175)
	at com.inovis.b2b.lib.service.ServiceLocator.getInitialContext(ServiceLocator.java:206)
	... 20 more
Caused by: java.net.ConnectException: t3://localhost:7001: Destination unreachable; nested exception is: 
	java.net.ConnectException: Connection refused: connect; No available router to destination
	at weblogic.rjvm.RJVMFinder.findOrCreate(RJVMFinder.java:204)
	at weblogic.rjvm.ServerURL.findOrCreateRJVM(ServerURL.java:154)
	at weblogic.jndi.WLInitialContextFactoryDelegate.getInitialContext(WLInitialContextFactoryDelegate.java:349)
	... 28 more
Caused by: java.rmi.ConnectException: Destination unreachable; nested exception is: 
	java.net.ConnectException: Connection refused: connect; No available router to destination
	at weblogic.rjvm.ConnectionManager.bootstrap(ConnectionManager.java:472)
	at weblogic.rjvm.ConnectionManager.bootstrap(ConnectionManager.java:323)
	at weblogic.rjvm.RJVMManager.findOrCreateRemoteInternal(RJVMManager.java:259)
	at weblogic.rjvm.RJVMManager.findOrCreate(RJVMManager.java:202)
	at weblogic.rjvm.RJVMFinder.findOrCreateRemoteServer(RJVMFinder.java:226)
	at weblogic.rjvm.RJVMFinder.findOrCreate(RJVMFinder.java:189)
	... 30 more
</error>
  </testcase>
  <testcase classname="test.com.inovis.mss.country.TestCountryManager" name="testGetState" time="2.183">
    <error message="[COUN-00101] Failed to get a reference to the Home interface of the CountryFacade EJB. This is an EJB error that probably stems from an incorrect deployment, a network problem, or the failure of an EJB server.      " type="com.inovis.b2b.lib.exception.OperationFailedException">class com.inovis.b2b.lib.exception.OperationFailedException: [COUN-00101] Failed to get a reference to the Home interface of the CountryFacade EJB. This is an EJB error that probably stems from an incorrect deployment, a network problem, or the failure of an EJB server.      
	at com.inovis.mss.country.defs.CountryManagerImp.&lt;init&gt;(CountryManagerImp.java:70)
	at com.inovis.mss.country.CountryManager.getManager(CountryManager.java:55)
	at test.com.inovis.mss.country.TestCountryManager.setUp(TestCountryManager.java:86)
Caused by: class com.inovis.b2b.lib.service.ServiceUnavailableException: [LIBP-00001] Unable to connect to naming service
	at com.inovis.b2b.lib.service.ServiceLocator.getInitialContext(ServiceLocator.java:214)
	at com.inovis.b2b.lib.service.ServiceLocator.&lt;init&gt;(ServiceLocator.java:183)
	at com.inovis.b2b.lib.service.ServiceLocator.getInstance(ServiceLocator.java:167)
	at com.inovis.b2b.lib.service.ServiceLocator.getInstance(ServiceLocator.java:150)
	at com.inovis.mss.country.defs.CountryManagerImp.&lt;init&gt;(CountryManagerImp.java:64)
	... 16 more
Caused by: javax.naming.CommunicationException [Root exception is java.net.ConnectException: t3://localhost:7001: Destination unreachable; nested exception is: 
	java.net.ConnectException: Connection refused: connect; No available router to destination]
	at weblogic.jndi.internal.ExceptionTranslator.toNamingException(ExceptionTranslator.java:49)
	at weblogic.jndi.WLInitialContextFactoryDelegate.toNamingException(WLInitialContextFactoryDelegate.java:765)
	at weblogic.jndi.WLInitialContextFactoryDelegate.getInitialContext(WLInitialContextFactoryDelegate.java:364)
	at weblogic.jndi.Environment.getContext(Environment.java:307)
	at weblogic.jndi.Environment.getContext(Environment.java:277)
	at weblogic.jndi.WLInitialContextFactory.getInitialContext(WLInitialContextFactory.java:117)
	at javax.naming.spi.NamingManager.getInitialContext(NamingManager.java:667)
	at javax.naming.InitialContext.getDefaultInitCtx(InitialContext.java:247)
	at javax.naming.InitialContext.init(InitialContext.java:223)
	at javax.naming.InitialContext.&lt;init&gt;(InitialContext.java:175)
	at com.inovis.b2b.lib.service.ServiceLocator.getInitialContext(ServiceLocator.java:206)
	... 20 more
Caused by: java.net.ConnectException: t3://localhost:7001: Destination unreachable; nested exception is: 
	java.net.ConnectException: Connection refused: connect; No available router to destination
	at weblogic.rjvm.RJVMFinder.findOrCreate(RJVMFinder.java:204)
	at weblogic.rjvm.ServerURL.findOrCreateRJVM(ServerURL.java:154)
	at weblogic.jndi.WLInitialContextFactoryDelegate.getInitialContext(WLInitialContextFactoryDelegate.java:349)
	... 28 more
Caused by: java.rmi.ConnectException: Destination unreachable; nested exception is: 
	java.net.ConnectException: Connection refused: connect; No available router to destination
	at weblogic.rjvm.ConnectionManager.bootstrap(ConnectionManager.java:472)
	at weblogic.rjvm.ConnectionManager.bootstrap(ConnectionManager.java:323)
	at weblogic.rjvm.RJVMManager.findOrCreateRemoteInternal(RJVMManager.java:259)
	at weblogic.rjvm.RJVMManager.findOrCreate(RJVMManager.java:202)
	at weblogic.rjvm.RJVMFinder.findOrCreateRemoteServer(RJVMFinder.java:226)
	at weblogic.rjvm.RJVMFinder.findOrCreate(RJVMFinder.java:189)
	... 30 more
</error>
  </testcase>
  <testcase classname="test.com.inovis.mss.country.TestCountryManager" name="testGetStateFail" time="2.573">
    <error message="[COUN-00101] Failed to get a reference to the Home interface of the CountryFacade EJB. This is an EJB error that probably stems from an incorrect deployment, a network problem, or the failure of an EJB server.      " type="com.inovis.b2b.lib.exception.OperationFailedException">class com.inovis.b2b.lib.exception.OperationFailedException: [COUN-00101] Failed to get a reference to the Home interface of the CountryFacade EJB. This is an EJB error that probably stems from an incorrect deployment, a network problem, or the failure of an EJB server.      
	at com.inovis.mss.country.defs.CountryManagerImp.&lt;init&gt;(CountryManagerImp.java:70)
	at com.inovis.mss.country.CountryManager.getManager(CountryManager.java:55)
	at test.com.inovis.mss.country.TestCountryManager.setUp(TestCountryManager.java:86)
Caused by: class com.inovis.b2b.lib.service.ServiceUnavailableException: [LIBP-00001] Unable to connect to naming service
	at com.inovis.b2b.lib.service.ServiceLocator.getInitialContext(ServiceLocator.java:214)
	at com.inovis.b2b.lib.service.ServiceLocator.&lt;init&gt;(ServiceLocator.java:183)
	at com.inovis.b2b.lib.service.ServiceLocator.getInstance(ServiceLocator.java:167)
	at com.inovis.b2b.lib.service.ServiceLocator.getInstance(ServiceLocator.java:150)
	at com.inovis.mss.country.defs.CountryManagerImp.&lt;init&gt;(CountryManagerImp.java:64)
	... 16 more
Caused by: javax.naming.CommunicationException [Root exception is java.net.ConnectException: t3://localhost:7001: Destination unreachable; nested exception is: 
	java.net.ConnectException: Connection refused: connect; No available router to destination]
	at weblogic.jndi.internal.ExceptionTranslator.toNamingException(ExceptionTranslator.java:49)
	at weblogic.jndi.WLInitialContextFactoryDelegate.toNamingException(WLInitialContextFactoryDelegate.java:765)
	at weblogic.jndi.WLInitialContextFactoryDelegate.getInitialContext(WLInitialContextFactoryDelegate.java:364)
	at weblogic.jndi.Environment.getContext(Environment.java:307)
	at weblogic.jndi.Environment.getContext(Environment.java:277)
	at weblogic.jndi.WLInitialContextFactory.getInitialContext(WLInitialContextFactory.java:117)
	at javax.naming.spi.NamingManager.getInitialContext(NamingManager.java:667)
	at javax.naming.InitialContext.getDefaultInitCtx(InitialContext.java:247)
	at javax.naming.InitialContext.init(InitialContext.java:223)
	at javax.naming.InitialContext.&lt;init&gt;(InitialContext.java:175)
	at com.inovis.b2b.lib.service.ServiceLocator.getInitialContext(ServiceLocator.java:206)
	... 20 more
Caused by: java.net.ConnectException: t3://localhost:7001: Destination unreachable; nested exception is: 
	java.net.ConnectException: Connection refused: connect; No available router to destination
	at weblogic.rjvm.RJVMFinder.findOrCreate(RJVMFinder.java:204)
	at weblogic.rjvm.ServerURL.findOrCreateRJVM(ServerURL.java:154)
	at weblogic.jndi.WLInitialContextFactoryDelegate.getInitialContext(WLInitialContextFactoryDelegate.java:349)
	... 28 more
Caused by: java.rmi.ConnectException: Destination unreachable; nested exception is: 
	java.net.ConnectException: Connection refused: connect; No available router to destination
	at weblogic.rjvm.ConnectionManager.bootstrap(ConnectionManager.java:472)
	at weblogic.rjvm.ConnectionManager.bootstrap(ConnectionManager.java:323)
	at weblogic.rjvm.RJVMManager.findOrCreateRemoteInternal(RJVMManager.java:259)
	at weblogic.rjvm.RJVMManager.findOrCreate(RJVMManager.java:202)
	at weblogic.rjvm.RJVMFinder.findOrCreateRemoteServer(RJVMFinder.java:226)
	at weblogic.rjvm.RJVMFinder.findOrCreate(RJVMFinder.java:189)
	... 30 more
</error>
  </testcase>
  <testcase classname="test.com.inovis.mss.country.TestCountryManager" name="testListStatesbyCountry" time="2.168">
    <error message="[COUN-00101] Failed to get a reference to the Home interface of the CountryFacade EJB. This is an EJB error that probably stems from an incorrect deployment, a network problem, or the failure of an EJB server.      " type="com.inovis.b2b.lib.exception.OperationFailedException">class com.inovis.b2b.lib.exception.OperationFailedException: [COUN-00101] Failed to get a reference to the Home interface of the CountryFacade EJB. This is an EJB error that probably stems from an incorrect deployment, a network problem, or the failure of an EJB server.      
	at com.inovis.mss.country.defs.CountryManagerImp.&lt;init&gt;(CountryManagerImp.java:70)
	at com.inovis.mss.country.CountryManager.getManager(CountryManager.java:55)
	at test.com.inovis.mss.country.TestCountryManager.setUp(TestCountryManager.java:86)
Caused by: class com.inovis.b2b.lib.service.ServiceUnavailableException: [LIBP-00001] Unable to connect to naming service
	at com.inovis.b2b.lib.service.ServiceLocator.getInitialContext(ServiceLocator.java:214)
	at com.inovis.b2b.lib.service.ServiceLocator.&lt;init&gt;(ServiceLocator.java:183)
	at com.inovis.b2b.lib.service.ServiceLocator.getInstance(ServiceLocator.java:167)
	at com.inovis.b2b.lib.service.ServiceLocator.getInstance(ServiceLocator.java:150)
	at com.inovis.mss.country.defs.CountryManagerImp.&lt;init&gt;(CountryManagerImp.java:64)
	... 16 more
Caused by: javax.naming.CommunicationException [Root exception is java.net.ConnectException: t3://localhost:7001: Destination unreachable; nested exception is: 
	java.net.ConnectException: Connection refused: connect; No available router to destination]
	at weblogic.jndi.internal.ExceptionTranslator.toNamingException(ExceptionTranslator.java:49)
	at weblogic.jndi.WLInitialContextFactoryDelegate.toNamingException(WLInitialContextFactoryDelegate.java:765)
	at weblogic.jndi.WLInitialContextFactoryDelegate.getInitialContext(WLInitialContextFactoryDelegate.java:364)
	at weblogic.jndi.Environment.getContext(Environment.java:307)
	at weblogic.jndi.Environment.getContext(Environment.java:277)
	at weblogic.jndi.WLInitialContextFactory.getInitialContext(WLInitialContextFactory.java:117)
	at javax.naming.spi.NamingManager.getInitialContext(NamingManager.java:667)
	at javax.naming.InitialContext.getDefaultInitCtx(InitialContext.java:247)
	at javax.naming.InitialContext.init(InitialContext.java:223)
	at javax.naming.InitialContext.&lt;init&gt;(InitialContext.java:175)
	at com.inovis.b2b.lib.service.ServiceLocator.getInitialContext(ServiceLocator.java:206)
	... 20 more
Caused by: java.net.ConnectException: t3://localhost:7001: Destination unreachable; nested exception is: 
	java.net.ConnectException: Connection refused: connect; No available router to destination
	at weblogic.rjvm.RJVMFinder.findOrCreate(RJVMFinder.java:204)
	at weblogic.rjvm.ServerURL.findOrCreateRJVM(ServerURL.java:154)
	at weblogic.jndi.WLInitialContextFactoryDelegate.getInitialContext(WLInitialContextFactoryDelegate.java:349)
	... 28 more
Caused by: java.rmi.ConnectException: Destination unreachable; nested exception is: 
	java.net.ConnectException: Connection refused: connect; No available router to destination
	at weblogic.rjvm.ConnectionManager.bootstrap(ConnectionManager.java:472)
	at weblogic.rjvm.ConnectionManager.bootstrap(ConnectionManager.java:323)
	at weblogic.rjvm.RJVMManager.findOrCreateRemoteInternal(RJVMManager.java:259)
	at weblogic.rjvm.RJVMManager.findOrCreate(RJVMManager.java:202)
	at weblogic.rjvm.RJVMFinder.findOrCreateRemoteServer(RJVMFinder.java:226)
	at weblogic.rjvm.RJVMFinder.findOrCreate(RJVMFinder.java:189)
	... 30 more
</error>
  </testcase>
  <testcase classname="test.com.inovis.mss.country.TestCountryManager" name="testListStatesbyCountryFail" time="1.964">
    <error message="[COUN-00101] Failed to get a reference to the Home interface of the CountryFacade EJB. This is an EJB error that probably stems from an incorrect deployment, a network problem, or the failure of an EJB server.      " type="com.inovis.b2b.lib.exception.OperationFailedException">class com.inovis.b2b.lib.exception.OperationFailedException: [COUN-00101] Failed to get a reference to the Home interface of the CountryFacade EJB. This is an EJB error that probably stems from an incorrect deployment, a network problem, or the failure of an EJB server.      
	at com.inovis.mss.country.defs.CountryManagerImp.&lt;init&gt;(CountryManagerImp.java:70)
	at com.inovis.mss.country.CountryManager.getManager(CountryManager.java:55)
	at test.com.inovis.mss.country.TestCountryManager.setUp(TestCountryManager.java:86)
Caused by: class com.inovis.b2b.lib.service.ServiceUnavailableException: [LIBP-00001] Unable to connect to naming service
	at com.inovis.b2b.lib.service.ServiceLocator.getInitialContext(ServiceLocator.java:214)
	at com.inovis.b2b.lib.service.ServiceLocator.&lt;init&gt;(ServiceLocator.java:183)
	at com.inovis.b2b.lib.service.ServiceLocator.getInstance(ServiceLocator.java:167)
	at com.inovis.b2b.lib.service.ServiceLocator.getInstance(ServiceLocator.java:150)
	at com.inovis.mss.country.defs.CountryManagerImp.&lt;init&gt;(CountryManagerImp.java:64)
	... 16 more
Caused by: javax.naming.CommunicationException [Root exception is java.net.ConnectException: t3://localhost:7001: Destination unreachable; nested exception is: 
	java.net.ConnectException: Connection refused: connect; No available router to destination]
	at weblogic.jndi.internal.ExceptionTranslator.toNamingException(ExceptionTranslator.java:49)
	at weblogic.jndi.WLInitialContextFactoryDelegate.toNamingException(WLInitialContextFactoryDelegate.java:765)
	at weblogic.jndi.WLInitialContextFactoryDelegate.getInitialContext(WLInitialContextFactoryDelegate.java:364)
	at weblogic.jndi.Environment.getContext(Environment.java:307)
	at weblogic.jndi.Environment.getContext(Environment.java:277)
	at weblogic.jndi.WLInitialContextFactory.getInitialContext(WLInitialContextFactory.java:117)
	at javax.naming.spi.NamingManager.getInitialContext(NamingManager.java:667)
	at javax.naming.InitialContext.getDefaultInitCtx(InitialContext.java:247)
	at javax.naming.InitialContext.init(InitialContext.java:223)
	at javax.naming.InitialContext.&lt;init&gt;(InitialContext.java:175)
	at com.inovis.b2b.lib.service.ServiceLocator.getInitialContext(ServiceLocator.java:206)
	... 20 more
Caused by: java.net.ConnectException: t3://localhost:7001: Destination unreachable; nested exception is: 
	java.net.ConnectException: Connection refused: connect; No available router to destination
	at weblogic.rjvm.RJVMFinder.findOrCreate(RJVMFinder.java:204)
	at weblogic.rjvm.ServerURL.findOrCreateRJVM(ServerURL.java:154)
	at weblogic.jndi.WLInitialContextFactoryDelegate.getInitialContext(WLInitialContextFactoryDelegate.java:349)
	... 28 more
Caused by: java.rmi.ConnectException: Destination unreachable; nested exception is: 
	java.net.ConnectException: Connection refused: connect; No available router to destination
	at weblogic.rjvm.ConnectionManager.bootstrap(ConnectionManager.java:472)
	at weblogic.rjvm.ConnectionManager.bootstrap(ConnectionManager.java:323)
	at weblogic.rjvm.RJVMManager.findOrCreateRemoteInternal(RJVMManager.java:259)
	at weblogic.rjvm.RJVMManager.findOrCreate(RJVMManager.java:202)
	at weblogic.rjvm.RJVMFinder.findOrCreateRemoteServer(RJVMFinder.java:226)
	at weblogic.rjvm.RJVMFinder.findOrCreate(RJVMFinder.java:189)
	... 30 more
</error>
  </testcase>
  <testcase classname="test.com.inovis.mss.country.TestCountryManager" name="testListStates" time="2.885">
    <error message="[COUN-00101] Failed to get a reference to the Home interface of the CountryFacade EJB. This is an EJB error that probably stems from an incorrect deployment, a network problem, or the failure of an EJB server.      " type="com.inovis.b2b.lib.exception.OperationFailedException">class com.inovis.b2b.lib.exception.OperationFailedException: [COUN-00101] Failed to get a reference to the Home interface of the CountryFacade EJB. This is an EJB error that probably stems from an incorrect deployment, a network problem, or the failure of an EJB server.      
	at com.inovis.mss.country.defs.CountryManagerImp.&lt;init&gt;(CountryManagerImp.java:70)
	at com.inovis.mss.country.CountryManager.getManager(CountryManager.java:55)
	at test.com.inovis.mss.country.TestCountryManager.setUp(TestCountryManager.java:86)
Caused by: class com.inovis.b2b.lib.service.ServiceUnavailableException: [LIBP-00001] Unable to connect to naming service
	at com.inovis.b2b.lib.service.ServiceLocator.getInitialContext(ServiceLocator.java:214)
	at com.inovis.b2b.lib.service.ServiceLocator.&lt;init&gt;(ServiceLocator.java:183)
	at com.inovis.b2b.lib.service.ServiceLocator.getInstance(ServiceLocator.java:167)
	at com.inovis.b2b.lib.service.ServiceLocator.getInstance(ServiceLocator.java:150)
	at com.inovis.mss.country.defs.CountryManagerImp.&lt;init&gt;(CountryManagerImp.java:64)
	... 16 more
Caused by: javax.naming.CommunicationException [Root exception is java.net.ConnectException: t3://localhost:7001: Destination unreachable; nested exception is: 
	java.net.ConnectException: Connection refused: connect; No available router to destination]
	at weblogic.jndi.internal.ExceptionTranslator.toNamingException(ExceptionTranslator.java:49)
	at weblogic.jndi.WLInitialContextFactoryDelegate.toNamingException(WLInitialContextFactoryDelegate.java:765)
	at weblogic.jndi.WLInitialContextFactoryDelegate.getInitialContext(WLInitialContextFactoryDelegate.java:364)
	at weblogic.jndi.Environment.getContext(Environment.java:307)
	at weblogic.jndi.Environment.getContext(Environment.java:277)
	at weblogic.jndi.WLInitialContextFactory.getInitialContext(WLInitialContextFactory.java:117)
	at javax.naming.spi.NamingManager.getInitialContext(NamingManager.java:667)
	at javax.naming.InitialContext.getDefaultInitCtx(InitialContext.java:247)
	at javax.naming.InitialContext.init(InitialContext.java:223)
	at javax.naming.InitialContext.&lt;init&gt;(InitialContext.java:175)
	at com.inovis.b2b.lib.service.ServiceLocator.getInitialContext(ServiceLocator.java:206)
	... 20 more
Caused by: java.net.ConnectException: t3://localhost:7001: Destination unreachable; nested exception is: 
	java.net.ConnectException: Connection refused: connect; No available router to destination
	at weblogic.rjvm.RJVMFinder.findOrCreate(RJVMFinder.java:204)
	at weblogic.rjvm.ServerURL.findOrCreateRJVM(ServerURL.java:154)
	at weblogic.jndi.WLInitialContextFactoryDelegate.getInitialContext(WLInitialContextFactoryDelegate.java:349)
	... 28 more
Caused by: java.rmi.ConnectException: Destination unreachable; nested exception is: 
	java.net.ConnectException: Connection refused: connect; No available router to destination
	at weblogic.rjvm.ConnectionManager.bootstrap(ConnectionManager.java:472)
	at weblogic.rjvm.ConnectionManager.bootstrap(ConnectionManager.java:323)
	at weblogic.rjvm.RJVMManager.findOrCreateRemoteInternal(RJVMManager.java:259)
	at weblogic.rjvm.RJVMManager.findOrCreate(RJVMManager.java:202)
	at weblogic.rjvm.RJVMFinder.findOrCreateRemoteServer(RJVMFinder.java:226)
	at weblogic.rjvm.RJVMFinder.findOrCreate(RJVMFinder.java:189)
	... 30 more
</error>
  </testcase>
  <testcase classname="test.com.inovis.mss.billing.TestAdjustment" name="testAdjustment" time="2.402">
    <error message="[LIBP-00001] Unable to connect to naming service" type="com.inovis.b2b.lib.service.ServiceUnavailableException">class com.inovis.b2b.lib.service.ServiceUnavailableException: [LIBP-00001] Unable to connect to naming service
	at com.inovis.b2b.lib.service.ServiceLocator.getInitialContext(ServiceLocator.java:214)
	at com.inovis.b2b.lib.service.ServiceLocator.&lt;init&gt;(ServiceLocator.java:183)
	at com.inovis.b2b.lib.service.ServiceLocator.getInstance(ServiceLocator.java:167)
	at com.inovis.b2b.lib.service.ServiceLocator.getInstance(ServiceLocator.java:150)
	at com.inovis.mss.billing.defs.BillingManagerImp.&lt;init&gt;(BillingManagerImp.java:103)
	at com.inovis.mss.billing.BillingManager.getManager(BillingManager.java:72)
	at test.com.inovis.mss.billing.TestAdjustment.setUp(TestAdjustment.java:59)
Caused by: javax.naming.CommunicationException [Root exception is java.net.ConnectException: t3://localhost:7001: Destination unreachable; nested exception is: 
	java.net.ConnectException: Connection refused: connect; No available router to destination]
	at weblogic.jndi.internal.ExceptionTranslator.toNamingException(ExceptionTranslator.java:49)
	at weblogic.jndi.WLInitialContextFactoryDelegate.toNamingException(WLInitialContextFactoryDelegate.java:765)
	at weblogic.jndi.WLInitialContextFactoryDelegate.getInitialContext(WLInitialContextFactoryDelegate.java:364)
	at weblogic.jndi.Environment.getContext(Environment.java:307)
	at weblogic.jndi.Environment.getContext(Environment.java:277)
	at weblogic.jndi.WLInitialContextFactory.getInitialContext(WLInitialContextFactory.java:117)
	at javax.naming.spi.NamingManager.getInitialContext(NamingManager.java:667)
	at javax.naming.InitialContext.getDefaultInitCtx(InitialContext.java:247)
	at javax.naming.InitialContext.init(InitialContext.java:223)
	at javax.naming.InitialContext.&lt;init&gt;(InitialContext.java:175)
	at com.inovis.b2b.lib.service.ServiceLocator.getInitialContext(ServiceLocator.java:206)
	... 20 more
Caused by: java.net.ConnectException: t3://localhost:7001: Destination unreachable; nested exception is: 
	java.net.ConnectException: Connection refused: connect; No available router to destination
	at weblogic.rjvm.RJVMFinder.findOrCreate(RJVMFinder.java:204)
	at weblogic.rjvm.ServerURL.findOrCreateRJVM(ServerURL.java:154)
	at weblogic.jndi.WLInitialContextFactoryDelegate.getInitialContext(WLInitialContextFactoryDelegate.java:349)
	... 28 more
Caused by: java.rmi.ConnectException: Destination unreachable; nested exception is: 
	java.net.ConnectException: Connection refused: connect; No available router to destination
	at weblogic.rjvm.ConnectionManager.bootstrap(ConnectionManager.java:472)
	at weblogic.rjvm.ConnectionManager.bootstrap(ConnectionManager.java:323)
	at weblogic.rjvm.RJVMManager.findOrCreateRemoteInternal(RJVMManager.java:259)
	at weblogic.rjvm.RJVMManager.findOrCreate(RJVMManager.java:202)
	at weblogic.rjvm.RJVMFinder.findOrCreateRemoteServer(RJVMFinder.java:226)
	at weblogic.rjvm.RJVMFinder.findOrCreate(RJVMFinder.java:189)
	... 30 more
</error>
  </testcase>
  <testcase classname="test.com.inovis.mss.billing.TestAdjustment" name="testReplaceAdjustment" time="3.088">
    <error message="[LIBP-00001] Unable to connect to naming service" type="com.inovis.b2b.lib.service.ServiceUnavailableException">class com.inovis.b2b.lib.service.ServiceUnavailableException: [LIBP-00001] Unable to connect to naming service
	at com.inovis.b2b.lib.service.ServiceLocator.getInitialContext(ServiceLocator.java:214)
	at com.inovis.b2b.lib.service.ServiceLocator.&lt;init&gt;(ServiceLocator.java:183)
	at com.inovis.b2b.lib.service.ServiceLocator.getInstance(ServiceLocator.java:167)
	at com.inovis.b2b.lib.service.ServiceLocator.getInstance(ServiceLocator.java:150)
	at com.inovis.mss.billing.defs.BillingManagerImp.&lt;init&gt;(BillingManagerImp.java:103)
	at com.inovis.mss.billing.BillingManager.getManager(BillingManager.java:72)
	at test.com.inovis.mss.billing.TestAdjustment.setUp(TestAdjustment.java:59)
Caused by: javax.naming.CommunicationException [Root exception is java.net.ConnectException: t3://localhost:7001: Destination unreachable; nested exception is: 
	java.net.ConnectException: Connection refused: connect; No available router to destination]
	at weblogic.jndi.internal.ExceptionTranslator.toNamingException(ExceptionTranslator.java:49)
	at weblogic.jndi.WLInitialContextFactoryDelegate.toNamingException(WLInitialContextFactoryDelegate.java:765)
	at weblogic.jndi.WLInitialContextFactoryDelegate.getInitialContext(WLInitialContextFactoryDelegate.java:364)
	at weblogic.jndi.Environment.getContext(Environment.java:307)
	at weblogic.jndi.Environment.getContext(Environment.java:277)
	at weblogic.jndi.WLInitialContextFactory.getInitialContext(WLInitialContextFactory.java:117)
	at javax.naming.spi.NamingManager.getInitialContext(NamingManager.java:667)
	at javax.naming.InitialContext.getDefaultInitCtx(InitialContext.java:247)
	at javax.naming.InitialContext.init(InitialContext.java:223)
	at javax.naming.InitialContext.&lt;init&gt;(InitialContext.java:175)
	at com.inovis.b2b.lib.service.ServiceLocator.getInitialContext(ServiceLocator.java:206)
	... 20 more
Caused by: java.net.ConnectException: t3://localhost:7001: Destination unreachable; nested exception is: 
	java.net.ConnectException: Connection refused: connect; No available router to destination
	at weblogic.rjvm.RJVMFinder.findOrCreate(RJVMFinder.java:204)
	at weblogic.rjvm.ServerURL.findOrCreateRJVM(ServerURL.java:154)
	at weblogic.jndi.WLInitialContextFactoryDelegate.getInitialContext(WLInitialContextFactoryDelegate.java:349)
	... 28 more
Caused by: java.rmi.ConnectException: Destination unreachable; nested exception is: 
	java.net.ConnectException: Connection refused: connect; No available router to destination
	at weblogic.rjvm.ConnectionManager.bootstrap(ConnectionManager.java:472)
	at weblogic.rjvm.ConnectionManager.bootstrap(ConnectionManager.java:323)
	at weblogic.rjvm.RJVMManager.findOrCreateRemoteInternal(RJVMManager.java:259)
	at weblogic.rjvm.RJVMManager.findOrCreate(RJVMManager.java:202)
	at weblogic.rjvm.RJVMFinder.findOrCreateRemoteServer(RJVMFinder.java:226)
	at weblogic.rjvm.RJVMFinder.findOrCreate(RJVMFinder.java:189)
	... 30 more
</error>
  </testcase>
  <testcase classname="test.com.inovis.mss.billing.TestBillingManager" name="testBillingManager" time="2.573">
    <error message="[LIBP-00001] Unable to connect to naming service" type="com.inovis.b2b.lib.service.ServiceUnavailableException">class com.inovis.b2b.lib.service.ServiceUnavailableException: [LIBP-00001] Unable to connect to naming service
	at com.inovis.b2b.lib.service.ServiceLocator.getInitialContext(ServiceLocator.java:214)
	at com.inovis.b2b.lib.service.ServiceLocator.&lt;init&gt;(ServiceLocator.java:183)
	at com.inovis.b2b.lib.service.ServiceLocator.getInstance(ServiceLocator.java:167)
	at com.inovis.b2b.lib.service.ServiceLocator.getInstance(ServiceLocator.java:150)
	at com.inovis.mss.billing.defs.BillingManagerImp.&lt;init&gt;(BillingManagerImp.java:103)
	at com.inovis.mss.billing.BillingManager.getManager(BillingManager.java:72)
	at test.com.inovis.mss.billing.TestBillingManager.setUp(TestBillingManager.java:81)
Caused by: javax.naming.CommunicationException [Root exception is java.net.ConnectException: t3://localhost:7001: Destination unreachable; nested exception is: 
	java.net.ConnectException: Connection refused: connect; No available router to destination]
	at weblogic.jndi.internal.ExceptionTranslator.toNamingException(ExceptionTranslator.java:49)
	at weblogic.jndi.WLInitialContextFactoryDelegate.toNamingException(WLInitialContextFactoryDelegate.java:765)
	at weblogic.jndi.WLInitialContextFactoryDelegate.getInitialContext(WLInitialContextFactoryDelegate.java:364)
	at weblogic.jndi.Environment.getContext(Environment.java:307)
	at weblogic.jndi.Environment.getContext(Environment.java:277)
	at weblogic.jndi.WLInitialContextFactory.getInitialContext(WLInitialContextFactory.java:117)
	at javax.naming.spi.NamingManager.getInitialContext(NamingManager.java:667)
	at javax.naming.InitialContext.getDefaultInitCtx(InitialContext.java:247)
	at javax.naming.InitialContext.init(InitialContext.java:223)
	at javax.naming.InitialContext.&lt;init&gt;(InitialContext.java:175)
	at com.inovis.b2b.lib.service.ServiceLocator.getInitialContext(ServiceLocator.java:206)
	... 20 more
Caused by: java.net.ConnectException: t3://localhost:7001: Destination unreachable; nested exception is: 
	java.net.ConnectException: Connection refused: connect; No available router to destination
	at weblogic.rjvm.RJVMFinder.findOrCreate(RJVMFinder.java:204)
	at weblogic.rjvm.ServerURL.findOrCreateRJVM(ServerURL.java:154)
	at weblogic.jndi.WLInitialContextFactoryDelegate.getInitialContext(WLInitialContextFactoryDelegate.java:349)
	... 28 more
Caused by: java.rmi.ConnectException: Destination unreachable; nested exception is: 
	java.net.ConnectException: Connection refused: connect; No available router to destination
	at weblogic.rjvm.ConnectionManager.bootstrap(ConnectionManager.java:472)
	at weblogic.rjvm.ConnectionManager.bootstrap(ConnectionManager.java:323)
	at weblogic.rjvm.RJVMManager.findOrCreateRemoteInternal(RJVMManager.java:259)
	at weblogic.rjvm.RJVMManager.findOrCreate(RJVMManager.java:202)
	at weblogic.rjvm.RJVMFinder.findOrCreateRemoteServer(RJVMFinder.java:226)
	at weblogic.rjvm.RJVMFinder.findOrCreate(RJVMFinder.java:189)
	... 30 more
</error>
  </testcase>
  <testcase classname="test.com.inovis.mss.billing.TestBillingManager" name="testDeleteService" time="2.885">
    <error message="[LIBP-00001] Unable to connect to naming service" type="com.inovis.b2b.lib.service.ServiceUnavailableException">class com.inovis.b2b.lib.service.ServiceUnavailableException: [LIBP-00001] Unable to connect to naming service
	at com.inovis.b2b.lib.service.ServiceLocator.getInitialContext(ServiceLocator.java:214)
	at com.inovis.b2b.lib.service.ServiceLocator.&lt;init&gt;(ServiceLocator.java:183)
	at com.inovis.b2b.lib.service.ServiceLocator.getInstance(ServiceLocator.java:167)
	at com.inovis.b2b.lib.service.ServiceLocator.getInstance(ServiceLocator.java:150)
	at com.inovis.mss.billing.defs.BillingManagerImp.&lt;init&gt;(BillingManagerImp.java:103)
	at com.inovis.mss.billing.BillingManager.getManager(BillingManager.java:72)
	at test.com.inovis.mss.billing.TestBillingManager.setUp(TestBillingManager.java:81)
Caused by: javax.naming.CommunicationException [Root exception is java.net.ConnectException: t3://localhost:7001: Destination unreachable; nested exception is: 
	java.net.ConnectException: Connection refused: connect; No available router to destination]
	at weblogic.jndi.internal.ExceptionTranslator.toNamingException(ExceptionTranslator.java:49)
	at weblogic.jndi.WLInitialContextFactoryDelegate.toNamingException(WLInitialContextFactoryDelegate.java:765)
	at weblogic.jndi.WLInitialContextFactoryDelegate.getInitialContext(WLInitialContextFactoryDelegate.java:364)
	at weblogic.jndi.Environment.getContext(Environment.java:307)
	at weblogic.jndi.Environment.getContext(Environment.java:277)
	at weblogic.jndi.WLInitialContextFactory.getInitialContext(WLInitialContextFactory.java:117)
	at javax.naming.spi.NamingManager.getInitialContext(NamingManager.java:667)
	at javax.naming.InitialContext.getDefaultInitCtx(InitialContext.java:247)
	at javax.naming.InitialContext.init(InitialContext.java:223)
	at javax.naming.InitialContext.&lt;init&gt;(InitialContext.java:175)
	at com.inovis.b2b.lib.service.ServiceLocator.getInitialContext(ServiceLocator.java:206)
	... 20 more
Caused by: java.net.ConnectException: t3://localhost:7001: Destination unreachable; nested exception is: 
	java.net.ConnectException: Connection refused: connect; No available router to destination
	at weblogic.rjvm.RJVMFinder.findOrCreate(RJVMFinder.java:204)
	at weblogic.rjvm.ServerURL.findOrCreateRJVM(ServerURL.java:154)
	at weblogic.jndi.WLInitialContextFactoryDelegate.getInitialContext(WLInitialContextFactoryDelegate.java:349)
	... 28 more
Caused by: java.rmi.ConnectException: Destination unreachable; nested exception is: 
	java.net.ConnectException: Connection refused: connect; No available router to destination
	at weblogic.rjvm.ConnectionManager.bootstrap(ConnectionManager.java:472)
	at weblogic.rjvm.ConnectionManager.bootstrap(ConnectionManager.java:323)
	at weblogic.rjvm.RJVMManager.findOrCreateRemoteInternal(RJVMManager.java:259)
	at weblogic.rjvm.RJVMManager.findOrCreate(RJVMManager.java:202)
	at weblogic.rjvm.RJVMFinder.findOrCreateRemoteServer(RJVMFinder.java:226)
	at weblogic.rjvm.RJVMFinder.findOrCreate(RJVMFinder.java:189)
	... 30 more
</error>
  </testcase>
  <testcase classname="test.com.inovis.mss.billing.TestBillingManager" name="testRegistrationModules" time="2.978">
    <error message="[LIBP-00001] Unable to connect to naming service" type="com.inovis.b2b.lib.service.ServiceUnavailableException">class com.inovis.b2b.lib.service.ServiceUnavailableException: [LIBP-00001] Unable to connect to naming service
	at com.inovis.b2b.lib.service.ServiceLocator.getInitialContext(ServiceLocator.java:214)
	at com.inovis.b2b.lib.service.ServiceLocator.&lt;init&gt;(ServiceLocator.java:183)
	at com.inovis.b2b.lib.service.ServiceLocator.getInstance(ServiceLocator.java:167)
	at com.inovis.b2b.lib.service.ServiceLocator.getInstance(ServiceLocator.java:150)
	at com.inovis.mss.billing.defs.BillingManagerImp.&lt;init&gt;(BillingManagerImp.java:103)
	at com.inovis.mss.billing.BillingManager.getManager(BillingManager.java:72)
	at test.com.inovis.mss.billing.TestBillingManager.setUp(TestBillingManager.java:81)
Caused by: javax.naming.CommunicationException [Root exception is java.net.ConnectException: t3://localhost:7001: Destination unreachable; nested exception is: 
	java.net.ConnectException: Connection refused: connect; No available router to destination]
	at weblogic.jndi.internal.ExceptionTranslator.toNamingException(ExceptionTranslator.java:49)
	at weblogic.jndi.WLInitialContextFactoryDelegate.toNamingException(WLInitialContextFactoryDelegate.java:765)
	at weblogic.jndi.WLInitialContextFactoryDelegate.getInitialContext(WLInitialContextFactoryDelegate.java:364)
	at weblogic.jndi.Environment.getContext(Environment.java:307)
	at weblogic.jndi.Environment.getContext(Environment.java:277)
	at weblogic.jndi.WLInitialContextFactory.getInitialContext(WLInitialContextFactory.java:117)
	at javax.naming.spi.NamingManager.getInitialContext(NamingManager.java:667)
	at javax.naming.InitialContext.getDefaultInitCtx(InitialContext.java:247)
	at javax.naming.InitialContext.init(InitialContext.java:223)
	at javax.naming.InitialContext.&lt;init&gt;(InitialContext.java:175)
	at com.inovis.b2b.lib.service.ServiceLocator.getInitialContext(ServiceLocator.java:206)
	... 20 more
Caused by: java.net.ConnectException: t3://localhost:7001: Destination unreachable; nested exception is: 
	java.net.ConnectException: Connection refused: connect; No available router to destination
	at weblogic.rjvm.RJVMFinder.findOrCreate(RJVMFinder.java:204)
	at weblogic.rjvm.ServerURL.findOrCreateRJVM(ServerURL.java:154)
	at weblogic.jndi.WLInitialContextFactoryDelegate.getInitialContext(WLInitialContextFactoryDelegate.java:349)
	... 28 more
Caused by: java.rmi.ConnectException: Destination unreachable; nested exception is: 
	java.net.ConnectException: Connection refused: connect; No available router to destination
	at weblogic.rjvm.ConnectionManager.bootstrap(ConnectionManager.java:472)
	at weblogic.rjvm.ConnectionManager.bootstrap(ConnectionManager.java:323)
	at weblogic.rjvm.RJVMManager.findOrCreateRemoteInternal(RJVMManager.java:259)
	at weblogic.rjvm.RJVMManager.findOrCreate(RJVMManager.java:202)
	at weblogic.rjvm.RJVMFinder.findOrCreateRemoteServer(RJVMFinder.java:226)
	at weblogic.rjvm.RJVMFinder.findOrCreate(RJVMFinder.java:189)
	... 30 more
</error>
  </testcase>
  <testcase classname="test.com.inovis.mss.billing.TestBillingManager" name="testGetSerivces" time="1.965">
    <error message="[LIBP-00001] Unable to connect to naming service" type="com.inovis.b2b.lib.service.ServiceUnavailableException">class com.inovis.b2b.lib.service.ServiceUnavailableException: [LIBP-00001] Unable to connect to naming service
	at com.inovis.b2b.lib.service.ServiceLocator.getInitialContext(ServiceLocator.java:214)
	at com.inovis.b2b.lib.service.ServiceLocator.&lt;init&gt;(ServiceLocator.java:183)
	at com.inovis.b2b.lib.service.ServiceLocator.getInstance(ServiceLocator.java:167)
	at com.inovis.b2b.lib.service.ServiceLocator.getInstance(ServiceLocator.java:150)
	at com.inovis.mss.billing.defs.BillingManagerImp.&lt;init&gt;(BillingManagerImp.java:103)
	at com.inovis.mss.billing.BillingManager.getManager(BillingManager.java:72)
	at test.com.inovis.mss.billing.TestBillingManager.setUp(TestBillingManager.java:81)
Caused by: javax.naming.CommunicationException [Root exception is java.net.ConnectException: t3://localhost:7001: Destination unreachable; nested exception is: 
	java.net.ConnectException: Connection refused: connect; No available router to destination]
	at weblogic.jndi.internal.ExceptionTranslator.toNamingException(ExceptionTranslator.java:49)
	at weblogic.jndi.WLInitialContextFactoryDelegate.toNamingException(WLInitialContextFactoryDelegate.java:765)
	at weblogic.jndi.WLInitialContextFactoryDelegate.getInitialContext(WLInitialContextFactoryDelegate.java:364)
	at weblogic.jndi.Environment.getContext(Environment.java:307)
	at weblogic.jndi.Environment.getContext(Environment.java:277)
	at weblogic.jndi.WLInitialContextFactory.getInitialContext(WLInitialContextFactory.java:117)
	at javax.naming.spi.NamingManager.getInitialContext(NamingManager.java:667)
	at javax.naming.InitialContext.getDefaultInitCtx(InitialContext.java:247)
	at javax.naming.InitialContext.init(InitialContext.java:223)
	at javax.naming.InitialContext.&lt;init&gt;(InitialContext.java:175)
	at com.inovis.b2b.lib.service.ServiceLocator.getInitialContext(ServiceLocator.java:206)
	... 20 more
Caused by: java.net.ConnectException: t3://localhost:7001: Destination unreachable; nested exception is: 
	java.net.ConnectException: Connection refused: connect; No available router to destination
	at weblogic.rjvm.RJVMFinder.findOrCreate(RJVMFinder.java:204)
	at weblogic.rjvm.ServerURL.findOrCreateRJVM(ServerURL.java:154)
	at weblogic.jndi.WLInitialContextFactoryDelegate.getInitialContext(WLInitialContextFactoryDelegate.java:349)
	... 28 more
Caused by: java.rmi.ConnectException: Destination unreachable; nested exception is: 
	java.net.ConnectException: Connection refused: connect; No available router to destination
	at weblogic.rjvm.ConnectionManager.bootstrap(ConnectionManager.java:472)
	at weblogic.rjvm.ConnectionManager.bootstrap(ConnectionManager.java:323)
	at weblogic.rjvm.RJVMManager.findOrCreateRemoteInternal(RJVMManager.java:259)
	at weblogic.rjvm.RJVMManager.findOrCreate(RJVMManager.java:202)
	at weblogic.rjvm.RJVMFinder.findOrCreateRemoteServer(RJVMFinder.java:226)
	at weblogic.rjvm.RJVMFinder.findOrCreate(RJVMFinder.java:189)
	... 30 more
</error>
  </testcase>
  <testcase classname="test.com.inovis.mss.billing.TestBillingManager" name="testPremiumServices" time="2.776">
    <error message="[LIBP-00001] Unable to connect to naming service" type="com.inovis.b2b.lib.service.ServiceUnavailableException">class com.inovis.b2b.lib.service.ServiceUnavailableException: [LIBP-00001] Unable to connect to naming service
	at com.inovis.b2b.lib.service.ServiceLocator.getInitialContext(ServiceLocator.java:214)
	at com.inovis.b2b.lib.service.ServiceLocator.&lt;init&gt;(ServiceLocator.java:183)
	at com.inovis.b2b.lib.service.ServiceLocator.getInstance(ServiceLocator.java:167)
	at com.inovis.b2b.lib.service.ServiceLocator.getInstance(ServiceLocator.java:150)
	at com.inovis.mss.billing.defs.BillingManagerImp.&lt;init&gt;(BillingManagerImp.java:103)
	at com.inovis.mss.billing.BillingManager.getManager(BillingManager.java:72)
	at test.com.inovis.mss.billing.TestBillingManager.setUp(TestBillingManager.java:81)
Caused by: javax.naming.CommunicationException [Root exception is java.net.ConnectException: t3://localhost:7001: Destination unreachable; nested exception is: 
	java.net.ConnectException: Connection refused: connect; No available router to destination]
	at weblogic.jndi.internal.ExceptionTranslator.toNamingException(ExceptionTranslator.java:49)
	at weblogic.jndi.WLInitialContextFactoryDelegate.toNamingException(WLInitialContextFactoryDelegate.java:765)
	at weblogic.jndi.WLInitialContextFactoryDelegate.getInitialContext(WLInitialContextFactoryDelegate.java:364)
	at weblogic.jndi.Environment.getContext(Environment.java:307)
	at weblogic.jndi.Environment.getContext(Environment.java:277)
	at weblogic.jndi.WLInitialContextFactory.getInitialContext(WLInitialContextFactory.java:117)
	at javax.naming.spi.NamingManager.getInitialContext(NamingManager.java:667)
	at javax.naming.InitialContext.getDefaultInitCtx(InitialContext.java:247)
	at javax.naming.InitialContext.init(InitialContext.java:223)
	at javax.naming.InitialContext.&lt;init&gt;(InitialContext.java:175)
	at com.inovis.b2b.lib.service.ServiceLocator.getInitialContext(ServiceLocator.java:206)
	... 20 more
Caused by: java.net.ConnectException: t3://localhost:7001: Destination unreachable; nested exception is: 
	java.net.ConnectException: Connection refused: connect; No available router to destination
	at weblogic.rjvm.RJVMFinder.findOrCreate(RJVMFinder.java:204)
	at weblogic.rjvm.ServerURL.findOrCreateRJVM(ServerURL.java:154)
	at weblogic.jndi.WLInitialContextFactoryDelegate.getInitialContext(WLInitialContextFactoryDelegate.java:349)
	... 28 more
Caused by: java.rmi.ConnectException: Destination unreachable; nested exception is: 
	java.net.ConnectException: Connection refused: connect; No available router to destination
	at weblogic.rjvm.ConnectionManager.bootstrap(ConnectionManager.java:472)
	at weblogic.rjvm.ConnectionManager.bootstrap(ConnectionManager.java:323)
	at weblogic.rjvm.RJVMManager.findOrCreateRemoteInternal(RJVMManager.java:259)
	at weblogic.rjvm.RJVMManager.findOrCreate(RJVMManager.java:202)
	at weblogic.rjvm.RJVMFinder.findOrCreateRemoteServer(RJVMFinder.java:226)
	at weblogic.rjvm.RJVMFinder.findOrCreate(RJVMFinder.java:189)
	... 30 more
</error>
  </testcase>
  <testcase classname="test.com.inovis.mss.billing.TestBillingManager" name="testCRUDBusinessPremiumService" time="2.776">
    <error message="[LIBP-00001] Unable to connect to naming service" type="com.inovis.b2b.lib.service.ServiceUnavailableException">class com.inovis.b2b.lib.service.ServiceUnavailableException: [LIBP-00001] Unable to connect to naming service
	at com.inovis.b2b.lib.service.ServiceLocator.getInitialContext(ServiceLocator.java:214)
	at com.inovis.b2b.lib.service.ServiceLocator.&lt;init&gt;(ServiceLocator.java:183)
	at com.inovis.b2b.lib.service.ServiceLocator.getInstance(ServiceLocator.java:167)
	at com.inovis.b2b.lib.service.ServiceLocator.getInstance(ServiceLocator.java:150)
	at com.inovis.mss.billing.defs.BillingManagerImp.&lt;init&gt;(BillingManagerImp.java:103)
	at com.inovis.mss.billing.BillingManager.getManager(BillingManager.java:72)
	at test.com.inovis.mss.billing.TestBillingManager.setUp(TestBillingManager.java:81)
Caused by: javax.naming.CommunicationException [Root exception is java.net.ConnectException: t3://localhost:7001: Destination unreachable; nested exception is: 
	java.net.ConnectException: Connection refused: connect; No available router to destination]
	at weblogic.jndi.internal.ExceptionTranslator.toNamingException(ExceptionTranslator.java:49)
	at weblogic.jndi.WLInitialContextFactoryDelegate.toNamingException(WLInitialContextFactoryDelegate.java:765)
	at weblogic.jndi.WLInitialContextFactoryDelegate.getInitialContext(WLInitialContextFactoryDelegate.java:364)
	at weblogic.jndi.Environment.getContext(Environment.java:307)
	at weblogic.jndi.Environment.getContext(Environment.java:277)
	at weblogic.jndi.WLInitialContextFactory.getInitialContext(WLInitialContextFactory.java:117)
	at javax.naming.spi.NamingManager.getInitialContext(NamingManager.java:667)
	at javax.naming.InitialContext.getDefaultInitCtx(InitialContext.java:247)
	at javax.naming.InitialContext.init(InitialContext.java:223)
	at javax.naming.InitialContext.&lt;init&gt;(InitialContext.java:175)
	at com.inovis.b2b.lib.service.ServiceLocator.getInitialContext(ServiceLocator.java:206)
	... 20 more
Caused by: java.net.ConnectException: t3://localhost:7001: Destination unreachable; nested exception is: 
	java.net.ConnectException: Connection refused: connect; No available router to destination
	at weblogic.rjvm.RJVMFinder.findOrCreate(RJVMFinder.java:204)
	at weblogic.rjvm.ServerURL.findOrCreateRJVM(ServerURL.java:154)
	at weblogic.jndi.WLInitialContextFactoryDelegate.getInitialContext(WLInitialContextFactoryDelegate.java:349)
	... 28 more
Caused by: java.rmi.ConnectException: Destination unreachable; nested exception is: 
	java.net.ConnectException: Connection refused: connect; No available router to destination
	at weblogic.rjvm.ConnectionManager.bootstrap(ConnectionManager.java:472)
	at weblogic.rjvm.ConnectionManager.bootstrap(ConnectionManager.java:323)
	at weblogic.rjvm.RJVMManager.findOrCreateRemoteInternal(RJVMManager.java:259)
	at weblogic.rjvm.RJVMManager.findOrCreate(RJVMManager.java:202)
	at weblogic.rjvm.RJVMFinder.findOrCreateRemoteServer(RJVMFinder.java:226)
	at weblogic.rjvm.RJVMFinder.findOrCreate(RJVMFinder.java:189)
	... 30 more
</error>
  </testcase>
  <testcase classname="test.com.inovis.mss.billing.TestBillingManager" name="testBusinessPremiumServiceFilter" time="2.058">
    <error message="[LIBP-00001] Unable to connect to naming service" type="com.inovis.b2b.lib.service.ServiceUnavailableException">class com.inovis.b2b.lib.service.ServiceUnavailableException: [LIBP-00001] Unable to connect to naming service
	at com.inovis.b2b.lib.service.ServiceLocator.getInitialContext(ServiceLocator.java:214)
	at com.inovis.b2b.lib.service.ServiceLocator.&lt;init&gt;(ServiceLocator.java:183)
	at com.inovis.b2b.lib.service.ServiceLocator.getInstance(ServiceLocator.java:167)
	at com.inovis.b2b.lib.service.ServiceLocator.getInstance(ServiceLocator.java:150)
	at com.inovis.mss.billing.defs.BillingManagerImp.&lt;init&gt;(BillingManagerImp.java:103)
	at com.inovis.mss.billing.BillingManager.getManager(BillingManager.java:72)
	at test.com.inovis.mss.billing.TestBillingManager.setUp(TestBillingManager.java:81)
Caused by: javax.naming.CommunicationException [Root exception is java.net.ConnectException: t3://localhost:7001: Destination unreachable; nested exception is: 
	java.net.ConnectException: Connection refused: connect; No available router to destination]
	at weblogic.jndi.internal.ExceptionTranslator.toNamingException(ExceptionTranslator.java:49)
	at weblogic.jndi.WLInitialContextFactoryDelegate.toNamingException(WLInitialContextFactoryDelegate.java:765)
	at weblogic.jndi.WLInitialContextFactoryDelegate.getInitialContext(WLInitialContextFactoryDelegate.java:364)
	at weblogic.jndi.Environment.getContext(Environment.java:307)
	at weblogic.jndi.Environment.getContext(Environment.java:277)
	at weblogic.jndi.WLInitialContextFactory.getInitialContext(WLInitialContextFactory.java:117)
	at javax.naming.spi.NamingManager.getInitialContext(NamingManager.java:667)
	at javax.naming.InitialContext.getDefaultInitCtx(InitialContext.java:247)
	at javax.naming.InitialContext.init(InitialContext.java:223)
	at javax.naming.InitialContext.&lt;init&gt;(InitialContext.java:175)
	at com.inovis.b2b.lib.service.ServiceLocator.getInitialContext(ServiceLocator.java:206)
	... 20 more
Caused by: java.net.ConnectException: t3://localhost:7001: Destination unreachable; nested exception is: 
	java.net.ConnectException: Connection refused: connect; No available router to destination
	at weblogic.rjvm.RJVMFinder.findOrCreate(RJVMFinder.java:204)
	at weblogic.rjvm.ServerURL.findOrCreateRJVM(ServerURL.java:154)
	at weblogic.jndi.WLInitialContextFactoryDelegate.getInitialContext(WLInitialContextFactoryDelegate.java:349)
	... 28 more
Caused by: java.rmi.ConnectException: Destination unreachable; nested exception is: 
	java.net.ConnectException: Connection refused: connect; No available router to destination
	at weblogic.rjvm.ConnectionManager.bootstrap(ConnectionManager.java:472)
	at weblogic.rjvm.ConnectionManager.bootstrap(ConnectionManager.java:323)
	at weblogic.rjvm.RJVMManager.findOrCreateRemoteInternal(RJVMManager.java:259)
	at weblogic.rjvm.RJVMManager.findOrCreate(RJVMManager.java:202)
	at weblogic.rjvm.RJVMFinder.findOrCreateRemoteServer(RJVMFinder.java:226)
	at weblogic.rjvm.RJVMFinder.findOrCreate(RJVMFinder.java:189)
	... 30 more
</error>
  </testcase>
  <testcase classname="test.com.inovis.mss.billing.TestBillingManager" name="testGetAvailablePremiumServices" time="3.088">
    <error message="[LIBP-00001] Unable to connect to naming service" type="com.inovis.b2b.lib.service.ServiceUnavailableException">class com.inovis.b2b.lib.service.ServiceUnavailableException: [LIBP-00001] Unable to connect to naming service
	at com.inovis.b2b.lib.service.ServiceLocator.getInitialContext(ServiceLocator.java:214)
	at com.inovis.b2b.lib.service.ServiceLocator.&lt;init&gt;(ServiceLocator.java:183)
	at com.inovis.b2b.lib.service.ServiceLocator.getInstance(ServiceLocator.java:167)
	at com.inovis.b2b.lib.service.ServiceLocator.getInstance(ServiceLocator.java:150)
	at com.inovis.mss.billing.defs.BillingManagerImp.&lt;init&gt;(BillingManagerImp.java:103)
	at com.inovis.mss.billing.BillingManager.getManager(BillingManager.java:72)
	at test.com.inovis.mss.billing.TestBillingManager.setUp(TestBillingManager.java:81)
Caused by: javax.naming.CommunicationException [Root exception is java.net.ConnectException: t3://localhost:7001: Destination unreachable; nested exception is: 
	java.net.ConnectException: Connection refused: connect; No available router to destination]
	at weblogic.jndi.internal.ExceptionTranslator.toNamingException(ExceptionTranslator.java:49)
	at weblogic.jndi.WLInitialContextFactoryDelegate.toNamingException(WLInitialContextFactoryDelegate.java:765)
	at weblogic.jndi.WLInitialContextFactoryDelegate.getInitialContext(WLInitialContextFactoryDelegate.java:364)
	at weblogic.jndi.Environment.getContext(Environment.java:307)
	at weblogic.jndi.Environment.getContext(Environment.java:277)
	at weblogic.jndi.WLInitialContextFactory.getInitialContext(WLInitialContextFactory.java:117)
	at javax.naming.spi.NamingManager.getInitialContext(NamingManager.java:667)
	at javax.naming.InitialContext.getDefaultInitCtx(InitialContext.java:247)
	at javax.naming.InitialContext.init(InitialContext.java:223)
	at javax.naming.InitialContext.&lt;init&gt;(InitialContext.java:175)
	at com.inovis.b2b.lib.service.ServiceLocator.getInitialContext(ServiceLocator.java:206)
	... 20 more
Caused by: java.net.ConnectException: t3://localhost:7001: Destination unreachable; nested exception is: 
	java.net.ConnectException: Connection refused: connect; No available router to destination
	at weblogic.rjvm.RJVMFinder.findOrCreate(RJVMFinder.java:204)
	at weblogic.rjvm.ServerURL.findOrCreateRJVM(ServerURL.java:154)
	at weblogic.jndi.WLInitialContextFactoryDelegate.getInitialContext(WLInitialContextFactoryDelegate.java:349)
	... 28 more
Caused by: java.rmi.ConnectException: Destination unreachable; nested exception is: 
	java.net.ConnectException: Connection refused: connect; No available router to destination
	at weblogic.rjvm.ConnectionManager.bootstrap(ConnectionManager.java:472)
	at weblogic.rjvm.ConnectionManager.bootstrap(ConnectionManager.java:323)
	at weblogic.rjvm.RJVMManager.findOrCreateRemoteInternal(RJVMManager.java:259)
	at weblogic.rjvm.RJVMManager.findOrCreate(RJVMManager.java:202)
	at weblogic.rjvm.RJVMFinder.findOrCreateRemoteServer(RJVMFinder.java:226)
	at weblogic.rjvm.RJVMFinder.findOrCreate(RJVMFinder.java:189)
	... 30 more
</error>
  </testcase>
  <testcase classname="test.com.inovis.mss.billing.TestBillingManager" name="testNullDateBusinessPremiumService" time="2.76">
    <error message="[LIBP-00001] Unable to connect to naming service" type="com.inovis.b2b.lib.service.ServiceUnavailableException">class com.inovis.b2b.lib.service.ServiceUnavailableException: [LIBP-00001] Unable to connect to naming service
	at com.inovis.b2b.lib.service.ServiceLocator.getInitialContext(ServiceLocator.java:214)
	at com.inovis.b2b.lib.service.ServiceLocator.&lt;init&gt;(ServiceLocator.java:183)
	at com.inovis.b2b.lib.service.ServiceLocator.getInstance(ServiceLocator.java:167)
	at com.inovis.b2b.lib.service.ServiceLocator.getInstance(ServiceLocator.java:150)
	at com.inovis.mss.billing.defs.BillingManagerImp.&lt;init&gt;(BillingManagerImp.java:103)
	at com.inovis.mss.billing.BillingManager.getManager(BillingManager.java:72)
	at test.com.inovis.mss.billing.TestBillingManager.setUp(TestBillingManager.java:81)
Caused by: javax.naming.CommunicationException [Root exception is java.net.ConnectException: t3://localhost:7001: Destination unreachable; nested exception is: 
	java.net.ConnectException: Connection refused: connect; No available router to destination]
	at weblogic.jndi.internal.ExceptionTranslator.toNamingException(ExceptionTranslator.java:49)
	at weblogic.jndi.WLInitialContextFactoryDelegate.toNamingException(WLInitialContextFactoryDelegate.java:765)
	at weblogic.jndi.WLInitialContextFactoryDelegate.getInitialContext(WLInitialContextFactoryDelegate.java:364)
	at weblogic.jndi.Environment.getContext(Environment.java:307)
	at weblogic.jndi.Environment.getContext(Environment.java:277)
	at weblogic.jndi.WLInitialContextFactory.getInitialContext(WLInitialContextFactory.java:117)
	at javax.naming.spi.NamingManager.getInitialContext(NamingManager.java:667)
	at javax.naming.InitialContext.getDefaultInitCtx(InitialContext.java:247)
	at javax.naming.InitialContext.init(InitialContext.java:223)
	at javax.naming.InitialContext.&lt;init&gt;(InitialContext.java:175)
	at com.inovis.b2b.lib.service.ServiceLocator.getInitialContext(ServiceLocator.java:206)
	... 20 more
Caused by: java.net.ConnectException: t3://localhost:7001: Destination unreachable; nested exception is: 
	java.net.ConnectException: Connection refused: connect; No available router to destination
	at weblogic.rjvm.RJVMFinder.findOrCreate(RJVMFinder.java:204)
	at weblogic.rjvm.ServerURL.findOrCreateRJVM(ServerURL.java:154)
	at weblogic.jndi.WLInitialContextFactoryDelegate.getInitialContext(WLInitialContextFactoryDelegate.java:349)
	... 28 more
Caused by: java.rmi.ConnectException: Destination unreachable; nested exception is: 
	java.net.ConnectException: Connection refused: connect; No available router to destination
	at weblogic.rjvm.ConnectionManager.bootstrap(ConnectionManager.java:472)
	at weblogic.rjvm.ConnectionManager.bootstrap(ConnectionManager.java:323)
	at weblogic.rjvm.RJVMManager.findOrCreateRemoteInternal(RJVMManager.java:259)
	at weblogic.rjvm.RJVMManager.findOrCreate(RJVMManager.java:202)
	at weblogic.rjvm.RJVMFinder.findOrCreateRemoteServer(RJVMFinder.java:226)
	at weblogic.rjvm.RJVMFinder.findOrCreate(RJVMFinder.java:189)
	... 30 more
</error>
  </testcase>
  <testcase classname="test.com.inovis.mss.billing.TestBillingManager" name="testGetAbbreviations" time="2.792">
    <error message="[LIBP-00001] Unable to connect to naming service" type="com.inovis.b2b.lib.service.ServiceUnavailableException">class com.inovis.b2b.lib.service.ServiceUnavailableException: [LIBP-00001] Unable to connect to naming service
	at com.inovis.b2b.lib.service.ServiceLocator.getInitialContext(ServiceLocator.java:214)
	at com.inovis.b2b.lib.service.ServiceLocator.&lt;init&gt;(ServiceLocator.java:183)
	at com.inovis.b2b.lib.service.ServiceLocator.getInstance(ServiceLocator.java:167)
	at com.inovis.b2b.lib.service.ServiceLocator.getInstance(ServiceLocator.java:150)
	at com.inovis.mss.billing.defs.BillingManagerImp.&lt;init&gt;(BillingManagerImp.java:103)
	at com.inovis.mss.billing.BillingManager.getManager(BillingManager.java:72)
	at test.com.inovis.mss.billing.TestBillingManager.setUp(TestBillingManager.java:81)
Caused by: javax.naming.CommunicationException [Root exception is java.net.ConnectException: t3://localhost:7001: Destination unreachable; nested exception is: 
	java.net.ConnectException: Connection refused: connect; No available router to destination]
	at weblogic.jndi.internal.ExceptionTranslator.toNamingException(ExceptionTranslator.java:49)
	at weblogic.jndi.WLInitialContextFactoryDelegate.toNamingException(WLInitialContextFactoryDelegate.java:765)
	at weblogic.jndi.WLInitialContextFactoryDelegate.getInitialContext(WLInitialContextFactoryDelegate.java:364)
	at weblogic.jndi.Environment.getContext(Environment.java:307)
	at weblogic.jndi.Environment.getContext(Environment.java:277)
	at weblogic.jndi.WLInitialContextFactory.getInitialContext(WLInitialContextFactory.java:117)
	at javax.naming.spi.NamingManager.getInitialContext(NamingManager.java:667)
	at javax.naming.InitialContext.getDefaultInitCtx(InitialContext.java:247)
	at javax.naming.InitialContext.init(InitialContext.java:223)
	at javax.naming.InitialContext.&lt;init&gt;(InitialContext.java:175)
	at com.inovis.b2b.lib.service.ServiceLocator.getInitialContext(ServiceLocator.java:206)
	... 20 more
Caused by: java.net.ConnectException: t3://localhost:7001: Destination unreachable; nested exception is: 
	java.net.ConnectException: Connection refused: connect; No available router to destination
	at weblogic.rjvm.RJVMFinder.findOrCreate(RJVMFinder.java:204)
	at weblogic.rjvm.ServerURL.findOrCreateRJVM(ServerURL.java:154)
	at weblogic.jndi.WLInitialContextFactoryDelegate.getInitialContext(WLInitialContextFactoryDelegate.java:349)
	... 28 more
Caused by: java.rmi.ConnectException: Destination unreachable; nested exception is: 
	java.net.ConnectException: Connection refused: connect; No available router to destination
	at weblogic.rjvm.ConnectionManager.bootstrap(ConnectionManager.java:472)
	at weblogic.rjvm.ConnectionManager.bootstrap(ConnectionManager.java:323)
	at weblogic.rjvm.RJVMManager.findOrCreateRemoteInternal(RJVMManager.java:259)
	at weblogic.rjvm.RJVMManager.findOrCreate(RJVMManager.java:202)
	at weblogic.rjvm.RJVMFinder.findOrCreateRemoteServer(RJVMFinder.java:226)
	at weblogic.rjvm.RJVMFinder.findOrCreate(RJVMFinder.java:189)
	... 30 more
</error>
  </testcase>
  <testcase classname="test.com.inovis.mss.billing.TestChargeType" name="testChargeType" time="2.557">
    <error message="[LIBP-00001] Unable to connect to naming service" type="com.inovis.b2b.lib.service.ServiceUnavailableException">class com.inovis.b2b.lib.service.ServiceUnavailableException: [LIBP-00001] Unable to connect to naming service
	at com.inovis.b2b.lib.service.ServiceLocator.getInitialContext(ServiceLocator.java:214)
	at com.inovis.b2b.lib.service.ServiceLocator.&lt;init&gt;(ServiceLocator.java:183)
	at com.inovis.b2b.lib.service.ServiceLocator.getInstance(ServiceLocator.java:167)
	at com.inovis.b2b.lib.service.ServiceLocator.getInstance(ServiceLocator.java:150)
	at com.inovis.mss.billing.defs.BillingManagerImp.&lt;init&gt;(BillingManagerImp.java:103)
	at com.inovis.mss.billing.BillingManager.getManager(BillingManager.java:72)
	at test.com.inovis.mss.billing.TestChargeType.setUp(TestChargeType.java:58)
Caused by: javax.naming.CommunicationException [Root exception is java.net.ConnectException: t3://localhost:7001: Destination unreachable; nested exception is: 
	java.net.ConnectException: Connection refused: connect; No available router to destination]
	at weblogic.jndi.internal.ExceptionTranslator.toNamingException(ExceptionTranslator.java:49)
	at weblogic.jndi.WLInitialContextFactoryDelegate.toNamingException(WLInitialContextFactoryDelegate.java:765)
	at weblogic.jndi.WLInitialContextFactoryDelegate.getInitialContext(WLInitialContextFactoryDelegate.java:364)
	at weblogic.jndi.Environment.getContext(Environment.java:307)
	at weblogic.jndi.Environment.getContext(Environment.java:277)
	at weblogic.jndi.WLInitialContextFactory.getInitialContext(WLInitialContextFactory.java:117)
	at javax.naming.spi.NamingManager.getInitialContext(NamingManager.java:667)
	at javax.naming.InitialContext.getDefaultInitCtx(InitialContext.java:247)
	at javax.naming.InitialContext.init(InitialContext.java:223)
	at javax.naming.InitialContext.&lt;init&gt;(InitialContext.java:175)
	at com.inovis.b2b.lib.service.ServiceLocator.getInitialContext(ServiceLocator.java:206)
	... 20 more
Caused by: java.net.ConnectException: t3://localhost:7001: Destination unreachable; nested exception is: 
	java.net.ConnectException: Connection refused: connect; No available router to destination
	at weblogic.rjvm.RJVMFinder.findOrCreate(RJVMFinder.java:204)
	at weblogic.rjvm.ServerURL.findOrCreateRJVM(ServerURL.java:154)
	at weblogic.jndi.WLInitialContextFactoryDelegate.getInitialContext(WLInitialContextFactoryDelegate.java:349)
	... 28 more
Caused by: java.rmi.ConnectException: Destination unreachable; nested exception is: 
	java.net.ConnectException: Connection refused: connect; No available router to destination
	at weblogic.rjvm.ConnectionManager.bootstrap(ConnectionManager.java:472)
	at weblogic.rjvm.ConnectionManager.bootstrap(ConnectionManager.java:323)
	at weblogic.rjvm.RJVMManager.findOrCreateRemoteInternal(RJVMManager.java:259)
	at weblogic.rjvm.RJVMManager.findOrCreate(RJVMManager.java:202)
	at weblogic.rjvm.RJVMFinder.findOrCreateRemoteServer(RJVMFinder.java:226)
	at weblogic.rjvm.RJVMFinder.findOrCreate(RJVMFinder.java:189)
	... 30 more
</error>
  </testcase>
  <testcase classname="test.com.inovis.mss.billing.TestServiceCharge" name="testCreateServiceCharge" time="2.698">
    <error message="[LIBP-00001] Unable to connect to naming service" type="com.inovis.b2b.lib.service.ServiceUnavailableException">class com.inovis.b2b.lib.service.ServiceUnavailableException: [LIBP-00001] Unable to connect to naming service
	at com.inovis.b2b.lib.service.ServiceLocator.getInitialContext(ServiceLocator.java:214)
	at com.inovis.b2b.lib.service.ServiceLocator.&lt;init&gt;(ServiceLocator.java:183)
	at com.inovis.b2b.lib.service.ServiceLocator.getInstance(ServiceLocator.java:167)
	at com.inovis.b2b.lib.service.ServiceLocator.getInstance(ServiceLocator.java:150)
	at com.inovis.mss.billing.defs.BillingManagerImp.&lt;init&gt;(BillingManagerImp.java:103)
	at com.inovis.mss.billing.BillingManager.getManager(BillingManager.java:72)
	at test.com.inovis.mss.billing.TestServiceCharge.setUp(TestServiceCharge.java:73)
Caused by: javax.naming.CommunicationException [Root exception is java.net.ConnectException: t3://localhost:7001: Destination unreachable; nested exception is: 
	java.net.ConnectException: Connection refused: connect; No available router to destination]
	at weblogic.jndi.internal.ExceptionTranslator.toNamingException(ExceptionTranslator.java:49)
	at weblogic.jndi.WLInitialContextFactoryDelegate.toNamingException(WLInitialContextFactoryDelegate.java:765)
	at weblogic.jndi.WLInitialContextFactoryDelegate.getInitialContext(WLInitialContextFactoryDelegate.java:364)
	at weblogic.jndi.Environment.getContext(Environment.java:307)
	at weblogic.jndi.Environment.getContext(Environment.java:277)
	at weblogic.jndi.WLInitialContextFactory.getInitialContext(WLInitialContextFactory.java:117)
	at javax.naming.spi.NamingManager.getInitialContext(NamingManager.java:667)
	at javax.naming.InitialContext.getDefaultInitCtx(InitialContext.java:247)
	at javax.naming.InitialContext.init(InitialContext.java:223)
	at javax.naming.InitialContext.&lt;init&gt;(InitialContext.java:175)
	at com.inovis.b2b.lib.service.ServiceLocator.getInitialContext(ServiceLocator.java:206)
	... 20 more
Caused by: java.net.ConnectException: t3://localhost:7001: Destination unreachable; nested exception is: 
	java.net.ConnectException: Connection refused: connect; No available router to destination
	at weblogic.rjvm.RJVMFinder.findOrCreate(RJVMFinder.java:204)
	at weblogic.rjvm.ServerURL.findOrCreateRJVM(ServerURL.java:154)
	at weblogic.jndi.WLInitialContextFactoryDelegate.getInitialContext(WLInitialContextFactoryDelegate.java:349)
	... 28 more
Caused by: java.rmi.ConnectException: Destination unreachable; nested exception is: 
	java.net.ConnectException: Connection refused: connect; No available router to destination
	at weblogic.rjvm.ConnectionManager.bootstrap(ConnectionManager.java:472)
	at weblogic.rjvm.ConnectionManager.bootstrap(ConnectionManager.java:323)
	at weblogic.rjvm.RJVMManager.findOrCreateRemoteInternal(RJVMManager.java:259)
	at weblogic.rjvm.RJVMManager.findOrCreate(RJVMManager.java:202)
	at weblogic.rjvm.RJVMFinder.findOrCreateRemoteServer(RJVMFinder.java:226)
	at weblogic.rjvm.RJVMFinder.findOrCreate(RJVMFinder.java:189)
	... 30 more
</error>
  </testcase>
  <testcase classname="test.com.inovis.mss.billing.TestServiceCharge" name="testCreateUsageCharge" time="2.869">
    <error message="[LIBP-00001] Unable to connect to naming service" type="com.inovis.b2b.lib.service.ServiceUnavailableException">class com.inovis.b2b.lib.service.ServiceUnavailableException: [LIBP-00001] Unable to connect to naming service
	at com.inovis.b2b.lib.service.ServiceLocator.getInitialContext(ServiceLocator.java:214)
	at com.inovis.b2b.lib.service.ServiceLocator.&lt;init&gt;(ServiceLocator.java:183)
	at com.inovis.b2b.lib.service.ServiceLocator.getInstance(ServiceLocator.java:167)
	at com.inovis.b2b.lib.service.ServiceLocator.getInstance(ServiceLocator.java:150)
	at com.inovis.mss.billing.defs.BillingManagerImp.&lt;init&gt;(BillingManagerImp.java:103)
	at com.inovis.mss.billing.BillingManager.getManager(BillingManager.java:72)
	at test.com.inovis.mss.billing.TestServiceCharge.setUp(TestServiceCharge.java:73)
Caused by: javax.naming.CommunicationException [Root exception is java.net.ConnectException: t3://localhost:7001: Destination unreachable; nested exception is: 
	java.net.ConnectException: Connection refused: connect; No available router to destination]
	at weblogic.jndi.internal.ExceptionTranslator.toNamingException(ExceptionTranslator.java:49)
	at weblogic.jndi.WLInitialContextFactoryDelegate.toNamingException(WLInitialContextFactoryDelegate.java:765)
	at weblogic.jndi.WLInitialContextFactoryDelegate.getInitialContext(WLInitialContextFactoryDelegate.java:364)
	at weblogic.jndi.Environment.getContext(Environment.java:307)
	at weblogic.jndi.Environment.getContext(Environment.java:277)
	at weblogic.jndi.WLInitialContextFactory.getInitialContext(WLInitialContextFactory.java:117)
	at javax.naming.spi.NamingManager.getInitialContext(NamingManager.java:667)
	at javax.naming.InitialContext.getDefaultInitCtx(InitialContext.java:247)
	at javax.naming.InitialContext.init(InitialContext.java:223)
	at javax.naming.InitialContext.&lt;init&gt;(InitialContext.java:175)
	at com.inovis.b2b.lib.service.ServiceLocator.getInitialContext(ServiceLocator.java:206)
	... 20 more
Caused by: java.net.ConnectException: t3://localhost:7001: Destination unreachable; nested exception is: 
	java.net.ConnectException: Connection refused: connect; No available router to destination
	at weblogic.rjvm.RJVMFinder.findOrCreate(RJVMFinder.java:204)
	at weblogic.rjvm.ServerURL.findOrCreateRJVM(ServerURL.java:154)
	at weblogic.jndi.WLInitialContextFactoryDelegate.getInitialContext(WLInitialContextFactoryDelegate.java:349)
	... 28 more
Caused by: java.rmi.ConnectException: Destination unreachable; nested exception is: 
	java.net.ConnectException: Connection refused: connect; No available router to destination
	at weblogic.rjvm.ConnectionManager.bootstrap(ConnectionManager.java:472)
	at weblogic.rjvm.ConnectionManager.bootstrap(ConnectionManager.java:323)
	at weblogic.rjvm.RJVMManager.findOrCreateRemoteInternal(RJVMManager.java:259)
	at weblogic.rjvm.RJVMManager.findOrCreate(RJVMManager.java:202)
	at weblogic.rjvm.RJVMFinder.findOrCreateRemoteServer(RJVMFinder.java:226)
	at weblogic.rjvm.RJVMFinder.findOrCreate(RJVMFinder.java:189)
	... 30 more
</error>
  </testcase>
  <testcase classname="test.com.inovis.mss.billing.TestServiceCharge" name="testCreateUsageCharge2" time="2.995">
    <error message="[LIBP-00001] Unable to connect to naming service" type="com.inovis.b2b.lib.service.ServiceUnavailableException">class com.inovis.b2b.lib.service.ServiceUnavailableException: [LIBP-00001] Unable to connect to naming service
	at com.inovis.b2b.lib.service.ServiceLocator.getInitialContext(ServiceLocator.java:214)
	at com.inovis.b2b.lib.service.ServiceLocator.&lt;init&gt;(ServiceLocator.java:183)
	at com.inovis.b2b.lib.service.ServiceLocator.getInstance(ServiceLocator.java:167)
	at com.inovis.b2b.lib.service.ServiceLocator.getInstance(ServiceLocator.java:150)
	at com.inovis.mss.billing.defs.BillingManagerImp.&lt;init&gt;(BillingManagerImp.java:103)
	at com.inovis.mss.billing.BillingManager.getManager(BillingManager.java:72)
	at test.com.inovis.mss.billing.TestServiceCharge.setUp(TestServiceCharge.java:73)
Caused by: javax.naming.CommunicationException [Root exception is java.net.ConnectException: t3://localhost:7001: Destination unreachable; nested exception is: 
	java.net.ConnectException: Connection refused: connect; No available router to destination]
	at weblogic.jndi.internal.ExceptionTranslator.toNamingException(ExceptionTranslator.java:49)
	at weblogic.jndi.WLInitialContextFactoryDelegate.toNamingException(WLInitialContextFactoryDelegate.java:765)
	at weblogic.jndi.WLInitialContextFactoryDelegate.getInitialContext(WLInitialContextFactoryDelegate.java:364)
	at weblogic.jndi.Environment.getContext(Environment.java:307)
	at weblogic.jndi.Environment.getContext(Environment.java:277)
	at weblogic.jndi.WLInitialContextFactory.getInitialContext(WLInitialContextFactory.java:117)
	at javax.naming.spi.NamingManager.getInitialContext(NamingManager.java:667)
	at javax.naming.InitialContext.getDefaultInitCtx(InitialContext.java:247)
	at javax.naming.InitialContext.init(InitialContext.java:223)
	at javax.naming.InitialContext.&lt;init&gt;(InitialContext.java:175)
	at com.inovis.b2b.lib.service.ServiceLocator.getInitialContext(ServiceLocator.java:206)
	... 20 more
Caused by: java.net.ConnectException: t3://localhost:7001: Destination unreachable; nested exception is: 
	java.net.ConnectException: Connection refused: connect; No available router to destination
	at weblogic.rjvm.RJVMFinder.findOrCreate(RJVMFinder.java:204)
	at weblogic.rjvm.ServerURL.findOrCreateRJVM(ServerURL.java:154)
	at weblogic.jndi.WLInitialContextFactoryDelegate.getInitialContext(WLInitialContextFactoryDelegate.java:349)
	... 28 more
Caused by: java.rmi.ConnectException: Destination unreachable; nested exception is: 
	java.net.ConnectException: Connection refused: connect; No available router to destination
	at weblogic.rjvm.ConnectionManager.bootstrap(ConnectionManager.java:472)
	at weblogic.rjvm.ConnectionManager.bootstrap(ConnectionManager.java:323)
	at weblogic.rjvm.RJVMManager.findOrCreateRemoteInternal(RJVMManager.java:259)
	at weblogic.rjvm.RJVMManager.findOrCreate(RJVMManager.java:202)
	at weblogic.rjvm.RJVMFinder.findOrCreateRemoteServer(RJVMFinder.java:226)
	at weblogic.rjvm.RJVMFinder.findOrCreate(RJVMFinder.java:189)
	... 30 more
</error>
  </testcase>
  <testcase classname="test.com.inovis.mss.billing.TestServiceCharge" name="testDeleteUsageCharge" time="2.619">
    <error message="[LIBP-00001] Unable to connect to naming service" type="com.inovis.b2b.lib.service.ServiceUnavailableException">class com.inovis.b2b.lib.service.ServiceUnavailableException: [LIBP-00001] Unable to connect to naming service
	at com.inovis.b2b.lib.service.ServiceLocator.getInitialContext(ServiceLocator.java:214)
	at com.inovis.b2b.lib.service.ServiceLocator.&lt;init&gt;(ServiceLocator.java:183)
	at com.inovis.b2b.lib.service.ServiceLocator.getInstance(ServiceLocator.java:167)
	at com.inovis.b2b.lib.service.ServiceLocator.getInstance(ServiceLocator.java:150)
	at com.inovis.mss.billing.defs.BillingManagerImp.&lt;init&gt;(BillingManagerImp.java:103)
	at com.inovis.mss.billing.BillingManager.getManager(BillingManager.java:72)
	at test.com.inovis.mss.billing.TestServiceCharge.setUp(TestServiceCharge.java:73)
Caused by: javax.naming.CommunicationException [Root exception is java.net.ConnectException: t3://localhost:7001: Destination unreachable; nested exception is: 
	java.net.ConnectException: Connection refused: connect; No available router to destination]
	at weblogic.jndi.internal.ExceptionTranslator.toNamingException(ExceptionTranslator.java:49)
	at weblogic.jndi.WLInitialContextFactoryDelegate.toNamingException(WLInitialContextFactoryDelegate.java:765)
	at weblogic.jndi.WLInitialContextFactoryDelegate.getInitialContext(WLInitialContextFactoryDelegate.java:364)
	at weblogic.jndi.Environment.getContext(Environment.java:307)
	at weblogic.jndi.Environment.getContext(Environment.java:277)
	at weblogic.jndi.WLInitialContextFactory.getInitialContext(WLInitialContextFactory.java:117)
	at javax.naming.spi.NamingManager.getInitialContext(NamingManager.java:667)
	at javax.naming.InitialContext.getDefaultInitCtx(InitialContext.java:247)
	at javax.naming.InitialContext.init(InitialContext.java:223)
	at javax.naming.InitialContext.&lt;init&gt;(InitialContext.java:175)
	at com.inovis.b2b.lib.service.ServiceLocator.getInitialContext(ServiceLocator.java:206)
	... 20 more
Caused by: java.net.ConnectException: t3://localhost:7001: Destination unreachable; nested exception is: 
	java.net.ConnectException: Connection refused: connect; No available router to destination
	at weblogic.rjvm.RJVMFinder.findOrCreate(RJVMFinder.java:204)
	at weblogic.rjvm.ServerURL.findOrCreateRJVM(ServerURL.java:154)
	at weblogic.jndi.WLInitialContextFactoryDelegate.getInitialContext(WLInitialContextFactoryDelegate.java:349)
	... 28 more
Caused by: java.rmi.ConnectException: Destination unreachable; nested exception is: 
	java.net.ConnectException: Connection refused: connect; No available router to destination
	at weblogic.rjvm.ConnectionManager.bootstrap(ConnectionManager.java:472)
	at weblogic.rjvm.ConnectionManager.bootstrap(ConnectionManager.java:323)
	at weblogic.rjvm.RJVMManager.findOrCreateRemoteInternal(RJVMManager.java:259)
	at weblogic.rjvm.RJVMManager.findOrCreate(RJVMManager.java:202)
	at weblogic.rjvm.RJVMFinder.findOrCreateRemoteServer(RJVMFinder.java:226)
	at weblogic.rjvm.RJVMFinder.findOrCreate(RJVMFinder.java:189)
	... 30 more
</error>
  </testcase>
  <testcase classname="test.com.inovis.mss.billing.TestServiceCharge" name="testCreateServiceChargeTiers" time="2.386">
    <error message="[LIBP-00001] Unable to connect to naming service" type="com.inovis.b2b.lib.service.ServiceUnavailableException">class com.inovis.b2b.lib.service.ServiceUnavailableException: [LIBP-00001] Unable to connect to naming service
	at com.inovis.b2b.lib.service.ServiceLocator.getInitialContext(ServiceLocator.java:214)
	at com.inovis.b2b.lib.service.ServiceLocator.&lt;init&gt;(ServiceLocator.java:183)
	at com.inovis.b2b.lib.service.ServiceLocator.getInstance(ServiceLocator.java:167)
	at com.inovis.b2b.lib.service.ServiceLocator.getInstance(ServiceLocator.java:150)
	at com.inovis.mss.billing.defs.BillingManagerImp.&lt;init&gt;(BillingManagerImp.java:103)
	at com.inovis.mss.billing.BillingManager.getManager(BillingManager.java:72)
	at test.com.inovis.mss.billing.TestServiceCharge.setUp(TestServiceCharge.java:73)
Caused by: javax.naming.CommunicationException [Root exception is java.net.ConnectException: t3://localhost:7001: Destination unreachable; nested exception is: 
	java.net.ConnectException: Connection refused: connect; No available router to destination]
	at weblogic.jndi.internal.ExceptionTranslator.toNamingException(ExceptionTranslator.java:49)
	at weblogic.jndi.WLInitialContextFactoryDelegate.toNamingException(WLInitialContextFactoryDelegate.java:765)
	at weblogic.jndi.WLInitialContextFactoryDelegate.getInitialContext(WLInitialContextFactoryDelegate.java:364)
	at weblogic.jndi.Environment.getContext(Environment.java:307)
	at weblogic.jndi.Environment.getContext(Environment.java:277)
	at weblogic.jndi.WLInitialContextFactory.getInitialContext(WLInitialContextFactory.java:117)
	at javax.naming.spi.NamingManager.getInitialContext(NamingManager.java:667)
	at javax.naming.InitialContext.getDefaultInitCtx(InitialContext.java:247)
	at javax.naming.InitialContext.init(InitialContext.java:223)
	at javax.naming.InitialContext.&lt;init&gt;(InitialContext.java:175)
	at com.inovis.b2b.lib.service.ServiceLocator.getInitialContext(ServiceLocator.java:206)
	... 20 more
Caused by: java.net.ConnectException: t3://localhost:7001: Destination unreachable; nested exception is: 
	java.net.ConnectException: Connection refused: connect; No available router to destination
	at weblogic.rjvm.RJVMFinder.findOrCreate(RJVMFinder.java:204)
	at weblogic.rjvm.ServerURL.findOrCreateRJVM(ServerURL.java:154)
	at weblogic.jndi.WLInitialContextFactoryDelegate.getInitialContext(WLInitialContextFactoryDelegate.java:349)
	... 28 more
Caused by: java.rmi.ConnectException: Destination unreachable; nested exception is: 
	java.net.ConnectException: Connection refused: connect; No available router to destination
	at weblogic.rjvm.ConnectionManager.bootstrap(ConnectionManager.java:472)
	at weblogic.rjvm.ConnectionManager.bootstrap(ConnectionManager.java:323)
	at weblogic.rjvm.RJVMManager.findOrCreateRemoteInternal(RJVMManager.java:259)
	at weblogic.rjvm.RJVMManager.findOrCreate(RJVMManager.java:202)
	at weblogic.rjvm.RJVMFinder.findOrCreateRemoteServer(RJVMFinder.java:226)
	at weblogic.rjvm.RJVMFinder.findOrCreate(RJVMFinder.java:189)
	... 30 more
</error>
  </testcase>
  <testcase classname="test.com.inovis.mss.billing.TestServiceCharge" name="testCreateServiceChargeTiersInMemory" time="2.589">
    <error message="[LIBP-00001] Unable to connect to naming service" type="com.inovis.b2b.lib.service.ServiceUnavailableException">class com.inovis.b2b.lib.service.ServiceUnavailableException: [LIBP-00001] Unable to connect to naming service
	at com.inovis.b2b.lib.service.ServiceLocator.getInitialContext(ServiceLocator.java:214)
	at com.inovis.b2b.lib.service.ServiceLocator.&lt;init&gt;(ServiceLocator.java:183)
	at com.inovis.b2b.lib.service.ServiceLocator.getInstance(ServiceLocator.java:167)
	at com.inovis.b2b.lib.service.ServiceLocator.getInstance(ServiceLocator.java:150)
	at com.inovis.mss.billing.defs.BillingManagerImp.&lt;init&gt;(BillingManagerImp.java:103)
	at com.inovis.mss.billing.BillingManager.getManager(BillingManager.java:72)
	at test.com.inovis.mss.billing.TestServiceCharge.setUp(TestServiceCharge.java:73)
Caused by: javax.naming.CommunicationException [Root exception is java.net.ConnectException: t3://localhost:7001: Destination unreachable; nested exception is: 
	java.net.ConnectException: Connection refused: connect; No available router to destination]
	at weblogic.jndi.internal.ExceptionTranslator.toNamingException(ExceptionTranslator.java:49)
	at weblogic.jndi.WLInitialContextFactoryDelegate.toNamingException(WLInitialContextFactoryDelegate.java:765)
	at weblogic.jndi.WLInitialContextFactoryDelegate.getInitialContext(WLInitialContextFactoryDelegate.java:364)
	at weblogic.jndi.Environment.getContext(Environment.java:307)
	at weblogic.jndi.Environment.getContext(Environment.java:277)
	at weblogic.jndi.WLInitialContextFactory.getInitialContext(WLInitialContextFactory.java:117)
	at javax.naming.spi.NamingManager.getInitialContext(NamingManager.java:667)
	at javax.naming.InitialContext.getDefaultInitCtx(InitialContext.java:247)
	at javax.naming.InitialContext.init(InitialContext.java:223)
	at javax.naming.InitialContext.&lt;init&gt;(InitialContext.java:175)
	at com.inovis.b2b.lib.service.ServiceLocator.getInitialContext(ServiceLocator.java:206)
	... 20 more
Caused by: java.net.ConnectException: t3://localhost:7001: Destination unreachable; nested exception is: 
	java.net.ConnectException: Connection refused: connect; No available router to destination
	at weblogic.rjvm.RJVMFinder.findOrCreate(RJVMFinder.java:204)
	at weblogic.rjvm.ServerURL.findOrCreateRJVM(ServerURL.java:154)
	at weblogic.jndi.WLInitialContextFactoryDelegate.getInitialContext(WLInitialContextFactoryDelegate.java:349)
	... 28 more
Caused by: java.rmi.ConnectException: Destination unreachable; nested exception is: 
	java.net.ConnectException: Connection refused: connect; No available router to destination
	at weblogic.rjvm.ConnectionManager.bootstrap(ConnectionManager.java:472)
	at weblogic.rjvm.ConnectionManager.bootstrap(ConnectionManager.java:323)
	at weblogic.rjvm.RJVMManager.findOrCreateRemoteInternal(RJVMManager.java:259)
	at weblogic.rjvm.RJVMManager.findOrCreate(RJVMManager.java:202)
	at weblogic.rjvm.RJVMFinder.findOrCreateRemoteServer(RJVMFinder.java:226)
	at weblogic.rjvm.RJVMFinder.findOrCreate(RJVMFinder.java:189)
	... 30 more
</error>
  </testcase>
  <testcase classname="test.com.inovis.mss.billing.TestServiceCharge" name="testGenerateERPItemNumbers" time="2.464">
    <error message="[LIBP-00001] Unable to connect to naming service" type="com.inovis.b2b.lib.service.ServiceUnavailableException">class com.inovis.b2b.lib.service.ServiceUnavailableException: [LIBP-00001] Unable to connect to naming service
	at com.inovis.b2b.lib.service.ServiceLocator.getInitialContext(ServiceLocator.java:214)
	at com.inovis.b2b.lib.service.ServiceLocator.&lt;init&gt;(ServiceLocator.java:183)
	at com.inovis.b2b.lib.service.ServiceLocator.getInstance(ServiceLocator.java:167)
	at com.inovis.b2b.lib.service.ServiceLocator.getInstance(ServiceLocator.java:150)
	at com.inovis.mss.billing.defs.BillingManagerImp.&lt;init&gt;(BillingManagerImp.java:103)
	at com.inovis.mss.billing.BillingManager.getManager(BillingManager.java:72)
	at test.com.inovis.mss.billing.TestServiceCharge.setUp(TestServiceCharge.java:73)
Caused by: javax.naming.CommunicationException [Root exception is java.net.ConnectException: t3://localhost:7001: Destination unreachable; nested exception is: 
	java.net.ConnectException: Connection refused: connect; No available router to destination]
	at weblogic.jndi.internal.ExceptionTranslator.toNamingException(ExceptionTranslator.java:49)
	at weblogic.jndi.WLInitialContextFactoryDelegate.toNamingException(WLInitialContextFactoryDelegate.java:765)
	at weblogic.jndi.WLInitialContextFactoryDelegate.getInitialContext(WLInitialContextFactoryDelegate.java:364)
	at weblogic.jndi.Environment.getContext(Environment.java:307)
	at weblogic.jndi.Environment.getContext(Environment.java:277)
	at weblogic.jndi.WLInitialContextFactory.getInitialContext(WLInitialContextFactory.java:117)
	at javax.naming.spi.NamingManager.getInitialContext(NamingManager.java:667)
	at javax.naming.InitialContext.getDefaultInitCtx(InitialContext.java:247)
	at javax.naming.InitialContext.init(InitialContext.java:223)
	at javax.naming.InitialContext.&lt;init&gt;(InitialContext.java:175)
	at com.inovis.b2b.lib.service.ServiceLocator.getInitialContext(ServiceLocator.java:206)
	... 20 more
Caused by: java.net.ConnectException: t3://localhost:7001: Destination unreachable; nested exception is: 
	java.net.ConnectException: Connection refused: connect; No available router to destination
	at weblogic.rjvm.RJVMFinder.findOrCreate(RJVMFinder.java:204)
	at weblogic.rjvm.ServerURL.findOrCreateRJVM(ServerURL.java:154)
	at weblogic.jndi.WLInitialContextFactoryDelegate.getInitialContext(WLInitialContextFactoryDelegate.java:349)
	... 28 more
Caused by: java.rmi.ConnectException: Destination unreachable; nested exception is: 
	java.net.ConnectException: Connection refused: connect; No available router to destination
	at weblogic.rjvm.ConnectionManager.bootstrap(ConnectionManager.java:472)
	at weblogic.rjvm.ConnectionManager.bootstrap(ConnectionManager.java:323)
	at weblogic.rjvm.RJVMManager.findOrCreateRemoteInternal(RJVMManager.java:259)
	at weblogic.rjvm.RJVMManager.findOrCreate(RJVMManager.java:202)
	at weblogic.rjvm.RJVMFinder.findOrCreateRemoteServer(RJVMFinder.java:226)
	at weblogic.rjvm.RJVMFinder.findOrCreate(RJVMFinder.java:189)
	... 30 more
</error>
  </testcase>
  <testcase classname="test.com.inovis.mss.billing.TestProgram" name="testProgram" time="2.059">
    <error message="[LIBP-00001] Unable to connect to naming service" type="com.inovis.b2b.lib.service.ServiceUnavailableException">class com.inovis.b2b.lib.service.ServiceUnavailableException: [LIBP-00001] Unable to connect to naming service
	at com.inovis.b2b.lib.service.ServiceLocator.getInitialContext(ServiceLocator.java:214)
	at com.inovis.b2b.lib.service.ServiceLocator.&lt;init&gt;(ServiceLocator.java:183)
	at com.inovis.b2b.lib.service.ServiceLocator.getInstance(ServiceLocator.java:167)
	at com.inovis.b2b.lib.service.ServiceLocator.getInstance(ServiceLocator.java:150)
	at com.inovis.mss.billing.defs.BillingManagerImp.&lt;init&gt;(BillingManagerImp.java:103)
	at com.inovis.mss.billing.BillingManager.getManager(BillingManager.java:72)
	at test.com.inovis.mss.billing.TestProgram.setUp(TestProgram.java:61)
Caused by: javax.naming.CommunicationException [Root exception is java.net.ConnectException: t3://localhost:7001: Destination unreachable; nested exception is: 
	java.net.ConnectException: Connection refused: connect; No available router to destination]
	at weblogic.jndi.internal.ExceptionTranslator.toNamingException(ExceptionTranslator.java:49)
	at weblogic.jndi.WLInitialContextFactoryDelegate.toNamingException(WLInitialContextFactoryDelegate.java:765)
	at weblogic.jndi.WLInitialContextFactoryDelegate.getInitialContext(WLInitialContextFactoryDelegate.java:364)
	at weblogic.jndi.Environment.getContext(Environment.java:307)
	at weblogic.jndi.Environment.getContext(Environment.java:277)
	at weblogic.jndi.WLInitialContextFactory.getInitialContext(WLInitialContextFactory.java:117)
	at javax.naming.spi.NamingManager.getInitialContext(NamingManager.java:667)
	at javax.naming.InitialContext.getDefaultInitCtx(InitialContext.java:247)
	at javax.naming.InitialContext.init(InitialContext.java:223)
	at javax.naming.InitialContext.&lt;init&gt;(InitialContext.java:175)
	at com.inovis.b2b.lib.service.ServiceLocator.getInitialContext(ServiceLocator.java:206)
	... 20 more
Caused by: java.net.ConnectException: t3://localhost:7001: Destination unreachable; nested exception is: 
	java.net.ConnectException: Connection refused: connect; No available router to destination
	at weblogic.rjvm.RJVMFinder.findOrCreate(RJVMFinder.java:204)
	at weblogic.rjvm.ServerURL.findOrCreateRJVM(ServerURL.java:154)
	at weblogic.jndi.WLInitialContextFactoryDelegate.getInitialContext(WLInitialContextFactoryDelegate.java:349)
	... 28 more
Caused by: java.rmi.ConnectException: Destination unreachable; nested exception is: 
	java.net.ConnectException: Connection refused: connect; No available router to destination
	at weblogic.rjvm.ConnectionManager.bootstrap(ConnectionManager.java:472)
	at weblogic.rjvm.ConnectionManager.bootstrap(ConnectionManager.java:323)
	at weblogic.rjvm.RJVMManager.findOrCreateRemoteInternal(RJVMManager.java:259)
	at weblogic.rjvm.RJVMManager.findOrCreate(RJVMManager.java:202)
	at weblogic.rjvm.RJVMFinder.findOrCreateRemoteServer(RJVMFinder.java:226)
	at weblogic.rjvm.RJVMFinder.findOrCreate(RJVMFinder.java:189)
	... 30 more
</error>
  </testcase>
  <testcase classname="test.com.inovis.mss.billing.TestProgram" name="testProgramServiceCharges" time="2.276">
    <error message="[LIBP-00001] Unable to connect to naming service" type="com.inovis.b2b.lib.service.ServiceUnavailableException">class com.inovis.b2b.lib.service.ServiceUnavailableException: [LIBP-00001] Unable to connect to naming service
	at com.inovis.b2b.lib.service.ServiceLocator.getInitialContext(ServiceLocator.java:214)
	at com.inovis.b2b.lib.service.ServiceLocator.&lt;init&gt;(ServiceLocator.java:183)
	at com.inovis.b2b.lib.service.ServiceLocator.getInstance(ServiceLocator.java:167)
	at com.inovis.b2b.lib.service.ServiceLocator.getInstance(ServiceLocator.java:150)
	at com.inovis.mss.billing.defs.BillingManagerImp.&lt;init&gt;(BillingManagerImp.java:103)
	at com.inovis.mss.billing.BillingManager.getManager(BillingManager.java:72)
	at test.com.inovis.mss.billing.TestProgram.setUp(TestProgram.java:61)
Caused by: javax.naming.CommunicationException [Root exception is java.net.ConnectException: t3://localhost:7001: Destination unreachable; nested exception is: 
	java.net.ConnectException: Connection refused: connect; No available router to destination]
	at weblogic.jndi.internal.ExceptionTranslator.toNamingException(ExceptionTranslator.java:49)
	at weblogic.jndi.WLInitialContextFactoryDelegate.toNamingException(WLInitialContextFactoryDelegate.java:765)
	at weblogic.jndi.WLInitialContextFactoryDelegate.getInitialContext(WLInitialContextFactoryDelegate.java:364)
	at weblogic.jndi.Environment.getContext(Environment.java:307)
	at weblogic.jndi.Environment.getContext(Environment.java:277)
	at weblogic.jndi.WLInitialContextFactory.getInitialContext(WLInitialContextFactory.java:117)
	at javax.naming.spi.NamingManager.getInitialContext(NamingManager.java:667)
	at javax.naming.InitialContext.getDefaultInitCtx(InitialContext.java:247)
	at javax.naming.InitialContext.init(InitialContext.java:223)
	at javax.naming.InitialContext.&lt;init&gt;(InitialContext.java:175)
	at com.inovis.b2b.lib.service.ServiceLocator.getInitialContext(ServiceLocator.java:206)
	... 20 more
Caused by: java.net.ConnectException: t3://localhost:7001: Destination unreachable; nested exception is: 
	java.net.ConnectException: Connection refused: connect; No available router to destination
	at weblogic.rjvm.RJVMFinder.findOrCreate(RJVMFinder.java:204)
	at weblogic.rjvm.ServerURL.findOrCreateRJVM(ServerURL.java:154)
	at weblogic.jndi.WLInitialContextFactoryDelegate.getInitialContext(WLInitialContextFactoryDelegate.java:349)
	... 28 more
Caused by: java.rmi.ConnectException: Destination unreachable; nested exception is: 
	java.net.ConnectException: Connection refused: connect; No available router to destination
	at weblogic.rjvm.ConnectionManager.bootstrap(ConnectionManager.java:472)
	at weblogic.rjvm.ConnectionManager.bootstrap(ConnectionManager.java:323)
	at weblogic.rjvm.RJVMManager.findOrCreateRemoteInternal(RJVMManager.java:259)
	at weblogic.rjvm.RJVMManager.findOrCreate(RJVMManager.java:202)
	at weblogic.rjvm.RJVMFinder.findOrCreateRemoteServer(RJVMFinder.java:226)
	at weblogic.rjvm.RJVMFinder.findOrCreate(RJVMFinder.java:189)
	... 30 more
</error>
  </testcase>
  <testcase classname="test.com.inovis.mss.billing.TestProgram" name="testLinkProgramServiceCharge" time="2.184">
    <error message="[LIBP-00001] Unable to connect to naming service" type="com.inovis.b2b.lib.service.ServiceUnavailableException">class com.inovis.b2b.lib.service.ServiceUnavailableException: [LIBP-00001] Unable to connect to naming service
	at com.inovis.b2b.lib.service.ServiceLocator.getInitialContext(ServiceLocator.java:214)
	at com.inovis.b2b.lib.service.ServiceLocator.&lt;init&gt;(ServiceLocator.java:183)
	at com.inovis.b2b.lib.service.ServiceLocator.getInstance(ServiceLocator.java:167)
	at com.inovis.b2b.lib.service.ServiceLocator.getInstance(ServiceLocator.java:150)
	at com.inovis.mss.billing.defs.BillingManagerImp.&lt;init&gt;(BillingManagerImp.java:103)
	at com.inovis.mss.billing.BillingManager.getManager(BillingManager.java:72)
	at test.com.inovis.mss.billing.TestProgram.setUp(TestProgram.java:61)
Caused by: javax.naming.CommunicationException [Root exception is java.net.ConnectException: t3://localhost:7001: Destination unreachable; nested exception is: 
	java.net.ConnectException: Connection refused: connect; No available router to destination]
	at weblogic.jndi.internal.ExceptionTranslator.toNamingException(ExceptionTranslator.java:49)
	at weblogic.jndi.WLInitialContextFactoryDelegate.toNamingException(WLInitialContextFactoryDelegate.java:765)
	at weblogic.jndi.WLInitialContextFactoryDelegate.getInitialContext(WLInitialContextFactoryDelegate.java:364)
	at weblogic.jndi.Environment.getContext(Environment.java:307)
	at weblogic.jndi.Environment.getContext(Environment.java:277)
	at weblogic.jndi.WLInitialContextFactory.getInitialContext(WLInitialContextFactory.java:117)
	at javax.naming.spi.NamingManager.getInitialContext(NamingManager.java:667)
	at javax.naming.InitialContext.getDefaultInitCtx(InitialContext.java:247)
	at javax.naming.InitialContext.init(InitialContext.java:223)
	at javax.naming.InitialContext.&lt;init&gt;(InitialContext.java:175)
	at com.inovis.b2b.lib.service.ServiceLocator.getInitialContext(ServiceLocator.java:206)
	... 20 more
Caused by: java.net.ConnectException: t3://localhost:7001: Destination unreachable; nested exception is: 
	java.net.ConnectException: Connection refused: connect; No available router to destination
	at weblogic.rjvm.RJVMFinder.findOrCreate(RJVMFinder.java:204)
	at weblogic.rjvm.ServerURL.findOrCreateRJVM(ServerURL.java:154)
	at weblogic.jndi.WLInitialContextFactoryDelegate.getInitialContext(WLInitialContextFactoryDelegate.java:349)
	... 28 more
Caused by: java.rmi.ConnectException: Destination unreachable; nested exception is: 
	java.net.ConnectException: Connection refused: connect; No available router to destination
	at weblogic.rjvm.ConnectionManager.bootstrap(ConnectionManager.java:472)
	at weblogic.rjvm.ConnectionManager.bootstrap(ConnectionManager.java:323)
	at weblogic.rjvm.RJVMManager.findOrCreateRemoteInternal(RJVMManager.java:259)
	at weblogic.rjvm.RJVMManager.findOrCreate(RJVMManager.java:202)
	at weblogic.rjvm.RJVMFinder.findOrCreateRemoteServer(RJVMFinder.java:226)
	at weblogic.rjvm.RJVMFinder.findOrCreate(RJVMFinder.java:189)
	... 30 more
</error>
  </testcase>
  <testcase classname="test.com.inovis.mss.billing.TestService" name="testDeleteService" time="2.464">
    <error message="[LIBP-00001] Unable to connect to naming service" type="com.inovis.b2b.lib.service.ServiceUnavailableException">class com.inovis.b2b.lib.service.ServiceUnavailableException: [LIBP-00001] Unable to connect to naming service
	at com.inovis.b2b.lib.service.ServiceLocator.getInitialContext(ServiceLocator.java:214)
	at com.inovis.b2b.lib.service.ServiceLocator.&lt;init&gt;(ServiceLocator.java:183)
	at com.inovis.b2b.lib.service.ServiceLocator.getInstance(ServiceLocator.java:167)
	at com.inovis.b2b.lib.service.ServiceLocator.getInstance(ServiceLocator.java:150)
	at com.inovis.mss.billing.defs.BillingManagerImp.&lt;init&gt;(BillingManagerImp.java:103)
	at com.inovis.mss.billing.BillingManager.getManager(BillingManager.java:72)
	at test.com.inovis.mss.billing.TestService.setUp(TestService.java:79)
Caused by: javax.naming.CommunicationException [Root exception is java.net.ConnectException: t3://localhost:7001: Destination unreachable; nested exception is: 
	java.net.ConnectException: Connection refused: connect; No available router to destination]
	at weblogic.jndi.internal.ExceptionTranslator.toNamingException(ExceptionTranslator.java:49)
	at weblogic.jndi.WLInitialContextFactoryDelegate.toNamingException(WLInitialContextFactoryDelegate.java:765)
	at weblogic.jndi.WLInitialContextFactoryDelegate.getInitialContext(WLInitialContextFactoryDelegate.java:364)
	at weblogic.jndi.Environment.getContext(Environment.java:307)
	at weblogic.jndi.Environment.getContext(Environment.java:277)
	at weblogic.jndi.WLInitialContextFactory.getInitialContext(WLInitialContextFactory.java:117)
	at javax.naming.spi.NamingManager.getInitialContext(NamingManager.java:667)
	at javax.naming.InitialContext.getDefaultInitCtx(InitialContext.java:247)
	at javax.naming.InitialContext.init(InitialContext.java:223)
	at javax.naming.InitialContext.&lt;init&gt;(InitialContext.java:175)
	at com.inovis.b2b.lib.service.ServiceLocator.getInitialContext(ServiceLocator.java:206)
	... 20 more
Caused by: java.net.ConnectException: t3://localhost:7001: Destination unreachable; nested exception is: 
	java.net.ConnectException: Connection refused: connect; No available router to destination
	at weblogic.rjvm.RJVMFinder.findOrCreate(RJVMFinder.java:204)
	at weblogic.rjvm.ServerURL.findOrCreateRJVM(ServerURL.java:154)
	at weblogic.jndi.WLInitialContextFactoryDelegate.getInitialContext(WLInitialContextFactoryDelegate.java:349)
	... 28 more
Caused by: java.rmi.ConnectException: Destination unreachable; nested exception is: 
	java.net.ConnectException: Connection refused: connect; No available router to destination
	at weblogic.rjvm.ConnectionManager.bootstrap(ConnectionManager.java:472)
	at weblogic.rjvm.ConnectionManager.bootstrap(ConnectionManager.java:323)
	at weblogic.rjvm.RJVMManager.findOrCreateRemoteInternal(RJVMManager.java:259)
	at weblogic.rjvm.RJVMManager.findOrCreate(RJVMManager.java:202)
	at weblogic.rjvm.RJVMFinder.findOrCreateRemoteServer(RJVMFinder.java:226)
	at weblogic.rjvm.RJVMFinder.findOrCreate(RJVMFinder.java:189)
	... 30 more
</error>
  </testcase>
  <testcase classname="test.com.inovis.mss.billing.TestService" name="testCreateService" time="2.354">
    <error message="[LIBP-00001] Unable to connect to naming service" type="com.inovis.b2b.lib.service.ServiceUnavailableException">class com.inovis.b2b.lib.service.ServiceUnavailableException: [LIBP-00001] Unable to connect to naming service
	at com.inovis.b2b.lib.service.ServiceLocator.getInitialContext(ServiceLocator.java:214)
	at com.inovis.b2b.lib.service.ServiceLocator.&lt;init&gt;(ServiceLocator.java:183)
	at com.inovis.b2b.lib.service.ServiceLocator.getInstance(ServiceLocator.java:167)
	at com.inovis.b2b.lib.service.ServiceLocator.getInstance(ServiceLocator.java:150)
	at com.inovis.mss.billing.defs.BillingManagerImp.&lt;init&gt;(BillingManagerImp.java:103)
	at com.inovis.mss.billing.BillingManager.getManager(BillingManager.java:72)
	at test.com.inovis.mss.billing.TestService.setUp(TestService.java:79)
Caused by: javax.naming.CommunicationException [Root exception is java.net.ConnectException: t3://localhost:7001: Destination unreachable; nested exception is: 
	java.net.ConnectException: Connection refused: connect; No available router to destination]
	at weblogic.jndi.internal.ExceptionTranslator.toNamingException(ExceptionTranslator.java:49)
	at weblogic.jndi.WLInitialContextFactoryDelegate.toNamingException(WLInitialContextFactoryDelegate.java:765)
	at weblogic.jndi.WLInitialContextFactoryDelegate.getInitialContext(WLInitialContextFactoryDelegate.java:364)
	at weblogic.jndi.Environment.getContext(Environment.java:307)
	at weblogic.jndi.Environment.getContext(Environment.java:277)
	at weblogic.jndi.WLInitialContextFactory.getInitialContext(WLInitialContextFactory.java:117)
	at javax.naming.spi.NamingManager.getInitialContext(NamingManager.java:667)
	at javax.naming.InitialContext.getDefaultInitCtx(InitialContext.java:247)
	at javax.naming.InitialContext.init(InitialContext.java:223)
	at javax.naming.InitialContext.&lt;init&gt;(InitialContext.java:175)
	at com.inovis.b2b.lib.service.ServiceLocator.getInitialContext(ServiceLocator.java:206)
	... 20 more
Caused by: java.net.ConnectException: t3://localhost:7001: Destination unreachable; nested exception is: 
	java.net.ConnectException: Connection refused: connect; No available router to destination
	at weblogic.rjvm.RJVMFinder.findOrCreate(RJVMFinder.java:204)
	at weblogic.rjvm.ServerURL.findOrCreateRJVM(ServerURL.java:154)
	at weblogic.jndi.WLInitialContextFactoryDelegate.getInitialContext(WLInitialContextFactoryDelegate.java:349)
	... 28 more
Caused by: java.rmi.ConnectException: Destination unreachable; nested exception is: 
	java.net.ConnectException: Connection refused: connect; No available router to destination
	at weblogic.rjvm.ConnectionManager.bootstrap(ConnectionManager.java:472)
	at weblogic.rjvm.ConnectionManager.bootstrap(ConnectionManager.java:323)
	at weblogic.rjvm.RJVMManager.findOrCreateRemoteInternal(RJVMManager.java:259)
	at weblogic.rjvm.RJVMManager.findOrCreate(RJVMManager.java:202)
	at weblogic.rjvm.RJVMFinder.findOrCreateRemoteServer(RJVMFinder.java:226)
	at weblogic.rjvm.RJVMFinder.findOrCreate(RJVMFinder.java:189)
	... 30 more
</error>
  </testcase>
  <testcase classname="test.com.inovis.mss.billing.TestService" name="testGetService" time="2.464">
    <error message="[LIBP-00001] Unable to connect to naming service" type="com.inovis.b2b.lib.service.ServiceUnavailableException">class com.inovis.b2b.lib.service.ServiceUnavailableException: [LIBP-00001] Unable to connect to naming service
	at com.inovis.b2b.lib.service.ServiceLocator.getInitialContext(ServiceLocator.java:214)
	at com.inovis.b2b.lib.service.ServiceLocator.&lt;init&gt;(ServiceLocator.java:183)
	at com.inovis.b2b.lib.service.ServiceLocator.getInstance(ServiceLocator.java:167)
	at com.inovis.b2b.lib.service.ServiceLocator.getInstance(ServiceLocator.java:150)
	at com.inovis.mss.billing.defs.BillingManagerImp.&lt;init&gt;(BillingManagerImp.java:103)
	at com.inovis.mss.billing.BillingManager.getManager(BillingManager.java:72)
	at test.com.inovis.mss.billing.TestService.setUp(TestService.java:79)
Caused by: javax.naming.CommunicationException [Root exception is java.net.ConnectException: t3://localhost:7001: Destination unreachable; nested exception is: 
	java.net.ConnectException: Connection refused: connect; No available router to destination]
	at weblogic.jndi.internal.ExceptionTranslator.toNamingException(ExceptionTranslator.java:49)
	at weblogic.jndi.WLInitialContextFactoryDelegate.toNamingException(WLInitialContextFactoryDelegate.java:765)
	at weblogic.jndi.WLInitialContextFactoryDelegate.getInitialContext(WLInitialContextFactoryDelegate.java:364)
	at weblogic.jndi.Environment.getContext(Environment.java:307)
	at weblogic.jndi.Environment.getContext(Environment.java:277)
	at weblogic.jndi.WLInitialContextFactory.getInitialContext(WLInitialContextFactory.java:117)
	at javax.naming.spi.NamingManager.getInitialContext(NamingManager.java:667)
	at javax.naming.InitialContext.getDefaultInitCtx(InitialContext.java:247)
	at javax.naming.InitialContext.init(InitialContext.java:223)
	at javax.naming.InitialContext.&lt;init&gt;(InitialContext.java:175)
	at com.inovis.b2b.lib.service.ServiceLocator.getInitialContext(ServiceLocator.java:206)
	... 20 more
Caused by: java.net.ConnectException: t3://localhost:7001: Destination unreachable; nested exception is: 
	java.net.ConnectException: Connection refused: connect; No available router to destination
	at weblogic.rjvm.RJVMFinder.findOrCreate(RJVMFinder.java:204)
	at weblogic.rjvm.ServerURL.findOrCreateRJVM(ServerURL.java:154)
	at weblogic.jndi.WLInitialContextFactoryDelegate.getInitialContext(WLInitialContextFactoryDelegate.java:349)
	... 28 more
Caused by: java.rmi.ConnectException: Destination unreachable; nested exception is: 
	java.net.ConnectException: Connection refused: connect; No available router to destination
	at weblogic.rjvm.ConnectionManager.bootstrap(ConnectionManager.java:472)
	at weblogic.rjvm.ConnectionManager.bootstrap(ConnectionManager.java:323)
	at weblogic.rjvm.RJVMManager.findOrCreateRemoteInternal(RJVMManager.java:259)
	at weblogic.rjvm.RJVMManager.findOrCreate(RJVMManager.java:202)
	at weblogic.rjvm.RJVMFinder.findOrCreateRemoteServer(RJVMFinder.java:226)
	at weblogic.rjvm.RJVMFinder.findOrCreate(RJVMFinder.java:189)
	... 30 more
</error>
  </testcase>
  <testcase classname="test.com.inovis.mss.billing.TestService" name="testUpdateService" time="2.994">
    <error message="[LIBP-00001] Unable to connect to naming service" type="com.inovis.b2b.lib.service.ServiceUnavailableException">class com.inovis.b2b.lib.service.ServiceUnavailableException: [LIBP-00001] Unable to connect to naming service
	at com.inovis.b2b.lib.service.ServiceLocator.getInitialContext(ServiceLocator.java:214)
	at com.inovis.b2b.lib.service.ServiceLocator.&lt;init&gt;(ServiceLocator.java:183)
	at com.inovis.b2b.lib.service.ServiceLocator.getInstance(ServiceLocator.java:167)
	at com.inovis.b2b.lib.service.ServiceLocator.getInstance(ServiceLocator.java:150)
	at com.inovis.mss.billing.defs.BillingManagerImp.&lt;init&gt;(BillingManagerImp.java:103)
	at com.inovis.mss.billing.BillingManager.getManager(BillingManager.java:72)
	at test.com.inovis.mss.billing.TestService.setUp(TestService.java:79)
Caused by: javax.naming.CommunicationException [Root exception is java.net.ConnectException: t3://localhost:7001: Destination unreachable; nested exception is: 
	java.net.ConnectException: Connection refused: connect; No available router to destination]
	at weblogic.jndi.internal.ExceptionTranslator.toNamingException(ExceptionTranslator.java:49)
	at weblogic.jndi.WLInitialContextFactoryDelegate.toNamingException(WLInitialContextFactoryDelegate.java:765)
	at weblogic.jndi.WLInitialContextFactoryDelegate.getInitialContext(WLInitialContextFactoryDelegate.java:364)
	at weblogic.jndi.Environment.getContext(Environment.java:307)
	at weblogic.jndi.Environment.getContext(Environment.java:277)
	at weblogic.jndi.WLInitialContextFactory.getInitialContext(WLInitialContextFactory.java:117)
	at javax.naming.spi.NamingManager.getInitialContext(NamingManager.java:667)
	at javax.naming.InitialContext.getDefaultInitCtx(InitialContext.java:247)
	at javax.naming.InitialContext.init(InitialContext.java:223)
	at javax.naming.InitialContext.&lt;init&gt;(InitialContext.java:175)
	at com.inovis.b2b.lib.service.ServiceLocator.getInitialContext(ServiceLocator.java:206)
	... 20 more
Caused by: java.net.ConnectException: t3://localhost:7001: Destination unreachable; nested exception is: 
	java.net.ConnectException: Connection refused: connect; No available router to destination
	at weblogic.rjvm.RJVMFinder.findOrCreate(RJVMFinder.java:204)
	at weblogic.rjvm.ServerURL.findOrCreateRJVM(ServerURL.java:154)
	at weblogic.jndi.WLInitialContextFactoryDelegate.getInitialContext(WLInitialContextFactoryDelegate.java:349)
	... 28 more
Caused by: java.rmi.ConnectException: Destination unreachable; nested exception is: 
	java.net.ConnectException: Connection refused: connect; No available router to destination
	at weblogic.rjvm.ConnectionManager.bootstrap(ConnectionManager.java:472)
	at weblogic.rjvm.ConnectionManager.bootstrap(ConnectionManager.java:323)
	at weblogic.rjvm.RJVMManager.findOrCreateRemoteInternal(RJVMManager.java:259)
	at weblogic.rjvm.RJVMManager.findOrCreate(RJVMManager.java:202)
	at weblogic.rjvm.RJVMFinder.findOrCreateRemoteServer(RJVMFinder.java:226)
	at weblogic.rjvm.RJVMFinder.findOrCreate(RJVMFinder.java:189)
	... 30 more
</error>
  </testcase>
  <testcase classname="test.com.inovis.mss.billing.TestService" name="testGetServiceWithRegistrationModules" time="2.761">
    <error message="[LIBP-00001] Unable to connect to naming service" type="com.inovis.b2b.lib.service.ServiceUnavailableException">class com.inovis.b2b.lib.service.ServiceUnavailableException: [LIBP-00001] Unable to connect to naming service
	at com.inovis.b2b.lib.service.ServiceLocator.getInitialContext(ServiceLocator.java:214)
	at com.inovis.b2b.lib.service.ServiceLocator.&lt;init&gt;(ServiceLocator.java:183)
	at com.inovis.b2b.lib.service.ServiceLocator.getInstance(ServiceLocator.java:167)
	at com.inovis.b2b.lib.service.ServiceLocator.getInstance(ServiceLocator.java:150)
	at com.inovis.mss.billing.defs.BillingManagerImp.&lt;init&gt;(BillingManagerImp.java:103)
	at com.inovis.mss.billing.BillingManager.getManager(BillingManager.java:72)
	at test.com.inovis.mss.billing.TestService.setUp(TestService.java:79)
Caused by: javax.naming.CommunicationException [Root exception is java.net.ConnectException: t3://localhost:7001: Destination unreachable; nested exception is: 
	java.net.ConnectException: Connection refused: connect; No available router to destination]
	at weblogic.jndi.internal.ExceptionTranslator.toNamingException(ExceptionTranslator.java:49)
	at weblogic.jndi.WLInitialContextFactoryDelegate.toNamingException(WLInitialContextFactoryDelegate.java:765)
	at weblogic.jndi.WLInitialContextFactoryDelegate.getInitialContext(WLInitialContextFactoryDelegate.java:364)
	at weblogic.jndi.Environment.getContext(Environment.java:307)
	at weblogic.jndi.Environment.getContext(Environment.java:277)
	at weblogic.jndi.WLInitialContextFactory.getInitialContext(WLInitialContextFactory.java:117)
	at javax.naming.spi.NamingManager.getInitialContext(NamingManager.java:667)
	at javax.naming.InitialContext.getDefaultInitCtx(InitialContext.java:247)
	at javax.naming.InitialContext.init(InitialContext.java:223)
	at javax.naming.InitialContext.&lt;init&gt;(InitialContext.java:175)
	at com.inovis.b2b.lib.service.ServiceLocator.getInitialContext(ServiceLocator.java:206)
	... 20 more
Caused by: java.net.ConnectException: t3://localhost:7001: Destination unreachable; nested exception is: 
	java.net.ConnectException: Connection refused: connect; No available router to destination
	at weblogic.rjvm.RJVMFinder.findOrCreate(RJVMFinder.java:204)
	at weblogic.rjvm.ServerURL.findOrCreateRJVM(ServerURL.java:154)
	at weblogic.jndi.WLInitialContextFactoryDelegate.getInitialContext(WLInitialContextFactoryDelegate.java:349)
	... 28 more
Caused by: java.rmi.ConnectException: Destination unreachable; nested exception is: 
	java.net.ConnectException: Connection refused: connect; No available router to destination
	at weblogic.rjvm.ConnectionManager.bootstrap(ConnectionManager.java:472)
	at weblogic.rjvm.ConnectionManager.bootstrap(ConnectionManager.java:323)
	at weblogic.rjvm.RJVMManager.findOrCreateRemoteInternal(RJVMManager.java:259)
	at weblogic.rjvm.RJVMManager.findOrCreate(RJVMManager.java:202)
	at weblogic.rjvm.RJVMFinder.findOrCreateRemoteServer(RJVMFinder.java:226)
	at weblogic.rjvm.RJVMFinder.findOrCreate(RJVMFinder.java:189)
	... 30 more
</error>
  </testcase>
  <testcase classname="test.com.inovis.mss.billing.TestService" name="testGetUpdatedRegistationModules" time="2.479">
    <error message="[LIBP-00001] Unable to connect to naming service" type="com.inovis.b2b.lib.service.ServiceUnavailableException">class com.inovis.b2b.lib.service.ServiceUnavailableException: [LIBP-00001] Unable to connect to naming service
	at com.inovis.b2b.lib.service.ServiceLocator.getInitialContext(ServiceLocator.java:214)
	at com.inovis.b2b.lib.service.ServiceLocator.&lt;init&gt;(ServiceLocator.java:183)
	at com.inovis.b2b.lib.service.ServiceLocator.getInstance(ServiceLocator.java:167)
	at com.inovis.b2b.lib.service.ServiceLocator.getInstance(ServiceLocator.java:150)
	at com.inovis.mss.billing.defs.BillingManagerImp.&lt;init&gt;(BillingManagerImp.java:103)
	at com.inovis.mss.billing.BillingManager.getManager(BillingManager.java:72)
	at test.com.inovis.mss.billing.TestService.setUp(TestService.java:79)
Caused by: javax.naming.CommunicationException [Root exception is java.net.ConnectException: t3://localhost:7001: Destination unreachable; nested exception is: 
	java.net.ConnectException: Connection refused: connect; No available router to destination]
	at weblogic.jndi.internal.ExceptionTranslator.toNamingException(ExceptionTranslator.java:49)
	at weblogic.jndi.WLInitialContextFactoryDelegate.toNamingException(WLInitialContextFactoryDelegate.java:765)
	at weblogic.jndi.WLInitialContextFactoryDelegate.getInitialContext(WLInitialContextFactoryDelegate.java:364)
	at weblogic.jndi.Environment.getContext(Environment.java:307)
	at weblogic.jndi.Environment.getContext(Environment.java:277)
	at weblogic.jndi.WLInitialContextFactory.getInitialContext(WLInitialContextFactory.java:117)
	at javax.naming.spi.NamingManager.getInitialContext(NamingManager.java:667)
	at javax.naming.InitialContext.getDefaultInitCtx(InitialContext.java:247)
	at javax.naming.InitialContext.init(InitialContext.java:223)
	at javax.naming.InitialContext.&lt;init&gt;(InitialContext.java:175)
	at com.inovis.b2b.lib.service.ServiceLocator.getInitialContext(ServiceLocator.java:206)
	... 20 more
Caused by: java.net.ConnectException: t3://localhost:7001: Destination unreachable; nested exception is: 
	java.net.ConnectException: Connection refused: connect; No available router to destination
	at weblogic.rjvm.RJVMFinder.findOrCreate(RJVMFinder.java:204)
	at weblogic.rjvm.ServerURL.findOrCreateRJVM(ServerURL.java:154)
	at weblogic.jndi.WLInitialContextFactoryDelegate.getInitialContext(WLInitialContextFactoryDelegate.java:349)
	... 28 more
Caused by: java.rmi.ConnectException: Destination unreachable; nested exception is: 
	java.net.ConnectException: Connection refused: connect; No available router to destination
	at weblogic.rjvm.ConnectionManager.bootstrap(ConnectionManager.java:472)
	at weblogic.rjvm.ConnectionManager.bootstrap(ConnectionManager.java:323)
	at weblogic.rjvm.RJVMManager.findOrCreateRemoteInternal(RJVMManager.java:259)
	at weblogic.rjvm.RJVMManager.findOrCreate(RJVMManager.java:202)
	at weblogic.rjvm.RJVMFinder.findOrCreateRemoteServer(RJVMFinder.java:226)
	at weblogic.rjvm.RJVMFinder.findOrCreate(RJVMFinder.java:189)
	... 30 more
</error>
  </testcase>
  <testcase classname="test.com.inovis.mss.billing.TestService" name="testGetServices" time="2.074">
    <error message="[LIBP-00001] Unable to connect to naming service" type="com.inovis.b2b.lib.service.ServiceUnavailableException">class com.inovis.b2b.lib.service.ServiceUnavailableException: [LIBP-00001] Unable to connect to naming service
	at com.inovis.b2b.lib.service.ServiceLocator.getInitialContext(ServiceLocator.java:214)
	at com.inovis.b2b.lib.service.ServiceLocator.&lt;init&gt;(ServiceLocator.java:183)
	at com.inovis.b2b.lib.service.ServiceLocator.getInstance(ServiceLocator.java:167)
	at com.inovis.b2b.lib.service.ServiceLocator.getInstance(ServiceLocator.java:150)
	at com.inovis.mss.billing.defs.BillingManagerImp.&lt;init&gt;(BillingManagerImp.java:103)
	at com.inovis.mss.billing.BillingManager.getManager(BillingManager.java:72)
	at test.com.inovis.mss.billing.TestService.setUp(TestService.java:79)
Caused by: javax.naming.CommunicationException [Root exception is java.net.ConnectException: t3://localhost:7001: Destination unreachable; nested exception is: 
	java.net.ConnectException: Connection refused: connect; No available router to destination]
	at weblogic.jndi.internal.ExceptionTranslator.toNamingException(ExceptionTranslator.java:49)
	at weblogic.jndi.WLInitialContextFactoryDelegate.toNamingException(WLInitialContextFactoryDelegate.java:765)
	at weblogic.jndi.WLInitialContextFactoryDelegate.getInitialContext(WLInitialContextFactoryDelegate.java:364)
	at weblogic.jndi.Environment.getContext(Environment.java:307)
	at weblogic.jndi.Environment.getContext(Environment.java:277)
	at weblogic.jndi.WLInitialContextFactory.getInitialContext(WLInitialContextFactory.java:117)
	at javax.naming.spi.NamingManager.getInitialContext(NamingManager.java:667)
	at javax.naming.InitialContext.getDefaultInitCtx(InitialContext.java:247)
	at javax.naming.InitialContext.init(InitialContext.java:223)
	at javax.naming.InitialContext.&lt;init&gt;(InitialContext.java:175)
	at com.inovis.b2b.lib.service.ServiceLocator.getInitialContext(ServiceLocator.java:206)
	... 20 more
Caused by: java.net.ConnectException: t3://localhost:7001: Destination unreachable; nested exception is: 
	java.net.ConnectException: Connection refused: connect; No available router to destination
	at weblogic.rjvm.RJVMFinder.findOrCreate(RJVMFinder.java:204)
	at weblogic.rjvm.ServerURL.findOrCreateRJVM(ServerURL.java:154)
	at weblogic.jndi.WLInitialContextFactoryDelegate.getInitialContext(WLInitialContextFactoryDelegate.java:349)
	... 28 more
Caused by: java.rmi.ConnectException: Destination unreachable; nested exception is: 
	java.net.ConnectException: Connection refused: connect; No available router to destination
	at weblogic.rjvm.ConnectionManager.bootstrap(ConnectionManager.java:472)
	at weblogic.rjvm.ConnectionManager.bootstrap(ConnectionManager.java:323)
	at weblogic.rjvm.RJVMManager.findOrCreateRemoteInternal(RJVMManager.java:259)
	at weblogic.rjvm.RJVMManager.findOrCreate(RJVMManager.java:202)
	at weblogic.rjvm.RJVMFinder.findOrCreateRemoteServer(RJVMFinder.java:226)
	at weblogic.rjvm.RJVMFinder.findOrCreate(RJVMFinder.java:189)
	... 30 more
</error>
  </testcase>
  <testcase classname="test.com.inovis.mss.billing.TestRegistrationModule" name="testGetRegistrationModuleCode" time="0.031"></testcase>
  <testcase classname="test.com.inovis.mss.billing.TestRegistrationModule" name="testGetRegistrationModuleName" time="0.0"></testcase>
  <testcase classname="test.com.inovis.mss.billing.TestRegistrationModule" name="testRegistrationModuleEquals" time="0.0"></testcase>
  <testcase classname="test.com.inovis.mss.billing.TestRegistrationModule" name="testRegistrationModuleisOptional" time="0.0"></testcase>
  <testcase classname="test.com.inovis.mss.billing.TestRegistrationModule" name="testRegistrationModulesSetOptional" time="0.0"></testcase>
  <testcase classname="test.com.inovis.mss.billing.TestRegistrationModule" name="testGetAllRegistrationModules" time="0.0">
    <failure message="RegistrationModule.getAllModules() wrong expected:&lt;11&gt; but was:&lt;12&gt;" type="junit.framework.AssertionFailedError">junit.framework.AssertionFailedError: RegistrationModule.getAllModules() wrong expected:&lt;11&gt; but was:&lt;12&gt;
	at test.com.inovis.mss.billing.TestRegistrationModule.testGetAllRegistrationModules(TestRegistrationModule.java:253)
</failure>
  </testcase>
  <testcase classname="test.com.inovis.mss.billing.TestRegistrationModule" name="testRegistrationModuleFromString" time="0.0"></testcase>
  <testcase classname="test.com.inovis.mss.billing.TestRegistrationModule" name="testRegistrationModuleToString" time="0.0"></testcase>
  <testcase classname="test.com.inovis.mss.billing.customer.TestCustomer" name="testNewCustomer" time="2.776">
    <failure message="[CUST-00102] Failed to locate the Customer Session Bean. Check the deployments" type="junit.framework.AssertionFailedError">junit.framework.AssertionFailedError: [CUST-00102] Failed to locate the Customer Session Bean. Check the deployments
	at test.com.inovis.mss.billing.customer.TestCustomer.testNewCustomer(TestCustomer.java:223)
	at junit.extensions.TestDecorator.basicRun(TestDecorator.java:24)
	at junit.extensions.TestSetup$1.protect(TestSetup.java:23)
	at junit.extensions.TestSetup.run(TestSetup.java:27)
</failure>
  </testcase>
  <testcase classname="test.com.inovis.mss.billing.customer.TestBusinessBillingProfile" name="testNewBusinessBillingProfile" time="9.793">
    <failure message="[LIBP-00001] Unable to connect to naming service" type="junit.framework.AssertionFailedError">junit.framework.AssertionFailedError: [LIBP-00001] Unable to connect to naming service
	at test.com.inovis.mss.billing.customer.TestBusinessBillingProfile.testNewBusinessBillingProfile(TestBusinessBillingProfile.java:201)
	at junit.extensions.TestDecorator.basicRun(TestDecorator.java:24)
	at junit.extensions.TestSetup$1.protect(TestSetup.java:23)
	at junit.extensions.TestSetup.run(TestSetup.java:27)
</failure>
  </testcase>
  <testcase classname="test.com.inovis.mss.billing.customer.TestBusinessBillingProfile" name="testUpdateBillingProfile" time="9.404">
    <failure message="[LIBP-00001] Unable to connect to naming service" type="junit.framework.AssertionFailedError">junit.framework.AssertionFailedError: [LIBP-00001] Unable to connect to naming service
	at test.com.inovis.mss.billing.customer.TestBusinessBillingProfile.testUpdateBillingProfile(TestBusinessBillingProfile.java:259)
	at junit.extensions.TestDecorator.basicRun(TestDecorator.java:24)
	at junit.extensions.TestSetup$1.protect(TestSetup.java:23)
	at junit.extensions.TestSetup.run(TestSetup.java:27)
</failure>
  </testcase>
  <testcase classname="test.com.inovis.mss.billing.customer.TestBusinessBillingProfile" name="testGets" time="10.292">
    <failure message="[LIBP-00001] Unable to connect to naming service" type="junit.framework.AssertionFailedError">junit.framework.AssertionFailedError: [LIBP-00001] Unable to connect to naming service
	at test.com.inovis.mss.billing.customer.TestBusinessBillingProfile.testGets(TestBusinessBillingProfile.java:329)
	at junit.extensions.TestDecorator.basicRun(TestDecorator.java:24)
	at junit.extensions.TestSetup$1.protect(TestSetup.java:23)
	at junit.extensions.TestSetup.run(TestSetup.java:27)
</failure>
  </testcase>
  <testcase classname="test.com.inovis.mss.billing.customer.payer.TestPayerBeneficiary" name="testNewPayerBeneficiary" time="36.99">
    <failure message="[LIBP-00001] Unable to connect to naming service" type="junit.framework.AssertionFailedError">junit.framework.AssertionFailedError: [LIBP-00001] Unable to connect to naming service
	at test.com.inovis.mss.billing.customer.payer.TestPayerBeneficiary.testNewPayerBeneficiary(TestPayerBeneficiary.java:299)
	at junit.extensions.TestDecorator.basicRun(TestDecorator.java:24)
	at junit.extensions.TestSetup$1.protect(TestSetup.java:23)
	at junit.extensions.TestSetup.run(TestSetup.java:27)
</failure>
  </testcase>
  <testcase classname="test.com.inovis.mss.billing.customer.payer.TestPayerBeneficiary" name="testGetPayerBeneficiaryList" time="35.119">
    <error message="[CUST-00102] Failed to locate the Customer Session Bean. Check the deployments" type="com.inovis.b2b.lib.exception.OperationFailedException">class com.inovis.b2b.lib.exception.OperationFailedException: [CUST-00102] Failed to locate the Customer Session Bean. Check the deployments
	at com.inovis.mss.billing.customer.defs.CustomerManagerImp.&lt;init&gt;(CustomerManagerImp.java:85)
	at com.inovis.mss.billing.customer.CustomerManager.getManager(CustomerManager.java:43)
	at test.com.inovis.mss.billing.customer.payer.TestPayerBeneficiary.createCustomer(TestPayerBeneficiary.java:651)
	at test.com.inovis.mss.billing.customer.payer.TestPayerBeneficiary.testGetPayerBeneficiaryList(TestPayerBeneficiary.java:322)
	at junit.extensions.TestDecorator.basicRun(TestDecorator.java:24)
	at junit.extensions.TestSetup$1.protect(TestSetup.java:23)
	at junit.extensions.TestSetup.run(TestSetup.java:27)
Caused by: class com.inovis.b2b.lib.service.ServiceUnavailableException: [LIBP-00001] Unable to connect to naming service
	at com.inovis.b2b.lib.service.ServiceLocator.getInitialContext(ServiceLocator.java:214)
	at com.inovis.b2b.lib.service.ServiceLocator.&lt;init&gt;(ServiceLocator.java:183)
	at com.inovis.b2b.lib.service.ServiceLocator.getInstance(ServiceLocator.java:167)
	at com.inovis.b2b.lib.service.ServiceLocator.getInstance(ServiceLocator.java:150)
	at com.inovis.mss.billing.customer.defs.CustomerManagerImp.&lt;init&gt;(CustomerManagerImp.java:68)
	... 26 more
Caused by: javax.naming.CommunicationException [Root exception is java.net.ConnectException: t3://localhost:7001: Destination unreachable; nested exception is: 
	java.net.ConnectException: Connection refused: connect; No available router to destination]
	at weblogic.jndi.internal.ExceptionTranslator.toNamingException(ExceptionTranslator.java:49)
	at weblogic.jndi.WLInitialContextFactoryDelegate.toNamingException(WLInitialContextFactoryDelegate.java:765)
	at weblogic.jndi.WLInitialContextFactoryDelegate.getInitialContext(WLInitialContextFactoryDelegate.java:364)
	at weblogic.jndi.Environment.getContext(Environment.java:307)
	at weblogic.jndi.Environment.getContext(Environment.java:277)
	at weblogic.jndi.WLInitialContextFactory.getInitialContext(WLInitialContextFactory.java:117)
	at javax.naming.spi.NamingManager.getInitialContext(NamingManager.java:667)
	at javax.naming.InitialContext.getDefaultInitCtx(InitialContext.java:247)
	at javax.naming.InitialContext.init(InitialContext.java:223)
	at javax.naming.InitialContext.&lt;init&gt;(InitialContext.java:175)
	at com.inovis.b2b.lib.service.ServiceLocator.getInitialContext(ServiceLocator.java:206)
	... 30 more
Caused by: java.net.ConnectException: t3://localhost:7001: Destination unreachable; nested exception is: 
	java.net.ConnectException: Connection refused: connect; No available router to destination
	at weblogic.rjvm.RJVMFinder.findOrCreate(RJVMFinder.java:204)
	at weblogic.rjvm.ServerURL.findOrCreateRJVM(ServerURL.java:154)
	at weblogic.jndi.WLInitialContextFactoryDelegate.getInitialContext(WLInitialContextFactoryDelegate.java:349)
	... 38 more
Caused by: java.rmi.ConnectException: Destination unreachable; nested exception is: 
	java.net.ConnectException: Connection refused: connect; No available router to destination
	at weblogic.rjvm.ConnectionManager.bootstrap(ConnectionManager.java:472)
	at weblogic.rjvm.ConnectionManager.bootstrap(ConnectionManager.java:323)
	at weblogic.rjvm.RJVMManager.findOrCreateRemoteInternal(RJVMManager.java:259)
	at weblogic.rjvm.RJVMManager.findOrCreate(RJVMManager.java:202)
	at weblogic.rjvm.RJVMFinder.findOrCreateRemoteServer(RJVMFinder.java:226)
	at weblogic.rjvm.RJVMFinder.findOrCreate(RJVMFinder.java:189)
	... 40 more
</error>
  </testcase>
  <testcase classname="test.com.inovis.mss.billing.customer.payer.TestPayerBeneficiary" name="testValidRelationships" time="37.084">
    <error message="[LIBP-00001] Unable to connect to naming service" type="com.inovis.b2b.lib.service.ServiceUnavailableException">class com.inovis.b2b.lib.service.ServiceUnavailableException: [LIBP-00001] Unable to connect to naming service
	at com.inovis.b2b.lib.service.ServiceLocator.getInitialContext(ServiceLocator.java:214)
	at com.inovis.b2b.lib.service.ServiceLocator.&lt;init&gt;(ServiceLocator.java:183)
	at com.inovis.b2b.lib.service.ServiceLocator.getInstance(ServiceLocator.java:167)
	at com.inovis.b2b.lib.service.ServiceLocator.getInstance(ServiceLocator.java:150)
	at com.inovis.mss.billing.customer.payer.defs.PayerBeneficiaryManagerImp.&lt;init&gt;(PayerBeneficiaryManagerImp.java:59)
	at com.inovis.mss.billing.customer.payer.PayerBeneficiaryManager.getManager(PayerBeneficiaryManager.java:59)
	at test.com.inovis.mss.billing.customer.payer.TestPayerBeneficiary.testValidRelationships(TestPayerBeneficiary.java:387)
	at junit.extensions.TestDecorator.basicRun(TestDecorator.java:24)
	at junit.extensions.TestSetup$1.protect(TestSetup.java:23)
	at junit.extensions.TestSetup.run(TestSetup.java:27)
Caused by: javax.naming.CommunicationException [Root exception is java.net.ConnectException: t3://localhost:7001: Destination unreachable; nested exception is: 
	java.net.ConnectException: Connection refused: connect; No available router to destination]
	at weblogic.jndi.internal.ExceptionTranslator.toNamingException(ExceptionTranslator.java:49)
	at weblogic.jndi.WLInitialContextFactoryDelegate.toNamingException(WLInitialContextFactoryDelegate.java:765)
	at weblogic.jndi.WLInitialContextFactoryDelegate.getInitialContext(WLInitialContextFactoryDelegate.java:364)
	at weblogic.jndi.Environment.getContext(Environment.java:307)
	at weblogic.jndi.Environment.getContext(Environment.java:277)
	at weblogic.jndi.WLInitialContextFactory.getInitialContext(WLInitialContextFactory.java:117)
	at javax.naming.spi.NamingManager.getInitialContext(NamingManager.java:667)
	at javax.naming.InitialContext.getDefaultInitCtx(InitialContext.java:247)
	at javax.naming.InitialContext.init(InitialContext.java:223)
	at javax.naming.InitialContext.&lt;init&gt;(InitialContext.java:175)
	at com.inovis.b2b.lib.service.ServiceLocator.getInitialContext(ServiceLocator.java:206)
	... 29 more
Caused by: java.net.ConnectException: t3://localhost:7001: Destination unreachable; nested exception is: 
	java.net.ConnectException: Connection refused: connect; No available router to destination
	at weblogic.rjvm.RJVMFinder.findOrCreate(RJVMFinder.java:204)
	at weblogic.rjvm.ServerURL.findOrCreateRJVM(ServerURL.java:154)
	at weblogic.jndi.WLInitialContextFactoryDelegate.getInitialContext(WLInitialContextFactoryDelegate.java:349)
	... 37 more
Caused by: java.rmi.ConnectException: Destination unreachable; nested exception is: 
	java.net.ConnectException: Connection refused: connect; No available router to destination
	at weblogic.rjvm.ConnectionManager.bootstrap(ConnectionManager.java:472)
	at weblogic.rjvm.ConnectionManager.bootstrap(ConnectionManager.java:323)
	at weblogic.rjvm.RJVMManager.findOrCreateRemoteInternal(RJVMManager.java:259)
	at weblogic.rjvm.RJVMManager.findOrCreate(RJVMManager.java:202)
	at weblogic.rjvm.RJVMFinder.findOrCreateRemoteServer(RJVMFinder.java:226)
	at weblogic.rjvm.RJVMFinder.findOrCreate(RJVMFinder.java:189)
	... 39 more
</error>
  </testcase>
  <testcase classname="test.com.inovis.mss.authorization.TestRoleType" name="testRoleTypeGetName" time="0.0"></testcase>
  <testcase classname="test.com.inovis.mss.authorization.TestRoleType" name="testRoleTypeGetCode" time="0.0"></testcase>
  <testcase classname="test.com.inovis.mss.authorization.TestRoleType" name="testRoleTypeEquals" time="0.0"></testcase>
  <testcase classname="test.com.inovis.mss.authorization.TestRoleType" name="testRoleTypeGetType" time="0.0"></testcase>
  <testcase classname="test.com.inovis.mss.authorization.TestAuthorizationManager" name="testCreateRole" time="2.152">
    <error message="[AUTH-00101] Failed to get a reference to the Home interface of the AuthorizationFacade EJB. This is an EJB error that probably stems from an incorrect deployment, a network problem, or the failure of an EJB server." type="com.inovis.b2b.lib.exception.OperationFailedException">class com.inovis.b2b.lib.exception.OperationFailedException: [AUTH-00101] Failed to get a reference to the Home interface of the AuthorizationFacade EJB. This is an EJB error that probably stems from an incorrect deployment, a network problem, or the failure of an EJB server.
	at com.inovis.mss.authorization.defs.AuthorizationManagerImp.&lt;init&gt;(AuthorizationManagerImp.java:67)
	at com.inovis.mss.authorization.AuthorizationManager.getManager(AuthorizationManager.java:56)
	at test.com.inovis.mss.authorization.TestAuthorizationManager.setUp(TestAuthorizationManager.java:90)
Caused by: class com.inovis.b2b.lib.service.ServiceUnavailableException: [LIBP-00001] Unable to connect to naming service
	at com.inovis.b2b.lib.service.ServiceLocator.getInitialContext(ServiceLocator.java:214)
	at com.inovis.b2b.lib.service.ServiceLocator.&lt;init&gt;(ServiceLocator.java:183)
	at com.inovis.b2b.lib.service.ServiceLocator.getInstance(ServiceLocator.java:167)
	at com.inovis.b2b.lib.service.ServiceLocator.getInstance(ServiceLocator.java:150)
	at com.inovis.mss.authorization.defs.AuthorizationManagerImp.&lt;init&gt;(AuthorizationManagerImp.java:60)
	... 16 more
Caused by: javax.naming.CommunicationException [Root exception is java.net.ConnectException: t3://localhost:7001: Destination unreachable; nested exception is: 
	java.net.ConnectException: Connection refused: connect; No available router to destination]
	at weblogic.jndi.internal.ExceptionTranslator.toNamingException(ExceptionTranslator.java:49)
	at weblogic.jndi.WLInitialContextFactoryDelegate.toNamingException(WLInitialContextFactoryDelegate.java:765)
	at weblogic.jndi.WLInitialContextFactoryDelegate.getInitialContext(WLInitialContextFactoryDelegate.java:364)
	at weblogic.jndi.Environment.getContext(Environment.java:307)
	at weblogic.jndi.Environment.getContext(Environment.java:277)
	at weblogic.jndi.WLInitialContextFactory.getInitialContext(WLInitialContextFactory.java:117)
	at javax.naming.spi.NamingManager.getInitialContext(NamingManager.java:667)
	at javax.naming.InitialContext.getDefaultInitCtx(InitialContext.java:247)
	at javax.naming.InitialContext.init(InitialContext.java:223)
	at javax.naming.InitialContext.&lt;init&gt;(InitialContext.java:175)
	at com.inovis.b2b.lib.service.ServiceLocator.getInitialContext(ServiceLocator.java:206)
	... 20 more
Caused by: java.net.ConnectException: t3://localhost:7001: Destination unreachable; nested exception is: 
	java.net.ConnectException: Connection refused: connect; No available router to destination
	at weblogic.rjvm.RJVMFinder.findOrCreate(RJVMFinder.java:204)
	at weblogic.rjvm.ServerURL.findOrCreateRJVM(ServerURL.java:154)
	at weblogic.jndi.WLInitialContextFactoryDelegate.getInitialContext(WLInitialContextFactoryDelegate.java:349)
	... 28 more
Caused by: java.rmi.ConnectException: Destination unreachable; nested exception is: 
	java.net.ConnectException: Connection refused: connect; No available router to destination
	at weblogic.rjvm.ConnectionManager.bootstrap(ConnectionManager.java:472)
	at weblogic.rjvm.ConnectionManager.bootstrap(ConnectionManager.java:323)
	at weblogic.rjvm.RJVMManager.findOrCreateRemoteInternal(RJVMManager.java:259)
	at weblogic.rjvm.RJVMManager.findOrCreate(RJVMManager.java:202)
	at weblogic.rjvm.RJVMFinder.findOrCreateRemoteServer(RJVMFinder.java:226)
	at weblogic.rjvm.RJVMFinder.findOrCreate(RJVMFinder.java:189)
	... 30 more
</error>
  </testcase>
  <testcase classname="test.com.inovis.mss.authorization.TestAuthorizationManager" name="testCreateRoleFail" time="2.775">
    <error message="[AUTH-00101] Failed to get a reference to the Home interface of the AuthorizationFacade EJB. This is an EJB error that probably stems from an incorrect deployment, a network problem, or the failure of an EJB server." type="com.inovis.b2b.lib.exception.OperationFailedException">class com.inovis.b2b.lib.exception.OperationFailedException: [AUTH-00101] Failed to get a reference to the Home interface of the AuthorizationFacade EJB. This is an EJB error that probably stems from an incorrect deployment, a network problem, or the failure of an EJB server.
	at com.inovis.mss.authorization.defs.AuthorizationManagerImp.&lt;init&gt;(AuthorizationManagerImp.java:67)
	at com.inovis.mss.authorization.AuthorizationManager.getManager(AuthorizationManager.java:56)
	at test.com.inovis.mss.authorization.TestAuthorizationManager.setUp(TestAuthorizationManager.java:90)
Caused by: class com.inovis.b2b.lib.service.ServiceUnavailableException: [LIBP-00001] Unable to connect to naming service
	at com.inovis.b2b.lib.service.ServiceLocator.getInitialContext(ServiceLocator.java:214)
	at com.inovis.b2b.lib.service.ServiceLocator.&lt;init&gt;(ServiceLocator.java:183)
	at com.inovis.b2b.lib.service.ServiceLocator.getInstance(ServiceLocator.java:167)
	at com.inovis.b2b.lib.service.ServiceLocator.getInstance(ServiceLocator.java:150)
	at com.inovis.mss.authorization.defs.AuthorizationManagerImp.&lt;init&gt;(AuthorizationManagerImp.java:60)
	... 16 more
Caused by: javax.naming.CommunicationException [Root exception is java.net.ConnectException: t3://localhost:7001: Destination unreachable; nested exception is: 
	java.net.ConnectException: Connection refused: connect; No available router to destination]
	at weblogic.jndi.internal.ExceptionTranslator.toNamingException(ExceptionTranslator.java:49)
	at weblogic.jndi.WLInitialContextFactoryDelegate.toNamingException(WLInitialContextFactoryDelegate.java:765)
	at weblogic.jndi.WLInitialContextFactoryDelegate.getInitialContext(WLInitialContextFactoryDelegate.java:364)
	at weblogic.jndi.Environment.getContext(Environment.java:307)
	at weblogic.jndi.Environment.getContext(Environment.java:277)
	at weblogic.jndi.WLInitialContextFactory.getInitialContext(WLInitialContextFactory.java:117)
	at javax.naming.spi.NamingManager.getInitialContext(NamingManager.java:667)
	at javax.naming.InitialContext.getDefaultInitCtx(InitialContext.java:247)
	at javax.naming.InitialContext.init(InitialContext.java:223)
	at javax.naming.InitialContext.&lt;init&gt;(InitialContext.java:175)
	at com.inovis.b2b.lib.service.ServiceLocator.getInitialContext(ServiceLocator.java:206)
	... 20 more
Caused by: java.net.ConnectException: t3://localhost:7001: Destination unreachable; nested exception is: 
	java.net.ConnectException: Connection refused: connect; No available router to destination
	at weblogic.rjvm.RJVMFinder.findOrCreate(RJVMFinder.java:204)
	at weblogic.rjvm.ServerURL.findOrCreateRJVM(ServerURL.java:154)
	at weblogic.jndi.WLInitialContextFactoryDelegate.getInitialContext(WLInitialContextFactoryDelegate.java:349)
	... 28 more
Caused by: java.rmi.ConnectException: Destination unreachable; nested exception is: 
	java.net.ConnectException: Connection refused: connect; No available router to destination
	at weblogic.rjvm.ConnectionManager.bootstrap(ConnectionManager.java:472)
	at weblogic.rjvm.ConnectionManager.bootstrap(ConnectionManager.java:323)
	at weblogic.rjvm.RJVMManager.findOrCreateRemoteInternal(RJVMManager.java:259)
	at weblogic.rjvm.RJVMManager.findOrCreate(RJVMManager.java:202)
	at weblogic.rjvm.RJVMFinder.findOrCreateRemoteServer(RJVMFinder.java:226)
	at weblogic.rjvm.RJVMFinder.findOrCreate(RJVMFinder.java:189)
	... 30 more
</error>
  </testcase>
  <testcase classname="test.com.inovis.mss.authorization.TestAuthorizationManager" name="testModifyRole" time="2.386">
    <error message="[AUTH-00101] Failed to get a reference to the Home interface of the AuthorizationFacade EJB. This is an EJB error that probably stems from an incorrect deployment, a network problem, or the failure of an EJB server." type="com.inovis.b2b.lib.exception.OperationFailedException">class com.inovis.b2b.lib.exception.OperationFailedException: [AUTH-00101] Failed to get a reference to the Home interface of the AuthorizationFacade EJB. This is an EJB error that probably stems from an incorrect deployment, a network problem, or the failure of an EJB server.
	at com.inovis.mss.authorization.defs.AuthorizationManagerImp.&lt;init&gt;(AuthorizationManagerImp.java:67)
	at com.inovis.mss.authorization.AuthorizationManager.getManager(AuthorizationManager.java:56)
	at test.com.inovis.mss.authorization.TestAuthorizationManager.setUp(TestAuthorizationManager.java:90)
Caused by: class com.inovis.b2b.lib.service.ServiceUnavailableException: [LIBP-00001] Unable to connect to naming service
	at com.inovis.b2b.lib.service.ServiceLocator.getInitialContext(ServiceLocator.java:214)
	at com.inovis.b2b.lib.service.ServiceLocator.&lt;init&gt;(ServiceLocator.java:183)
	at com.inovis.b2b.lib.service.ServiceLocator.getInstance(ServiceLocator.java:167)
	at com.inovis.b2b.lib.service.ServiceLocator.getInstance(ServiceLocator.java:150)
	at com.inovis.mss.authorization.defs.AuthorizationManagerImp.&lt;init&gt;(AuthorizationManagerImp.java:60)
	... 16 more
Caused by: javax.naming.CommunicationException [Root exception is java.net.ConnectException: t3://localhost:7001: Destination unreachable; nested exception is: 
	java.net.ConnectException: Connection refused: connect; No available router to destination]
	at weblogic.jndi.internal.ExceptionTranslator.toNamingException(ExceptionTranslator.java:49)
	at weblogic.jndi.WLInitialContextFactoryDelegate.toNamingException(WLInitialContextFactoryDelegate.java:765)
	at weblogic.jndi.WLInitialContextFactoryDelegate.getInitialContext(WLInitialContextFactoryDelegate.java:364)
	at weblogic.jndi.Environment.getContext(Environment.java:307)
	at weblogic.jndi.Environment.getContext(Environment.java:277)
	at weblogic.jndi.WLInitialContextFactory.getInitialContext(WLInitialContextFactory.java:117)
	at javax.naming.spi.NamingManager.getInitialContext(NamingManager.java:667)
	at javax.naming.InitialContext.getDefaultInitCtx(InitialContext.java:247)
	at javax.naming.InitialContext.init(InitialContext.java:223)
	at javax.naming.InitialContext.&lt;init&gt;(InitialContext.java:175)
	at com.inovis.b2b.lib.service.ServiceLocator.getInitialContext(ServiceLocator.java:206)
	... 20 more
Caused by: java.net.ConnectException: t3://localhost:7001: Destination unreachable; nested exception is: 
	java.net.ConnectException: Connection refused: connect; No available router to destination
	at weblogic.rjvm.RJVMFinder.findOrCreate(RJVMFinder.java:204)
	at weblogic.rjvm.ServerURL.findOrCreateRJVM(ServerURL.java:154)
	at weblogic.jndi.WLInitialContextFactoryDelegate.getInitialContext(WLInitialContextFactoryDelegate.java:349)
	... 28 more
Caused by: java.rmi.ConnectException: Destination unreachable; nested exception is: 
	java.net.ConnectException: Connection refused: connect; No available router to destination
	at weblogic.rjvm.ConnectionManager.bootstrap(ConnectionManager.java:472)
	at weblogic.rjvm.ConnectionManager.bootstrap(ConnectionManager.java:323)
	at weblogic.rjvm.RJVMManager.findOrCreateRemoteInternal(RJVMManager.java:259)
	at weblogic.rjvm.RJVMManager.findOrCreate(RJVMManager.java:202)
	at weblogic.rjvm.RJVMFinder.findOrCreateRemoteServer(RJVMFinder.java:226)
	at weblogic.rjvm.RJVMFinder.findOrCreate(RJVMFinder.java:189)
	... 30 more
</error>
  </testcase>
  <testcase classname="test.com.inovis.mss.authorization.TestAuthorizationManager" name="testModifyRoleFail" time="2.87">
    <error message="[AUTH-00101] Failed to get a reference to the Home interface of the AuthorizationFacade EJB. This is an EJB error that probably stems from an incorrect deployment, a network problem, or the failure of an EJB server." type="com.inovis.b2b.lib.exception.OperationFailedException">class com.inovis.b2b.lib.exception.OperationFailedException: [AUTH-00101] Failed to get a reference to the Home interface of the AuthorizationFacade EJB. This is an EJB error that probably stems from an incorrect deployment, a network problem, or the failure of an EJB server.
	at com.inovis.mss.authorization.defs.AuthorizationManagerImp.&lt;init&gt;(AuthorizationManagerImp.java:67)
	at com.inovis.mss.authorization.AuthorizationManager.getManager(AuthorizationManager.java:56)
	at test.com.inovis.mss.authorization.TestAuthorizationManager.setUp(TestAuthorizationManager.java:90)
Caused by: class com.inovis.b2b.lib.service.ServiceUnavailableException: [LIBP-00001] Unable to connect to naming service
	at com.inovis.b2b.lib.service.ServiceLocator.getInitialContext(ServiceLocator.java:214)
	at com.inovis.b2b.lib.service.ServiceLocator.&lt;init&gt;(ServiceLocator.java:183)
	at com.inovis.b2b.lib.service.ServiceLocator.getInstance(ServiceLocator.java:167)
	at com.inovis.b2b.lib.service.ServiceLocator.getInstance(ServiceLocator.java:150)
	at com.inovis.mss.authorization.defs.AuthorizationManagerImp.&lt;init&gt;(AuthorizationManagerImp.java:60)
	... 16 more
Caused by: javax.naming.CommunicationException [Root exception is java.net.ConnectException: t3://localhost:7001: Destination unreachable; nested exception is: 
	java.net.ConnectException: Connection refused: connect; No available router to destination]
	at weblogic.jndi.internal.ExceptionTranslator.toNamingException(ExceptionTranslator.java:49)
	at weblogic.jndi.WLInitialContextFactoryDelegate.toNamingException(WLInitialContextFactoryDelegate.java:765)
	at weblogic.jndi.WLInitialContextFactoryDelegate.getInitialContext(WLInitialContextFactoryDelegate.java:364)
	at weblogic.jndi.Environment.getContext(Environment.java:307)
	at weblogic.jndi.Environment.getContext(Environment.java:277)
	at weblogic.jndi.WLInitialContextFactory.getInitialContext(WLInitialContextFactory.java:117)
	at javax.naming.spi.NamingManager.getInitialContext(NamingManager.java:667)
	at javax.naming.InitialContext.getDefaultInitCtx(InitialContext.java:247)
	at javax.naming.InitialContext.init(InitialContext.java:223)
	at javax.naming.InitialContext.&lt;init&gt;(InitialContext.java:175)
	at com.inovis.b2b.lib.service.ServiceLocator.getInitialContext(ServiceLocator.java:206)
	... 20 more
Caused by: java.net.ConnectException: t3://localhost:7001: Destination unreachable; nested exception is: 
	java.net.ConnectException: Connection refused: connect; No available router to destination
	at weblogic.rjvm.RJVMFinder.findOrCreate(RJVMFinder.java:204)
	at weblogic.rjvm.ServerURL.findOrCreateRJVM(ServerURL.java:154)
	at weblogic.jndi.WLInitialContextFactoryDelegate.getInitialContext(WLInitialContextFactoryDelegate.java:349)
	... 28 more
Caused by: java.rmi.ConnectException: Destination unreachable; nested exception is: 
	java.net.ConnectException: Connection refused: connect; No available router to destination
	at weblogic.rjvm.ConnectionManager.bootstrap(ConnectionManager.java:472)
	at weblogic.rjvm.ConnectionManager.bootstrap(ConnectionManager.java:323)
	at weblogic.rjvm.RJVMManager.findOrCreateRemoteInternal(RJVMManager.java:259)
	at weblogic.rjvm.RJVMManager.findOrCreate(RJVMManager.java:202)
	at weblogic.rjvm.RJVMFinder.findOrCreateRemoteServer(RJVMFinder.java:226)
	at weblogic.rjvm.RJVMFinder.findOrCreate(RJVMFinder.java:189)
	... 30 more
</error>
  </testcase>
  <testcase classname="test.com.inovis.mss.authorization.TestAuthorizationManager" name="testGetRole" time="2.479">
    <error message="[AUTH-00101] Failed to get a reference to the Home interface of the AuthorizationFacade EJB. This is an EJB error that probably stems from an incorrect deployment, a network problem, or the failure of an EJB server." type="com.inovis.b2b.lib.exception.OperationFailedException">class com.inovis.b2b.lib.exception.OperationFailedException: [AUTH-00101] Failed to get a reference to the Home interface of the AuthorizationFacade EJB. This is an EJB error that probably stems from an incorrect deployment, a network problem, or the failure of an EJB server.
	at com.inovis.mss.authorization.defs.AuthorizationManagerImp.&lt;init&gt;(AuthorizationManagerImp.java:67)
	at com.inovis.mss.authorization.AuthorizationManager.getManager(AuthorizationManager.java:56)
	at test.com.inovis.mss.authorization.TestAuthorizationManager.setUp(TestAuthorizationManager.java:90)
Caused by: class com.inovis.b2b.lib.service.ServiceUnavailableException: [LIBP-00001] Unable to connect to naming service
	at com.inovis.b2b.lib.service.ServiceLocator.getInitialContext(ServiceLocator.java:214)
	at com.inovis.b2b.lib.service.ServiceLocator.&lt;init&gt;(ServiceLocator.java:183)
	at com.inovis.b2b.lib.service.ServiceLocator.getInstance(ServiceLocator.java:167)
	at com.inovis.b2b.lib.service.ServiceLocator.getInstance(ServiceLocator.java:150)
	at com.inovis.mss.authorization.defs.AuthorizationManagerImp.&lt;init&gt;(AuthorizationManagerImp.java:60)
	... 16 more
Caused by: javax.naming.CommunicationException [Root exception is java.net.ConnectException: t3://localhost:7001: Destination unreachable; nested exception is: 
	java.net.ConnectException: Connection refused: connect; No available router to destination]
	at weblogic.jndi.internal.ExceptionTranslator.toNamingException(ExceptionTranslator.java:49)
	at weblogic.jndi.WLInitialContextFactoryDelegate.toNamingException(WLInitialContextFactoryDelegate.java:765)
	at weblogic.jndi.WLInitialContextFactoryDelegate.getInitialContext(WLInitialContextFactoryDelegate.java:364)
	at weblogic.jndi.Environment.getContext(Environment.java:307)
	at weblogic.jndi.Environment.getContext(Environment.java:277)
	at weblogic.jndi.WLInitialContextFactory.getInitialContext(WLInitialContextFactory.java:117)
	at javax.naming.spi.NamingManager.getInitialContext(NamingManager.java:667)
	at javax.naming.InitialContext.getDefaultInitCtx(InitialContext.java:247)
	at javax.naming.InitialContext.init(InitialContext.java:223)
	at javax.naming.InitialContext.&lt;init&gt;(InitialContext.java:175)
	at com.inovis.b2b.lib.service.ServiceLocator.getInitialContext(ServiceLocator.java:206)
	... 20 more
Caused by: java.net.ConnectException: t3://localhost:7001: Destination unreachable; nested exception is: 
	java.net.ConnectException: Connection refused: connect; No available router to destination
	at weblogic.rjvm.RJVMFinder.findOrCreate(RJVMFinder.java:204)
	at weblogic.rjvm.ServerURL.findOrCreateRJVM(ServerURL.java:154)
	at weblogic.jndi.WLInitialContextFactoryDelegate.getInitialContext(WLInitialContextFactoryDelegate.java:349)
	... 28 more
Caused by: java.rmi.ConnectException: Destination unreachable; nested exception is: 
	java.net.ConnectException: Connection refused: connect; No available router to destination
	at weblogic.rjvm.ConnectionManager.bootstrap(ConnectionManager.java:472)
	at weblogic.rjvm.ConnectionManager.bootstrap(ConnectionManager.java:323)
	at weblogic.rjvm.RJVMManager.findOrCreateRemoteInternal(RJVMManager.java:259)
	at weblogic.rjvm.RJVMManager.findOrCreate(RJVMManager.java:202)
	at weblogic.rjvm.RJVMFinder.findOrCreateRemoteServer(RJVMFinder.java:226)
	at weblogic.rjvm.RJVMFinder.findOrCreate(RJVMFinder.java:189)
	... 30 more
</error>
  </testcase>
  <testcase classname="test.com.inovis.mss.authorization.TestAuthorizationManager" name="testGetRoleFail" time="2.573">
    <error message="[AUTH-00101] Failed to get a reference to the Home interface of the AuthorizationFacade EJB. This is an EJB error that probably stems from an incorrect deployment, a network problem, or the failure of an EJB server." type="com.inovis.b2b.lib.exception.OperationFailedException">class com.inovis.b2b.lib.exception.OperationFailedException: [AUTH-00101] Failed to get a reference to the Home interface of the AuthorizationFacade EJB. This is an EJB error that probably stems from an incorrect deployment, a network problem, or the failure of an EJB server.
	at com.inovis.mss.authorization.defs.AuthorizationManagerImp.&lt;init&gt;(AuthorizationManagerImp.java:67)
	at com.inovis.mss.authorization.AuthorizationManager.getManager(AuthorizationManager.java:56)
	at test.com.inovis.mss.authorization.TestAuthorizationManager.setUp(TestAuthorizationManager.java:90)
Caused by: class com.inovis.b2b.lib.service.ServiceUnavailableException: [LIBP-00001] Unable to connect to naming service
	at com.inovis.b2b.lib.service.ServiceLocator.getInitialContext(ServiceLocator.java:214)
	at com.inovis.b2b.lib.service.ServiceLocator.&lt;init&gt;(ServiceLocator.java:183)
	at com.inovis.b2b.lib.service.ServiceLocator.getInstance(ServiceLocator.java:167)
	at com.inovis.b2b.lib.service.ServiceLocator.getInstance(ServiceLocator.java:150)
	at com.inovis.mss.authorization.defs.AuthorizationManagerImp.&lt;init&gt;(AuthorizationManagerImp.java:60)
	... 16 more
Caused by: javax.naming.CommunicationException [Root exception is java.net.ConnectException: t3://localhost:7001: Destination unreachable; nested exception is: 
	java.net.ConnectException: Connection refused: connect; No available router to destination]
	at weblogic.jndi.internal.ExceptionTranslator.toNamingException(ExceptionTranslator.java:49)
	at weblogic.jndi.WLInitialContextFactoryDelegate.toNamingException(WLInitialContextFactoryDelegate.java:765)
	at weblogic.jndi.WLInitialContextFactoryDelegate.getInitialContext(WLInitialContextFactoryDelegate.java:364)
	at weblogic.jndi.Environment.getContext(Environment.java:307)
	at weblogic.jndi.Environment.getContext(Environment.java:277)
	at weblogic.jndi.WLInitialContextFactory.getInitialContext(WLInitialContextFactory.java:117)
	at javax.naming.spi.NamingManager.getInitialContext(NamingManager.java:667)
	at javax.naming.InitialContext.getDefaultInitCtx(InitialContext.java:247)
	at javax.naming.InitialContext.init(InitialContext.java:223)
	at javax.naming.InitialContext.&lt;init&gt;(InitialContext.java:175)
	at com.inovis.b2b.lib.service.ServiceLocator.getInitialContext(ServiceLocator.java:206)
	... 20 more
Caused by: java.net.ConnectException: t3://localhost:7001: Destination unreachable; nested exception is: 
	java.net.ConnectException: Connection refused: connect; No available router to destination
	at weblogic.rjvm.RJVMFinder.findOrCreate(RJVMFinder.java:204)
	at weblogic.rjvm.ServerURL.findOrCreateRJVM(ServerURL.java:154)
	at weblogic.jndi.WLInitialContextFactoryDelegate.getInitialContext(WLInitialContextFactoryDelegate.java:349)
	... 28 more
Caused by: java.rmi.ConnectException: Destination unreachable; nested exception is: 
	java.net.ConnectException: Connection refused: connect; No available router to destination
	at weblogic.rjvm.ConnectionManager.bootstrap(ConnectionManager.java:472)
	at weblogic.rjvm.ConnectionManager.bootstrap(ConnectionManager.java:323)
	at weblogic.rjvm.RJVMManager.findOrCreateRemoteInternal(RJVMManager.java:259)
	at weblogic.rjvm.RJVMManager.findOrCreate(RJVMManager.java:202)
	at weblogic.rjvm.RJVMFinder.findOrCreateRemoteServer(RJVMFinder.java:226)
	at weblogic.rjvm.RJVMFinder.findOrCreate(RJVMFinder.java:189)
	... 30 more
</error>
  </testcase>
  <testcase classname="test.com.inovis.mss.authorization.TestAuthorizationManager" name="testGetAllRoles" time="2.839">
    <error message="[AUTH-00101] Failed to get a reference to the Home interface of the AuthorizationFacade EJB. This is an EJB error that probably stems from an incorrect deployment, a network problem, or the failure of an EJB server." type="com.inovis.b2b.lib.exception.OperationFailedException">class com.inovis.b2b.lib.exception.OperationFailedException: [AUTH-00101] Failed to get a reference to the Home interface of the AuthorizationFacade EJB. This is an EJB error that probably stems from an incorrect deployment, a network problem, or the failure of an EJB server.
	at com.inovis.mss.authorization.defs.AuthorizationManagerImp.&lt;init&gt;(AuthorizationManagerImp.java:67)
	at com.inovis.mss.authorization.AuthorizationManager.getManager(AuthorizationManager.java:56)
	at test.com.inovis.mss.authorization.TestAuthorizationManager.setUp(TestAuthorizationManager.java:90)
Caused by: class com.inovis.b2b.lib.service.ServiceUnavailableException: [LIBP-00001] Unable to connect to naming service
	at com.inovis.b2b.lib.service.ServiceLocator.getInitialContext(ServiceLocator.java:214)
	at com.inovis.b2b.lib.service.ServiceLocator.&lt;init&gt;(ServiceLocator.java:183)
	at com.inovis.b2b.lib.service.ServiceLocator.getInstance(ServiceLocator.java:167)
	at com.inovis.b2b.lib.service.ServiceLocator.getInstance(ServiceLocator.java:150)
	at com.inovis.mss.authorization.defs.AuthorizationManagerImp.&lt;init&gt;(AuthorizationManagerImp.java:60)
	... 16 more
Caused by: javax.naming.CommunicationException [Root exception is java.net.ConnectException: t3://localhost:7001: Destination unreachable; nested exception is: 
	java.net.ConnectException: Connection refused: connect; No available router to destination]
	at weblogic.jndi.internal.ExceptionTranslator.toNamingException(ExceptionTranslator.java:49)
	at weblogic.jndi.WLInitialContextFactoryDelegate.toNamingException(WLInitialContextFactoryDelegate.java:765)
	at weblogic.jndi.WLInitialContextFactoryDelegate.getInitialContext(WLInitialContextFactoryDelegate.java:364)
	at weblogic.jndi.Environment.getContext(Environment.java:307)
	at weblogic.jndi.Environment.getContext(Environment.java:277)
	at weblogic.jndi.WLInitialContextFactory.getInitialContext(WLInitialContextFactory.java:117)
	at javax.naming.spi.NamingManager.getInitialContext(NamingManager.java:667)
	at javax.naming.InitialContext.getDefaultInitCtx(InitialContext.java:247)
	at javax.naming.InitialContext.init(InitialContext.java:223)
	at javax.naming.InitialContext.&lt;init&gt;(InitialContext.java:175)
	at com.inovis.b2b.lib.service.ServiceLocator.getInitialContext(ServiceLocator.java:206)
	... 20 more
Caused by: java.net.ConnectException: t3://localhost:7001: Destination unreachable; nested exception is: 
	java.net.ConnectException: Connection refused: connect; No available router to destination
	at weblogic.rjvm.RJVMFinder.findOrCreate(RJVMFinder.java:204)
	at weblogic.rjvm.ServerURL.findOrCreateRJVM(ServerURL.java:154)
	at weblogic.jndi.WLInitialContextFactoryDelegate.getInitialContext(WLInitialContextFactoryDelegate.java:349)
	... 28 more
Caused by: java.rmi.ConnectException: Destination unreachable; nested exception is: 
	java.net.ConnectException: Connection refused: connect; No available router to destination
	at weblogic.rjvm.ConnectionManager.bootstrap(ConnectionManager.java:472)
	at weblogic.rjvm.ConnectionManager.bootstrap(ConnectionManager.java:323)
	at weblogic.rjvm.RJVMManager.findOrCreateRemoteInternal(RJVMManager.java:259)
	at weblogic.rjvm.RJVMManager.findOrCreate(RJVMManager.java:202)
	at weblogic.rjvm.RJVMFinder.findOrCreateRemoteServer(RJVMFinder.java:226)
	at weblogic.rjvm.RJVMFinder.findOrCreate(RJVMFinder.java:189)
	... 30 more
</error>
  </testcase>
  <testcase classname="test.com.inovis.mss.authorization.TestAuthorizationManager" name="testGetRolesQueryFilter" time="2.947">
    <error message="[AUTH-00101] Failed to get a reference to the Home interface of the AuthorizationFacade EJB. This is an EJB error that probably stems from an incorrect deployment, a network problem, or the failure of an EJB server." type="com.inovis.b2b.lib.exception.OperationFailedException">class com.inovis.b2b.lib.exception.OperationFailedException: [AUTH-00101] Failed to get a reference to the Home interface of the AuthorizationFacade EJB. This is an EJB error that probably stems from an incorrect deployment, a network problem, or the failure of an EJB server.
	at com.inovis.mss.authorization.defs.AuthorizationManagerImp.&lt;init&gt;(AuthorizationManagerImp.java:67)
	at com.inovis.mss.authorization.AuthorizationManager.getManager(AuthorizationManager.java:56)
	at test.com.inovis.mss.authorization.TestAuthorizationManager.setUp(TestAuthorizationManager.java:90)
Caused by: class com.inovis.b2b.lib.service.ServiceUnavailableException: [LIBP-00001] Unable to connect to naming service
	at com.inovis.b2b.lib.service.ServiceLocator.getInitialContext(ServiceLocator.java:214)
	at com.inovis.b2b.lib.service.ServiceLocator.&lt;init&gt;(ServiceLocator.java:183)
	at com.inovis.b2b.lib.service.ServiceLocator.getInstance(ServiceLocator.java:167)
	at com.inovis.b2b.lib.service.ServiceLocator.getInstance(ServiceLocator.java:150)
	at com.inovis.mss.authorization.defs.AuthorizationManagerImp.&lt;init&gt;(AuthorizationManagerImp.java:60)
	... 16 more
Caused by: javax.naming.CommunicationException [Root exception is java.net.ConnectException: t3://localhost:7001: Destination unreachable; nested exception is: 
	java.net.ConnectException: Connection refused: connect; No available router to destination]
	at weblogic.jndi.internal.ExceptionTranslator.toNamingException(ExceptionTranslator.java:49)
	at weblogic.jndi.WLInitialContextFactoryDelegate.toNamingException(WLInitialContextFactoryDelegate.java:765)
	at weblogic.jndi.WLInitialContextFactoryDelegate.getInitialContext(WLInitialContextFactoryDelegate.java:364)
	at weblogic.jndi.Environment.getContext(Environment.java:307)
	at weblogic.jndi.Environment.getContext(Environment.java:277)
	at weblogic.jndi.WLInitialContextFactory.getInitialContext(WLInitialContextFactory.java:117)
	at javax.naming.spi.NamingManager.getInitialContext(NamingManager.java:667)
	at javax.naming.InitialContext.getDefaultInitCtx(InitialContext.java:247)
	at javax.naming.InitialContext.init(InitialContext.java:223)
	at javax.naming.InitialContext.&lt;init&gt;(InitialContext.java:175)
	at com.inovis.b2b.lib.service.ServiceLocator.getInitialContext(ServiceLocator.java:206)
	... 20 more
Caused by: java.net.ConnectException: t3://localhost:7001: Destination unreachable; nested exception is: 
	java.net.ConnectException: Connection refused: connect; No available router to destination
	at weblogic.rjvm.RJVMFinder.findOrCreate(RJVMFinder.java:204)
	at weblogic.rjvm.ServerURL.findOrCreateRJVM(ServerURL.java:154)
	at weblogic.jndi.WLInitialContextFactoryDelegate.getInitialContext(WLInitialContextFactoryDelegate.java:349)
	... 28 more
Caused by: java.rmi.ConnectException: Destination unreachable; nested exception is: 
	java.net.ConnectException: Connection refused: connect; No available router to destination
	at weblogic.rjvm.ConnectionManager.bootstrap(ConnectionManager.java:472)
	at weblogic.rjvm.ConnectionManager.bootstrap(ConnectionManager.java:323)
	at weblogic.rjvm.RJVMManager.findOrCreateRemoteInternal(RJVMManager.java:259)
	at weblogic.rjvm.RJVMManager.findOrCreate(RJVMManager.java:202)
	at weblogic.rjvm.RJVMFinder.findOrCreateRemoteServer(RJVMFinder.java:226)
	at weblogic.rjvm.RJVMFinder.findOrCreate(RJVMFinder.java:189)
	... 30 more
</error>
  </testcase>
  <testcase classname="test.com.inovis.mss.authorization.TestAuthorizationManager" name="testGetRolesQueryFilter2" time="2.37">
    <error message="[AUTH-00101] Failed to get a reference to the Home interface of the AuthorizationFacade EJB. This is an EJB error that probably stems from an incorrect deployment, a network problem, or the failure of an EJB server." type="com.inovis.b2b.lib.exception.OperationFailedException">class com.inovis.b2b.lib.exception.OperationFailedException: [AUTH-00101] Failed to get a reference to the Home interface of the AuthorizationFacade EJB. This is an EJB error that probably stems from an incorrect deployment, a network problem, or the failure of an EJB server.
	at com.inovis.mss.authorization.defs.AuthorizationManagerImp.&lt;init&gt;(AuthorizationManagerImp.java:67)
	at com.inovis.mss.authorization.AuthorizationManager.getManager(AuthorizationManager.java:56)
	at test.com.inovis.mss.authorization.TestAuthorizationManager.setUp(TestAuthorizationManager.java:90)
Caused by: class com.inovis.b2b.lib.service.ServiceUnavailableException: [LIBP-00001] Unable to connect to naming service
	at com.inovis.b2b.lib.service.ServiceLocator.getInitialContext(ServiceLocator.java:214)
	at com.inovis.b2b.lib.service.ServiceLocator.&lt;init&gt;(ServiceLocator.java:183)
	at com.inovis.b2b.lib.service.ServiceLocator.getInstance(ServiceLocator.java:167)
	at com.inovis.b2b.lib.service.ServiceLocator.getInstance(ServiceLocator.java:150)
	at com.inovis.mss.authorization.defs.AuthorizationManagerImp.&lt;init&gt;(AuthorizationManagerImp.java:60)
	... 16 more
Caused by: javax.naming.CommunicationException [Root exception is java.net.ConnectException: t3://localhost:7001: Destination unreachable; nested exception is: 
	java.net.ConnectException: Connection refused: connect; No available router to destination]
	at weblogic.jndi.internal.ExceptionTranslator.toNamingException(ExceptionTranslator.java:49)
	at weblogic.jndi.WLInitialContextFactoryDelegate.toNamingException(WLInitialContextFactoryDelegate.java:765)
	at weblogic.jndi.WLInitialContextFactoryDelegate.getInitialContext(WLInitialContextFactoryDelegate.java:364)
	at weblogic.jndi.Environment.getContext(Environment.java:307)
	at weblogic.jndi.Environment.getContext(Environment.java:277)
	at weblogic.jndi.WLInitialContextFactory.getInitialContext(WLInitialContextFactory.java:117)
	at javax.naming.spi.NamingManager.getInitialContext(NamingManager.java:667)
	at javax.naming.InitialContext.getDefaultInitCtx(InitialContext.java:247)
	at javax.naming.InitialContext.init(InitialContext.java:223)
	at javax.naming.InitialContext.&lt;init&gt;(InitialContext.java:175)
	at com.inovis.b2b.lib.service.ServiceLocator.getInitialContext(ServiceLocator.java:206)
	... 20 more
Caused by: java.net.ConnectException: t3://localhost:7001: Destination unreachable; nested exception is: 
	java.net.ConnectException: Connection refused: connect; No available router to destination
	at weblogic.rjvm.RJVMFinder.findOrCreate(RJVMFinder.java:204)
	at weblogic.rjvm.ServerURL.findOrCreateRJVM(ServerURL.java:154)
	at weblogic.jndi.WLInitialContextFactoryDelegate.getInitialContext(WLInitialContextFactoryDelegate.java:349)
	... 28 more
Caused by: java.rmi.ConnectException: Destination unreachable; nested exception is: 
	java.net.ConnectException: Connection refused: connect; No available router to destination
	at weblogic.rjvm.ConnectionManager.bootstrap(ConnectionManager.java:472)
	at weblogic.rjvm.ConnectionManager.bootstrap(ConnectionManager.java:323)
	at weblogic.rjvm.RJVMManager.findOrCreateRemoteInternal(RJVMManager.java:259)
	at weblogic.rjvm.RJVMManager.findOrCreate(RJVMManager.java:202)
	at weblogic.rjvm.RJVMFinder.findOrCreateRemoteServer(RJVMFinder.java:226)
	at weblogic.rjvm.RJVMFinder.findOrCreate(RJVMFinder.java:189)
	... 30 more
</error>
  </testcase>
  <testcase classname="test.com.inovis.mss.authorization.TestAuthorizationManager" name="testGetRolesQueryFilter3" time="2.215">
    <error message="[AUTH-00101] Failed to get a reference to the Home interface of the AuthorizationFacade EJB. This is an EJB error that probably stems from an incorrect deployment, a network problem, or the failure of an EJB server." type="com.inovis.b2b.lib.exception.OperationFailedException">class com.inovis.b2b.lib.exception.OperationFailedException: [AUTH-00101] Failed to get a reference to the Home interface of the AuthorizationFacade EJB. This is an EJB error that probably stems from an incorrect deployment, a network problem, or the failure of an EJB server.
	at com.inovis.mss.authorization.defs.AuthorizationManagerImp.&lt;init&gt;(AuthorizationManagerImp.java:67)
	at com.inovis.mss.authorization.AuthorizationManager.getManager(AuthorizationManager.java:56)
	at test.com.inovis.mss.authorization.TestAuthorizationManager.setUp(TestAuthorizationManager.java:90)
Caused by: class com.inovis.b2b.lib.service.ServiceUnavailableException: [LIBP-00001] Unable to connect to naming service
	at com.inovis.b2b.lib.service.ServiceLocator.getInitialContext(ServiceLocator.java:214)
	at com.inovis.b2b.lib.service.ServiceLocator.&lt;init&gt;(ServiceLocator.java:183)
	at com.inovis.b2b.lib.service.ServiceLocator.getInstance(ServiceLocator.java:167)
	at com.inovis.b2b.lib.service.ServiceLocator.getInstance(ServiceLocator.java:150)
	at com.inovis.mss.authorization.defs.AuthorizationManagerImp.&lt;init&gt;(AuthorizationManagerImp.java:60)
	... 16 more
Caused by: javax.naming.CommunicationException [Root exception is java.net.ConnectException: t3://localhost:7001: Destination unreachable; nested exception is: 
	java.net.ConnectException: Connection refused: connect; No available router to destination]
	at weblogic.jndi.internal.ExceptionTranslator.toNamingException(ExceptionTranslator.java:49)
	at weblogic.jndi.WLInitialContextFactoryDelegate.toNamingException(WLInitialContextFactoryDelegate.java:765)
	at weblogic.jndi.WLInitialContextFactoryDelegate.getInitialContext(WLInitialContextFactoryDelegate.java:364)
	at weblogic.jndi.Environment.getContext(Environment.java:307)
	at weblogic.jndi.Environment.getContext(Environment.java:277)
	at weblogic.jndi.WLInitialContextFactory.getInitialContext(WLInitialContextFactory.java:117)
	at javax.naming.spi.NamingManager.getInitialContext(NamingManager.java:667)
	at javax.naming.InitialContext.getDefaultInitCtx(InitialContext.java:247)
	at javax.naming.InitialContext.init(InitialContext.java:223)
	at javax.naming.InitialContext.&lt;init&gt;(InitialContext.java:175)
	at com.inovis.b2b.lib.service.ServiceLocator.getInitialContext(ServiceLocator.java:206)
	... 20 more
Caused by: java.net.ConnectException: t3://localhost:7001: Destination unreachable; nested exception is: 
	java.net.ConnectException: Connection refused: connect; No available router to destination
	at weblogic.rjvm.RJVMFinder.findOrCreate(RJVMFinder.java:204)
	at weblogic.rjvm.ServerURL.findOrCreateRJVM(ServerURL.java:154)
	at weblogic.jndi.WLInitialContextFactoryDelegate.getInitialContext(WLInitialContextFactoryDelegate.java:349)
	... 28 more
Caused by: java.rmi.ConnectException: Destination unreachable; nested exception is: 
	java.net.ConnectException: Connection refused: connect; No available router to destination
	at weblogic.rjvm.ConnectionManager.bootstrap(ConnectionManager.java:472)
	at weblogic.rjvm.ConnectionManager.bootstrap(ConnectionManager.java:323)
	at weblogic.rjvm.RJVMManager.findOrCreateRemoteInternal(RJVMManager.java:259)
	at weblogic.rjvm.RJVMManager.findOrCreate(RJVMManager.java:202)
	at weblogic.rjvm.RJVMFinder.findOrCreateRemoteServer(RJVMFinder.java:226)
	at weblogic.rjvm.RJVMFinder.findOrCreate(RJVMFinder.java:189)
	... 30 more
</error>
  </testcase>
  <testcase classname="test.com.inovis.mss.authorization.TestAuthorizationManager" name="testGetRolesQueryFilter4" time="2.043">
    <error message="[AUTH-00101] Failed to get a reference to the Home interface of the AuthorizationFacade EJB. This is an EJB error that probably stems from an incorrect deployment, a network problem, or the failure of an EJB server." type="com.inovis.b2b.lib.exception.OperationFailedException">class com.inovis.b2b.lib.exception.OperationFailedException: [AUTH-00101] Failed to get a reference to the Home interface of the AuthorizationFacade EJB. This is an EJB error that probably stems from an incorrect deployment, a network problem, or the failure of an EJB server.
	at com.inovis.mss.authorization.defs.AuthorizationManagerImp.&lt;init&gt;(AuthorizationManagerImp.java:67)
	at com.inovis.mss.authorization.AuthorizationManager.getManager(AuthorizationManager.java:56)
	at test.com.inovis.mss.authorization.TestAuthorizationManager.setUp(TestAuthorizationManager.java:90)
Caused by: class com.inovis.b2b.lib.service.ServiceUnavailableException: [LIBP-00001] Unable to connect to naming service
	at com.inovis.b2b.lib.service.ServiceLocator.getInitialContext(ServiceLocator.java:214)
	at com.inovis.b2b.lib.service.ServiceLocator.&lt;init&gt;(ServiceLocator.java:183)
	at com.inovis.b2b.lib.service.ServiceLocator.getInstance(ServiceLocator.java:167)
	at com.inovis.b2b.lib.service.ServiceLocator.getInstance(ServiceLocator.java:150)
	at com.inovis.mss.authorization.defs.AuthorizationManagerImp.&lt;init&gt;(AuthorizationManagerImp.java:60)
	... 16 more
Caused by: javax.naming.CommunicationException [Root exception is java.net.ConnectException: t3://localhost:7001: Destination unreachable; nested exception is: 
	java.net.ConnectException: Connection refused: connect; No available router to destination]
	at weblogic.jndi.internal.ExceptionTranslator.toNamingException(ExceptionTranslator.java:49)
	at weblogic.jndi.WLInitialContextFactoryDelegate.toNamingException(WLInitialContextFactoryDelegate.java:765)
	at weblogic.jndi.WLInitialContextFactoryDelegate.getInitialContext(WLInitialContextFactoryDelegate.java:364)
	at weblogic.jndi.Environment.getContext(Environment.java:307)
	at weblogic.jndi.Environment.getContext(Environment.java:277)
	at weblogic.jndi.WLInitialContextFactory.getInitialContext(WLInitialContextFactory.java:117)
	at javax.naming.spi.NamingManager.getInitialContext(NamingManager.java:667)
	at javax.naming.InitialContext.getDefaultInitCtx(InitialContext.java:247)
	at javax.naming.InitialContext.init(InitialContext.java:223)
	at javax.naming.InitialContext.&lt;init&gt;(InitialContext.java:175)
	at com.inovis.b2b.lib.service.ServiceLocator.getInitialContext(ServiceLocator.java:206)
	... 20 more
Caused by: java.net.ConnectException: t3://localhost:7001: Destination unreachable; nested exception is: 
	java.net.ConnectException: Connection refused: connect; No available router to destination
	at weblogic.rjvm.RJVMFinder.findOrCreate(RJVMFinder.java:204)
	at weblogic.rjvm.ServerURL.findOrCreateRJVM(ServerURL.java:154)
	at weblogic.jndi.WLInitialContextFactoryDelegate.getInitialContext(WLInitialContextFactoryDelegate.java:349)
	... 28 more
Caused by: java.rmi.ConnectException: Destination unreachable; nested exception is: 
	java.net.ConnectException: Connection refused: connect; No available router to destination
	at weblogic.rjvm.ConnectionManager.bootstrap(ConnectionManager.java:472)
	at weblogic.rjvm.ConnectionManager.bootstrap(ConnectionManager.java:323)
	at weblogic.rjvm.RJVMManager.findOrCreateRemoteInternal(RJVMManager.java:259)
	at weblogic.rjvm.RJVMManager.findOrCreate(RJVMManager.java:202)
	at weblogic.rjvm.RJVMFinder.findOrCreateRemoteServer(RJVMFinder.java:226)
	at weblogic.rjvm.RJVMFinder.findOrCreate(RJVMFinder.java:189)
	... 30 more
</error>
  </testcase>
  <testcase classname="test.com.inovis.mss.authorization.TestAuthorizationManager" name="testGetRolesFail" time="2.401">
    <error message="[AUTH-00101] Failed to get a reference to the Home interface of the AuthorizationFacade EJB. This is an EJB error that probably stems from an incorrect deployment, a network problem, or the failure of an EJB server." type="com.inovis.b2b.lib.exception.OperationFailedException">class com.inovis.b2b.lib.exception.OperationFailedException: [AUTH-00101] Failed to get a reference to the Home interface of the AuthorizationFacade EJB. This is an EJB error that probably stems from an incorrect deployment, a network problem, or the failure of an EJB server.
	at com.inovis.mss.authorization.defs.AuthorizationManagerImp.&lt;init&gt;(AuthorizationManagerImp.java:67)
	at com.inovis.mss.authorization.AuthorizationManager.getManager(AuthorizationManager.java:56)
	at test.com.inovis.mss.authorization.TestAuthorizationManager.setUp(TestAuthorizationManager.java:90)
Caused by: class com.inovis.b2b.lib.service.ServiceUnavailableException: [LIBP-00001] Unable to connect to naming service
	at com.inovis.b2b.lib.service.ServiceLocator.getInitialContext(ServiceLocator.java:214)
	at com.inovis.b2b.lib.service.ServiceLocator.&lt;init&gt;(ServiceLocator.java:183)
	at com.inovis.b2b.lib.service.ServiceLocator.getInstance(ServiceLocator.java:167)
	at com.inovis.b2b.lib.service.ServiceLocator.getInstance(ServiceLocator.java:150)
	at com.inovis.mss.authorization.defs.AuthorizationManagerImp.&lt;init&gt;(AuthorizationManagerImp.java:60)
	... 16 more
Caused by: javax.naming.CommunicationException [Root exception is java.net.ConnectException: t3://localhost:7001: Destination unreachable; nested exception is: 
	java.net.ConnectException: Connection refused: connect; No available router to destination]
	at weblogic.jndi.internal.ExceptionTranslator.toNamingException(ExceptionTranslator.java:49)
	at weblogic.jndi.WLInitialContextFactoryDelegate.toNamingException(WLInitialContextFactoryDelegate.java:765)
	at weblogic.jndi.WLInitialContextFactoryDelegate.getInitialContext(WLInitialContextFactoryDelegate.java:364)
	at weblogic.jndi.Environment.getContext(Environment.java:307)
	at weblogic.jndi.Environment.getContext(Environment.java:277)
	at weblogic.jndi.WLInitialContextFactory.getInitialContext(WLInitialContextFactory.java:117)
	at javax.naming.spi.NamingManager.getInitialContext(NamingManager.java:667)
	at javax.naming.InitialContext.getDefaultInitCtx(InitialContext.java:247)
	at javax.naming.InitialContext.init(InitialContext.java:223)
	at javax.naming.InitialContext.&lt;init&gt;(InitialContext.java:175)
	at com.inovis.b2b.lib.service.ServiceLocator.getInitialContext(ServiceLocator.java:206)
	... 20 more
Caused by: java.net.ConnectException: t3://localhost:7001: Destination unreachable; nested exception is: 
	java.net.ConnectException: Connection refused: connect; No available router to destination
	at weblogic.rjvm.RJVMFinder.findOrCreate(RJVMFinder.java:204)
	at weblogic.rjvm.ServerURL.findOrCreateRJVM(ServerURL.java:154)
	at weblogic.jndi.WLInitialContextFactoryDelegate.getInitialContext(WLInitialContextFactoryDelegate.java:349)
	... 28 more
Caused by: java.rmi.ConnectException: Destination unreachable; nested exception is: 
	java.net.ConnectException: Connection refused: connect; No available router to destination
	at weblogic.rjvm.ConnectionManager.bootstrap(ConnectionManager.java:472)
	at weblogic.rjvm.ConnectionManager.bootstrap(ConnectionManager.java:323)
	at weblogic.rjvm.RJVMManager.findOrCreateRemoteInternal(RJVMManager.java:259)
	at weblogic.rjvm.RJVMManager.findOrCreate(RJVMManager.java:202)
	at weblogic.rjvm.RJVMFinder.findOrCreateRemoteServer(RJVMFinder.java:226)
	at weblogic.rjvm.RJVMFinder.findOrCreate(RJVMFinder.java:189)
	... 30 more
</error>
  </testcase>
  <testcase classname="test.com.inovis.mss.authorization.TestAuthorizationManager" name="testGetRoleAccess1" time="2.792">
    <error message="[AUTH-00101] Failed to get a reference to the Home interface of the AuthorizationFacade EJB. This is an EJB error that probably stems from an incorrect deployment, a network problem, or the failure of an EJB server." type="com.inovis.b2b.lib.exception.OperationFailedException">class com.inovis.b2b.lib.exception.OperationFailedException: [AUTH-00101] Failed to get a reference to the Home interface of the AuthorizationFacade EJB. This is an EJB error that probably stems from an incorrect deployment, a network problem, or the failure of an EJB server.
	at com.inovis.mss.authorization.defs.AuthorizationManagerImp.&lt;init&gt;(AuthorizationManagerImp.java:67)
	at com.inovis.mss.authorization.AuthorizationManager.getManager(AuthorizationManager.java:56)
	at test.com.inovis.mss.authorization.TestAuthorizationManager.setUp(TestAuthorizationManager.java:90)
Caused by: class com.inovis.b2b.lib.service.ServiceUnavailableException: [LIBP-00001] Unable to connect to naming service
	at com.inovis.b2b.lib.service.ServiceLocator.getInitialContext(ServiceLocator.java:214)
	at com.inovis.b2b.lib.service.ServiceLocator.&lt;init&gt;(ServiceLocator.java:183)
	at com.inovis.b2b.lib.service.ServiceLocator.getInstance(ServiceLocator.java:167)
	at com.inovis.b2b.lib.service.ServiceLocator.getInstance(ServiceLocator.java:150)
	at com.inovis.mss.authorization.defs.AuthorizationManagerImp.&lt;init&gt;(AuthorizationManagerImp.java:60)
	... 16 more
Caused by: javax.naming.CommunicationException [Root exception is java.net.ConnectException: t3://localhost:7001: Destination unreachable; nested exception is: 
	java.net.ConnectException: Connection refused: connect; No available router to destination]
	at weblogic.jndi.internal.ExceptionTranslator.toNamingException(ExceptionTranslator.java:49)
	at weblogic.jndi.WLInitialContextFactoryDelegate.toNamingException(WLInitialContextFactoryDelegate.java:765)
	at weblogic.jndi.WLInitialContextFactoryDelegate.getInitialContext(WLInitialContextFactoryDelegate.java:364)
	at weblogic.jndi.Environment.getContext(Environment.java:307)
	at weblogic.jndi.Environment.getContext(Environment.java:277)
	at weblogic.jndi.WLInitialContextFactory.getInitialContext(WLInitialContextFactory.java:117)
	at javax.naming.spi.NamingManager.getInitialContext(NamingManager.java:667)
	at javax.naming.InitialContext.getDefaultInitCtx(InitialContext.java:247)
	at javax.naming.InitialContext.init(InitialContext.java:223)
	at javax.naming.InitialContext.&lt;init&gt;(InitialContext.java:175)
	at com.inovis.b2b.lib.service.ServiceLocator.getInitialContext(ServiceLocator.java:206)
	... 20 more
Caused by: java.net.ConnectException: t3://localhost:7001: Destination unreachable; nested exception is: 
	java.net.ConnectException: Connection refused: connect; No available router to destination
	at weblogic.rjvm.RJVMFinder.findOrCreate(RJVMFinder.java:204)
	at weblogic.rjvm.ServerURL.findOrCreateRJVM(ServerURL.java:154)
	at weblogic.jndi.WLInitialContextFactoryDelegate.getInitialContext(WLInitialContextFactoryDelegate.java:349)
	... 28 more
Caused by: java.rmi.ConnectException: Destination unreachable; nested exception is: 
	java.net.ConnectException: Connection refused: connect; No available router to destination
	at weblogic.rjvm.ConnectionManager.bootstrap(ConnectionManager.java:472)
	at weblogic.rjvm.ConnectionManager.bootstrap(ConnectionManager.java:323)
	at weblogic.rjvm.RJVMManager.findOrCreateRemoteInternal(RJVMManager.java:259)
	at weblogic.rjvm.RJVMManager.findOrCreate(RJVMManager.java:202)
	at weblogic.rjvm.RJVMFinder.findOrCreateRemoteServer(RJVMFinder.java:226)
	at weblogic.rjvm.RJVMFinder.findOrCreate(RJVMFinder.java:189)
	... 30 more
</error>
  </testcase>
  <testcase classname="test.com.inovis.mss.authorization.TestAuthorizationManager" name="testGetRoleAccessTopLevelFnGroups" time="2.074">
    <error message="[AUTH-00101] Failed to get a reference to the Home interface of the AuthorizationFacade EJB. This is an EJB error that probably stems from an incorrect deployment, a network problem, or the failure of an EJB server." type="com.inovis.b2b.lib.exception.OperationFailedException">class com.inovis.b2b.lib.exception.OperationFailedException: [AUTH-00101] Failed to get a reference to the Home interface of the AuthorizationFacade EJB. This is an EJB error that probably stems from an incorrect deployment, a network problem, or the failure of an EJB server.
	at com.inovis.mss.authorization.defs.AuthorizationManagerImp.&lt;init&gt;(AuthorizationManagerImp.java:67)
	at com.inovis.mss.authorization.AuthorizationManager.getManager(AuthorizationManager.java:56)
	at test.com.inovis.mss.authorization.TestAuthorizationManager.setUp(TestAuthorizationManager.java:90)
Caused by: class com.inovis.b2b.lib.service.ServiceUnavailableException: [LIBP-00001] Unable to connect to naming service
	at com.inovis.b2b.lib.service.ServiceLocator.getInitialContext(ServiceLocator.java:214)
	at com.inovis.b2b.lib.service.ServiceLocator.&lt;init&gt;(ServiceLocator.java:183)
	at com.inovis.b2b.lib.service.ServiceLocator.getInstance(ServiceLocator.java:167)
	at com.inovis.b2b.lib.service.ServiceLocator.getInstance(ServiceLocator.java:150)
	at com.inovis.mss.authorization.defs.AuthorizationManagerImp.&lt;init&gt;(AuthorizationManagerImp.java:60)
	... 16 more
Caused by: javax.naming.CommunicationException [Root exception is java.net.ConnectException: t3://localhost:7001: Destination unreachable; nested exception is: 
	java.net.ConnectException: Connection refused: connect; No available router to destination]
	at weblogic.jndi.internal.ExceptionTranslator.toNamingException(ExceptionTranslator.java:49)
	at weblogic.jndi.WLInitialContextFactoryDelegate.toNamingException(WLInitialContextFactoryDelegate.java:765)
	at weblogic.jndi.WLInitialContextFactoryDelegate.getInitialContext(WLInitialContextFactoryDelegate.java:364)
	at weblogic.jndi.Environment.getContext(Environment.java:307)
	at weblogic.jndi.Environment.getContext(Environment.java:277)
	at weblogic.jndi.WLInitialContextFactory.getInitialContext(WLInitialContextFactory.java:117)
	at javax.naming.spi.NamingManager.getInitialContext(NamingManager.java:667)
	at javax.naming.InitialContext.getDefaultInitCtx(InitialContext.java:247)
	at javax.naming.InitialContext.init(InitialContext.java:223)
	at javax.naming.InitialContext.&lt;init&gt;(InitialContext.java:175)
	at com.inovis.b2b.lib.service.ServiceLocator.getInitialContext(ServiceLocator.java:206)
	... 20 more
Caused by: java.net.ConnectException: t3://localhost:7001: Destination unreachable; nested exception is: 
	java.net.ConnectException: Connection refused: connect; No available router to destination
	at weblogic.rjvm.RJVMFinder.findOrCreate(RJVMFinder.java:204)
	at weblogic.rjvm.ServerURL.findOrCreateRJVM(ServerURL.java:154)
	at weblogic.jndi.WLInitialContextFactoryDelegate.getInitialContext(WLInitialContextFactoryDelegate.java:349)
	... 28 more
Caused by: java.rmi.ConnectException: Destination unreachable; nested exception is: 
	java.net.ConnectException: Connection refused: connect; No available router to destination
	at weblogic.rjvm.ConnectionManager.bootstrap(ConnectionManager.java:472)
	at weblogic.rjvm.ConnectionManager.bootstrap(ConnectionManager.java:323)
	at weblogic.rjvm.RJVMManager.findOrCreateRemoteInternal(RJVMManager.java:259)
	at weblogic.rjvm.RJVMManager.findOrCreate(RJVMManager.java:202)
	at weblogic.rjvm.RJVMFinder.findOrCreateRemoteServer(RJVMFinder.java:226)
	at weblogic.rjvm.RJVMFinder.findOrCreate(RJVMFinder.java:189)
	... 30 more
</error>
  </testcase>
  <testcase classname="test.com.inovis.mss.authorization.TestAuthorizationManager" name="testAddFunction" time="2.666">
    <error message="[AUTH-00101] Failed to get a reference to the Home interface of the AuthorizationFacade EJB. This is an EJB error that probably stems from an incorrect deployment, a network problem, or the failure of an EJB server." type="com.inovis.b2b.lib.exception.OperationFailedException">class com.inovis.b2b.lib.exception.OperationFailedException: [AUTH-00101] Failed to get a reference to the Home interface of the AuthorizationFacade EJB. This is an EJB error that probably stems from an incorrect deployment, a network problem, or the failure of an EJB server.
	at com.inovis.mss.authorization.defs.AuthorizationManagerImp.&lt;init&gt;(AuthorizationManagerImp.java:67)
	at com.inovis.mss.authorization.AuthorizationManager.getManager(AuthorizationManager.java:56)
	at test.com.inovis.mss.authorization.TestAuthorizationManager.setUp(TestAuthorizationManager.java:90)
Caused by: class com.inovis.b2b.lib.service.ServiceUnavailableException: [LIBP-00001] Unable to connect to naming service
	at com.inovis.b2b.lib.service.ServiceLocator.getInitialContext(ServiceLocator.java:214)
	at com.inovis.b2b.lib.service.ServiceLocator.&lt;init&gt;(ServiceLocator.java:183)
	at com.inovis.b2b.lib.service.ServiceLocator.getInstance(ServiceLocator.java:167)
	at com.inovis.b2b.lib.service.ServiceLocator.getInstance(ServiceLocator.java:150)
	at com.inovis.mss.authorization.defs.AuthorizationManagerImp.&lt;init&gt;(AuthorizationManagerImp.java:60)
	... 16 more
Caused by: javax.naming.CommunicationException [Root exception is java.net.ConnectException: t3://localhost:7001: Destination unreachable; nested exception is: 
	java.net.ConnectException: Connection refused: connect; No available router to destination]
	at weblogic.jndi.internal.ExceptionTranslator.toNamingException(ExceptionTranslator.java:49)
	at weblogic.jndi.WLInitialContextFactoryDelegate.toNamingException(WLInitialContextFactoryDelegate.java:765)
	at weblogic.jndi.WLInitialContextFactoryDelegate.getInitialContext(WLInitialContextFactoryDelegate.java:364)
	at weblogic.jndi.Environment.getContext(Environment.java:307)
	at weblogic.jndi.Environment.getContext(Environment.java:277)
	at weblogic.jndi.WLInitialContextFactory.getInitialContext(WLInitialContextFactory.java:117)
	at javax.naming.spi.NamingManager.getInitialContext(NamingManager.java:667)
	at javax.naming.InitialContext.getDefaultInitCtx(InitialContext.java:247)
	at javax.naming.InitialContext.init(InitialContext.java:223)
	at javax.naming.InitialContext.&lt;init&gt;(InitialContext.java:175)
	at com.inovis.b2b.lib.service.ServiceLocator.getInitialContext(ServiceLocator.java:206)
	... 20 more
Caused by: java.net.ConnectException: t3://localhost:7001: Destination unreachable; nested exception is: 
	java.net.ConnectException: Connection refused: connect; No available router to destination
	at weblogic.rjvm.RJVMFinder.findOrCreate(RJVMFinder.java:204)
	at weblogic.rjvm.ServerURL.findOrCreateRJVM(ServerURL.java:154)
	at weblogic.jndi.WLInitialContextFactoryDelegate.getInitialContext(WLInitialContextFactoryDelegate.java:349)
	... 28 more
Caused by: java.rmi.ConnectException: Destination unreachable; nested exception is: 
	java.net.ConnectException: Connection refused: connect; No available router to destination
	at weblogic.rjvm.ConnectionManager.bootstrap(ConnectionManager.java:472)
	at weblogic.rjvm.ConnectionManager.bootstrap(ConnectionManager.java:323)
	at weblogic.rjvm.RJVMManager.findOrCreateRemoteInternal(RJVMManager.java:259)
	at weblogic.rjvm.RJVMManager.findOrCreate(RJVMManager.java:202)
	at weblogic.rjvm.RJVMFinder.findOrCreateRemoteServer(RJVMFinder.java:226)
	at weblogic.rjvm.RJVMFinder.findOrCreate(RJVMFinder.java:189)
	... 30 more
</error>
  </testcase>
  <testcase classname="test.com.inovis.mss.authorization.TestAuthorizationManager" name="testAddFunctionFail" time="2.199">
    <error message="[AUTH-00101] Failed to get a reference to the Home interface of the AuthorizationFacade EJB. This is an EJB error that probably stems from an incorrect deployment, a network problem, or the failure of an EJB server." type="com.inovis.b2b.lib.exception.OperationFailedException">class com.inovis.b2b.lib.exception.OperationFailedException: [AUTH-00101] Failed to get a reference to the Home interface of the AuthorizationFacade EJB. This is an EJB error that probably stems from an incorrect deployment, a network problem, or the failure of an EJB server.
	at com.inovis.mss.authorization.defs.AuthorizationManagerImp.&lt;init&gt;(AuthorizationManagerImp.java:67)
	at com.inovis.mss.authorization.AuthorizationManager.getManager(AuthorizationManager.java:56)
	at test.com.inovis.mss.authorization.TestAuthorizationManager.setUp(TestAuthorizationManager.java:90)
Caused by: class com.inovis.b2b.lib.service.ServiceUnavailableException: [LIBP-00001] Unable to connect to naming service
	at com.inovis.b2b.lib.service.ServiceLocator.getInitialContext(ServiceLocator.java:214)
	at com.inovis.b2b.lib.service.ServiceLocator.&lt;init&gt;(ServiceLocator.java:183)
	at com.inovis.b2b.lib.service.ServiceLocator.getInstance(ServiceLocator.java:167)
	at com.inovis.b2b.lib.service.ServiceLocator.getInstance(ServiceLocator.java:150)
	at com.inovis.mss.authorization.defs.AuthorizationManagerImp.&lt;init&gt;(AuthorizationManagerImp.java:60)
	... 16 more
Caused by: javax.naming.CommunicationException [Root exception is java.net.ConnectException: t3://localhost:7001: Destination unreachable; nested exception is: 
	java.net.ConnectException: Connection refused: connect; No available router to destination]
	at weblogic.jndi.internal.ExceptionTranslator.toNamingException(ExceptionTranslator.java:49)
	at weblogic.jndi.WLInitialContextFactoryDelegate.toNamingException(WLInitialContextFactoryDelegate.java:765)
	at weblogic.jndi.WLInitialContextFactoryDelegate.getInitialContext(WLInitialContextFactoryDelegate.java:364)
	at weblogic.jndi.Environment.getContext(Environment.java:307)
	at weblogic.jndi.Environment.getContext(Environment.java:277)
	at weblogic.jndi.WLInitialContextFactory.getInitialContext(WLInitialContextFactory.java:117)
	at javax.naming.spi.NamingManager.getInitialContext(NamingManager.java:667)
	at javax.naming.InitialContext.getDefaultInitCtx(InitialContext.java:247)
	at javax.naming.InitialContext.init(InitialContext.java:223)
	at javax.naming.InitialContext.&lt;init&gt;(InitialContext.java:175)
	at com.inovis.b2b.lib.service.ServiceLocator.getInitialContext(ServiceLocator.java:206)
	... 20 more
Caused by: java.net.ConnectException: t3://localhost:7001: Destination unreachable; nested exception is: 
	java.net.ConnectException: Connection refused: connect; No available router to destination
	at weblogic.rjvm.RJVMFinder.findOrCreate(RJVMFinder.java:204)
	at weblogic.rjvm.ServerURL.findOrCreateRJVM(ServerURL.java:154)
	at weblogic.jndi.WLInitialContextFactoryDelegate.getInitialContext(WLInitialContextFactoryDelegate.java:349)
	... 28 more
Caused by: java.rmi.ConnectException: Destination unreachable; nested exception is: 
	java.net.ConnectException: Connection refused: connect; No available router to destination
	at weblogic.rjvm.ConnectionManager.bootstrap(ConnectionManager.java:472)
	at weblogic.rjvm.ConnectionManager.bootstrap(ConnectionManager.java:323)
	at weblogic.rjvm.RJVMManager.findOrCreateRemoteInternal(RJVMManager.java:259)
	at weblogic.rjvm.RJVMManager.findOrCreate(RJVMManager.java:202)
	at weblogic.rjvm.RJVMFinder.findOrCreateRemoteServer(RJVMFinder.java:226)
	at weblogic.rjvm.RJVMFinder.findOrCreate(RJVMFinder.java:189)
	... 30 more
</error>
  </testcase>
  <testcase classname="test.com.inovis.mss.authorization.TestAuthorizationManager" name="testAddFunctionFail2" time="2.371">
    <error message="[AUTH-00101] Failed to get a reference to the Home interface of the AuthorizationFacade EJB. This is an EJB error that probably stems from an incorrect deployment, a network problem, or the failure of an EJB server." type="com.inovis.b2b.lib.exception.OperationFailedException">class com.inovis.b2b.lib.exception.OperationFailedException: [AUTH-00101] Failed to get a reference to the Home interface of the AuthorizationFacade EJB. This is an EJB error that probably stems from an incorrect deployment, a network problem, or the failure of an EJB server.
	at com.inovis.mss.authorization.defs.AuthorizationManagerImp.&lt;init&gt;(AuthorizationManagerImp.java:67)
	at com.inovis.mss.authorization.AuthorizationManager.getManager(AuthorizationManager.java:56)
	at test.com.inovis.mss.authorization.TestAuthorizationManager.setUp(TestAuthorizationManager.java:90)
Caused by: class com.inovis.b2b.lib.service.ServiceUnavailableException: [LIBP-00001] Unable to connect to naming service
	at com.inovis.b2b.lib.service.ServiceLocator.getInitialContext(ServiceLocator.java:214)
	at com.inovis.b2b.lib.service.ServiceLocator.&lt;init&gt;(ServiceLocator.java:183)
	at com.inovis.b2b.lib.service.ServiceLocator.getInstance(ServiceLocator.java:167)
	at com.inovis.b2b.lib.service.ServiceLocator.getInstance(ServiceLocator.java:150)
	at com.inovis.mss.authorization.defs.AuthorizationManagerImp.&lt;init&gt;(AuthorizationManagerImp.java:60)
	... 16 more
Caused by: javax.naming.CommunicationException [Root exception is java.net.ConnectException: t3://localhost:7001: Destination unreachable; nested exception is: 
	java.net.ConnectException: Connection refused: connect; No available router to destination]
	at weblogic.jndi.internal.ExceptionTranslator.toNamingException(ExceptionTranslator.java:49)
	at weblogic.jndi.WLInitialContextFactoryDelegate.toNamingException(WLInitialContextFactoryDelegate.java:765)
	at weblogic.jndi.WLInitialContextFactoryDelegate.getInitialContext(WLInitialContextFactoryDelegate.java:364)
	at weblogic.jndi.Environment.getContext(Environment.java:307)
	at weblogic.jndi.Environment.getContext(Environment.java:277)
	at weblogic.jndi.WLInitialContextFactory.getInitialContext(WLInitialContextFactory.java:117)
	at javax.naming.spi.NamingManager.getInitialContext(NamingManager.java:667)
	at javax.naming.InitialContext.getDefaultInitCtx(InitialContext.java:247)
	at javax.naming.InitialContext.init(InitialContext.java:223)
	at javax.naming.InitialContext.&lt;init&gt;(InitialContext.java:175)
	at com.inovis.b2b.lib.service.ServiceLocator.getInitialContext(ServiceLocator.java:206)
	... 20 more
Caused by: java.net.ConnectException: t3://localhost:7001: Destination unreachable; nested exception is: 
	java.net.ConnectException: Connection refused: connect; No available router to destination
	at weblogic.rjvm.RJVMFinder.findOrCreate(RJVMFinder.java:204)
	at weblogic.rjvm.ServerURL.findOrCreateRJVM(ServerURL.java:154)
	at weblogic.jndi.WLInitialContextFactoryDelegate.getInitialContext(WLInitialContextFactoryDelegate.java:349)
	... 28 more
Caused by: java.rmi.ConnectException: Destination unreachable; nested exception is: 
	java.net.ConnectException: Connection refused: connect; No available router to destination
	at weblogic.rjvm.ConnectionManager.bootstrap(ConnectionManager.java:472)
	at weblogic.rjvm.ConnectionManager.bootstrap(ConnectionManager.java:323)
	at weblogic.rjvm.RJVMManager.findOrCreateRemoteInternal(RJVMManager.java:259)
	at weblogic.rjvm.RJVMManager.findOrCreate(RJVMManager.java:202)
	at weblogic.rjvm.RJVMFinder.findOrCreateRemoteServer(RJVMFinder.java:226)
	at weblogic.rjvm.RJVMFinder.findOrCreate(RJVMFinder.java:189)
	... 30 more
</error>
  </testcase>
  <testcase classname="test.com.inovis.mss.authorization.TestAuthorizationManager" name="testAddFunctionFail3" time="2.791">
    <error message="[AUTH-00101] Failed to get a reference to the Home interface of the AuthorizationFacade EJB. This is an EJB error that probably stems from an incorrect deployment, a network problem, or the failure of an EJB server." type="com.inovis.b2b.lib.exception.OperationFailedException">class com.inovis.b2b.lib.exception.OperationFailedException: [AUTH-00101] Failed to get a reference to the Home interface of the AuthorizationFacade EJB. This is an EJB error that probably stems from an incorrect deployment, a network problem, or the failure of an EJB server.
	at com.inovis.mss.authorization.defs.AuthorizationManagerImp.&lt;init&gt;(AuthorizationManagerImp.java:67)
	at com.inovis.mss.authorization.AuthorizationManager.getManager(AuthorizationManager.java:56)
	at test.com.inovis.mss.authorization.TestAuthorizationManager.setUp(TestAuthorizationManager.java:90)
Caused by: class com.inovis.b2b.lib.service.ServiceUnavailableException: [LIBP-00001] Unable to connect to naming service
	at com.inovis.b2b.lib.service.ServiceLocator.getInitialContext(ServiceLocator.java:214)
	at com.inovis.b2b.lib.service.ServiceLocator.&lt;init&gt;(ServiceLocator.java:183)
	at com.inovis.b2b.lib.service.ServiceLocator.getInstance(ServiceLocator.java:167)
	at com.inovis.b2b.lib.service.ServiceLocator.getInstance(ServiceLocator.java:150)
	at com.inovis.mss.authorization.defs.AuthorizationManagerImp.&lt;init&gt;(AuthorizationManagerImp.java:60)
	... 16 more
Caused by: javax.naming.CommunicationException [Root exception is java.net.ConnectException: t3://localhost:7001: Destination unreachable; nested exception is: 
	java.net.ConnectException: Connection refused: connect; No available router to destination]
	at weblogic.jndi.internal.ExceptionTranslator.toNamingException(ExceptionTranslator.java:49)
	at weblogic.jndi.WLInitialContextFactoryDelegate.toNamingException(WLInitialContextFactoryDelegate.java:765)
	at weblogic.jndi.WLInitialContextFactoryDelegate.getInitialContext(WLInitialContextFactoryDelegate.java:364)
	at weblogic.jndi.Environment.getContext(Environment.java:307)
	at weblogic.jndi.Environment.getContext(Environment.java:277)
	at weblogic.jndi.WLInitialContextFactory.getInitialContext(WLInitialContextFactory.java:117)
	at javax.naming.spi.NamingManager.getInitialContext(NamingManager.java:667)
	at javax.naming.InitialContext.getDefaultInitCtx(InitialContext.java:247)
	at javax.naming.InitialContext.init(InitialContext.java:223)
	at javax.naming.InitialContext.&lt;init&gt;(InitialContext.java:175)
	at com.inovis.b2b.lib.service.ServiceLocator.getInitialContext(ServiceLocator.java:206)
	... 20 more
Caused by: java.net.ConnectException: t3://localhost:7001: Destination unreachable; nested exception is: 
	java.net.ConnectException: Connection refused: connect; No available router to destination
	at weblogic.rjvm.RJVMFinder.findOrCreate(RJVMFinder.java:204)
	at weblogic.rjvm.ServerURL.findOrCreateRJVM(ServerURL.java:154)
	at weblogic.jndi.WLInitialContextFactoryDelegate.getInitialContext(WLInitialContextFactoryDelegate.java:349)
	... 28 more
Caused by: java.rmi.ConnectException: Destination unreachable; nested exception is: 
	java.net.ConnectException: Connection refused: connect; No available router to destination
	at weblogic.rjvm.ConnectionManager.bootstrap(ConnectionManager.java:472)
	at weblogic.rjvm.ConnectionManager.bootstrap(ConnectionManager.java:323)
	at weblogic.rjvm.RJVMManager.findOrCreateRemoteInternal(RJVMManager.java:259)
	at weblogic.rjvm.RJVMManager.findOrCreate(RJVMManager.java:202)
	at weblogic.rjvm.RJVMFinder.findOrCreateRemoteServer(RJVMFinder.java:226)
	at weblogic.rjvm.RJVMFinder.findOrCreate(RJVMFinder.java:189)
	... 30 more
</error>
  </testcase>
  <testcase classname="test.com.inovis.mss.authorization.TestAuthorizationManager" name="testGetRoleAccess2" time="2.667">
    <error message="[AUTH-00101] Failed to get a reference to the Home interface of the AuthorizationFacade EJB. This is an EJB error that probably stems from an incorrect deployment, a network problem, or the failure of an EJB server." type="com.inovis.b2b.lib.exception.OperationFailedException">class com.inovis.b2b.lib.exception.OperationFailedException: [AUTH-00101] Failed to get a reference to the Home interface of the AuthorizationFacade EJB. This is an EJB error that probably stems from an incorrect deployment, a network problem, or the failure of an EJB server.
	at com.inovis.mss.authorization.defs.AuthorizationManagerImp.&lt;init&gt;(AuthorizationManagerImp.java:67)
	at com.inovis.mss.authorization.AuthorizationManager.getManager(AuthorizationManager.java:56)
	at test.com.inovis.mss.authorization.TestAuthorizationManager.setUp(TestAuthorizationManager.java:90)
Caused by: class com.inovis.b2b.lib.service.ServiceUnavailableException: [LIBP-00001] Unable to connect to naming service
	at com.inovis.b2b.lib.service.ServiceLocator.getInitialContext(ServiceLocator.java:214)
	at com.inovis.b2b.lib.service.ServiceLocator.&lt;init&gt;(ServiceLocator.java:183)
	at com.inovis.b2b.lib.service.ServiceLocator.getInstance(ServiceLocator.java:167)
	at com.inovis.b2b.lib.service.ServiceLocator.getInstance(ServiceLocator.java:150)
	at com.inovis.mss.authorization.defs.AuthorizationManagerImp.&lt;init&gt;(AuthorizationManagerImp.java:60)
	... 16 more
Caused by: javax.naming.CommunicationException [Root exception is java.net.ConnectException: t3://localhost:7001: Destination unreachable; nested exception is: 
	java.net.ConnectException: Connection refused: connect; No available router to destination]
	at weblogic.jndi.internal.ExceptionTranslator.toNamingException(ExceptionTranslator.java:49)
	at weblogic.jndi.WLInitialContextFactoryDelegate.toNamingException(WLInitialContextFactoryDelegate.java:765)
	at weblogic.jndi.WLInitialContextFactoryDelegate.getInitialContext(WLInitialContextFactoryDelegate.java:364)
	at weblogic.jndi.Environment.getContext(Environment.java:307)
	at weblogic.jndi.Environment.getContext(Environment.java:277)
	at weblogic.jndi.WLInitialContextFactory.getInitialContext(WLInitialContextFactory.java:117)
	at javax.naming.spi.NamingManager.getInitialContext(NamingManager.java:667)
	at javax.naming.InitialContext.getDefaultInitCtx(InitialContext.java:247)
	at javax.naming.InitialContext.init(InitialContext.java:223)
	at javax.naming.InitialContext.&lt;init&gt;(InitialContext.java:175)
	at com.inovis.b2b.lib.service.ServiceLocator.getInitialContext(ServiceLocator.java:206)
	... 20 more
Caused by: java.net.ConnectException: t3://localhost:7001: Destination unreachable; nested exception is: 
	java.net.ConnectException: Connection refused: connect; No available router to destination
	at weblogic.rjvm.RJVMFinder.findOrCreate(RJVMFinder.java:204)
	at weblogic.rjvm.ServerURL.findOrCreateRJVM(ServerURL.java:154)
	at weblogic.jndi.WLInitialContextFactoryDelegate.getInitialContext(WLInitialContextFactoryDelegate.java:349)
	... 28 more
Caused by: java.rmi.ConnectException: Destination unreachable; nested exception is: 
	java.net.ConnectException: Connection refused: connect; No available router to destination
	at weblogic.rjvm.ConnectionManager.bootstrap(ConnectionManager.java:472)
	at weblogic.rjvm.ConnectionManager.bootstrap(ConnectionManager.java:323)
	at weblogic.rjvm.RJVMManager.findOrCreateRemoteInternal(RJVMManager.java:259)
	at weblogic.rjvm.RJVMManager.findOrCreate(RJVMManager.java:202)
	at weblogic.rjvm.RJVMFinder.findOrCreateRemoteServer(RJVMFinder.java:226)
	at weblogic.rjvm.RJVMFinder.findOrCreate(RJVMFinder.java:189)
	... 30 more
</error>
  </testcase>
  <testcase classname="test.com.inovis.mss.authorization.TestAuthorizationManager" name="testGetRoleAccessFail" time="2.464">
    <error message="[AUTH-00101] Failed to get a reference to the Home interface of the AuthorizationFacade EJB. This is an EJB error that probably stems from an incorrect deployment, a network problem, or the failure of an EJB server." type="com.inovis.b2b.lib.exception.OperationFailedException">class com.inovis.b2b.lib.exception.OperationFailedException: [AUTH-00101] Failed to get a reference to the Home interface of the AuthorizationFacade EJB. This is an EJB error that probably stems from an incorrect deployment, a network problem, or the failure of an EJB server.
	at com.inovis.mss.authorization.defs.AuthorizationManagerImp.&lt;init&gt;(AuthorizationManagerImp.java:67)
	at com.inovis.mss.authorization.AuthorizationManager.getManager(AuthorizationManager.java:56)
	at test.com.inovis.mss.authorization.TestAuthorizationManager.setUp(TestAuthorizationManager.java:90)
Caused by: class com.inovis.b2b.lib.service.ServiceUnavailableException: [LIBP-00001] Unable to connect to naming service
	at com.inovis.b2b.lib.service.ServiceLocator.getInitialContext(ServiceLocator.java:214)
	at com.inovis.b2b.lib.service.ServiceLocator.&lt;init&gt;(ServiceLocator.java:183)
	at com.inovis.b2b.lib.service.ServiceLocator.getInstance(ServiceLocator.java:167)
	at com.inovis.b2b.lib.service.ServiceLocator.getInstance(ServiceLocator.java:150)
	at com.inovis.mss.authorization.defs.AuthorizationManagerImp.&lt;init&gt;(AuthorizationManagerImp.java:60)
	... 16 more
Caused by: javax.naming.CommunicationException [Root exception is java.net.ConnectException: t3://localhost:7001: Destination unreachable; nested exception is: 
	java.net.ConnectException: Connection refused: connect; No available router to destination]
	at weblogic.jndi.internal.ExceptionTranslator.toNamingException(ExceptionTranslator.java:49)
	at weblogic.jndi.WLInitialContextFactoryDelegate.toNamingException(WLInitialContextFactoryDelegate.java:765)
	at weblogic.jndi.WLInitialContextFactoryDelegate.getInitialContext(WLInitialContextFactoryDelegate.java:364)
	at weblogic.jndi.Environment.getContext(Environment.java:307)
	at weblogic.jndi.Environment.getContext(Environment.java:277)
	at weblogic.jndi.WLInitialContextFactory.getInitialContext(WLInitialContextFactory.java:117)
	at javax.naming.spi.NamingManager.getInitialContext(NamingManager.java:667)
	at javax.naming.InitialContext.getDefaultInitCtx(InitialContext.java:247)
	at javax.naming.InitialContext.init(InitialContext.java:223)
	at javax.naming.InitialContext.&lt;init&gt;(InitialContext.java:175)
	at com.inovis.b2b.lib.service.ServiceLocator.getInitialContext(ServiceLocator.java:206)
	... 20 more
Caused by: java.net.ConnectException: t3://localhost:7001: Destination unreachable; nested exception is: 
	java.net.ConnectException: Connection refused: connect; No available router to destination
	at weblogic.rjvm.RJVMFinder.findOrCreate(RJVMFinder.java:204)
	at weblogic.rjvm.ServerURL.findOrCreateRJVM(ServerURL.java:154)
	at weblogic.jndi.WLInitialContextFactoryDelegate.getInitialContext(WLInitialContextFactoryDelegate.java:349)
	... 28 more
Caused by: java.rmi.ConnectException: Destination unreachable; nested exception is: 
	java.net.ConnectException: Connection refused: connect; No available router to destination
	at weblogic.rjvm.ConnectionManager.bootstrap(ConnectionManager.java:472)
	at weblogic.rjvm.ConnectionManager.bootstrap(ConnectionManager.java:323)
	at weblogic.rjvm.RJVMManager.findOrCreateRemoteInternal(RJVMManager.java:259)
	at weblogic.rjvm.RJVMManager.findOrCreate(RJVMManager.java:202)
	at weblogic.rjvm.RJVMFinder.findOrCreateRemoteServer(RJVMFinder.java:226)
	at weblogic.rjvm.RJVMFinder.findOrCreate(RJVMFinder.java:189)
	... 30 more
</error>
  </testcase>
  <testcase classname="test.com.inovis.mss.authorization.TestAuthorizationManager" name="testRemoveFunctionFail" time="2.994">
    <error message="[AUTH-00101] Failed to get a reference to the Home interface of the AuthorizationFacade EJB. This is an EJB error that probably stems from an incorrect deployment, a network problem, or the failure of an EJB server." type="com.inovis.b2b.lib.exception.OperationFailedException">class com.inovis.b2b.lib.exception.OperationFailedException: [AUTH-00101] Failed to get a reference to the Home interface of the AuthorizationFacade EJB. This is an EJB error that probably stems from an incorrect deployment, a network problem, or the failure of an EJB server.
	at com.inovis.mss.authorization.defs.AuthorizationManagerImp.&lt;init&gt;(AuthorizationManagerImp.java:67)
	at com.inovis.mss.authorization.AuthorizationManager.getManager(AuthorizationManager.java:56)
	at test.com.inovis.mss.authorization.TestAuthorizationManager.setUp(TestAuthorizationManager.java:90)
Caused by: class com.inovis.b2b.lib.service.ServiceUnavailableException: [LIBP-00001] Unable to connect to naming service
	at com.inovis.b2b.lib.service.ServiceLocator.getInitialContext(ServiceLocator.java:214)
	at com.inovis.b2b.lib.service.ServiceLocator.&lt;init&gt;(ServiceLocator.java:183)
	at com.inovis.b2b.lib.service.ServiceLocator.getInstance(ServiceLocator.java:167)
	at com.inovis.b2b.lib.service.ServiceLocator.getInstance(ServiceLocator.java:150)
	at com.inovis.mss.authorization.defs.AuthorizationManagerImp.&lt;init&gt;(AuthorizationManagerImp.java:60)
	... 16 more
Caused by: javax.naming.CommunicationException [Root exception is java.net.ConnectException: t3://localhost:7001: Destination unreachable; nested exception is: 
	java.net.ConnectException: Connection refused: connect; No available router to destination]
	at weblogic.jndi.internal.ExceptionTranslator.toNamingException(ExceptionTranslator.java:49)
	at weblogic.jndi.WLInitialContextFactoryDelegate.toNamingException(WLInitialContextFactoryDelegate.java:765)
	at weblogic.jndi.WLInitialContextFactoryDelegate.getInitialContext(WLInitialContextFactoryDelegate.java:364)
	at weblogic.jndi.Environment.getContext(Environment.java:307)
	at weblogic.jndi.Environment.getContext(Environment.java:277)
	at weblogic.jndi.WLInitialContextFactory.getInitialContext(WLInitialContextFactory.java:117)
	at javax.naming.spi.NamingManager.getInitialContext(NamingManager.java:667)
	at javax.naming.InitialContext.getDefaultInitCtx(InitialContext.java:247)
	at javax.naming.InitialContext.init(InitialContext.java:223)
	at javax.naming.InitialContext.&lt;init&gt;(InitialContext.java:175)
	at com.inovis.b2b.lib.service.ServiceLocator.getInitialContext(ServiceLocator.java:206)
	... 20 more
Caused by: java.net.ConnectException: t3://localhost:7001: Destination unreachable; nested exception is: 
	java.net.ConnectException: Connection refused: connect; No available router to destination
	at weblogic.rjvm.RJVMFinder.findOrCreate(RJVMFinder.java:204)
	at weblogic.rjvm.ServerURL.findOrCreateRJVM(ServerURL.java:154)
	at weblogic.jndi.WLInitialContextFactoryDelegate.getInitialContext(WLInitialContextFactoryDelegate.java:349)
	... 28 more
Caused by: java.rmi.ConnectException: Destination unreachable; nested exception is: 
	java.net.ConnectException: Connection refused: connect; No available router to destination
	at weblogic.rjvm.ConnectionManager.bootstrap(ConnectionManager.java:472)
	at weblogic.rjvm.ConnectionManager.bootstrap(ConnectionManager.java:323)
	at weblogic.rjvm.RJVMManager.findOrCreateRemoteInternal(RJVMManager.java:259)
	at weblogic.rjvm.RJVMManager.findOrCreate(RJVMManager.java:202)
	at weblogic.rjvm.RJVMFinder.findOrCreateRemoteServer(RJVMFinder.java:226)
	at weblogic.rjvm.RJVMFinder.findOrCreate(RJVMFinder.java:189)
	... 30 more
</error>
  </testcase>
  <testcase classname="test.com.inovis.mss.authorization.TestAuthorizationManager" name="testRemoveFunctionFail3" time="2.869">
    <error message="[AUTH-00101] Failed to get a reference to the Home interface of the AuthorizationFacade EJB. This is an EJB error that probably stems from an incorrect deployment, a network problem, or the failure of an EJB server." type="com.inovis.b2b.lib.exception.OperationFailedException">class com.inovis.b2b.lib.exception.OperationFailedException: [AUTH-00101] Failed to get a reference to the Home interface of the AuthorizationFacade EJB. This is an EJB error that probably stems from an incorrect deployment, a network problem, or the failure of an EJB server.
	at com.inovis.mss.authorization.defs.AuthorizationManagerImp.&lt;init&gt;(AuthorizationManagerImp.java:67)
	at com.inovis.mss.authorization.AuthorizationManager.getManager(AuthorizationManager.java:56)
	at test.com.inovis.mss.authorization.TestAuthorizationManager.setUp(TestAuthorizationManager.java:90)
Caused by: class com.inovis.b2b.lib.service.ServiceUnavailableException: [LIBP-00001] Unable to connect to naming service
	at com.inovis.b2b.lib.service.ServiceLocator.getInitialContext(ServiceLocator.java:214)
	at com.inovis.b2b.lib.service.ServiceLocator.&lt;init&gt;(ServiceLocator.java:183)
	at com.inovis.b2b.lib.service.ServiceLocator.getInstance(ServiceLocator.java:167)
	at com.inovis.b2b.lib.service.ServiceLocator.getInstance(ServiceLocator.java:150)
	at com.inovis.mss.authorization.defs.AuthorizationManagerImp.&lt;init&gt;(AuthorizationManagerImp.java:60)
	... 16 more
Caused by: javax.naming.CommunicationException [Root exception is java.net.ConnectException: t3://localhost:7001: Destination unreachable; nested exception is: 
	java.net.ConnectException: Connection refused: connect; No available router to destination]
	at weblogic.jndi.internal.ExceptionTranslator.toNamingException(ExceptionTranslator.java:49)
	at weblogic.jndi.WLInitialContextFactoryDelegate.toNamingException(WLInitialContextFactoryDelegate.java:765)
	at weblogic.jndi.WLInitialContextFactoryDelegate.getInitialContext(WLInitialContextFactoryDelegate.java:364)
	at weblogic.jndi.Environment.getContext(Environment.java:307)
	at weblogic.jndi.Environment.getContext(Environment.java:277)
	at weblogic.jndi.WLInitialContextFactory.getInitialContext(WLInitialContextFactory.java:117)
	at javax.naming.spi.NamingManager.getInitialContext(NamingManager.java:667)
	at javax.naming.InitialContext.getDefaultInitCtx(InitialContext.java:247)
	at javax.naming.InitialContext.init(InitialContext.java:223)
	at javax.naming.InitialContext.&lt;init&gt;(InitialContext.java:175)
	at com.inovis.b2b.lib.service.ServiceLocator.getInitialContext(ServiceLocator.java:206)
	... 20 more
Caused by: java.net.ConnectException: t3://localhost:7001: Destination unreachable; nested exception is: 
	java.net.ConnectException: Connection refused: connect; No available router to destination
	at weblogic.rjvm.RJVMFinder.findOrCreate(RJVMFinder.java:204)
	at weblogic.rjvm.ServerURL.findOrCreateRJVM(ServerURL.java:154)
	at weblogic.jndi.WLInitialContextFactoryDelegate.getInitialContext(WLInitialContextFactoryDelegate.java:349)
	... 28 more
Caused by: java.rmi.ConnectException: Destination unreachable; nested exception is: 
	java.net.ConnectException: Connection refused: connect; No available router to destination
	at weblogic.rjvm.ConnectionManager.bootstrap(ConnectionManager.java:472)
	at weblogic.rjvm.ConnectionManager.bootstrap(ConnectionManager.java:323)
	at weblogic.rjvm.RJVMManager.findOrCreateRemoteInternal(RJVMManager.java:259)
	at weblogic.rjvm.RJVMManager.findOrCreate(RJVMManager.java:202)
	at weblogic.rjvm.RJVMFinder.findOrCreateRemoteServer(RJVMFinder.java:226)
	at weblogic.rjvm.RJVMFinder.findOrCreate(RJVMFinder.java:189)
	... 30 more
</error>
  </testcase>
  <testcase classname="test.com.inovis.mss.authorization.TestAuthorizationManager" name="testRemoveFunction" time="2.168">
    <error message="[AUTH-00101] Failed to get a reference to the Home interface of the AuthorizationFacade EJB. This is an EJB error that probably stems from an incorrect deployment, a network problem, or the failure of an EJB server." type="com.inovis.b2b.lib.exception.OperationFailedException">class com.inovis.b2b.lib.exception.OperationFailedException: [AUTH-00101] Failed to get a reference to the Home interface of the AuthorizationFacade EJB. This is an EJB error that probably stems from an incorrect deployment, a network problem, or the failure of an EJB server.
	at com.inovis.mss.authorization.defs.AuthorizationManagerImp.&lt;init&gt;(AuthorizationManagerImp.java:67)
	at com.inovis.mss.authorization.AuthorizationManager.getManager(AuthorizationManager.java:56)
	at test.com.inovis.mss.authorization.TestAuthorizationManager.setUp(TestAuthorizationManager.java:90)
Caused by: class com.inovis.b2b.lib.service.ServiceUnavailableException: [LIBP-00001] Unable to connect to naming service
	at com.inovis.b2b.lib.service.ServiceLocator.getInitialContext(ServiceLocator.java:214)
	at com.inovis.b2b.lib.service.ServiceLocator.&lt;init&gt;(ServiceLocator.java:183)
	at com.inovis.b2b.lib.service.ServiceLocator.getInstance(ServiceLocator.java:167)
	at com.inovis.b2b.lib.service.ServiceLocator.getInstance(ServiceLocator.java:150)
	at com.inovis.mss.authorization.defs.AuthorizationManagerImp.&lt;init&gt;(AuthorizationManagerImp.java:60)
	... 16 more
Caused by: javax.naming.CommunicationException [Root exception is java.net.ConnectException: t3://localhost:7001: Destination unreachable; nested exception is: 
	java.net.ConnectException: Connection refused: connect; No available router to destination]
	at weblogic.jndi.internal.ExceptionTranslator.toNamingException(ExceptionTranslator.java:49)
	at weblogic.jndi.WLInitialContextFactoryDelegate.toNamingException(WLInitialContextFactoryDelegate.java:765)
	at weblogic.jndi.WLInitialContextFactoryDelegate.getInitialContext(WLInitialContextFactoryDelegate.java:364)
	at weblogic.jndi.Environment.getContext(Environment.java:307)
	at weblogic.jndi.Environment.getContext(Environment.java:277)
	at weblogic.jndi.WLInitialContextFactory.getInitialContext(WLInitialContextFactory.java:117)
	at javax.naming.spi.NamingManager.getInitialContext(NamingManager.java:667)
	at javax.naming.InitialContext.getDefaultInitCtx(InitialContext.java:247)
	at javax.naming.InitialContext.init(InitialContext.java:223)
	at javax.naming.InitialContext.&lt;init&gt;(InitialContext.java:175)
	at com.inovis.b2b.lib.service.ServiceLocator.getInitialContext(ServiceLocator.java:206)
	... 20 more
Caused by: java.net.ConnectException: t3://localhost:7001: Destination unreachable; nested exception is: 
	java.net.ConnectException: Connection refused: connect; No available router to destination
	at weblogic.rjvm.RJVMFinder.findOrCreate(RJVMFinder.java:204)
	at weblogic.rjvm.ServerURL.findOrCreateRJVM(ServerURL.java:154)
	at weblogic.jndi.WLInitialContextFactoryDelegate.getInitialContext(WLInitialContextFactoryDelegate.java:349)
	... 28 more
Caused by: java.rmi.ConnectException: Destination unreachable; nested exception is: 
	java.net.ConnectException: Connection refused: connect; No available router to destination
	at weblogic.rjvm.ConnectionManager.bootstrap(ConnectionManager.java:472)
	at weblogic.rjvm.ConnectionManager.bootstrap(ConnectionManager.java:323)
	at weblogic.rjvm.RJVMManager.findOrCreateRemoteInternal(RJVMManager.java:259)
	at weblogic.rjvm.RJVMManager.findOrCreate(RJVMManager.java:202)
	at weblogic.rjvm.RJVMFinder.findOrCreateRemoteServer(RJVMFinder.java:226)
	at weblogic.rjvm.RJVMFinder.findOrCreate(RJVMFinder.java:189)
	... 30 more
</error>
  </testcase>
  <testcase classname="test.com.inovis.mss.authorization.TestAuthorizationManager" name="testDeleteRoleFail" time="2.276">
    <error message="[AUTH-00101] Failed to get a reference to the Home interface of the AuthorizationFacade EJB. This is an EJB error that probably stems from an incorrect deployment, a network problem, or the failure of an EJB server." type="com.inovis.b2b.lib.exception.OperationFailedException">class com.inovis.b2b.lib.exception.OperationFailedException: [AUTH-00101] Failed to get a reference to the Home interface of the AuthorizationFacade EJB. This is an EJB error that probably stems from an incorrect deployment, a network problem, or the failure of an EJB server.
	at com.inovis.mss.authorization.defs.AuthorizationManagerImp.&lt;init&gt;(AuthorizationManagerImp.java:67)
	at com.inovis.mss.authorization.AuthorizationManager.getManager(AuthorizationManager.java:56)
	at test.com.inovis.mss.authorization.TestAuthorizationManager.setUp(TestAuthorizationManager.java:90)
Caused by: class com.inovis.b2b.lib.service.ServiceUnavailableException: [LIBP-00001] Unable to connect to naming service
	at com.inovis.b2b.lib.service.ServiceLocator.getInitialContext(ServiceLocator.java:214)
	at com.inovis.b2b.lib.service.ServiceLocator.&lt;init&gt;(ServiceLocator.java:183)
	at com.inovis.b2b.lib.service.ServiceLocator.getInstance(ServiceLocator.java:167)
	at com.inovis.b2b.lib.service.ServiceLocator.getInstance(ServiceLocator.java:150)
	at com.inovis.mss.authorization.defs.AuthorizationManagerImp.&lt;init&gt;(AuthorizationManagerImp.java:60)
	... 16 more
Caused by: javax.naming.CommunicationException [Root exception is java.net.ConnectException: t3://localhost:7001: Destination unreachable; nested exception is: 
	java.net.ConnectException: Connection refused: connect; No available router to destination]
	at weblogic.jndi.internal.ExceptionTranslator.toNamingException(ExceptionTranslator.java:49)
	at weblogic.jndi.WLInitialContextFactoryDelegate.toNamingException(WLInitialContextFactoryDelegate.java:765)
	at weblogic.jndi.WLInitialContextFactoryDelegate.getInitialContext(WLInitialContextFactoryDelegate.java:364)
	at weblogic.jndi.Environment.getContext(Environment.java:307)
	at weblogic.jndi.Environment.getContext(Environment.java:277)
	at weblogic.jndi.WLInitialContextFactory.getInitialContext(WLInitialContextFactory.java:117)
	at javax.naming.spi.NamingManager.getInitialContext(NamingManager.java:667)
	at javax.naming.InitialContext.getDefaultInitCtx(InitialContext.java:247)
	at javax.naming.InitialContext.init(InitialContext.java:223)
	at javax.naming.InitialContext.&lt;init&gt;(InitialContext.java:175)
	at com.inovis.b2b.lib.service.ServiceLocator.getInitialContext(ServiceLocator.java:206)
	... 20 more
Caused by: java.net.ConnectException: t3://localhost:7001: Destination unreachable; nested exception is: 
	java.net.ConnectException: Connection refused: connect; No available router to destination
	at weblogic.rjvm.RJVMFinder.findOrCreate(RJVMFinder.java:204)
	at weblogic.rjvm.ServerURL.findOrCreateRJVM(ServerURL.java:154)
	at weblogic.jndi.WLInitialContextFactoryDelegate.getInitialContext(WLInitialContextFactoryDelegate.java:349)
	... 28 more
Caused by: java.rmi.ConnectException: Destination unreachable; nested exception is: 
	java.net.ConnectException: Connection refused: connect; No available router to destination
	at weblogic.rjvm.ConnectionManager.bootstrap(ConnectionManager.java:472)
	at weblogic.rjvm.ConnectionManager.bootstrap(ConnectionManager.java:323)
	at weblogic.rjvm.RJVMManager.findOrCreateRemoteInternal(RJVMManager.java:259)
	at weblogic.rjvm.RJVMManager.findOrCreate(RJVMManager.java:202)
	at weblogic.rjvm.RJVMFinder.findOrCreateRemoteServer(RJVMFinder.java:226)
	at weblogic.rjvm.RJVMFinder.findOrCreate(RJVMFinder.java:189)
	... 30 more
</error>
  </testcase>
  <testcase classname="test.com.inovis.mss.authorization.TestAuthorizationManager" name="testDeleteRoleFail2" time="2.698">
    <error message="[AUTH-00101] Failed to get a reference to the Home interface of the AuthorizationFacade EJB. This is an EJB error that probably stems from an incorrect deployment, a network problem, or the failure of an EJB server." type="com.inovis.b2b.lib.exception.OperationFailedException">class com.inovis.b2b.lib.exception.OperationFailedException: [AUTH-00101] Failed to get a reference to the Home interface of the AuthorizationFacade EJB. This is an EJB error that probably stems from an incorrect deployment, a network problem, or the failure of an EJB server.
	at com.inovis.mss.authorization.defs.AuthorizationManagerImp.&lt;init&gt;(AuthorizationManagerImp.java:67)
	at com.inovis.mss.authorization.AuthorizationManager.getManager(AuthorizationManager.java:56)
	at test.com.inovis.mss.authorization.TestAuthorizationManager.setUp(TestAuthorizationManager.java:90)
Caused by: class com.inovis.b2b.lib.service.ServiceUnavailableException: [LIBP-00001] Unable to connect to naming service
	at com.inovis.b2b.lib.service.ServiceLocator.getInitialContext(ServiceLocator.java:214)
	at com.inovis.b2b.lib.service.ServiceLocator.&lt;init&gt;(ServiceLocator.java:183)
	at com.inovis.b2b.lib.service.ServiceLocator.getInstance(ServiceLocator.java:167)
	at com.inovis.b2b.lib.service.ServiceLocator.getInstance(ServiceLocator.java:150)
	at com.inovis.mss.authorization.defs.AuthorizationManagerImp.&lt;init&gt;(AuthorizationManagerImp.java:60)
	... 16 more
Caused by: javax.naming.CommunicationException [Root exception is java.net.ConnectException: t3://localhost:7001: Destination unreachable; nested exception is: 
	java.net.ConnectException: Connection refused: connect; No available router to destination]
	at weblogic.jndi.internal.ExceptionTranslator.toNamingException(ExceptionTranslator.java:49)
	at weblogic.jndi.WLInitialContextFactoryDelegate.toNamingException(WLInitialContextFactoryDelegate.java:765)
	at weblogic.jndi.WLInitialContextFactoryDelegate.getInitialContext(WLInitialContextFactoryDelegate.java:364)
	at weblogic.jndi.Environment.getContext(Environment.java:307)
	at weblogic.jndi.Environment.getContext(Environment.java:277)
	at weblogic.jndi.WLInitialContextFactory.getInitialContext(WLInitialContextFactory.java:117)
	at javax.naming.spi.NamingManager.getInitialContext(NamingManager.java:667)
	at javax.naming.InitialContext.getDefaultInitCtx(InitialContext.java:247)
	at javax.naming.InitialContext.init(InitialContext.java:223)
	at javax.naming.InitialContext.&lt;init&gt;(InitialContext.java:175)
	at com.inovis.b2b.lib.service.ServiceLocator.getInitialContext(ServiceLocator.java:206)
	... 20 more
Caused by: java.net.ConnectException: t3://localhost:7001: Destination unreachable; nested exception is: 
	java.net.ConnectException: Connection refused: connect; No available router to destination
	at weblogic.rjvm.RJVMFinder.findOrCreate(RJVMFinder.java:204)
	at weblogic.rjvm.ServerURL.findOrCreateRJVM(ServerURL.java:154)
	at weblogic.jndi.WLInitialContextFactoryDelegate.getInitialContext(WLInitialContextFactoryDelegate.java:349)
	... 28 more
Caused by: java.rmi.ConnectException: Destination unreachable; nested exception is: 
	java.net.ConnectException: Connection refused: connect; No available router to destination
	at weblogic.rjvm.ConnectionManager.bootstrap(ConnectionManager.java:472)
	at weblogic.rjvm.ConnectionManager.bootstrap(ConnectionManager.java:323)
	at weblogic.rjvm.RJVMManager.findOrCreateRemoteInternal(RJVMManager.java:259)
	at weblogic.rjvm.RJVMManager.findOrCreate(RJVMManager.java:202)
	at weblogic.rjvm.RJVMFinder.findOrCreateRemoteServer(RJVMFinder.java:226)
	at weblogic.rjvm.RJVMFinder.findOrCreate(RJVMFinder.java:189)
	... 30 more
</error>
  </testcase>
  <testcase classname="test.com.inovis.mss.authorization.TestAuthorizationManager" name="testAddFunction2" time="1.95">
    <error message="[AUTH-00101] Failed to get a reference to the Home interface of the AuthorizationFacade EJB. This is an EJB error that probably stems from an incorrect deployment, a network problem, or the failure of an EJB server." type="com.inovis.b2b.lib.exception.OperationFailedException">class com.inovis.b2b.lib.exception.OperationFailedException: [AUTH-00101] Failed to get a reference to the Home interface of the AuthorizationFacade EJB. This is an EJB error that probably stems from an incorrect deployment, a network problem, or the failure of an EJB server.
	at com.inovis.mss.authorization.defs.AuthorizationManagerImp.&lt;init&gt;(AuthorizationManagerImp.java:67)
	at com.inovis.mss.authorization.AuthorizationManager.getManager(AuthorizationManager.java:56)
	at test.com.inovis.mss.authorization.TestAuthorizationManager.setUp(TestAuthorizationManager.java:90)
Caused by: class com.inovis.b2b.lib.service.ServiceUnavailableException: [LIBP-00001] Unable to connect to naming service
	at com.inovis.b2b.lib.service.ServiceLocator.getInitialContext(ServiceLocator.java:214)
	at com.inovis.b2b.lib.service.ServiceLocator.&lt;init&gt;(ServiceLocator.java:183)
	at com.inovis.b2b.lib.service.ServiceLocator.getInstance(ServiceLocator.java:167)
	at com.inovis.b2b.lib.service.ServiceLocator.getInstance(ServiceLocator.java:150)
	at com.inovis.mss.authorization.defs.AuthorizationManagerImp.&lt;init&gt;(AuthorizationManagerImp.java:60)
	... 16 more
Caused by: javax.naming.CommunicationException [Root exception is java.net.ConnectException: t3://localhost:7001: Destination unreachable; nested exception is: 
	java.net.ConnectException: Connection refused: connect; No available router to destination]
	at weblogic.jndi.internal.ExceptionTranslator.toNamingException(ExceptionTranslator.java:49)
	at weblogic.jndi.WLInitialContextFactoryDelegate.toNamingException(WLInitialContextFactoryDelegate.java:765)
	at weblogic.jndi.WLInitialContextFactoryDelegate.getInitialContext(WLInitialContextFactoryDelegate.java:364)
	at weblogic.jndi.Environment.getContext(Environment.java:307)
	at weblogic.jndi.Environment.getContext(Environment.java:277)
	at weblogic.jndi.WLInitialContextFactory.getInitialContext(WLInitialContextFactory.java:117)
	at javax.naming.spi.NamingManager.getInitialContext(NamingManager.java:667)
	at javax.naming.InitialContext.getDefaultInitCtx(InitialContext.java:247)
	at javax.naming.InitialContext.init(InitialContext.java:223)
	at javax.naming.InitialContext.&lt;init&gt;(InitialContext.java:175)
	at com.inovis.b2b.lib.service.ServiceLocator.getInitialContext(ServiceLocator.java:206)
	... 20 more
Caused by: java.net.ConnectException: t3://localhost:7001: Destination unreachable; nested exception is: 
	java.net.ConnectException: Connection refused: connect; No available router to destination
	at weblogic.rjvm.RJVMFinder.findOrCreate(RJVMFinder.java:204)
	at weblogic.rjvm.ServerURL.findOrCreateRJVM(ServerURL.java:154)
	at weblogic.jndi.WLInitialContextFactoryDelegate.getInitialContext(WLInitialContextFactoryDelegate.java:349)
	... 28 more
Caused by: java.rmi.ConnectException: Destination unreachable; nested exception is: 
	java.net.ConnectException: Connection refused: connect; No available router to destination
	at weblogic.rjvm.ConnectionManager.bootstrap(ConnectionManager.java:472)
	at weblogic.rjvm.ConnectionManager.bootstrap(ConnectionManager.java:323)
	at weblogic.rjvm.RJVMManager.findOrCreateRemoteInternal(RJVMManager.java:259)
	at weblogic.rjvm.RJVMManager.findOrCreate(RJVMManager.java:202)
	at weblogic.rjvm.RJVMFinder.findOrCreateRemoteServer(RJVMFinder.java:226)
	at weblogic.rjvm.RJVMFinder.findOrCreate(RJVMFinder.java:189)
	... 30 more
</error>
  </testcase>
  <testcase classname="test.com.inovis.mss.authorization.TestAuthorizationManager" name="testDeleteRole2" time="2.37">
    <error message="[AUTH-00101] Failed to get a reference to the Home interface of the AuthorizationFacade EJB. This is an EJB error that probably stems from an incorrect deployment, a network problem, or the failure of an EJB server." type="com.inovis.b2b.lib.exception.OperationFailedException">class com.inovis.b2b.lib.exception.OperationFailedException: [AUTH-00101] Failed to get a reference to the Home interface of the AuthorizationFacade EJB. This is an EJB error that probably stems from an incorrect deployment, a network problem, or the failure of an EJB server.
	at com.inovis.mss.authorization.defs.AuthorizationManagerImp.&lt;init&gt;(AuthorizationManagerImp.java:67)
	at com.inovis.mss.authorization.AuthorizationManager.getManager(AuthorizationManager.java:56)
	at test.com.inovis.mss.authorization.TestAuthorizationManager.setUp(TestAuthorizationManager.java:90)
Caused by: class com.inovis.b2b.lib.service.ServiceUnavailableException: [LIBP-00001] Unable to connect to naming service
	at com.inovis.b2b.lib.service.ServiceLocator.getInitialContext(ServiceLocator.java:214)
	at com.inovis.b2b.lib.service.ServiceLocator.&lt;init&gt;(ServiceLocator.java:183)
	at com.inovis.b2b.lib.service.ServiceLocator.getInstance(ServiceLocator.java:167)
	at com.inovis.b2b.lib.service.ServiceLocator.getInstance(ServiceLocator.java:150)
	at com.inovis.mss.authorization.defs.AuthorizationManagerImp.&lt;init&gt;(AuthorizationManagerImp.java:60)
	... 16 more
Caused by: javax.naming.CommunicationException [Root exception is java.net.ConnectException: t3://localhost:7001: Destination unreachable; nested exception is: 
	java.net.ConnectException: Connection refused: connect; No available router to destination]
	at weblogic.jndi.internal.ExceptionTranslator.toNamingException(ExceptionTranslator.java:49)
	at weblogic.jndi.WLInitialContextFactoryDelegate.toNamingException(WLInitialContextFactoryDelegate.java:765)
	at weblogic.jndi.WLInitialContextFactoryDelegate.getInitialContext(WLInitialContextFactoryDelegate.java:364)
	at weblogic.jndi.Environment.getContext(Environment.java:307)
	at weblogic.jndi.Environment.getContext(Environment.java:277)
	at weblogic.jndi.WLInitialContextFactory.getInitialContext(WLInitialContextFactory.java:117)
	at javax.naming.spi.NamingManager.getInitialContext(NamingManager.java:667)
	at javax.naming.InitialContext.getDefaultInitCtx(InitialContext.java:247)
	at javax.naming.InitialContext.init(InitialContext.java:223)
	at javax.naming.InitialContext.&lt;init&gt;(InitialContext.java:175)
	at com.inovis.b2b.lib.service.ServiceLocator.getInitialContext(ServiceLocator.java:206)
	... 20 more
Caused by: java.net.ConnectException: t3://localhost:7001: Destination unreachable; nested exception is: 
	java.net.ConnectException: Connection refused: connect; No available router to destination
	at weblogic.rjvm.RJVMFinder.findOrCreate(RJVMFinder.java:204)
	at weblogic.rjvm.ServerURL.findOrCreateRJVM(ServerURL.java:154)
	at weblogic.jndi.WLInitialContextFactoryDelegate.getInitialContext(WLInitialContextFactoryDelegate.java:349)
	... 28 more
Caused by: java.rmi.ConnectException: Destination unreachable; nested exception is: 
	java.net.ConnectException: Connection refused: connect; No available router to destination
	at weblogic.rjvm.ConnectionManager.bootstrap(ConnectionManager.java:472)
	at weblogic.rjvm.ConnectionManager.bootstrap(ConnectionManager.java:323)
	at weblogic.rjvm.RJVMManager.findOrCreateRemoteInternal(RJVMManager.java:259)
	at weblogic.rjvm.RJVMManager.findOrCreate(RJVMManager.java:202)
	at weblogic.rjvm.RJVMFinder.findOrCreateRemoteServer(RJVMFinder.java:226)
	at weblogic.rjvm.RJVMFinder.findOrCreate(RJVMFinder.java:189)
	... 30 more
</error>
  </testcase>
  <testcase classname="test.com.inovis.mss.duplicatetrader.TestDuplicateTraderManager" name="testCreateDuplicateTrader" time="2.776">
    <error message="[DUPT-00101] Failed to get a remote interface to a DuplicateTraderManagerFacade EJB. This is an EJB error that probably stems from an incorrect deployment, a network problem, or the failure of an EJB server." type="com.inovis.b2b.lib.exception.OperationFailedException">class com.inovis.b2b.lib.exception.OperationFailedException: [DUPT-00101] Failed to get a remote interface to a DuplicateTraderManagerFacade EJB. This is an EJB error that probably stems from an incorrect deployment, a network problem, or the failure of an EJB server.
	at com.inovis.mss.duplicatetrader.defs.DuplicateTraderManagerImp.&lt;init&gt;(DuplicateTraderManagerImp.java:73)
	at com.inovis.mss.duplicatetrader.DuplicateTraderManager.getManager(DuplicateTraderManager.java:57)
	at test.com.inovis.mss.duplicatetrader.TestDuplicateTraderManager.setUp(TestDuplicateTraderManager.java:76)
Caused by: class com.inovis.b2b.lib.service.ServiceUnavailableException: [LIBP-00001] Unable to connect to naming service
	at com.inovis.b2b.lib.service.ServiceLocator.getInitialContext(ServiceLocator.java:214)
	at com.inovis.b2b.lib.service.ServiceLocator.&lt;init&gt;(ServiceLocator.java:183)
	at com.inovis.b2b.lib.service.ServiceLocator.getInstance(ServiceLocator.java:167)
	at com.inovis.b2b.lib.service.ServiceLocator.getInstance(ServiceLocator.java:150)
	at com.inovis.mss.duplicatetrader.defs.DuplicateTraderManagerImp.&lt;init&gt;(DuplicateTraderManagerImp.java:65)
	... 16 more
Caused by: javax.naming.CommunicationException [Root exception is java.net.ConnectException: t3://localhost:7001: Destination unreachable; nested exception is: 
	java.net.ConnectException: Connection refused: connect; No available router to destination]
	at weblogic.jndi.internal.ExceptionTranslator.toNamingException(ExceptionTranslator.java:49)
	at weblogic.jndi.WLInitialContextFactoryDelegate.toNamingException(WLInitialContextFactoryDelegate.java:765)
	at weblogic.jndi.WLInitialContextFactoryDelegate.getInitialContext(WLInitialContextFactoryDelegate.java:364)
	at weblogic.jndi.Environment.getContext(Environment.java:307)
	at weblogic.jndi.Environment.getContext(Environment.java:277)
	at weblogic.jndi.WLInitialContextFactory.getInitialContext(WLInitialContextFactory.java:117)
	at javax.naming.spi.NamingManager.getInitialContext(NamingManager.java:667)
	at javax.naming.InitialContext.getDefaultInitCtx(InitialContext.java:247)
	at javax.naming.InitialContext.init(InitialContext.java:223)
	at javax.naming.InitialContext.&lt;init&gt;(InitialContext.java:175)
	at com.inovis.b2b.lib.service.ServiceLocator.getInitialContext(ServiceLocator.java:206)
	... 20 more
Caused by: java.net.ConnectException: t3://localhost:7001: Destination unreachable; nested exception is: 
	java.net.ConnectException: Connection refused: connect; No available router to destination
	at weblogic.rjvm.RJVMFinder.findOrCreate(RJVMFinder.java:204)
	at weblogic.rjvm.ServerURL.findOrCreateRJVM(ServerURL.java:154)
	at weblogic.jndi.WLInitialContextFactoryDelegate.getInitialContext(WLInitialContextFactoryDelegate.java:349)
	... 28 more
Caused by: java.rmi.ConnectException: Destination unreachable; nested exception is: 
	java.net.ConnectException: Connection refused: connect; No available router to destination
	at weblogic.rjvm.ConnectionManager.bootstrap(ConnectionManager.java:472)
	at weblogic.rjvm.ConnectionManager.bootstrap(ConnectionManager.java:323)
	at weblogic.rjvm.RJVMManager.findOrCreateRemoteInternal(RJVMManager.java:259)
	at weblogic.rjvm.RJVMManager.findOrCreate(RJVMManager.java:202)
	at weblogic.rjvm.RJVMFinder.findOrCreateRemoteServer(RJVMFinder.java:226)
	at weblogic.rjvm.RJVMFinder.findOrCreate(RJVMFinder.java:189)
	... 30 more
</error>
  </testcase>
  <testcase classname="test.com.inovis.mss.duplicatetrader.TestDuplicateTraderManager" name="testCreateDuplicateTraderWithDuplicateType" time="2.37">
    <error message="[DUPT-00101] Failed to get a remote interface to a DuplicateTraderManagerFacade EJB. This is an EJB error that probably stems from an incorrect deployment, a network problem, or the failure of an EJB server." type="com.inovis.b2b.lib.exception.OperationFailedException">class com.inovis.b2b.lib.exception.OperationFailedException: [DUPT-00101] Failed to get a remote interface to a DuplicateTraderManagerFacade EJB. This is an EJB error that probably stems from an incorrect deployment, a network problem, or the failure of an EJB server.
	at com.inovis.mss.duplicatetrader.defs.DuplicateTraderManagerImp.&lt;init&gt;(DuplicateTraderManagerImp.java:73)
	at com.inovis.mss.duplicatetrader.DuplicateTraderManager.getManager(DuplicateTraderManager.java:57)
	at test.com.inovis.mss.duplicatetrader.TestDuplicateTraderManager.setUp(TestDuplicateTraderManager.java:76)
Caused by: class com.inovis.b2b.lib.service.ServiceUnavailableException: [LIBP-00001] Unable to connect to naming service
	at com.inovis.b2b.lib.service.ServiceLocator.getInitialContext(ServiceLocator.java:214)
	at com.inovis.b2b.lib.service.ServiceLocator.&lt;init&gt;(ServiceLocator.java:183)
	at com.inovis.b2b.lib.service.ServiceLocator.getInstance(ServiceLocator.java:167)
	at com.inovis.b2b.lib.service.ServiceLocator.getInstance(ServiceLocator.java:150)
	at com.inovis.mss.duplicatetrader.defs.DuplicateTraderManagerImp.&lt;init&gt;(DuplicateTraderManagerImp.java:65)
	... 16 more
Caused by: javax.naming.CommunicationException [Root exception is java.net.ConnectException: t3://localhost:7001: Destination unreachable; nested exception is: 
	java.net.ConnectException: Connection refused: connect; No available router to destination]
	at weblogic.jndi.internal.ExceptionTranslator.toNamingException(ExceptionTranslator.java:49)
	at weblogic.jndi.WLInitialContextFactoryDelegate.toNamingException(WLInitialContextFactoryDelegate.java:765)
	at weblogic.jndi.WLInitialContextFactoryDelegate.getInitialContext(WLInitialContextFactoryDelegate.java:364)
	at weblogic.jndi.Environment.getContext(Environment.java:307)
	at weblogic.jndi.Environment.getContext(Environment.java:277)
	at weblogic.jndi.WLInitialContextFactory.getInitialContext(WLInitialContextFactory.java:117)
	at javax.naming.spi.NamingManager.getInitialContext(NamingManager.java:667)
	at javax.naming.InitialContext.getDefaultInitCtx(InitialContext.java:247)
	at javax.naming.InitialContext.init(InitialContext.java:223)
	at javax.naming.InitialContext.&lt;init&gt;(InitialContext.java:175)
	at com.inovis.b2b.lib.service.ServiceLocator.getInitialContext(ServiceLocator.java:206)
	... 20 more
Caused by: java.net.ConnectException: t3://localhost:7001: Destination unreachable; nested exception is: 
	java.net.ConnectException: Connection refused: connect; No available router to destination
	at weblogic.rjvm.RJVMFinder.findOrCreate(RJVMFinder.java:204)
	at weblogic.rjvm.ServerURL.findOrCreateRJVM(ServerURL.java:154)
	at weblogic.jndi.WLInitialContextFactoryDelegate.getInitialContext(WLInitialContextFactoryDelegate.java:349)
	... 28 more
Caused by: java.rmi.ConnectException: Destination unreachable; nested exception is: 
	java.net.ConnectException: Connection refused: connect; No available router to destination
	at weblogic.rjvm.ConnectionManager.bootstrap(ConnectionManager.java:472)
	at weblogic.rjvm.ConnectionManager.bootstrap(ConnectionManager.java:323)
	at weblogic.rjvm.RJVMManager.findOrCreateRemoteInternal(RJVMManager.java:259)
	at weblogic.rjvm.RJVMManager.findOrCreate(RJVMManager.java:202)
	at weblogic.rjvm.RJVMFinder.findOrCreateRemoteServer(RJVMFinder.java:226)
	at weblogic.rjvm.RJVMFinder.findOrCreate(RJVMFinder.java:189)
	... 30 more
</error>
  </testcase>
  <testcase classname="test.com.inovis.mss.duplicatetrader.TestDuplicateTraderManager" name="testCreateDuplicateTraderWithList" time="2.573">
    <error message="[DUPT-00101] Failed to get a remote interface to a DuplicateTraderManagerFacade EJB. This is an EJB error that probably stems from an incorrect deployment, a network problem, or the failure of an EJB server." type="com.inovis.b2b.lib.exception.OperationFailedException">class com.inovis.b2b.lib.exception.OperationFailedException: [DUPT-00101] Failed to get a remote interface to a DuplicateTraderManagerFacade EJB. This is an EJB error that probably stems from an incorrect deployment, a network problem, or the failure of an EJB server.
	at com.inovis.mss.duplicatetrader.defs.DuplicateTraderManagerImp.&lt;init&gt;(DuplicateTraderManagerImp.java:73)
	at com.inovis.mss.duplicatetrader.DuplicateTraderManager.getManager(DuplicateTraderManager.java:57)
	at test.com.inovis.mss.duplicatetrader.TestDuplicateTraderManager.setUp(TestDuplicateTraderManager.java:76)
Caused by: class com.inovis.b2b.lib.service.ServiceUnavailableException: [LIBP-00001] Unable to connect to naming service
	at com.inovis.b2b.lib.service.ServiceLocator.getInitialContext(ServiceLocator.java:214)
	at com.inovis.b2b.lib.service.ServiceLocator.&lt;init&gt;(ServiceLocator.java:183)
	at com.inovis.b2b.lib.service.ServiceLocator.getInstance(ServiceLocator.java:167)
	at com.inovis.b2b.lib.service.ServiceLocator.getInstance(ServiceLocator.java:150)
	at com.inovis.mss.duplicatetrader.defs.DuplicateTraderManagerImp.&lt;init&gt;(DuplicateTraderManagerImp.java:65)
	... 16 more
Caused by: javax.naming.CommunicationException [Root exception is java.net.ConnectException: t3://localhost:7001: Destination unreachable; nested exception is: 
	java.net.ConnectException: Connection refused: connect; No available router to destination]
	at weblogic.jndi.internal.ExceptionTranslator.toNamingException(ExceptionTranslator.java:49)
	at weblogic.jndi.WLInitialContextFactoryDelegate.toNamingException(WLInitialContextFactoryDelegate.java:765)
	at weblogic.jndi.WLInitialContextFactoryDelegate.getInitialContext(WLInitialContextFactoryDelegate.java:364)
	at weblogic.jndi.Environment.getContext(Environment.java:307)
	at weblogic.jndi.Environment.getContext(Environment.java:277)
	at weblogic.jndi.WLInitialContextFactory.getInitialContext(WLInitialContextFactory.java:117)
	at javax.naming.spi.NamingManager.getInitialContext(NamingManager.java:667)
	at javax.naming.InitialContext.getDefaultInitCtx(InitialContext.java:247)
	at javax.naming.InitialContext.init(InitialContext.java:223)
	at javax.naming.InitialContext.&lt;init&gt;(InitialContext.java:175)
	at com.inovis.b2b.lib.service.ServiceLocator.getInitialContext(ServiceLocator.java:206)
	... 20 more
Caused by: java.net.ConnectException: t3://localhost:7001: Destination unreachable; nested exception is: 
	java.net.ConnectException: Connection refused: connect; No available router to destination
	at weblogic.rjvm.RJVMFinder.findOrCreate(RJVMFinder.java:204)
	at weblogic.rjvm.ServerURL.findOrCreateRJVM(ServerURL.java:154)
	at weblogic.jndi.WLInitialContextFactoryDelegate.getInitialContext(WLInitialContextFactoryDelegate.java:349)
	... 28 more
Caused by: java.rmi.ConnectException: Destination unreachable; nested exception is: 
	java.net.ConnectException: Connection refused: connect; No available router to destination
	at weblogic.rjvm.ConnectionManager.bootstrap(ConnectionManager.java:472)
	at weblogic.rjvm.ConnectionManager.bootstrap(ConnectionManager.java:323)
	at weblogic.rjvm.RJVMManager.findOrCreateRemoteInternal(RJVMManager.java:259)
	at weblogic.rjvm.RJVMManager.findOrCreate(RJVMManager.java:202)
	at weblogic.rjvm.RJVMFinder.findOrCreateRemoteServer(RJVMFinder.java:226)
	at weblogic.rjvm.RJVMFinder.findOrCreate(RJVMFinder.java:189)
	... 30 more
</error>
  </testcase>
  <testcase classname="test.com.inovis.mss.duplicatetrader.TestDuplicateTraderManager" name="testCreateDuplicateTraderDupList" time="2.184">
    <error message="[DUPT-00101] Failed to get a remote interface to a DuplicateTraderManagerFacade EJB. This is an EJB error that probably stems from an incorrect deployment, a network problem, or the failure of an EJB server." type="com.inovis.b2b.lib.exception.OperationFailedException">class com.inovis.b2b.lib.exception.OperationFailedException: [DUPT-00101] Failed to get a remote interface to a DuplicateTraderManagerFacade EJB. This is an EJB error that probably stems from an incorrect deployment, a network problem, or the failure of an EJB server.
	at com.inovis.mss.duplicatetrader.defs.DuplicateTraderManagerImp.&lt;init&gt;(DuplicateTraderManagerImp.java:73)
	at com.inovis.mss.duplicatetrader.DuplicateTraderManager.getManager(DuplicateTraderManager.java:57)
	at test.com.inovis.mss.duplicatetrader.TestDuplicateTraderManager.setUp(TestDuplicateTraderManager.java:76)
Caused by: class com.inovis.b2b.lib.service.ServiceUnavailableException: [LIBP-00001] Unable to connect to naming service
	at com.inovis.b2b.lib.service.ServiceLocator.getInitialContext(ServiceLocator.java:214)
	at com.inovis.b2b.lib.service.ServiceLocator.&lt;init&gt;(ServiceLocator.java:183)
	at com.inovis.b2b.lib.service.ServiceLocator.getInstance(ServiceLocator.java:167)
	at com.inovis.b2b.lib.service.ServiceLocator.getInstance(ServiceLocator.java:150)
	at com.inovis.mss.duplicatetrader.defs.DuplicateTraderManagerImp.&lt;init&gt;(DuplicateTraderManagerImp.java:65)
	... 16 more
Caused by: javax.naming.CommunicationException [Root exception is java.net.ConnectException: t3://localhost:7001: Destination unreachable; nested exception is: 
	java.net.ConnectException: Connection refused: connect; No available router to destination]
	at weblogic.jndi.internal.ExceptionTranslator.toNamingException(ExceptionTranslator.java:49)
	at weblogic.jndi.WLInitialContextFactoryDelegate.toNamingException(WLInitialContextFactoryDelegate.java:765)
	at weblogic.jndi.WLInitialContextFactoryDelegate.getInitialContext(WLInitialContextFactoryDelegate.java:364)
	at weblogic.jndi.Environment.getContext(Environment.java:307)
	at weblogic.jndi.Environment.getContext(Environment.java:277)
	at weblogic.jndi.WLInitialContextFactory.getInitialContext(WLInitialContextFactory.java:117)
	at javax.naming.spi.NamingManager.getInitialContext(NamingManager.java:667)
	at javax.naming.InitialContext.getDefaultInitCtx(InitialContext.java:247)
	at javax.naming.InitialContext.init(InitialContext.java:223)
	at javax.naming.InitialContext.&lt;init&gt;(InitialContext.java:175)
	at com.inovis.b2b.lib.service.ServiceLocator.getInitialContext(ServiceLocator.java:206)
	... 20 more
Caused by: java.net.ConnectException: t3://localhost:7001: Destination unreachable; nested exception is: 
	java.net.ConnectException: Connection refused: connect; No available router to destination
	at weblogic.rjvm.RJVMFinder.findOrCreate(RJVMFinder.java:204)
	at weblogic.rjvm.ServerURL.findOrCreateRJVM(ServerURL.java:154)
	at weblogic.jndi.WLInitialContextFactoryDelegate.getInitialContext(WLInitialContextFactoryDelegate.java:349)
	... 28 more
Caused by: java.rmi.ConnectException: Destination unreachable; nested exception is: 
	java.net.ConnectException: Connection refused: connect; No available router to destination
	at weblogic.rjvm.ConnectionManager.bootstrap(ConnectionManager.java:472)
	at weblogic.rjvm.ConnectionManager.bootstrap(ConnectionManager.java:323)
	at weblogic.rjvm.RJVMManager.findOrCreateRemoteInternal(RJVMManager.java:259)
	at weblogic.rjvm.RJVMManager.findOrCreate(RJVMManager.java:202)
	at weblogic.rjvm.RJVMFinder.findOrCreateRemoteServer(RJVMFinder.java:226)
	at weblogic.rjvm.RJVMFinder.findOrCreate(RJVMFinder.java:189)
	... 30 more
</error>
  </testcase>
  <testcase classname="test.com.inovis.mss.duplicatetrader.TestDuplicateTraderManager" name="testCreateDuplicateTraderList" time="2.635">
    <error message="[DUPT-00101] Failed to get a remote interface to a DuplicateTraderManagerFacade EJB. This is an EJB error that probably stems from an incorrect deployment, a network problem, or the failure of an EJB server." type="com.inovis.b2b.lib.exception.OperationFailedException">class com.inovis.b2b.lib.exception.OperationFailedException: [DUPT-00101] Failed to get a remote interface to a DuplicateTraderManagerFacade EJB. This is an EJB error that probably stems from an incorrect deployment, a network problem, or the failure of an EJB server.
	at com.inovis.mss.duplicatetrader.defs.DuplicateTraderManagerImp.&lt;init&gt;(DuplicateTraderManagerImp.java:73)
	at com.inovis.mss.duplicatetrader.DuplicateTraderManager.getManager(DuplicateTraderManager.java:57)
	at test.com.inovis.mss.duplicatetrader.TestDuplicateTraderManager.setUp(TestDuplicateTraderManager.java:76)
Caused by: class com.inovis.b2b.lib.service.ServiceUnavailableException: [LIBP-00001] Unable to connect to naming service
	at com.inovis.b2b.lib.service.ServiceLocator.getInitialContext(ServiceLocator.java:214)
	at com.inovis.b2b.lib.service.ServiceLocator.&lt;init&gt;(ServiceLocator.java:183)
	at com.inovis.b2b.lib.service.ServiceLocator.getInstance(ServiceLocator.java:167)
	at com.inovis.b2b.lib.service.ServiceLocator.getInstance(ServiceLocator.java:150)
	at com.inovis.mss.duplicatetrader.defs.DuplicateTraderManagerImp.&lt;init&gt;(DuplicateTraderManagerImp.java:65)
	... 16 more
Caused by: javax.naming.CommunicationException [Root exception is java.net.ConnectException: t3://localhost:7001: Destination unreachable; nested exception is: 
	java.net.ConnectException: Connection refused: connect; No available router to destination]
	at weblogic.jndi.internal.ExceptionTranslator.toNamingException(ExceptionTranslator.java:49)
	at weblogic.jndi.WLInitialContextFactoryDelegate.toNamingException(WLInitialContextFactoryDelegate.java:765)
	at weblogic.jndi.WLInitialContextFactoryDelegate.getInitialContext(WLInitialContextFactoryDelegate.java:364)
	at weblogic.jndi.Environment.getContext(Environment.java:307)
	at weblogic.jndi.Environment.getContext(Environment.java:277)
	at weblogic.jndi.WLInitialContextFactory.getInitialContext(WLInitialContextFactory.java:117)
	at javax.naming.spi.NamingManager.getInitialContext(NamingManager.java:667)
	at javax.naming.InitialContext.getDefaultInitCtx(InitialContext.java:247)
	at javax.naming.InitialContext.init(InitialContext.java:223)
	at javax.naming.InitialContext.&lt;init&gt;(InitialContext.java:175)
	at com.inovis.b2b.lib.service.ServiceLocator.getInitialContext(ServiceLocator.java:206)
	... 20 more
Caused by: java.net.ConnectException: t3://localhost:7001: Destination unreachable; nested exception is: 
	java.net.ConnectException: Connection refused: connect; No available router to destination
	at weblogic.rjvm.RJVMFinder.findOrCreate(RJVMFinder.java:204)
	at weblogic.rjvm.ServerURL.findOrCreateRJVM(ServerURL.java:154)
	at weblogic.jndi.WLInitialContextFactoryDelegate.getInitialContext(WLInitialContextFactoryDelegate.java:349)
	... 28 more
Caused by: java.rmi.ConnectException: Destination unreachable; nested exception is: 
	java.net.ConnectException: Connection refused: connect; No available router to destination
	at weblogic.rjvm.ConnectionManager.bootstrap(ConnectionManager.java:472)
	at weblogic.rjvm.ConnectionManager.bootstrap(ConnectionManager.java:323)
	at weblogic.rjvm.RJVMManager.findOrCreateRemoteInternal(RJVMManager.java:259)
	at weblogic.rjvm.RJVMManager.findOrCreate(RJVMManager.java:202)
	at weblogic.rjvm.RJVMFinder.findOrCreateRemoteServer(RJVMFinder.java:226)
	at weblogic.rjvm.RJVMFinder.findOrCreate(RJVMFinder.java:189)
	... 30 more
</error>
  </testcase>
  <testcase classname="test.com.inovis.mss.duplicatetrader.TestDuplicateTraderManager" name="testSetDuplicateTraderToAny" time="2.932">
    <error message="[DUPT-00101] Failed to get a remote interface to a DuplicateTraderManagerFacade EJB. This is an EJB error that probably stems from an incorrect deployment, a network problem, or the failure of an EJB server." type="com.inovis.b2b.lib.exception.OperationFailedException">class com.inovis.b2b.lib.exception.OperationFailedException: [DUPT-00101] Failed to get a remote interface to a DuplicateTraderManagerFacade EJB. This is an EJB error that probably stems from an incorrect deployment, a network problem, or the failure of an EJB server.
	at com.inovis.mss.duplicatetrader.defs.DuplicateTraderManagerImp.&lt;init&gt;(DuplicateTraderManagerImp.java:73)
	at com.inovis.mss.duplicatetrader.DuplicateTraderManager.getManager(DuplicateTraderManager.java:57)
	at test.com.inovis.mss.duplicatetrader.TestDuplicateTraderManager.setUp(TestDuplicateTraderManager.java:76)
Caused by: class com.inovis.b2b.lib.service.ServiceUnavailableException: [LIBP-00001] Unable to connect to naming service
	at com.inovis.b2b.lib.service.ServiceLocator.getInitialContext(ServiceLocator.java:214)
	at com.inovis.b2b.lib.service.ServiceLocator.&lt;init&gt;(ServiceLocator.java:183)
	at com.inovis.b2b.lib.service.ServiceLocator.getInstance(ServiceLocator.java:167)
	at com.inovis.b2b.lib.service.ServiceLocator.getInstance(ServiceLocator.java:150)
	at com.inovis.mss.duplicatetrader.defs.DuplicateTraderManagerImp.&lt;init&gt;(DuplicateTraderManagerImp.java:65)
	... 16 more
Caused by: javax.naming.CommunicationException [Root exception is java.net.ConnectException: t3://localhost:7001: Destination unreachable; nested exception is: 
	java.net.ConnectException: Connection refused: connect; No available router to destination]
	at weblogic.jndi.internal.ExceptionTranslator.toNamingException(ExceptionTranslator.java:49)
	at weblogic.jndi.WLInitialContextFactoryDelegate.toNamingException(WLInitialContextFactoryDelegate.java:765)
	at weblogic.jndi.WLInitialContextFactoryDelegate.getInitialContext(WLInitialContextFactoryDelegate.java:364)
	at weblogic.jndi.Environment.getContext(Environment.java:307)
	at weblogic.jndi.Environment.getContext(Environment.java:277)
	at weblogic.jndi.WLInitialContextFactory.getInitialContext(WLInitialContextFactory.java:117)
	at javax.naming.spi.NamingManager.getInitialContext(NamingManager.java:667)
	at javax.naming.InitialContext.getDefaultInitCtx(InitialContext.java:247)
	at javax.naming.InitialContext.init(InitialContext.java:223)
	at javax.naming.InitialContext.&lt;init&gt;(InitialContext.java:175)
	at com.inovis.b2b.lib.service.ServiceLocator.getInitialContext(ServiceLocator.java:206)
	... 20 more
Caused by: java.net.ConnectException: t3://localhost:7001: Destination unreachable; nested exception is: 
	java.net.ConnectException: Connection refused: connect; No available router to destination
	at weblogic.rjvm.RJVMFinder.findOrCreate(RJVMFinder.java:204)
	at weblogic.rjvm.ServerURL.findOrCreateRJVM(ServerURL.java:154)
	at weblogic.jndi.WLInitialContextFactoryDelegate.getInitialContext(WLInitialContextFactoryDelegate.java:349)
	... 28 more
Caused by: java.rmi.ConnectException: Destination unreachable; nested exception is: 
	java.net.ConnectException: Connection refused: connect; No available router to destination
	at weblogic.rjvm.ConnectionManager.bootstrap(ConnectionManager.java:472)
	at weblogic.rjvm.ConnectionManager.bootstrap(ConnectionManager.java:323)
	at weblogic.rjvm.RJVMManager.findOrCreateRemoteInternal(RJVMManager.java:259)
	at weblogic.rjvm.RJVMManager.findOrCreate(RJVMManager.java:202)
	at weblogic.rjvm.RJVMFinder.findOrCreateRemoteServer(RJVMFinder.java:226)
	at weblogic.rjvm.RJVMFinder.findOrCreate(RJVMFinder.java:189)
	... 30 more
</error>
  </testcase>
  <testcase classname="test.com.inovis.mss.duplicatetrader.TestDuplicateTraderManager" name="testSetDuplicateTraderToList" time="2.916">
    <error message="[DUPT-00101] Failed to get a remote interface to a DuplicateTraderManagerFacade EJB. This is an EJB error that probably stems from an incorrect deployment, a network problem, or the failure of an EJB server." type="com.inovis.b2b.lib.exception.OperationFailedException">class com.inovis.b2b.lib.exception.OperationFailedException: [DUPT-00101] Failed to get a remote interface to a DuplicateTraderManagerFacade EJB. This is an EJB error that probably stems from an incorrect deployment, a network problem, or the failure of an EJB server.
	at com.inovis.mss.duplicatetrader.defs.DuplicateTraderManagerImp.&lt;init&gt;(DuplicateTraderManagerImp.java:73)
	at com.inovis.mss.duplicatetrader.DuplicateTraderManager.getManager(DuplicateTraderManager.java:57)
	at test.com.inovis.mss.duplicatetrader.TestDuplicateTraderManager.setUp(TestDuplicateTraderManager.java:76)
Caused by: class com.inovis.b2b.lib.service.ServiceUnavailableException: [LIBP-00001] Unable to connect to naming service
	at com.inovis.b2b.lib.service.ServiceLocator.getInitialContext(ServiceLocator.java:214)
	at com.inovis.b2b.lib.service.ServiceLocator.&lt;init&gt;(ServiceLocator.java:183)
	at com.inovis.b2b.lib.service.ServiceLocator.getInstance(ServiceLocator.java:167)
	at com.inovis.b2b.lib.service.ServiceLocator.getInstance(ServiceLocator.java:150)
	at com.inovis.mss.duplicatetrader.defs.DuplicateTraderManagerImp.&lt;init&gt;(DuplicateTraderManagerImp.java:65)
	... 16 more
Caused by: javax.naming.CommunicationException [Root exception is java.net.ConnectException: t3://localhost:7001: Destination unreachable; nested exception is: 
	java.net.ConnectException: Connection refused: connect; No available router to destination]
	at weblogic.jndi.internal.ExceptionTranslator.toNamingException(ExceptionTranslator.java:49)
	at weblogic.jndi.WLInitialContextFactoryDelegate.toNamingException(WLInitialContextFactoryDelegate.java:765)
	at weblogic.jndi.WLInitialContextFactoryDelegate.getInitialContext(WLInitialContextFactoryDelegate.java:364)
	at weblogic.jndi.Environment.getContext(Environment.java:307)
	at weblogic.jndi.Environment.getContext(Environment.java:277)
	at weblogic.jndi.WLInitialContextFactory.getInitialContext(WLInitialContextFactory.java:117)
	at javax.naming.spi.NamingManager.getInitialContext(NamingManager.java:667)
	at javax.naming.InitialContext.getDefaultInitCtx(InitialContext.java:247)
	at javax.naming.InitialContext.init(InitialContext.java:223)
	at javax.naming.InitialContext.&lt;init&gt;(InitialContext.java:175)
	at com.inovis.b2b.lib.service.ServiceLocator.getInitialContext(ServiceLocator.java:206)
	... 20 more
Caused by: java.net.ConnectException: t3://localhost:7001: Destination unreachable; nested exception is: 
	java.net.ConnectException: Connection refused: connect; No available router to destination
	at weblogic.rjvm.RJVMFinder.findOrCreate(RJVMFinder.java:204)
	at weblogic.rjvm.ServerURL.findOrCreateRJVM(ServerURL.java:154)
	at weblogic.jndi.WLInitialContextFactoryDelegate.getInitialContext(WLInitialContextFactoryDelegate.java:349)
	... 28 more
Caused by: java.rmi.ConnectException: Destination unreachable; nested exception is: 
	java.net.ConnectException: Connection refused: connect; No available router to destination
	at weblogic.rjvm.ConnectionManager.bootstrap(ConnectionManager.java:472)
	at weblogic.rjvm.ConnectionManager.bootstrap(ConnectionManager.java:323)
	at weblogic.rjvm.RJVMManager.findOrCreateRemoteInternal(RJVMManager.java:259)
	at weblogic.rjvm.RJVMManager.findOrCreate(RJVMManager.java:202)
	at weblogic.rjvm.RJVMFinder.findOrCreateRemoteServer(RJVMFinder.java:226)
	at weblogic.rjvm.RJVMFinder.findOrCreate(RJVMFinder.java:189)
	... 30 more
</error>
  </testcase>
  <testcase classname="test.com.inovis.mss.duplicatetrader.TestDuplicateTraderManager" name="testRemoveSenderFromDuplicateTraderFail" time="2.901">
    <error message="[DUPT-00101] Failed to get a remote interface to a DuplicateTraderManagerFacade EJB. This is an EJB error that probably stems from an incorrect deployment, a network problem, or the failure of an EJB server." type="com.inovis.b2b.lib.exception.OperationFailedException">class com.inovis.b2b.lib.exception.OperationFailedException: [DUPT-00101] Failed to get a remote interface to a DuplicateTraderManagerFacade EJB. This is an EJB error that probably stems from an incorrect deployment, a network problem, or the failure of an EJB server.
	at com.inovis.mss.duplicatetrader.defs.DuplicateTraderManagerImp.&lt;init&gt;(DuplicateTraderManagerImp.java:73)
	at com.inovis.mss.duplicatetrader.DuplicateTraderManager.getManager(DuplicateTraderManager.java:57)
	at test.com.inovis.mss.duplicatetrader.TestDuplicateTraderManager.setUp(TestDuplicateTraderManager.java:76)
Caused by: class com.inovis.b2b.lib.service.ServiceUnavailableException: [LIBP-00001] Unable to connect to naming service
	at com.inovis.b2b.lib.service.ServiceLocator.getInitialContext(ServiceLocator.java:214)
	at com.inovis.b2b.lib.service.ServiceLocator.&lt;init&gt;(ServiceLocator.java:183)
	at com.inovis.b2b.lib.service.ServiceLocator.getInstance(ServiceLocator.java:167)
	at com.inovis.b2b.lib.service.ServiceLocator.getInstance(ServiceLocator.java:150)
	at com.inovis.mss.duplicatetrader.defs.DuplicateTraderManagerImp.&lt;init&gt;(DuplicateTraderManagerImp.java:65)
	... 16 more
Caused by: javax.naming.CommunicationException [Root exception is java.net.ConnectException: t3://localhost:7001: Destination unreachable; nested exception is: 
	java.net.ConnectException: Connection refused: connect; No available router to destination]
	at weblogic.jndi.internal.ExceptionTranslator.toNamingException(ExceptionTranslator.java:49)
	at weblogic.jndi.WLInitialContextFactoryDelegate.toNamingException(WLInitialContextFactoryDelegate.java:765)
	at weblogic.jndi.WLInitialContextFactoryDelegate.getInitialContext(WLInitialContextFactoryDelegate.java:364)
	at weblogic.jndi.Environment.getContext(Environment.java:307)
	at weblogic.jndi.Environment.getContext(Environment.java:277)
	at weblogic.jndi.WLInitialContextFactory.getInitialContext(WLInitialContextFactory.java:117)
	at javax.naming.spi.NamingManager.getInitialContext(NamingManager.java:667)
	at javax.naming.InitialContext.getDefaultInitCtx(InitialContext.java:247)
	at javax.naming.InitialContext.init(InitialContext.java:223)
	at javax.naming.InitialContext.&lt;init&gt;(InitialContext.java:175)
	at com.inovis.b2b.lib.service.ServiceLocator.getInitialContext(ServiceLocator.java:206)
	... 20 more
Caused by: java.net.ConnectException: t3://localhost:7001: Destination unreachable; nested exception is: 
	java.net.ConnectException: Connection refused: connect; No available router to destination
	at weblogic.rjvm.RJVMFinder.findOrCreate(RJVMFinder.java:204)
	at weblogic.rjvm.ServerURL.findOrCreateRJVM(ServerURL.java:154)
	at weblogic.jndi.WLInitialContextFactoryDelegate.getInitialContext(WLInitialContextFactoryDelegate.java:349)
	... 28 more
Caused by: java.rmi.ConnectException: Destination unreachable; nested exception is: 
	java.net.ConnectException: Connection refused: connect; No available router to destination
	at weblogic.rjvm.ConnectionManager.bootstrap(ConnectionManager.java:472)
	at weblogic.rjvm.ConnectionManager.bootstrap(ConnectionManager.java:323)
	at weblogic.rjvm.RJVMManager.findOrCreateRemoteInternal(RJVMManager.java:259)
	at weblogic.rjvm.RJVMManager.findOrCreate(RJVMManager.java:202)
	at weblogic.rjvm.RJVMFinder.findOrCreateRemoteServer(RJVMFinder.java:226)
	at weblogic.rjvm.RJVMFinder.findOrCreate(RJVMFinder.java:189)
	... 30 more
</error>
  </testcase>
  <testcase classname="test.com.inovis.mss.duplicatetrader.TestDuplicateTraderManager" name="testAddSenderFromDuplicateTraderFail" time="2.588">
    <error message="[DUPT-00101] Failed to get a remote interface to a DuplicateTraderManagerFacade EJB. This is an EJB error that probably stems from an incorrect deployment, a network problem, or the failure of an EJB server." type="com.inovis.b2b.lib.exception.OperationFailedException">class com.inovis.b2b.lib.exception.OperationFailedException: [DUPT-00101] Failed to get a remote interface to a DuplicateTraderManagerFacade EJB. This is an EJB error that probably stems from an incorrect deployment, a network problem, or the failure of an EJB server.
	at com.inovis.mss.duplicatetrader.defs.DuplicateTraderManagerImp.&lt;init&gt;(DuplicateTraderManagerImp.java:73)
	at com.inovis.mss.duplicatetrader.DuplicateTraderManager.getManager(DuplicateTraderManager.java:57)
	at test.com.inovis.mss.duplicatetrader.TestDuplicateTraderManager.setUp(TestDuplicateTraderManager.java:76)
Caused by: class com.inovis.b2b.lib.service.ServiceUnavailableException: [LIBP-00001] Unable to connect to naming service
	at com.inovis.b2b.lib.service.ServiceLocator.getInitialContext(ServiceLocator.java:214)
	at com.inovis.b2b.lib.service.ServiceLocator.&lt;init&gt;(ServiceLocator.java:183)
	at com.inovis.b2b.lib.service.ServiceLocator.getInstance(ServiceLocator.java:167)
	at com.inovis.b2b.lib.service.ServiceLocator.getInstance(ServiceLocator.java:150)
	at com.inovis.mss.duplicatetrader.defs.DuplicateTraderManagerImp.&lt;init&gt;(DuplicateTraderManagerImp.java:65)
	... 16 more
Caused by: javax.naming.CommunicationException [Root exception is java.net.ConnectException: t3://localhost:7001: Destination unreachable; nested exception is: 
	java.net.ConnectException: Connection refused: connect; No available router to destination]
	at weblogic.jndi.internal.ExceptionTranslator.toNamingException(ExceptionTranslator.java:49)
	at weblogic.jndi.WLInitialContextFactoryDelegate.toNamingException(WLInitialContextFactoryDelegate.java:765)
	at weblogic.jndi.WLInitialContextFactoryDelegate.getInitialContext(WLInitialContextFactoryDelegate.java:364)
	at weblogic.jndi.Environment.getContext(Environment.java:307)
	at weblogic.jndi.Environment.getContext(Environment.java:277)
	at weblogic.jndi.WLInitialContextFactory.getInitialContext(WLInitialContextFactory.java:117)
	at javax.naming.spi.NamingManager.getInitialContext(NamingManager.java:667)
	at javax.naming.InitialContext.getDefaultInitCtx(InitialContext.java:247)
	at javax.naming.InitialContext.init(InitialContext.java:223)
	at javax.naming.InitialContext.&lt;init&gt;(InitialContext.java:175)
	at com.inovis.b2b.lib.service.ServiceLocator.getInitialContext(ServiceLocator.java:206)
	... 20 more
Caused by: java.net.ConnectException: t3://localhost:7001: Destination unreachable; nested exception is: 
	java.net.ConnectException: Connection refused: connect; No available router to destination
	at weblogic.rjvm.RJVMFinder.findOrCreate(RJVMFinder.java:204)
	at weblogic.rjvm.ServerURL.findOrCreateRJVM(ServerURL.java:154)
	at weblogic.jndi.WLInitialContextFactoryDelegate.getInitialContext(WLInitialContextFactoryDelegate.java:349)
	... 28 more
Caused by: java.rmi.ConnectException: Destination unreachable; nested exception is: 
	java.net.ConnectException: Connection refused: connect; No available router to destination
	at weblogic.rjvm.ConnectionManager.bootstrap(ConnectionManager.java:472)
	at weblogic.rjvm.ConnectionManager.bootstrap(ConnectionManager.java:323)
	at weblogic.rjvm.RJVMManager.findOrCreateRemoteInternal(RJVMManager.java:259)
	at weblogic.rjvm.RJVMManager.findOrCreate(RJVMManager.java:202)
	at weblogic.rjvm.RJVMFinder.findOrCreateRemoteServer(RJVMFinder.java:226)
	at weblogic.rjvm.RJVMFinder.findOrCreate(RJVMFinder.java:189)
	... 30 more
</error>
  </testcase>
  <testcase classname="test.com.inovis.mss.duplicatetrader.TestDuplicateTraderManager" name="testAddSenderFromDuplicateTrader" time="2.885">
    <error message="[DUPT-00101] Failed to get a remote interface to a DuplicateTraderManagerFacade EJB. This is an EJB error that probably stems from an incorrect deployment, a network problem, or the failure of an EJB server." type="com.inovis.b2b.lib.exception.OperationFailedException">class com.inovis.b2b.lib.exception.OperationFailedException: [DUPT-00101] Failed to get a remote interface to a DuplicateTraderManagerFacade EJB. This is an EJB error that probably stems from an incorrect deployment, a network problem, or the failure of an EJB server.
	at com.inovis.mss.duplicatetrader.defs.DuplicateTraderManagerImp.&lt;init&gt;(DuplicateTraderManagerImp.java:73)
	at com.inovis.mss.duplicatetrader.DuplicateTraderManager.getManager(DuplicateTraderManager.java:57)
	at test.com.inovis.mss.duplicatetrader.TestDuplicateTraderManager.setUp(TestDuplicateTraderManager.java:76)
Caused by: class com.inovis.b2b.lib.service.ServiceUnavailableException: [LIBP-00001] Unable to connect to naming service
	at com.inovis.b2b.lib.service.ServiceLocator.getInitialContext(ServiceLocator.java:214)
	at com.inovis.b2b.lib.service.ServiceLocator.&lt;init&gt;(ServiceLocator.java:183)
	at com.inovis.b2b.lib.service.ServiceLocator.getInstance(ServiceLocator.java:167)
	at com.inovis.b2b.lib.service.ServiceLocator.getInstance(ServiceLocator.java:150)
	at com.inovis.mss.duplicatetrader.defs.DuplicateTraderManagerImp.&lt;init&gt;(DuplicateTraderManagerImp.java:65)
	... 16 more
Caused by: javax.naming.CommunicationException [Root exception is java.net.ConnectException: t3://localhost:7001: Destination unreachable; nested exception is: 
	java.net.ConnectException: Connection refused: connect; No available router to destination]
	at weblogic.jndi.internal.ExceptionTranslator.toNamingException(ExceptionTranslator.java:49)
	at weblogic.jndi.WLInitialContextFactoryDelegate.toNamingException(WLInitialContextFactoryDelegate.java:765)
	at weblogic.jndi.WLInitialContextFactoryDelegate.getInitialContext(WLInitialContextFactoryDelegate.java:364)
	at weblogic.jndi.Environment.getContext(Environment.java:307)
	at weblogic.jndi.Environment.getContext(Environment.java:277)
	at weblogic.jndi.WLInitialContextFactory.getInitialContext(WLInitialContextFactory.java:117)
	at javax.naming.spi.NamingManager.getInitialContext(NamingManager.java:667)
	at javax.naming.InitialContext.getDefaultInitCtx(InitialContext.java:247)
	at javax.naming.InitialContext.init(InitialContext.java:223)
	at javax.naming.InitialContext.&lt;init&gt;(InitialContext.java:175)
	at com.inovis.b2b.lib.service.ServiceLocator.getInitialContext(ServiceLocator.java:206)
	... 20 more
Caused by: java.net.ConnectException: t3://localhost:7001: Destination unreachable; nested exception is: 
	java.net.ConnectException: Connection refused: connect; No available router to destination
	at weblogic.rjvm.RJVMFinder.findOrCreate(RJVMFinder.java:204)
	at weblogic.rjvm.ServerURL.findOrCreateRJVM(ServerURL.java:154)
	at weblogic.jndi.WLInitialContextFactoryDelegate.getInitialContext(WLInitialContextFactoryDelegate.java:349)
	... 28 more
Caused by: java.rmi.ConnectException: Destination unreachable; nested exception is: 
	java.net.ConnectException: Connection refused: connect; No available router to destination
	at weblogic.rjvm.ConnectionManager.bootstrap(ConnectionManager.java:472)
	at weblogic.rjvm.ConnectionManager.bootstrap(ConnectionManager.java:323)
	at weblogic.rjvm.RJVMManager.findOrCreateRemoteInternal(RJVMManager.java:259)
	at weblogic.rjvm.RJVMManager.findOrCreate(RJVMManager.java:202)
	at weblogic.rjvm.RJVMFinder.findOrCreateRemoteServer(RJVMFinder.java:226)
	at weblogic.rjvm.RJVMFinder.findOrCreate(RJVMFinder.java:189)
	... 30 more
</error>
  </testcase>
  <testcase classname="test.com.inovis.mss.duplicatetrader.TestDuplicateTraderManager" name="testRemoveSenderFromDuplicateTrader" time="2.948">
    <error message="[DUPT-00101] Failed to get a remote interface to a DuplicateTraderManagerFacade EJB. This is an EJB error that probably stems from an incorrect deployment, a network problem, or the failure of an EJB server." type="com.inovis.b2b.lib.exception.OperationFailedException">class com.inovis.b2b.lib.exception.OperationFailedException: [DUPT-00101] Failed to get a remote interface to a DuplicateTraderManagerFacade EJB. This is an EJB error that probably stems from an incorrect deployment, a network problem, or the failure of an EJB server.
	at com.inovis.mss.duplicatetrader.defs.DuplicateTraderManagerImp.&lt;init&gt;(DuplicateTraderManagerImp.java:73)
	at com.inovis.mss.duplicatetrader.DuplicateTraderManager.getManager(DuplicateTraderManager.java:57)
	at test.com.inovis.mss.duplicatetrader.TestDuplicateTraderManager.setUp(TestDuplicateTraderManager.java:76)
Caused by: class com.inovis.b2b.lib.service.ServiceUnavailableException: [LIBP-00001] Unable to connect to naming service
	at com.inovis.b2b.lib.service.ServiceLocator.getInitialContext(ServiceLocator.java:214)
	at com.inovis.b2b.lib.service.ServiceLocator.&lt;init&gt;(ServiceLocator.java:183)
	at com.inovis.b2b.lib.service.ServiceLocator.getInstance(ServiceLocator.java:167)
	at com.inovis.b2b.lib.service.ServiceLocator.getInstance(ServiceLocator.java:150)
	at com.inovis.mss.duplicatetrader.defs.DuplicateTraderManagerImp.&lt;init&gt;(DuplicateTraderManagerImp.java:65)
	... 16 more
Caused by: javax.naming.CommunicationException [Root exception is java.net.ConnectException: t3://localhost:7001: Destination unreachable; nested exception is: 
	java.net.ConnectException: Connection refused: connect; No available router to destination]
	at weblogic.jndi.internal.ExceptionTranslator.toNamingException(ExceptionTranslator.java:49)
	at weblogic.jndi.WLInitialContextFactoryDelegate.toNamingException(WLInitialContextFactoryDelegate.java:765)
	at weblogic.jndi.WLInitialContextFactoryDelegate.getInitialContext(WLInitialContextFactoryDelegate.java:364)
	at weblogic.jndi.Environment.getContext(Environment.java:307)
	at weblogic.jndi.Environment.getContext(Environment.java:277)
	at weblogic.jndi.WLInitialContextFactory.getInitialContext(WLInitialContextFactory.java:117)
	at javax.naming.spi.NamingManager.getInitialContext(NamingManager.java:667)
	at javax.naming.InitialContext.getDefaultInitCtx(InitialContext.java:247)
	at javax.naming.InitialContext.init(InitialContext.java:223)
	at javax.naming.InitialContext.&lt;init&gt;(InitialContext.java:175)
	at com.inovis.b2b.lib.service.ServiceLocator.getInitialContext(ServiceLocator.java:206)
	... 20 more
Caused by: java.net.ConnectException: t3://localhost:7001: Destination unreachable; nested exception is: 
	java.net.ConnectException: Connection refused: connect; No available router to destination
	at weblogic.rjvm.RJVMFinder.findOrCreate(RJVMFinder.java:204)
	at weblogic.rjvm.ServerURL.findOrCreateRJVM(ServerURL.java:154)
	at weblogic.jndi.WLInitialContextFactoryDelegate.getInitialContext(WLInitialContextFactoryDelegate.java:349)
	... 28 more
Caused by: java.rmi.ConnectException: Destination unreachable; nested exception is: 
	java.net.ConnectException: Connection refused: connect; No available router to destination
	at weblogic.rjvm.ConnectionManager.bootstrap(ConnectionManager.java:472)
	at weblogic.rjvm.ConnectionManager.bootstrap(ConnectionManager.java:323)
	at weblogic.rjvm.RJVMManager.findOrCreateRemoteInternal(RJVMManager.java:259)
	at weblogic.rjvm.RJVMManager.findOrCreate(RJVMManager.java:202)
	at weblogic.rjvm.RJVMFinder.findOrCreateRemoteServer(RJVMFinder.java:226)
	at weblogic.rjvm.RJVMFinder.findOrCreate(RJVMFinder.java:189)
	... 30 more
</error>
  </testcase>
  <testcase classname="test.com.inovis.mss.duplicatetrader.TestDuplicateTraderManager" name="testSetDuplicateTraderTypeToNone" time="2.292">
    <error message="[DUPT-00101] Failed to get a remote interface to a DuplicateTraderManagerFacade EJB. This is an EJB error that probably stems from an incorrect deployment, a network problem, or the failure of an EJB server." type="com.inovis.b2b.lib.exception.OperationFailedException">class com.inovis.b2b.lib.exception.OperationFailedException: [DUPT-00101] Failed to get a remote interface to a DuplicateTraderManagerFacade EJB. This is an EJB error that probably stems from an incorrect deployment, a network problem, or the failure of an EJB server.
	at com.inovis.mss.duplicatetrader.defs.DuplicateTraderManagerImp.&lt;init&gt;(DuplicateTraderManagerImp.java:73)
	at com.inovis.mss.duplicatetrader.DuplicateTraderManager.getManager(DuplicateTraderManager.java:57)
	at test.com.inovis.mss.duplicatetrader.TestDuplicateTraderManager.setUp(TestDuplicateTraderManager.java:76)
Caused by: class com.inovis.b2b.lib.service.ServiceUnavailableException: [LIBP-00001] Unable to connect to naming service
	at com.inovis.b2b.lib.service.ServiceLocator.getInitialContext(ServiceLocator.java:214)
	at com.inovis.b2b.lib.service.ServiceLocator.&lt;init&gt;(ServiceLocator.java:183)
	at com.inovis.b2b.lib.service.ServiceLocator.getInstance(ServiceLocator.java:167)
	at com.inovis.b2b.lib.service.ServiceLocator.getInstance(ServiceLocator.java:150)
	at com.inovis.mss.duplicatetrader.defs.DuplicateTraderManagerImp.&lt;init&gt;(DuplicateTraderManagerImp.java:65)
	... 16 more
Caused by: javax.naming.CommunicationException [Root exception is java.net.ConnectException: t3://localhost:7001: Destination unreachable; nested exception is: 
	java.net.ConnectException: Connection refused: connect; No available router to destination]
	at weblogic.jndi.internal.ExceptionTranslator.toNamingException(ExceptionTranslator.java:49)
	at weblogic.jndi.WLInitialContextFactoryDelegate.toNamingException(WLInitialContextFactoryDelegate.java:765)
	at weblogic.jndi.WLInitialContextFactoryDelegate.getInitialContext(WLInitialContextFactoryDelegate.java:364)
	at weblogic.jndi.Environment.getContext(Environment.java:307)
	at weblogic.jndi.Environment.getContext(Environment.java:277)
	at weblogic.jndi.WLInitialContextFactory.getInitialContext(WLInitialContextFactory.java:117)
	at javax.naming.spi.NamingManager.getInitialContext(NamingManager.java:667)
	at javax.naming.InitialContext.getDefaultInitCtx(InitialContext.java:247)
	at javax.naming.InitialContext.init(InitialContext.java:223)
	at javax.naming.InitialContext.&lt;init&gt;(InitialContext.java:175)
	at com.inovis.b2b.lib.service.ServiceLocator.getInitialContext(ServiceLocator.java:206)
	... 20 more
Caused by: java.net.ConnectException: t3://localhost:7001: Destination unreachable; nested exception is: 
	java.net.ConnectException: Connection refused: connect; No available router to destination
	at weblogic.rjvm.RJVMFinder.findOrCreate(RJVMFinder.java:204)
	at weblogic.rjvm.ServerURL.findOrCreateRJVM(ServerURL.java:154)
	at weblogic.jndi.WLInitialContextFactoryDelegate.getInitialContext(WLInitialContextFactoryDelegate.java:349)
	... 28 more
Caused by: java.rmi.ConnectException: Destination unreachable; nested exception is: 
	java.net.ConnectException: Connection refused: connect; No available router to destination
	at weblogic.rjvm.ConnectionManager.bootstrap(ConnectionManager.java:472)
	at weblogic.rjvm.ConnectionManager.bootstrap(ConnectionManager.java:323)
	at weblogic.rjvm.RJVMManager.findOrCreateRemoteInternal(RJVMManager.java:259)
	at weblogic.rjvm.RJVMManager.findOrCreate(RJVMManager.java:202)
	at weblogic.rjvm.RJVMFinder.findOrCreateRemoteServer(RJVMFinder.java:226)
	at weblogic.rjvm.RJVMFinder.findOrCreate(RJVMFinder.java:189)
	... 30 more
</error>
  </testcase>
  <testcase classname="test.com.inovis.mss.duplicatetrader.TestDuplicateTraderManager" name="testGetDuplicateTraderNullDuplicateTrader" time="1.965">
    <error message="[DUPT-00101] Failed to get a remote interface to a DuplicateTraderManagerFacade EJB. This is an EJB error that probably stems from an incorrect deployment, a network problem, or the failure of an EJB server." type="com.inovis.b2b.lib.exception.OperationFailedException">class com.inovis.b2b.lib.exception.OperationFailedException: [DUPT-00101] Failed to get a remote interface to a DuplicateTraderManagerFacade EJB. This is an EJB error that probably stems from an incorrect deployment, a network problem, or the failure of an EJB server.
	at com.inovis.mss.duplicatetrader.defs.DuplicateTraderManagerImp.&lt;init&gt;(DuplicateTraderManagerImp.java:73)
	at com.inovis.mss.duplicatetrader.DuplicateTraderManager.getManager(DuplicateTraderManager.java:57)
	at test.com.inovis.mss.duplicatetrader.TestDuplicateTraderManager.setUp(TestDuplicateTraderManager.java:76)
Caused by: class com.inovis.b2b.lib.service.ServiceUnavailableException: [LIBP-00001] Unable to connect to naming service
	at com.inovis.b2b.lib.service.ServiceLocator.getInitialContext(ServiceLocator.java:214)
	at com.inovis.b2b.lib.service.ServiceLocator.&lt;init&gt;(ServiceLocator.java:183)
	at com.inovis.b2b.lib.service.ServiceLocator.getInstance(ServiceLocator.java:167)
	at com.inovis.b2b.lib.service.ServiceLocator.getInstance(ServiceLocator.java:150)
	at com.inovis.mss.duplicatetrader.defs.DuplicateTraderManagerImp.&lt;init&gt;(DuplicateTraderManagerImp.java:65)
	... 16 more
Caused by: javax.naming.CommunicationException [Root exception is java.net.ConnectException: t3://localhost:7001: Destination unreachable; nested exception is: 
	java.net.ConnectException: Connection refused: connect; No available router to destination]
	at weblogic.jndi.internal.ExceptionTranslator.toNamingException(ExceptionTranslator.java:49)
	at weblogic.jndi.WLInitialContextFactoryDelegate.toNamingException(WLInitialContextFactoryDelegate.java:765)
	at weblogic.jndi.WLInitialContextFactoryDelegate.getInitialContext(WLInitialContextFactoryDelegate.java:364)
	at weblogic.jndi.Environment.getContext(Environment.java:307)
	at weblogic.jndi.Environment.getContext(Environment.java:277)
	at weblogic.jndi.WLInitialContextFactory.getInitialContext(WLInitialContextFactory.java:117)
	at javax.naming.spi.NamingManager.getInitialContext(NamingManager.java:667)
	at javax.naming.InitialContext.getDefaultInitCtx(InitialContext.java:247)
	at javax.naming.InitialContext.init(InitialContext.java:223)
	at javax.naming.InitialContext.&lt;init&gt;(InitialContext.java:175)
	at com.inovis.b2b.lib.service.ServiceLocator.getInitialContext(ServiceLocator.java:206)
	... 20 more
Caused by: java.net.ConnectException: t3://localhost:7001: Destination unreachable; nested exception is: 
	java.net.ConnectException: Connection refused: connect; No available router to destination
	at weblogic.rjvm.RJVMFinder.findOrCreate(RJVMFinder.java:204)
	at weblogic.rjvm.ServerURL.findOrCreateRJVM(ServerURL.java:154)
	at weblogic.jndi.WLInitialContextFactoryDelegate.getInitialContext(WLInitialContextFactoryDelegate.java:349)
	... 28 more
Caused by: java.rmi.ConnectException: Destination unreachable; nested exception is: 
	java.net.ConnectException: Connection refused: connect; No available router to destination
	at weblogic.rjvm.ConnectionManager.bootstrap(ConnectionManager.java:472)
	at weblogic.rjvm.ConnectionManager.bootstrap(ConnectionManager.java:323)
	at weblogic.rjvm.RJVMManager.findOrCreateRemoteInternal(RJVMManager.java:259)
	at weblogic.rjvm.RJVMManager.findOrCreate(RJVMManager.java:202)
	at weblogic.rjvm.RJVMFinder.findOrCreateRemoteServer(RJVMFinder.java:226)
	at weblogic.rjvm.RJVMFinder.findOrCreate(RJVMFinder.java:189)
	... 30 more
</error>
  </testcase>
  <testcase classname="test.com.inovis.mss.duplicatetrader.TestDuplicateTraderManager" name="testCreateDuplicateTraderList2" time="2.791">
    <error message="[DUPT-00101] Failed to get a remote interface to a DuplicateTraderManagerFacade EJB. This is an EJB error that probably stems from an incorrect deployment, a network problem, or the failure of an EJB server." type="com.inovis.b2b.lib.exception.OperationFailedException">class com.inovis.b2b.lib.exception.OperationFailedException: [DUPT-00101] Failed to get a remote interface to a DuplicateTraderManagerFacade EJB. This is an EJB error that probably stems from an incorrect deployment, a network problem, or the failure of an EJB server.
	at com.inovis.mss.duplicatetrader.defs.DuplicateTraderManagerImp.&lt;init&gt;(DuplicateTraderManagerImp.java:73)
	at com.inovis.mss.duplicatetrader.DuplicateTraderManager.getManager(DuplicateTraderManager.java:57)
	at test.com.inovis.mss.duplicatetrader.TestDuplicateTraderManager.setUp(TestDuplicateTraderManager.java:76)
Caused by: class com.inovis.b2b.lib.service.ServiceUnavailableException: [LIBP-00001] Unable to connect to naming service
	at com.inovis.b2b.lib.service.ServiceLocator.getInitialContext(ServiceLocator.java:214)
	at com.inovis.b2b.lib.service.ServiceLocator.&lt;init&gt;(ServiceLocator.java:183)
	at com.inovis.b2b.lib.service.ServiceLocator.getInstance(ServiceLocator.java:167)
	at com.inovis.b2b.lib.service.ServiceLocator.getInstance(ServiceLocator.java:150)
	at com.inovis.mss.duplicatetrader.defs.DuplicateTraderManagerImp.&lt;init&gt;(DuplicateTraderManagerImp.java:65)
	... 16 more
Caused by: javax.naming.CommunicationException [Root exception is java.net.ConnectException: t3://localhost:7001: Destination unreachable; nested exception is: 
	java.net.ConnectException: Connection refused: connect; No available router to destination]
	at weblogic.jndi.internal.ExceptionTranslator.toNamingException(ExceptionTranslator.java:49)
	at weblogic.jndi.WLInitialContextFactoryDelegate.toNamingException(WLInitialContextFactoryDelegate.java:765)
	at weblogic.jndi.WLInitialContextFactoryDelegate.getInitialContext(WLInitialContextFactoryDelegate.java:364)
	at weblogic.jndi.Environment.getContext(Environment.java:307)
	at weblogic.jndi.Environment.getContext(Environment.java:277)
	at weblogic.jndi.WLInitialContextFactory.getInitialContext(WLInitialContextFactory.java:117)
	at javax.naming.spi.NamingManager.getInitialContext(NamingManager.java:667)
	at javax.naming.InitialContext.getDefaultInitCtx(InitialContext.java:247)
	at javax.naming.InitialContext.init(InitialContext.java:223)
	at javax.naming.InitialContext.&lt;init&gt;(InitialContext.java:175)
	at com.inovis.b2b.lib.service.ServiceLocator.getInitialContext(ServiceLocator.java:206)
	... 20 more
Caused by: java.net.ConnectException: t3://localhost:7001: Destination unreachable; nested exception is: 
	java.net.ConnectException: Connection refused: connect; No available router to destination
	at weblogic.rjvm.RJVMFinder.findOrCreate(RJVMFinder.java:204)
	at weblogic.rjvm.ServerURL.findOrCreateRJVM(ServerURL.java:154)
	at weblogic.jndi.WLInitialContextFactoryDelegate.getInitialContext(WLInitialContextFactoryDelegate.java:349)
	... 28 more
Caused by: java.rmi.ConnectException: Destination unreachable; nested exception is: 
	java.net.ConnectException: Connection refused: connect; No available router to destination
	at weblogic.rjvm.ConnectionManager.bootstrap(ConnectionManager.java:472)
	at weblogic.rjvm.ConnectionManager.bootstrap(ConnectionManager.java:323)
	at weblogic.rjvm.RJVMManager.findOrCreateRemoteInternal(RJVMManager.java:259)
	at weblogic.rjvm.RJVMManager.findOrCreate(RJVMManager.java:202)
	at weblogic.rjvm.RJVMFinder.findOrCreateRemoteServer(RJVMFinder.java:226)
	at weblogic.rjvm.RJVMFinder.findOrCreate(RJVMFinder.java:189)
	... 30 more
</error>
  </testcase>
  <testcase classname="test.com.inovis.mss.duplicatetrader.TestDuplicateTraderManager" name="testSaveDuplicateTraderFail" time="2.059">
    <error message="[DUPT-00101] Failed to get a remote interface to a DuplicateTraderManagerFacade EJB. This is an EJB error that probably stems from an incorrect deployment, a network problem, or the failure of an EJB server." type="com.inovis.b2b.lib.exception.OperationFailedException">class com.inovis.b2b.lib.exception.OperationFailedException: [DUPT-00101] Failed to get a remote interface to a DuplicateTraderManagerFacade EJB. This is an EJB error that probably stems from an incorrect deployment, a network problem, or the failure of an EJB server.
	at com.inovis.mss.duplicatetrader.defs.DuplicateTraderManagerImp.&lt;init&gt;(DuplicateTraderManagerImp.java:73)
	at com.inovis.mss.duplicatetrader.DuplicateTraderManager.getManager(DuplicateTraderManager.java:57)
	at test.com.inovis.mss.duplicatetrader.TestDuplicateTraderManager.setUp(TestDuplicateTraderManager.java:76)
Caused by: class com.inovis.b2b.lib.service.ServiceUnavailableException: [LIBP-00001] Unable to connect to naming service
	at com.inovis.b2b.lib.service.ServiceLocator.getInitialContext(ServiceLocator.java:214)
	at com.inovis.b2b.lib.service.ServiceLocator.&lt;init&gt;(ServiceLocator.java:183)
	at com.inovis.b2b.lib.service.ServiceLocator.getInstance(ServiceLocator.java:167)
	at com.inovis.b2b.lib.service.ServiceLocator.getInstance(ServiceLocator.java:150)
	at com.inovis.mss.duplicatetrader.defs.DuplicateTraderManagerImp.&lt;init&gt;(DuplicateTraderManagerImp.java:65)
	... 16 more
Caused by: javax.naming.CommunicationException [Root exception is java.net.ConnectException: t3://localhost:7001: Destination unreachable; nested exception is: 
	java.net.ConnectException: Connection refused: connect; No available router to destination]
	at weblogic.jndi.internal.ExceptionTranslator.toNamingException(ExceptionTranslator.java:49)
	at weblogic.jndi.WLInitialContextFactoryDelegate.toNamingException(WLInitialContextFactoryDelegate.java:765)
	at weblogic.jndi.WLInitialContextFactoryDelegate.getInitialContext(WLInitialContextFactoryDelegate.java:364)
	at weblogic.jndi.Environment.getContext(Environment.java:307)
	at weblogic.jndi.Environment.getContext(Environment.java:277)
	at weblogic.jndi.WLInitialContextFactory.getInitialContext(WLInitialContextFactory.java:117)
	at javax.naming.spi.NamingManager.getInitialContext(NamingManager.java:667)
	at javax.naming.InitialContext.getDefaultInitCtx(InitialContext.java:247)
	at javax.naming.InitialContext.init(InitialContext.java:223)
	at javax.naming.InitialContext.&lt;init&gt;(InitialContext.java:175)
	at com.inovis.b2b.lib.service.ServiceLocator.getInitialContext(ServiceLocator.java:206)
	... 20 more
Caused by: java.net.ConnectException: t3://localhost:7001: Destination unreachable; nested exception is: 
	java.net.ConnectException: Connection refused: connect; No available router to destination
	at weblogic.rjvm.RJVMFinder.findOrCreate(RJVMFinder.java:204)
	at weblogic.rjvm.ServerURL.findOrCreateRJVM(ServerURL.java:154)
	at weblogic.jndi.WLInitialContextFactoryDelegate.getInitialContext(WLInitialContextFactoryDelegate.java:349)
	... 28 more
Caused by: java.rmi.ConnectException: Destination unreachable; nested exception is: 
	java.net.ConnectException: Connection refused: connect; No available router to destination
	at weblogic.rjvm.ConnectionManager.bootstrap(ConnectionManager.java:472)
	at weblogic.rjvm.ConnectionManager.bootstrap(ConnectionManager.java:323)
	at weblogic.rjvm.RJVMManager.findOrCreateRemoteInternal(RJVMManager.java:259)
	at weblogic.rjvm.RJVMManager.findOrCreate(RJVMManager.java:202)
	at weblogic.rjvm.RJVMFinder.findOrCreateRemoteServer(RJVMFinder.java:226)
	at weblogic.rjvm.RJVMFinder.findOrCreate(RJVMFinder.java:189)
	... 30 more
</error>
  </testcase>
  <testcase classname="test.com.inovis.mss.duplicatetrader.TestDuplicateTraderManager" name="testSaveDuplicateTraderNullType" time="2.776">
    <error message="[DUPT-00101] Failed to get a remote interface to a DuplicateTraderManagerFacade EJB. This is an EJB error that probably stems from an incorrect deployment, a network problem, or the failure of an EJB server." type="com.inovis.b2b.lib.exception.OperationFailedException">class com.inovis.b2b.lib.exception.OperationFailedException: [DUPT-00101] Failed to get a remote interface to a DuplicateTraderManagerFacade EJB. This is an EJB error that probably stems from an incorrect deployment, a network problem, or the failure of an EJB server.
	at com.inovis.mss.duplicatetrader.defs.DuplicateTraderManagerImp.&lt;init&gt;(DuplicateTraderManagerImp.java:73)
	at com.inovis.mss.duplicatetrader.DuplicateTraderManager.getManager(DuplicateTraderManager.java:57)
	at test.com.inovis.mss.duplicatetrader.TestDuplicateTraderManager.setUp(TestDuplicateTraderManager.java:76)
Caused by: class com.inovis.b2b.lib.service.ServiceUnavailableException: [LIBP-00001] Unable to connect to naming service
	at com.inovis.b2b.lib.service.ServiceLocator.getInitialContext(ServiceLocator.java:214)
	at com.inovis.b2b.lib.service.ServiceLocator.&lt;init&gt;(ServiceLocator.java:183)
	at com.inovis.b2b.lib.service.ServiceLocator.getInstance(ServiceLocator.java:167)
	at com.inovis.b2b.lib.service.ServiceLocator.getInstance(ServiceLocator.java:150)
	at com.inovis.mss.duplicatetrader.defs.DuplicateTraderManagerImp.&lt;init&gt;(DuplicateTraderManagerImp.java:65)
	... 16 more
Caused by: javax.naming.CommunicationException [Root exception is java.net.ConnectException: t3://localhost:7001: Destination unreachable; nested exception is: 
	java.net.ConnectException: Connection refused: connect; No available router to destination]
	at weblogic.jndi.internal.ExceptionTranslator.toNamingException(ExceptionTranslator.java:49)
	at weblogic.jndi.WLInitialContextFactoryDelegate.toNamingException(WLInitialContextFactoryDelegate.java:765)
	at weblogic.jndi.WLInitialContextFactoryDelegate.getInitialContext(WLInitialContextFactoryDelegate.java:364)
	at weblogic.jndi.Environment.getContext(Environment.java:307)
	at weblogic.jndi.Environment.getContext(Environment.java:277)
	at weblogic.jndi.WLInitialContextFactory.getInitialContext(WLInitialContextFactory.java:117)
	at javax.naming.spi.NamingManager.getInitialContext(NamingManager.java:667)
	at javax.naming.InitialContext.getDefaultInitCtx(InitialContext.java:247)
	at javax.naming.InitialContext.init(InitialContext.java:223)
	at javax.naming.InitialContext.&lt;init&gt;(InitialContext.java:175)
	at com.inovis.b2b.lib.service.ServiceLocator.getInitialContext(ServiceLocator.java:206)
	... 20 more
Caused by: java.net.ConnectException: t3://localhost:7001: Destination unreachable; nested exception is: 
	java.net.ConnectException: Connection refused: connect; No available router to destination
	at weblogic.rjvm.RJVMFinder.findOrCreate(RJVMFinder.java:204)
	at weblogic.rjvm.ServerURL.findOrCreateRJVM(ServerURL.java:154)
	at weblogic.jndi.WLInitialContextFactoryDelegate.getInitialContext(WLInitialContextFactoryDelegate.java:349)
	... 28 more
Caused by: java.rmi.ConnectException: Destination unreachable; nested exception is: 
	java.net.ConnectException: Connection refused: connect; No available router to destination
	at weblogic.rjvm.ConnectionManager.bootstrap(ConnectionManager.java:472)
	at weblogic.rjvm.ConnectionManager.bootstrap(ConnectionManager.java:323)
	at weblogic.rjvm.RJVMManager.findOrCreateRemoteInternal(RJVMManager.java:259)
	at weblogic.rjvm.RJVMManager.findOrCreate(RJVMManager.java:202)
	at weblogic.rjvm.RJVMFinder.findOrCreateRemoteServer(RJVMFinder.java:226)
	at weblogic.rjvm.RJVMFinder.findOrCreate(RJVMFinder.java:189)
	... 30 more
</error>
  </testcase>
  <testcase classname="test.com.inovis.mss.duplicatetrader.TestDuplicateTraderManager" name="testSaveDuplicateTraderNullDuplicateTrader" time="2.807">
    <error message="[DUPT-00101] Failed to get a remote interface to a DuplicateTraderManagerFacade EJB. This is an EJB error that probably stems from an incorrect deployment, a network problem, or the failure of an EJB server." type="com.inovis.b2b.lib.exception.OperationFailedException">class com.inovis.b2b.lib.exception.OperationFailedException: [DUPT-00101] Failed to get a remote interface to a DuplicateTraderManagerFacade EJB. This is an EJB error that probably stems from an incorrect deployment, a network problem, or the failure of an EJB server.
	at com.inovis.mss.duplicatetrader.defs.DuplicateTraderManagerImp.&lt;init&gt;(DuplicateTraderManagerImp.java:73)
	at com.inovis.mss.duplicatetrader.DuplicateTraderManager.getManager(DuplicateTraderManager.java:57)
	at test.com.inovis.mss.duplicatetrader.TestDuplicateTraderManager.setUp(TestDuplicateTraderManager.java:76)
Caused by: class com.inovis.b2b.lib.service.ServiceUnavailableException: [LIBP-00001] Unable to connect to naming service
	at com.inovis.b2b.lib.service.ServiceLocator.getInitialContext(ServiceLocator.java:214)
	at com.inovis.b2b.lib.service.ServiceLocator.&lt;init&gt;(ServiceLocator.java:183)
	at com.inovis.b2b.lib.service.ServiceLocator.getInstance(ServiceLocator.java:167)
	at com.inovis.b2b.lib.service.ServiceLocator.getInstance(ServiceLocator.java:150)
	at com.inovis.mss.duplicatetrader.defs.DuplicateTraderManagerImp.&lt;init&gt;(DuplicateTraderManagerImp.java:65)
	... 16 more
Caused by: javax.naming.CommunicationException [Root exception is java.net.ConnectException: t3://localhost:7001: Destination unreachable; nested exception is: 
	java.net.ConnectException: Connection refused: connect; No available router to destination]
	at weblogic.jndi.internal.ExceptionTranslator.toNamingException(ExceptionTranslator.java:49)
	at weblogic.jndi.WLInitialContextFactoryDelegate.toNamingException(WLInitialContextFactoryDelegate.java:765)
	at weblogic.jndi.WLInitialContextFactoryDelegate.getInitialContext(WLInitialContextFactoryDelegate.java:364)
	at weblogic.jndi.Environment.getContext(Environment.java:307)
	at weblogic.jndi.Environment.getContext(Environment.java:277)
	at weblogic.jndi.WLInitialContextFactory.getInitialContext(WLInitialContextFactory.java:117)
	at javax.naming.spi.NamingManager.getInitialContext(NamingManager.java:667)
	at javax.naming.InitialContext.getDefaultInitCtx(InitialContext.java:247)
	at javax.naming.InitialContext.init(InitialContext.java:223)
	at javax.naming.InitialContext.&lt;init&gt;(InitialContext.java:175)
	at com.inovis.b2b.lib.service.ServiceLocator.getInitialContext(ServiceLocator.java:206)
	... 20 more
Caused by: java.net.ConnectException: t3://localhost:7001: Destination unreachable; nested exception is: 
	java.net.ConnectException: Connection refused: connect; No available router to destination
	at weblogic.rjvm.RJVMFinder.findOrCreate(RJVMFinder.java:204)
	at weblogic.rjvm.ServerURL.findOrCreateRJVM(ServerURL.java:154)
	at weblogic.jndi.WLInitialContextFactoryDelegate.getInitialContext(WLInitialContextFactoryDelegate.java:349)
	... 28 more
Caused by: java.rmi.ConnectException: Destination unreachable; nested exception is: 
	java.net.ConnectException: Connection refused: connect; No available router to destination
	at weblogic.rjvm.ConnectionManager.bootstrap(ConnectionManager.java:472)
	at weblogic.rjvm.ConnectionManager.bootstrap(ConnectionManager.java:323)
	at weblogic.rjvm.RJVMManager.findOrCreateRemoteInternal(RJVMManager.java:259)
	at weblogic.rjvm.RJVMManager.findOrCreate(RJVMManager.java:202)
	at weblogic.rjvm.RJVMFinder.findOrCreateRemoteServer(RJVMFinder.java:226)
	at weblogic.rjvm.RJVMFinder.findOrCreate(RJVMFinder.java:189)
	... 30 more
</error>
  </testcase>
  <testcase classname="test.com.inovis.mss.duplicatetrader.TestDuplicateTraderManager" name="testExistsDuplicateTraderNullSenderID" time="2.978">
    <error message="[DUPT-00101] Failed to get a remote interface to a DuplicateTraderManagerFacade EJB. This is an EJB error that probably stems from an incorrect deployment, a network problem, or the failure of an EJB server." type="com.inovis.b2b.lib.exception.OperationFailedException">class com.inovis.b2b.lib.exception.OperationFailedException: [DUPT-00101] Failed to get a remote interface to a DuplicateTraderManagerFacade EJB. This is an EJB error that probably stems from an incorrect deployment, a network problem, or the failure of an EJB server.
	at com.inovis.mss.duplicatetrader.defs.DuplicateTraderManagerImp.&lt;init&gt;(DuplicateTraderManagerImp.java:73)
	at com.inovis.mss.duplicatetrader.DuplicateTraderManager.getManager(DuplicateTraderManager.java:57)
	at test.com.inovis.mss.duplicatetrader.TestDuplicateTraderManager.setUp(TestDuplicateTraderManager.java:76)
Caused by: class com.inovis.b2b.lib.service.ServiceUnavailableException: [LIBP-00001] Unable to connect to naming service
	at com.inovis.b2b.lib.service.ServiceLocator.getInitialContext(ServiceLocator.java:214)
	at com.inovis.b2b.lib.service.ServiceLocator.&lt;init&gt;(ServiceLocator.java:183)
	at com.inovis.b2b.lib.service.ServiceLocator.getInstance(ServiceLocator.java:167)
	at com.inovis.b2b.lib.service.ServiceLocator.getInstance(ServiceLocator.java:150)
	at com.inovis.mss.duplicatetrader.defs.DuplicateTraderManagerImp.&lt;init&gt;(DuplicateTraderManagerImp.java:65)
	... 16 more
Caused by: javax.naming.CommunicationException [Root exception is java.net.ConnectException: t3://localhost:7001: Destination unreachable; nested exception is: 
	java.net.ConnectException: Connection refused: connect; No available router to destination]
	at weblogic.jndi.internal.ExceptionTranslator.toNamingException(ExceptionTranslator.java:49)
	at weblogic.jndi.WLInitialContextFactoryDelegate.toNamingException(WLInitialContextFactoryDelegate.java:765)
	at weblogic.jndi.WLInitialContextFactoryDelegate.getInitialContext(WLInitialContextFactoryDelegate.java:364)
	at weblogic.jndi.Environment.getContext(Environment.java:307)
	at weblogic.jndi.Environment.getContext(Environment.java:277)
	at weblogic.jndi.WLInitialContextFactory.getInitialContext(WLInitialContextFactory.java:117)
	at javax.naming.spi.NamingManager.getInitialContext(NamingManager.java:667)
	at javax.naming.InitialContext.getDefaultInitCtx(InitialContext.java:247)
	at javax.naming.InitialContext.init(InitialContext.java:223)
	at javax.naming.InitialContext.&lt;init&gt;(InitialContext.java:175)
	at com.inovis.b2b.lib.service.ServiceLocator.getInitialContext(ServiceLocator.java:206)
	... 20 more
Caused by: java.net.ConnectException: t3://localhost:7001: Destination unreachable; nested exception is: 
	java.net.ConnectException: Connection refused: connect; No available router to destination
	at weblogic.rjvm.RJVMFinder.findOrCreate(RJVMFinder.java:204)
	at weblogic.rjvm.ServerURL.findOrCreateRJVM(ServerURL.java:154)
	at weblogic.jndi.WLInitialContextFactoryDelegate.getInitialContext(WLInitialContextFactoryDelegate.java:349)
	... 28 more
Caused by: java.rmi.ConnectException: Destination unreachable; nested exception is: 
	java.net.ConnectException: Connection refused: connect; No available router to destination
	at weblogic.rjvm.ConnectionManager.bootstrap(ConnectionManager.java:472)
	at weblogic.rjvm.ConnectionManager.bootstrap(ConnectionManager.java:323)
	at weblogic.rjvm.RJVMManager.findOrCreateRemoteInternal(RJVMManager.java:259)
	at weblogic.rjvm.RJVMManager.findOrCreate(RJVMManager.java:202)
	at weblogic.rjvm.RJVMFinder.findOrCreateRemoteServer(RJVMFinder.java:226)
	at weblogic.rjvm.RJVMFinder.findOrCreate(RJVMFinder.java:189)
	... 30 more
</error>
  </testcase>
  <testcase classname="test.com.inovis.mss.duplicatetrader.TestDuplicateTraderManager" name="testExistsDuplicateTraderNullReceiverID" time="2.464">
    <error message="[DUPT-00101] Failed to get a remote interface to a DuplicateTraderManagerFacade EJB. This is an EJB error that probably stems from an incorrect deployment, a network problem, or the failure of an EJB server." type="com.inovis.b2b.lib.exception.OperationFailedException">class com.inovis.b2b.lib.exception.OperationFailedException: [DUPT-00101] Failed to get a remote interface to a DuplicateTraderManagerFacade EJB. This is an EJB error that probably stems from an incorrect deployment, a network problem, or the failure of an EJB server.
	at com.inovis.mss.duplicatetrader.defs.DuplicateTraderManagerImp.&lt;init&gt;(DuplicateTraderManagerImp.java:73)
	at com.inovis.mss.duplicatetrader.DuplicateTraderManager.getManager(DuplicateTraderManager.java:57)
	at test.com.inovis.mss.duplicatetrader.TestDuplicateTraderManager.setUp(TestDuplicateTraderManager.java:76)
Caused by: class com.inovis.b2b.lib.service.ServiceUnavailableException: [LIBP-00001] Unable to connect to naming service
	at com.inovis.b2b.lib.service.ServiceLocator.getInitialContext(ServiceLocator.java:214)
	at com.inovis.b2b.lib.service.ServiceLocator.&lt;init&gt;(ServiceLocator.java:183)
	at com.inovis.b2b.lib.service.ServiceLocator.getInstance(ServiceLocator.java:167)
	at com.inovis.b2b.lib.service.ServiceLocator.getInstance(ServiceLocator.java:150)
	at com.inovis.mss.duplicatetrader.defs.DuplicateTraderManagerImp.&lt;init&gt;(DuplicateTraderManagerImp.java:65)
	... 16 more
Caused by: javax.naming.CommunicationException [Root exception is java.net.ConnectException: t3://localhost:7001: Destination unreachable; nested exception is: 
	java.net.ConnectException: Connection refused: connect; No available router to destination]
	at weblogic.jndi.internal.ExceptionTranslator.toNamingException(ExceptionTranslator.java:49)
	at weblogic.jndi.WLInitialContextFactoryDelegate.toNamingException(WLInitialContextFactoryDelegate.java:765)
	at weblogic.jndi.WLInitialContextFactoryDelegate.getInitialContext(WLInitialContextFactoryDelegate.java:364)
	at weblogic.jndi.Environment.getContext(Environment.java:307)
	at weblogic.jndi.Environment.getContext(Environment.java:277)
	at weblogic.jndi.WLInitialContextFactory.getInitialContext(WLInitialContextFactory.java:117)
	at javax.naming.spi.NamingManager.getInitialContext(NamingManager.java:667)
	at javax.naming.InitialContext.getDefaultInitCtx(InitialContext.java:247)
	at javax.naming.InitialContext.init(InitialContext.java:223)
	at javax.naming.InitialContext.&lt;init&gt;(InitialContext.java:175)
	at com.inovis.b2b.lib.service.ServiceLocator.getInitialContext(ServiceLocator.java:206)
	... 20 more
Caused by: java.net.ConnectException: t3://localhost:7001: Destination unreachable; nested exception is: 
	java.net.ConnectException: Connection refused: connect; No available router to destination
	at weblogic.rjvm.RJVMFinder.findOrCreate(RJVMFinder.java:204)
	at weblogic.rjvm.ServerURL.findOrCreateRJVM(ServerURL.java:154)
	at weblogic.jndi.WLInitialContextFactoryDelegate.getInitialContext(WLInitialContextFactoryDelegate.java:349)
	... 28 more
Caused by: java.rmi.ConnectException: Destination unreachable; nested exception is: 
	java.net.ConnectException: Connection refused: connect; No available router to destination
	at weblogic.rjvm.ConnectionManager.bootstrap(ConnectionManager.java:472)
	at weblogic.rjvm.ConnectionManager.bootstrap(ConnectionManager.java:323)
	at weblogic.rjvm.RJVMManager.findOrCreateRemoteInternal(RJVMManager.java:259)
	at weblogic.rjvm.RJVMManager.findOrCreate(RJVMManager.java:202)
	at weblogic.rjvm.RJVMFinder.findOrCreateRemoteServer(RJVMFinder.java:226)
	at weblogic.rjvm.RJVMFinder.findOrCreate(RJVMFinder.java:189)
	... 30 more
</error>
  </testcase>
  <testcase classname="test.com.inovis.mss.duplicatetrader.TestDuplicateTraderManager" name="testExistsDuplicateTrader" time="2.979">
    <error message="[DUPT-00101] Failed to get a remote interface to a DuplicateTraderManagerFacade EJB. This is an EJB error that probably stems from an incorrect deployment, a network problem, or the failure of an EJB server." type="com.inovis.b2b.lib.exception.OperationFailedException">class com.inovis.b2b.lib.exception.OperationFailedException: [DUPT-00101] Failed to get a remote interface to a DuplicateTraderManagerFacade EJB. This is an EJB error that probably stems from an incorrect deployment, a network problem, or the failure of an EJB server.
	at com.inovis.mss.duplicatetrader.defs.DuplicateTraderManagerImp.&lt;init&gt;(DuplicateTraderManagerImp.java:73)
	at com.inovis.mss.duplicatetrader.DuplicateTraderManager.getManager(DuplicateTraderManager.java:57)
	at test.com.inovis.mss.duplicatetrader.TestDuplicateTraderManager.setUp(TestDuplicateTraderManager.java:76)
Caused by: class com.inovis.b2b.lib.service.ServiceUnavailableException: [LIBP-00001] Unable to connect to naming service
	at com.inovis.b2b.lib.service.ServiceLocator.getInitialContext(ServiceLocator.java:214)
	at com.inovis.b2b.lib.service.ServiceLocator.&lt;init&gt;(ServiceLocator.java:183)
	at com.inovis.b2b.lib.service.ServiceLocator.getInstance(ServiceLocator.java:167)
	at com.inovis.b2b.lib.service.ServiceLocator.getInstance(ServiceLocator.java:150)
	at com.inovis.mss.duplicatetrader.defs.DuplicateTraderManagerImp.&lt;init&gt;(DuplicateTraderManagerImp.java:65)
	... 16 more
Caused by: javax.naming.CommunicationException [Root exception is java.net.ConnectException: t3://localhost:7001: Destination unreachable; nested exception is: 
	java.net.ConnectException: Connection refused: connect; No available router to destination]
	at weblogic.jndi.internal.ExceptionTranslator.toNamingException(ExceptionTranslator.java:49)
	at weblogic.jndi.WLInitialContextFactoryDelegate.toNamingException(WLInitialContextFactoryDelegate.java:765)
	at weblogic.jndi.WLInitialContextFactoryDelegate.getInitialContext(WLInitialContextFactoryDelegate.java:364)
	at weblogic.jndi.Environment.getContext(Environment.java:307)
	at weblogic.jndi.Environment.getContext(Environment.java:277)
	at weblogic.jndi.WLInitialContextFactory.getInitialContext(WLInitialContextFactory.java:117)
	at javax.naming.spi.NamingManager.getInitialContext(NamingManager.java:667)
	at javax.naming.InitialContext.getDefaultInitCtx(InitialContext.java:247)
	at javax.naming.InitialContext.init(InitialContext.java:223)
	at javax.naming.InitialContext.&lt;init&gt;(InitialContext.java:175)
	at com.inovis.b2b.lib.service.ServiceLocator.getInitialContext(ServiceLocator.java:206)
	... 20 more
Caused by: java.net.ConnectException: t3://localhost:7001: Destination unreachable; nested exception is: 
	java.net.ConnectException: Connection refused: connect; No available router to destination
	at weblogic.rjvm.RJVMFinder.findOrCreate(RJVMFinder.java:204)
	at weblogic.rjvm.ServerURL.findOrCreateRJVM(ServerURL.java:154)
	at weblogic.jndi.WLInitialContextFactoryDelegate.getInitialContext(WLInitialContextFactoryDelegate.java:349)
	... 28 more
Caused by: java.rmi.ConnectException: Destination unreachable; nested exception is: 
	java.net.ConnectException: Connection refused: connect; No available router to destination
	at weblogic.rjvm.ConnectionManager.bootstrap(ConnectionManager.java:472)
	at weblogic.rjvm.ConnectionManager.bootstrap(ConnectionManager.java:323)
	at weblogic.rjvm.RJVMManager.findOrCreateRemoteInternal(RJVMManager.java:259)
	at weblogic.rjvm.RJVMManager.findOrCreate(RJVMManager.java:202)
	at weblogic.rjvm.RJVMFinder.findOrCreateRemoteServer(RJVMFinder.java:226)
	at weblogic.rjvm.RJVMFinder.findOrCreate(RJVMFinder.java:189)
	... 30 more
</error>
  </testcase>
  <testcase classname="test.com.inovis.mss.duplicatetrader.TestDuplicateTraderManager" name="testDeleteDuplicateTraderNullSender" time="2.853">
    <error message="[DUPT-00101] Failed to get a remote interface to a DuplicateTraderManagerFacade EJB. This is an EJB error that probably stems from an incorrect deployment, a network problem, or the failure of an EJB server." type="com.inovis.b2b.lib.exception.OperationFailedException">class com.inovis.b2b.lib.exception.OperationFailedException: [DUPT-00101] Failed to get a remote interface to a DuplicateTraderManagerFacade EJB. This is an EJB error that probably stems from an incorrect deployment, a network problem, or the failure of an EJB server.
	at com.inovis.mss.duplicatetrader.defs.DuplicateTraderManagerImp.&lt;init&gt;(DuplicateTraderManagerImp.java:73)
	at com.inovis.mss.duplicatetrader.DuplicateTraderManager.getManager(DuplicateTraderManager.java:57)
	at test.com.inovis.mss.duplicatetrader.TestDuplicateTraderManager.setUp(TestDuplicateTraderManager.java:76)
Caused by: class com.inovis.b2b.lib.service.ServiceUnavailableException: [LIBP-00001] Unable to connect to naming service
	at com.inovis.b2b.lib.service.ServiceLocator.getInitialContext(ServiceLocator.java:214)
	at com.inovis.b2b.lib.service.ServiceLocator.&lt;init&gt;(ServiceLocator.java:183)
	at com.inovis.b2b.lib.service.ServiceLocator.getInstance(ServiceLocator.java:167)
	at com.inovis.b2b.lib.service.ServiceLocator.getInstance(ServiceLocator.java:150)
	at com.inovis.mss.duplicatetrader.defs.DuplicateTraderManagerImp.&lt;init&gt;(DuplicateTraderManagerImp.java:65)
	... 16 more
Caused by: javax.naming.CommunicationException [Root exception is java.net.ConnectException: t3://localhost:7001: Destination unreachable; nested exception is: 
	java.net.ConnectException: Connection refused: connect; No available router to destination]
	at weblogic.jndi.internal.ExceptionTranslator.toNamingException(ExceptionTranslator.java:49)
	at weblogic.jndi.WLInitialContextFactoryDelegate.toNamingException(WLInitialContextFactoryDelegate.java:765)
	at weblogic.jndi.WLInitialContextFactoryDelegate.getInitialContext(WLInitialContextFactoryDelegate.java:364)
	at weblogic.jndi.Environment.getContext(Environment.java:307)
	at weblogic.jndi.Environment.getContext(Environment.java:277)
	at weblogic.jndi.WLInitialContextFactory.getInitialContext(WLInitialContextFactory.java:117)
	at javax.naming.spi.NamingManager.getInitialContext(NamingManager.java:667)
	at javax.naming.InitialContext.getDefaultInitCtx(InitialContext.java:247)
	at javax.naming.InitialContext.init(InitialContext.java:223)
	at javax.naming.InitialContext.&lt;init&gt;(InitialContext.java:175)
	at com.inovis.b2b.lib.service.ServiceLocator.getInitialContext(ServiceLocator.java:206)
	... 20 more
Caused by: java.net.ConnectException: t3://localhost:7001: Destination unreachable; nested exception is: 
	java.net.ConnectException: Connection refused: connect; No available router to destination
	at weblogic.rjvm.RJVMFinder.findOrCreate(RJVMFinder.java:204)
	at weblogic.rjvm.ServerURL.findOrCreateRJVM(ServerURL.java:154)
	at weblogic.jndi.WLInitialContextFactoryDelegate.getInitialContext(WLInitialContextFactoryDelegate.java:349)
	... 28 more
Caused by: java.rmi.ConnectException: Destination unreachable; nested exception is: 
	java.net.ConnectException: Connection refused: connect; No available router to destination
	at weblogic.rjvm.ConnectionManager.bootstrap(ConnectionManager.java:472)
	at weblogic.rjvm.ConnectionManager.bootstrap(ConnectionManager.java:323)
	at weblogic.rjvm.RJVMManager.findOrCreateRemoteInternal(RJVMManager.java:259)
	at weblogic.rjvm.RJVMManager.findOrCreate(RJVMManager.java:202)
	at weblogic.rjvm.RJVMFinder.findOrCreateRemoteServer(RJVMFinder.java:226)
	at weblogic.rjvm.RJVMFinder.findOrCreate(RJVMFinder.java:189)
	... 30 more
</error>
  </testcase>
  <testcase classname="test.com.inovis.mss.duplicatetrader.TestDuplicateTraderManager" name="testDeleteDuplicateTraderNullReceiver" time="2.23">
    <error message="[DUPT-00101] Failed to get a remote interface to a DuplicateTraderManagerFacade EJB. This is an EJB error that probably stems from an incorrect deployment, a network problem, or the failure of an EJB server." type="com.inovis.b2b.lib.exception.OperationFailedException">class com.inovis.b2b.lib.exception.OperationFailedException: [DUPT-00101] Failed to get a remote interface to a DuplicateTraderManagerFacade EJB. This is an EJB error that probably stems from an incorrect deployment, a network problem, or the failure of an EJB server.
	at com.inovis.mss.duplicatetrader.defs.DuplicateTraderManagerImp.&lt;init&gt;(DuplicateTraderManagerImp.java:73)
	at com.inovis.mss.duplicatetrader.DuplicateTraderManager.getManager(DuplicateTraderManager.java:57)
	at test.com.inovis.mss.duplicatetrader.TestDuplicateTraderManager.setUp(TestDuplicateTraderManager.java:76)
Caused by: class com.inovis.b2b.lib.service.ServiceUnavailableException: [LIBP-00001] Unable to connect to naming service
	at com.inovis.b2b.lib.service.ServiceLocator.getInitialContext(ServiceLocator.java:214)
	at com.inovis.b2b.lib.service.ServiceLocator.&lt;init&gt;(ServiceLocator.java:183)
	at com.inovis.b2b.lib.service.ServiceLocator.getInstance(ServiceLocator.java:167)
	at com.inovis.b2b.lib.service.ServiceLocator.getInstance(ServiceLocator.java:150)
	at com.inovis.mss.duplicatetrader.defs.DuplicateTraderManagerImp.&lt;init&gt;(DuplicateTraderManagerImp.java:65)
	... 16 more
Caused by: javax.naming.CommunicationException [Root exception is java.net.ConnectException: t3://localhost:7001: Destination unreachable; nested exception is: 
	java.net.ConnectException: Connection refused: connect; No available router to destination]
	at weblogic.jndi.internal.ExceptionTranslator.toNamingException(ExceptionTranslator.java:49)
	at weblogic.jndi.WLInitialContextFactoryDelegate.toNamingException(WLInitialContextFactoryDelegate.java:765)
	at weblogic.jndi.WLInitialContextFactoryDelegate.getInitialContext(WLInitialContextFactoryDelegate.java:364)
	at weblogic.jndi.Environment.getContext(Environment.java:307)
	at weblogic.jndi.Environment.getContext(Environment.java:277)
	at weblogic.jndi.WLInitialContextFactory.getInitialContext(WLInitialContextFactory.java:117)
	at javax.naming.spi.NamingManager.getInitialContext(NamingManager.java:667)
	at javax.naming.InitialContext.getDefaultInitCtx(InitialContext.java:247)
	at javax.naming.InitialContext.init(InitialContext.java:223)
	at javax.naming.InitialContext.&lt;init&gt;(InitialContext.java:175)
	at com.inovis.b2b.lib.service.ServiceLocator.getInitialContext(ServiceLocator.java:206)
	... 20 more
Caused by: java.net.ConnectException: t3://localhost:7001: Destination unreachable; nested exception is: 
	java.net.ConnectException: Connection refused: connect; No available router to destination
	at weblogic.rjvm.RJVMFinder.findOrCreate(RJVMFinder.java:204)
	at weblogic.rjvm.ServerURL.findOrCreateRJVM(ServerURL.java:154)
	at weblogic.jndi.WLInitialContextFactoryDelegate.getInitialContext(WLInitialContextFactoryDelegate.java:349)
	... 28 more
Caused by: java.rmi.ConnectException: Destination unreachable; nested exception is: 
	java.net.ConnectException: Connection refused: connect; No available router to destination
	at weblogic.rjvm.ConnectionManager.bootstrap(ConnectionManager.java:472)
	at weblogic.rjvm.ConnectionManager.bootstrap(ConnectionManager.java:323)
	at weblogic.rjvm.RJVMManager.findOrCreateRemoteInternal(RJVMManager.java:259)
	at weblogic.rjvm.RJVMManager.findOrCreate(RJVMManager.java:202)
	at weblogic.rjvm.RJVMFinder.findOrCreateRemoteServer(RJVMFinder.java:226)
	at weblogic.rjvm.RJVMFinder.findOrCreate(RJVMFinder.java:189)
	... 30 more
</error>
  </testcase>
  <testcase classname="test.com.inovis.mss.duplicatetrader.TestDuplicateTraderManager" name="testDeleteDuplicateTraderNullReceiverID" time="2.995">
    <error message="[DUPT-00101] Failed to get a remote interface to a DuplicateTraderManagerFacade EJB. This is an EJB error that probably stems from an incorrect deployment, a network problem, or the failure of an EJB server." type="com.inovis.b2b.lib.exception.OperationFailedException">class com.inovis.b2b.lib.exception.OperationFailedException: [DUPT-00101] Failed to get a remote interface to a DuplicateTraderManagerFacade EJB. This is an EJB error that probably stems from an incorrect deployment, a network problem, or the failure of an EJB server.
	at com.inovis.mss.duplicatetrader.defs.DuplicateTraderManagerImp.&lt;init&gt;(DuplicateTraderManagerImp.java:73)
	at com.inovis.mss.duplicatetrader.DuplicateTraderManager.getManager(DuplicateTraderManager.java:57)
	at test.com.inovis.mss.duplicatetrader.TestDuplicateTraderManager.setUp(TestDuplicateTraderManager.java:76)
Caused by: class com.inovis.b2b.lib.service.ServiceUnavailableException: [LIBP-00001] Unable to connect to naming service
	at com.inovis.b2b.lib.service.ServiceLocator.getInitialContext(ServiceLocator.java:214)
	at com.inovis.b2b.lib.service.ServiceLocator.&lt;init&gt;(ServiceLocator.java:183)
	at com.inovis.b2b.lib.service.ServiceLocator.getInstance(ServiceLocator.java:167)
	at com.inovis.b2b.lib.service.ServiceLocator.getInstance(ServiceLocator.java:150)
	at com.inovis.mss.duplicatetrader.defs.DuplicateTraderManagerImp.&lt;init&gt;(DuplicateTraderManagerImp.java:65)
	... 16 more
Caused by: javax.naming.CommunicationException [Root exception is java.net.ConnectException: t3://localhost:7001: Destination unreachable; nested exception is: 
	java.net.ConnectException: Connection refused: connect; No available router to destination]
	at weblogic.jndi.internal.ExceptionTranslator.toNamingException(ExceptionTranslator.java:49)
	at weblogic.jndi.WLInitialContextFactoryDelegate.toNamingException(WLInitialContextFactoryDelegate.java:765)
	at weblogic.jndi.WLInitialContextFactoryDelegate.getInitialContext(WLInitialContextFactoryDelegate.java:364)
	at weblogic.jndi.Environment.getContext(Environment.java:307)
	at weblogic.jndi.Environment.getContext(Environment.java:277)
	at weblogic.jndi.WLInitialContextFactory.getInitialContext(WLInitialContextFactory.java:117)
	at javax.naming.spi.NamingManager.getInitialContext(NamingManager.java:667)
	at javax.naming.InitialContext.getDefaultInitCtx(InitialContext.java:247)
	at javax.naming.InitialContext.init(InitialContext.java:223)
	at javax.naming.InitialContext.&lt;init&gt;(InitialContext.java:175)
	at com.inovis.b2b.lib.service.ServiceLocator.getInitialContext(ServiceLocator.java:206)
	... 20 more
Caused by: java.net.ConnectException: t3://localhost:7001: Destination unreachable; nested exception is: 
	java.net.ConnectException: Connection refused: connect; No available router to destination
	at weblogic.rjvm.RJVMFinder.findOrCreate(RJVMFinder.java:204)
	at weblogic.rjvm.ServerURL.findOrCreateRJVM(ServerURL.java:154)
	at weblogic.jndi.WLInitialContextFactoryDelegate.getInitialContext(WLInitialContextFactoryDelegate.java:349)
	... 28 more
Caused by: java.rmi.ConnectException: Destination unreachable; nested exception is: 
	java.net.ConnectException: Connection refused: connect; No available router to destination
	at weblogic.rjvm.ConnectionManager.bootstrap(ConnectionManager.java:472)
	at weblogic.rjvm.ConnectionManager.bootstrap(ConnectionManager.java:323)
	at weblogic.rjvm.RJVMManager.findOrCreateRemoteInternal(RJVMManager.java:259)
	at weblogic.rjvm.RJVMManager.findOrCreate(RJVMManager.java:202)
	at weblogic.rjvm.RJVMFinder.findOrCreateRemoteServer(RJVMFinder.java:226)
	at weblogic.rjvm.RJVMFinder.findOrCreate(RJVMFinder.java:189)
	... 30 more
</error>
  </testcase>
  <testcase classname="test.com.inovis.mss.duplicatetrader.TestDuplicateTraderManager" name="testDeleteDuplicateTraderBySender" time="2.619">
    <error message="[DUPT-00101] Failed to get a remote interface to a DuplicateTraderManagerFacade EJB. This is an EJB error that probably stems from an incorrect deployment, a network problem, or the failure of an EJB server." type="com.inovis.b2b.lib.exception.OperationFailedException">class com.inovis.b2b.lib.exception.OperationFailedException: [DUPT-00101] Failed to get a remote interface to a DuplicateTraderManagerFacade EJB. This is an EJB error that probably stems from an incorrect deployment, a network problem, or the failure of an EJB server.
	at com.inovis.mss.duplicatetrader.defs.DuplicateTraderManagerImp.&lt;init&gt;(DuplicateTraderManagerImp.java:73)
	at com.inovis.mss.duplicatetrader.DuplicateTraderManager.getManager(DuplicateTraderManager.java:57)
	at test.com.inovis.mss.duplicatetrader.TestDuplicateTraderManager.setUp(TestDuplicateTraderManager.java:76)
Caused by: class com.inovis.b2b.lib.service.ServiceUnavailableException: [LIBP-00001] Unable to connect to naming service
	at com.inovis.b2b.lib.service.ServiceLocator.getInitialContext(ServiceLocator.java:214)
	at com.inovis.b2b.lib.service.ServiceLocator.&lt;init&gt;(ServiceLocator.java:183)
	at com.inovis.b2b.lib.service.ServiceLocator.getInstance(ServiceLocator.java:167)
	at com.inovis.b2b.lib.service.ServiceLocator.getInstance(ServiceLocator.java:150)
	at com.inovis.mss.duplicatetrader.defs.DuplicateTraderManagerImp.&lt;init&gt;(DuplicateTraderManagerImp.java:65)
	... 16 more
Caused by: javax.naming.CommunicationException [Root exception is java.net.ConnectException: t3://localhost:7001: Destination unreachable; nested exception is: 
	java.net.ConnectException: Connection refused: connect; No available router to destination]
	at weblogic.jndi.internal.ExceptionTranslator.toNamingException(ExceptionTranslator.java:49)
	at weblogic.jndi.WLInitialContextFactoryDelegate.toNamingException(WLInitialContextFactoryDelegate.java:765)
	at weblogic.jndi.WLInitialContextFactoryDelegate.getInitialContext(WLInitialContextFactoryDelegate.java:364)
	at weblogic.jndi.Environment.getContext(Environment.java:307)
	at weblogic.jndi.Environment.getContext(Environment.java:277)
	at weblogic.jndi.WLInitialContextFactory.getInitialContext(WLInitialContextFactory.java:117)
	at javax.naming.spi.NamingManager.getInitialContext(NamingManager.java:667)
	at javax.naming.InitialContext.getDefaultInitCtx(InitialContext.java:247)
	at javax.naming.InitialContext.init(InitialContext.java:223)
	at javax.naming.InitialContext.&lt;init&gt;(InitialContext.java:175)
	at com.inovis.b2b.lib.service.ServiceLocator.getInitialContext(ServiceLocator.java:206)
	... 20 more
Caused by: java.net.ConnectException: t3://localhost:7001: Destination unreachable; nested exception is: 
	java.net.ConnectException: Connection refused: connect; No available router to destination
	at weblogic.rjvm.RJVMFinder.findOrCreate(RJVMFinder.java:204)
	at weblogic.rjvm.ServerURL.findOrCreateRJVM(ServerURL.java:154)
	at weblogic.jndi.WLInitialContextFactoryDelegate.getInitialContext(WLInitialContextFactoryDelegate.java:349)
	... 28 more
Caused by: java.rmi.ConnectException: Destination unreachable; nested exception is: 
	java.net.ConnectException: Connection refused: connect; No available router to destination
	at weblogic.rjvm.ConnectionManager.bootstrap(ConnectionManager.java:472)
	at weblogic.rjvm.ConnectionManager.bootstrap(ConnectionManager.java:323)
	at weblogic.rjvm.RJVMManager.findOrCreateRemoteInternal(RJVMManager.java:259)
	at weblogic.rjvm.RJVMManager.findOrCreate(RJVMManager.java:202)
	at weblogic.rjvm.RJVMFinder.findOrCreateRemoteServer(RJVMFinder.java:226)
	at weblogic.rjvm.RJVMFinder.findOrCreate(RJVMFinder.java:189)
	... 30 more
</error>
  </testcase>
  <testcase classname="test.com.inovis.mss.duplicatetrader.TestDuplicateTraderManager" name="testDeleteDuplicateTrader" time="2.885">
    <error message="[DUPT-00101] Failed to get a remote interface to a DuplicateTraderManagerFacade EJB. This is an EJB error that probably stems from an incorrect deployment, a network problem, or the failure of an EJB server." type="com.inovis.b2b.lib.exception.OperationFailedException">class com.inovis.b2b.lib.exception.OperationFailedException: [DUPT-00101] Failed to get a remote interface to a DuplicateTraderManagerFacade EJB. This is an EJB error that probably stems from an incorrect deployment, a network problem, or the failure of an EJB server.
	at com.inovis.mss.duplicatetrader.defs.DuplicateTraderManagerImp.&lt;init&gt;(DuplicateTraderManagerImp.java:73)
	at com.inovis.mss.duplicatetrader.DuplicateTraderManager.getManager(DuplicateTraderManager.java:57)
	at test.com.inovis.mss.duplicatetrader.TestDuplicateTraderManager.setUp(TestDuplicateTraderManager.java:76)
Caused by: class com.inovis.b2b.lib.service.ServiceUnavailableException: [LIBP-00001] Unable to connect to naming service
	at com.inovis.b2b.lib.service.ServiceLocator.getInitialContext(ServiceLocator.java:214)
	at com.inovis.b2b.lib.service.ServiceLocator.&lt;init&gt;(ServiceLocator.java:183)
	at com.inovis.b2b.lib.service.ServiceLocator.getInstance(ServiceLocator.java:167)
	at com.inovis.b2b.lib.service.ServiceLocator.getInstance(ServiceLocator.java:150)
	at com.inovis.mss.duplicatetrader.defs.DuplicateTraderManagerImp.&lt;init&gt;(DuplicateTraderManagerImp.java:65)
	... 16 more
Caused by: javax.naming.CommunicationException [Root exception is java.net.ConnectException: t3://localhost:7001: Destination unreachable; nested exception is: 
	java.net.ConnectException: Connection refused: connect; No available router to destination]
	at weblogic.jndi.internal.ExceptionTranslator.toNamingException(ExceptionTranslator.java:49)
	at weblogic.jndi.WLInitialContextFactoryDelegate.toNamingException(WLInitialContextFactoryDelegate.java:765)
	at weblogic.jndi.WLInitialContextFactoryDelegate.getInitialContext(WLInitialContextFactoryDelegate.java:364)
	at weblogic.jndi.Environment.getContext(Environment.java:307)
	at weblogic.jndi.Environment.getContext(Environment.java:277)
	at weblogic.jndi.WLInitialContextFactory.getInitialContext(WLInitialContextFactory.java:117)
	at javax.naming.spi.NamingManager.getInitialContext(NamingManager.java:667)
	at javax.naming.InitialContext.getDefaultInitCtx(InitialContext.java:247)
	at javax.naming.InitialContext.init(InitialContext.java:223)
	at javax.naming.InitialContext.&lt;init&gt;(InitialContext.java:175)
	at com.inovis.b2b.lib.service.ServiceLocator.getInitialContext(ServiceLocator.java:206)
	... 20 more
Caused by: java.net.ConnectException: t3://localhost:7001: Destination unreachable; nested exception is: 
	java.net.ConnectException: Connection refused: connect; No available router to destination
	at weblogic.rjvm.RJVMFinder.findOrCreate(RJVMFinder.java:204)
	at weblogic.rjvm.ServerURL.findOrCreateRJVM(ServerURL.java:154)
	at weblogic.jndi.WLInitialContextFactoryDelegate.getInitialContext(WLInitialContextFactoryDelegate.java:349)
	... 28 more
Caused by: java.rmi.ConnectException: Destination unreachable; nested exception is: 
	java.net.ConnectException: Connection refused: connect; No available router to destination
	at weblogic.rjvm.ConnectionManager.bootstrap(ConnectionManager.java:472)
	at weblogic.rjvm.ConnectionManager.bootstrap(ConnectionManager.java:323)
	at weblogic.rjvm.RJVMManager.findOrCreateRemoteInternal(RJVMManager.java:259)
	at weblogic.rjvm.RJVMManager.findOrCreate(RJVMManager.java:202)
	at weblogic.rjvm.RJVMFinder.findOrCreateRemoteServer(RJVMFinder.java:226)
	at weblogic.rjvm.RJVMFinder.findOrCreate(RJVMFinder.java:189)
	... 30 more
</error>
  </testcase>
  <testcase classname="test.com.inovis.mss.event.TestEventManager" name="testCreateEvent" time="2.995">
    <error message="[EVEN-00101] Unable to create the Event Manager." type="com.inovis.b2b.lib.exception.OperationFailedException">class com.inovis.b2b.lib.exception.OperationFailedException: [EVEN-00101] Unable to create the Event Manager.
	at com.inovis.mss.event.defs.EventManagerImp.&lt;init&gt;(EventManagerImp.java:69)
	at com.inovis.mss.event.EventManager.getManager(EventManager.java:59)
	at test.com.inovis.mss.event.TestEventManager.setUp(TestEventManager.java:64)
Caused by: class com.inovis.b2b.lib.service.ServiceUnavailableException: [LIBP-00001] Unable to connect to naming service
	at com.inovis.b2b.lib.service.ServiceLocator.getInitialContext(ServiceLocator.java:214)
	at com.inovis.b2b.lib.service.ServiceLocator.&lt;init&gt;(ServiceLocator.java:183)
	at com.inovis.b2b.lib.service.ServiceLocator.getInstance(ServiceLocator.java:167)
	at com.inovis.b2b.lib.service.ServiceLocator.getInstance(ServiceLocator.java:150)
	at com.inovis.mss.event.defs.EventManagerImp.&lt;init&gt;(EventManagerImp.java:62)
	... 16 more
Caused by: javax.naming.CommunicationException [Root exception is java.net.ConnectException: t3://localhost:7001: Destination unreachable; nested exception is: 
	java.net.ConnectException: Connection refused: connect; No available router to destination]
	at weblogic.jndi.internal.ExceptionTranslator.toNamingException(ExceptionTranslator.java:49)
	at weblogic.jndi.WLInitialContextFactoryDelegate.toNamingException(WLInitialContextFactoryDelegate.java:765)
	at weblogic.jndi.WLInitialContextFactoryDelegate.getInitialContext(WLInitialContextFactoryDelegate.java:364)
	at weblogic.jndi.Environment.getContext(Environment.java:307)
	at weblogic.jndi.Environment.getContext(Environment.java:277)
	at weblogic.jndi.WLInitialContextFactory.getInitialContext(WLInitialContextFactory.java:117)
	at javax.naming.spi.NamingManager.getInitialContext(NamingManager.java:667)
	at javax.naming.InitialContext.getDefaultInitCtx(InitialContext.java:247)
	at javax.naming.InitialContext.init(InitialContext.java:223)
	at javax.naming.InitialContext.&lt;init&gt;(InitialContext.java:175)
	at com.inovis.b2b.lib.service.ServiceLocator.getInitialContext(ServiceLocator.java:206)
	... 20 more
Caused by: java.net.ConnectException: t3://localhost:7001: Destination unreachable; nested exception is: 
	java.net.ConnectException: Connection refused: connect; No available router to destination
	at weblogic.rjvm.RJVMFinder.findOrCreate(RJVMFinder.java:204)
	at weblogic.rjvm.ServerURL.findOrCreateRJVM(ServerURL.java:154)
	at weblogic.jndi.WLInitialContextFactoryDelegate.getInitialContext(WLInitialContextFactoryDelegate.java:349)
	... 28 more
Caused by: java.rmi.ConnectException: Destination unreachable; nested exception is: 
	java.net.ConnectException: Connection refused: connect; No available router to destination
	at weblogic.rjvm.ConnectionManager.bootstrap(ConnectionManager.java:472)
	at weblogic.rjvm.ConnectionManager.bootstrap(ConnectionManager.java:323)
	at weblogic.rjvm.RJVMManager.findOrCreateRemoteInternal(RJVMManager.java:259)
	at weblogic.rjvm.RJVMManager.findOrCreate(RJVMManager.java:202)
	at weblogic.rjvm.RJVMFinder.findOrCreateRemoteServer(RJVMFinder.java:226)
	at weblogic.rjvm.RJVMFinder.findOrCreate(RJVMFinder.java:189)
	... 30 more
</error>
  </testcase>
  <testcase classname="test.com.inovis.mss.event.TestEventManager" name="testCreateEventFail" time="3.103">
    <error message="[EVEN-00101] Unable to create the Event Manager." type="com.inovis.b2b.lib.exception.OperationFailedException">class com.inovis.b2b.lib.exception.OperationFailedException: [EVEN-00101] Unable to create the Event Manager.
	at com.inovis.mss.event.defs.EventManagerImp.&lt;init&gt;(EventManagerImp.java:69)
	at com.inovis.mss.event.EventManager.getManager(EventManager.java:59)
	at test.com.inovis.mss.event.TestEventManager.setUp(TestEventManager.java:64)
Caused by: class com.inovis.b2b.lib.service.ServiceUnavailableException: [LIBP-00001] Unable to connect to naming service
	at com.inovis.b2b.lib.service.ServiceLocator.getInitialContext(ServiceLocator.java:214)
	at com.inovis.b2b.lib.service.ServiceLocator.&lt;init&gt;(ServiceLocator.java:183)
	at com.inovis.b2b.lib.service.ServiceLocator.getInstance(ServiceLocator.java:167)
	at com.inovis.b2b.lib.service.ServiceLocator.getInstance(ServiceLocator.java:150)
	at com.inovis.mss.event.defs.EventManagerImp.&lt;init&gt;(EventManagerImp.java:62)
	... 16 more
Caused by: javax.naming.CommunicationException [Root exception is java.net.ConnectException: t3://localhost:7001: Destination unreachable; nested exception is: 
	java.net.ConnectException: Connection refused: connect; No available router to destination]
	at weblogic.jndi.internal.ExceptionTranslator.toNamingException(ExceptionTranslator.java:49)
	at weblogic.jndi.WLInitialContextFactoryDelegate.toNamingException(WLInitialContextFactoryDelegate.java:765)
	at weblogic.jndi.WLInitialContextFactoryDelegate.getInitialContext(WLInitialContextFactoryDelegate.java:364)
	at weblogic.jndi.Environment.getContext(Environment.java:307)
	at weblogic.jndi.Environment.getContext(Environment.java:277)
	at weblogic.jndi.WLInitialContextFactory.getInitialContext(WLInitialContextFactory.java:117)
	at javax.naming.spi.NamingManager.getInitialContext(NamingManager.java:667)
	at javax.naming.InitialContext.getDefaultInitCtx(InitialContext.java:247)
	at javax.naming.InitialContext.init(InitialContext.java:223)
	at javax.naming.InitialContext.&lt;init&gt;(InitialContext.java:175)
	at com.inovis.b2b.lib.service.ServiceLocator.getInitialContext(ServiceLocator.java:206)
	... 20 more
Caused by: java.net.ConnectException: t3://localhost:7001: Destination unreachable; nested exception is: 
	java.net.ConnectException: Connection refused: connect; No available router to destination
	at weblogic.rjvm.RJVMFinder.findOrCreate(RJVMFinder.java:204)
	at weblogic.rjvm.ServerURL.findOrCreateRJVM(ServerURL.java:154)
	at weblogic.jndi.WLInitialContextFactoryDelegate.getInitialContext(WLInitialContextFactoryDelegate.java:349)
	... 28 more
Caused by: java.rmi.ConnectException: Destination unreachable; nested exception is: 
	java.net.ConnectException: Connection refused: connect; No available router to destination
	at weblogic.rjvm.ConnectionManager.bootstrap(ConnectionManager.java:472)
	at weblogic.rjvm.ConnectionManager.bootstrap(ConnectionManager.java:323)
	at weblogic.rjvm.RJVMManager.findOrCreateRemoteInternal(RJVMManager.java:259)
	at weblogic.rjvm.RJVMManager.findOrCreate(RJVMManager.java:202)
	at weblogic.rjvm.RJVMFinder.findOrCreateRemoteServer(RJVMFinder.java:226)
	at weblogic.rjvm.RJVMFinder.findOrCreate(RJVMFinder.java:189)
	... 30 more
</error>
  </testcase>
  <testcase classname="test.com.inovis.mss.event.TestEventManager" name="testCreateEventFail1" time="2.152">
    <error message="[EVEN-00101] Unable to create the Event Manager." type="com.inovis.b2b.lib.exception.OperationFailedException">class com.inovis.b2b.lib.exception.OperationFailedException: [EVEN-00101] Unable to create the Event Manager.
	at com.inovis.mss.event.defs.EventManagerImp.&lt;init&gt;(EventManagerImp.java:69)
	at com.inovis.mss.event.EventManager.getManager(EventManager.java:59)
	at test.com.inovis.mss.event.TestEventManager.setUp(TestEventManager.java:64)
Caused by: class com.inovis.b2b.lib.service.ServiceUnavailableException: [LIBP-00001] Unable to connect to naming service
	at com.inovis.b2b.lib.service.ServiceLocator.getInitialContext(ServiceLocator.java:214)
	at com.inovis.b2b.lib.service.ServiceLocator.&lt;init&gt;(ServiceLocator.java:183)
	at com.inovis.b2b.lib.service.ServiceLocator.getInstance(ServiceLocator.java:167)
	at com.inovis.b2b.lib.service.ServiceLocator.getInstance(ServiceLocator.java:150)
	at com.inovis.mss.event.defs.EventManagerImp.&lt;init&gt;(EventManagerImp.java:62)
	... 16 more
Caused by: javax.naming.CommunicationException [Root exception is java.net.ConnectException: t3://localhost:7001: Destination unreachable; nested exception is: 
	java.net.ConnectException: Connection refused: connect; No available router to destination]
	at weblogic.jndi.internal.ExceptionTranslator.toNamingException(ExceptionTranslator.java:49)
	at weblogic.jndi.WLInitialContextFactoryDelegate.toNamingException(WLInitialContextFactoryDelegate.java:765)
	at weblogic.jndi.WLInitialContextFactoryDelegate.getInitialContext(WLInitialContextFactoryDelegate.java:364)
	at weblogic.jndi.Environment.getContext(Environment.java:307)
	at weblogic.jndi.Environment.getContext(Environment.java:277)
	at weblogic.jndi.WLInitialContextFactory.getInitialContext(WLInitialContextFactory.java:117)
	at javax.naming.spi.NamingManager.getInitialContext(NamingManager.java:667)
	at javax.naming.InitialContext.getDefaultInitCtx(InitialContext.java:247)
	at javax.naming.InitialContext.init(InitialContext.java:223)
	at javax.naming.InitialContext.&lt;init&gt;(InitialContext.java:175)
	at com.inovis.b2b.lib.service.ServiceLocator.getInitialContext(ServiceLocator.java:206)
	... 20 more
Caused by: java.net.ConnectException: t3://localhost:7001: Destination unreachable; nested exception is: 
	java.net.ConnectException: Connection refused: connect; No available router to destination
	at weblogic.rjvm.RJVMFinder.findOrCreate(RJVMFinder.java:204)
	at weblogic.rjvm.ServerURL.findOrCreateRJVM(ServerURL.java:154)
	at weblogic.jndi.WLInitialContextFactoryDelegate.getInitialContext(WLInitialContextFactoryDelegate.java:349)
	... 28 more
Caused by: java.rmi.ConnectException: Destination unreachable; nested exception is: 
	java.net.ConnectException: Connection refused: connect; No available router to destination
	at weblogic.rjvm.ConnectionManager.bootstrap(ConnectionManager.java:472)
	at weblogic.rjvm.ConnectionManager.bootstrap(ConnectionManager.java:323)
	at weblogic.rjvm.RJVMManager.findOrCreateRemoteInternal(RJVMManager.java:259)
	at weblogic.rjvm.RJVMManager.findOrCreate(RJVMManager.java:202)
	at weblogic.rjvm.RJVMFinder.findOrCreateRemoteServer(RJVMFinder.java:226)
	at weblogic.rjvm.RJVMFinder.findOrCreate(RJVMFinder.java:189)
	... 30 more
</error>
  </testcase>
  <testcase classname="test.com.inovis.mss.event.TestEventManager" name="testCreateEventFail2" time="2.183">
    <error message="[EVEN-00101] Unable to create the Event Manager." type="com.inovis.b2b.lib.exception.OperationFailedException">class com.inovis.b2b.lib.exception.OperationFailedException: [EVEN-00101] Unable to create the Event Manager.
	at com.inovis.mss.event.defs.EventManagerImp.&lt;init&gt;(EventManagerImp.java:69)
	at com.inovis.mss.event.EventManager.getManager(EventManager.java:59)
	at test.com.inovis.mss.event.TestEventManager.setUp(TestEventManager.java:64)
Caused by: class com.inovis.b2b.lib.service.ServiceUnavailableException: [LIBP-00001] Unable to connect to naming service
	at com.inovis.b2b.lib.service.ServiceLocator.getInitialContext(ServiceLocator.java:214)
	at com.inovis.b2b.lib.service.ServiceLocator.&lt;init&gt;(ServiceLocator.java:183)
	at com.inovis.b2b.lib.service.ServiceLocator.getInstance(ServiceLocator.java:167)
	at com.inovis.b2b.lib.service.ServiceLocator.getInstance(ServiceLocator.java:150)
	at com.inovis.mss.event.defs.EventManagerImp.&lt;init&gt;(EventManagerImp.java:62)
	... 16 more
Caused by: javax.naming.CommunicationException [Root exception is java.net.ConnectException: t3://localhost:7001: Destination unreachable; nested exception is: 
	java.net.ConnectException: Connection refused: connect; No available router to destination]
	at weblogic.jndi.internal.ExceptionTranslator.toNamingException(ExceptionTranslator.java:49)
	at weblogic.jndi.WLInitialContextFactoryDelegate.toNamingException(WLInitialContextFactoryDelegate.java:765)
	at weblogic.jndi.WLInitialContextFactoryDelegate.getInitialContext(WLInitialContextFactoryDelegate.java:364)
	at weblogic.jndi.Environment.getContext(Environment.java:307)
	at weblogic.jndi.Environment.getContext(Environment.java:277)
	at weblogic.jndi.WLInitialContextFactory.getInitialContext(WLInitialContextFactory.java:117)
	at javax.naming.spi.NamingManager.getInitialContext(NamingManager.java:667)
	at javax.naming.InitialContext.getDefaultInitCtx(InitialContext.java:247)
	at javax.naming.InitialContext.init(InitialContext.java:223)
	at javax.naming.InitialContext.&lt;init&gt;(InitialContext.java:175)
	at com.inovis.b2b.lib.service.ServiceLocator.getInitialContext(ServiceLocator.java:206)
	... 20 more
Caused by: java.net.ConnectException: t3://localhost:7001: Destination unreachable; nested exception is: 
	java.net.ConnectException: Connection refused: connect; No available router to destination
	at weblogic.rjvm.RJVMFinder.findOrCreate(RJVMFinder.java:204)
	at weblogic.rjvm.ServerURL.findOrCreateRJVM(ServerURL.java:154)
	at weblogic.jndi.WLInitialContextFactoryDelegate.getInitialContext(WLInitialContextFactoryDelegate.java:349)
	... 28 more
Caused by: java.rmi.ConnectException: Destination unreachable; nested exception is: 
	java.net.ConnectException: Connection refused: connect; No available router to destination
	at weblogic.rjvm.ConnectionManager.bootstrap(ConnectionManager.java:472)
	at weblogic.rjvm.ConnectionManager.bootstrap(ConnectionManager.java:323)
	at weblogic.rjvm.RJVMManager.findOrCreateRemoteInternal(RJVMManager.java:259)
	at weblogic.rjvm.RJVMManager.findOrCreate(RJVMManager.java:202)
	at weblogic.rjvm.RJVMFinder.findOrCreateRemoteServer(RJVMFinder.java:226)
	at weblogic.rjvm.RJVMFinder.findOrCreate(RJVMFinder.java:189)
	... 30 more
</error>
  </testcase>
  <testcase classname="test.com.inovis.mss.event.TestEventManager" name="testModifyEvent" time="2.776">
    <error message="[EVEN-00101] Unable to create the Event Manager." type="com.inovis.b2b.lib.exception.OperationFailedException">class com.inovis.b2b.lib.exception.OperationFailedException: [EVEN-00101] Unable to create the Event Manager.
	at com.inovis.mss.event.defs.EventManagerImp.&lt;init&gt;(EventManagerImp.java:69)
	at com.inovis.mss.event.EventManager.getManager(EventManager.java:59)
	at test.com.inovis.mss.event.TestEventManager.setUp(TestEventManager.java:64)
Caused by: class com.inovis.b2b.lib.service.ServiceUnavailableException: [LIBP-00001] Unable to connect to naming service
	at com.inovis.b2b.lib.service.ServiceLocator.getInitialContext(ServiceLocator.java:214)
	at com.inovis.b2b.lib.service.ServiceLocator.&lt;init&gt;(ServiceLocator.java:183)
	at com.inovis.b2b.lib.service.ServiceLocator.getInstance(ServiceLocator.java:167)
	at com.inovis.b2b.lib.service.ServiceLocator.getInstance(ServiceLocator.java:150)
	at com.inovis.mss.event.defs.EventManagerImp.&lt;init&gt;(EventManagerImp.java:62)
	... 16 more
Caused by: javax.naming.CommunicationException [Root exception is java.net.ConnectException: t3://localhost:7001: Destination unreachable; nested exception is: 
	java.net.ConnectException: Connection refused: connect; No available router to destination]
	at weblogic.jndi.internal.ExceptionTranslator.toNamingException(ExceptionTranslator.java:49)
	at weblogic.jndi.WLInitialContextFactoryDelegate.toNamingException(WLInitialContextFactoryDelegate.java:765)
	at weblogic.jndi.WLInitialContextFactoryDelegate.getInitialContext(WLInitialContextFactoryDelegate.java:364)
	at weblogic.jndi.Environment.getContext(Environment.java:307)
	at weblogic.jndi.Environment.getContext(Environment.java:277)
	at weblogic.jndi.WLInitialContextFactory.getInitialContext(WLInitialContextFactory.java:117)
	at javax.naming.spi.NamingManager.getInitialContext(NamingManager.java:667)
	at javax.naming.InitialContext.getDefaultInitCtx(InitialContext.java:247)
	at javax.naming.InitialContext.init(InitialContext.java:223)
	at javax.naming.InitialContext.&lt;init&gt;(InitialContext.java:175)
	at com.inovis.b2b.lib.service.ServiceLocator.getInitialContext(ServiceLocator.java:206)
	... 20 more
Caused by: java.net.ConnectException: t3://localhost:7001: Destination unreachable; nested exception is: 
	java.net.ConnectException: Connection refused: connect; No available router to destination
	at weblogic.rjvm.RJVMFinder.findOrCreate(RJVMFinder.java:204)
	at weblogic.rjvm.ServerURL.findOrCreateRJVM(ServerURL.java:154)
	at weblogic.jndi.WLInitialContextFactoryDelegate.getInitialContext(WLInitialContextFactoryDelegate.java:349)
	... 28 more
Caused by: java.rmi.ConnectException: Destination unreachable; nested exception is: 
	java.net.ConnectException: Connection refused: connect; No available router to destination
	at weblogic.rjvm.ConnectionManager.bootstrap(ConnectionManager.java:472)
	at weblogic.rjvm.ConnectionManager.bootstrap(ConnectionManager.java:323)
	at weblogic.rjvm.RJVMManager.findOrCreateRemoteInternal(RJVMManager.java:259)
	at weblogic.rjvm.RJVMManager.findOrCreate(RJVMManager.java:202)
	at weblogic.rjvm.RJVMFinder.findOrCreateRemoteServer(RJVMFinder.java:226)
	at weblogic.rjvm.RJVMFinder.findOrCreate(RJVMFinder.java:189)
	... 30 more
</error>
  </testcase>
  <testcase classname="test.com.inovis.mss.event.TestEventManager" name="testModifyEventFail" time="2.261">
    <error message="[EVEN-00101] Unable to create the Event Manager." type="com.inovis.b2b.lib.exception.OperationFailedException">class com.inovis.b2b.lib.exception.OperationFailedException: [EVEN-00101] Unable to create the Event Manager.
	at com.inovis.mss.event.defs.EventManagerImp.&lt;init&gt;(EventManagerImp.java:69)
	at com.inovis.mss.event.EventManager.getManager(EventManager.java:59)
	at test.com.inovis.mss.event.TestEventManager.setUp(TestEventManager.java:64)
Caused by: class com.inovis.b2b.lib.service.ServiceUnavailableException: [LIBP-00001] Unable to connect to naming service
	at com.inovis.b2b.lib.service.ServiceLocator.getInitialContext(ServiceLocator.java:214)
	at com.inovis.b2b.lib.service.ServiceLocator.&lt;init&gt;(ServiceLocator.java:183)
	at com.inovis.b2b.lib.service.ServiceLocator.getInstance(ServiceLocator.java:167)
	at com.inovis.b2b.lib.service.ServiceLocator.getInstance(ServiceLocator.java:150)
	at com.inovis.mss.event.defs.EventManagerImp.&lt;init&gt;(EventManagerImp.java:62)
	... 16 more
Caused by: javax.naming.CommunicationException [Root exception is java.net.ConnectException: t3://localhost:7001: Destination unreachable; nested exception is: 
	java.net.ConnectException: Connection refused: connect; No available router to destination]
	at weblogic.jndi.internal.ExceptionTranslator.toNamingException(ExceptionTranslator.java:49)
	at weblogic.jndi.WLInitialContextFactoryDelegate.toNamingException(WLInitialContextFactoryDelegate.java:765)
	at weblogic.jndi.WLInitialContextFactoryDelegate.getInitialContext(WLInitialContextFactoryDelegate.java:364)
	at weblogic.jndi.Environment.getContext(Environment.java:307)
	at weblogic.jndi.Environment.getContext(Environment.java:277)
	at weblogic.jndi.WLInitialContextFactory.getInitialContext(WLInitialContextFactory.java:117)
	at javax.naming.spi.NamingManager.getInitialContext(NamingManager.java:667)
	at javax.naming.InitialContext.getDefaultInitCtx(InitialContext.java:247)
	at javax.naming.InitialContext.init(InitialContext.java:223)
	at javax.naming.InitialContext.&lt;init&gt;(InitialContext.java:175)
	at com.inovis.b2b.lib.service.ServiceLocator.getInitialContext(ServiceLocator.java:206)
	... 20 more
Caused by: java.net.ConnectException: t3://localhost:7001: Destination unreachable; nested exception is: 
	java.net.ConnectException: Connection refused: connect; No available router to destination
	at weblogic.rjvm.RJVMFinder.findOrCreate(RJVMFinder.java:204)
	at weblogic.rjvm.ServerURL.findOrCreateRJVM(ServerURL.java:154)
	at weblogic.jndi.WLInitialContextFactoryDelegate.getInitialContext(WLInitialContextFactoryDelegate.java:349)
	... 28 more
Caused by: java.rmi.ConnectException: Destination unreachable; nested exception is: 
	java.net.ConnectException: Connection refused: connect; No available router to destination
	at weblogic.rjvm.ConnectionManager.bootstrap(ConnectionManager.java:472)
	at weblogic.rjvm.ConnectionManager.bootstrap(ConnectionManager.java:323)
	at weblogic.rjvm.RJVMManager.findOrCreateRemoteInternal(RJVMManager.java:259)
	at weblogic.rjvm.RJVMManager.findOrCreate(RJVMManager.java:202)
	at weblogic.rjvm.RJVMFinder.findOrCreateRemoteServer(RJVMFinder.java:226)
	at weblogic.rjvm.RJVMFinder.findOrCreate(RJVMFinder.java:189)
	... 30 more
</error>
  </testcase>
  <testcase classname="test.com.inovis.mss.event.TestEventManager" name="testModifyEventFailNullEvent" time="2.573">
    <error message="[EVEN-00101] Unable to create the Event Manager." type="com.inovis.b2b.lib.exception.OperationFailedException">class com.inovis.b2b.lib.exception.OperationFailedException: [EVEN-00101] Unable to create the Event Manager.
	at com.inovis.mss.event.defs.EventManagerImp.&lt;init&gt;(EventManagerImp.java:69)
	at com.inovis.mss.event.EventManager.getManager(EventManager.java:59)
	at test.com.inovis.mss.event.TestEventManager.setUp(TestEventManager.java:64)
Caused by: class com.inovis.b2b.lib.service.ServiceUnavailableException: [LIBP-00001] Unable to connect to naming service
	at com.inovis.b2b.lib.service.ServiceLocator.getInitialContext(ServiceLocator.java:214)
	at com.inovis.b2b.lib.service.ServiceLocator.&lt;init&gt;(ServiceLocator.java:183)
	at com.inovis.b2b.lib.service.ServiceLocator.getInstance(ServiceLocator.java:167)
	at com.inovis.b2b.lib.service.ServiceLocator.getInstance(ServiceLocator.java:150)
	at com.inovis.mss.event.defs.EventManagerImp.&lt;init&gt;(EventManagerImp.java:62)
	... 16 more
Caused by: javax.naming.CommunicationException [Root exception is java.net.ConnectException: t3://localhost:7001: Destination unreachable; nested exception is: 
	java.net.ConnectException: Connection refused: connect; No available router to destination]
	at weblogic.jndi.internal.ExceptionTranslator.toNamingException(ExceptionTranslator.java:49)
	at weblogic.jndi.WLInitialContextFactoryDelegate.toNamingException(WLInitialContextFactoryDelegate.java:765)
	at weblogic.jndi.WLInitialContextFactoryDelegate.getInitialContext(WLInitialContextFactoryDelegate.java:364)
	at weblogic.jndi.Environment.getContext(Environment.java:307)
	at weblogic.jndi.Environment.getContext(Environment.java:277)
	at weblogic.jndi.WLInitialContextFactory.getInitialContext(WLInitialContextFactory.java:117)
	at javax.naming.spi.NamingManager.getInitialContext(NamingManager.java:667)
	at javax.naming.InitialContext.getDefaultInitCtx(InitialContext.java:247)
	at javax.naming.InitialContext.init(InitialContext.java:223)
	at javax.naming.InitialContext.&lt;init&gt;(InitialContext.java:175)
	at com.inovis.b2b.lib.service.ServiceLocator.getInitialContext(ServiceLocator.java:206)
	... 20 more
Caused by: java.net.ConnectException: t3://localhost:7001: Destination unreachable; nested exception is: 
	java.net.ConnectException: Connection refused: connect; No available router to destination
	at weblogic.rjvm.RJVMFinder.findOrCreate(RJVMFinder.java:204)
	at weblogic.rjvm.ServerURL.findOrCreateRJVM(ServerURL.java:154)
	at weblogic.jndi.WLInitialContextFactoryDelegate.getInitialContext(WLInitialContextFactoryDelegate.java:349)
	... 28 more
Caused by: java.rmi.ConnectException: Destination unreachable; nested exception is: 
	java.net.ConnectException: Connection refused: connect; No available router to destination
	at weblogic.rjvm.ConnectionManager.bootstrap(ConnectionManager.java:472)
	at weblogic.rjvm.ConnectionManager.bootstrap(ConnectionManager.java:323)
	at weblogic.rjvm.RJVMManager.findOrCreateRemoteInternal(RJVMManager.java:259)
	at weblogic.rjvm.RJVMManager.findOrCreate(RJVMManager.java:202)
	at weblogic.rjvm.RJVMFinder.findOrCreateRemoteServer(RJVMFinder.java:226)
	at weblogic.rjvm.RJVMFinder.findOrCreate(RJVMFinder.java:189)
	... 30 more
</error>
  </testcase>
  <testcase classname="test.com.inovis.mss.event.TestEventManager" name="testGetEvent" time="2.261">
    <error message="[EVEN-00101] Unable to create the Event Manager." type="com.inovis.b2b.lib.exception.OperationFailedException">class com.inovis.b2b.lib.exception.OperationFailedException: [EVEN-00101] Unable to create the Event Manager.
	at com.inovis.mss.event.defs.EventManagerImp.&lt;init&gt;(EventManagerImp.java:69)
	at com.inovis.mss.event.EventManager.getManager(EventManager.java:59)
	at test.com.inovis.mss.event.TestEventManager.setUp(TestEventManager.java:64)
Caused by: class com.inovis.b2b.lib.service.ServiceUnavailableException: [LIBP-00001] Unable to connect to naming service
	at com.inovis.b2b.lib.service.ServiceLocator.getInitialContext(ServiceLocator.java:214)
	at com.inovis.b2b.lib.service.ServiceLocator.&lt;init&gt;(ServiceLocator.java:183)
	at com.inovis.b2b.lib.service.ServiceLocator.getInstance(ServiceLocator.java:167)
	at com.inovis.b2b.lib.service.ServiceLocator.getInstance(ServiceLocator.java:150)
	at com.inovis.mss.event.defs.EventManagerImp.&lt;init&gt;(EventManagerImp.java:62)
	... 16 more
Caused by: javax.naming.CommunicationException [Root exception is java.net.ConnectException: t3://localhost:7001: Destination unreachable; nested exception is: 
	java.net.ConnectException: Connection refused: connect; No available router to destination]
	at weblogic.jndi.internal.ExceptionTranslator.toNamingException(ExceptionTranslator.java:49)
	at weblogic.jndi.WLInitialContextFactoryDelegate.toNamingException(WLInitialContextFactoryDelegate.java:765)
	at weblogic.jndi.WLInitialContextFactoryDelegate.getInitialContext(WLInitialContextFactoryDelegate.java:364)
	at weblogic.jndi.Environment.getContext(Environment.java:307)
	at weblogic.jndi.Environment.getContext(Environment.java:277)
	at weblogic.jndi.WLInitialContextFactory.getInitialContext(WLInitialContextFactory.java:117)
	at javax.naming.spi.NamingManager.getInitialContext(NamingManager.java:667)
	at javax.naming.InitialContext.getDefaultInitCtx(InitialContext.java:247)
	at javax.naming.InitialContext.init(InitialContext.java:223)
	at javax.naming.InitialContext.&lt;init&gt;(InitialContext.java:175)
	at com.inovis.b2b.lib.service.ServiceLocator.getInitialContext(ServiceLocator.java:206)
	... 20 more
Caused by: java.net.ConnectException: t3://localhost:7001: Destination unreachable; nested exception is: 
	java.net.ConnectException: Connection refused: connect; No available router to destination
	at weblogic.rjvm.RJVMFinder.findOrCreate(RJVMFinder.java:204)
	at weblogic.rjvm.ServerURL.findOrCreateRJVM(ServerURL.java:154)
	at weblogic.jndi.WLInitialContextFactoryDelegate.getInitialContext(WLInitialContextFactoryDelegate.java:349)
	... 28 more
Caused by: java.rmi.ConnectException: Destination unreachable; nested exception is: 
	java.net.ConnectException: Connection refused: connect; No available router to destination
	at weblogic.rjvm.ConnectionManager.bootstrap(ConnectionManager.java:472)
	at weblogic.rjvm.ConnectionManager.bootstrap(ConnectionManager.java:323)
	at weblogic.rjvm.RJVMManager.findOrCreateRemoteInternal(RJVMManager.java:259)
	at weblogic.rjvm.RJVMManager.findOrCreate(RJVMManager.java:202)
	at weblogic.rjvm.RJVMFinder.findOrCreateRemoteServer(RJVMFinder.java:226)
	at weblogic.rjvm.RJVMFinder.findOrCreate(RJVMFinder.java:189)
	... 30 more
</error>
  </testcase>
  <testcase classname="test.com.inovis.mss.event.TestEventManager" name="testGetEvent2" time="3.634">
    <error message="[EVEN-00101] Unable to create the Event Manager." type="com.inovis.b2b.lib.exception.OperationFailedException">class com.inovis.b2b.lib.exception.OperationFailedException: [EVEN-00101] Unable to create the Event Manager.
	at com.inovis.mss.event.defs.EventManagerImp.&lt;init&gt;(EventManagerImp.java:69)
	at com.inovis.mss.event.EventManager.getManager(EventManager.java:59)
	at test.com.inovis.mss.event.TestEventManager.setUp(TestEventManager.java:64)
Caused by: class com.inovis.b2b.lib.service.ServiceUnavailableException: [LIBP-00001] Unable to connect to naming service
	at com.inovis.b2b.lib.service.ServiceLocator.getInitialContext(ServiceLocator.java:214)
	at com.inovis.b2b.lib.service.ServiceLocator.&lt;init&gt;(ServiceLocator.java:183)
	at com.inovis.b2b.lib.service.ServiceLocator.getInstance(ServiceLocator.java:167)
	at com.inovis.b2b.lib.service.ServiceLocator.getInstance(ServiceLocator.java:150)
	at com.inovis.mss.event.defs.EventManagerImp.&lt;init&gt;(EventManagerImp.java:62)
	... 16 more
Caused by: javax.naming.CommunicationException [Root exception is java.net.ConnectException: t3://localhost:7001: Destination unreachable; nested exception is: 
	java.net.ConnectException: Connection refused: connect; No available router to destination]
	at weblogic.jndi.internal.ExceptionTranslator.toNamingException(ExceptionTranslator.java:49)
	at weblogic.jndi.WLInitialContextFactoryDelegate.toNamingException(WLInitialContextFactoryDelegate.java:765)
	at weblogic.jndi.WLInitialContextFactoryDelegate.getInitialContext(WLInitialContextFactoryDelegate.java:364)
	at weblogic.jndi.Environment.getContext(Environment.java:307)
	at weblogic.jndi.Environment.getContext(Environment.java:277)
	at weblogic.jndi.WLInitialContextFactory.getInitialContext(WLInitialContextFactory.java:117)
	at javax.naming.spi.NamingManager.getInitialContext(NamingManager.java:667)
	at javax.naming.InitialContext.getDefaultInitCtx(InitialContext.java:247)
	at javax.naming.InitialContext.init(InitialContext.java:223)
	at javax.naming.InitialContext.&lt;init&gt;(InitialContext.java:175)
	at com.inovis.b2b.lib.service.ServiceLocator.getInitialContext(ServiceLocator.java:206)
	... 20 more
Caused by: java.net.ConnectException: t3://localhost:7001: Destination unreachable; nested exception is: 
	java.net.ConnectException: Connection refused: connect; No available router to destination
	at weblogic.rjvm.RJVMFinder.findOrCreate(RJVMFinder.java:204)
	at weblogic.rjvm.ServerURL.findOrCreateRJVM(ServerURL.java:154)
	at weblogic.jndi.WLInitialContextFactoryDelegate.getInitialContext(WLInitialContextFactoryDelegate.java:349)
	... 28 more
Caused by: java.rmi.ConnectException: Destination unreachable; nested exception is: 
	java.net.ConnectException: Connection refused: connect; No available router to destination
	at weblogic.rjvm.ConnectionManager.bootstrap(ConnectionManager.java:472)
	at weblogic.rjvm.ConnectionManager.bootstrap(ConnectionManager.java:323)
	at weblogic.rjvm.RJVMManager.findOrCreateRemoteInternal(RJVMManager.java:259)
	at weblogic.rjvm.RJVMManager.findOrCreate(RJVMManager.java:202)
	at weblogic.rjvm.RJVMFinder.findOrCreateRemoteServer(RJVMFinder.java:226)
	at weblogic.rjvm.RJVMFinder.findOrCreate(RJVMFinder.java:189)
	... 30 more
</error>
  </testcase>
  <testcase classname="test.com.inovis.mss.event.TestEventManager" name="testGetEventFail" time="2.511">
    <error message="[EVEN-00101] Unable to create the Event Manager." type="com.inovis.b2b.lib.exception.OperationFailedException">class com.inovis.b2b.lib.exception.OperationFailedException: [EVEN-00101] Unable to create the Event Manager.
	at com.inovis.mss.event.defs.EventManagerImp.&lt;init&gt;(EventManagerImp.java:69)
	at com.inovis.mss.event.EventManager.getManager(EventManager.java:59)
	at test.com.inovis.mss.event.TestEventManager.setUp(TestEventManager.java:64)
Caused by: class com.inovis.b2b.lib.service.ServiceUnavailableException: [LIBP-00001] Unable to connect to naming service
	at com.inovis.b2b.lib.service.ServiceLocator.getInitialContext(ServiceLocator.java:214)
	at com.inovis.b2b.lib.service.ServiceLocator.&lt;init&gt;(ServiceLocator.java:183)
	at com.inovis.b2b.lib.service.ServiceLocator.getInstance(ServiceLocator.java:167)
	at com.inovis.b2b.lib.service.ServiceLocator.getInstance(ServiceLocator.java:150)
	at com.inovis.mss.event.defs.EventManagerImp.&lt;init&gt;(EventManagerImp.java:62)
	... 16 more
Caused by: javax.naming.CommunicationException [Root exception is java.net.ConnectException: t3://localhost:7001: Destination unreachable; nested exception is: 
	java.net.ConnectException: Connection refused: connect; No available router to destination]
	at weblogic.jndi.internal.ExceptionTranslator.toNamingException(ExceptionTranslator.java:49)
	at weblogic.jndi.WLInitialContextFactoryDelegate.toNamingException(WLInitialContextFactoryDelegate.java:765)
	at weblogic.jndi.WLInitialContextFactoryDelegate.getInitialContext(WLInitialContextFactoryDelegate.java:364)
	at weblogic.jndi.Environment.getContext(Environment.java:307)
	at weblogic.jndi.Environment.getContext(Environment.java:277)
	at weblogic.jndi.WLInitialContextFactory.getInitialContext(WLInitialContextFactory.java:117)
	at javax.naming.spi.NamingManager.getInitialContext(NamingManager.java:667)
	at javax.naming.InitialContext.getDefaultInitCtx(InitialContext.java:247)
	at javax.naming.InitialContext.init(InitialContext.java:223)
	at javax.naming.InitialContext.&lt;init&gt;(InitialContext.java:175)
	at com.inovis.b2b.lib.service.ServiceLocator.getInitialContext(ServiceLocator.java:206)
	... 20 more
Caused by: java.net.ConnectException: t3://localhost:7001: Destination unreachable; nested exception is: 
	java.net.ConnectException: Connection refused: connect; No available router to destination
	at weblogic.rjvm.RJVMFinder.findOrCreate(RJVMFinder.java:204)
	at weblogic.rjvm.ServerURL.findOrCreateRJVM(ServerURL.java:154)
	at weblogic.jndi.WLInitialContextFactoryDelegate.getInitialContext(WLInitialContextFactoryDelegate.java:349)
	... 28 more
Caused by: java.rmi.ConnectException: Destination unreachable; nested exception is: 
	java.net.ConnectException: Connection refused: connect; No available router to destination
	at weblogic.rjvm.ConnectionManager.bootstrap(ConnectionManager.java:472)
	at weblogic.rjvm.ConnectionManager.bootstrap(ConnectionManager.java:323)
	at weblogic.rjvm.RJVMManager.findOrCreateRemoteInternal(RJVMManager.java:259)
	at weblogic.rjvm.RJVMManager.findOrCreate(RJVMManager.java:202)
	at weblogic.rjvm.RJVMFinder.findOrCreateRemoteServer(RJVMFinder.java:226)
	at weblogic.rjvm.RJVMFinder.findOrCreate(RJVMFinder.java:189)
	... 30 more
</error>
  </testcase>
  <testcase classname="test.com.inovis.mss.event.TestEventManager" name="testGetEventFail1" time="2.386">
    <error message="[EVEN-00101] Unable to create the Event Manager." type="com.inovis.b2b.lib.exception.OperationFailedException">class com.inovis.b2b.lib.exception.OperationFailedException: [EVEN-00101] Unable to create the Event Manager.
	at com.inovis.mss.event.defs.EventManagerImp.&lt;init&gt;(EventManagerImp.java:69)
	at com.inovis.mss.event.EventManager.getManager(EventManager.java:59)
	at test.com.inovis.mss.event.TestEventManager.setUp(TestEventManager.java:64)
Caused by: class com.inovis.b2b.lib.service.ServiceUnavailableException: [LIBP-00001] Unable to connect to naming service
	at com.inovis.b2b.lib.service.ServiceLocator.getInitialContext(ServiceLocator.java:214)
	at com.inovis.b2b.lib.service.ServiceLocator.&lt;init&gt;(ServiceLocator.java:183)
	at com.inovis.b2b.lib.service.ServiceLocator.getInstance(ServiceLocator.java:167)
	at com.inovis.b2b.lib.service.ServiceLocator.getInstance(ServiceLocator.java:150)
	at com.inovis.mss.event.defs.EventManagerImp.&lt;init&gt;(EventManagerImp.java:62)
	... 16 more
Caused by: javax.naming.CommunicationException [Root exception is java.net.ConnectException: t3://localhost:7001: Destination unreachable; nested exception is: 
	java.net.ConnectException: Connection refused: connect; No available router to destination]
	at weblogic.jndi.internal.ExceptionTranslator.toNamingException(ExceptionTranslator.java:49)
	at weblogic.jndi.WLInitialContextFactoryDelegate.toNamingException(WLInitialContextFactoryDelegate.java:765)
	at weblogic.jndi.WLInitialContextFactoryDelegate.getInitialContext(WLInitialContextFactoryDelegate.java:364)
	at weblogic.jndi.Environment.getContext(Environment.java:307)
	at weblogic.jndi.Environment.getContext(Environment.java:277)
	at weblogic.jndi.WLInitialContextFactory.getInitialContext(WLInitialContextFactory.java:117)
	at javax.naming.spi.NamingManager.getInitialContext(NamingManager.java:667)
	at javax.naming.InitialContext.getDefaultInitCtx(InitialContext.java:247)
	at javax.naming.InitialContext.init(InitialContext.java:223)
	at javax.naming.InitialContext.&lt;init&gt;(InitialContext.java:175)
	at com.inovis.b2b.lib.service.ServiceLocator.getInitialContext(ServiceLocator.java:206)
	... 20 more
Caused by: java.net.ConnectException: t3://localhost:7001: Destination unreachable; nested exception is: 
	java.net.ConnectException: Connection refused: connect; No available router to destination
	at weblogic.rjvm.RJVMFinder.findOrCreate(RJVMFinder.java:204)
	at weblogic.rjvm.ServerURL.findOrCreateRJVM(ServerURL.java:154)
	at weblogic.jndi.WLInitialContextFactoryDelegate.getInitialContext(WLInitialContextFactoryDelegate.java:349)
	... 28 more
Caused by: java.rmi.ConnectException: Destination unreachable; nested exception is: 
	java.net.ConnectException: Connection refused: connect; No available router to destination
	at weblogic.rjvm.ConnectionManager.bootstrap(ConnectionManager.java:472)
	at weblogic.rjvm.ConnectionManager.bootstrap(ConnectionManager.java:323)
	at weblogic.rjvm.RJVMManager.findOrCreateRemoteInternal(RJVMManager.java:259)
	at weblogic.rjvm.RJVMManager.findOrCreate(RJVMManager.java:202)
	at weblogic.rjvm.RJVMFinder.findOrCreateRemoteServer(RJVMFinder.java:226)
	at weblogic.rjvm.RJVMFinder.findOrCreate(RJVMFinder.java:189)
	... 30 more
</error>
  </testcase>
  <testcase classname="test.com.inovis.mss.event.TestEventManager" name="testGetEventFail2" time="2.869">
    <error message="[EVEN-00101] Unable to create the Event Manager." type="com.inovis.b2b.lib.exception.OperationFailedException">class com.inovis.b2b.lib.exception.OperationFailedException: [EVEN-00101] Unable to create the Event Manager.
	at com.inovis.mss.event.defs.EventManagerImp.&lt;init&gt;(EventManagerImp.java:69)
	at com.inovis.mss.event.EventManager.getManager(EventManager.java:59)
	at test.com.inovis.mss.event.TestEventManager.setUp(TestEventManager.java:64)
Caused by: class com.inovis.b2b.lib.service.ServiceUnavailableException: [LIBP-00001] Unable to connect to naming service
	at com.inovis.b2b.lib.service.ServiceLocator.getInitialContext(ServiceLocator.java:214)
	at com.inovis.b2b.lib.service.ServiceLocator.&lt;init&gt;(ServiceLocator.java:183)
	at com.inovis.b2b.lib.service.ServiceLocator.getInstance(ServiceLocator.java:167)
	at com.inovis.b2b.lib.service.ServiceLocator.getInstance(ServiceLocator.java:150)
	at com.inovis.mss.event.defs.EventManagerImp.&lt;init&gt;(EventManagerImp.java:62)
	... 16 more
Caused by: javax.naming.CommunicationException [Root exception is java.net.ConnectException: t3://localhost:7001: Destination unreachable; nested exception is: 
	java.net.ConnectException: Connection refused: connect; No available router to destination]
	at weblogic.jndi.internal.ExceptionTranslator.toNamingException(ExceptionTranslator.java:49)
	at weblogic.jndi.WLInitialContextFactoryDelegate.toNamingException(WLInitialContextFactoryDelegate.java:765)
	at weblogic.jndi.WLInitialContextFactoryDelegate.getInitialContext(WLInitialContextFactoryDelegate.java:364)
	at weblogic.jndi.Environment.getContext(Environment.java:307)
	at weblogic.jndi.Environment.getContext(Environment.java:277)
	at weblogic.jndi.WLInitialContextFactory.getInitialContext(WLInitialContextFactory.java:117)
	at javax.naming.spi.NamingManager.getInitialContext(NamingManager.java:667)
	at javax.naming.InitialContext.getDefaultInitCtx(InitialContext.java:247)
	at javax.naming.InitialContext.init(InitialContext.java:223)
	at javax.naming.InitialContext.&lt;init&gt;(InitialContext.java:175)
	at com.inovis.b2b.lib.service.ServiceLocator.getInitialContext(ServiceLocator.java:206)
	... 20 more
Caused by: java.net.ConnectException: t3://localhost:7001: Destination unreachable; nested exception is: 
	java.net.ConnectException: Connection refused: connect; No available router to destination
	at weblogic.rjvm.RJVMFinder.findOrCreate(RJVMFinder.java:204)
	at weblogic.rjvm.ServerURL.findOrCreateRJVM(ServerURL.java:154)
	at weblogic.jndi.WLInitialContextFactoryDelegate.getInitialContext(WLInitialContextFactoryDelegate.java:349)
	... 28 more
Caused by: java.rmi.ConnectException: Destination unreachable; nested exception is: 
	java.net.ConnectException: Connection refused: connect; No available router to destination
	at weblogic.rjvm.ConnectionManager.bootstrap(ConnectionManager.java:472)
	at weblogic.rjvm.ConnectionManager.bootstrap(ConnectionManager.java:323)
	at weblogic.rjvm.RJVMManager.findOrCreateRemoteInternal(RJVMManager.java:259)
	at weblogic.rjvm.RJVMManager.findOrCreate(RJVMManager.java:202)
	at weblogic.rjvm.RJVMFinder.findOrCreateRemoteServer(RJVMFinder.java:226)
	at weblogic.rjvm.RJVMFinder.findOrCreate(RJVMFinder.java:189)
	... 30 more
</error>
  </testcase>
  <testcase classname="test.com.inovis.mss.event.TestEventManager" name="testGetEvents1" time="2.776">
    <error message="[EVEN-00101] Unable to create the Event Manager." type="com.inovis.b2b.lib.exception.OperationFailedException">class com.inovis.b2b.lib.exception.OperationFailedException: [EVEN-00101] Unable to create the Event Manager.
	at com.inovis.mss.event.defs.EventManagerImp.&lt;init&gt;(EventManagerImp.java:69)
	at com.inovis.mss.event.EventManager.getManager(EventManager.java:59)
	at test.com.inovis.mss.event.TestEventManager.setUp(TestEventManager.java:64)
Caused by: class com.inovis.b2b.lib.service.ServiceUnavailableException: [LIBP-00001] Unable to connect to naming service
	at com.inovis.b2b.lib.service.ServiceLocator.getInitialContext(ServiceLocator.java:214)
	at com.inovis.b2b.lib.service.ServiceLocator.&lt;init&gt;(ServiceLocator.java:183)
	at com.inovis.b2b.lib.service.ServiceLocator.getInstance(ServiceLocator.java:167)
	at com.inovis.b2b.lib.service.ServiceLocator.getInstance(ServiceLocator.java:150)
	at com.inovis.mss.event.defs.EventManagerImp.&lt;init&gt;(EventManagerImp.java:62)
	... 16 more
Caused by: javax.naming.CommunicationException [Root exception is java.net.ConnectException: t3://localhost:7001: Destination unreachable; nested exception is: 
	java.net.ConnectException: Connection refused: connect; No available router to destination]
	at weblogic.jndi.internal.ExceptionTranslator.toNamingException(ExceptionTranslator.java:49)
	at weblogic.jndi.WLInitialContextFactoryDelegate.toNamingException(WLInitialContextFactoryDelegate.java:765)
	at weblogic.jndi.WLInitialContextFactoryDelegate.getInitialContext(WLInitialContextFactoryDelegate.java:364)
	at weblogic.jndi.Environment.getContext(Environment.java:307)
	at weblogic.jndi.Environment.getContext(Environment.java:277)
	at weblogic.jndi.WLInitialContextFactory.getInitialContext(WLInitialContextFactory.java:117)
	at javax.naming.spi.NamingManager.getInitialContext(NamingManager.java:667)
	at javax.naming.InitialContext.getDefaultInitCtx(InitialContext.java:247)
	at javax.naming.InitialContext.init(InitialContext.java:223)
	at javax.naming.InitialContext.&lt;init&gt;(InitialContext.java:175)
	at com.inovis.b2b.lib.service.ServiceLocator.getInitialContext(ServiceLocator.java:206)
	... 20 more
Caused by: java.net.ConnectException: t3://localhost:7001: Destination unreachable; nested exception is: 
	java.net.ConnectException: Connection refused: connect; No available router to destination
	at weblogic.rjvm.RJVMFinder.findOrCreate(RJVMFinder.java:204)
	at weblogic.rjvm.ServerURL.findOrCreateRJVM(ServerURL.java:154)
	at weblogic.jndi.WLInitialContextFactoryDelegate.getInitialContext(WLInitialContextFactoryDelegate.java:349)
	... 28 more
Caused by: java.rmi.ConnectException: Destination unreachable; nested exception is: 
	java.net.ConnectException: Connection refused: connect; No available router to destination
	at weblogic.rjvm.ConnectionManager.bootstrap(ConnectionManager.java:472)
	at weblogic.rjvm.ConnectionManager.bootstrap(ConnectionManager.java:323)
	at weblogic.rjvm.RJVMManager.findOrCreateRemoteInternal(RJVMManager.java:259)
	at weblogic.rjvm.RJVMManager.findOrCreate(RJVMManager.java:202)
	at weblogic.rjvm.RJVMFinder.findOrCreateRemoteServer(RJVMFinder.java:226)
	at weblogic.rjvm.RJVMFinder.findOrCreate(RJVMFinder.java:189)
	... 30 more
</error>
  </testcase>
  <testcase classname="test.com.inovis.mss.event.TestEventManager" name="testGetEvents2" time="2.183">
    <error message="[EVEN-00101] Unable to create the Event Manager." type="com.inovis.b2b.lib.exception.OperationFailedException">class com.inovis.b2b.lib.exception.OperationFailedException: [EVEN-00101] Unable to create the Event Manager.
	at com.inovis.mss.event.defs.EventManagerImp.&lt;init&gt;(EventManagerImp.java:69)
	at com.inovis.mss.event.EventManager.getManager(EventManager.java:59)
	at test.com.inovis.mss.event.TestEventManager.setUp(TestEventManager.java:64)
Caused by: class com.inovis.b2b.lib.service.ServiceUnavailableException: [LIBP-00001] Unable to connect to naming service
	at com.inovis.b2b.lib.service.ServiceLocator.getInitialContext(ServiceLocator.java:214)
	at com.inovis.b2b.lib.service.ServiceLocator.&lt;init&gt;(ServiceLocator.java:183)
	at com.inovis.b2b.lib.service.ServiceLocator.getInstance(ServiceLocator.java:167)
	at com.inovis.b2b.lib.service.ServiceLocator.getInstance(ServiceLocator.java:150)
	at com.inovis.mss.event.defs.EventManagerImp.&lt;init&gt;(EventManagerImp.java:62)
	... 16 more
Caused by: javax.naming.CommunicationException [Root exception is java.net.ConnectException: t3://localhost:7001: Destination unreachable; nested exception is: 
	java.net.ConnectException: Connection refused: connect; No available router to destination]
	at weblogic.jndi.internal.ExceptionTranslator.toNamingException(ExceptionTranslator.java:49)
	at weblogic.jndi.WLInitialContextFactoryDelegate.toNamingException(WLInitialContextFactoryDelegate.java:765)
	at weblogic.jndi.WLInitialContextFactoryDelegate.getInitialContext(WLInitialContextFactoryDelegate.java:364)
	at weblogic.jndi.Environment.getContext(Environment.java:307)
	at weblogic.jndi.Environment.getContext(Environment.java:277)
	at weblogic.jndi.WLInitialContextFactory.getInitialContext(WLInitialContextFactory.java:117)
	at javax.naming.spi.NamingManager.getInitialContext(NamingManager.java:667)
	at javax.naming.InitialContext.getDefaultInitCtx(InitialContext.java:247)
	at javax.naming.InitialContext.init(InitialContext.java:223)
	at javax.naming.InitialContext.&lt;init&gt;(InitialContext.java:175)
	at com.inovis.b2b.lib.service.ServiceLocator.getInitialContext(ServiceLocator.java:206)
	... 20 more
Caused by: java.net.ConnectException: t3://localhost:7001: Destination unreachable; nested exception is: 
	java.net.ConnectException: Connection refused: connect; No available router to destination
	at weblogic.rjvm.RJVMFinder.findOrCreate(RJVMFinder.java:204)
	at weblogic.rjvm.ServerURL.findOrCreateRJVM(ServerURL.java:154)
	at weblogic.jndi.WLInitialContextFactoryDelegate.getInitialContext(WLInitialContextFactoryDelegate.java:349)
	... 28 more
Caused by: java.rmi.ConnectException: Destination unreachable; nested exception is: 
	java.net.ConnectException: Connection refused: connect; No available router to destination
	at weblogic.rjvm.ConnectionManager.bootstrap(ConnectionManager.java:472)
	at weblogic.rjvm.ConnectionManager.bootstrap(ConnectionManager.java:323)
	at weblogic.rjvm.RJVMManager.findOrCreateRemoteInternal(RJVMManager.java:259)
	at weblogic.rjvm.RJVMManager.findOrCreate(RJVMManager.java:202)
	at weblogic.rjvm.RJVMFinder.findOrCreateRemoteServer(RJVMFinder.java:226)
	at weblogic.rjvm.RJVMFinder.findOrCreate(RJVMFinder.java:189)
	... 30 more
</error>
  </testcase>
  <testcase classname="test.com.inovis.mss.event.TestEventManager" name="testGetEvents3" time="2.059">
    <error message="[EVEN-00101] Unable to create the Event Manager." type="com.inovis.b2b.lib.exception.OperationFailedException">class com.inovis.b2b.lib.exception.OperationFailedException: [EVEN-00101] Unable to create the Event Manager.
	at com.inovis.mss.event.defs.EventManagerImp.&lt;init&gt;(EventManagerImp.java:69)
	at com.inovis.mss.event.EventManager.getManager(EventManager.java:59)
	at test.com.inovis.mss.event.TestEventManager.setUp(TestEventManager.java:64)
Caused by: class com.inovis.b2b.lib.service.ServiceUnavailableException: [LIBP-00001] Unable to connect to naming service
	at com.inovis.b2b.lib.service.ServiceLocator.getInitialContext(ServiceLocator.java:214)
	at com.inovis.b2b.lib.service.ServiceLocator.&lt;init&gt;(ServiceLocator.java:183)
	at com.inovis.b2b.lib.service.ServiceLocator.getInstance(ServiceLocator.java:167)
	at com.inovis.b2b.lib.service.ServiceLocator.getInstance(ServiceLocator.java:150)
	at com.inovis.mss.event.defs.EventManagerImp.&lt;init&gt;(EventManagerImp.java:62)
	... 16 more
Caused by: javax.naming.CommunicationException [Root exception is java.net.ConnectException: t3://localhost:7001: Destination unreachable; nested exception is: 
	java.net.ConnectException: Connection refused: connect; No available router to destination]
	at weblogic.jndi.internal.ExceptionTranslator.toNamingException(ExceptionTranslator.java:49)
	at weblogic.jndi.WLInitialContextFactoryDelegate.toNamingException(WLInitialContextFactoryDelegate.java:765)
	at weblogic.jndi.WLInitialContextFactoryDelegate.getInitialContext(WLInitialContextFactoryDelegate.java:364)
	at weblogic.jndi.Environment.getContext(Environment.java:307)
	at weblogic.jndi.Environment.getContext(Environment.java:277)
	at weblogic.jndi.WLInitialContextFactory.getInitialContext(WLInitialContextFactory.java:117)
	at javax.naming.spi.NamingManager.getInitialContext(NamingManager.java:667)
	at javax.naming.InitialContext.getDefaultInitCtx(InitialContext.java:247)
	at javax.naming.InitialContext.init(InitialContext.java:223)
	at javax.naming.InitialContext.&lt;init&gt;(InitialContext.java:175)
	at com.inovis.b2b.lib.service.ServiceLocator.getInitialContext(ServiceLocator.java:206)
	... 20 more
Caused by: java.net.ConnectException: t3://localhost:7001: Destination unreachable; nested exception is: 
	java.net.ConnectException: Connection refused: connect; No available router to destination
	at weblogic.rjvm.RJVMFinder.findOrCreate(RJVMFinder.java:204)
	at weblogic.rjvm.ServerURL.findOrCreateRJVM(ServerURL.java:154)
	at weblogic.jndi.WLInitialContextFactoryDelegate.getInitialContext(WLInitialContextFactoryDelegate.java:349)
	... 28 more
Caused by: java.rmi.ConnectException: Destination unreachable; nested exception is: 
	java.net.ConnectException: Connection refused: connect; No available router to destination
	at weblogic.rjvm.ConnectionManager.bootstrap(ConnectionManager.java:472)
	at weblogic.rjvm.ConnectionManager.bootstrap(ConnectionManager.java:323)
	at weblogic.rjvm.RJVMManager.findOrCreateRemoteInternal(RJVMManager.java:259)
	at weblogic.rjvm.RJVMManager.findOrCreate(RJVMManager.java:202)
	at weblogic.rjvm.RJVMFinder.findOrCreateRemoteServer(RJVMFinder.java:226)
	at weblogic.rjvm.RJVMFinder.findOrCreate(RJVMFinder.java:189)
	... 30 more
</error>
  </testcase>
  <testcase classname="junit.framework.TestSuite$1" name="warning" time="0.0">
    <failure message="Exception in constructor: testCreateBusinessUser1 (java.lang.ExceptionInInitializerError
	at com.inovis.b2b.lib.util.ConfigurationResources.&lt;init&gt;(ConfigurationResources.java:34)
	at com.inovis.mss.resource.user.UserConfig.&lt;init&gt;(UserConfig.java:47)
	at com.inovis.mss.resource.user.UserConfig.get(UserConfig.java:59)
	at com.inovis.mss.resource.user.UserConfig.getInt(UserConfig.java:115)
	at com.inovis.mss.user.LoginID.&lt;init&gt;(LoginID.java:45)
	at test.com.inovis.mss.businessuser.TestBusinessUserManager.&lt;init&gt;(TestBusinessUserManager.java:56)
	at sun.reflect.NativeConstructorAccessorImpl.newInstance0(Native Method)
	at sun.reflect.NativeConstructorAccessorImpl.newInstance(NativeConstructorAccessorImpl.java:39)
	at sun.reflect.DelegatingConstructorAccessorImpl.newInstance(DelegatingConstructorAccessorImpl.java:27)
	at java.lang.reflect.Constructor.newInstance(Constructor.java:494)
	at junit.framework.TestSuite.createTest(TestSuite.java:65)
	at junit.framework.TestSuite.addTestMethod(TestSuite.java:283)
	at junit.framework.TestSuite.&lt;init&gt;(TestSuite.java:146)
	at test.com.inovis.mss.businessuser.TestBusinessUserManager.suite(TestBusinessUserManager.java:84)
	at test.com.inovis.mss.businessuser.TestBusinessUserSuite.suite(TestBusinessUserSuite.java:32)
	at test.com.inovis.AllTests.suite(AllTests.java:150)
	at sun.reflect.NativeMethodAccessorImpl.invoke0(Native Method)
	at sun.reflect.NativeMethodAccessorImpl.invoke(NativeMethodAccessorImpl.java:39)
	at sun.reflect.DelegatingMethodAccessorImpl.invoke(DelegatingMethodAccessorImpl.java:25)
	at java.lang.reflect.Method.invoke(Method.java:585)
	at org.apache.tools.ant.taskdefs.optional.junit.JUnitTestRunner.run(JUnitTestRunner.java:272)
	at org.apache.tools.ant.taskdefs.optional.junit.JUnitTestRunner.launch(JUnitTestRunner.java:672)
	at org.apache.tools.ant.taskdefs.optional.junit.JUnitTestRunner.main(JUnitTestRunner.java:567)
Caused by: java.lang.NullPointerException
	at com.inovis.b2b.lib.util.SysProperty.init(SysProperty.java:85)
	at com.inovis.b2b.lib.util.SysProperty.&lt;init&gt;(SysProperty.java:46)
	at com.inovis.b2b.lib.util.SysProperty.&lt;clinit&gt;(SysProperty.java:39)
	... 23 more
)" type="junit.framework.AssertionFailedError">junit.framework.AssertionFailedError: Exception in constructor: testCreateBusinessUser1 (java.lang.ExceptionInInitializerError
	at com.inovis.b2b.lib.util.ConfigurationResources.&lt;init&gt;(ConfigurationResources.java:34)
	at com.inovis.mss.resource.user.UserConfig.&lt;init&gt;(UserConfig.java:47)
	at com.inovis.mss.resource.user.UserConfig.get(UserConfig.java:59)
	at com.inovis.mss.resource.user.UserConfig.getInt(UserConfig.java:115)
	at com.inovis.mss.user.LoginID.&lt;init&gt;(LoginID.java:45)
	at test.com.inovis.mss.businessuser.TestBusinessUserManager.&lt;init&gt;(TestBusinessUserManager.java:56)
	at java.lang.reflect.Constructor.newInstance(Constructor.java:494)
	at test.com.inovis.mss.businessuser.TestBusinessUserManager.suite(TestBusinessUserManager.java:84)
	at test.com.inovis.mss.businessuser.TestBusinessUserSuite.suite(TestBusinessUserSuite.java:32)
	at test.com.inovis.AllTests.suite(AllTests.java:150)
Caused by: java.lang.NullPointerException
	at com.inovis.b2b.lib.util.SysProperty.init(SysProperty.java:85)
	at com.inovis.b2b.lib.util.SysProperty.&lt;init&gt;(SysProperty.java:46)
	at com.inovis.b2b.lib.util.SysProperty.&lt;clinit&gt;(SysProperty.java:39)
	... 23 more
)
</failure>
  </testcase>
  <testcase classname="junit.framework.TestSuite$1" name="warning" time="0.0">
    <failure message="Exception in constructor: testCreateBusinessUser2Fail (java.lang.NoClassDefFoundError
	at com.inovis.b2b.lib.util.ConfigurationResources.&lt;init&gt;(ConfigurationResources.java:34)
	at com.inovis.mss.resource.user.UserConfig.&lt;init&gt;(UserConfig.java:47)
	at com.inovis.mss.resource.user.UserConfig.get(UserConfig.java:59)
	at com.inovis.mss.resource.user.UserConfig.getInt(UserConfig.java:115)
	at com.inovis.mss.user.LoginID.&lt;init&gt;(LoginID.java:45)
	at test.com.inovis.mss.businessuser.TestBusinessUserManager.&lt;init&gt;(TestBusinessUserManager.java:56)
	at sun.reflect.NativeConstructorAccessorImpl.newInstance0(Native Method)
	at sun.reflect.NativeConstructorAccessorImpl.newInstance(NativeConstructorAccessorImpl.java:39)
	at sun.reflect.DelegatingConstructorAccessorImpl.newInstance(DelegatingConstructorAccessorImpl.java:27)
	at java.lang.reflect.Constructor.newInstance(Constructor.java:494)
	at junit.framework.TestSuite.createTest(TestSuite.java:65)
	at junit.framework.TestSuite.addTestMethod(TestSuite.java:283)
	at junit.framework.TestSuite.&lt;init&gt;(TestSuite.java:146)
	at test.com.inovis.mss.businessuser.TestBusinessUserManager.suite(TestBusinessUserManager.java:84)
	at test.com.inovis.mss.businessuser.TestBusinessUserSuite.suite(TestBusinessUserSuite.java:32)
	at test.com.inovis.AllTests.suite(AllTests.java:150)
	at sun.reflect.NativeMethodAccessorImpl.invoke0(Native Method)
	at sun.reflect.NativeMethodAccessorImpl.invoke(NativeMethodAccessorImpl.java:39)
	at sun.reflect.DelegatingMethodAccessorImpl.invoke(DelegatingMethodAccessorImpl.java:25)
	at java.lang.reflect.Method.invoke(Method.java:585)
	at org.apache.tools.ant.taskdefs.optional.junit.JUnitTestRunner.run(JUnitTestRunner.java:272)
	at org.apache.tools.ant.taskdefs.optional.junit.JUnitTestRunner.launch(JUnitTestRunner.java:672)
	at org.apache.tools.ant.taskdefs.optional.junit.JUnitTestRunner.main(JUnitTestRunner.java:567)
)" type="junit.framework.AssertionFailedError">junit.framework.AssertionFailedError: Exception in constructor: testCreateBusinessUser2Fail (java.lang.NoClassDefFoundError
	at com.inovis.b2b.lib.util.ConfigurationResources.&lt;init&gt;(ConfigurationResources.java:34)
	at com.inovis.mss.resource.user.UserConfig.&lt;init&gt;(UserConfig.java:47)
	at com.inovis.mss.resource.user.UserConfig.get(UserConfig.java:59)
	at com.inovis.mss.resource.user.UserConfig.getInt(UserConfig.java:115)
	at com.inovis.mss.user.LoginID.&lt;init&gt;(LoginID.java:45)
	at test.com.inovis.mss.businessuser.TestBusinessUserManager.&lt;init&gt;(TestBusinessUserManager.java:56)
	at java.lang.reflect.Constructor.newInstance(Constructor.java:494)
	at test.com.inovis.mss.businessuser.TestBusinessUserManager.suite(TestBusinessUserManager.java:84)
	at test.com.inovis.mss.businessuser.TestBusinessUserSuite.suite(TestBusinessUserSuite.java:32)
	at test.com.inovis.AllTests.suite(AllTests.java:150)
)
</failure>
  </testcase>
  <testcase classname="junit.framework.TestSuite$1" name="warning" time="0.015">
    <failure message="Exception in constructor: testCreateBusinessUser2 (java.lang.NoClassDefFoundError
	at com.inovis.b2b.lib.util.ConfigurationResources.&lt;init&gt;(ConfigurationResources.java:34)
	at com.inovis.mss.resource.user.UserConfig.&lt;init&gt;(UserConfig.java:47)
	at com.inovis.mss.resource.user.UserConfig.get(UserConfig.java:59)
	at com.inovis.mss.resource.user.UserConfig.getInt(UserConfig.java:115)
	at com.inovis.mss.user.LoginID.&lt;init&gt;(LoginID.java:45)
	at test.com.inovis.mss.businessuser.TestBusinessUserManager.&lt;init&gt;(TestBusinessUserManager.java:56)
	at sun.reflect.NativeConstructorAccessorImpl.newInstance0(Native Method)
	at sun.reflect.NativeConstructorAccessorImpl.newInstance(NativeConstructorAccessorImpl.java:39)
	at sun.reflect.DelegatingConstructorAccessorImpl.newInstance(DelegatingConstructorAccessorImpl.java:27)
	at java.lang.reflect.Constructor.newInstance(Constructor.java:494)
	at junit.framework.TestSuite.createTest(TestSuite.java:65)
	at junit.framework.TestSuite.addTestMethod(TestSuite.java:283)
	at junit.framework.TestSuite.&lt;init&gt;(TestSuite.java:146)
	at test.com.inovis.mss.businessuser.TestBusinessUserManager.suite(TestBusinessUserManager.java:84)
	at test.com.inovis.mss.businessuser.TestBusinessUserSuite.suite(TestBusinessUserSuite.java:32)
	at test.com.inovis.AllTests.suite(AllTests.java:150)
	at sun.reflect.NativeMethodAccessorImpl.invoke0(Native Method)
	at sun.reflect.NativeMethodAccessorImpl.invoke(NativeMethodAccessorImpl.java:39)
	at sun.reflect.DelegatingMethodAccessorImpl.invoke(DelegatingMethodAccessorImpl.java:25)
	at java.lang.reflect.Method.invoke(Method.java:585)
	at org.apache.tools.ant.taskdefs.optional.junit.JUnitTestRunner.run(JUnitTestRunner.java:272)
	at org.apache.tools.ant.taskdefs.optional.junit.JUnitTestRunner.launch(JUnitTestRunner.java:672)
	at org.apache.tools.ant.taskdefs.optional.junit.JUnitTestRunner.main(JUnitTestRunner.java:567)
)" type="junit.framework.AssertionFailedError">junit.framework.AssertionFailedError: Exception in constructor: testCreateBusinessUser2 (java.lang.NoClassDefFoundError
	at com.inovis.b2b.lib.util.ConfigurationResources.&lt;init&gt;(ConfigurationResources.java:34)
	at com.inovis.mss.resource.user.UserConfig.&lt;init&gt;(UserConfig.java:47)
	at com.inovis.mss.resource.user.UserConfig.get(UserConfig.java:59)
	at com.inovis.mss.resource.user.UserConfig.getInt(UserConfig.java:115)
	at com.inovis.mss.user.LoginID.&lt;init&gt;(LoginID.java:45)
	at test.com.inovis.mss.businessuser.TestBusinessUserManager.&lt;init&gt;(TestBusinessUserManager.java:56)
	at java.lang.reflect.Constructor.newInstance(Constructor.java:494)
	at test.com.inovis.mss.businessuser.TestBusinessUserManager.suite(TestBusinessUserManager.java:84)
	at test.com.inovis.mss.businessuser.TestBusinessUserSuite.suite(TestBusinessUserSuite.java:32)
	at test.com.inovis.AllTests.suite(AllTests.java:150)
)
</failure>
  </testcase>
  <testcase classname="test.com.inovis.mss.admin.systemhealth.TestSystemStatusManager" name="testSystemStatusManager" time="2.823">
    <error message="[SYSH-00107] Unable to create the System Status Manager." type="com.inovis.b2b.lib.exception.OperationFailedException">class com.inovis.b2b.lib.exception.OperationFailedException: [SYSH-00107] Unable to create the System Status Manager.
	at com.inovis.mss.admin.systemhealth.defs.SystemStatusManagerImp.&lt;init&gt;(SystemStatusManagerImp.java:59)
	at com.inovis.mss.admin.systemhealth.SystemStatusManager.getManager(SystemStatusManager.java:57)
	at test.com.inovis.mss.admin.systemhealth.TestSystemStatusManager.setUp(TestSystemStatusManager.java:77)
Caused by: class com.inovis.b2b.lib.service.ServiceUnavailableException: [LIBP-00001] Unable to connect to naming service
	at com.inovis.b2b.lib.service.ServiceLocator.getInitialContext(ServiceLocator.java:214)
	at com.inovis.b2b.lib.service.ServiceLocator.&lt;init&gt;(ServiceLocator.java:183)
	at com.inovis.b2b.lib.service.ServiceLocator.getInstance(ServiceLocator.java:167)
	at com.inovis.b2b.lib.service.ServiceLocator.getInstance(ServiceLocator.java:150)
	at com.inovis.mss.admin.systemhealth.defs.SystemStatusManagerImp.&lt;init&gt;(SystemStatusManagerImp.java:52)
	... 16 more
Caused by: javax.naming.CommunicationException [Root exception is java.net.ConnectException: t3://localhost:7001: Destination unreachable; nested exception is: 
	java.net.ConnectException: Connection refused: connect; No available router to destination]
	at weblogic.jndi.internal.ExceptionTranslator.toNamingException(ExceptionTranslator.java:49)
	at weblogic.jndi.WLInitialContextFactoryDelegate.toNamingException(WLInitialContextFactoryDelegate.java:765)
	at weblogic.jndi.WLInitialContextFactoryDelegate.getInitialContext(WLInitialContextFactoryDelegate.java:364)
	at weblogic.jndi.Environment.getContext(Environment.java:307)
	at weblogic.jndi.Environment.getContext(Environment.java:277)
	at weblogic.jndi.WLInitialContextFactory.getInitialContext(WLInitialContextFactory.java:117)
	at javax.naming.spi.NamingManager.getInitialContext(NamingManager.java:667)
	at javax.naming.InitialContext.getDefaultInitCtx(InitialContext.java:247)
	at javax.naming.InitialContext.init(InitialContext.java:223)
	at javax.naming.InitialContext.&lt;init&gt;(InitialContext.java:175)
	at com.inovis.b2b.lib.service.ServiceLocator.getInitialContext(ServiceLocator.java:206)
	... 20 more
Caused by: java.net.ConnectException: t3://localhost:7001: Destination unreachable; nested exception is: 
	java.net.ConnectException: Connection refused: connect; No available router to destination
	at weblogic.rjvm.RJVMFinder.findOrCreate(RJVMFinder.java:204)
	at weblogic.rjvm.ServerURL.findOrCreateRJVM(ServerURL.java:154)
	at weblogic.jndi.WLInitialContextFactoryDelegate.getInitialContext(WLInitialContextFactoryDelegate.java:349)
	... 28 more
Caused by: java.rmi.ConnectException: Destination unreachable; nested exception is: 
	java.net.ConnectException: Connection refused: connect; No available router to destination
	at weblogic.rjvm.ConnectionManager.bootstrap(ConnectionManager.java:472)
	at weblogic.rjvm.ConnectionManager.bootstrap(ConnectionManager.java:323)
	at weblogic.rjvm.RJVMManager.findOrCreateRemoteInternal(RJVMManager.java:259)
	at weblogic.rjvm.RJVMManager.findOrCreate(RJVMManager.java:202)
	at weblogic.rjvm.RJVMFinder.findOrCreateRemoteServer(RJVMFinder.java:226)
	at weblogic.rjvm.RJVMFinder.findOrCreate(RJVMFinder.java:189)
	... 30 more
</error>
  </testcase>
  <testcase classname="test.com.inovis.mss.admin.systemhealth.TestTransactionSnapshot" name="testTransactionSnapshot" time="0.0"></testcase>
  <testcase classname="test.com.inovis.mss.admin.systemhealth.TestTransactionSnapshotManager" name="testTransactionSnapshotManager" time="2.495">
    <error message="[LIBP-00001] Unable to connect to naming service" type="com.inovis.b2b.lib.service.ServiceUnavailableException">class com.inovis.b2b.lib.service.ServiceUnavailableException: [LIBP-00001] Unable to connect to naming service
	at com.inovis.b2b.lib.service.ServiceLocator.getInitialContext(ServiceLocator.java:214)
	at com.inovis.b2b.lib.service.ServiceLocator.&lt;init&gt;(ServiceLocator.java:183)
	at com.inovis.b2b.lib.service.ServiceLocator.getInstance(ServiceLocator.java:167)
	at com.inovis.b2b.lib.service.ServiceLocator.getInstance(ServiceLocator.java:150)
	at com.inovis.mss.admin.systemhealth.defs.TransactionSnapshotManagerImp.&lt;init&gt;(TransactionSnapshotManagerImp.java:53)
	at com.inovis.mss.admin.systemhealth.TransactionSnapshotManager.getManager(TransactionSnapshotManager.java:61)
	at test.com.inovis.mss.admin.systemhealth.TestTransactionSnapshotManager.setUp(TestTransactionSnapshotManager.java:46)
Caused by: javax.naming.CommunicationException [Root exception is java.net.ConnectException: t3://localhost:7001: Destination unreachable; nested exception is: 
	java.net.ConnectException: Connection refused: connect; No available router to destination]
	at weblogic.jndi.internal.ExceptionTranslator.toNamingException(ExceptionTranslator.java:49)
	at weblogic.jndi.WLInitialContextFactoryDelegate.toNamingException(WLInitialContextFactoryDelegate.java:765)
	at weblogic.jndi.WLInitialContextFactoryDelegate.getInitialContext(WLInitialContextFactoryDelegate.java:364)
	at weblogic.jndi.Environment.getContext(Environment.java:307)
	at weblogic.jndi.Environment.getContext(Environment.java:277)
	at weblogic.jndi.WLInitialContextFactory.getInitialContext(WLInitialContextFactory.java:117)
	at javax.naming.spi.NamingManager.getInitialContext(NamingManager.java:667)
	at javax.naming.InitialContext.getDefaultInitCtx(InitialContext.java:247)
	at javax.naming.InitialContext.init(InitialContext.java:223)
	at javax.naming.InitialContext.&lt;init&gt;(InitialContext.java:175)
	at com.inovis.b2b.lib.service.ServiceLocator.getInitialContext(ServiceLocator.java:206)
	... 20 more
Caused by: java.net.ConnectException: t3://localhost:7001: Destination unreachable; nested exception is: 
	java.net.ConnectException: Connection refused: connect; No available router to destination
	at weblogic.rjvm.RJVMFinder.findOrCreate(RJVMFinder.java:204)
	at weblogic.rjvm.ServerURL.findOrCreateRJVM(ServerURL.java:154)
	at weblogic.jndi.WLInitialContextFactoryDelegate.getInitialContext(WLInitialContextFactoryDelegate.java:349)
	... 28 more
Caused by: java.rmi.ConnectException: Destination unreachable; nested exception is: 
	java.net.ConnectException: Connection refused: connect; No available router to destination
	at weblogic.rjvm.ConnectionManager.bootstrap(ConnectionManager.java:472)
	at weblogic.rjvm.ConnectionManager.bootstrap(ConnectionManager.java:323)
	at weblogic.rjvm.RJVMManager.findOrCreateRemoteInternal(RJVMManager.java:259)
	at weblogic.rjvm.RJVMManager.findOrCreate(RJVMManager.java:202)
	at weblogic.rjvm.RJVMFinder.findOrCreateRemoteServer(RJVMFinder.java:226)
	at weblogic.rjvm.RJVMFinder.findOrCreate(RJVMFinder.java:189)
	... 30 more
</error>
  </testcase>
  <testcase classname="test.com.inovis.mss.vcm.TestVCM" name="testVMC" time="1.091"></testcase>
  <testcase classname="test.com.inovis.mss.vcm.TestCustOutboundTransaction$1" name="unknown" time="0.0">
    <error type="java.lang.NoClassDefFoundError">java.lang.NoClassDefFoundError
	at com.inovis.b2b.lib.util.ConfigurationResources.&lt;init&gt;(ConfigurationResources.java:34)
	at com.inovis.mss.resource.user.UserConfig.&lt;init&gt;(UserConfig.java:47)
	at com.inovis.mss.resource.user.UserConfig.get(UserConfig.java:59)
	at com.inovis.mss.resource.user.UserConfig.getInt(UserConfig.java:115)
	at com.inovis.mss.user.LoginID.&lt;init&gt;(LoginID.java:45)
	at test.com.inovis.mss.vcm.SetupVCMTests.&lt;clinit&gt;(SetupVCMTests.java:45)
	at test.com.inovis.mss.vcm.TestCustOutboundTransaction$1.setUp(TestCustOutboundTransaction.java:58)
	at junit.extensions.TestSetup$1.protect(TestSetup.java:22)
	at junit.extensions.TestSetup.run(TestSetup.java:27)
</error>
  </testcase>
  <testcase classname="test.com.inovis.mss.vcm.TestCustInboundTransaction$1" name="unknown" time="0.0">
    <error type="java.lang.NoClassDefFoundError">java.lang.NoClassDefFoundError
	at test.com.inovis.mss.vcm.TestCustInboundTransaction$1.setUp(TestCustInboundTransaction.java:71)
	at junit.extensions.TestSetup$1.protect(TestSetup.java:22)
	at junit.extensions.TestSetup.run(TestSetup.java:27)
</error>
  </testcase>
  <testcase classname="test.com.inovis.mss.vcm.TestVCMTransactionType" name="testVCMTransactionTypeGetName" time="0.187">
    <failure message="VCMTransactionType.getName(CUSTOMER) is wrong expected:&lt;Custome[]&gt; but was:&lt;Custome[r]&gt;" type="junit.framework.ComparisonFailure">junit.framework.ComparisonFailure: VCMTransactionType.getName(CUSTOMER) is wrong expected:&lt;Custome[]&gt; but was:&lt;Custome[r]&gt;
	at test.com.inovis.mss.vcm.TestVCMTransactionType.testVCMTransactionTypeGetName(TestVCMTransactionType.java:60)
</failure>
  </testcase>
  <testcase classname="test.com.inovis.mss.vcm.TestVCMTransactionType" name="testVCMTransactionTypeGetCode" time="0.0"></testcase>
  <testcase classname="test.com.inovis.mss.vcm.TestVCMTransactionType" name="testVCMTransactionTypeEquals" time="0.0"></testcase>
  <testcase classname="test.com.inovis.mss.vcm.TestVCMTransactionType" name="testVCMTransactionTypeGetType" time="0.031">
    <failure message="VCMTransactionType.getType(CUSTOMER) wrong expected:&lt;com.inovis.mss.vcm.defs.VCMTransactionType@177fa9a&gt; but was:&lt;null&gt;" type="junit.framework.AssertionFailedError">junit.framework.AssertionFailedError: VCMTransactionType.getType(CUSTOMER) wrong expected:&lt;com.inovis.mss.vcm.defs.VCMTransactionType@177fa9a&gt; but was:&lt;null&gt;
	at test.com.inovis.mss.vcm.TestVCMTransactionType.testVCMTransactionTypeGetType(TestVCMTransactionType.java:114)
</failure>
  </testcase>
  <testcase classname="test.com.inovis.mss.vcm.TestVCMInboundMessage" name="testVCMInboundMessage" time="0.094">
    <failure message="Incorrect xml data returned expected:&lt;[&lt;?xml version=&quot;1.0&quot; encoding=&quot;UTF-8&quot;?&gt;
&lt;!DOCTYPE VCMCustInfo1 SYSTEM &quot;0.kgei0abt.26eiic.1&quot;&gt;
&lt;?Alliance:BODefInfo name=&quot;VCMCustInfo1&quot; defID=&quot;99460552.VCMCustInfo1.1&quot; owner=&quot;Inovis.99460552&quot; version=&quot;1&quot; editable=&quot;true&quot;?&gt;
&lt;VCMCustInfo1&gt;
&lt;OriginatingSystem&gt;VCM&lt;/OriginatingSystem&gt;
&lt;TransType&gt;New&lt;/TransType&gt;
&lt;CreatedDate&gt;Fri Feb 06 18:40:02 GMT-0500 (EST) 2004&lt;/CreatedDate&gt;
&lt;CreatedBy&gt;VCM REG&lt;/CreatedBy&gt;
&lt;CompanyInfo1&gt;
&lt;coEnterpriseId&gt;VC0000000094819&lt;/coEnterpriseId&gt;
&lt;coLegalName&gt;INOVIS ORMP TEST COMPANY XX2&lt;/coLegalName&gt;
&lt;coStatus&gt;New&lt;/coStatus&gt;
&lt;coType&gt;Customer&lt;/coType&gt;
&lt;coOriginatingSystem&gt;Rainmaker&lt;/coOriginatingSystem&gt;
&lt;coOriginatingSystemId&gt;501900550&lt;/coOriginatingSystemId&gt;
&lt;coCreatedDate&gt;02/06/2004 03:02:05&lt;/coCreatedDate&gt;
&lt;coCreatedBy&gt;Registration&lt;/coCreatedBy&gt;
&lt;/CompanyInfo1&gt;
&lt;CompanyAddr1&gt;
&lt;adEnterpriseCompanyId&gt;VC0000000094819&lt;/adEnterpriseCompanyId&gt;
&lt;adAddressName&gt;30319 Atlanta GA&lt;/adAddressName&gt;
&lt;adAddress1&gt;1277 Lenox Park Blvd.;&lt;/adAddress1&gt;
&lt;adAddress2&gt;5th Floor&lt;/adAddress2&gt;
&lt;adCity&gt;Atlanta&lt;/adCity&gt;
&lt;adStateProvince&gt;GA&lt;/adStateProvince&gt;
&lt;adPostalCode&gt;30319&lt;/adPostalCode&gt;
&lt;adCountry&gt;US&lt;/adCountry&gt;
&lt;adMainVoicePhone&gt;404 467 3000&lt;/adMainVoicePhone&gt;
&lt;adMainFaxPhone&gt;404 467 3000&lt;/adMainFaxPhone&gt;
&lt;adStatus&gt;New&lt;/adStatus&gt;
&lt;adType&gt;Bill To&lt;/adType&gt;
&lt;adOriginatingSystem&gt;Rainmaker&lt;/adOriginatingSystem&gt;
&lt;adOriginatingSystemId&gt;501900550&lt;/adOriginatingSystemId&gt;
&lt;adCreatedDate&gt;02/06/2004 03:02:05&lt;/adCreatedDate&gt;
&lt;adCreatedBy&gt;Registration&lt;/adCreatedBy&gt;
&lt;adPaymentType&gt;T&lt;/adPaymentType&gt;
&lt;/CompanyAddr1&gt;
&lt;CompanyContact1&gt;
&lt;ctEnterpriseCompanyId&gt;VC0000000094819&lt;/ctEnterpriseCompanyId&gt;
&lt;ctFirstName&gt;John&lt;/ctFirstName&gt;
&lt;ctLastName&gt;Doe&lt;/ctLastName&gt;
&lt;ctContactType&gt;Billing&lt;/ctContactType&gt;
&lt;ctJobTitle&gt;Customer Support&lt;/ctJobTitle&gt;
&lt;ctVoicePhoneNumber&gt;404 467 3000&lt;/ctVoicePhoneNumber&gt;
&lt;ctVoiceExtension&gt;1234&lt;/ctVoiceExtension&gt;
&lt;ctFaxPhoneNumber&gt;404 467 3000&lt;/ctFaxPhoneNumber&gt;
&lt;ctEmailAddress&gt;Tester1234@foo.bar.net&lt;/ctEmailAddress&gt;
&lt;ctOriginatingSystem&gt;Rainmaker&lt;/ctOriginatingSystem&gt;
&lt;ctOriginatingSystemId&gt;501900550&lt;/ctOriginatingSystemId&gt;
&lt;ctCreatedDate&gt;02/06/2004 03:02:05&lt;/ctCreatedDate&gt;
&lt;ctCreatedBy&gt;Registration&lt;/ctCreatedBy&gt;
&lt;/CompanyContact1&gt;
&lt;CompanyContact1&gt;
&lt;ctEnterpriseCompanyId&gt;VC0000000094819&lt;/ctEnterpriseCompanyId&gt;
&lt;ctFirstName&gt;John&lt;/ctFirstName&gt;
&lt;ctLastName&gt;Doe&lt;/ctLastName&gt;
&lt;ctContactType&gt;Support&lt;/ctContactType&gt;
&lt;ctJobTitle&gt;Customer Support&lt;/ctJobTitle&gt;
&lt;ctCountry&gt;US&lt;/ctCountry&gt;
&lt;ctVoicePhoneNumber&gt;404 467 3000&lt;/ctVoicePhoneNumber&gt;
&lt;ctVoiceExtension&gt;12&lt;/ctVoiceExtension&gt;
&lt;ctFaxPhoneNumber&gt;404 467 3000&lt;/ctFaxPhoneNumber&gt;
&lt;ctEmailAddress&gt;Tester1234@foo.bar.net&lt;/ctEmailAddress&gt;
&lt;ctOriginatingSystem&gt;Rainmaker&lt;/ctOriginatingSystem&gt;
&lt;ctOriginatingSystemId&gt;501900550&lt;/ctOriginatingSystemId&gt;
&lt;ctCreatedDate&gt;02/06/2004 03:02:05&lt;/ctCreatedDate&gt;
&lt;ctCreatedBy&gt;Registration&lt;/ctCreatedBy&gt;
&lt;/CompanyContact1&gt;
&lt;CompanyInstProd1&gt;
&lt;ipEnterpriseId&gt;VC0000000094819&lt;/ipEnterpriseId&gt;
&lt;ipEnterpriseCompanyId&gt;VC0000000094819&lt;/ipEnterpriseCompanyId&gt;
&lt;ipEnterpriseContactId&gt;3733&lt;/ipEnterpriseContactId&gt;
&lt;ipEnterpriseProductId&gt;ABC&lt;/ipEnterpriseProductId&gt;
&lt;ipPSN&gt;501900550&lt;/ipPSN&gt;
&lt;ipDateInstalled&gt;02/06/2004 03:02:05&lt;/ipDateInstalled&gt;
&lt;ipOriginatingSystem&gt;Rainmaker&lt;/ipOriginatingSystem&gt;
&lt;ipOriginatingSystemId&gt;501900550&lt;/ipOriginatingSystemId&gt;
&lt;ipCreatedDate&gt;02/06/2004 03:02:05&lt;/ipCreatedDate&gt;
&lt;ipCreatedBy&gt;Registration&lt;/ipCreatedBy&gt;
&lt;/CompanyInstProd1&gt;
&lt;/VCMCustInfo1&gt;
]&gt; but was:&lt;[[#document: null]]&gt;" type="junit.framework.ComparisonFailure">junit.framework.ComparisonFailure: Incorrect xml data returned expected:&lt;[&lt;?xml version=&quot;1.0&quot; encoding=&quot;UTF-8&quot;?&gt;
&lt;!DOCTYPE VCMCustInfo1 SYSTEM &quot;0.kgei0abt.26eiic.1&quot;&gt;
&lt;?Alliance:BODefInfo name=&quot;VCMCustInfo1&quot; defID=&quot;99460552.VCMCustInfo1.1&quot; owner=&quot;Inovis.99460552&quot; version=&quot;1&quot; editable=&quot;true&quot;?&gt;
&lt;VCMCustInfo1&gt;
&lt;OriginatingSystem&gt;VCM&lt;/OriginatingSystem&gt;
&lt;TransType&gt;New&lt;/TransType&gt;
&lt;CreatedDate&gt;Fri Feb 06 18:40:02 GMT-0500 (EST) 2004&lt;/CreatedDate&gt;
&lt;CreatedBy&gt;VCM REG&lt;/CreatedBy&gt;
&lt;CompanyInfo1&gt;
&lt;coEnterpriseId&gt;VC0000000094819&lt;/coEnterpriseId&gt;
&lt;coLegalName&gt;INOVIS ORMP TEST COMPANY XX2&lt;/coLegalName&gt;
&lt;coStatus&gt;New&lt;/coStatus&gt;
&lt;coType&gt;Customer&lt;/coType&gt;
&lt;coOriginatingSystem&gt;Rainmaker&lt;/coOriginatingSystem&gt;
&lt;coOriginatingSystemId&gt;501900550&lt;/coOriginatingSystemId&gt;
&lt;coCreatedDate&gt;02/06/2004 03:02:05&lt;/coCreatedDate&gt;
&lt;coCreatedBy&gt;Registration&lt;/coCreatedBy&gt;
&lt;/CompanyInfo1&gt;
&lt;CompanyAddr1&gt;
&lt;adEnterpriseCompanyId&gt;VC0000000094819&lt;/adEnterpriseCompanyId&gt;
&lt;adAddressName&gt;30319 Atlanta GA&lt;/adAddressName&gt;
&lt;adAddress1&gt;1277 Lenox Park Blvd.;&lt;/adAddress1&gt;
&lt;adAddress2&gt;5th Floor&lt;/adAddress2&gt;
&lt;adCity&gt;Atlanta&lt;/adCity&gt;
&lt;adStateProvince&gt;GA&lt;/adStateProvince&gt;
&lt;adPostalCode&gt;30319&lt;/adPostalCode&gt;
&lt;adCountry&gt;US&lt;/adCountry&gt;
&lt;adMainVoicePhone&gt;404 467 3000&lt;/adMainVoicePhone&gt;
&lt;adMainFaxPhone&gt;404 467 3000&lt;/adMainFaxPhone&gt;
&lt;adStatus&gt;New&lt;/adStatus&gt;
&lt;adType&gt;Bill To&lt;/adType&gt;
&lt;adOriginatingSystem&gt;Rainmaker&lt;/adOriginatingSystem&gt;
&lt;adOriginatingSystemId&gt;501900550&lt;/adOriginatingSystemId&gt;
&lt;adCreatedDate&gt;02/06/2004 03:02:05&lt;/adCreatedDate&gt;
&lt;adCreatedBy&gt;Registration&lt;/adCreatedBy&gt;
&lt;adPaymentType&gt;T&lt;/adPaymentType&gt;
&lt;/CompanyAddr1&gt;
&lt;CompanyContact1&gt;
&lt;ctEnterpriseCompanyId&gt;VC0000000094819&lt;/ctEnterpriseCompanyId&gt;
&lt;ctFirstName&gt;John&lt;/ctFirstName&gt;
&lt;ctLastName&gt;Doe&lt;/ctLastName&gt;
&lt;ctContactType&gt;Billing&lt;/ctContactType&gt;
&lt;ctJobTitle&gt;Customer Support&lt;/ctJobTitle&gt;
&lt;ctVoicePhoneNumber&gt;404 467 3000&lt;/ctVoicePhoneNumber&gt;
&lt;ctVoiceExtension&gt;1234&lt;/ctVoiceExtension&gt;
&lt;ctFaxPhoneNumber&gt;404 467 3000&lt;/ctFaxPhoneNumber&gt;
&lt;ctEmailAddress&gt;Tester1234@foo.bar.net&lt;/ctEmailAddress&gt;
&lt;ctOriginatingSystem&gt;Rainmaker&lt;/ctOriginatingSystem&gt;
&lt;ctOriginatingSystemId&gt;501900550&lt;/ctOriginatingSystemId&gt;
&lt;ctCreatedDate&gt;02/06/2004 03:02:05&lt;/ctCreatedDate&gt;
&lt;ctCreatedBy&gt;Registration&lt;/ctCreatedBy&gt;
&lt;/CompanyContact1&gt;
&lt;CompanyContact1&gt;
&lt;ctEnterpriseCompanyId&gt;VC0000000094819&lt;/ctEnterpriseCompanyId&gt;
&lt;ctFirstName&gt;John&lt;/ctFirstName&gt;
&lt;ctLastName&gt;Doe&lt;/ctLastName&gt;
&lt;ctContactType&gt;Support&lt;/ctContactType&gt;
&lt;ctJobTitle&gt;Customer Support&lt;/ctJobTitle&gt;
&lt;ctCountry&gt;US&lt;/ctCountry&gt;
&lt;ctVoicePhoneNumber&gt;404 467 3000&lt;/ctVoicePhoneNumber&gt;
&lt;ctVoiceExtension&gt;12&lt;/ctVoiceExtension&gt;
&lt;ctFaxPhoneNumber&gt;404 467 3000&lt;/ctFaxPhoneNumber&gt;
&lt;ctEmailAddress&gt;Tester1234@foo.bar.net&lt;/ctEmailAddress&gt;
&lt;ctOriginatingSystem&gt;Rainmaker&lt;/ctOriginatingSystem&gt;
&lt;ctOriginatingSystemId&gt;501900550&lt;/ctOriginatingSystemId&gt;
&lt;ctCreatedDate&gt;02/06/2004 03:02:05&lt;/ctCreatedDate&gt;
&lt;ctCreatedBy&gt;Registration&lt;/ctCreatedBy&gt;
&lt;/CompanyContact1&gt;
&lt;CompanyInstProd1&gt;
&lt;ipEnterpriseId&gt;VC0000000094819&lt;/ipEnterpriseId&gt;
&lt;ipEnterpriseCompanyId&gt;VC0000000094819&lt;/ipEnterpriseCompanyId&gt;
&lt;ipEnterpriseContactId&gt;3733&lt;/ipEnterpriseContactId&gt;
&lt;ipEnterpriseProductId&gt;ABC&lt;/ipEnterpriseProductId&gt;
&lt;ipPSN&gt;501900550&lt;/ipPSN&gt;
&lt;ipDateInstalled&gt;02/06/2004 03:02:05&lt;/ipDateInstalled&gt;
&lt;ipOriginatingSystem&gt;Rainmaker&lt;/ipOriginatingSystem&gt;
&lt;ipOriginatingSystemId&gt;501900550&lt;/ipOriginatingSystemId&gt;
&lt;ipCreatedDate&gt;02/06/2004 03:02:05&lt;/ipCreatedDate&gt;
&lt;ipCreatedBy&gt;Registration&lt;/ipCreatedBy&gt;
&lt;/CompanyInstProd1&gt;
&lt;/VCMCustInfo1&gt;
]&gt; but was:&lt;[[#document: null]]&gt;
	at test.com.inovis.mss.vcm.TestVCMInboundMessage.testVCMInboundMessage(TestVCMInboundMessage.java:73)
</failure>
  </testcase>
  <testcase classname="test.com.inovis.mss.vcm.TestVCMOutboundMessage" name="testVCMOutboundMessage" time="0.0">
    <error type="java.lang.NoClassDefFoundError">java.lang.NoClassDefFoundError
	at test.com.inovis.mss.vcm.TestVCMOutboundMessage.testVCMOutboundMessage(TestVCMOutboundMessage.java:64)
</error>
  </testcase>
  <testcase classname="test.com.inovis.mss.sysconfig.TestSysConfig" name="testSysConfigManager" time="2.448">
    <error message="[SYSC-00102] Failed to locate the SysConfig Session Bean. Check the deployments" type="com.inovis.b2b.lib.exception.OperationFailedException">class com.inovis.b2b.lib.exception.OperationFailedException: [SYSC-00102] Failed to locate the SysConfig Session Bean. Check the deployments
	at com.inovis.mss.sysconfig.defs.SysConfigManagerImp.&lt;init&gt;(SysConfigManagerImp.java:168)
	at com.inovis.mss.sysconfig.SysConfigManager.getManager(SysConfigManager.java:41)
	at test.com.inovis.mss.sysconfig.TestSysConfig.testSysConfigManager(TestSysConfig.java:64)
Caused by: class com.inovis.b2b.lib.service.ServiceUnavailableException: [LIBP-00001] Unable to connect to naming service
	at com.inovis.b2b.lib.service.ServiceLocator.getInitialContext(ServiceLocator.java:214)
	at com.inovis.b2b.lib.service.ServiceLocator.&lt;init&gt;(ServiceLocator.java:183)
	at com.inovis.b2b.lib.service.ServiceLocator.getInstance(ServiceLocator.java:167)
	at com.inovis.b2b.lib.service.ServiceLocator.getInstance(ServiceLocator.java:150)
	at com.inovis.mss.sysconfig.defs.SysConfigManagerImp.&lt;init&gt;(SysConfigManagerImp.java:136)
	... 21 more
Caused by: javax.naming.CommunicationException [Root exception is java.net.ConnectException: t3://localhost:7001: Destination unreachable; nested exception is: 
	java.net.ConnectException: Connection refused: connect; No available router to destination]
	at weblogic.jndi.internal.ExceptionTranslator.toNamingException(ExceptionTranslator.java:49)
	at weblogic.jndi.WLInitialContextFactoryDelegate.toNamingException(WLInitialContextFactoryDelegate.java:765)
	at weblogic.jndi.WLInitialContextFactoryDelegate.getInitialContext(WLInitialContextFactoryDelegate.java:364)
	at weblogic.jndi.Environment.getContext(Environment.java:307)
	at weblogic.jndi.Environment.getContext(Environment.java:277)
	at weblogic.jndi.WLInitialContextFactory.getInitialContext(WLInitialContextFactory.java:117)
	at javax.naming.spi.NamingManager.getInitialContext(NamingManager.java:667)
	at javax.naming.InitialContext.getDefaultInitCtx(InitialContext.java:247)
	at javax.naming.InitialContext.init(InitialContext.java:223)
	at javax.naming.InitialContext.&lt;init&gt;(InitialContext.java:175)
	at com.inovis.b2b.lib.service.ServiceLocator.getInitialContext(ServiceLocator.java:206)
	... 25 more
Caused by: java.net.ConnectException: t3://localhost:7001: Destination unreachable; nested exception is: 
	java.net.ConnectException: Connection refused: connect; No available router to destination
	at weblogic.rjvm.RJVMFinder.findOrCreate(RJVMFinder.java:204)
	at weblogic.rjvm.ServerURL.findOrCreateRJVM(ServerURL.java:154)
	at weblogic.jndi.WLInitialContextFactoryDelegate.getInitialContext(WLInitialContextFactoryDelegate.java:349)
	... 33 more
Caused by: java.rmi.ConnectException: Destination unreachable; nested exception is: 
	java.net.ConnectException: Connection refused: connect; No available router to destination
	at weblogic.rjvm.ConnectionManager.bootstrap(ConnectionManager.java:472)
	at weblogic.rjvm.ConnectionManager.bootstrap(ConnectionManager.java:323)
	at weblogic.rjvm.RJVMManager.findOrCreateRemoteInternal(RJVMManager.java:259)
	at weblogic.rjvm.RJVMManager.findOrCreate(RJVMManager.java:202)
	at weblogic.rjvm.RJVMFinder.findOrCreateRemoteServer(RJVMFinder.java:226)
	at weblogic.rjvm.RJVMFinder.findOrCreate(RJVMFinder.java:189)
	... 35 more
</error>
  </testcase>
  <testcase classname="test.com.inovis.mss.eventframework.TestEventManager" name="testRemoteNotify" time="0.0">
    <error message="Missing Cactus property [cactus.contextURL]" type="org.apache.cactus.util.ChainedRuntimeException">org.apache.cactus.util.ChainedRuntimeException: Missing Cactus property [cactus.contextURL]
	at org.apache.cactus.internal.configuration.BaseConfiguration.getContextURL(BaseConfiguration.java:59)
	at org.apache.cactus.internal.configuration.AbstractWebConfiguration.getRedirectorURL_aroundBody0(AbstractWebConfiguration.java:46)
	at org.apache.cactus.internal.configuration.AbstractWebConfiguration.getRedirectorURL_aroundBody1$advice(AbstractWebConfiguration.java:306)
	at org.apache.cactus.internal.configuration.AbstractWebConfiguration.getRedirectorURL(AbstractWebConfiguration.java)
	at org.apache.cactus.internal.client.connector.http.DefaultHttpClient.callRunTest(DefaultHttpClient.java:159)
	at org.apache.cactus.internal.client.connector.http.DefaultHttpClient.doTest_aroundBody0(DefaultHttpClient.java:80)
	at org.apache.cactus.internal.client.connector.http.DefaultHttpClient.doTest_aroundBody1$advice(DefaultHttpClient.java:306)
	at org.apache.cactus.internal.client.connector.http.DefaultHttpClient.doTest(DefaultHttpClient.java)
	at org.apache.cactus.internal.client.connector.http.HttpProtocolHandler.runWebTest(HttpProtocolHandler.java:159)
	at org.apache.cactus.internal.client.connector.http.HttpProtocolHandler.runTest_aroundBody0(HttpProtocolHandler.java:80)
	at org.apache.cactus.internal.client.connector.http.HttpProtocolHandler.runTest_aroundBody1$advice(HttpProtocolHandler.java:306)
	at org.apache.cactus.internal.client.connector.http.HttpProtocolHandler.runTest(HttpProtocolHandler.java)
	at org.apache.cactus.internal.client.ClientTestCaseCaller.runTest(ClientTestCaseCaller.java:144)
	at org.apache.cactus.internal.AbstractCactusTestCase.runBareClient(AbstractCactusTestCase.java:215)
	at org.apache.cactus.internal.AbstractCactusTestCase.runBare(AbstractCactusTestCase.java:133)
</error>
  </testcase>
  <testcase classname="test.com.inovis.mss.eventframework.TestEventManager" name="testEventManagerImp" time="0.0">
    <error message="Missing Cactus property [cactus.contextURL]" type="org.apache.cactus.util.ChainedRuntimeException">org.apache.cactus.util.ChainedRuntimeException: Missing Cactus property [cactus.contextURL]
	at org.apache.cactus.internal.configuration.BaseConfiguration.getContextURL(BaseConfiguration.java:59)
	at org.apache.cactus.internal.configuration.AbstractWebConfiguration.getRedirectorURL_aroundBody0(AbstractWebConfiguration.java:46)
	at org.apache.cactus.internal.configuration.AbstractWebConfiguration.getRedirectorURL_aroundBody1$advice(AbstractWebConfiguration.java:306)
	at org.apache.cactus.internal.configuration.AbstractWebConfiguration.getRedirectorURL(AbstractWebConfiguration.java)
	at org.apache.cactus.internal.client.connector.http.DefaultHttpClient.callRunTest(DefaultHttpClient.java:159)
	at org.apache.cactus.internal.client.connector.http.DefaultHttpClient.doTest_aroundBody0(DefaultHttpClient.java:80)
	at org.apache.cactus.internal.client.connector.http.DefaultHttpClient.doTest_aroundBody1$advice(DefaultHttpClient.java:306)
	at org.apache.cactus.internal.client.connector.http.DefaultHttpClient.doTest(DefaultHttpClient.java)
	at org.apache.cactus.internal.client.connector.http.HttpProtocolHandler.runWebTest(HttpProtocolHandler.java:159)
	at org.apache.cactus.internal.client.connector.http.HttpProtocolHandler.runTest_aroundBody0(HttpProtocolHandler.java:80)
	at org.apache.cactus.internal.client.connector.http.HttpProtocolHandler.runTest_aroundBody1$advice(HttpProtocolHandler.java:306)
	at org.apache.cactus.internal.client.connector.http.HttpProtocolHandler.runTest(HttpProtocolHandler.java)
	at org.apache.cactus.internal.client.ClientTestCaseCaller.runTest(ClientTestCaseCaller.java:144)
	at org.apache.cactus.internal.AbstractCactusTestCase.runBareClient(AbstractCactusTestCase.java:215)
	at org.apache.cactus.internal.AbstractCactusTestCase.runBare(AbstractCactusTestCase.java:133)
</error>
  </testcase>
  <testcase classname="test.com.inovis.mss.docscheduler.TestDocSchedulerManager" name="testCreateConfig" time="2.604">
    <failure message="Could not create config: [DSCH-00401] Unable to create the Document Scheduler Manager. Could not get EJB Home." type="junit.framework.AssertionFailedError">junit.framework.AssertionFailedError: Could not create config: [DSCH-00401] Unable to create the Document Scheduler Manager. Could not get EJB Home.
	at test.com.inovis.mss.docscheduler.TestDocSchedulerManager.testCreateConfig(TestDocSchedulerManager.java:92)
</failure>
  </testcase>
  <testcase classname="test.com.inovis.mss.docscheduler.TestDocSchedulerManager" name="testHold" time="0.063">
    <error type="java.lang.NoClassDefFoundError">java.lang.NoClassDefFoundError
	at com.inovis.mss.docscheduler.DocumentSchedulerManager.getConfigsByTarget(DocumentSchedulerManager.java:483)
	at com.inovis.mss.docscheduler.DocumentSchedulerManager.checkForHold(DocumentSchedulerManager.java:659)
	at com.inovis.mss.docscheduler.DocumentSchedulerManager.checkForHold(DocumentSchedulerManager.java:722)
	at test.com.inovis.mss.docscheduler.TestDocSchedulerManager.testHold(TestDocSchedulerManager.java:104)
</error>
  </testcase>
  <testcase classname="test.com.inovis.mss.docscheduler.TestDocSchedulerManager" name="testGetConfigs" time="2.23">
    <failure message="Could not get all configs: [DSCH-00401] Unable to create the Document Scheduler Manager. Could not get EJB Home." type="junit.framework.AssertionFailedError">junit.framework.AssertionFailedError: Could not get all configs: [DSCH-00401] Unable to create the Document Scheduler Manager. Could not get EJB Home.
	at test.com.inovis.mss.docscheduler.TestDocSchedulerManager.testGetConfigs(TestDocSchedulerManager.java:126)
</failure>
  </testcase>
  <testcase classname="test.com.inovis.b2b.bo.TestBusinessObjectInstanceID" name="testBusinessObjectInstanceIDGood" time="0.0"></testcase>
  <testcase classname="test.com.inovis.b2b.bo.TestBusinessObjectInstanceID" name="testBusinessObjectInstanceIDGood1" time="0.0"></testcase>
  <testcase classname="test.com.inovis.b2b.bo.TestBusinessObjectInstanceID" name="testBusinessObjectInstanceIDBad" time="0.0"></testcase>
  <testcase classname="test.com.inovis.mss.systask.TestTaskManager" name="testGetSystemTasks" time="2.448">
    <failure message="Could not get system tasks: [SYST-00204] Could not initialize TaskManagerService" type="junit.framework.AssertionFailedError">junit.framework.AssertionFailedError: Could not get system tasks: [SYST-00204] Could not initialize TaskManagerService
	at test.com.inovis.mss.systask.TestTaskManager.testGetSystemTasks(TestTaskManager.java:30)
</failure>
  </testcase>
  <testcase classname="test.com.inovis.mss.systask.TestTaskManager" name="testStartTask" time="0.0">
    <error type="java.lang.NoClassDefFoundError">java.lang.NoClassDefFoundError
	at com.inovis.b2b.lib.util.ConfigurationResources.&lt;init&gt;(ConfigurationResources.java:34)
	at com.inovis.mss.resource.user.UserConfig.&lt;init&gt;(UserConfig.java:47)
	at com.inovis.mss.resource.user.UserConfig.get(UserConfig.java:59)
	at com.inovis.mss.resource.user.UserConfig.getInt(UserConfig.java:115)
	at com.inovis.mss.user.LoginID.&lt;init&gt;(LoginID.java:45)
	at test.com.inovis.mss.systask.TestTaskManager.testStartTask(TestTaskManager.java:39)
</error>
  </testcase>
  <testcase classname="test.com.inovis.mss.systask.TestTaskManager" name="testSysTaskEvent" time="2.511">
    <failure message="Could not get task events: [SYST-00204] Could not initialize TaskManagerService" type="junit.framework.AssertionFailedError">junit.framework.AssertionFailedError: Could not get task events: [SYST-00204] Could not initialize TaskManagerService
	at test.com.inovis.mss.systask.TestTaskManager.testSysTaskEvent(TestTaskManager.java:59)
</failure>
  </testcase>
  <testcase classname="junit.framework.TestSuite$1" name="warning" time="0.0">
    <failure message="No tests found in test.com.inovis.mss.timerservice.TestTimerServiceManager" type="junit.framework.AssertionFailedError">junit.framework.AssertionFailedError: No tests found in test.com.inovis.mss.timerservice.TestTimerServiceManager
</failure>
  </testcase>
  <testcase classname="test.com.inovis.mss.resourcesession.TestResourceSession" name="testResourceSession" time="4.928">
    <error message="[LIBP-00001] Unable to connect to naming service" type="com.inovis.b2b.lib.service.ServiceUnavailableException">class com.inovis.b2b.lib.service.ServiceUnavailableException: [LIBP-00001] Unable to connect to naming service
	at com.inovis.b2b.lib.service.ServiceLocator.getInitialContext(ServiceLocator.java:214)
	at com.inovis.b2b.lib.service.ServiceLocator.&lt;init&gt;(ServiceLocator.java:183)
	at com.inovis.b2b.lib.service.ServiceLocator.getInstance(ServiceLocator.java:167)
	at com.inovis.b2b.lib.service.ServiceLocator.getInstance(ServiceLocator.java:150)
	at com.inovis.mss.mailbag.defs.MailbagManagerImp.&lt;init&gt;(MailbagManagerImp.java:88)
	at com.inovis.mss.mailbag.MailbagManager.getManager(MailbagManager.java:47)
	at test.com.inovis.mss.resourcesession.TestResourceSession.setUp(TestResourceSession.java:44)
	at junit.extensions.TestDecorator.basicRun(TestDecorator.java:24)
	at junit.extensions.TestSetup$1.protect(TestSetup.java:23)
	at junit.extensions.TestSetup.run(TestSetup.java:27)
Caused by: javax.naming.CommunicationException [Root exception is java.net.ConnectException: t3://localhost:7001: Destination unreachable; nested exception is: 
	java.net.ConnectException: Connection refused: connect; No available router to destination]
	at weblogic.jndi.internal.ExceptionTranslator.toNamingException(ExceptionTranslator.java:49)
	at weblogic.jndi.WLInitialContextFactoryDelegate.toNamingException(WLInitialContextFactoryDelegate.java:765)
	at weblogic.jndi.WLInitialContextFactoryDelegate.getInitialContext(WLInitialContextFactoryDelegate.java:364)
	at weblogic.jndi.Environment.getContext(Environment.java:307)
	at weblogic.jndi.Environment.getContext(Environment.java:277)
	at weblogic.jndi.WLInitialContextFactory.getInitialContext(WLInitialContextFactory.java:117)
	at javax.naming.spi.NamingManager.getInitialContext(NamingManager.java:667)
	at javax.naming.InitialContext.getDefaultInitCtx(InitialContext.java:247)
	at javax.naming.InitialContext.init(InitialContext.java:223)
	at javax.naming.InitialContext.&lt;init&gt;(InitialContext.java:175)
	at com.inovis.b2b.lib.service.ServiceLocator.getInitialContext(ServiceLocator.java:206)
	... 22 more
Caused by: java.net.ConnectException: t3://localhost:7001: Destination unreachable; nested exception is: 
	java.net.ConnectException: Connection refused: connect; No available router to destination
	at weblogic.rjvm.RJVMFinder.findOrCreate(RJVMFinder.java:204)
	at weblogic.rjvm.ServerURL.findOrCreateRJVM(ServerURL.java:154)
	at weblogic.jndi.WLInitialContextFactoryDelegate.getInitialContext(WLInitialContextFactoryDelegate.java:349)
	... 30 more
Caused by: java.rmi.ConnectException: Destination unreachable; nested exception is: 
	java.net.ConnectException: Connection refused: connect; No available router to destination
	at weblogic.rjvm.ConnectionManager.bootstrap(ConnectionManager.java:472)
	at weblogic.rjvm.ConnectionManager.bootstrap(ConnectionManager.java:323)
	at weblogic.rjvm.RJVMManager.findOrCreateRemoteInternal(RJVMManager.java:259)
	at weblogic.rjvm.RJVMManager.findOrCreate(RJVMManager.java:202)
	at weblogic.rjvm.RJVMFinder.findOrCreateRemoteServer(RJVMFinder.java:226)
	at weblogic.rjvm.RJVMFinder.findOrCreate(RJVMFinder.java:189)
	... 32 more
</error>
  </testcase>
  <testcase classname="test.com.inovis.mss.notification.TestNotificationManager" name="testDestinations" time="2.604">
    <error message="[NTFY-00101] FAILED FOR UNKNOWN REASON" type="com.inovis.b2b.lib.exception.OperationFailedException">class com.inovis.b2b.lib.exception.OperationFailedException: [NTFY-00101] FAILED FOR UNKNOWN REASON
	at com.inovis.mss.notification.NotificationManager.initFacade(NotificationManager.java:70)
	at com.inovis.mss.notification.NotificationManager.&lt;init&gt;(NotificationManager.java:50)
	at test.com.inovis.mss.notification.TestNotificationManager.testDestinations(TestNotificationManager.java:69)
Caused by: class com.inovis.b2b.lib.service.ServiceUnavailableException: [LIBP-00001] Unable to connect to naming service
	at com.inovis.b2b.lib.service.ServiceLocator.getInitialContext(ServiceLocator.java:214)
	at com.inovis.b2b.lib.service.ServiceLocator.&lt;init&gt;(ServiceLocator.java:183)
	at com.inovis.b2b.lib.service.ServiceLocator.getInstance(ServiceLocator.java:167)
	at com.inovis.b2b.lib.service.ServiceLocator.getInstance(ServiceLocator.java:150)
	at com.inovis.mss.notification.NotificationManager.initFacade(NotificationManager.java:60)
	... 19 more
Caused by: javax.naming.CommunicationException [Root exception is java.net.ConnectException: t3://localhost:7001: Destination unreachable; nested exception is: 
	java.net.ConnectException: Connection refused: connect; No available router to destination]
	at weblogic.jndi.internal.ExceptionTranslator.toNamingException(ExceptionTranslator.java:49)
	at weblogic.jndi.WLInitialContextFactoryDelegate.toNamingException(WLInitialContextFactoryDelegate.java:765)
	at weblogic.jndi.WLInitialContextFactoryDelegate.getInitialContext(WLInitialContextFactoryDelegate.java:364)
	at weblogic.jndi.Environment.getContext(Environment.java:307)
	at weblogic.jndi.Environment.getContext(Environment.java:277)
	at weblogic.jndi.WLInitialContextFactory.getInitialContext(WLInitialContextFactory.java:117)
	at javax.naming.spi.NamingManager.getInitialContext(NamingManager.java:667)
	at javax.naming.InitialContext.getDefaultInitCtx(InitialContext.java:247)
	at javax.naming.InitialContext.init(InitialContext.java:223)
	at javax.naming.InitialContext.&lt;init&gt;(InitialContext.java:175)
	at com.inovis.b2b.lib.service.ServiceLocator.getInitialContext(ServiceLocator.java:206)
	... 23 more
Caused by: java.net.ConnectException: t3://localhost:7001: Destination unreachable; nested exception is: 
	java.net.ConnectException: Connection refused: connect; No available router to destination
	at weblogic.rjvm.RJVMFinder.findOrCreate(RJVMFinder.java:204)
	at weblogic.rjvm.ServerURL.findOrCreateRJVM(ServerURL.java:154)
	at weblogic.jndi.WLInitialContextFactoryDelegate.getInitialContext(WLInitialContextFactoryDelegate.java:349)
	... 31 more
Caused by: java.rmi.ConnectException: Destination unreachable; nested exception is: 
	java.net.ConnectException: Connection refused: connect; No available router to destination
	at weblogic.rjvm.ConnectionManager.bootstrap(ConnectionManager.java:472)
	at weblogic.rjvm.ConnectionManager.bootstrap(ConnectionManager.java:323)
	at weblogic.rjvm.RJVMManager.findOrCreateRemoteInternal(RJVMManager.java:259)
	at weblogic.rjvm.RJVMManager.findOrCreate(RJVMManager.java:202)
	at weblogic.rjvm.RJVMFinder.findOrCreateRemoteServer(RJVMFinder.java:226)
	at weblogic.rjvm.RJVMFinder.findOrCreate(RJVMFinder.java:189)
	... 33 more
</error>
  </testcase>
  <testcase classname="test.com.inovis.mss.notification.TestNotificationManager" name="testLoadGroup" time="0.0"></testcase>
  <testcase classname="test.com.inovis.mss.notification.TestNotificationManager" name="testNotifiationGroups" time="4.164">
    <error message="[NTFY-00101] FAILED FOR UNKNOWN REASON" type="com.inovis.b2b.lib.exception.OperationFailedException">class com.inovis.b2b.lib.exception.OperationFailedException: [NTFY-00101] FAILED FOR UNKNOWN REASON
	at com.inovis.mss.notification.NotificationManager.initFacade(NotificationManager.java:70)
	at com.inovis.mss.notification.NotificationManager.&lt;init&gt;(NotificationManager.java:50)
	at com.inovis.mss.notification.NotificationManager.getManager(NotificationManager.java:89)
	at test.com.inovis.mss.notification.TestNotificationManager.testNotifiationGroups(TestNotificationManager.java:167)
Caused by: class com.inovis.b2b.lib.service.ServiceUnavailableException: [LIBP-00001] Unable to connect to naming service
	at com.inovis.b2b.lib.service.ServiceLocator.getInitialContext(ServiceLocator.java:214)
	at com.inovis.b2b.lib.service.ServiceLocator.&lt;init&gt;(ServiceLocator.java:183)
	at com.inovis.b2b.lib.service.ServiceLocator.getInstance(ServiceLocator.java:167)
	at com.inovis.b2b.lib.service.ServiceLocator.getInstance(ServiceLocator.java:150)
	at com.inovis.mss.notification.NotificationManager.initFacade(NotificationManager.java:60)
	... 20 more
Caused by: javax.naming.CommunicationException [Root exception is java.net.ConnectException: t3://localhost:7001: Destination unreachable; nested exception is: 
	java.net.ConnectException: Connection refused: connect; No available router to destination]
	at weblogic.jndi.internal.ExceptionTranslator.toNamingException(ExceptionTranslator.java:49)
	at weblogic.jndi.WLInitialContextFactoryDelegate.toNamingException(WLInitialContextFactoryDelegate.java:765)
	at weblogic.jndi.WLInitialContextFactoryDelegate.getInitialContext(WLInitialContextFactoryDelegate.java:364)
	at weblogic.jndi.Environment.getContext(Environment.java:307)
	at weblogic.jndi.Environment.getContext(Environment.java:277)
	at weblogic.jndi.WLInitialContextFactory.getInitialContext(WLInitialContextFactory.java:117)
	at javax.naming.spi.NamingManager.getInitialContext(NamingManager.java:667)
	at javax.naming.InitialContext.getDefaultInitCtx(InitialContext.java:247)
	at javax.naming.InitialContext.init(InitialContext.java:223)
	at javax.naming.InitialContext.&lt;init&gt;(InitialContext.java:175)
	at com.inovis.b2b.lib.service.ServiceLocator.getInitialContext(ServiceLocator.java:206)
	... 24 more
Caused by: java.net.ConnectException: t3://localhost:7001: Destination unreachable; nested exception is: 
	java.net.ConnectException: Connection refused: connect; No available router to destination
	at weblogic.rjvm.RJVMFinder.findOrCreate(RJVMFinder.java:204)
	at weblogic.rjvm.ServerURL.findOrCreateRJVM(ServerURL.java:154)
	at weblogic.jndi.WLInitialContextFactoryDelegate.getInitialContext(WLInitialContextFactoryDelegate.java:349)
	... 32 more
Caused by: java.rmi.ConnectException: Destination unreachable; nested exception is: 
	java.net.ConnectException: Connection refused: connect; No available router to destination
	at weblogic.rjvm.ConnectionManager.bootstrap(ConnectionManager.java:472)
	at weblogic.rjvm.ConnectionManager.bootstrap(ConnectionManager.java:323)
	at weblogic.rjvm.RJVMManager.findOrCreateRemoteInternal(RJVMManager.java:259)
	at weblogic.rjvm.RJVMManager.findOrCreate(RJVMManager.java:202)
	at weblogic.rjvm.RJVMFinder.findOrCreateRemoteServer(RJVMFinder.java:226)
	at weblogic.rjvm.RJVMFinder.findOrCreate(RJVMFinder.java:189)
	... 34 more
</error>
  </testcase>
  <testcase classname="test.com.inovis.mss.mailbag.TestMailbagID" name="testEquality1" time="0.0"></testcase>
  <testcase classname="test.com.inovis.mss.mailbag.TestMailbagID" name="testEquality2" time="0.0"></testcase>
  <testcase classname="test.com.inovis.mss.mailbag.TestMailbagID" name="testEquality3" time="0.0"></testcase>
  <testcase classname="test.com.inovis.mss.mailbag.TestMailbagID" name="testDummyMailbagID" time="0.0"></testcase>
  <testcase classname="test.com.inovis.mss.mailbag.TestMailbagID" name="testGetMailbagID" time="0.0"></testcase>
  <testcase classname="test.com.inovis.mss.mailbag.TestMailbagID" name="testSetMailbagID" time="0.0"></testcase>
  <testcase classname="test.com.inovis.mss.mailbag.TestMailbagManager" name="test1GetMailbags" time="2.931">
    <error message="[LIBP-00001] Unable to connect to naming service" type="com.inovis.b2b.lib.service.ServiceUnavailableException">class com.inovis.b2b.lib.service.ServiceUnavailableException: [LIBP-00001] Unable to connect to naming service
	at com.inovis.b2b.lib.service.ServiceLocator.getInitialContext(ServiceLocator.java:214)
	at com.inovis.b2b.lib.service.ServiceLocator.&lt;init&gt;(ServiceLocator.java:183)
	at com.inovis.b2b.lib.service.ServiceLocator.getInstance(ServiceLocator.java:167)
	at com.inovis.b2b.lib.service.ServiceLocator.getInstance(ServiceLocator.java:150)
	at com.inovis.mss.mailbag.defs.MailbagManagerImp.&lt;init&gt;(MailbagManagerImp.java:88)
	at com.inovis.mss.mailbag.MailbagManager.getManager(MailbagManager.java:47)
	at test.com.inovis.mss.mailbag.TestMailbagManager.setUp(TestMailbagManager.java:131)
Caused by: javax.naming.CommunicationException [Root exception is java.net.ConnectException: t3://localhost:7001: Destination unreachable; nested exception is: 
	java.net.ConnectException: Connection refused: connect; No available router to destination]
	at weblogic.jndi.internal.ExceptionTranslator.toNamingException(ExceptionTranslator.java:49)
	at weblogic.jndi.WLInitialContextFactoryDelegate.toNamingException(WLInitialContextFactoryDelegate.java:765)
	at weblogic.jndi.WLInitialContextFactoryDelegate.getInitialContext(WLInitialContextFactoryDelegate.java:364)
	at weblogic.jndi.Environment.getContext(Environment.java:307)
	at weblogic.jndi.Environment.getContext(Environment.java:277)
	at weblogic.jndi.WLInitialContextFactory.getInitialContext(WLInitialContextFactory.java:117)
	at javax.naming.spi.NamingManager.getInitialContext(NamingManager.java:667)
	at javax.naming.InitialContext.getDefaultInitCtx(InitialContext.java:247)
	at javax.naming.InitialContext.init(InitialContext.java:223)
	at javax.naming.InitialContext.&lt;init&gt;(InitialContext.java:175)
	at com.inovis.b2b.lib.service.ServiceLocator.getInitialContext(ServiceLocator.java:206)
	... 20 more
Caused by: java.net.ConnectException: t3://localhost:7001: Destination unreachable; nested exception is: 
	java.net.ConnectException: Connection refused: connect; No available router to destination
	at weblogic.rjvm.RJVMFinder.findOrCreate(RJVMFinder.java:204)
	at weblogic.rjvm.ServerURL.findOrCreateRJVM(ServerURL.java:154)
	at weblogic.jndi.WLInitialContextFactoryDelegate.getInitialContext(WLInitialContextFactoryDelegate.java:349)
	... 28 more
Caused by: java.rmi.ConnectException: Destination unreachable; nested exception is: 
	java.net.ConnectException: Connection refused: connect; No available router to destination
	at weblogic.rjvm.ConnectionManager.bootstrap(ConnectionManager.java:472)
	at weblogic.rjvm.ConnectionManager.bootstrap(ConnectionManager.java:323)
	at weblogic.rjvm.RJVMManager.findOrCreateRemoteInternal(RJVMManager.java:259)
	at weblogic.rjvm.RJVMManager.findOrCreate(RJVMManager.java:202)
	at weblogic.rjvm.RJVMFinder.findOrCreateRemoteServer(RJVMFinder.java:226)
	at weblogic.rjvm.RJVMFinder.findOrCreate(RJVMFinder.java:189)
	... 30 more
</error>
  </testcase>
  <testcase classname="test.com.inovis.mss.mailbag.TestMailbagManager" name="test2GetMailbagsForInvalidNetworkFail" time="1.95">
    <error message="[LIBP-00001] Unable to connect to naming service" type="com.inovis.b2b.lib.service.ServiceUnavailableException">class com.inovis.b2b.lib.service.ServiceUnavailableException: [LIBP-00001] Unable to connect to naming service
	at com.inovis.b2b.lib.service.ServiceLocator.getInitialContext(ServiceLocator.java:214)
	at com.inovis.b2b.lib.service.ServiceLocator.&lt;init&gt;(ServiceLocator.java:183)
	at com.inovis.b2b.lib.service.ServiceLocator.getInstance(ServiceLocator.java:167)
	at com.inovis.b2b.lib.service.ServiceLocator.getInstance(ServiceLocator.java:150)
	at com.inovis.mss.mailbag.defs.MailbagManagerImp.&lt;init&gt;(MailbagManagerImp.java:88)
	at com.inovis.mss.mailbag.MailbagManager.getManager(MailbagManager.java:47)
	at test.com.inovis.mss.mailbag.TestMailbagManager.setUp(TestMailbagManager.java:131)
Caused by: javax.naming.CommunicationException [Root exception is java.net.ConnectException: t3://localhost:7001: Destination unreachable; nested exception is: 
	java.net.ConnectException: Connection refused: connect; No available router to destination]
	at weblogic.jndi.internal.ExceptionTranslator.toNamingException(ExceptionTranslator.java:49)
	at weblogic.jndi.WLInitialContextFactoryDelegate.toNamingException(WLInitialContextFactoryDelegate.java:765)
	at weblogic.jndi.WLInitialContextFactoryDelegate.getInitialContext(WLInitialContextFactoryDelegate.java:364)
	at weblogic.jndi.Environment.getContext(Environment.java:307)
	at weblogic.jndi.Environment.getContext(Environment.java:277)
	at weblogic.jndi.WLInitialContextFactory.getInitialContext(WLInitialContextFactory.java:117)
	at javax.naming.spi.NamingManager.getInitialContext(NamingManager.java:667)
	at javax.naming.InitialContext.getDefaultInitCtx(InitialContext.java:247)
	at javax.naming.InitialContext.init(InitialContext.java:223)
	at javax.naming.InitialContext.&lt;init&gt;(InitialContext.java:175)
	at com.inovis.b2b.lib.service.ServiceLocator.getInitialContext(ServiceLocator.java:206)
	... 20 more
Caused by: java.net.ConnectException: t3://localhost:7001: Destination unreachable; nested exception is: 
	java.net.ConnectException: Connection refused: connect; No available router to destination
	at weblogic.rjvm.RJVMFinder.findOrCreate(RJVMFinder.java:204)
	at weblogic.rjvm.ServerURL.findOrCreateRJVM(ServerURL.java:154)
	at weblogic.jndi.WLInitialContextFactoryDelegate.getInitialContext(WLInitialContextFactoryDelegate.java:349)
	... 28 more
Caused by: java.rmi.ConnectException: Destination unreachable; nested exception is: 
	java.net.ConnectException: Connection refused: connect; No available router to destination
	at weblogic.rjvm.ConnectionManager.bootstrap(ConnectionManager.java:472)
	at weblogic.rjvm.ConnectionManager.bootstrap(ConnectionManager.java:323)
	at weblogic.rjvm.RJVMManager.findOrCreateRemoteInternal(RJVMManager.java:259)
	at weblogic.rjvm.RJVMManager.findOrCreate(RJVMManager.java:202)
	at weblogic.rjvm.RJVMFinder.findOrCreateRemoteServer(RJVMFinder.java:226)
	at weblogic.rjvm.RJVMFinder.findOrCreate(RJVMFinder.java:189)
	... 30 more
</error>
  </testcase>
  <testcase classname="test.com.inovis.mss.mailbag.TestMailbagManager" name="test3SendInboundMailbag" time="2.885">
    <error message="[LIBP-00001] Unable to connect to naming service" type="com.inovis.b2b.lib.service.ServiceUnavailableException">class com.inovis.b2b.lib.service.ServiceUnavailableException: [LIBP-00001] Unable to connect to naming service
	at com.inovis.b2b.lib.service.ServiceLocator.getInitialContext(ServiceLocator.java:214)
	at com.inovis.b2b.lib.service.ServiceLocator.&lt;init&gt;(ServiceLocator.java:183)
	at com.inovis.b2b.lib.service.ServiceLocator.getInstance(ServiceLocator.java:167)
	at com.inovis.b2b.lib.service.ServiceLocator.getInstance(ServiceLocator.java:150)
	at com.inovis.mss.mailbag.defs.MailbagManagerImp.&lt;init&gt;(MailbagManagerImp.java:88)
	at com.inovis.mss.mailbag.MailbagManager.getManager(MailbagManager.java:47)
	at test.com.inovis.mss.mailbag.TestMailbagManager.setUp(TestMailbagManager.java:131)
Caused by: javax.naming.CommunicationException [Root exception is java.net.ConnectException: t3://localhost:7001: Destination unreachable; nested exception is: 
	java.net.ConnectException: Connection refused: connect; No available router to destination]
	at weblogic.jndi.internal.ExceptionTranslator.toNamingException(ExceptionTranslator.java:49)
	at weblogic.jndi.WLInitialContextFactoryDelegate.toNamingException(WLInitialContextFactoryDelegate.java:765)
	at weblogic.jndi.WLInitialContextFactoryDelegate.getInitialContext(WLInitialContextFactoryDelegate.java:364)
	at weblogic.jndi.Environment.getContext(Environment.java:307)
	at weblogic.jndi.Environment.getContext(Environment.java:277)
	at weblogic.jndi.WLInitialContextFactory.getInitialContext(WLInitialContextFactory.java:117)
	at javax.naming.spi.NamingManager.getInitialContext(NamingManager.java:667)
	at javax.naming.InitialContext.getDefaultInitCtx(InitialContext.java:247)
	at javax.naming.InitialContext.init(InitialContext.java:223)
	at javax.naming.InitialContext.&lt;init&gt;(InitialContext.java:175)
	at com.inovis.b2b.lib.service.ServiceLocator.getInitialContext(ServiceLocator.java:206)
	... 20 more
Caused by: java.net.ConnectException: t3://localhost:7001: Destination unreachable; nested exception is: 
	java.net.ConnectException: Connection refused: connect; No available router to destination
	at weblogic.rjvm.RJVMFinder.findOrCreate(RJVMFinder.java:204)
	at weblogic.rjvm.ServerURL.findOrCreateRJVM(ServerURL.java:154)
	at weblogic.jndi.WLInitialContextFactoryDelegate.getInitialContext(WLInitialContextFactoryDelegate.java:349)
	... 28 more
Caused by: java.rmi.ConnectException: Destination unreachable; nested exception is: 
	java.net.ConnectException: Connection refused: connect; No available router to destination
	at weblogic.rjvm.ConnectionManager.bootstrap(ConnectionManager.java:472)
	at weblogic.rjvm.ConnectionManager.bootstrap(ConnectionManager.java:323)
	at weblogic.rjvm.RJVMManager.findOrCreateRemoteInternal(RJVMManager.java:259)
	at weblogic.rjvm.RJVMManager.findOrCreate(RJVMManager.java:202)
	at weblogic.rjvm.RJVMFinder.findOrCreateRemoteServer(RJVMFinder.java:226)
	at weblogic.rjvm.RJVMFinder.findOrCreate(RJVMFinder.java:189)
	... 30 more
</error>
  </testcase>
  <testcase classname="test.com.inovis.mss.mailbag.TestMailbagManager" name="test4SendOutboundMailbag" time="2.698">
    <error message="[LIBP-00001] Unable to connect to naming service" type="com.inovis.b2b.lib.service.ServiceUnavailableException">class com.inovis.b2b.lib.service.ServiceUnavailableException: [LIBP-00001] Unable to connect to naming service
	at com.inovis.b2b.lib.service.ServiceLocator.getInitialContext(ServiceLocator.java:214)
	at com.inovis.b2b.lib.service.ServiceLocator.&lt;init&gt;(ServiceLocator.java:183)
	at com.inovis.b2b.lib.service.ServiceLocator.getInstance(ServiceLocator.java:167)
	at com.inovis.b2b.lib.service.ServiceLocator.getInstance(ServiceLocator.java:150)
	at com.inovis.mss.mailbag.defs.MailbagManagerImp.&lt;init&gt;(MailbagManagerImp.java:88)
	at com.inovis.mss.mailbag.MailbagManager.getManager(MailbagManager.java:47)
	at test.com.inovis.mss.mailbag.TestMailbagManager.setUp(TestMailbagManager.java:131)
Caused by: javax.naming.CommunicationException [Root exception is java.net.ConnectException: t3://localhost:7001: Destination unreachable; nested exception is: 
	java.net.ConnectException: Connection refused: connect; No available router to destination]
	at weblogic.jndi.internal.ExceptionTranslator.toNamingException(ExceptionTranslator.java:49)
	at weblogic.jndi.WLInitialContextFactoryDelegate.toNamingException(WLInitialContextFactoryDelegate.java:765)
	at weblogic.jndi.WLInitialContextFactoryDelegate.getInitialContext(WLInitialContextFactoryDelegate.java:364)
	at weblogic.jndi.Environment.getContext(Environment.java:307)
	at weblogic.jndi.Environment.getContext(Environment.java:277)
	at weblogic.jndi.WLInitialContextFactory.getInitialContext(WLInitialContextFactory.java:117)
	at javax.naming.spi.NamingManager.getInitialContext(NamingManager.java:667)
	at javax.naming.InitialContext.getDefaultInitCtx(InitialContext.java:247)
	at javax.naming.InitialContext.init(InitialContext.java:223)
	at javax.naming.InitialContext.&lt;init&gt;(InitialContext.java:175)
	at com.inovis.b2b.lib.service.ServiceLocator.getInitialContext(ServiceLocator.java:206)
	... 20 more
Caused by: java.net.ConnectException: t3://localhost:7001: Destination unreachable; nested exception is: 
	java.net.ConnectException: Connection refused: connect; No available router to destination
	at weblogic.rjvm.RJVMFinder.findOrCreate(RJVMFinder.java:204)
	at weblogic.rjvm.ServerURL.findOrCreateRJVM(ServerURL.java:154)
	at weblogic.jndi.WLInitialContextFactoryDelegate.getInitialContext(WLInitialContextFactoryDelegate.java:349)
	... 28 more
Caused by: java.rmi.ConnectException: Destination unreachable; nested exception is: 
	java.net.ConnectException: Connection refused: connect; No available router to destination
	at weblogic.rjvm.ConnectionManager.bootstrap(ConnectionManager.java:472)
	at weblogic.rjvm.ConnectionManager.bootstrap(ConnectionManager.java:323)
	at weblogic.rjvm.RJVMManager.findOrCreateRemoteInternal(RJVMManager.java:259)
	at weblogic.rjvm.RJVMManager.findOrCreate(RJVMManager.java:202)
	at weblogic.rjvm.RJVMFinder.findOrCreateRemoteServer(RJVMFinder.java:226)
	at weblogic.rjvm.RJVMFinder.findOrCreate(RJVMFinder.java:189)
	... 30 more
</error>
  </testcase>
  <testcase classname="test.com.inovis.mss.mailbag.TestMailbagManager" name="testResendMailbags" time="2.791">
    <error message="[LIBP-00001] Unable to connect to naming service" type="com.inovis.b2b.lib.service.ServiceUnavailableException">class com.inovis.b2b.lib.service.ServiceUnavailableException: [LIBP-00001] Unable to connect to naming service
	at com.inovis.b2b.lib.service.ServiceLocator.getInitialContext(ServiceLocator.java:214)
	at com.inovis.b2b.lib.service.ServiceLocator.&lt;init&gt;(ServiceLocator.java:183)
	at com.inovis.b2b.lib.service.ServiceLocator.getInstance(ServiceLocator.java:167)
	at com.inovis.b2b.lib.service.ServiceLocator.getInstance(ServiceLocator.java:150)
	at com.inovis.mss.mailbag.defs.MailbagManagerImp.&lt;init&gt;(MailbagManagerImp.java:88)
	at com.inovis.mss.mailbag.MailbagManager.getManager(MailbagManager.java:47)
	at test.com.inovis.mss.mailbag.TestMailbagManager.setUp(TestMailbagManager.java:131)
Caused by: javax.naming.CommunicationException [Root exception is java.net.ConnectException: t3://localhost:7001: Destination unreachable; nested exception is: 
	java.net.ConnectException: Connection refused: connect; No available router to destination]
	at weblogic.jndi.internal.ExceptionTranslator.toNamingException(ExceptionTranslator.java:49)
	at weblogic.jndi.WLInitialContextFactoryDelegate.toNamingException(WLInitialContextFactoryDelegate.java:765)
	at weblogic.jndi.WLInitialContextFactoryDelegate.getInitialContext(WLInitialContextFactoryDelegate.java:364)
	at weblogic.jndi.Environment.getContext(Environment.java:307)
	at weblogic.jndi.Environment.getContext(Environment.java:277)
	at weblogic.jndi.WLInitialContextFactory.getInitialContext(WLInitialContextFactory.java:117)
	at javax.naming.spi.NamingManager.getInitialContext(NamingManager.java:667)
	at javax.naming.InitialContext.getDefaultInitCtx(InitialContext.java:247)
	at javax.naming.InitialContext.init(InitialContext.java:223)
	at javax.naming.InitialContext.&lt;init&gt;(InitialContext.java:175)
	at com.inovis.b2b.lib.service.ServiceLocator.getInitialContext(ServiceLocator.java:206)
	... 20 more
Caused by: java.net.ConnectException: t3://localhost:7001: Destination unreachable; nested exception is: 
	java.net.ConnectException: Connection refused: connect; No available router to destination
	at weblogic.rjvm.RJVMFinder.findOrCreate(RJVMFinder.java:204)
	at weblogic.rjvm.ServerURL.findOrCreateRJVM(ServerURL.java:154)
	at weblogic.jndi.WLInitialContextFactoryDelegate.getInitialContext(WLInitialContextFactoryDelegate.java:349)
	... 28 more
Caused by: java.rmi.ConnectException: Destination unreachable; nested exception is: 
	java.net.ConnectException: Connection refused: connect; No available router to destination
	at weblogic.rjvm.ConnectionManager.bootstrap(ConnectionManager.java:472)
	at weblogic.rjvm.ConnectionManager.bootstrap(ConnectionManager.java:323)
	at weblogic.rjvm.RJVMManager.findOrCreateRemoteInternal(RJVMManager.java:259)
	at weblogic.rjvm.RJVMManager.findOrCreate(RJVMManager.java:202)
	at weblogic.rjvm.RJVMFinder.findOrCreateRemoteServer(RJVMFinder.java:226)
	at weblogic.rjvm.RJVMFinder.findOrCreate(RJVMFinder.java:189)
	... 30 more
</error>
  </testcase>
  <testcase classname="test.com.inovis.mss.mailbag.TestMailbagQueryFilter" name="testDummyMailbagQueryFilter" time="0.0"></testcase>
  <testcase classname="test.com.inovis.mss.mailbag.TestMailbagQueryFilter" name="testMailbagID" time="0.047"></testcase>
  <testcase classname="test.com.inovis.mss.mailbag.TestMailbagQueryFilter" name="testClear" time="0.0"></testcase>
  <testcase classname="test.com.inovis.mss.gateways.lib.TestExternalMessageID" name="testExternalMessageID" time="0.0"></testcase>
  <testcase classname="test.com.inovis.mss.gateways.lib.TestExternalMessageID" name="testExternalMessageID2" time="0.0"></testcase>
  <testcase classname="test.com.inovis.mss.gateway.TestFileConfiguration" name="testNewFileConfiguration" time="2.885">
    <failure message="[FILE-00011] Failed to locate the File Configuration Session Bean. Check the deployments" type="junit.framework.AssertionFailedError">junit.framework.AssertionFailedError: [FILE-00011] Failed to locate the File Configuration Session Bean. Check the deployments
	at test.com.inovis.mss.gateway.TestFileConfiguration.deleteFileConfigurations(TestFileConfiguration.java:307)
	at test.com.inovis.mss.gateway.TestFileConfiguration.setUp(TestFileConfiguration.java:84)
	at junit.extensions.TestDecorator.basicRun(TestDecorator.java:24)
	at junit.extensions.TestSetup$1.protect(TestSetup.java:23)
	at junit.extensions.TestSetup.run(TestSetup.java:27)
</failure>
  </testcase>
  <testcase classname="test.com.inovis.mss.gateway.TestFileConfiguration" name="testUpdateFileConfigurations" time="1.965">
    <failure message="[FILE-00011] Failed to locate the File Configuration Session Bean. Check the deployments" type="junit.framework.AssertionFailedError">junit.framework.AssertionFailedError: [FILE-00011] Failed to locate the File Configuration Session Bean. Check the deployments
	at test.com.inovis.mss.gateway.TestFileConfiguration.deleteFileConfigurations(TestFileConfiguration.java:307)
	at test.com.inovis.mss.gateway.TestFileConfiguration.setUp(TestFileConfiguration.java:84)
	at junit.extensions.TestDecorator.basicRun(TestDecorator.java:24)
	at junit.extensions.TestSetup$1.protect(TestSetup.java:23)
	at junit.extensions.TestSetup.run(TestSetup.java:27)
</failure>
  </testcase>
  <testcase classname="test.com.inovis.mss.gateway.TestFileConfiguration" name="testGetFileConfigurations" time="3.275">
    <failure message="[FILE-00011] Failed to locate the File Configuration Session Bean. Check the deployments" type="junit.framework.AssertionFailedError">junit.framework.AssertionFailedError: [FILE-00011] Failed to locate the File Configuration Session Bean. Check the deployments
	at test.com.inovis.mss.gateway.TestFileConfiguration.deleteFileConfigurations(TestFileConfiguration.java:307)
	at test.com.inovis.mss.gateway.TestFileConfiguration.setUp(TestFileConfiguration.java:84)
	at junit.extensions.TestDecorator.basicRun(TestDecorator.java:24)
	at junit.extensions.TestSetup$1.protect(TestSetup.java:23)
	at junit.extensions.TestSetup.run(TestSetup.java:27)
</failure>
  </testcase>
  <testcase classname="test.com.inovis.mss.gateway.TestFileConfiguration" name="testInvalidFileConfiguration" time="3.29"></testcase>
  <testcase classname="test.com.inovis.mss.ftppushexpress.TestFTPPushExpress" name="testFTPPushManager" time="0.171">
    <error type="java.lang.NoClassDefFoundError">java.lang.NoClassDefFoundError
	at com.inovis.b2b.lib.util.ConfigurationResources.&lt;init&gt;(ConfigurationResources.java:34)
	at com.inovis.mss.resource.user.UserConfig.&lt;init&gt;(UserConfig.java:47)
	at com.inovis.mss.resource.user.UserConfig.get(UserConfig.java:59)
	at com.inovis.mss.resource.user.UserConfig.getInt(UserConfig.java:115)
	at com.inovis.mss.user.LoginID.&lt;init&gt;(LoginID.java:45)
	at test.com.inovis.mss.ftppushexpress.TestFTPPushExpress.setUp(TestFTPPushExpress.java:56)
</error>
  </testcase>
  <testcase classname="test.com.inovis.mss.alerts.TestAlertManager" name="testGetAndModifyAlert" time="3.696"></testcase>
  <testcase classname="test.com.inovis.mss.alerts.TestAlertManager" name="testGetAndModifyAlertVeryLong" time="0.468"></testcase>
  <testcase classname="test.com.inovis.mss.alerts.TestAlertManager" name="testGetAlerts" time="0.577">
    <failure message="The list alertQueryResult.getPage returned no elements" type="junit.framework.AssertionFailedError">junit.framework.AssertionFailedError: The list alertQueryResult.getPage returned no elements
	at test.com.inovis.mss.alerts.TestAlertManager.testGetAlerts(TestAlertManager.java:201)
</failure>
  </testcase>
  <testcase classname="test.com.inovis.b2b.rules.audit.TestRuleInstanceAuditHelper" name="testRuleInstanctAuditHelper" time="0.0">
    <error message="Missing Cactus property [cactus.contextURL]" type="org.apache.cactus.util.ChainedRuntimeException">org.apache.cactus.util.ChainedRuntimeException: Missing Cactus property [cactus.contextURL]
	at org.apache.cactus.internal.configuration.BaseConfiguration.getContextURL(BaseConfiguration.java:59)
	at org.apache.cactus.internal.configuration.AbstractWebConfiguration.getRedirectorURL_aroundBody0(AbstractWebConfiguration.java:46)
	at org.apache.cactus.internal.configuration.AbstractWebConfiguration.getRedirectorURL_aroundBody1$advice(AbstractWebConfiguration.java:306)
	at org.apache.cactus.internal.configuration.AbstractWebConfiguration.getRedirectorURL(AbstractWebConfiguration.java)
	at org.apache.cactus.internal.client.connector.http.DefaultHttpClient.callRunTest(DefaultHttpClient.java:159)
	at org.apache.cactus.internal.client.connector.http.DefaultHttpClient.doTest_aroundBody0(DefaultHttpClient.java:80)
	at org.apache.cactus.internal.client.connector.http.DefaultHttpClient.doTest_aroundBody1$advice(DefaultHttpClient.java:306)
	at org.apache.cactus.internal.client.connector.http.DefaultHttpClient.doTest(DefaultHttpClient.java)
	at org.apache.cactus.internal.client.connector.http.HttpProtocolHandler.runWebTest(HttpProtocolHandler.java:159)
	at org.apache.cactus.internal.client.connector.http.HttpProtocolHandler.runTest_aroundBody0(HttpProtocolHandler.java:80)
	at org.apache.cactus.internal.client.connector.http.HttpProtocolHandler.runTest_aroundBody1$advice(HttpProtocolHandler.java:306)
	at org.apache.cactus.internal.client.connector.http.HttpProtocolHandler.runTest(HttpProtocolHandler.java)
	at org.apache.cactus.internal.client.ClientTestCaseCaller.runTest(ClientTestCaseCaller.java:144)
	at org.apache.cactus.internal.AbstractCactusTestCase.runBareClient(AbstractCactusTestCase.java:215)
	at org.apache.cactus.internal.AbstractCactusTestCase.runBare(AbstractCactusTestCase.java:133)
</error>
  </testcase>
  <testcase classname="test.com.inovis.b2b.network.TestNetwork" name="testCreateNetwork" time="2.246"></testcase>
  <testcase classname="test.com.inovis.b2b.network.TestNetworkType" name="testNetworkType" time="0.0"></testcase>
  <testcase classname="test.com.inovis.b2b.lib.uuid.TestUUIDGenerator" name="testTimeBasedUUID" time="0.0"></testcase>
  <testcase classname="test.com.inovis.b2b.lib.uuid.TestUUIDGenerator" name="testNameSpaceUUID" time="0.0"></testcase>
  <testcase classname="test.com.inovis.b2b.lib.uuid.TestUUIDGenerator" name="testRandomUUID" time="0.0"></testcase>
  <testcase classname="test.com.inovis.b2b.lib.uuid.TestUUIDGenerator" name="testNegativeUUID" time="0.0"></testcase>
  <testcase classname="test.com.inovis.b2b.lib.uuid.TestUUIDGenerator" name="testComponentConstructor" time="0.0"></testcase>
  <testcase classname="test.com.inovis.b2b.lib.uuid.TestUUIDGenerator" name="testStringConstructor" time="0.0"></testcase>
  <testcase classname="test.com.inovis.b2b.lib.uuid.TestUUIDGenerator" name="testGetUUID" time="0.0"></testcase>
  <testcase classname="test.com.inovis.b2b.lib.uuid.TestUUIDGenerator" name="testPerformance" time="0.187"></testcase>
  <testcase classname="test.com.inovis.b2b.lib.uuid.TestUUIDGenerator" name="testDuplicates" time="0.0"></testcase>
  <testcase classname="test.com.inovis.b2b.lib.uuid.TestUUIDGenerator" name="testEmptyFile" time="0.031"></testcase>
  <testcase classname="test.com.inovis.b2b.lib.uuid.TestUUIDGenerator" name="testLoad" time="0.0"></testcase>
  <testcase classname="test.com.inovis.b2b.lib.uuid.TestUUIDGenerator" name="testUpdate" time="0.031"></testcase>
  <testcase classname="test.com.inovis.b2b.lib.uuid.TestUUIDGenerator" name="testTimeChange" time="0.0"></testcase>
  <testcase classname="test.com.inovis.b2b.lib.connection.TestFTPConnectionInfo" name="testFtpConnectionInfo" time="0.0"></testcase>
  <testcase classname="test.com.inovis.b2b.channel.TestChannel" name="testChannelTemplate" time="0.375"></testcase>
  <testcase classname="test.com.inovis.b2b.channel.TestChannel" name="testChannelTemplateConfiguration" time="0.109"></testcase>
  <testcase classname="test.com.inovis.b2b.channel.TestChannel" name="testPartnerChannelProfile" time="0.561"></testcase>
  <testcase classname="test.com.inovis.b2b.business.TestBusiness" name="testOrganizationIDEquality" time="0.967"></testcase>
  <testcase classname="test.com.inovis.b2b.business.TestBusiness" name="testNewBusinessNoContactNoOrg" time="0.265"></testcase>
  <testcase classname="test.com.inovis.b2b.business.TestBusiness" name="testDeleteBusinessIDsFromDuplicateTrader" time="0.64"></testcase>
  <testcase classname="test.com.inovis.b2b.business.TestBusiness" name="testNewBusinessNoOrg" time="0.405"></testcase>
  <testcase classname="test.com.inovis.b2b.business.TestBusiness" name="testNewBusiness" time="0.39"></testcase>
  <testcase classname="test.com.inovis.b2b.business.TestBusiness" name="testUpdateBusiness" time="0.717"></testcase>
  <testcase classname="test.com.inovis.b2b.business.TestBusiness" name="testUpdateContact" time="0.53"></testcase>
  <testcase classname="test.com.inovis.b2b.business.TestBusiness" name="testBusinessQueryFilter" time="0.577"></testcase>
  <testcase classname="test.com.inovis.b2b.business.TestBusiness" name="testDeleteOrgs" time="0.39"></testcase>
  <testcase classname="test.com.inovis.b2b.business.TestBusiness" name="testDefaultOrg" time="0.375"></testcase>
  <testcase classname="test.com.inovis.b2b.business.TestBusiness" name="testNewPartner" time="0.296">
    <failure message="Failed creation of Business[BIZZ-00202] Unable to find an Organization with given ID 222/." type="junit.framework.AssertionFailedError">junit.framework.AssertionFailedError: Failed creation of Business[BIZZ-00202] Unable to find an Organization with given ID 222/.
	at test.com.inovis.b2b.business.TestBusiness.testNewPartner(TestBusiness.java:1062)
	at junit.extensions.TestDecorator.basicRun(TestDecorator.java:24)
	at junit.extensions.TestSetup$1.protect(TestSetup.java:23)
	at junit.extensions.TestSetup.run(TestSetup.java:27)
</failure>
  </testcase>
  <testcase classname="test.com.inovis.b2b.business.TestBusiness" name="testPartnerQueryFilter" time="0.515"></testcase>
  <testcase classname="test.com.inovis.b2b.lib.util.TestBlockStripUtility" name="testStripNewLineFail" time="0.093"></testcase>
  <testcase classname="test.com.inovis.b2b.lib.util.TestBlockStripUtility" name="testStripNewLine" time="0.0"></testcase>
  <testcase classname="test.com.inovis.b2b.lib.util.TestBlockStripUtility" name="testStripNewLine2" time="0.0"></testcase>
  <testcase classname="test.com.inovis.mss.user.passresetkey.TestPasswordResetKeyManager" name="testPasswordResetKeyManager" time="0.016">
    <error type="java.lang.NoClassDefFoundError">java.lang.NoClassDefFoundError
	at com.inovis.b2b.lib.util.ConfigurationResources.&lt;init&gt;(ConfigurationResources.java:34)
	at com.inovis.mss.resource.user.UserConfig.&lt;init&gt;(UserConfig.java:47)
	at com.inovis.mss.resource.user.UserConfig.get(UserConfig.java:59)
	at com.inovis.mss.resource.user.UserConfig.getInt(UserConfig.java:115)
	at com.inovis.mss.user.LoginID.&lt;init&gt;(LoginID.java:45)
	at test.com.inovis.mss.user.passresetkey.TestPasswordResetKeyManager.setUp(TestPasswordResetKeyManager.java:72)
</error>
  </testcase>
  <testcase classname="test.com.inovis.mss.user.passresetkey.TestPasswordResetKeyManager" name="testGetAndModifyPasswordResetKey" time="0.0">
    <error type="java.lang.NoClassDefFoundError">java.lang.NoClassDefFoundError
	at com.inovis.b2b.lib.util.ConfigurationResources.&lt;init&gt;(ConfigurationResources.java:34)
	at com.inovis.mss.resource.user.UserConfig.&lt;init&gt;(UserConfig.java:47)
	at com.inovis.mss.resource.user.UserConfig.get(UserConfig.java:59)
	at com.inovis.mss.resource.user.UserConfig.getInt(UserConfig.java:115)
	at com.inovis.mss.user.LoginID.&lt;init&gt;(LoginID.java:45)
	at test.com.inovis.mss.user.passresetkey.TestPasswordResetKeyManager.setUp(TestPasswordResetKeyManager.java:72)
</error>
  </testcase>
  <testcase classname="test.com.inovis.mss.user.passresetkey.TestPasswordResetKeyManager" name="testDeletePasswordResetKeys" time="0.0">
    <error type="java.lang.NoClassDefFoundError">java.lang.NoClassDefFoundError
	at com.inovis.b2b.lib.util.ConfigurationResources.&lt;init&gt;(ConfigurationResources.java:34)
	at com.inovis.mss.resource.user.UserConfig.&lt;init&gt;(UserConfig.java:47)
	at com.inovis.mss.resource.user.UserConfig.get(UserConfig.java:59)
	at com.inovis.mss.resource.user.UserConfig.getInt(UserConfig.java:115)
	at com.inovis.mss.user.LoginID.&lt;init&gt;(LoginID.java:45)
	at test.com.inovis.mss.user.passresetkey.TestPasswordResetKeyManager.setUp(TestPasswordResetKeyManager.java:72)
</error>
  </testcase>
  <testcase classname="test.com.inovis.mss.uihelper.TestUiHelper" name="testGetBusinessInfo" time="0.561">
    <error type="java.lang.NoClassDefFoundError">java.lang.NoClassDefFoundError
	at com.inovis.b2b.lib.util.ConfigurationResources.&lt;init&gt;(ConfigurationResources.java:34)
	at com.inovis.mss.resource.user.UserConfig.&lt;init&gt;(UserConfig.java:47)
	at com.inovis.mss.resource.user.UserConfig.get(UserConfig.java:59)
	at com.inovis.mss.resource.user.UserConfig.getInt(UserConfig.java:115)
	at com.inovis.mss.user.LoginID.&lt;init&gt;(LoginID.java:45)
	at test.com.inovis.mss.uihelper.TestUiHelper.testGetBusinessInfo(TestUiHelper.java:202)
</error>
  </testcase>
  <testcase classname="test.com.inovis.mss.uihelper.TestUiHelper" name="testRunReport" time="0.359">
    <error message="[DOCU-00126] Error running document report {0}" type="com.inovis.b2b.lib.exception.OperationFailedException">class com.inovis.b2b.lib.exception.OperationFailedException: [DOCU-00126] Error running document report {0}
	at weblogic.rjvm.ResponseImpl.unmarshalReturn(ResponseImpl.java:195)
	at weblogic.rmi.cluster.ClusterableRemoteRef.invoke(ClusterableRemoteRef.java:338)
	at weblogic.rmi.cluster.ClusterableRemoteRef.invoke(ClusterableRemoteRef.java:252)
	at com.inovis.mss.uihelper.facade.UiHelperFacade_rzfggx_EOImpl_920_WLStub.runReport(Unknown Source)
	at com.inovis.mss.uihelper.defs.UiHelperImp.runReport(UiHelperImp.java:256)
	at test.com.inovis.mss.uihelper.TestUiHelper.testRunReport(TestUiHelper.java:256)
</error>
  </testcase>
  <testcase classname="test.com.inovis.mss.uihelper.TestUiHelper" name="testLoginSession" time="1.871">
    <failure message="Retrieved customer was not equal to saved customer" type="junit.framework.AssertionFailedError">junit.framework.AssertionFailedError: Retrieved customer was not equal to saved customer
	at test.com.inovis.mss.uihelper.TestUiHelper.createNewCustomer(TestUiHelper.java:351)
	at test.com.inovis.mss.uihelper.TestUiHelper.testLoginSession(TestUiHelper.java:267)
</failure>
  </testcase>
  <system-out><![CDATA[[UserSession: 1234; BusinessID: 419000034; OrganizationID: TESTER/ZZ; Start Time: 2008-01-31 08:33:23.968; Status: CLOSED; Status Update Time: 2008-01-31 08:33:24.968]
[UserSession: 1234; BusinessID: 419000034; OrganizationID: null; Start Time: 2008-01-31 08:33:23.968; Status: OPEN; Status Update Time: 2008-01-31 08:33:24.968]
testEncrypt
testNullText
[LIBP-00001] Unable to connect to naming service
[LIBP-00001] Unable to connect to naming service
[RULE-00201] Input rule set is null
[RULE-00202] Input data tuple is null
[RULE-00201] Input rule set is null
[RULE-00202] Input data tuple is null
RuleInstanceID=456;;Description=A routing rule;;InitiatingAccount=41900129;;InitiatingAliasID=QA001;;InitiatingAliasQual=ZZ;;ReceivingNetworkID=GEIS;;TradingPartners=419000470,419000471,RMKR001/01,RMKR002/02,;;ExcludeTradingPartners=true;;MessageTypes=PO,IN,;;ExcludeMessageTypes=false;;Direction=2;;XPathExpression=XPATH;;FilenamePattern=fileName;;Status=true
RuleInstanceID=456;;Description=A routing rule;;InitiatingAccount=41900129;;ReceivingNetworkID=GEIS;;ExcludeTradingPartners=true;;ExcludeMessageTypes=false;;Direction=2;;XPathExpression=XPATH;;Status=true
[LIBP-00001] Unable to connect to naming service
[LIBP-00001] Unable to connect to naming service
[LIBP-00001] Unable to connect to naming service
[LIBP-00001] Unable to connect to naming service
[LIBP-00001] Unable to connect to naming service
[LIBP-00001] Unable to connect to naming service
[LIBP-00001] Unable to connect to naming service
[LIBP-00001] Unable to connect to naming service
[RTER-00671] Configuration for ChangeData rule invalid
Validation String=ElementSeparatorIF=13,10;;ElementSeparatorNEW=126;;
Search and Replace String=search1=97,98,99;;replace1=100,101,102;;ElementSeparatorIF=13,10;;ElementSeparatorNEW=126;;
Search and Replace Error=[RTER-00673] Configuration for ChangeData rule invalid.  Valid values are decimal ascii numbers between 0 and 255.
Valid Search and Replace String=search1=10,13;;replace1=126;;
RuleInstanceID=456;;Description=A routing rule;;Sender=10001;;FileName=*;;Status=true
AuditStr 2=RuleInstanceID=456;;Description=A routing rule;;Sender=10001;;FileName=*;;Status=true
DocumentStatus.getStatus(-1): Document Status cannot be recreated from invalid ID -1
DocumentStatus.getStatus(++size): Document Status cannot be recreated from invalid ID 29
ReconReqOpt.getRequestOption(-1): null
ReconReqOpt.getRequestOption(3): null
[LIBP-00001] Unable to connect to naming service
[LIBP-00001] Unable to connect to naming service
[LIBP-00001] Unable to connect to naming service
[LIBP-00001] Unable to connect to naming service
[LIBP-00001] Unable to connect to naming service
[LIBP-00001] Unable to connect to naming service
[LIBP-00001] Unable to connect to naming service
[LIBP-00001] Unable to connect to naming service
[LIBP-00001] Unable to connect to naming service
[LIBP-00001] Unable to connect to naming service
[LIBP-00001] Unable to connect to naming service
[LIBP-00001] Unable to connect to naming service
[LIBP-00001] Unable to connect to naming service
[LIBP-00001] Unable to connect to naming service
[LIBP-00001] Unable to connect to naming service
TestFileSystemHelper: The new file name is - C:\raid\rainmaker\teststore\20080131\08\42\54bf7de0-d002-11dc-19c8-c94db3932df5.ISO-8859-1
The full path: \raid\rainmaker\filestore\20080131\08\42\54bf7de1-d002-11dc-19c8-c94db3932df5.XXXYYYZZZ_1
[Broker: 419000040; Client: 419000033; Action: SRD]
[LIBP-00001] Unable to connect to naming service
[LIBP-00001] Unable to connect to naming service
[LIBP-00001] Unable to connect to naming service
[LIBP-00001] Unable to connect to naming service
[LIBP-00001] Unable to connect to naming service
[LIBP-00001] Unable to connect to naming service
[LIBP-00001] Unable to connect to naming service
[LIBP-00001] Unable to connect to naming service
[LIBP-00001] Unable to connect to naming service
[LIBP-00001] Unable to connect to naming service
[LIBP-00001] Unable to connect to naming service
[LIBP-00001] Unable to connect to naming service
[LIBP-00001] Unable to connect to naming service
[LIBP-00001] Unable to connect to naming service
[LIBP-00001] Unable to connect to naming service
[LIBP-00001] Unable to connect to naming service
[LIBP-00001] Unable to connect to naming service
[LIBP-00001] Unable to connect to naming service
name ERP Information
id 2
moduleValue O
name Product Contact
id 1
moduleValue Y
name Billing Contact
id 0
moduleValue O
strModule 1=O;0=O;
[CUST-00102] Failed to locate the Customer Session Bean. Check the deployments
[BIZZ-00113] Failed to lookup the Business Session Bean.
[CUST-00102] Failed to locate the Customer Session Bean. Check the deployments
[BIZZ-00113] Failed to lookup the Business Session Bean.
[CUST-00102] Failed to locate the Customer Session Bean. Check the deployments
[BIZZ-00113] Failed to lookup the Business Session Bean.
GetID: TEST1001;TEST2002;TEST3003;TEST4004;TEST5004
GetID: TEST1001
GetID: TEST1001;TEST2002
GetID: TEST1001;null;TEST1002;null
[FILE-00011] Failed to locate the File Configuration Session Bean. Check the deployments
[FILE-00011] Failed to locate the File Configuration Session Bean. Check the deployments
[FILE-00011] Failed to locate the File Configuration Session Bean. Check the deployments
Deleting Network ID = INOVIS1
Deleting Network ID = INOVIS1
Deleting Network ID = IBM1
Deleting Network ID = STERLING1
Generated 50000 UUIDs in 109 milliseconds
Generated 50000 UUIDs in 62 milliseconds (with state update)
Time change detected.
Retrieved channel template = com.inovis.b2b.channel.defs.ChannelTemplateImp@cb2437bc
ID = 1234567
Name = Template name
Desc = Test description
Partner Cfg URL = http://someurl
Retrieved channel template = com.inovis.b2b.channel.defs.ChannelTemplateImp@a8da7e09
ID = 246810
Name = Template name 2
Desc = Test description
Partner Cfg URL = http://someurl
Channel Template Cfg URL = http://templateConfigURL
Channel Template Cfg = Test Channel Configuration
Retrieved channel profile = com.inovis.b2b.channel.defs.PartnerChannelProfileImp@d3158bd3
Name = Profile Name
Desc = Test description
Public Channel settings= Public Channel Settings
Retrieved channel profile = com.inovis.b2b.channel.defs.PartnerChannelProfileImp@d3158bd3
Name = Profile Name
Desc = Test description
Public Channel settings= Public Channel Settings
Num Profiles = 2
Name = Profile Name
Desc = Test description
Public Channel settings= Public Channel Settings
Name = Profile Name
Desc = Test description
Public Channel settings= Public Channel Settings
They are equal!
Num orgs = 2
id = [OrgID: 111, Qualifier: ORGIDQUALIFIER1, GeneratedID: 4206]
Found org1
Found org2
id = [OrgID: 222, Qualifier: ORGIDQUALIFIER2, GeneratedID: 4207]
testDeleteBusinessIDsFromDuplicateTrader
createBusinessIDAndDuplicateTraders
created duplicatetrader
Businesses size = 1
Orgs size = 2
org2 default org = ? true
Query 1, found 1 records. In 406 milliseconds.
Query 2, found 1 records. In 31 milliseconds.
ID = [CustomerID: 3333]
Retrieved Customer's payment info : CardNumber=1234567890123;;CardType=MasterCard;;HolderName=holder Name;;ExpiryYear=2009;;ExpiryMonth=10;;
]]></system-out>
  <system-err><![CDATA[Jan 31, 2008 8:25:35 AM com.inovis.b2b.lib.exception.OperationFailedException <init>
SEVERE: [LIBP-00001] Unable to connect to naming service
Caused By:null
Caused By:t3://localhost:7001: Destination unreachable; nested exception is: 
	java.net.ConnectException: Connection refused: connect; No available router to destination
Caused By:Destination unreachable; nested exception is: 
	java.net.ConnectException: Connection refused: connect; No available router to destination

Jan 31, 2008 8:25:35 AM com.inovis.b2b.lib.exception.OperationFailedException <init>
SEVERE: [SYSC-00102] Failed to locate the SysConfig Session Bean. Check the deployments
Caused By:[LIBP-00001] Unable to connect to naming service
Caused By:null
Caused By:t3://localhost:7001: Destination unreachable; nested exception is: 
	java.net.ConnectException: Connection refused: connect; No available router to destination
Caused By:Destination unreachable; nested exception is: 
	java.net.ConnectException: Connection refused: connect; No available router to destination

class com.inovis.b2b.lib.exception.OperationFailedException: [SYSC-00102] Failed to locate the SysConfig Session Bean. Check the deployments
	at com.inovis.mss.sysconfig.defs.SysConfigManagerImp.<init>(SysConfigManagerImp.java:168)
	at com.inovis.mss.sysconfig.SysConfigManager.getManager(SysConfigManager.java:41)
	at com.inovis.b2b.lib.util.SysProperty.getData(SysProperty.java:99)
	at com.inovis.b2b.lib.util.SysProperty.init(SysProperty.java:70)
	at com.inovis.b2b.lib.util.SysProperty.<init>(SysProperty.java:46)
	at com.inovis.b2b.lib.util.SysProperty.<clinit>(SysProperty.java:39)
	at com.inovis.b2b.lib.util.ConfigurationResources.<init>(ConfigurationResources.java:34)
	at com.inovis.mss.resource.user.UserConfig.<init>(UserConfig.java:47)
	at com.inovis.mss.resource.user.UserConfig.get(UserConfig.java:59)
	at com.inovis.mss.resource.user.UserConfig.getInt(UserConfig.java:115)
	at com.inovis.mss.user.LoginID.<init>(LoginID.java:45)
	at test.com.inovis.mss.businessuser.TestBusinessUserManager.<init>(TestBusinessUserManager.java:56)
	at sun.reflect.NativeConstructorAccessorImpl.newInstance0(Native Method)
	at sun.reflect.NativeConstructorAccessorImpl.newInstance(NativeConstructorAccessorImpl.java:39)
	at sun.reflect.DelegatingConstructorAccessorImpl.newInstance(DelegatingConstructorAccessorImpl.java:27)
	at java.lang.reflect.Constructor.newInstance(Constructor.java:494)
	at junit.framework.TestSuite.createTest(TestSuite.java:65)
	at junit.framework.TestSuite.addTestMethod(TestSuite.java:283)
	at junit.framework.TestSuite.<init>(TestSuite.java:146)
	at test.com.inovis.mss.businessuser.TestBusinessUserManager.suite(TestBusinessUserManager.java:84)
	at test.com.inovis.mss.businessuser.TestBusinessUserSuite.suite(TestBusinessUserSuite.java:32)
	at test.com.inovis.AllTests.suite(AllTests.java:150)
	at sun.reflect.NativeMethodAccessorImpl.invoke0(Native Method)
	at sun.reflect.NativeMethodAccessorImpl.invoke(NativeMethodAccessorImpl.java:39)
	at sun.reflect.DelegatingMethodAccessorImpl.invoke(DelegatingMethodAccessorImpl.java:25)
	at java.lang.reflect.Method.invoke(Method.java:585)
	at org.apache.tools.ant.taskdefs.optional.junit.JUnitTestRunner.run(JUnitTestRunner.java:272)
	at org.apache.tools.ant.taskdefs.optional.junit.JUnitTestRunner.launch(JUnitTestRunner.java:672)
	at org.apache.tools.ant.taskdefs.optional.junit.JUnitTestRunner.main(JUnitTestRunner.java:567)
Caused by: class com.inovis.b2b.lib.service.ServiceUnavailableException: [LIBP-00001] Unable to connect to naming service
	at com.inovis.b2b.lib.service.ServiceLocator.getInitialContext(ServiceLocator.java:214)
	at com.inovis.b2b.lib.service.ServiceLocator.<init>(ServiceLocator.java:183)
	at com.inovis.b2b.lib.service.ServiceLocator.getInstance(ServiceLocator.java:167)
	at com.inovis.b2b.lib.service.ServiceLocator.getInstance(ServiceLocator.java:150)
	at com.inovis.mss.sysconfig.defs.SysConfigManagerImp.<init>(SysConfigManagerImp.java:136)
	... 28 more
Caused by: javax.naming.CommunicationException [Root exception is java.net.ConnectException: t3://localhost:7001: Destination unreachable; nested exception is: 
	java.net.ConnectException: Connection refused: connect; No available router to destination]
	at weblogic.jndi.internal.ExceptionTranslator.toNamingException(ExceptionTranslator.java:49)
	at weblogic.jndi.WLInitialContextFactoryDelegate.toNamingException(WLInitialContextFactoryDelegate.java:765)
	at weblogic.jndi.WLInitialContextFactoryDelegate.getInitialContext(WLInitialContextFactoryDelegate.java:364)
	at weblogic.jndi.Environment.getContext(Environment.java:307)
	at weblogic.jndi.Environment.getContext(Environment.java:277)
	at weblogic.jndi.WLInitialContextFactory.getInitialContext(WLInitialContextFactory.java:117)
	at javax.naming.spi.NamingManager.getInitialContext(NamingManager.java:667)
	at javax.naming.InitialContext.getDefaultInitCtx(InitialContext.java:247)
	at javax.naming.InitialContext.init(InitialContext.java:223)
	at javax.naming.InitialContext.<init>(InitialContext.java:175)
	at com.inovis.b2b.lib.service.ServiceLocator.getInitialContext(ServiceLocator.java:206)
	... 32 more
Caused by: java.net.ConnectException: t3://localhost:7001: Destination unreachable; nested exception is: 
	java.net.ConnectException: Connection refused: connect; No available router to destination
	at weblogic.rjvm.RJVMFinder.findOrCreate(RJVMFinder.java:204)
	at weblogic.rjvm.ServerURL.findOrCreateRJVM(ServerURL.java:154)
	at weblogic.jndi.WLInitialContextFactoryDelegate.getInitialContext(WLInitialContextFactoryDelegate.java:349)
	... 40 more
Caused by: java.rmi.ConnectException: Destination unreachable; nested exception is: 
	java.net.ConnectException: Connection refused: connect; No available router to destination
	at weblogic.rjvm.ConnectionManager.bootstrap(ConnectionManager.java:472)
	at weblogic.rjvm.ConnectionManager.bootstrap(ConnectionManager.java:323)
	at weblogic.rjvm.RJVMManager.findOrCreateRemoteInternal(RJVMManager.java:259)
	at weblogic.rjvm.RJVMManager.findOrCreate(RJVMManager.java:202)
	at weblogic.rjvm.RJVMFinder.findOrCreateRemoteServer(RJVMFinder.java:226)
	at weblogic.rjvm.RJVMFinder.findOrCreate(RJVMFinder.java:189)
	... 42 more
Jan 31, 2008 8:25:40 AM com.inovis.b2b.lib.exception.OperationFailedException <init>
SEVERE: [LIBP-00001] Unable to connect to naming service
Caused By:null
Caused By:t3://localhost:7001: Destination unreachable; nested exception is: 
	java.net.ConnectException: Connection refused: connect; No available router to destination
Caused By:Destination unreachable; nested exception is: 
	java.net.ConnectException: Connection refused: connect; No available router to destination

Jan 31, 2008 8:25:40 AM com.inovis.b2b.lib.exception.OperationFailedException <init>
INFO: [ENTY-00499] DbEntityDAO : Error Obtaining DB Connection.
Caused By:[LIBP-00001] Unable to connect to naming service

Jan 31, 2008 8:25:42 AM com.inovis.b2b.lib.exception.OperationFailedException <init>
SEVERE: [LIBP-00001] Unable to connect to naming service
Caused By:null
Caused By:t3://localhost:7001: Destination unreachable; nested exception is: 
	java.net.ConnectException: Connection refused: connect; No available router to destination
Caused By:Destination unreachable; nested exception is: 
	java.net.ConnectException: Connection refused: connect; No available router to destination

Jan 31, 2008 8:25:42 AM com.inovis.b2b.lib.exception.OperationFailedException <init>
INFO: [ENTY-00499] DbEntityDAO : Error Obtaining DB Connection.
Caused By:[LIBP-00001] Unable to connect to naming service

Jan 31, 2008 8:25:44 AM com.inovis.b2b.lib.exception.OperationFailedException <init>
SEVERE: [LIBP-00001] Unable to connect to naming service
Caused By:null
Caused By:t3://localhost:7001: Destination unreachable; nested exception is: 
	java.net.ConnectException: Connection refused: connect; No available router to destination
Caused By:Destination unreachable; nested exception is: 
	java.net.ConnectException: Connection refused: connect; No available router to destination

Jan 31, 2008 8:25:44 AM com.inovis.b2b.lib.exception.OperationFailedException <init>
INFO: [ENTY-00499] DbEntityDAO : Error Obtaining DB Connection.
Caused By:[LIBP-00001] Unable to connect to naming service

Jan 31, 2008 8:25:46 AM com.inovis.b2b.lib.exception.OperationFailedException <init>
SEVERE: [LIBP-00001] Unable to connect to naming service
Caused By:null
Caused By:t3://localhost:7001: Destination unreachable; nested exception is: 
	java.net.ConnectException: Connection refused: connect; No available router to destination
Caused By:Destination unreachable; nested exception is: 
	java.net.ConnectException: Connection refused: connect; No available router to destination

Jan 31, 2008 8:25:46 AM com.inovis.b2b.lib.exception.OperationFailedException <init>
INFO: [ENTY-00499] DbEntityDAO : Error Obtaining DB Connection.
Caused By:[LIBP-00001] Unable to connect to naming service

Jan 31, 2008 8:25:49 AM com.inovis.b2b.lib.exception.OperationFailedException <init>
SEVERE: [LIBP-00001] Unable to connect to naming service
Caused By:null
Caused By:t3://localhost:7001: Destination unreachable; nested exception is: 
	java.net.ConnectException: Connection refused: connect; No available router to destination
Caused By:Destination unreachable; nested exception is: 
	java.net.ConnectException: Connection refused: connect; No available router to destination

Jan 31, 2008 8:25:49 AM com.inovis.b2b.lib.exception.OperationFailedException <init>
INFO: [ENTY-00499] DbEntityDAO : Error Obtaining DB Connection.
Caused By:[LIBP-00001] Unable to connect to naming service

Jan 31, 2008 8:25:51 AM com.inovis.b2b.lib.exception.OperationFailedException <init>
SEVERE: [LIBP-00001] Unable to connect to naming service
Caused By:null
Caused By:t3://localhost:7001: Destination unreachable; nested exception is: 
	java.net.ConnectException: Connection refused: connect; No available router to destination
Caused By:Destination unreachable; nested exception is: 
	java.net.ConnectException: Connection refused: connect; No available router to destination

Jan 31, 2008 8:25:51 AM com.inovis.b2b.lib.exception.OperationFailedException <init>
INFO: [ENTY-00499] DbEntityDAO : Error Obtaining DB Connection.
Caused By:[LIBP-00001] Unable to connect to naming service

Jan 31, 2008 8:25:54 AM com.inovis.b2b.lib.exception.OperationFailedException <init>
SEVERE: [LIBP-00001] Unable to connect to naming service
Caused By:null
Caused By:t3://localhost:7001: Destination unreachable; nested exception is: 
	java.net.ConnectException: Connection refused: connect; No available router to destination
Caused By:Destination unreachable; nested exception is: 
	java.net.ConnectException: Connection refused: connect; No available router to destination

Jan 31, 2008 8:25:56 AM com.inovis.b2b.lib.exception.OperationFailedException <init>
SEVERE: [LIBP-00001] Unable to connect to naming service
Caused By:null
Caused By:t3://localhost:7001: Destination unreachable; nested exception is: 
	java.net.ConnectException: Connection refused: connect; No available router to destination
Caused By:Destination unreachable; nested exception is: 
	java.net.ConnectException: Connection refused: connect; No available router to destination

Jan 31, 2008 8:25:59 AM com.inovis.b2b.lib.exception.OperationFailedException <init>
SEVERE: [LIBP-00001] Unable to connect to naming service
Caused By:null
Caused By:t3://localhost:7001: Destination unreachable; nested exception is: 
	java.net.ConnectException: Connection refused: connect; No available router to destination
Caused By:Destination unreachable; nested exception is: 
	java.net.ConnectException: Connection refused: connect; No available router to destination

Jan 31, 2008 8:25:59 AM com.inovis.b2b.lib.exception.OperationFailedException <init>
INFO: [ENTY-00499] DbEntityDAO : Error Obtaining DB Connection.
Caused By:[LIBP-00001] Unable to connect to naming service

Jan 31, 2008 8:26:01 AM com.inovis.b2b.lib.exception.OperationFailedException <init>
SEVERE: [LIBP-00001] Unable to connect to naming service
Caused By:null
Caused By:t3://localhost:7001: Destination unreachable; nested exception is: 
	java.net.ConnectException: Connection refused: connect; No available router to destination
Caused By:Destination unreachable; nested exception is: 
	java.net.ConnectException: Connection refused: connect; No available router to destination

Jan 31, 2008 8:26:01 AM com.inovis.b2b.lib.exception.OperationFailedException <init>
INFO: [ENTY-00499] DbEntityDAO : Error Obtaining DB Connection.
Caused By:[LIBP-00001] Unable to connect to naming service

Jan 31, 2008 8:26:04 AM com.inovis.b2b.lib.exception.OperationFailedException <init>
SEVERE: [LIBP-00001] Unable to connect to naming service
Caused By:null
Caused By:t3://localhost:7001: Destination unreachable; nested exception is: 
	java.net.ConnectException: Connection refused: connect; No available router to destination
Caused By:Destination unreachable; nested exception is: 
	java.net.ConnectException: Connection refused: connect; No available router to destination

Jan 31, 2008 8:26:06 AM com.inovis.b2b.lib.exception.OperationFailedException <init>
SEVERE: [LIBP-00001] Unable to connect to naming service
Caused By:null
Caused By:t3://localhost:7001: Destination unreachable; nested exception is: 
	java.net.ConnectException: Connection refused: connect; No available router to destination
Caused By:Destination unreachable; nested exception is: 
	java.net.ConnectException: Connection refused: connect; No available router to destination

Jan 31, 2008 8:26:06 AM com.inovis.b2b.lib.exception.OperationFailedException <init>
INFO: [ENTY-00499] DbEntityDAO : Error Obtaining DB Connection.
Caused By:[LIBP-00001] Unable to connect to naming service

Jan 31, 2008 8:26:07 AM com.inovis.b2b.lib.exception.OperationFailedException <init>
SEVERE: [CONN-00001] No ConnectionInfo available. Cannot proceed
Jan 31, 2008 8:26:07 AM com.inovis.b2b.lib.exception.OperationFailedException <init>
SEVERE: [CONN-00002] ConnectionType info not available
Jan 31, 2008 8:26:07 AM com.inovis.b2b.lib.exception.OperationFailedException <init>
SEVERE: [CONN-00002] ConnectionType info not available
Jan 31, 2008 8:26:07 AM com.inovis.b2b.lib.exception.OperationFailedException <init>
SEVERE: [CONN-00003] Invalid ConnectionType "ABCD"
Jan 31, 2008 8:26:09 AM com.inovis.b2b.lib.exception.OperationFailedException <init>
SEVERE: [LIBP-00001] Unable to connect to naming service
Caused By:null
Caused By:t3://localhost:7001: Destination unreachable; nested exception is: 
	java.net.ConnectException: Connection refused: connect; No available router to destination
Caused By:Destination unreachable; nested exception is: 
	java.net.ConnectException: Connection refused: connect; No available router to destination

Jan 31, 2008 8:26:12 AM com.inovis.b2b.lib.exception.OperationFailedException <init>
SEVERE: [LIBP-00001] Unable to connect to naming service
Caused By:null
Caused By:t3://localhost:7001: Destination unreachable; nested exception is: 
	java.net.ConnectException: Connection refused: connect; No available router to destination
Caused By:Destination unreachable; nested exception is: 
	java.net.ConnectException: Connection refused: connect; No available router to destination

Jan 31, 2008 8:26:15 AM com.inovis.b2b.lib.exception.OperationFailedException <init>
SEVERE: [LIBP-00001] Unable to connect to naming service
Caused By:null
Caused By:t3://localhost:7001: Destination unreachable; nested exception is: 
	java.net.ConnectException: Connection refused: connect; No available router to destination
Caused By:Destination unreachable; nested exception is: 
	java.net.ConnectException: Connection refused: connect; No available router to destination

Jan 31, 2008 8:26:18 AM com.inovis.b2b.lib.exception.OperationFailedException <init>
SEVERE: [LIBP-00001] Unable to connect to naming service
Caused By:null
Caused By:t3://localhost:7001: Destination unreachable; nested exception is: 
	java.net.ConnectException: Connection refused: connect; No available router to destination
Caused By:Destination unreachable; nested exception is: 
	java.net.ConnectException: Connection refused: connect; No available router to destination

Jan 31, 2008 8:26:20 AM com.inovis.b2b.lib.exception.OperationFailedException <init>
SEVERE: [LIBP-00001] Unable to connect to naming service
Caused By:null
Caused By:t3://localhost:7001: Destination unreachable; nested exception is: 
	java.net.ConnectException: Connection refused: connect; No available router to destination
Caused By:Destination unreachable; nested exception is: 
	java.net.ConnectException: Connection refused: connect; No available router to destination

Jan 31, 2008 8:26:23 AM com.inovis.b2b.lib.exception.OperationFailedException <init>
SEVERE: [LIBP-00001] Unable to connect to naming service
Caused By:null
Caused By:t3://localhost:7001: Destination unreachable; nested exception is: 
	java.net.ConnectException: Connection refused: connect; No available router to destination
Caused By:Destination unreachable; nested exception is: 
	java.net.ConnectException: Connection refused: connect; No available router to destination

Jan 31, 2008 8:26:23 AM com.inovis.b2b.lib.exception.OperationFailedException <init>
SEVERE: [REGN-00601] Unable to create the ProderOrder Manager.
Caused By:[LIBP-00001] Unable to connect to naming service
Caused By:null
Caused By:t3://localhost:7001: Destination unreachable; nested exception is: 
	java.net.ConnectException: Connection refused: connect; No available router to destination
Caused By:Destination unreachable; nested exception is: 
	java.net.ConnectException: Connection refused: connect; No available router to destination

Jan 31, 2008 8:26:26 AM com.inovis.b2b.lib.exception.OperationFailedException <init>
SEVERE: [LIBP-00001] Unable to connect to naming service
Caused By:null
Caused By:t3://localhost:7001: Destination unreachable; nested exception is: 
	java.net.ConnectException: Connection refused: connect; No available router to destination
Caused By:Destination unreachable; nested exception is: 
	java.net.ConnectException: Connection refused: connect; No available router to destination

Jan 31, 2008 8:26:26 AM com.inovis.b2b.lib.exception.OperationFailedException <init>
SEVERE: [REGN-00601] Unable to create the ProderOrder Manager.
Caused By:[LIBP-00001] Unable to connect to naming service
Caused By:null
Caused By:t3://localhost:7001: Destination unreachable; nested exception is: 
	java.net.ConnectException: Connection refused: connect; No available router to destination
Caused By:Destination unreachable; nested exception is: 
	java.net.ConnectException: Connection refused: connect; No available router to destination

Jan 31, 2008 8:26:28 AM com.inovis.b2b.lib.exception.OperationFailedException <init>
SEVERE: [LIBP-00001] Unable to connect to naming service
Caused By:null
Caused By:t3://localhost:7001: Destination unreachable; nested exception is: 
	java.net.ConnectException: Connection refused: connect; No available router to destination
Caused By:Destination unreachable; nested exception is: 
	java.net.ConnectException: Connection refused: connect; No available router to destination

Jan 31, 2008 8:26:28 AM com.inovis.b2b.lib.exception.OperationFailedException <init>
SEVERE: [REGN-00601] Unable to create the ProderOrder Manager.
Caused By:[LIBP-00001] Unable to connect to naming service
Caused By:null
Caused By:t3://localhost:7001: Destination unreachable; nested exception is: 
	java.net.ConnectException: Connection refused: connect; No available router to destination
Caused By:Destination unreachable; nested exception is: 
	java.net.ConnectException: Connection refused: connect; No available router to destination

Jan 31, 2008 8:26:31 AM com.inovis.b2b.lib.exception.OperationFailedException <init>
SEVERE: [LIBP-00001] Unable to connect to naming service
Caused By:null
Caused By:t3://localhost:7001: Destination unreachable; nested exception is: 
	java.net.ConnectException: Connection refused: connect; No available router to destination
Caused By:Destination unreachable; nested exception is: 
	java.net.ConnectException: Connection refused: connect; No available router to destination

Jan 31, 2008 8:26:31 AM com.inovis.b2b.lib.exception.OperationFailedException <init>
SEVERE: [REGN-00601] Unable to create the ProderOrder Manager.
Caused By:[LIBP-00001] Unable to connect to naming service
Caused By:null
Caused By:t3://localhost:7001: Destination unreachable; nested exception is: 
	java.net.ConnectException: Connection refused: connect; No available router to destination
Caused By:Destination unreachable; nested exception is: 
	java.net.ConnectException: Connection refused: connect; No available router to destination

Jan 31, 2008 8:26:33 AM com.inovis.b2b.lib.exception.OperationFailedException <init>
SEVERE: [LIBP-00001] Unable to connect to naming service
Caused By:null
Caused By:t3://localhost:7001: Destination unreachable; nested exception is: 
	java.net.ConnectException: Connection refused: connect; No available router to destination
Caused By:Destination unreachable; nested exception is: 
	java.net.ConnectException: Connection refused: connect; No available router to destination

Jan 31, 2008 8:26:33 AM com.inovis.b2b.lib.exception.OperationFailedException <init>
SEVERE: [REGN-00601] Unable to create the ProderOrder Manager.
Caused By:[LIBP-00001] Unable to connect to naming service
Caused By:null
Caused By:t3://localhost:7001: Destination unreachable; nested exception is: 
	java.net.ConnectException: Connection refused: connect; No available router to destination
Caused By:Destination unreachable; nested exception is: 
	java.net.ConnectException: Connection refused: connect; No available router to destination

Jan 31, 2008 8:26:36 AM com.inovis.b2b.lib.exception.OperationFailedException <init>
SEVERE: [LIBP-00001] Unable to connect to naming service
Caused By:null
Caused By:t3://localhost:7001: Destination unreachable; nested exception is: 
	java.net.ConnectException: Connection refused: connect; No available router to destination
Caused By:Destination unreachable; nested exception is: 
	java.net.ConnectException: Connection refused: connect; No available router to destination

Jan 31, 2008 8:26:36 AM com.inovis.b2b.lib.exception.OperationFailedException <init>
SEVERE: [REGN-00601] Unable to create the ProderOrder Manager.
Caused By:[LIBP-00001] Unable to connect to naming service
Caused By:null
Caused By:t3://localhost:7001: Destination unreachable; nested exception is: 
	java.net.ConnectException: Connection refused: connect; No available router to destination
Caused By:Destination unreachable; nested exception is: 
	java.net.ConnectException: Connection refused: connect; No available router to destination

Jan 31, 2008 8:26:38 AM com.inovis.b2b.lib.exception.OperationFailedException <init>
SEVERE: [LIBP-00001] Unable to connect to naming service
Caused By:null
Caused By:t3://localhost:7001: Destination unreachable; nested exception is: 
	java.net.ConnectException: Connection refused: connect; No available router to destination
Caused By:Destination unreachable; nested exception is: 
	java.net.ConnectException: Connection refused: connect; No available router to destination

Jan 31, 2008 8:26:38 AM com.inovis.b2b.lib.exception.OperationFailedException <init>
SEVERE: [REGN-00601] Unable to create the ProderOrder Manager.
Caused By:[LIBP-00001] Unable to connect to naming service
Caused By:null
Caused By:t3://localhost:7001: Destination unreachable; nested exception is: 
	java.net.ConnectException: Connection refused: connect; No available router to destination
Caused By:Destination unreachable; nested exception is: 
	java.net.ConnectException: Connection refused: connect; No available router to destination

Jan 31, 2008 8:26:41 AM com.inovis.b2b.lib.exception.OperationFailedException <init>
SEVERE: [LIBP-00001] Unable to connect to naming service
Caused By:null
Caused By:t3://localhost:7001: Destination unreachable; nested exception is: 
	java.net.ConnectException: Connection refused: connect; No available router to destination
Caused By:Destination unreachable; nested exception is: 
	java.net.ConnectException: Connection refused: connect; No available router to destination

Jan 31, 2008 8:26:41 AM com.inovis.b2b.lib.exception.OperationFailedException <init>
SEVERE: [REGN-00601] Unable to create the ProderOrder Manager.
Caused By:[LIBP-00001] Unable to connect to naming service
Caused By:null
Caused By:t3://localhost:7001: Destination unreachable; nested exception is: 
	java.net.ConnectException: Connection refused: connect; No available router to destination
Caused By:Destination unreachable; nested exception is: 
	java.net.ConnectException: Connection refused: connect; No available router to destination

Jan 31, 2008 8:26:43 AM com.inovis.b2b.lib.exception.OperationFailedException <init>
SEVERE: [LIBP-00001] Unable to connect to naming service
Caused By:null
Caused By:t3://localhost:7001: Destination unreachable; nested exception is: 
	java.net.ConnectException: Connection refused: connect; No available router to destination
Caused By:Destination unreachable; nested exception is: 
	java.net.ConnectException: Connection refused: connect; No available router to destination

Jan 31, 2008 8:26:43 AM com.inovis.b2b.lib.exception.OperationFailedException <init>
SEVERE: [REGN-00601] Unable to create the ProderOrder Manager.
Caused By:[LIBP-00001] Unable to connect to naming service
Caused By:null
Caused By:t3://localhost:7001: Destination unreachable; nested exception is: 
	java.net.ConnectException: Connection refused: connect; No available router to destination
Caused By:Destination unreachable; nested exception is: 
	java.net.ConnectException: Connection refused: connect; No available router to destination

Jan 31, 2008 8:26:45 AM com.inovis.b2b.lib.exception.OperationFailedException <init>
SEVERE: [LIBP-00001] Unable to connect to naming service
Caused By:null
Caused By:t3://localhost:7001: Destination unreachable; nested exception is: 
	java.net.ConnectException: Connection refused: connect; No available router to destination
Caused By:Destination unreachable; nested exception is: 
	java.net.ConnectException: Connection refused: connect; No available router to destination

Jan 31, 2008 8:26:45 AM com.inovis.b2b.lib.exception.OperationFailedException <init>
SEVERE: [REGN-00601] Unable to create the ProderOrder Manager.
Caused By:[LIBP-00001] Unable to connect to naming service
Caused By:null
Caused By:t3://localhost:7001: Destination unreachable; nested exception is: 
	java.net.ConnectException: Connection refused: connect; No available router to destination
Caused By:Destination unreachable; nested exception is: 
	java.net.ConnectException: Connection refused: connect; No available router to destination

Jan 31, 2008 8:26:48 AM com.inovis.b2b.lib.exception.OperationFailedException <init>
SEVERE: [LIBP-00001] Unable to connect to naming service
Caused By:null
Caused By:t3://localhost:7001: Destination unreachable; nested exception is: 
	java.net.ConnectException: Connection refused: connect; No available router to destination
Caused By:Destination unreachable; nested exception is: 
	java.net.ConnectException: Connection refused: connect; No available router to destination

Jan 31, 2008 8:26:48 AM com.inovis.b2b.lib.exception.OperationFailedException <init>
SEVERE: [REGN-00601] Unable to create the ProderOrder Manager.
Caused By:[LIBP-00001] Unable to connect to naming service
Caused By:null
Caused By:t3://localhost:7001: Destination unreachable; nested exception is: 
	java.net.ConnectException: Connection refused: connect; No available router to destination
Caused By:Destination unreachable; nested exception is: 
	java.net.ConnectException: Connection refused: connect; No available router to destination

Jan 31, 2008 8:26:51 AM com.inovis.b2b.lib.exception.OperationFailedException <init>
SEVERE: [LIBP-00001] Unable to connect to naming service
Caused By:null
Caused By:t3://localhost:7001: Destination unreachable; nested exception is: 
	java.net.ConnectException: Connection refused: connect; No available router to destination
Caused By:Destination unreachable; nested exception is: 
	java.net.ConnectException: Connection refused: connect; No available router to destination

Jan 31, 2008 8:26:51 AM com.inovis.b2b.lib.exception.OperationFailedException <init>
SEVERE: [REGN-00601] Unable to create the ProderOrder Manager.
Caused By:[LIBP-00001] Unable to connect to naming service
Caused By:null
Caused By:t3://localhost:7001: Destination unreachable; nested exception is: 
	java.net.ConnectException: Connection refused: connect; No available router to destination
Caused By:Destination unreachable; nested exception is: 
	java.net.ConnectException: Connection refused: connect; No available router to destination

Jan 31, 2008 8:26:53 AM com.inovis.b2b.lib.exception.OperationFailedException <init>
SEVERE: [LIBP-00001] Unable to connect to naming service
Caused By:null
Caused By:t3://localhost:7001: Destination unreachable; nested exception is: 
	java.net.ConnectException: Connection refused: connect; No available router to destination
Caused By:Destination unreachable; nested exception is: 
	java.net.ConnectException: Connection refused: connect; No available router to destination

Jan 31, 2008 8:26:53 AM com.inovis.b2b.lib.exception.OperationFailedException <init>
SEVERE: [REGN-00601] Unable to create the ProderOrder Manager.
Caused By:[LIBP-00001] Unable to connect to naming service
Caused By:null
Caused By:t3://localhost:7001: Destination unreachable; nested exception is: 
	java.net.ConnectException: Connection refused: connect; No available router to destination
Caused By:Destination unreachable; nested exception is: 
	java.net.ConnectException: Connection refused: connect; No available router to destination

Jan 31, 2008 8:26:55 AM com.inovis.b2b.lib.exception.OperationFailedException <init>
SEVERE: [LIBP-00001] Unable to connect to naming service
Caused By:null
Caused By:t3://localhost:7001: Destination unreachable; nested exception is: 
	java.net.ConnectException: Connection refused: connect; No available router to destination
Caused By:Destination unreachable; nested exception is: 
	java.net.ConnectException: Connection refused: connect; No available router to destination

Jan 31, 2008 8:26:55 AM com.inovis.b2b.lib.exception.OperationFailedException <init>
SEVERE: [REGN-00601] Unable to create the ProderOrder Manager.
Caused By:[LIBP-00001] Unable to connect to naming service
Caused By:null
Caused By:t3://localhost:7001: Destination unreachable; nested exception is: 
	java.net.ConnectException: Connection refused: connect; No available router to destination
Caused By:Destination unreachable; nested exception is: 
	java.net.ConnectException: Connection refused: connect; No available router to destination

Jan 31, 2008 8:26:57 AM com.inovis.b2b.lib.exception.OperationFailedException <init>
SEVERE: [LIBP-00001] Unable to connect to naming service
Caused By:null
Caused By:t3://localhost:7001: Destination unreachable; nested exception is: 
	java.net.ConnectException: Connection refused: connect; No available router to destination
Caused By:Destination unreachable; nested exception is: 
	java.net.ConnectException: Connection refused: connect; No available router to destination

Jan 31, 2008 8:26:57 AM com.inovis.b2b.lib.exception.OperationFailedException <init>
SEVERE: [REGN-00601] Unable to create the ProderOrder Manager.
Caused By:[LIBP-00001] Unable to connect to naming service
Caused By:null
Caused By:t3://localhost:7001: Destination unreachable; nested exception is: 
	java.net.ConnectException: Connection refused: connect; No available router to destination
Caused By:Destination unreachable; nested exception is: 
	java.net.ConnectException: Connection refused: connect; No available router to destination

Jan 31, 2008 8:26:59 AM com.inovis.b2b.lib.exception.OperationFailedException <init>
SEVERE: [LIBP-00001] Unable to connect to naming service
Caused By:null
Caused By:t3://localhost:7001: Destination unreachable; nested exception is: 
	java.net.ConnectException: Connection refused: connect; No available router to destination
Caused By:Destination unreachable; nested exception is: 
	java.net.ConnectException: Connection refused: connect; No available router to destination

Jan 31, 2008 8:26:59 AM com.inovis.b2b.lib.exception.OperationFailedException <init>
SEVERE: [REGN-00601] Unable to create the ProderOrder Manager.
Caused By:[LIBP-00001] Unable to connect to naming service
Caused By:null
Caused By:t3://localhost:7001: Destination unreachable; nested exception is: 
	java.net.ConnectException: Connection refused: connect; No available router to destination
Caused By:Destination unreachable; nested exception is: 
	java.net.ConnectException: Connection refused: connect; No available router to destination

Jan 31, 2008 8:27:02 AM com.inovis.b2b.lib.exception.OperationFailedException <init>
SEVERE: [LIBP-00001] Unable to connect to naming service
Caused By:null
Caused By:t3://localhost:7001: Destination unreachable; nested exception is: 
	java.net.ConnectException: Connection refused: connect; No available router to destination
Caused By:Destination unreachable; nested exception is: 
	java.net.ConnectException: Connection refused: connect; No available router to destination

Jan 31, 2008 8:27:02 AM com.inovis.b2b.lib.exception.OperationFailedException <init>
SEVERE: [REGN-00601] Unable to create the ProderOrder Manager.
Caused By:[LIBP-00001] Unable to connect to naming service
Caused By:null
Caused By:t3://localhost:7001: Destination unreachable; nested exception is: 
	java.net.ConnectException: Connection refused: connect; No available router to destination
Caused By:Destination unreachable; nested exception is: 
	java.net.ConnectException: Connection refused: connect; No available router to destination

Jan 31, 2008 8:27:04 AM com.inovis.b2b.lib.exception.OperationFailedException <init>
SEVERE: [LIBP-00001] Unable to connect to naming service
Caused By:null
Caused By:t3://localhost:7001: Destination unreachable; nested exception is: 
	java.net.ConnectException: Connection refused: connect; No available router to destination
Caused By:Destination unreachable; nested exception is: 
	java.net.ConnectException: Connection refused: connect; No available router to destination

Jan 31, 2008 8:27:04 AM com.inovis.b2b.lib.exception.OperationFailedException <init>
SEVERE: [REGN-00601] Unable to create the ProderOrder Manager.
Caused By:[LIBP-00001] Unable to connect to naming service
Caused By:null
Caused By:t3://localhost:7001: Destination unreachable; nested exception is: 
	java.net.ConnectException: Connection refused: connect; No available router to destination
Caused By:Destination unreachable; nested exception is: 
	java.net.ConnectException: Connection refused: connect; No available router to destination

Jan 31, 2008 8:27:07 AM com.inovis.b2b.lib.exception.OperationFailedException <init>
SEVERE: [LIBP-00001] Unable to connect to naming service
Caused By:null
Caused By:t3://localhost:7001: Destination unreachable; nested exception is: 
	java.net.ConnectException: Connection refused: connect; No available router to destination
Caused By:Destination unreachable; nested exception is: 
	java.net.ConnectException: Connection refused: connect; No available router to destination

Jan 31, 2008 8:27:07 AM com.inovis.b2b.lib.exception.OperationFailedException <init>
SEVERE: [REGN-00601] Unable to create the ProderOrder Manager.
Caused By:[LIBP-00001] Unable to connect to naming service
Caused By:null
Caused By:t3://localhost:7001: Destination unreachable; nested exception is: 
	java.net.ConnectException: Connection refused: connect; No available router to destination
Caused By:Destination unreachable; nested exception is: 
	java.net.ConnectException: Connection refused: connect; No available router to destination

Jan 31, 2008 8:27:10 AM com.inovis.b2b.lib.exception.OperationFailedException <init>
SEVERE: [LIBP-00001] Unable to connect to naming service
Caused By:null
Caused By:t3://localhost:7001: Destination unreachable; nested exception is: 
	java.net.ConnectException: Connection refused: connect; No available router to destination
Caused By:Destination unreachable; nested exception is: 
	java.net.ConnectException: Connection refused: connect; No available router to destination

Jan 31, 2008 8:27:10 AM com.inovis.b2b.lib.exception.OperationFailedException <init>
SEVERE: [REGN-00601] Unable to create the ProderOrder Manager.
Caused By:[LIBP-00001] Unable to connect to naming service
Caused By:null
Caused By:t3://localhost:7001: Destination unreachable; nested exception is: 
	java.net.ConnectException: Connection refused: connect; No available router to destination
Caused By:Destination unreachable; nested exception is: 
	java.net.ConnectException: Connection refused: connect; No available router to destination

Jan 31, 2008 8:27:12 AM com.inovis.b2b.lib.exception.OperationFailedException <init>
SEVERE: [LIBP-00001] Unable to connect to naming service
Caused By:null
Caused By:t3://localhost:7001: Destination unreachable; nested exception is: 
	java.net.ConnectException: Connection refused: connect; No available router to destination
Caused By:Destination unreachable; nested exception is: 
	java.net.ConnectException: Connection refused: connect; No available router to destination

Jan 31, 2008 8:27:12 AM com.inovis.b2b.lib.exception.OperationFailedException <init>
SEVERE: [REGN-00601] Unable to create the ProderOrder Manager.
Caused By:[LIBP-00001] Unable to connect to naming service
Caused By:null
Caused By:t3://localhost:7001: Destination unreachable; nested exception is: 
	java.net.ConnectException: Connection refused: connect; No available router to destination
Caused By:Destination unreachable; nested exception is: 
	java.net.ConnectException: Connection refused: connect; No available router to destination

Jan 31, 2008 8:27:15 AM com.inovis.b2b.lib.exception.OperationFailedException <init>
SEVERE: [LIBP-00001] Unable to connect to naming service
Caused By:null
Caused By:t3://localhost:7001: Destination unreachable; nested exception is: 
	java.net.ConnectException: Connection refused: connect; No available router to destination
Caused By:Destination unreachable; nested exception is: 
	java.net.ConnectException: Connection refused: connect; No available router to destination

Jan 31, 2008 8:27:15 AM com.inovis.b2b.lib.exception.OperationFailedException <init>
SEVERE: [REGN-00601] Unable to create the ProderOrder Manager.
Caused By:[LIBP-00001] Unable to connect to naming service
Caused By:null
Caused By:t3://localhost:7001: Destination unreachable; nested exception is: 
	java.net.ConnectException: Connection refused: connect; No available router to destination
Caused By:Destination unreachable; nested exception is: 
	java.net.ConnectException: Connection refused: connect; No available router to destination

Jan 31, 2008 8:27:18 AM com.inovis.b2b.lib.exception.OperationFailedException <init>
SEVERE: [LIBP-00001] Unable to connect to naming service
Caused By:null
Caused By:t3://localhost:7001: Destination unreachable; nested exception is: 
	java.net.ConnectException: Connection refused: connect; No available router to destination
Caused By:Destination unreachable; nested exception is: 
	java.net.ConnectException: Connection refused: connect; No available router to destination

Jan 31, 2008 8:27:18 AM com.inovis.b2b.lib.exception.OperationFailedException <init>
SEVERE: [REGN-00601] Unable to create the ProderOrder Manager.
Caused By:[LIBP-00001] Unable to connect to naming service
Caused By:null
Caused By:t3://localhost:7001: Destination unreachable; nested exception is: 
	java.net.ConnectException: Connection refused: connect; No available router to destination
Caused By:Destination unreachable; nested exception is: 
	java.net.ConnectException: Connection refused: connect; No available router to destination

Jan 31, 2008 8:27:21 AM com.inovis.b2b.lib.exception.OperationFailedException <init>
SEVERE: [LIBP-00001] Unable to connect to naming service
Caused By:null
Caused By:t3://localhost:7001: Destination unreachable; nested exception is: 
	java.net.ConnectException: Connection refused: connect; No available router to destination
Caused By:Destination unreachable; nested exception is: 
	java.net.ConnectException: Connection refused: connect; No available router to destination

Jan 31, 2008 8:27:21 AM com.inovis.b2b.lib.exception.OperationFailedException <init>
SEVERE: [REGN-00601] Unable to create the ProderOrder Manager.
Caused By:[LIBP-00001] Unable to connect to naming service
Caused By:null
Caused By:t3://localhost:7001: Destination unreachable; nested exception is: 
	java.net.ConnectException: Connection refused: connect; No available router to destination
Caused By:Destination unreachable; nested exception is: 
	java.net.ConnectException: Connection refused: connect; No available router to destination

Jan 31, 2008 8:27:23 AM com.inovis.b2b.lib.exception.OperationFailedException <init>
SEVERE: [LIBP-00001] Unable to connect to naming service
Caused By:null
Caused By:t3://localhost:7001: Destination unreachable; nested exception is: 
	java.net.ConnectException: Connection refused: connect; No available router to destination
Caused By:Destination unreachable; nested exception is: 
	java.net.ConnectException: Connection refused: connect; No available router to destination

Jan 31, 2008 8:27:23 AM com.inovis.b2b.lib.exception.OperationFailedException <init>
INFO: [REGN-03502] Unable to create the Registration Manager.
Caused By:[LIBP-00001] Unable to connect to naming service
Caused By:null
Caused By:t3://localhost:7001: Destination unreachable; nested exception is: 
	java.net.ConnectException: Connection refused: connect; No available router to destination
Caused By:Destination unreachable; nested exception is: 
	java.net.ConnectException: Connection refused: connect; No available router to destination

Jan 31, 2008 8:27:25 AM com.inovis.b2b.lib.exception.OperationFailedException <init>
SEVERE: [LIBP-00001] Unable to connect to naming service
Caused By:null
Caused By:t3://localhost:7001: Destination unreachable; nested exception is: 
	java.net.ConnectException: Connection refused: connect; No available router to destination
Caused By:Destination unreachable; nested exception is: 
	java.net.ConnectException: Connection refused: connect; No available router to destination

Jan 31, 2008 8:27:25 AM com.inovis.b2b.lib.exception.OperationFailedException <init>
INFO: [REGN-03502] Unable to create the Registration Manager.
Caused By:[LIBP-00001] Unable to connect to naming service
Caused By:null
Caused By:t3://localhost:7001: Destination unreachable; nested exception is: 
	java.net.ConnectException: Connection refused: connect; No available router to destination
Caused By:Destination unreachable; nested exception is: 
	java.net.ConnectException: Connection refused: connect; No available router to destination

Jan 31, 2008 8:27:28 AM com.inovis.b2b.lib.exception.OperationFailedException <init>
SEVERE: [LIBP-00001] Unable to connect to naming service
Caused By:null
Caused By:t3://localhost:7001: Destination unreachable; nested exception is: 
	java.net.ConnectException: Connection refused: connect; No available router to destination
Caused By:Destination unreachable; nested exception is: 
	java.net.ConnectException: Connection refused: connect; No available router to destination

Jan 31, 2008 8:27:28 AM com.inovis.b2b.lib.exception.OperationFailedException <init>
INFO: [REGN-03502] Unable to create the Registration Manager.
Caused By:[LIBP-00001] Unable to connect to naming service
Caused By:null
Caused By:t3://localhost:7001: Destination unreachable; nested exception is: 
	java.net.ConnectException: Connection refused: connect; No available router to destination
Caused By:Destination unreachable; nested exception is: 
	java.net.ConnectException: Connection refused: connect; No available router to destination

Jan 31, 2008 8:27:31 AM com.inovis.b2b.lib.exception.OperationFailedException <init>
SEVERE: [LIBP-00001] Unable to connect to naming service
Caused By:null
Caused By:t3://localhost:7001: Destination unreachable; nested exception is: 
	java.net.ConnectException: Connection refused: connect; No available router to destination
Caused By:Destination unreachable; nested exception is: 
	java.net.ConnectException: Connection refused: connect; No available router to destination

Jan 31, 2008 8:27:31 AM com.inovis.b2b.lib.exception.OperationFailedException <init>
INFO: [REGN-03502] Unable to create the Registration Manager.
Caused By:[LIBP-00001] Unable to connect to naming service
Caused By:null
Caused By:t3://localhost:7001: Destination unreachable; nested exception is: 
	java.net.ConnectException: Connection refused: connect; No available router to destination
Caused By:Destination unreachable; nested exception is: 
	java.net.ConnectException: Connection refused: connect; No available router to destination

Jan 31, 2008 8:27:34 AM com.inovis.b2b.lib.exception.OperationFailedException <init>
SEVERE: [LIBP-00001] Unable to connect to naming service
Caused By:null
Caused By:t3://localhost:7001: Destination unreachable; nested exception is: 
	java.net.ConnectException: Connection refused: connect; No available router to destination
Caused By:Destination unreachable; nested exception is: 
	java.net.ConnectException: Connection refused: connect; No available router to destination

Jan 31, 2008 8:27:34 AM com.inovis.b2b.lib.exception.OperationFailedException <init>
INFO: [REGN-03502] Unable to create the Registration Manager.
Caused By:[LIBP-00001] Unable to connect to naming service
Caused By:null
Caused By:t3://localhost:7001: Destination unreachable; nested exception is: 
	java.net.ConnectException: Connection refused: connect; No available router to destination
Caused By:Destination unreachable; nested exception is: 
	java.net.ConnectException: Connection refused: connect; No available router to destination

Jan 31, 2008 8:27:36 AM com.inovis.b2b.lib.exception.OperationFailedException <init>
SEVERE: [LIBP-00001] Unable to connect to naming service
Caused By:null
Caused By:t3://localhost:7001: Destination unreachable; nested exception is: 
	java.net.ConnectException: Connection refused: connect; No available router to destination
Caused By:Destination unreachable; nested exception is: 
	java.net.ConnectException: Connection refused: connect; No available router to destination

Jan 31, 2008 8:27:36 AM com.inovis.b2b.lib.exception.OperationFailedException <init>
INFO: [REGN-03502] Unable to create the Registration Manager.
Caused By:[LIBP-00001] Unable to connect to naming service
Caused By:null
Caused By:t3://localhost:7001: Destination unreachable; nested exception is: 
	java.net.ConnectException: Connection refused: connect; No available router to destination
Caused By:Destination unreachable; nested exception is: 
	java.net.ConnectException: Connection refused: connect; No available router to destination

Jan 31, 2008 8:27:38 AM com.inovis.b2b.lib.exception.OperationFailedException <init>
SEVERE: [LIBP-00001] Unable to connect to naming service
Caused By:null
Caused By:t3://localhost:7001: Destination unreachable; nested exception is: 
	java.net.ConnectException: Connection refused: connect; No available router to destination
Caused By:Destination unreachable; nested exception is: 
	java.net.ConnectException: Connection refused: connect; No available router to destination

Jan 31, 2008 8:27:38 AM com.inovis.b2b.lib.exception.OperationFailedException <init>
INFO: [REGN-03502] Unable to create the Registration Manager.
Caused By:[LIBP-00001] Unable to connect to naming service
Caused By:null
Caused By:t3://localhost:7001: Destination unreachable; nested exception is: 
	java.net.ConnectException: Connection refused: connect; No available router to destination
Caused By:Destination unreachable; nested exception is: 
	java.net.ConnectException: Connection refused: connect; No available router to destination

Jan 31, 2008 8:27:41 AM com.inovis.b2b.lib.exception.OperationFailedException <init>
SEVERE: [LIBP-00001] Unable to connect to naming service
Caused By:null
Caused By:t3://localhost:7001: Destination unreachable; nested exception is: 
	java.net.ConnectException: Connection refused: connect; No available router to destination
Caused By:Destination unreachable; nested exception is: 
	java.net.ConnectException: Connection refused: connect; No available router to destination

Jan 31, 2008 8:27:41 AM com.inovis.b2b.lib.exception.OperationFailedException <init>
INFO: [REGN-03502] Unable to create the Registration Manager.
Caused By:[LIBP-00001] Unable to connect to naming service
Caused By:null
Caused By:t3://localhost:7001: Destination unreachable; nested exception is: 
	java.net.ConnectException: Connection refused: connect; No available router to destination
Caused By:Destination unreachable; nested exception is: 
	java.net.ConnectException: Connection refused: connect; No available router to destination

Jan 31, 2008 8:27:43 AM com.inovis.b2b.lib.exception.OperationFailedException <init>
SEVERE: [LIBP-00001] Unable to connect to naming service
Caused By:null
Caused By:t3://localhost:7001: Destination unreachable; nested exception is: 
	java.net.ConnectException: Connection refused: connect; No available router to destination
Caused By:Destination unreachable; nested exception is: 
	java.net.ConnectException: Connection refused: connect; No available router to destination

Jan 31, 2008 8:27:43 AM com.inovis.b2b.lib.exception.OperationFailedException <init>
INFO: [REGN-03502] Unable to create the Registration Manager.
Caused By:[LIBP-00001] Unable to connect to naming service
Caused By:null
Caused By:t3://localhost:7001: Destination unreachable; nested exception is: 
	java.net.ConnectException: Connection refused: connect; No available router to destination
Caused By:Destination unreachable; nested exception is: 
	java.net.ConnectException: Connection refused: connect; No available router to destination

Jan 31, 2008 8:27:46 AM com.inovis.b2b.lib.exception.OperationFailedException <init>
SEVERE: [LIBP-00001] Unable to connect to naming service
Caused By:null
Caused By:t3://localhost:7001: Destination unreachable; nested exception is: 
	java.net.ConnectException: Connection refused: connect; No available router to destination
Caused By:Destination unreachable; nested exception is: 
	java.net.ConnectException: Connection refused: connect; No available router to destination

Jan 31, 2008 8:27:46 AM com.inovis.b2b.lib.exception.OperationFailedException <init>
INFO: [REGN-03502] Unable to create the Registration Manager.
Caused By:[LIBP-00001] Unable to connect to naming service
Caused By:null
Caused By:t3://localhost:7001: Destination unreachable; nested exception is: 
	java.net.ConnectException: Connection refused: connect; No available router to destination
Caused By:Destination unreachable; nested exception is: 
	java.net.ConnectException: Connection refused: connect; No available router to destination

Jan 31, 2008 8:27:49 AM com.inovis.b2b.lib.exception.OperationFailedException <init>
SEVERE: [LIBP-00001] Unable to connect to naming service
Caused By:null
Caused By:t3://localhost:7001: Destination unreachable; nested exception is: 
	java.net.ConnectException: Connection refused: connect; No available router to destination
Caused By:Destination unreachable; nested exception is: 
	java.net.ConnectException: Connection refused: connect; No available router to destination

Jan 31, 2008 8:27:49 AM com.inovis.b2b.lib.exception.OperationFailedException <init>
INFO: [REGN-03502] Unable to create the Registration Manager.
Caused By:[LIBP-00001] Unable to connect to naming service
Caused By:null
Caused By:t3://localhost:7001: Destination unreachable; nested exception is: 
	java.net.ConnectException: Connection refused: connect; No available router to destination
Caused By:Destination unreachable; nested exception is: 
	java.net.ConnectException: Connection refused: connect; No available router to destination

Jan 31, 2008 8:27:52 AM com.inovis.b2b.lib.exception.OperationFailedException <init>
SEVERE: [LIBP-00001] Unable to connect to naming service
Caused By:null
Caused By:t3://localhost:7001: Destination unreachable; nested exception is: 
	java.net.ConnectException: Connection refused: connect; No available router to destination
Caused By:Destination unreachable; nested exception is: 
	java.net.ConnectException: Connection refused: connect; No available router to destination

Jan 31, 2008 8:27:52 AM com.inovis.b2b.lib.exception.OperationFailedException <init>
INFO: [REGN-03502] Unable to create the Registration Manager.
Caused By:[LIBP-00001] Unable to connect to naming service
Caused By:null
Caused By:t3://localhost:7001: Destination unreachable; nested exception is: 
	java.net.ConnectException: Connection refused: connect; No available router to destination
Caused By:Destination unreachable; nested exception is: 
	java.net.ConnectException: Connection refused: connect; No available router to destination

Jan 31, 2008 8:27:54 AM com.inovis.b2b.lib.exception.OperationFailedException <init>
SEVERE: [LIBP-00001] Unable to connect to naming service
Caused By:null
Caused By:t3://localhost:7001: Destination unreachable; nested exception is: 
	java.net.ConnectException: Connection refused: connect; No available router to destination
Caused By:Destination unreachable; nested exception is: 
	java.net.ConnectException: Connection refused: connect; No available router to destination

Jan 31, 2008 8:27:54 AM com.inovis.b2b.lib.exception.OperationFailedException <init>
INFO: [REGN-03502] Unable to create the Registration Manager.
Caused By:[LIBP-00001] Unable to connect to naming service
Caused By:null
Caused By:t3://localhost:7001: Destination unreachable; nested exception is: 
	java.net.ConnectException: Connection refused: connect; No available router to destination
Caused By:Destination unreachable; nested exception is: 
	java.net.ConnectException: Connection refused: connect; No available router to destination

Jan 31, 2008 8:27:56 AM com.inovis.b2b.lib.exception.OperationFailedException <init>
SEVERE: [LIBP-00001] Unable to connect to naming service
Caused By:null
Caused By:t3://localhost:7001: Destination unreachable; nested exception is: 
	java.net.ConnectException: Connection refused: connect; No available router to destination
Caused By:Destination unreachable; nested exception is: 
	java.net.ConnectException: Connection refused: connect; No available router to destination

Jan 31, 2008 8:27:56 AM com.inovis.b2b.lib.exception.OperationFailedException <init>
INFO: [REGN-03502] Unable to create the Registration Manager.
Caused By:[LIBP-00001] Unable to connect to naming service
Caused By:null
Caused By:t3://localhost:7001: Destination unreachable; nested exception is: 
	java.net.ConnectException: Connection refused: connect; No available router to destination
Caused By:Destination unreachable; nested exception is: 
	java.net.ConnectException: Connection refused: connect; No available router to destination

Jan 31, 2008 8:27:59 AM com.inovis.b2b.lib.exception.OperationFailedException <init>
SEVERE: [LIBP-00001] Unable to connect to naming service
Caused By:null
Caused By:t3://localhost:7001: Destination unreachable; nested exception is: 
	java.net.ConnectException: Connection refused: connect; No available router to destination
Caused By:Destination unreachable; nested exception is: 
	java.net.ConnectException: Connection refused: connect; No available router to destination

Jan 31, 2008 8:27:59 AM com.inovis.b2b.lib.exception.OperationFailedException <init>
INFO: [REGN-03502] Unable to create the Registration Manager.
Caused By:[LIBP-00001] Unable to connect to naming service
Caused By:null
Caused By:t3://localhost:7001: Destination unreachable; nested exception is: 
	java.net.ConnectException: Connection refused: connect; No available router to destination
Caused By:Destination unreachable; nested exception is: 
	java.net.ConnectException: Connection refused: connect; No available router to destination

Jan 31, 2008 8:28:02 AM com.inovis.b2b.lib.exception.OperationFailedException <init>
SEVERE: [LIBP-00001] Unable to connect to naming service
Caused By:null
Caused By:t3://localhost:7001: Destination unreachable; nested exception is: 
	java.net.ConnectException: Connection refused: connect; No available router to destination
Caused By:Destination unreachable; nested exception is: 
	java.net.ConnectException: Connection refused: connect; No available router to destination

Jan 31, 2008 8:28:02 AM com.inovis.b2b.lib.exception.OperationFailedException <init>
INFO: [REGN-03502] Unable to create the Registration Manager.
Caused By:[LIBP-00001] Unable to connect to naming service
Caused By:null
Caused By:t3://localhost:7001: Destination unreachable; nested exception is: 
	java.net.ConnectException: Connection refused: connect; No available router to destination
Caused By:Destination unreachable; nested exception is: 
	java.net.ConnectException: Connection refused: connect; No available router to destination

Jan 31, 2008 8:28:04 AM com.inovis.b2b.lib.exception.OperationFailedException <init>
SEVERE: [LIBP-00001] Unable to connect to naming service
Caused By:null
Caused By:t3://localhost:7001: Destination unreachable; nested exception is: 
	java.net.ConnectException: Connection refused: connect; No available router to destination
Caused By:Destination unreachable; nested exception is: 
	java.net.ConnectException: Connection refused: connect; No available router to destination

Jan 31, 2008 8:28:04 AM com.inovis.b2b.lib.exception.OperationFailedException <init>
INFO: [REGN-03502] Unable to create the Registration Manager.
Caused By:[LIBP-00001] Unable to connect to naming service
Caused By:null
Caused By:t3://localhost:7001: Destination unreachable; nested exception is: 
	java.net.ConnectException: Connection refused: connect; No available router to destination
Caused By:Destination unreachable; nested exception is: 
	java.net.ConnectException: Connection refused: connect; No available router to destination

Jan 31, 2008 8:28:07 AM com.inovis.b2b.lib.exception.OperationFailedException <init>
SEVERE: [LIBP-00001] Unable to connect to naming service
Caused By:null
Caused By:t3://localhost:7001: Destination unreachable; nested exception is: 
	java.net.ConnectException: Connection refused: connect; No available router to destination
Caused By:Destination unreachable; nested exception is: 
	java.net.ConnectException: Connection refused: connect; No available router to destination

Jan 31, 2008 8:28:07 AM com.inovis.b2b.lib.exception.OperationFailedException <init>
INFO: [REGN-03502] Unable to create the Registration Manager.
Caused By:[LIBP-00001] Unable to connect to naming service
Caused By:null
Caused By:t3://localhost:7001: Destination unreachable; nested exception is: 
	java.net.ConnectException: Connection refused: connect; No available router to destination
Caused By:Destination unreachable; nested exception is: 
	java.net.ConnectException: Connection refused: connect; No available router to destination

Jan 31, 2008 8:28:09 AM com.inovis.b2b.lib.exception.OperationFailedException <init>
SEVERE: [LIBP-00001] Unable to connect to naming service
Caused By:null
Caused By:t3://localhost:7001: Destination unreachable; nested exception is: 
	java.net.ConnectException: Connection refused: connect; No available router to destination
Caused By:Destination unreachable; nested exception is: 
	java.net.ConnectException: Connection refused: connect; No available router to destination

Jan 31, 2008 8:28:09 AM com.inovis.b2b.lib.exception.OperationFailedException <init>
INFO: [REGN-03502] Unable to create the Registration Manager.
Caused By:[LIBP-00001] Unable to connect to naming service
Caused By:null
Caused By:t3://localhost:7001: Destination unreachable; nested exception is: 
	java.net.ConnectException: Connection refused: connect; No available router to destination
Caused By:Destination unreachable; nested exception is: 
	java.net.ConnectException: Connection refused: connect; No available router to destination

Jan 31, 2008 8:28:11 AM com.inovis.b2b.lib.exception.OperationFailedException <init>
SEVERE: [LIBP-00001] Unable to connect to naming service
Caused By:null
Caused By:t3://localhost:7001: Destination unreachable; nested exception is: 
	java.net.ConnectException: Connection refused: connect; No available router to destination
Caused By:Destination unreachable; nested exception is: 
	java.net.ConnectException: Connection refused: connect; No available router to destination

Jan 31, 2008 8:28:11 AM com.inovis.b2b.lib.exception.OperationFailedException <init>
INFO: [REGN-03502] Unable to create the Registration Manager.
Caused By:[LIBP-00001] Unable to connect to naming service
Caused By:null
Caused By:t3://localhost:7001: Destination unreachable; nested exception is: 
	java.net.ConnectException: Connection refused: connect; No available router to destination
Caused By:Destination unreachable; nested exception is: 
	java.net.ConnectException: Connection refused: connect; No available router to destination

Jan 31, 2008 8:28:14 AM com.inovis.b2b.lib.exception.OperationFailedException <init>
SEVERE: [LIBP-00001] Unable to connect to naming service
Caused By:null
Caused By:t3://localhost:7001: Destination unreachable; nested exception is: 
	java.net.ConnectException: Connection refused: connect; No available router to destination
Caused By:Destination unreachable; nested exception is: 
	java.net.ConnectException: Connection refused: connect; No available router to destination

Jan 31, 2008 8:28:14 AM com.inovis.b2b.lib.exception.OperationFailedException <init>
INFO: [REGN-03502] Unable to create the Registration Manager.
Caused By:[LIBP-00001] Unable to connect to naming service
Caused By:null
Caused By:t3://localhost:7001: Destination unreachable; nested exception is: 
	java.net.ConnectException: Connection refused: connect; No available router to destination
Caused By:Destination unreachable; nested exception is: 
	java.net.ConnectException: Connection refused: connect; No available router to destination

Jan 31, 2008 8:28:17 AM com.inovis.b2b.lib.exception.OperationFailedException <init>
SEVERE: [LIBP-00001] Unable to connect to naming service
Caused By:null
Caused By:t3://localhost:7001: Destination unreachable; nested exception is: 
	java.net.ConnectException: Connection refused: connect; No available router to destination
Caused By:Destination unreachable; nested exception is: 
	java.net.ConnectException: Connection refused: connect; No available router to destination

Jan 31, 2008 8:28:17 AM com.inovis.b2b.lib.exception.OperationFailedException <init>
INFO: [REGN-03502] Unable to create the Registration Manager.
Caused By:[LIBP-00001] Unable to connect to naming service
Caused By:null
Caused By:t3://localhost:7001: Destination unreachable; nested exception is: 
	java.net.ConnectException: Connection refused: connect; No available router to destination
Caused By:Destination unreachable; nested exception is: 
	java.net.ConnectException: Connection refused: connect; No available router to destination

Jan 31, 2008 8:28:19 AM com.inovis.b2b.lib.exception.OperationFailedException <init>
SEVERE: [LIBP-00001] Unable to connect to naming service
Caused By:null
Caused By:t3://localhost:7001: Destination unreachable; nested exception is: 
	java.net.ConnectException: Connection refused: connect; No available router to destination
Caused By:Destination unreachable; nested exception is: 
	java.net.ConnectException: Connection refused: connect; No available router to destination

Jan 31, 2008 8:28:19 AM com.inovis.b2b.lib.exception.OperationFailedException <init>
INFO: [REGN-03502] Unable to create the Registration Manager.
Caused By:[LIBP-00001] Unable to connect to naming service
Caused By:null
Caused By:t3://localhost:7001: Destination unreachable; nested exception is: 
	java.net.ConnectException: Connection refused: connect; No available router to destination
Caused By:Destination unreachable; nested exception is: 
	java.net.ConnectException: Connection refused: connect; No available router to destination

Jan 31, 2008 8:28:21 AM com.inovis.b2b.lib.exception.OperationFailedException <init>
SEVERE: [LIBP-00001] Unable to connect to naming service
Caused By:null
Caused By:t3://localhost:7001: Destination unreachable; nested exception is: 
	java.net.ConnectException: Connection refused: connect; No available router to destination
Caused By:Destination unreachable; nested exception is: 
	java.net.ConnectException: Connection refused: connect; No available router to destination

Jan 31, 2008 8:28:21 AM com.inovis.b2b.lib.exception.OperationFailedException <init>
INFO: [REGN-03502] Unable to create the Registration Manager.
Caused By:[LIBP-00001] Unable to connect to naming service
Caused By:null
Caused By:t3://localhost:7001: Destination unreachable; nested exception is: 
	java.net.ConnectException: Connection refused: connect; No available router to destination
Caused By:Destination unreachable; nested exception is: 
	java.net.ConnectException: Connection refused: connect; No available router to destination

Jan 31, 2008 8:28:24 AM com.inovis.b2b.lib.exception.OperationFailedException <init>
SEVERE: [LIBP-00001] Unable to connect to naming service
Caused By:null
Caused By:t3://localhost:7001: Destination unreachable; nested exception is: 
	java.net.ConnectException: Connection refused: connect; No available router to destination
Caused By:Destination unreachable; nested exception is: 
	java.net.ConnectException: Connection refused: connect; No available router to destination

Jan 31, 2008 8:28:24 AM com.inovis.b2b.lib.exception.OperationFailedException <init>
INFO: [REGN-03502] Unable to create the Registration Manager.
Caused By:[LIBP-00001] Unable to connect to naming service
Caused By:null
Caused By:t3://localhost:7001: Destination unreachable; nested exception is: 
	java.net.ConnectException: Connection refused: connect; No available router to destination
Caused By:Destination unreachable; nested exception is: 
	java.net.ConnectException: Connection refused: connect; No available router to destination

Jan 31, 2008 8:28:27 AM com.inovis.b2b.lib.exception.OperationFailedException <init>
SEVERE: [LIBP-00001] Unable to connect to naming service
Caused By:null
Caused By:t3://localhost:7001: Destination unreachable; nested exception is: 
	java.net.ConnectException: Connection refused: connect; No available router to destination
Caused By:Destination unreachable; nested exception is: 
	java.net.ConnectException: Connection refused: connect; No available router to destination

Jan 31, 2008 8:28:27 AM com.inovis.b2b.lib.exception.OperationFailedException <init>
INFO: [REGN-03502] Unable to create the Registration Manager.
Caused By:[LIBP-00001] Unable to connect to naming service
Caused By:null
Caused By:t3://localhost:7001: Destination unreachable; nested exception is: 
	java.net.ConnectException: Connection refused: connect; No available router to destination
Caused By:Destination unreachable; nested exception is: 
	java.net.ConnectException: Connection refused: connect; No available router to destination

Jan 31, 2008 8:28:29 AM com.inovis.b2b.lib.exception.OperationFailedException <init>
SEVERE: [LIBP-00001] Unable to connect to naming service
Caused By:null
Caused By:t3://localhost:7001: Destination unreachable; nested exception is: 
	java.net.ConnectException: Connection refused: connect; No available router to destination
Caused By:Destination unreachable; nested exception is: 
	java.net.ConnectException: Connection refused: connect; No available router to destination

Jan 31, 2008 8:28:29 AM com.inovis.b2b.lib.exception.OperationFailedException <init>
INFO: [REGN-03502] Unable to create the Registration Manager.
Caused By:[LIBP-00001] Unable to connect to naming service
Caused By:null
Caused By:t3://localhost:7001: Destination unreachable; nested exception is: 
	java.net.ConnectException: Connection refused: connect; No available router to destination
Caused By:Destination unreachable; nested exception is: 
	java.net.ConnectException: Connection refused: connect; No available router to destination

Jan 31, 2008 8:28:31 AM com.inovis.b2b.lib.exception.OperationFailedException <init>
SEVERE: [LIBP-00001] Unable to connect to naming service
Caused By:null
Caused By:t3://localhost:7001: Destination unreachable; nested exception is: 
	java.net.ConnectException: Connection refused: connect; No available router to destination
Caused By:Destination unreachable; nested exception is: 
	java.net.ConnectException: Connection refused: connect; No available router to destination

Jan 31, 2008 8:28:31 AM com.inovis.b2b.lib.exception.OperationFailedException <init>
INFO: [REGN-03502] Unable to create the Registration Manager.
Caused By:[LIBP-00001] Unable to connect to naming service
Caused By:null
Caused By:t3://localhost:7001: Destination unreachable; nested exception is: 
	java.net.ConnectException: Connection refused: connect; No available router to destination
Caused By:Destination unreachable; nested exception is: 
	java.net.ConnectException: Connection refused: connect; No available router to destination

Jan 31, 2008 8:28:34 AM com.inovis.b2b.lib.exception.OperationFailedException <init>
SEVERE: [LIBP-00001] Unable to connect to naming service
Caused By:null
Caused By:t3://localhost:7001: Destination unreachable; nested exception is: 
	java.net.ConnectException: Connection refused: connect; No available router to destination
Caused By:Destination unreachable; nested exception is: 
	java.net.ConnectException: Connection refused: connect; No available router to destination

Jan 31, 2008 8:28:34 AM com.inovis.b2b.lib.exception.OperationFailedException <init>
INFO: [REGN-03502] Unable to create the Registration Manager.
Caused By:[LIBP-00001] Unable to connect to naming service
Caused By:null
Caused By:t3://localhost:7001: Destination unreachable; nested exception is: 
	java.net.ConnectException: Connection refused: connect; No available router to destination
Caused By:Destination unreachable; nested exception is: 
	java.net.ConnectException: Connection refused: connect; No available router to destination

Jan 31, 2008 8:28:36 AM com.inovis.b2b.lib.exception.OperationFailedException <init>
SEVERE: [LIBP-00001] Unable to connect to naming service
Caused By:null
Caused By:t3://localhost:7001: Destination unreachable; nested exception is: 
	java.net.ConnectException: Connection refused: connect; No available router to destination
Caused By:Destination unreachable; nested exception is: 
	java.net.ConnectException: Connection refused: connect; No available router to destination

Jan 31, 2008 8:28:36 AM com.inovis.b2b.lib.exception.OperationFailedException <init>
INFO: [REGN-03502] Unable to create the Registration Manager.
Caused By:[LIBP-00001] Unable to connect to naming service
Caused By:null
Caused By:t3://localhost:7001: Destination unreachable; nested exception is: 
	java.net.ConnectException: Connection refused: connect; No available router to destination
Caused By:Destination unreachable; nested exception is: 
	java.net.ConnectException: Connection refused: connect; No available router to destination

Jan 31, 2008 8:28:39 AM com.inovis.b2b.lib.exception.OperationFailedException <init>
SEVERE: [LIBP-00001] Unable to connect to naming service
Caused By:null
Caused By:t3://localhost:7001: Destination unreachable; nested exception is: 
	java.net.ConnectException: Connection refused: connect; No available router to destination
Caused By:Destination unreachable; nested exception is: 
	java.net.ConnectException: Connection refused: connect; No available router to destination

Jan 31, 2008 8:28:39 AM com.inovis.b2b.lib.exception.OperationFailedException <init>
INFO: [REGN-03502] Unable to create the Registration Manager.
Caused By:[LIBP-00001] Unable to connect to naming service
Caused By:null
Caused By:t3://localhost:7001: Destination unreachable; nested exception is: 
	java.net.ConnectException: Connection refused: connect; No available router to destination
Caused By:Destination unreachable; nested exception is: 
	java.net.ConnectException: Connection refused: connect; No available router to destination

Jan 31, 2008 8:28:42 AM com.inovis.b2b.lib.exception.OperationFailedException <init>
SEVERE: [LIBP-00001] Unable to connect to naming service
Caused By:null
Caused By:t3://localhost:7001: Destination unreachable; nested exception is: 
	java.net.ConnectException: Connection refused: connect; No available router to destination
Caused By:Destination unreachable; nested exception is: 
	java.net.ConnectException: Connection refused: connect; No available router to destination

Jan 31, 2008 8:28:42 AM com.inovis.b2b.lib.exception.OperationFailedException <init>
INFO: [REGN-03502] Unable to create the Registration Manager.
Caused By:[LIBP-00001] Unable to connect to naming service
Caused By:null
Caused By:t3://localhost:7001: Destination unreachable; nested exception is: 
	java.net.ConnectException: Connection refused: connect; No available router to destination
Caused By:Destination unreachable; nested exception is: 
	java.net.ConnectException: Connection refused: connect; No available router to destination

Jan 31, 2008 8:28:44 AM com.inovis.b2b.lib.exception.OperationFailedException <init>
SEVERE: [LIBP-00001] Unable to connect to naming service
Caused By:null
Caused By:t3://localhost:7001: Destination unreachable; nested exception is: 
	java.net.ConnectException: Connection refused: connect; No available router to destination
Caused By:Destination unreachable; nested exception is: 
	java.net.ConnectException: Connection refused: connect; No available router to destination

Jan 31, 2008 8:28:44 AM com.inovis.b2b.lib.exception.OperationFailedException <init>
INFO: [REGN-03502] Unable to create the Registration Manager.
Caused By:[LIBP-00001] Unable to connect to naming service
Caused By:null
Caused By:t3://localhost:7001: Destination unreachable; nested exception is: 
	java.net.ConnectException: Connection refused: connect; No available router to destination
Caused By:Destination unreachable; nested exception is: 
	java.net.ConnectException: Connection refused: connect; No available router to destination

Jan 31, 2008 8:28:46 AM com.inovis.b2b.lib.exception.OperationFailedException <init>
SEVERE: [LIBP-00001] Unable to connect to naming service
Caused By:null
Caused By:t3://localhost:7001: Destination unreachable; nested exception is: 
	java.net.ConnectException: Connection refused: connect; No available router to destination
Caused By:Destination unreachable; nested exception is: 
	java.net.ConnectException: Connection refused: connect; No available router to destination

Jan 31, 2008 8:28:46 AM com.inovis.b2b.lib.exception.OperationFailedException <init>
INFO: [REGN-03502] Unable to create the Registration Manager.
Caused By:[LIBP-00001] Unable to connect to naming service
Caused By:null
Caused By:t3://localhost:7001: Destination unreachable; nested exception is: 
	java.net.ConnectException: Connection refused: connect; No available router to destination
Caused By:Destination unreachable; nested exception is: 
	java.net.ConnectException: Connection refused: connect; No available router to destination

Jan 31, 2008 8:28:49 AM com.inovis.b2b.lib.exception.OperationFailedException <init>
SEVERE: [LIBP-00001] Unable to connect to naming service
Caused By:null
Caused By:t3://localhost:7001: Destination unreachable; nested exception is: 
	java.net.ConnectException: Connection refused: connect; No available router to destination
Caused By:Destination unreachable; nested exception is: 
	java.net.ConnectException: Connection refused: connect; No available router to destination

Jan 31, 2008 8:28:49 AM com.inovis.b2b.lib.exception.OperationFailedException <init>
INFO: [REGN-03502] Unable to create the Registration Manager.
Caused By:[LIBP-00001] Unable to connect to naming service
Caused By:null
Caused By:t3://localhost:7001: Destination unreachable; nested exception is: 
	java.net.ConnectException: Connection refused: connect; No available router to destination
Caused By:Destination unreachable; nested exception is: 
	java.net.ConnectException: Connection refused: connect; No available router to destination

Jan 31, 2008 8:28:52 AM com.inovis.b2b.lib.exception.OperationFailedException <init>
SEVERE: [LIBP-00001] Unable to connect to naming service
Caused By:null
Caused By:t3://localhost:7001: Destination unreachable; nested exception is: 
	java.net.ConnectException: Connection refused: connect; No available router to destination
Caused By:Destination unreachable; nested exception is: 
	java.net.ConnectException: Connection refused: connect; No available router to destination

Jan 31, 2008 8:28:52 AM com.inovis.b2b.lib.exception.OperationFailedException <init>
INFO: [REGN-03502] Unable to create the Registration Manager.
Caused By:[LIBP-00001] Unable to connect to naming service
Caused By:null
Caused By:t3://localhost:7001: Destination unreachable; nested exception is: 
	java.net.ConnectException: Connection refused: connect; No available router to destination
Caused By:Destination unreachable; nested exception is: 
	java.net.ConnectException: Connection refused: connect; No available router to destination

Jan 31, 2008 8:28:55 AM com.inovis.b2b.lib.exception.OperationFailedException <init>
SEVERE: [LIBP-00001] Unable to connect to naming service
Caused By:null
Caused By:t3://localhost:7001: Destination unreachable; nested exception is: 
	java.net.ConnectException: Connection refused: connect; No available router to destination
Caused By:Destination unreachable; nested exception is: 
	java.net.ConnectException: Connection refused: connect; No available router to destination

Jan 31, 2008 8:28:55 AM com.inovis.b2b.lib.exception.OperationFailedException <init>
INFO: [REGN-03502] Unable to create the Registration Manager.
Caused By:[LIBP-00001] Unable to connect to naming service
Caused By:null
Caused By:t3://localhost:7001: Destination unreachable; nested exception is: 
	java.net.ConnectException: Connection refused: connect; No available router to destination
Caused By:Destination unreachable; nested exception is: 
	java.net.ConnectException: Connection refused: connect; No available router to destination

Jan 31, 2008 8:28:58 AM com.inovis.b2b.lib.exception.OperationFailedException <init>
SEVERE: [LIBP-00001] Unable to connect to naming service
Caused By:null
Caused By:t3://localhost:7001: Destination unreachable; nested exception is: 
	java.net.ConnectException: Connection refused: connect; No available router to destination
Caused By:Destination unreachable; nested exception is: 
	java.net.ConnectException: Connection refused: connect; No available router to destination

Jan 31, 2008 8:28:58 AM com.inovis.b2b.lib.exception.OperationFailedException <init>
INFO: [REGN-03502] Unable to create the Registration Manager.
Caused By:[LIBP-00001] Unable to connect to naming service
Caused By:null
Caused By:t3://localhost:7001: Destination unreachable; nested exception is: 
	java.net.ConnectException: Connection refused: connect; No available router to destination
Caused By:Destination unreachable; nested exception is: 
	java.net.ConnectException: Connection refused: connect; No available router to destination

Jan 31, 2008 8:29:00 AM com.inovis.b2b.lib.exception.OperationFailedException <init>
SEVERE: [LIBP-00001] Unable to connect to naming service
Caused By:null
Caused By:t3://localhost:7001: Destination unreachable; nested exception is: 
	java.net.ConnectException: Connection refused: connect; No available router to destination
Caused By:Destination unreachable; nested exception is: 
	java.net.ConnectException: Connection refused: connect; No available router to destination

Jan 31, 2008 8:29:00 AM com.inovis.b2b.lib.exception.OperationFailedException <init>
INFO: [REGN-03502] Unable to create the Registration Manager.
Caused By:[LIBP-00001] Unable to connect to naming service
Caused By:null
Caused By:t3://localhost:7001: Destination unreachable; nested exception is: 
	java.net.ConnectException: Connection refused: connect; No available router to destination
Caused By:Destination unreachable; nested exception is: 
	java.net.ConnectException: Connection refused: connect; No available router to destination

Jan 31, 2008 8:29:03 AM com.inovis.b2b.lib.exception.OperationFailedException <init>
SEVERE: [LIBP-00001] Unable to connect to naming service
Caused By:null
Caused By:t3://localhost:7001: Destination unreachable; nested exception is: 
	java.net.ConnectException: Connection refused: connect; No available router to destination
Caused By:Destination unreachable; nested exception is: 
	java.net.ConnectException: Connection refused: connect; No available router to destination

Jan 31, 2008 8:29:03 AM com.inovis.b2b.lib.exception.OperationFailedException <init>
INFO: [REGN-03502] Unable to create the Registration Manager.
Caused By:[LIBP-00001] Unable to connect to naming service
Caused By:null
Caused By:t3://localhost:7001: Destination unreachable; nested exception is: 
	java.net.ConnectException: Connection refused: connect; No available router to destination
Caused By:Destination unreachable; nested exception is: 
	java.net.ConnectException: Connection refused: connect; No available router to destination

Jan 31, 2008 8:29:05 AM com.inovis.b2b.lib.exception.OperationFailedException <init>
SEVERE: [LIBP-00001] Unable to connect to naming service
Caused By:null
Caused By:t3://localhost:7001: Destination unreachable; nested exception is: 
	java.net.ConnectException: Connection refused: connect; No available router to destination
Caused By:Destination unreachable; nested exception is: 
	java.net.ConnectException: Connection refused: connect; No available router to destination

Jan 31, 2008 8:29:05 AM com.inovis.b2b.lib.exception.OperationFailedException <init>
INFO: [REGN-03502] Unable to create the Registration Manager.
Caused By:[LIBP-00001] Unable to connect to naming service
Caused By:null
Caused By:t3://localhost:7001: Destination unreachable; nested exception is: 
	java.net.ConnectException: Connection refused: connect; No available router to destination
Caused By:Destination unreachable; nested exception is: 
	java.net.ConnectException: Connection refused: connect; No available router to destination

Jan 31, 2008 8:29:08 AM com.inovis.b2b.lib.exception.OperationFailedException <init>
SEVERE: [LIBP-00001] Unable to connect to naming service
Caused By:null
Caused By:t3://localhost:7001: Destination unreachable; nested exception is: 
	java.net.ConnectException: Connection refused: connect; No available router to destination
Caused By:Destination unreachable; nested exception is: 
	java.net.ConnectException: Connection refused: connect; No available router to destination

Jan 31, 2008 8:29:08 AM com.inovis.b2b.lib.exception.OperationFailedException <init>
INFO: [REGN-03502] Unable to create the Registration Manager.
Caused By:[LIBP-00001] Unable to connect to naming service
Caused By:null
Caused By:t3://localhost:7001: Destination unreachable; nested exception is: 
	java.net.ConnectException: Connection refused: connect; No available router to destination
Caused By:Destination unreachable; nested exception is: 
	java.net.ConnectException: Connection refused: connect; No available router to destination

Jan 31, 2008 8:29:11 AM com.inovis.b2b.lib.exception.OperationFailedException <init>
SEVERE: [LIBP-00001] Unable to connect to naming service
Caused By:null
Caused By:t3://localhost:7001: Destination unreachable; nested exception is: 
	java.net.ConnectException: Connection refused: connect; No available router to destination
Caused By:Destination unreachable; nested exception is: 
	java.net.ConnectException: Connection refused: connect; No available router to destination

Jan 31, 2008 8:29:11 AM com.inovis.b2b.lib.exception.OperationFailedException <init>
INFO: [REGN-03502] Unable to create the Registration Manager.
Caused By:[LIBP-00001] Unable to connect to naming service
Caused By:null
Caused By:t3://localhost:7001: Destination unreachable; nested exception is: 
	java.net.ConnectException: Connection refused: connect; No available router to destination
Caused By:Destination unreachable; nested exception is: 
	java.net.ConnectException: Connection refused: connect; No available router to destination

Jan 31, 2008 8:29:13 AM com.inovis.b2b.lib.exception.OperationFailedException <init>
SEVERE: [LIBP-00001] Unable to connect to naming service
Caused By:null
Caused By:t3://localhost:7001: Destination unreachable; nested exception is: 
	java.net.ConnectException: Connection refused: connect; No available router to destination
Caused By:Destination unreachable; nested exception is: 
	java.net.ConnectException: Connection refused: connect; No available router to destination

Jan 31, 2008 8:29:13 AM com.inovis.b2b.lib.exception.OperationFailedException <init>
INFO: [REGN-03502] Unable to create the Registration Manager.
Caused By:[LIBP-00001] Unable to connect to naming service
Caused By:null
Caused By:t3://localhost:7001: Destination unreachable; nested exception is: 
	java.net.ConnectException: Connection refused: connect; No available router to destination
Caused By:Destination unreachable; nested exception is: 
	java.net.ConnectException: Connection refused: connect; No available router to destination

Jan 31, 2008 8:29:16 AM com.inovis.b2b.lib.exception.OperationFailedException <init>
SEVERE: [LIBP-00001] Unable to connect to naming service
Caused By:null
Caused By:t3://localhost:7001: Destination unreachable; nested exception is: 
	java.net.ConnectException: Connection refused: connect; No available router to destination
Caused By:Destination unreachable; nested exception is: 
	java.net.ConnectException: Connection refused: connect; No available router to destination

Jan 31, 2008 8:29:16 AM com.inovis.b2b.lib.exception.OperationFailedException <init>
INFO: [REGN-03502] Unable to create the Registration Manager.
Caused By:[LIBP-00001] Unable to connect to naming service
Caused By:null
Caused By:t3://localhost:7001: Destination unreachable; nested exception is: 
	java.net.ConnectException: Connection refused: connect; No available router to destination
Caused By:Destination unreachable; nested exception is: 
	java.net.ConnectException: Connection refused: connect; No available router to destination

Jan 31, 2008 8:29:18 AM com.inovis.b2b.lib.exception.OperationFailedException <init>
SEVERE: [LIBP-00001] Unable to connect to naming service
Caused By:null
Caused By:t3://localhost:7001: Destination unreachable; nested exception is: 
	java.net.ConnectException: Connection refused: connect; No available router to destination
Caused By:Destination unreachable; nested exception is: 
	java.net.ConnectException: Connection refused: connect; No available router to destination

Jan 31, 2008 8:29:18 AM com.inovis.b2b.lib.exception.OperationFailedException <init>
INFO: [REGN-03502] Unable to create the Registration Manager.
Caused By:[LIBP-00001] Unable to connect to naming service
Caused By:null
Caused By:t3://localhost:7001: Destination unreachable; nested exception is: 
	java.net.ConnectException: Connection refused: connect; No available router to destination
Caused By:Destination unreachable; nested exception is: 
	java.net.ConnectException: Connection refused: connect; No available router to destination

Jan 31, 2008 8:29:20 AM com.inovis.b2b.lib.exception.OperationFailedException <init>
SEVERE: [LIBP-00001] Unable to connect to naming service
Caused By:null
Caused By:t3://localhost:7001: Destination unreachable; nested exception is: 
	java.net.ConnectException: Connection refused: connect; No available router to destination
Caused By:Destination unreachable; nested exception is: 
	java.net.ConnectException: Connection refused: connect; No available router to destination

Jan 31, 2008 8:29:20 AM com.inovis.b2b.lib.exception.OperationFailedException <init>
INFO: [REGN-03502] Unable to create the Registration Manager.
Caused By:[LIBP-00001] Unable to connect to naming service
Caused By:null
Caused By:t3://localhost:7001: Destination unreachable; nested exception is: 
	java.net.ConnectException: Connection refused: connect; No available router to destination
Caused By:Destination unreachable; nested exception is: 
	java.net.ConnectException: Connection refused: connect; No available router to destination

Jan 31, 2008 8:29:23 AM com.inovis.b2b.lib.exception.OperationFailedException <init>
SEVERE: [LIBP-00001] Unable to connect to naming service
Caused By:null
Caused By:t3://localhost:7001: Destination unreachable; nested exception is: 
	java.net.ConnectException: Connection refused: connect; No available router to destination
Caused By:Destination unreachable; nested exception is: 
	java.net.ConnectException: Connection refused: connect; No available router to destination

Jan 31, 2008 8:29:23 AM com.inovis.b2b.lib.exception.OperationFailedException <init>
INFO: [REGN-03502] Unable to create the Registration Manager.
Caused By:[LIBP-00001] Unable to connect to naming service
Caused By:null
Caused By:t3://localhost:7001: Destination unreachable; nested exception is: 
	java.net.ConnectException: Connection refused: connect; No available router to destination
Caused By:Destination unreachable; nested exception is: 
	java.net.ConnectException: Connection refused: connect; No available router to destination

Jan 31, 2008 8:29:25 AM com.inovis.b2b.lib.exception.OperationFailedException <init>
SEVERE: [LIBP-00001] Unable to connect to naming service
Caused By:null
Caused By:t3://localhost:7001: Destination unreachable; nested exception is: 
	java.net.ConnectException: Connection refused: connect; No available router to destination
Caused By:Destination unreachable; nested exception is: 
	java.net.ConnectException: Connection refused: connect; No available router to destination

Jan 31, 2008 8:29:25 AM com.inovis.b2b.lib.exception.OperationFailedException <init>
INFO: [REGN-03502] Unable to create the Registration Manager.
Caused By:[LIBP-00001] Unable to connect to naming service
Caused By:null
Caused By:t3://localhost:7001: Destination unreachable; nested exception is: 
	java.net.ConnectException: Connection refused: connect; No available router to destination
Caused By:Destination unreachable; nested exception is: 
	java.net.ConnectException: Connection refused: connect; No available router to destination

Jan 31, 2008 8:29:28 AM com.inovis.b2b.lib.exception.OperationFailedException <init>
SEVERE: [LIBP-00001] Unable to connect to naming service
Caused By:null
Caused By:t3://localhost:7001: Destination unreachable; nested exception is: 
	java.net.ConnectException: Connection refused: connect; No available router to destination
Caused By:Destination unreachable; nested exception is: 
	java.net.ConnectException: Connection refused: connect; No available router to destination

Jan 31, 2008 8:29:28 AM com.inovis.b2b.lib.exception.OperationFailedException <init>
INFO: [REGN-03502] Unable to create the Registration Manager.
Caused By:[LIBP-00001] Unable to connect to naming service
Caused By:null
Caused By:t3://localhost:7001: Destination unreachable; nested exception is: 
	java.net.ConnectException: Connection refused: connect; No available router to destination
Caused By:Destination unreachable; nested exception is: 
	java.net.ConnectException: Connection refused: connect; No available router to destination

Jan 31, 2008 8:29:30 AM com.inovis.b2b.lib.exception.OperationFailedException <init>
SEVERE: [LIBP-00001] Unable to connect to naming service
Caused By:null
Caused By:t3://localhost:7001: Destination unreachable; nested exception is: 
	java.net.ConnectException: Connection refused: connect; No available router to destination
Caused By:Destination unreachable; nested exception is: 
	java.net.ConnectException: Connection refused: connect; No available router to destination

Jan 31, 2008 8:29:30 AM com.inovis.b2b.lib.exception.OperationFailedException <init>
INFO: [REGN-03502] Unable to create the Registration Manager.
Caused By:[LIBP-00001] Unable to connect to naming service
Caused By:null
Caused By:t3://localhost:7001: Destination unreachable; nested exception is: 
	java.net.ConnectException: Connection refused: connect; No available router to destination
Caused By:Destination unreachable; nested exception is: 
	java.net.ConnectException: Connection refused: connect; No available router to destination

Jan 31, 2008 8:29:33 AM com.inovis.b2b.lib.exception.OperationFailedException <init>
SEVERE: [LIBP-00001] Unable to connect to naming service
Caused By:null
Caused By:t3://localhost:7001: Destination unreachable; nested exception is: 
	java.net.ConnectException: Connection refused: connect; No available router to destination
Caused By:Destination unreachable; nested exception is: 
	java.net.ConnectException: Connection refused: connect; No available router to destination

Jan 31, 2008 8:29:33 AM com.inovis.b2b.lib.exception.OperationFailedException <init>
INFO: [REGN-03502] Unable to create the Registration Manager.
Caused By:[LIBP-00001] Unable to connect to naming service
Caused By:null
Caused By:t3://localhost:7001: Destination unreachable; nested exception is: 
	java.net.ConnectException: Connection refused: connect; No available router to destination
Caused By:Destination unreachable; nested exception is: 
	java.net.ConnectException: Connection refused: connect; No available router to destination

Jan 31, 2008 8:29:36 AM com.inovis.b2b.lib.exception.OperationFailedException <init>
SEVERE: [LIBP-00001] Unable to connect to naming service
Caused By:null
Caused By:t3://localhost:7001: Destination unreachable; nested exception is: 
	java.net.ConnectException: Connection refused: connect; No available router to destination
Caused By:Destination unreachable; nested exception is: 
	java.net.ConnectException: Connection refused: connect; No available router to destination

Jan 31, 2008 8:29:36 AM com.inovis.b2b.lib.exception.OperationFailedException <init>
INFO: [REGN-03502] Unable to create the Registration Manager.
Caused By:[LIBP-00001] Unable to connect to naming service
Caused By:null
Caused By:t3://localhost:7001: Destination unreachable; nested exception is: 
	java.net.ConnectException: Connection refused: connect; No available router to destination
Caused By:Destination unreachable; nested exception is: 
	java.net.ConnectException: Connection refused: connect; No available router to destination

Jan 31, 2008 8:29:38 AM com.inovis.b2b.lib.exception.OperationFailedException <init>
SEVERE: [LIBP-00001] Unable to connect to naming service
Caused By:null
Caused By:t3://localhost:7001: Destination unreachable; nested exception is: 
	java.net.ConnectException: Connection refused: connect; No available router to destination
Caused By:Destination unreachable; nested exception is: 
	java.net.ConnectException: Connection refused: connect; No available router to destination

Jan 31, 2008 8:29:38 AM com.inovis.b2b.lib.exception.OperationFailedException <init>
INFO: [REGN-03502] Unable to create the Registration Manager.
Caused By:[LIBP-00001] Unable to connect to naming service
Caused By:null
Caused By:t3://localhost:7001: Destination unreachable; nested exception is: 
	java.net.ConnectException: Connection refused: connect; No available router to destination
Caused By:Destination unreachable; nested exception is: 
	java.net.ConnectException: Connection refused: connect; No available router to destination

Jan 31, 2008 8:29:41 AM com.inovis.b2b.lib.exception.OperationFailedException <init>
SEVERE: [LIBP-00001] Unable to connect to naming service
Caused By:null
Caused By:t3://localhost:7001: Destination unreachable; nested exception is: 
	java.net.ConnectException: Connection refused: connect; No available router to destination
Caused By:Destination unreachable; nested exception is: 
	java.net.ConnectException: Connection refused: connect; No available router to destination

Jan 31, 2008 8:29:41 AM com.inovis.b2b.lib.exception.OperationFailedException <init>
INFO: [REGN-03502] Unable to create the Registration Manager.
Caused By:[LIBP-00001] Unable to connect to naming service
Caused By:null
Caused By:t3://localhost:7001: Destination unreachable; nested exception is: 
	java.net.ConnectException: Connection refused: connect; No available router to destination
Caused By:Destination unreachable; nested exception is: 
	java.net.ConnectException: Connection refused: connect; No available router to destination

Jan 31, 2008 8:29:43 AM com.inovis.b2b.lib.exception.OperationFailedException <init>
SEVERE: [LIBP-00001] Unable to connect to naming service
Caused By:null
Caused By:t3://localhost:7001: Destination unreachable; nested exception is: 
	java.net.ConnectException: Connection refused: connect; No available router to destination
Caused By:Destination unreachable; nested exception is: 
	java.net.ConnectException: Connection refused: connect; No available router to destination

Jan 31, 2008 8:29:43 AM com.inovis.b2b.lib.exception.OperationFailedException <init>
INFO: [REGN-03502] Unable to create the Registration Manager.
Caused By:[LIBP-00001] Unable to connect to naming service
Caused By:null
Caused By:t3://localhost:7001: Destination unreachable; nested exception is: 
	java.net.ConnectException: Connection refused: connect; No available router to destination
Caused By:Destination unreachable; nested exception is: 
	java.net.ConnectException: Connection refused: connect; No available router to destination

Jan 31, 2008 8:29:45 AM com.inovis.b2b.lib.exception.OperationFailedException <init>
SEVERE: [LIBP-00001] Unable to connect to naming service
Caused By:null
Caused By:t3://localhost:7001: Destination unreachable; nested exception is: 
	java.net.ConnectException: Connection refused: connect; No available router to destination
Caused By:Destination unreachable; nested exception is: 
	java.net.ConnectException: Connection refused: connect; No available router to destination

Jan 31, 2008 8:29:45 AM com.inovis.b2b.lib.exception.OperationFailedException <init>
INFO: [REGN-03502] Unable to create the Registration Manager.
Caused By:[LIBP-00001] Unable to connect to naming service
Caused By:null
Caused By:t3://localhost:7001: Destination unreachable; nested exception is: 
	java.net.ConnectException: Connection refused: connect; No available router to destination
Caused By:Destination unreachable; nested exception is: 
	java.net.ConnectException: Connection refused: connect; No available router to destination

Jan 31, 2008 8:29:48 AM com.inovis.b2b.lib.exception.OperationFailedException <init>
SEVERE: [LIBP-00001] Unable to connect to naming service
Caused By:null
Caused By:t3://localhost:7001: Destination unreachable; nested exception is: 
	java.net.ConnectException: Connection refused: connect; No available router to destination
Caused By:Destination unreachable; nested exception is: 
	java.net.ConnectException: Connection refused: connect; No available router to destination

Jan 31, 2008 8:29:48 AM com.inovis.b2b.lib.exception.OperationFailedException <init>
INFO: [REGN-03502] Unable to create the Registration Manager.
Caused By:[LIBP-00001] Unable to connect to naming service
Caused By:null
Caused By:t3://localhost:7001: Destination unreachable; nested exception is: 
	java.net.ConnectException: Connection refused: connect; No available router to destination
Caused By:Destination unreachable; nested exception is: 
	java.net.ConnectException: Connection refused: connect; No available router to destination

Jan 31, 2008 8:29:50 AM com.inovis.b2b.lib.exception.OperationFailedException <init>
SEVERE: [LIBP-00001] Unable to connect to naming service
Caused By:null
Caused By:t3://localhost:7001: Destination unreachable; nested exception is: 
	java.net.ConnectException: Connection refused: connect; No available router to destination
Caused By:Destination unreachable; nested exception is: 
	java.net.ConnectException: Connection refused: connect; No available router to destination

Jan 31, 2008 8:29:50 AM com.inovis.b2b.lib.exception.OperationFailedException <init>
INFO: [REGN-03502] Unable to create the Registration Manager.
Caused By:[LIBP-00001] Unable to connect to naming service
Caused By:null
Caused By:t3://localhost:7001: Destination unreachable; nested exception is: 
	java.net.ConnectException: Connection refused: connect; No available router to destination
Caused By:Destination unreachable; nested exception is: 
	java.net.ConnectException: Connection refused: connect; No available router to destination

Jan 31, 2008 8:29:53 AM com.inovis.b2b.lib.exception.OperationFailedException <init>
SEVERE: [LIBP-00001] Unable to connect to naming service
Caused By:null
Caused By:t3://localhost:7001: Destination unreachable; nested exception is: 
	java.net.ConnectException: Connection refused: connect; No available router to destination
Caused By:Destination unreachable; nested exception is: 
	java.net.ConnectException: Connection refused: connect; No available router to destination

Jan 31, 2008 8:29:53 AM com.inovis.b2b.lib.exception.OperationFailedException <init>
INFO: [REGN-03502] Unable to create the Registration Manager.
Caused By:[LIBP-00001] Unable to connect to naming service
Caused By:null
Caused By:t3://localhost:7001: Destination unreachable; nested exception is: 
	java.net.ConnectException: Connection refused: connect; No available router to destination
Caused By:Destination unreachable; nested exception is: 
	java.net.ConnectException: Connection refused: connect; No available router to destination

Jan 31, 2008 8:29:55 AM com.inovis.b2b.lib.exception.OperationFailedException <init>
SEVERE: [LIBP-00001] Unable to connect to naming service
Caused By:null
Caused By:t3://localhost:7001: Destination unreachable; nested exception is: 
	java.net.ConnectException: Connection refused: connect; No available router to destination
Caused By:Destination unreachable; nested exception is: 
	java.net.ConnectException: Connection refused: connect; No available router to destination

Jan 31, 2008 8:29:55 AM com.inovis.b2b.lib.exception.OperationFailedException <init>
INFO: [REGN-03502] Unable to create the Registration Manager.
Caused By:[LIBP-00001] Unable to connect to naming service
Caused By:null
Caused By:t3://localhost:7001: Destination unreachable; nested exception is: 
	java.net.ConnectException: Connection refused: connect; No available router to destination
Caused By:Destination unreachable; nested exception is: 
	java.net.ConnectException: Connection refused: connect; No available router to destination

Jan 31, 2008 8:29:58 AM com.inovis.b2b.lib.exception.OperationFailedException <init>
SEVERE: [LIBP-00001] Unable to connect to naming service
Caused By:null
Caused By:t3://localhost:7001: Destination unreachable; nested exception is: 
	java.net.ConnectException: Connection refused: connect; No available router to destination
Caused By:Destination unreachable; nested exception is: 
	java.net.ConnectException: Connection refused: connect; No available router to destination

Jan 31, 2008 8:29:58 AM com.inovis.b2b.lib.exception.OperationFailedException <init>
INFO: [REGN-03502] Unable to create the Registration Manager.
Caused By:[LIBP-00001] Unable to connect to naming service
Caused By:null
Caused By:t3://localhost:7001: Destination unreachable; nested exception is: 
	java.net.ConnectException: Connection refused: connect; No available router to destination
Caused By:Destination unreachable; nested exception is: 
	java.net.ConnectException: Connection refused: connect; No available router to destination

Jan 31, 2008 8:30:01 AM com.inovis.b2b.lib.exception.OperationFailedException <init>
SEVERE: [LIBP-00001] Unable to connect to naming service
Caused By:null
Caused By:t3://localhost:7001: Destination unreachable; nested exception is: 
	java.net.ConnectException: Connection refused: connect; No available router to destination
Caused By:Destination unreachable; nested exception is: 
	java.net.ConnectException: Connection refused: connect; No available router to destination

Jan 31, 2008 8:30:01 AM com.inovis.b2b.lib.exception.OperationFailedException <init>
INFO: [REGN-03502] Unable to create the Registration Manager.
Caused By:[LIBP-00001] Unable to connect to naming service
Caused By:null
Caused By:t3://localhost:7001: Destination unreachable; nested exception is: 
	java.net.ConnectException: Connection refused: connect; No available router to destination
Caused By:Destination unreachable; nested exception is: 
	java.net.ConnectException: Connection refused: connect; No available router to destination

Jan 31, 2008 8:30:03 AM com.inovis.b2b.lib.exception.OperationFailedException <init>
SEVERE: [LIBP-00001] Unable to connect to naming service
Caused By:null
Caused By:t3://localhost:7001: Destination unreachable; nested exception is: 
	java.net.ConnectException: Connection refused: connect; No available router to destination
Caused By:Destination unreachable; nested exception is: 
	java.net.ConnectException: Connection refused: connect; No available router to destination

Jan 31, 2008 8:30:03 AM com.inovis.b2b.lib.exception.OperationFailedException <init>
INFO: [REGN-03502] Unable to create the Registration Manager.
Caused By:[LIBP-00001] Unable to connect to naming service
Caused By:null
Caused By:t3://localhost:7001: Destination unreachable; nested exception is: 
	java.net.ConnectException: Connection refused: connect; No available router to destination
Caused By:Destination unreachable; nested exception is: 
	java.net.ConnectException: Connection refused: connect; No available router to destination

Jan 31, 2008 8:30:06 AM com.inovis.b2b.lib.exception.OperationFailedException <init>
SEVERE: [LIBP-00001] Unable to connect to naming service
Caused By:null
Caused By:t3://localhost:7001: Destination unreachable; nested exception is: 
	java.net.ConnectException: Connection refused: connect; No available router to destination
Caused By:Destination unreachable; nested exception is: 
	java.net.ConnectException: Connection refused: connect; No available router to destination

Jan 31, 2008 8:30:06 AM com.inovis.b2b.lib.exception.OperationFailedException <init>
INFO: [REGN-03502] Unable to create the Registration Manager.
Caused By:[LIBP-00001] Unable to connect to naming service
Caused By:null
Caused By:t3://localhost:7001: Destination unreachable; nested exception is: 
	java.net.ConnectException: Connection refused: connect; No available router to destination
Caused By:Destination unreachable; nested exception is: 
	java.net.ConnectException: Connection refused: connect; No available router to destination

Jan 31, 2008 8:30:09 AM com.inovis.b2b.lib.exception.OperationFailedException <init>
SEVERE: [LIBP-00001] Unable to connect to naming service
Caused By:null
Caused By:t3://localhost:7001: Destination unreachable; nested exception is: 
	java.net.ConnectException: Connection refused: connect; No available router to destination
Caused By:Destination unreachable; nested exception is: 
	java.net.ConnectException: Connection refused: connect; No available router to destination

Jan 31, 2008 8:30:09 AM com.inovis.b2b.lib.exception.OperationFailedException <init>
INFO: [REGN-03502] Unable to create the Registration Manager.
Caused By:[LIBP-00001] Unable to connect to naming service
Caused By:null
Caused By:t3://localhost:7001: Destination unreachable; nested exception is: 
	java.net.ConnectException: Connection refused: connect; No available router to destination
Caused By:Destination unreachable; nested exception is: 
	java.net.ConnectException: Connection refused: connect; No available router to destination

Jan 31, 2008 8:30:12 AM com.inovis.b2b.lib.exception.OperationFailedException <init>
SEVERE: [LIBP-00001] Unable to connect to naming service
Caused By:null
Caused By:t3://localhost:7001: Destination unreachable; nested exception is: 
	java.net.ConnectException: Connection refused: connect; No available router to destination
Caused By:Destination unreachable; nested exception is: 
	java.net.ConnectException: Connection refused: connect; No available router to destination

Jan 31, 2008 8:30:12 AM com.inovis.b2b.lib.exception.OperationFailedException <init>
INFO: [REGN-03502] Unable to create the Registration Manager.
Caused By:[LIBP-00001] Unable to connect to naming service
Caused By:null
Caused By:t3://localhost:7001: Destination unreachable; nested exception is: 
	java.net.ConnectException: Connection refused: connect; No available router to destination
Caused By:Destination unreachable; nested exception is: 
	java.net.ConnectException: Connection refused: connect; No available router to destination

Jan 31, 2008 8:30:14 AM com.inovis.b2b.lib.exception.OperationFailedException <init>
SEVERE: [LIBP-00001] Unable to connect to naming service
Caused By:null
Caused By:t3://localhost:7001: Destination unreachable; nested exception is: 
	java.net.ConnectException: Connection refused: connect; No available router to destination
Caused By:Destination unreachable; nested exception is: 
	java.net.ConnectException: Connection refused: connect; No available router to destination

Jan 31, 2008 8:30:14 AM com.inovis.b2b.lib.exception.OperationFailedException <init>
INFO: [REGN-03502] Unable to create the Registration Manager.
Caused By:[LIBP-00001] Unable to connect to naming service
Caused By:null
Caused By:t3://localhost:7001: Destination unreachable; nested exception is: 
	java.net.ConnectException: Connection refused: connect; No available router to destination
Caused By:Destination unreachable; nested exception is: 
	java.net.ConnectException: Connection refused: connect; No available router to destination

Jan 31, 2008 8:30:17 AM com.inovis.b2b.lib.exception.OperationFailedException <init>
SEVERE: [LIBP-00001] Unable to connect to naming service
Caused By:null
Caused By:t3://localhost:7001: Destination unreachable; nested exception is: 
	java.net.ConnectException: Connection refused: connect; No available router to destination
Caused By:Destination unreachable; nested exception is: 
	java.net.ConnectException: Connection refused: connect; No available router to destination

Jan 31, 2008 8:30:17 AM com.inovis.b2b.lib.exception.OperationFailedException <init>
INFO: [REGN-03502] Unable to create the Registration Manager.
Caused By:[LIBP-00001] Unable to connect to naming service
Caused By:null
Caused By:t3://localhost:7001: Destination unreachable; nested exception is: 
	java.net.ConnectException: Connection refused: connect; No available router to destination
Caused By:Destination unreachable; nested exception is: 
	java.net.ConnectException: Connection refused: connect; No available router to destination

Jan 31, 2008 8:30:20 AM com.inovis.b2b.lib.exception.OperationFailedException <init>
SEVERE: [LIBP-00001] Unable to connect to naming service
Caused By:null
Caused By:t3://localhost:7001: Destination unreachable; nested exception is: 
	java.net.ConnectException: Connection refused: connect; No available router to destination
Caused By:Destination unreachable; nested exception is: 
	java.net.ConnectException: Connection refused: connect; No available router to destination

Jan 31, 2008 8:30:20 AM com.inovis.b2b.lib.exception.OperationFailedException <init>
SEVERE: [REGN-00601] Unable to create the ProderOrder Manager.
Caused By:[LIBP-00001] Unable to connect to naming service
Caused By:null
Caused By:t3://localhost:7001: Destination unreachable; nested exception is: 
	java.net.ConnectException: Connection refused: connect; No available router to destination
Caused By:Destination unreachable; nested exception is: 
	java.net.ConnectException: Connection refused: connect; No available router to destination

Jan 31, 2008 8:30:22 AM com.inovis.b2b.lib.exception.OperationFailedException <init>
SEVERE: [LIBP-00001] Unable to connect to naming service
Caused By:null
Caused By:t3://localhost:7001: Destination unreachable; nested exception is: 
	java.net.ConnectException: Connection refused: connect; No available router to destination
Caused By:Destination unreachable; nested exception is: 
	java.net.ConnectException: Connection refused: connect; No available router to destination

Jan 31, 2008 8:30:22 AM com.inovis.b2b.lib.exception.OperationFailedException <init>
SEVERE: [REGN-00601] Unable to create the ProderOrder Manager.
Caused By:[LIBP-00001] Unable to connect to naming service
Caused By:null
Caused By:t3://localhost:7001: Destination unreachable; nested exception is: 
	java.net.ConnectException: Connection refused: connect; No available router to destination
Caused By:Destination unreachable; nested exception is: 
	java.net.ConnectException: Connection refused: connect; No available router to destination

Jan 31, 2008 8:30:25 AM com.inovis.b2b.lib.exception.OperationFailedException <init>
SEVERE: [LIBP-00001] Unable to connect to naming service
Caused By:null
Caused By:t3://localhost:7001: Destination unreachable; nested exception is: 
	java.net.ConnectException: Connection refused: connect; No available router to destination
Caused By:Destination unreachable; nested exception is: 
	java.net.ConnectException: Connection refused: connect; No available router to destination

Jan 31, 2008 8:30:25 AM com.inovis.b2b.lib.exception.OperationFailedException <init>
SEVERE: [REGN-00601] Unable to create the ProderOrder Manager.
Caused By:[LIBP-00001] Unable to connect to naming service
Caused By:null
Caused By:t3://localhost:7001: Destination unreachable; nested exception is: 
	java.net.ConnectException: Connection refused: connect; No available router to destination
Caused By:Destination unreachable; nested exception is: 
	java.net.ConnectException: Connection refused: connect; No available router to destination

Jan 31, 2008 8:30:28 AM com.inovis.b2b.lib.exception.OperationFailedException <init>
SEVERE: [LIBP-00001] Unable to connect to naming service
Caused By:null
Caused By:t3://localhost:7001: Destination unreachable; nested exception is: 
	java.net.ConnectException: Connection refused: connect; No available router to destination
Caused By:Destination unreachable; nested exception is: 
	java.net.ConnectException: Connection refused: connect; No available router to destination

Jan 31, 2008 8:30:28 AM com.inovis.b2b.lib.exception.OperationFailedException <init>
SEVERE: [REGN-00601] Unable to create the ProderOrder Manager.
Caused By:[LIBP-00001] Unable to connect to naming service
Caused By:null
Caused By:t3://localhost:7001: Destination unreachable; nested exception is: 
	java.net.ConnectException: Connection refused: connect; No available router to destination
Caused By:Destination unreachable; nested exception is: 
	java.net.ConnectException: Connection refused: connect; No available router to destination

Jan 31, 2008 8:30:30 AM com.inovis.b2b.lib.exception.OperationFailedException <init>
SEVERE: [LIBP-00001] Unable to connect to naming service
Caused By:null
Caused By:t3://localhost:7001: Destination unreachable; nested exception is: 
	java.net.ConnectException: Connection refused: connect; No available router to destination
Caused By:Destination unreachable; nested exception is: 
	java.net.ConnectException: Connection refused: connect; No available router to destination

Jan 31, 2008 8:30:30 AM com.inovis.b2b.lib.exception.OperationFailedException <init>
SEVERE: [REGN-00601] Unable to create the ProderOrder Manager.
Caused By:[LIBP-00001] Unable to connect to naming service
Caused By:null
Caused By:t3://localhost:7001: Destination unreachable; nested exception is: 
	java.net.ConnectException: Connection refused: connect; No available router to destination
Caused By:Destination unreachable; nested exception is: 
	java.net.ConnectException: Connection refused: connect; No available router to destination

Jan 31, 2008 8:30:33 AM com.inovis.b2b.lib.exception.OperationFailedException <init>
SEVERE: [LIBP-00001] Unable to connect to naming service
Caused By:null
Caused By:t3://localhost:7001: Destination unreachable; nested exception is: 
	java.net.ConnectException: Connection refused: connect; No available router to destination
Caused By:Destination unreachable; nested exception is: 
	java.net.ConnectException: Connection refused: connect; No available router to destination

Jan 31, 2008 8:30:33 AM com.inovis.b2b.lib.exception.OperationFailedException <init>
SEVERE: [REGN-00601] Unable to create the ProderOrder Manager.
Caused By:[LIBP-00001] Unable to connect to naming service
Caused By:null
Caused By:t3://localhost:7001: Destination unreachable; nested exception is: 
	java.net.ConnectException: Connection refused: connect; No available router to destination
Caused By:Destination unreachable; nested exception is: 
	java.net.ConnectException: Connection refused: connect; No available router to destination

Jan 31, 2008 8:30:35 AM com.inovis.b2b.lib.exception.OperationFailedException <init>
SEVERE: [LIBP-00001] Unable to connect to naming service
Caused By:null
Caused By:t3://localhost:7001: Destination unreachable; nested exception is: 
	java.net.ConnectException: Connection refused: connect; No available router to destination
Caused By:Destination unreachable; nested exception is: 
	java.net.ConnectException: Connection refused: connect; No available router to destination

Jan 31, 2008 8:30:35 AM com.inovis.b2b.lib.exception.OperationFailedException <init>
SEVERE: [REGN-00601] Unable to create the ProderOrder Manager.
Caused By:[LIBP-00001] Unable to connect to naming service
Caused By:null
Caused By:t3://localhost:7001: Destination unreachable; nested exception is: 
	java.net.ConnectException: Connection refused: connect; No available router to destination
Caused By:Destination unreachable; nested exception is: 
	java.net.ConnectException: Connection refused: connect; No available router to destination

Jan 31, 2008 8:30:38 AM com.inovis.b2b.lib.exception.OperationFailedException <init>
SEVERE: [LIBP-00001] Unable to connect to naming service
Caused By:null
Caused By:t3://localhost:7001: Destination unreachable; nested exception is: 
	java.net.ConnectException: Connection refused: connect; No available router to destination
Caused By:Destination unreachable; nested exception is: 
	java.net.ConnectException: Connection refused: connect; No available router to destination

Jan 31, 2008 8:30:38 AM com.inovis.b2b.lib.exception.OperationFailedException <init>
SEVERE: [REGN-00601] Unable to create the ProderOrder Manager.
Caused By:[LIBP-00001] Unable to connect to naming service
Caused By:null
Caused By:t3://localhost:7001: Destination unreachable; nested exception is: 
	java.net.ConnectException: Connection refused: connect; No available router to destination
Caused By:Destination unreachable; nested exception is: 
	java.net.ConnectException: Connection refused: connect; No available router to destination

Jan 31, 2008 8:30:40 AM com.inovis.b2b.lib.exception.OperationFailedException <init>
SEVERE: [LIBP-00001] Unable to connect to naming service
Caused By:null
Caused By:t3://localhost:7001: Destination unreachable; nested exception is: 
	java.net.ConnectException: Connection refused: connect; No available router to destination
Caused By:Destination unreachable; nested exception is: 
	java.net.ConnectException: Connection refused: connect; No available router to destination

Jan 31, 2008 8:30:40 AM com.inovis.b2b.lib.exception.OperationFailedException <init>
SEVERE: [REGN-00601] Unable to create the ProderOrder Manager.
Caused By:[LIBP-00001] Unable to connect to naming service
Caused By:null
Caused By:t3://localhost:7001: Destination unreachable; nested exception is: 
	java.net.ConnectException: Connection refused: connect; No available router to destination
Caused By:Destination unreachable; nested exception is: 
	java.net.ConnectException: Connection refused: connect; No available router to destination

Jan 31, 2008 8:30:43 AM com.inovis.b2b.lib.exception.OperationFailedException <init>
SEVERE: [LIBP-00001] Unable to connect to naming service
Caused By:null
Caused By:t3://localhost:7001: Destination unreachable; nested exception is: 
	java.net.ConnectException: Connection refused: connect; No available router to destination
Caused By:Destination unreachable; nested exception is: 
	java.net.ConnectException: Connection refused: connect; No available router to destination

Jan 31, 2008 8:30:43 AM com.inovis.b2b.lib.exception.OperationFailedException <init>
SEVERE: [REGN-00601] Unable to create the ProderOrder Manager.
Caused By:[LIBP-00001] Unable to connect to naming service
Caused By:null
Caused By:t3://localhost:7001: Destination unreachable; nested exception is: 
	java.net.ConnectException: Connection refused: connect; No available router to destination
Caused By:Destination unreachable; nested exception is: 
	java.net.ConnectException: Connection refused: connect; No available router to destination

Jan 31, 2008 8:30:45 AM com.inovis.b2b.lib.exception.OperationFailedException <init>
SEVERE: [LIBP-00001] Unable to connect to naming service
Caused By:null
Caused By:t3://localhost:7001: Destination unreachable; nested exception is: 
	java.net.ConnectException: Connection refused: connect; No available router to destination
Caused By:Destination unreachable; nested exception is: 
	java.net.ConnectException: Connection refused: connect; No available router to destination

Jan 31, 2008 8:30:45 AM com.inovis.b2b.lib.exception.OperationFailedException <init>
INFO: [RHLP-00163] Unable to create the RegHelper Manager.
Caused By:[LIBP-00001] Unable to connect to naming service
Caused By:null
Caused By:t3://localhost:7001: Destination unreachable; nested exception is: 
	java.net.ConnectException: Connection refused: connect; No available router to destination
Caused By:Destination unreachable; nested exception is: 
	java.net.ConnectException: Connection refused: connect; No available router to destination

Jan 31, 2008 8:30:47 AM com.inovis.b2b.lib.exception.OperationFailedException <init>
SEVERE: [LIBP-00001] Unable to connect to naming service
Caused By:null
Caused By:t3://localhost:7001: Destination unreachable; nested exception is: 
	java.net.ConnectException: Connection refused: connect; No available router to destination
Caused By:Destination unreachable; nested exception is: 
	java.net.ConnectException: Connection refused: connect; No available router to destination

Jan 31, 2008 8:30:47 AM com.inovis.b2b.lib.exception.OperationFailedException <init>
INFO: [RHLP-00163] Unable to create the RegHelper Manager.
Caused By:[LIBP-00001] Unable to connect to naming service
Caused By:null
Caused By:t3://localhost:7001: Destination unreachable; nested exception is: 
	java.net.ConnectException: Connection refused: connect; No available router to destination
Caused By:Destination unreachable; nested exception is: 
	java.net.ConnectException: Connection refused: connect; No available router to destination

Jan 31, 2008 8:30:49 AM com.inovis.b2b.lib.exception.OperationFailedException <init>
SEVERE: [LIBP-00001] Unable to connect to naming service
Caused By:null
Caused By:t3://localhost:7001: Destination unreachable; nested exception is: 
	java.net.ConnectException: Connection refused: connect; No available router to destination
Caused By:Destination unreachable; nested exception is: 
	java.net.ConnectException: Connection refused: connect; No available router to destination

Jan 31, 2008 8:30:49 AM com.inovis.b2b.lib.exception.OperationFailedException <init>
INFO: [RHLP-00163] Unable to create the RegHelper Manager.
Caused By:[LIBP-00001] Unable to connect to naming service
Caused By:null
Caused By:t3://localhost:7001: Destination unreachable; nested exception is: 
	java.net.ConnectException: Connection refused: connect; No available router to destination
Caused By:Destination unreachable; nested exception is: 
	java.net.ConnectException: Connection refused: connect; No available router to destination

Jan 31, 2008 8:30:52 AM com.inovis.b2b.lib.exception.OperationFailedException <init>
SEVERE: [LIBP-00001] Unable to connect to naming service
Caused By:null
Caused By:t3://localhost:7001: Destination unreachable; nested exception is: 
	java.net.ConnectException: Connection refused: connect; No available router to destination
Caused By:Destination unreachable; nested exception is: 
	java.net.ConnectException: Connection refused: connect; No available router to destination

Jan 31, 2008 8:30:52 AM com.inovis.b2b.lib.exception.OperationFailedException <init>
INFO: [RHLP-00163] Unable to create the RegHelper Manager.
Caused By:[LIBP-00001] Unable to connect to naming service
Caused By:null
Caused By:t3://localhost:7001: Destination unreachable; nested exception is: 
	java.net.ConnectException: Connection refused: connect; No available router to destination
Caused By:Destination unreachable; nested exception is: 
	java.net.ConnectException: Connection refused: connect; No available router to destination

Jan 31, 2008 8:30:55 AM com.inovis.b2b.lib.exception.OperationFailedException <init>
SEVERE: [LIBP-00001] Unable to connect to naming service
Caused By:null
Caused By:t3://localhost:7001: Destination unreachable; nested exception is: 
	java.net.ConnectException: Connection refused: connect; No available router to destination
Caused By:Destination unreachable; nested exception is: 
	java.net.ConnectException: Connection refused: connect; No available router to destination

Jan 31, 2008 8:30:55 AM com.inovis.b2b.lib.exception.OperationFailedException <init>
INFO: [RHLP-00163] Unable to create the RegHelper Manager.
Caused By:[LIBP-00001] Unable to connect to naming service
Caused By:null
Caused By:t3://localhost:7001: Destination unreachable; nested exception is: 
	java.net.ConnectException: Connection refused: connect; No available router to destination
Caused By:Destination unreachable; nested exception is: 
	java.net.ConnectException: Connection refused: connect; No available router to destination

Jan 31, 2008 8:30:58 AM com.inovis.b2b.lib.exception.OperationFailedException <init>
SEVERE: [LIBP-00001] Unable to connect to naming service
Caused By:null
Caused By:t3://localhost:7001: Destination unreachable; nested exception is: 
	java.net.ConnectException: Connection refused: connect; No available router to destination
Caused By:Destination unreachable; nested exception is: 
	java.net.ConnectException: Connection refused: connect; No available router to destination

Jan 31, 2008 8:30:58 AM com.inovis.b2b.lib.exception.OperationFailedException <init>
INFO: [RHLP-00163] Unable to create the RegHelper Manager.
Caused By:[LIBP-00001] Unable to connect to naming service
Caused By:null
Caused By:t3://localhost:7001: Destination unreachable; nested exception is: 
	java.net.ConnectException: Connection refused: connect; No available router to destination
Caused By:Destination unreachable; nested exception is: 
	java.net.ConnectException: Connection refused: connect; No available router to destination

Jan 31, 2008 8:31:01 AM com.inovis.b2b.lib.exception.OperationFailedException <init>
SEVERE: [LIBP-00001] Unable to connect to naming service
Caused By:null
Caused By:t3://localhost:7001: Destination unreachable; nested exception is: 
	java.net.ConnectException: Connection refused: connect; No available router to destination
Caused By:Destination unreachable; nested exception is: 
	java.net.ConnectException: Connection refused: connect; No available router to destination

Jan 31, 2008 8:31:01 AM com.inovis.b2b.lib.exception.OperationFailedException <init>
INFO: [RHLP-00163] Unable to create the RegHelper Manager.
Caused By:[LIBP-00001] Unable to connect to naming service
Caused By:null
Caused By:t3://localhost:7001: Destination unreachable; nested exception is: 
	java.net.ConnectException: Connection refused: connect; No available router to destination
Caused By:Destination unreachable; nested exception is: 
	java.net.ConnectException: Connection refused: connect; No available router to destination

Jan 31, 2008 8:31:04 AM com.inovis.b2b.lib.exception.OperationFailedException <init>
SEVERE: [LIBP-00001] Unable to connect to naming service
Caused By:null
Caused By:t3://localhost:7001: Destination unreachable; nested exception is: 
	java.net.ConnectException: Connection refused: connect; No available router to destination
Caused By:Destination unreachable; nested exception is: 
	java.net.ConnectException: Connection refused: connect; No available router to destination

Jan 31, 2008 8:31:04 AM com.inovis.b2b.lib.exception.OperationFailedException <init>
INFO: [RHLP-00163] Unable to create the RegHelper Manager.
Caused By:[LIBP-00001] Unable to connect to naming service
Caused By:null
Caused By:t3://localhost:7001: Destination unreachable; nested exception is: 
	java.net.ConnectException: Connection refused: connect; No available router to destination
Caused By:Destination unreachable; nested exception is: 
	java.net.ConnectException: Connection refused: connect; No available router to destination

Jan 31, 2008 8:31:06 AM com.inovis.b2b.lib.exception.OperationFailedException <init>
SEVERE: [LIBP-00001] Unable to connect to naming service
Caused By:null
Caused By:t3://localhost:7001: Destination unreachable; nested exception is: 
	java.net.ConnectException: Connection refused: connect; No available router to destination
Caused By:Destination unreachable; nested exception is: 
	java.net.ConnectException: Connection refused: connect; No available router to destination

Jan 31, 2008 8:31:06 AM com.inovis.b2b.lib.exception.OperationFailedException <init>
INFO: [RHLP-00163] Unable to create the RegHelper Manager.
Caused By:[LIBP-00001] Unable to connect to naming service
Caused By:null
Caused By:t3://localhost:7001: Destination unreachable; nested exception is: 
	java.net.ConnectException: Connection refused: connect; No available router to destination
Caused By:Destination unreachable; nested exception is: 
	java.net.ConnectException: Connection refused: connect; No available router to destination

Jan 31, 2008 8:31:08 AM com.inovis.b2b.lib.exception.OperationFailedException <init>
SEVERE: [LIBP-00001] Unable to connect to naming service
Caused By:null
Caused By:t3://localhost:7001: Destination unreachable; nested exception is: 
	java.net.ConnectException: Connection refused: connect; No available router to destination
Caused By:Destination unreachable; nested exception is: 
	java.net.ConnectException: Connection refused: connect; No available router to destination

Jan 31, 2008 8:31:08 AM com.inovis.b2b.lib.exception.OperationFailedException <init>
INFO: [RHLP-00163] Unable to create the RegHelper Manager.
Caused By:[LIBP-00001] Unable to connect to naming service
Caused By:null
Caused By:t3://localhost:7001: Destination unreachable; nested exception is: 
	java.net.ConnectException: Connection refused: connect; No available router to destination
Caused By:Destination unreachable; nested exception is: 
	java.net.ConnectException: Connection refused: connect; No available router to destination

Jan 31, 2008 8:31:11 AM com.inovis.b2b.lib.exception.OperationFailedException <init>
SEVERE: [LIBP-00001] Unable to connect to naming service
Caused By:null
Caused By:t3://localhost:7001: Destination unreachable; nested exception is: 
	java.net.ConnectException: Connection refused: connect; No available router to destination
Caused By:Destination unreachable; nested exception is: 
	java.net.ConnectException: Connection refused: connect; No available router to destination

Jan 31, 2008 8:31:11 AM com.inovis.b2b.lib.exception.OperationFailedException <init>
INFO: [RHLP-00163] Unable to create the RegHelper Manager.
Caused By:[LIBP-00001] Unable to connect to naming service
Caused By:null
Caused By:t3://localhost:7001: Destination unreachable; nested exception is: 
	java.net.ConnectException: Connection refused: connect; No available router to destination
Caused By:Destination unreachable; nested exception is: 
	java.net.ConnectException: Connection refused: connect; No available router to destination

Jan 31, 2008 8:31:13 AM com.inovis.b2b.lib.exception.OperationFailedException <init>
SEVERE: [LIBP-00001] Unable to connect to naming service
Caused By:null
Caused By:t3://localhost:7001: Destination unreachable; nested exception is: 
	java.net.ConnectException: Connection refused: connect; No available router to destination
Caused By:Destination unreachable; nested exception is: 
	java.net.ConnectException: Connection refused: connect; No available router to destination

Jan 31, 2008 8:31:13 AM com.inovis.b2b.lib.exception.OperationFailedException <init>
INFO: [RHLP-00163] Unable to create the RegHelper Manager.
Caused By:[LIBP-00001] Unable to connect to naming service
Caused By:null
Caused By:t3://localhost:7001: Destination unreachable; nested exception is: 
	java.net.ConnectException: Connection refused: connect; No available router to destination
Caused By:Destination unreachable; nested exception is: 
	java.net.ConnectException: Connection refused: connect; No available router to destination

Jan 31, 2008 8:31:16 AM com.inovis.b2b.lib.exception.OperationFailedException <init>
SEVERE: [LIBP-00001] Unable to connect to naming service
Caused By:null
Caused By:t3://localhost:7001: Destination unreachable; nested exception is: 
	java.net.ConnectException: Connection refused: connect; No available router to destination
Caused By:Destination unreachable; nested exception is: 
	java.net.ConnectException: Connection refused: connect; No available router to destination

Jan 31, 2008 8:31:16 AM com.inovis.b2b.lib.exception.OperationFailedException <init>
INFO: [RHLP-00163] Unable to create the RegHelper Manager.
Caused By:[LIBP-00001] Unable to connect to naming service
Caused By:null
Caused By:t3://localhost:7001: Destination unreachable; nested exception is: 
	java.net.ConnectException: Connection refused: connect; No available router to destination
Caused By:Destination unreachable; nested exception is: 
	java.net.ConnectException: Connection refused: connect; No available router to destination

Jan 31, 2008 8:31:18 AM com.inovis.b2b.lib.exception.OperationFailedException <init>
SEVERE: [LIBP-00001] Unable to connect to naming service
Caused By:null
Caused By:t3://localhost:7001: Destination unreachable; nested exception is: 
	java.net.ConnectException: Connection refused: connect; No available router to destination
Caused By:Destination unreachable; nested exception is: 
	java.net.ConnectException: Connection refused: connect; No available router to destination

Jan 31, 2008 8:31:18 AM com.inovis.b2b.lib.exception.OperationFailedException <init>
INFO: [RHLP-00163] Unable to create the RegHelper Manager.
Caused By:[LIBP-00001] Unable to connect to naming service
Caused By:null
Caused By:t3://localhost:7001: Destination unreachable; nested exception is: 
	java.net.ConnectException: Connection refused: connect; No available router to destination
Caused By:Destination unreachable; nested exception is: 
	java.net.ConnectException: Connection refused: connect; No available router to destination

Jan 31, 2008 8:31:20 AM com.inovis.b2b.lib.exception.OperationFailedException <init>
SEVERE: [LIBP-00001] Unable to connect to naming service
Caused By:null
Caused By:t3://localhost:7001: Destination unreachable; nested exception is: 
	java.net.ConnectException: Connection refused: connect; No available router to destination
Caused By:Destination unreachable; nested exception is: 
	java.net.ConnectException: Connection refused: connect; No available router to destination

Jan 31, 2008 8:31:20 AM com.inovis.b2b.lib.exception.OperationFailedException <init>
INFO: [RHLP-00163] Unable to create the RegHelper Manager.
Caused By:[LIBP-00001] Unable to connect to naming service
Caused By:null
Caused By:t3://localhost:7001: Destination unreachable; nested exception is: 
	java.net.ConnectException: Connection refused: connect; No available router to destination
Caused By:Destination unreachable; nested exception is: 
	java.net.ConnectException: Connection refused: connect; No available router to destination

Jan 31, 2008 8:31:23 AM com.inovis.b2b.lib.exception.OperationFailedException <init>
SEVERE: [LIBP-00001] Unable to connect to naming service
Caused By:null
Caused By:t3://localhost:7001: Destination unreachable; nested exception is: 
	java.net.ConnectException: Connection refused: connect; No available router to destination
Caused By:Destination unreachable; nested exception is: 
	java.net.ConnectException: Connection refused: connect; No available router to destination

Jan 31, 2008 8:31:23 AM com.inovis.b2b.lib.exception.OperationFailedException <init>
INFO: [RHLP-00163] Unable to create the RegHelper Manager.
Caused By:[LIBP-00001] Unable to connect to naming service
Caused By:null
Caused By:t3://localhost:7001: Destination unreachable; nested exception is: 
	java.net.ConnectException: Connection refused: connect; No available router to destination
Caused By:Destination unreachable; nested exception is: 
	java.net.ConnectException: Connection refused: connect; No available router to destination

Jan 31, 2008 8:31:26 AM com.inovis.b2b.lib.exception.OperationFailedException <init>
SEVERE: [LIBP-00001] Unable to connect to naming service
Caused By:null
Caused By:t3://localhost:7001: Destination unreachable; nested exception is: 
	java.net.ConnectException: Connection refused: connect; No available router to destination
Caused By:Destination unreachable; nested exception is: 
	java.net.ConnectException: Connection refused: connect; No available router to destination

Jan 31, 2008 8:31:26 AM com.inovis.b2b.lib.exception.OperationFailedException <init>
INFO: [RHLP-00163] Unable to create the RegHelper Manager.
Caused By:[LIBP-00001] Unable to connect to naming service
Caused By:null
Caused By:t3://localhost:7001: Destination unreachable; nested exception is: 
	java.net.ConnectException: Connection refused: connect; No available router to destination
Caused By:Destination unreachable; nested exception is: 
	java.net.ConnectException: Connection refused: connect; No available router to destination

Jan 31, 2008 8:31:28 AM com.inovis.b2b.lib.exception.OperationFailedException <init>
SEVERE: [LIBP-00001] Unable to connect to naming service
Caused By:null
Caused By:t3://localhost:7001: Destination unreachable; nested exception is: 
	java.net.ConnectException: Connection refused: connect; No available router to destination
Caused By:Destination unreachable; nested exception is: 
	java.net.ConnectException: Connection refused: connect; No available router to destination

Jan 31, 2008 8:31:28 AM com.inovis.b2b.lib.exception.OperationFailedException <init>
INFO: [RHLP-00163] Unable to create the RegHelper Manager.
Caused By:[LIBP-00001] Unable to connect to naming service
Caused By:null
Caused By:t3://localhost:7001: Destination unreachable; nested exception is: 
	java.net.ConnectException: Connection refused: connect; No available router to destination
Caused By:Destination unreachable; nested exception is: 
	java.net.ConnectException: Connection refused: connect; No available router to destination

Jan 31, 2008 8:31:31 AM com.inovis.b2b.lib.exception.OperationFailedException <init>
SEVERE: [LIBP-00001] Unable to connect to naming service
Caused By:null
Caused By:t3://localhost:7001: Destination unreachable; nested exception is: 
	java.net.ConnectException: Connection refused: connect; No available router to destination
Caused By:Destination unreachable; nested exception is: 
	java.net.ConnectException: Connection refused: connect; No available router to destination

Jan 31, 2008 8:31:31 AM com.inovis.b2b.lib.exception.OperationFailedException <init>
INFO: [RHLP-00163] Unable to create the RegHelper Manager.
Caused By:[LIBP-00001] Unable to connect to naming service
Caused By:null
Caused By:t3://localhost:7001: Destination unreachable; nested exception is: 
	java.net.ConnectException: Connection refused: connect; No available router to destination
Caused By:Destination unreachable; nested exception is: 
	java.net.ConnectException: Connection refused: connect; No available router to destination

Jan 31, 2008 8:31:33 AM com.inovis.b2b.lib.exception.OperationFailedException <init>
SEVERE: [LIBP-00001] Unable to connect to naming service
Caused By:null
Caused By:t3://localhost:7001: Destination unreachable; nested exception is: 
	java.net.ConnectException: Connection refused: connect; No available router to destination
Caused By:Destination unreachable; nested exception is: 
	java.net.ConnectException: Connection refused: connect; No available router to destination

Jan 31, 2008 8:31:33 AM com.inovis.b2b.lib.exception.OperationFailedException <init>
INFO: [RHLP-00163] Unable to create the RegHelper Manager.
Caused By:[LIBP-00001] Unable to connect to naming service
Caused By:null
Caused By:t3://localhost:7001: Destination unreachable; nested exception is: 
	java.net.ConnectException: Connection refused: connect; No available router to destination
Caused By:Destination unreachable; nested exception is: 
	java.net.ConnectException: Connection refused: connect; No available router to destination

Jan 31, 2008 8:31:35 AM com.inovis.b2b.lib.exception.OperationFailedException <init>
SEVERE: [LIBP-00001] Unable to connect to naming service
Caused By:null
Caused By:t3://localhost:7001: Destination unreachable; nested exception is: 
	java.net.ConnectException: Connection refused: connect; No available router to destination
Caused By:Destination unreachable; nested exception is: 
	java.net.ConnectException: Connection refused: connect; No available router to destination

Jan 31, 2008 8:31:35 AM com.inovis.b2b.lib.exception.OperationFailedException <init>
INFO: [RHLP-00163] Unable to create the RegHelper Manager.
Caused By:[LIBP-00001] Unable to connect to naming service
Caused By:null
Caused By:t3://localhost:7001: Destination unreachable; nested exception is: 
	java.net.ConnectException: Connection refused: connect; No available router to destination
Caused By:Destination unreachable; nested exception is: 
	java.net.ConnectException: Connection refused: connect; No available router to destination

Jan 31, 2008 8:31:37 AM com.inovis.b2b.lib.exception.OperationFailedException <init>
SEVERE: [LIBP-00001] Unable to connect to naming service
Caused By:null
Caused By:t3://localhost:7001: Destination unreachable; nested exception is: 
	java.net.ConnectException: Connection refused: connect; No available router to destination
Caused By:Destination unreachable; nested exception is: 
	java.net.ConnectException: Connection refused: connect; No available router to destination

Jan 31, 2008 8:31:37 AM com.inovis.b2b.lib.exception.OperationFailedException <init>
INFO: [RHLP-00163] Unable to create the RegHelper Manager.
Caused By:[LIBP-00001] Unable to connect to naming service
Caused By:null
Caused By:t3://localhost:7001: Destination unreachable; nested exception is: 
	java.net.ConnectException: Connection refused: connect; No available router to destination
Caused By:Destination unreachable; nested exception is: 
	java.net.ConnectException: Connection refused: connect; No available router to destination

Jan 31, 2008 8:31:40 AM com.inovis.b2b.lib.exception.OperationFailedException <init>
SEVERE: [LIBP-00001] Unable to connect to naming service
Caused By:null
Caused By:t3://localhost:7001: Destination unreachable; nested exception is: 
	java.net.ConnectException: Connection refused: connect; No available router to destination
Caused By:Destination unreachable; nested exception is: 
	java.net.ConnectException: Connection refused: connect; No available router to destination

Jan 31, 2008 8:31:40 AM com.inovis.b2b.lib.exception.OperationFailedException <init>
INFO: [RHLP-00163] Unable to create the RegHelper Manager.
Caused By:[LIBP-00001] Unable to connect to naming service
Caused By:null
Caused By:t3://localhost:7001: Destination unreachable; nested exception is: 
	java.net.ConnectException: Connection refused: connect; No available router to destination
Caused By:Destination unreachable; nested exception is: 
	java.net.ConnectException: Connection refused: connect; No available router to destination

Jan 31, 2008 8:31:43 AM com.inovis.b2b.lib.exception.OperationFailedException <init>
SEVERE: [LIBP-00001] Unable to connect to naming service
Caused By:null
Caused By:t3://localhost:7001: Destination unreachable; nested exception is: 
	java.net.ConnectException: Connection refused: connect; No available router to destination
Caused By:Destination unreachable; nested exception is: 
	java.net.ConnectException: Connection refused: connect; No available router to destination

Jan 31, 2008 8:31:43 AM com.inovis.b2b.lib.exception.OperationFailedException <init>
INFO: [RHLP-00163] Unable to create the RegHelper Manager.
Caused By:[LIBP-00001] Unable to connect to naming service
Caused By:null
Caused By:t3://localhost:7001: Destination unreachable; nested exception is: 
	java.net.ConnectException: Connection refused: connect; No available router to destination
Caused By:Destination unreachable; nested exception is: 
	java.net.ConnectException: Connection refused: connect; No available router to destination

Jan 31, 2008 8:31:45 AM com.inovis.b2b.lib.exception.OperationFailedException <init>
SEVERE: [LIBP-00001] Unable to connect to naming service
Caused By:null
Caused By:t3://localhost:7001: Destination unreachable; nested exception is: 
	java.net.ConnectException: Connection refused: connect; No available router to destination
Caused By:Destination unreachable; nested exception is: 
	java.net.ConnectException: Connection refused: connect; No available router to destination

Jan 31, 2008 8:31:45 AM com.inovis.b2b.lib.exception.OperationFailedException <init>
INFO: [RHLP-00163] Unable to create the RegHelper Manager.
Caused By:[LIBP-00001] Unable to connect to naming service
Caused By:null
Caused By:t3://localhost:7001: Destination unreachable; nested exception is: 
	java.net.ConnectException: Connection refused: connect; No available router to destination
Caused By:Destination unreachable; nested exception is: 
	java.net.ConnectException: Connection refused: connect; No available router to destination

Jan 31, 2008 8:31:48 AM com.inovis.b2b.lib.exception.OperationFailedException <init>
SEVERE: [LIBP-00001] Unable to connect to naming service
Caused By:null
Caused By:t3://localhost:7001: Destination unreachable; nested exception is: 
	java.net.ConnectException: Connection refused: connect; No available router to destination
Caused By:Destination unreachable; nested exception is: 
	java.net.ConnectException: Connection refused: connect; No available router to destination

Jan 31, 2008 8:31:48 AM com.inovis.b2b.lib.exception.OperationFailedException <init>
INFO: [RHLP-00163] Unable to create the RegHelper Manager.
Caused By:[LIBP-00001] Unable to connect to naming service
Caused By:null
Caused By:t3://localhost:7001: Destination unreachable; nested exception is: 
	java.net.ConnectException: Connection refused: connect; No available router to destination
Caused By:Destination unreachable; nested exception is: 
	java.net.ConnectException: Connection refused: connect; No available router to destination

Jan 31, 2008 8:31:50 AM com.inovis.b2b.lib.exception.OperationFailedException <init>
SEVERE: [LIBP-00001] Unable to connect to naming service
Caused By:null
Caused By:t3://localhost:7001: Destination unreachable; nested exception is: 
	java.net.ConnectException: Connection refused: connect; No available router to destination
Caused By:Destination unreachable; nested exception is: 
	java.net.ConnectException: Connection refused: connect; No available router to destination

Jan 31, 2008 8:31:50 AM com.inovis.b2b.lib.exception.OperationFailedException <init>
INFO: [RHLP-00163] Unable to create the RegHelper Manager.
Caused By:[LIBP-00001] Unable to connect to naming service
Caused By:null
Caused By:t3://localhost:7001: Destination unreachable; nested exception is: 
	java.net.ConnectException: Connection refused: connect; No available router to destination
Caused By:Destination unreachable; nested exception is: 
	java.net.ConnectException: Connection refused: connect; No available router to destination

Jan 31, 2008 8:31:53 AM com.inovis.b2b.lib.exception.OperationFailedException <init>
SEVERE: [LIBP-00001] Unable to connect to naming service
Caused By:null
Caused By:t3://localhost:7001: Destination unreachable; nested exception is: 
	java.net.ConnectException: Connection refused: connect; No available router to destination
Caused By:Destination unreachable; nested exception is: 
	java.net.ConnectException: Connection refused: connect; No available router to destination

Jan 31, 2008 8:31:53 AM com.inovis.b2b.lib.exception.OperationFailedException <init>
INFO: [RHLP-00163] Unable to create the RegHelper Manager.
Caused By:[LIBP-00001] Unable to connect to naming service
Caused By:null
Caused By:t3://localhost:7001: Destination unreachable; nested exception is: 
	java.net.ConnectException: Connection refused: connect; No available router to destination
Caused By:Destination unreachable; nested exception is: 
	java.net.ConnectException: Connection refused: connect; No available router to destination

Jan 31, 2008 8:31:56 AM com.inovis.b2b.lib.exception.OperationFailedException <init>
SEVERE: [LIBP-00001] Unable to connect to naming service
Caused By:null
Caused By:t3://localhost:7001: Destination unreachable; nested exception is: 
	java.net.ConnectException: Connection refused: connect; No available router to destination
Caused By:Destination unreachable; nested exception is: 
	java.net.ConnectException: Connection refused: connect; No available router to destination

Jan 31, 2008 8:31:56 AM com.inovis.b2b.lib.exception.OperationFailedException <init>
INFO: [RHLP-00163] Unable to create the RegHelper Manager.
Caused By:[LIBP-00001] Unable to connect to naming service
Caused By:null
Caused By:t3://localhost:7001: Destination unreachable; nested exception is: 
	java.net.ConnectException: Connection refused: connect; No available router to destination
Caused By:Destination unreachable; nested exception is: 
	java.net.ConnectException: Connection refused: connect; No available router to destination

Jan 31, 2008 8:31:58 AM com.inovis.b2b.lib.exception.OperationFailedException <init>
SEVERE: [LIBP-00001] Unable to connect to naming service
Caused By:null
Caused By:t3://localhost:7001: Destination unreachable; nested exception is: 
	java.net.ConnectException: Connection refused: connect; No available router to destination
Caused By:Destination unreachable; nested exception is: 
	java.net.ConnectException: Connection refused: connect; No available router to destination

Jan 31, 2008 8:31:58 AM com.inovis.b2b.lib.exception.OperationFailedException <init>
INFO: [RHLP-00163] Unable to create the RegHelper Manager.
Caused By:[LIBP-00001] Unable to connect to naming service
Caused By:null
Caused By:t3://localhost:7001: Destination unreachable; nested exception is: 
	java.net.ConnectException: Connection refused: connect; No available router to destination
Caused By:Destination unreachable; nested exception is: 
	java.net.ConnectException: Connection refused: connect; No available router to destination

Jan 31, 2008 8:32:01 AM com.inovis.b2b.lib.exception.OperationFailedException <init>
SEVERE: [LIBP-00001] Unable to connect to naming service
Caused By:null
Caused By:t3://localhost:7001: Destination unreachable; nested exception is: 
	java.net.ConnectException: Connection refused: connect; No available router to destination
Caused By:Destination unreachable; nested exception is: 
	java.net.ConnectException: Connection refused: connect; No available router to destination

Jan 31, 2008 8:32:01 AM com.inovis.b2b.lib.exception.OperationFailedException <init>
INFO: [RHLP-00163] Unable to create the RegHelper Manager.
Caused By:[LIBP-00001] Unable to connect to naming service
Caused By:null
Caused By:t3://localhost:7001: Destination unreachable; nested exception is: 
	java.net.ConnectException: Connection refused: connect; No available router to destination
Caused By:Destination unreachable; nested exception is: 
	java.net.ConnectException: Connection refused: connect; No available router to destination

Jan 31, 2008 8:32:04 AM com.inovis.b2b.lib.exception.OperationFailedException <init>
SEVERE: [LIBP-00001] Unable to connect to naming service
Caused By:null
Caused By:t3://localhost:7001: Destination unreachable; nested exception is: 
	java.net.ConnectException: Connection refused: connect; No available router to destination
Caused By:Destination unreachable; nested exception is: 
	java.net.ConnectException: Connection refused: connect; No available router to destination

Jan 31, 2008 8:32:04 AM com.inovis.b2b.lib.exception.OperationFailedException <init>
INFO: [RHLP-00163] Unable to create the RegHelper Manager.
Caused By:[LIBP-00001] Unable to connect to naming service
Caused By:null
Caused By:t3://localhost:7001: Destination unreachable; nested exception is: 
	java.net.ConnectException: Connection refused: connect; No available router to destination
Caused By:Destination unreachable; nested exception is: 
	java.net.ConnectException: Connection refused: connect; No available router to destination

Jan 31, 2008 8:32:06 AM com.inovis.b2b.lib.exception.OperationFailedException <init>
SEVERE: [LIBP-00001] Unable to connect to naming service
Caused By:null
Caused By:t3://localhost:7001: Destination unreachable; nested exception is: 
	java.net.ConnectException: Connection refused: connect; No available router to destination
Caused By:Destination unreachable; nested exception is: 
	java.net.ConnectException: Connection refused: connect; No available router to destination

Jan 31, 2008 8:32:06 AM com.inovis.b2b.lib.exception.OperationFailedException <init>
INFO: [RHLP-00163] Unable to create the RegHelper Manager.
Caused By:[LIBP-00001] Unable to connect to naming service
Caused By:null
Caused By:t3://localhost:7001: Destination unreachable; nested exception is: 
	java.net.ConnectException: Connection refused: connect; No available router to destination
Caused By:Destination unreachable; nested exception is: 
	java.net.ConnectException: Connection refused: connect; No available router to destination

Jan 31, 2008 8:32:09 AM com.inovis.b2b.lib.exception.OperationFailedException <init>
SEVERE: [LIBP-00001] Unable to connect to naming service
Caused By:null
Caused By:t3://localhost:7001: Destination unreachable; nested exception is: 
	java.net.ConnectException: Connection refused: connect; No available router to destination
Caused By:Destination unreachable; nested exception is: 
	java.net.ConnectException: Connection refused: connect; No available router to destination

Jan 31, 2008 8:32:09 AM com.inovis.b2b.lib.exception.OperationFailedException <init>
INFO: [RHLP-00163] Unable to create the RegHelper Manager.
Caused By:[LIBP-00001] Unable to connect to naming service
Caused By:null
Caused By:t3://localhost:7001: Destination unreachable; nested exception is: 
	java.net.ConnectException: Connection refused: connect; No available router to destination
Caused By:Destination unreachable; nested exception is: 
	java.net.ConnectException: Connection refused: connect; No available router to destination

Jan 31, 2008 8:32:11 AM com.inovis.b2b.lib.exception.OperationFailedException <init>
SEVERE: [LIBP-00001] Unable to connect to naming service
Caused By:null
Caused By:t3://localhost:7001: Destination unreachable; nested exception is: 
	java.net.ConnectException: Connection refused: connect; No available router to destination
Caused By:Destination unreachable; nested exception is: 
	java.net.ConnectException: Connection refused: connect; No available router to destination

Jan 31, 2008 8:32:11 AM com.inovis.b2b.lib.exception.OperationFailedException <init>
INFO: [RHLP-00163] Unable to create the RegHelper Manager.
Caused By:[LIBP-00001] Unable to connect to naming service
Caused By:null
Caused By:t3://localhost:7001: Destination unreachable; nested exception is: 
	java.net.ConnectException: Connection refused: connect; No available router to destination
Caused By:Destination unreachable; nested exception is: 
	java.net.ConnectException: Connection refused: connect; No available router to destination

Jan 31, 2008 8:32:14 AM com.inovis.b2b.lib.exception.OperationFailedException <init>
SEVERE: [LIBP-00001] Unable to connect to naming service
Caused By:null
Caused By:t3://localhost:7001: Destination unreachable; nested exception is: 
	java.net.ConnectException: Connection refused: connect; No available router to destination
Caused By:Destination unreachable; nested exception is: 
	java.net.ConnectException: Connection refused: connect; No available router to destination

Jan 31, 2008 8:32:14 AM com.inovis.b2b.lib.exception.OperationFailedException <init>
INFO: [RHLP-00163] Unable to create the RegHelper Manager.
Caused By:[LIBP-00001] Unable to connect to naming service
Caused By:null
Caused By:t3://localhost:7001: Destination unreachable; nested exception is: 
	java.net.ConnectException: Connection refused: connect; No available router to destination
Caused By:Destination unreachable; nested exception is: 
	java.net.ConnectException: Connection refused: connect; No available router to destination

Jan 31, 2008 8:32:17 AM com.inovis.b2b.lib.exception.OperationFailedException <init>
SEVERE: [LIBP-00001] Unable to connect to naming service
Caused By:null
Caused By:t3://localhost:7001: Destination unreachable; nested exception is: 
	java.net.ConnectException: Connection refused: connect; No available router to destination
Caused By:Destination unreachable; nested exception is: 
	java.net.ConnectException: Connection refused: connect; No available router to destination

Jan 31, 2008 8:32:17 AM com.inovis.b2b.lib.exception.OperationFailedException <init>
INFO: [RHLP-00163] Unable to create the RegHelper Manager.
Caused By:[LIBP-00001] Unable to connect to naming service
Caused By:null
Caused By:t3://localhost:7001: Destination unreachable; nested exception is: 
	java.net.ConnectException: Connection refused: connect; No available router to destination
Caused By:Destination unreachable; nested exception is: 
	java.net.ConnectException: Connection refused: connect; No available router to destination

Jan 31, 2008 8:32:19 AM com.inovis.b2b.lib.exception.OperationFailedException <init>
SEVERE: [LIBP-00001] Unable to connect to naming service
Caused By:null
Caused By:t3://localhost:7001: Destination unreachable; nested exception is: 
	java.net.ConnectException: Connection refused: connect; No available router to destination
Caused By:Destination unreachable; nested exception is: 
	java.net.ConnectException: Connection refused: connect; No available router to destination

Jan 31, 2008 8:32:19 AM com.inovis.b2b.lib.exception.OperationFailedException <init>
INFO: [RHLP-00163] Unable to create the RegHelper Manager.
Caused By:[LIBP-00001] Unable to connect to naming service
Caused By:null
Caused By:t3://localhost:7001: Destination unreachable; nested exception is: 
	java.net.ConnectException: Connection refused: connect; No available router to destination
Caused By:Destination unreachable; nested exception is: 
	java.net.ConnectException: Connection refused: connect; No available router to destination

Jan 31, 2008 8:32:22 AM com.inovis.b2b.lib.exception.OperationFailedException <init>
SEVERE: [LIBP-00001] Unable to connect to naming service
Caused By:null
Caused By:t3://localhost:7001: Destination unreachable; nested exception is: 
	java.net.ConnectException: Connection refused: connect; No available router to destination
Caused By:Destination unreachable; nested exception is: 
	java.net.ConnectException: Connection refused: connect; No available router to destination

Jan 31, 2008 8:32:22 AM com.inovis.b2b.lib.exception.OperationFailedException <init>
INFO: [RHLP-00163] Unable to create the RegHelper Manager.
Caused By:[LIBP-00001] Unable to connect to naming service
Caused By:null
Caused By:t3://localhost:7001: Destination unreachable; nested exception is: 
	java.net.ConnectException: Connection refused: connect; No available router to destination
Caused By:Destination unreachable; nested exception is: 
	java.net.ConnectException: Connection refused: connect; No available router to destination

Jan 31, 2008 8:32:24 AM com.inovis.b2b.lib.exception.OperationFailedException <init>
SEVERE: [LIBP-00001] Unable to connect to naming service
Caused By:null
Caused By:t3://localhost:7001: Destination unreachable; nested exception is: 
	java.net.ConnectException: Connection refused: connect; No available router to destination
Caused By:Destination unreachable; nested exception is: 
	java.net.ConnectException: Connection refused: connect; No available router to destination

Jan 31, 2008 8:32:24 AM com.inovis.b2b.lib.exception.OperationFailedException <init>
INFO: [RHLP-00163] Unable to create the RegHelper Manager.
Caused By:[LIBP-00001] Unable to connect to naming service
Caused By:null
Caused By:t3://localhost:7001: Destination unreachable; nested exception is: 
	java.net.ConnectException: Connection refused: connect; No available router to destination
Caused By:Destination unreachable; nested exception is: 
	java.net.ConnectException: Connection refused: connect; No available router to destination

Jan 31, 2008 8:32:26 AM com.inovis.b2b.lib.exception.OperationFailedException <init>
SEVERE: [LIBP-00001] Unable to connect to naming service
Caused By:null
Caused By:t3://localhost:7001: Destination unreachable; nested exception is: 
	java.net.ConnectException: Connection refused: connect; No available router to destination
Caused By:Destination unreachable; nested exception is: 
	java.net.ConnectException: Connection refused: connect; No available router to destination

Jan 31, 2008 8:32:26 AM com.inovis.b2b.lib.exception.OperationFailedException <init>
INFO: [RHLP-00163] Unable to create the RegHelper Manager.
Caused By:[LIBP-00001] Unable to connect to naming service
Caused By:null
Caused By:t3://localhost:7001: Destination unreachable; nested exception is: 
	java.net.ConnectException: Connection refused: connect; No available router to destination
Caused By:Destination unreachable; nested exception is: 
	java.net.ConnectException: Connection refused: connect; No available router to destination

Jan 31, 2008 8:32:29 AM com.inovis.b2b.lib.exception.OperationFailedException <init>
SEVERE: [LIBP-00001] Unable to connect to naming service
Caused By:null
Caused By:t3://localhost:7001: Destination unreachable; nested exception is: 
	java.net.ConnectException: Connection refused: connect; No available router to destination
Caused By:Destination unreachable; nested exception is: 
	java.net.ConnectException: Connection refused: connect; No available router to destination

Jan 31, 2008 8:32:29 AM com.inovis.b2b.lib.exception.OperationFailedException <init>
INFO: [RHLP-00163] Unable to create the RegHelper Manager.
Caused By:[LIBP-00001] Unable to connect to naming service
Caused By:null
Caused By:t3://localhost:7001: Destination unreachable; nested exception is: 
	java.net.ConnectException: Connection refused: connect; No available router to destination
Caused By:Destination unreachable; nested exception is: 
	java.net.ConnectException: Connection refused: connect; No available router to destination

Jan 31, 2008 8:32:31 AM com.inovis.b2b.lib.exception.OperationFailedException <init>
SEVERE: [LIBP-00001] Unable to connect to naming service
Caused By:null
Caused By:t3://localhost:7001: Destination unreachable; nested exception is: 
	java.net.ConnectException: Connection refused: connect; No available router to destination
Caused By:Destination unreachable; nested exception is: 
	java.net.ConnectException: Connection refused: connect; No available router to destination

Jan 31, 2008 8:32:34 AM com.inovis.b2b.lib.exception.OperationFailedException <init>
SEVERE: [LIBP-00001] Unable to connect to naming service
Caused By:null
Caused By:t3://localhost:7001: Destination unreachable; nested exception is: 
	java.net.ConnectException: Connection refused: connect; No available router to destination
Caused By:Destination unreachable; nested exception is: 
	java.net.ConnectException: Connection refused: connect; No available router to destination

Jan 31, 2008 8:32:37 AM com.inovis.b2b.lib.exception.OperationFailedException <init>
SEVERE: [LIBP-00001] Unable to connect to naming service
Caused By:null
Caused By:t3://localhost:7001: Destination unreachable; nested exception is: 
	java.net.ConnectException: Connection refused: connect; No available router to destination
Caused By:Destination unreachable; nested exception is: 
	java.net.ConnectException: Connection refused: connect; No available router to destination

Jan 31, 2008 8:32:39 AM com.inovis.b2b.lib.exception.OperationFailedException <init>
SEVERE: [LIBP-00001] Unable to connect to naming service
Caused By:null
Caused By:t3://localhost:7001: Destination unreachable; nested exception is: 
	java.net.ConnectException: Connection refused: connect; No available router to destination
Caused By:Destination unreachable; nested exception is: 
	java.net.ConnectException: Connection refused: connect; No available router to destination

Jan 31, 2008 8:32:42 AM com.inovis.b2b.lib.exception.OperationFailedException <init>
SEVERE: [LIBP-00001] Unable to connect to naming service
Caused By:null
Caused By:t3://localhost:7001: Destination unreachable; nested exception is: 
	java.net.ConnectException: Connection refused: connect; No available router to destination
Caused By:Destination unreachable; nested exception is: 
	java.net.ConnectException: Connection refused: connect; No available router to destination

Jan 31, 2008 8:32:45 AM com.inovis.b2b.lib.exception.OperationFailedException <init>
SEVERE: [LIBP-00001] Unable to connect to naming service
Caused By:null
Caused By:t3://localhost:7001: Destination unreachable; nested exception is: 
	java.net.ConnectException: Connection refused: connect; No available router to destination
Caused By:Destination unreachable; nested exception is: 
	java.net.ConnectException: Connection refused: connect; No available router to destination

Jan 31, 2008 8:32:47 AM com.inovis.b2b.lib.exception.OperationFailedException <init>
SEVERE: [LIBP-00001] Unable to connect to naming service
Caused By:null
Caused By:t3://localhost:7001: Destination unreachable; nested exception is: 
	java.net.ConnectException: Connection refused: connect; No available router to destination
Caused By:Destination unreachable; nested exception is: 
	java.net.ConnectException: Connection refused: connect; No available router to destination

Jan 31, 2008 8:32:50 AM com.inovis.b2b.lib.exception.OperationFailedException <init>
SEVERE: [LIBP-00001] Unable to connect to naming service
Caused By:null
Caused By:t3://localhost:7001: Destination unreachable; nested exception is: 
	java.net.ConnectException: Connection refused: connect; No available router to destination
Caused By:Destination unreachable; nested exception is: 
	java.net.ConnectException: Connection refused: connect; No available router to destination

Jan 31, 2008 8:32:53 AM com.inovis.b2b.lib.exception.OperationFailedException <init>
SEVERE: [LIBP-00001] Unable to connect to naming service
Caused By:null
Caused By:t3://localhost:7001: Destination unreachable; nested exception is: 
	java.net.ConnectException: Connection refused: connect; No available router to destination
Caused By:Destination unreachable; nested exception is: 
	java.net.ConnectException: Connection refused: connect; No available router to destination

Jan 31, 2008 8:32:55 AM com.inovis.b2b.lib.exception.OperationFailedException <init>
SEVERE: [LIBP-00001] Unable to connect to naming service
Caused By:null
Caused By:t3://localhost:7001: Destination unreachable; nested exception is: 
	java.net.ConnectException: Connection refused: connect; No available router to destination
Caused By:Destination unreachable; nested exception is: 
	java.net.ConnectException: Connection refused: connect; No available router to destination

Jan 31, 2008 8:32:55 AM com.inovis.b2b.lib.exception.OperationFailedException <init>
SEVERE: [USEN-00106] Unable to create the UserSession Manager.
Caused By:[LIBP-00001] Unable to connect to naming service
Caused By:null
Caused By:t3://localhost:7001: Destination unreachable; nested exception is: 
	java.net.ConnectException: Connection refused: connect; No available router to destination
Caused By:Destination unreachable; nested exception is: 
	java.net.ConnectException: Connection refused: connect; No available router to destination

Jan 31, 2008 8:32:57 AM com.inovis.b2b.lib.exception.OperationFailedException <init>
SEVERE: [LIBP-00001] Unable to connect to naming service
Caused By:null
Caused By:t3://localhost:7001: Destination unreachable; nested exception is: 
	java.net.ConnectException: Connection refused: connect; No available router to destination
Caused By:Destination unreachable; nested exception is: 
	java.net.ConnectException: Connection refused: connect; No available router to destination

Jan 31, 2008 8:32:57 AM com.inovis.b2b.lib.exception.OperationFailedException <init>
SEVERE: [USEN-00106] Unable to create the UserSession Manager.
Caused By:[LIBP-00001] Unable to connect to naming service
Caused By:null
Caused By:t3://localhost:7001: Destination unreachable; nested exception is: 
	java.net.ConnectException: Connection refused: connect; No available router to destination
Caused By:Destination unreachable; nested exception is: 
	java.net.ConnectException: Connection refused: connect; No available router to destination

Jan 31, 2008 8:33:00 AM com.inovis.b2b.lib.exception.OperationFailedException <init>
SEVERE: [LIBP-00001] Unable to connect to naming service
Caused By:null
Caused By:t3://localhost:7001: Destination unreachable; nested exception is: 
	java.net.ConnectException: Connection refused: connect; No available router to destination
Caused By:Destination unreachable; nested exception is: 
	java.net.ConnectException: Connection refused: connect; No available router to destination

Jan 31, 2008 8:33:00 AM com.inovis.b2b.lib.exception.OperationFailedException <init>
SEVERE: [USEN-00106] Unable to create the UserSession Manager.
Caused By:[LIBP-00001] Unable to connect to naming service
Caused By:null
Caused By:t3://localhost:7001: Destination unreachable; nested exception is: 
	java.net.ConnectException: Connection refused: connect; No available router to destination
Caused By:Destination unreachable; nested exception is: 
	java.net.ConnectException: Connection refused: connect; No available router to destination

Jan 31, 2008 8:33:02 AM com.inovis.b2b.lib.exception.OperationFailedException <init>
SEVERE: [LIBP-00001] Unable to connect to naming service
Caused By:null
Caused By:t3://localhost:7001: Destination unreachable; nested exception is: 
	java.net.ConnectException: Connection refused: connect; No available router to destination
Caused By:Destination unreachable; nested exception is: 
	java.net.ConnectException: Connection refused: connect; No available router to destination

Jan 31, 2008 8:33:02 AM com.inovis.b2b.lib.exception.OperationFailedException <init>
SEVERE: [USEN-00106] Unable to create the UserSession Manager.
Caused By:[LIBP-00001] Unable to connect to naming service
Caused By:null
Caused By:t3://localhost:7001: Destination unreachable; nested exception is: 
	java.net.ConnectException: Connection refused: connect; No available router to destination
Caused By:Destination unreachable; nested exception is: 
	java.net.ConnectException: Connection refused: connect; No available router to destination

Jan 31, 2008 8:33:05 AM com.inovis.b2b.lib.exception.OperationFailedException <init>
SEVERE: [LIBP-00001] Unable to connect to naming service
Caused By:null
Caused By:t3://localhost:7001: Destination unreachable; nested exception is: 
	java.net.ConnectException: Connection refused: connect; No available router to destination
Caused By:Destination unreachable; nested exception is: 
	java.net.ConnectException: Connection refused: connect; No available router to destination

Jan 31, 2008 8:33:05 AM com.inovis.b2b.lib.exception.OperationFailedException <init>
SEVERE: [USEN-00106] Unable to create the UserSession Manager.
Caused By:[LIBP-00001] Unable to connect to naming service
Caused By:null
Caused By:t3://localhost:7001: Destination unreachable; nested exception is: 
	java.net.ConnectException: Connection refused: connect; No available router to destination
Caused By:Destination unreachable; nested exception is: 
	java.net.ConnectException: Connection refused: connect; No available router to destination

Jan 31, 2008 8:33:08 AM com.inovis.b2b.lib.exception.OperationFailedException <init>
SEVERE: [LIBP-00001] Unable to connect to naming service
Caused By:null
Caused By:t3://localhost:7001: Destination unreachable; nested exception is: 
	java.net.ConnectException: Connection refused: connect; No available router to destination
Caused By:Destination unreachable; nested exception is: 
	java.net.ConnectException: Connection refused: connect; No available router to destination

Jan 31, 2008 8:33:08 AM com.inovis.b2b.lib.exception.OperationFailedException <init>
SEVERE: [USEN-00106] Unable to create the UserSession Manager.
Caused By:[LIBP-00001] Unable to connect to naming service
Caused By:null
Caused By:t3://localhost:7001: Destination unreachable; nested exception is: 
	java.net.ConnectException: Connection refused: connect; No available router to destination
Caused By:Destination unreachable; nested exception is: 
	java.net.ConnectException: Connection refused: connect; No available router to destination

Jan 31, 2008 8:33:11 AM com.inovis.b2b.lib.exception.OperationFailedException <init>
SEVERE: [LIBP-00001] Unable to connect to naming service
Caused By:null
Caused By:t3://localhost:7001: Destination unreachable; nested exception is: 
	java.net.ConnectException: Connection refused: connect; No available router to destination
Caused By:Destination unreachable; nested exception is: 
	java.net.ConnectException: Connection refused: connect; No available router to destination

Jan 31, 2008 8:33:11 AM com.inovis.b2b.lib.exception.OperationFailedException <init>
SEVERE: [USEN-00106] Unable to create the UserSession Manager.
Caused By:[LIBP-00001] Unable to connect to naming service
Caused By:null
Caused By:t3://localhost:7001: Destination unreachable; nested exception is: 
	java.net.ConnectException: Connection refused: connect; No available router to destination
Caused By:Destination unreachable; nested exception is: 
	java.net.ConnectException: Connection refused: connect; No available router to destination

Jan 31, 2008 8:33:13 AM com.inovis.b2b.lib.exception.OperationFailedException <init>
SEVERE: [LIBP-00001] Unable to connect to naming service
Caused By:null
Caused By:t3://localhost:7001: Destination unreachable; nested exception is: 
	java.net.ConnectException: Connection refused: connect; No available router to destination
Caused By:Destination unreachable; nested exception is: 
	java.net.ConnectException: Connection refused: connect; No available router to destination

Jan 31, 2008 8:33:13 AM com.inovis.b2b.lib.exception.OperationFailedException <init>
SEVERE: [USEN-00106] Unable to create the UserSession Manager.
Caused By:[LIBP-00001] Unable to connect to naming service
Caused By:null
Caused By:t3://localhost:7001: Destination unreachable; nested exception is: 
	java.net.ConnectException: Connection refused: connect; No available router to destination
Caused By:Destination unreachable; nested exception is: 
	java.net.ConnectException: Connection refused: connect; No available router to destination

Jan 31, 2008 8:33:15 AM com.inovis.b2b.lib.exception.OperationFailedException <init>
SEVERE: [LIBP-00001] Unable to connect to naming service
Caused By:null
Caused By:t3://localhost:7001: Destination unreachable; nested exception is: 
	java.net.ConnectException: Connection refused: connect; No available router to destination
Caused By:Destination unreachable; nested exception is: 
	java.net.ConnectException: Connection refused: connect; No available router to destination

Jan 31, 2008 8:33:15 AM com.inovis.b2b.lib.exception.OperationFailedException <init>
SEVERE: [USEN-00106] Unable to create the UserSession Manager.
Caused By:[LIBP-00001] Unable to connect to naming service
Caused By:null
Caused By:t3://localhost:7001: Destination unreachable; nested exception is: 
	java.net.ConnectException: Connection refused: connect; No available router to destination
Caused By:Destination unreachable; nested exception is: 
	java.net.ConnectException: Connection refused: connect; No available router to destination

Jan 31, 2008 8:33:17 AM com.inovis.b2b.lib.exception.OperationFailedException <init>
SEVERE: [LIBP-00001] Unable to connect to naming service
Caused By:null
Caused By:t3://localhost:7001: Destination unreachable; nested exception is: 
	java.net.ConnectException: Connection refused: connect; No available router to destination
Caused By:Destination unreachable; nested exception is: 
	java.net.ConnectException: Connection refused: connect; No available router to destination

Jan 31, 2008 8:33:17 AM com.inovis.b2b.lib.exception.OperationFailedException <init>
SEVERE: [USEN-00106] Unable to create the UserSession Manager.
Caused By:[LIBP-00001] Unable to connect to naming service
Caused By:null
Caused By:t3://localhost:7001: Destination unreachable; nested exception is: 
	java.net.ConnectException: Connection refused: connect; No available router to destination
Caused By:Destination unreachable; nested exception is: 
	java.net.ConnectException: Connection refused: connect; No available router to destination

Jan 31, 2008 8:33:20 AM com.inovis.b2b.lib.exception.OperationFailedException <init>
SEVERE: [LIBP-00001] Unable to connect to naming service
Caused By:null
Caused By:t3://localhost:7001: Destination unreachable; nested exception is: 
	java.net.ConnectException: Connection refused: connect; No available router to destination
Caused By:Destination unreachable; nested exception is: 
	java.net.ConnectException: Connection refused: connect; No available router to destination

Jan 31, 2008 8:33:20 AM com.inovis.b2b.lib.exception.OperationFailedException <init>
SEVERE: [USEN-00106] Unable to create the UserSession Manager.
Caused By:[LIBP-00001] Unable to connect to naming service
Caused By:null
Caused By:t3://localhost:7001: Destination unreachable; nested exception is: 
	java.net.ConnectException: Connection refused: connect; No available router to destination
Caused By:Destination unreachable; nested exception is: 
	java.net.ConnectException: Connection refused: connect; No available router to destination

Jan 31, 2008 8:33:23 AM com.inovis.b2b.lib.exception.OperationFailedException <init>
SEVERE: [LIBP-00001] Unable to connect to naming service
Caused By:null
Caused By:t3://localhost:7001: Destination unreachable; nested exception is: 
	java.net.ConnectException: Connection refused: connect; No available router to destination
Caused By:Destination unreachable; nested exception is: 
	java.net.ConnectException: Connection refused: connect; No available router to destination

Jan 31, 2008 8:33:23 AM com.inovis.b2b.lib.exception.OperationFailedException <init>
SEVERE: [USEN-00106] Unable to create the UserSession Manager.
Caused By:[LIBP-00001] Unable to connect to naming service
Caused By:null
Caused By:t3://localhost:7001: Destination unreachable; nested exception is: 
	java.net.ConnectException: Connection refused: connect; No available router to destination
Caused By:Destination unreachable; nested exception is: 
	java.net.ConnectException: Connection refused: connect; No available router to destination

Jan 31, 2008 8:33:26 AM com.inovis.b2b.lib.exception.OperationFailedException <init>
SEVERE: [LIBP-00001] Unable to connect to naming service
Caused By:null
Caused By:t3://localhost:7001: Destination unreachable; nested exception is: 
	java.net.ConnectException: Connection refused: connect; No available router to destination
Caused By:Destination unreachable; nested exception is: 
	java.net.ConnectException: Connection refused: connect; No available router to destination

Jan 31, 2008 8:33:26 AM com.inovis.b2b.lib.exception.OperationFailedException <init>
SEVERE: [USER-00101] Failed to get a reference to the Home interface of the UserFacade EJB. This is an EJB error that probably stems from an incorrect deployment, a network problem, or the failure of an EJB server.
Caused By:[LIBP-00001] Unable to connect to naming service
Caused By:null
Caused By:t3://localhost:7001: Destination unreachable; nested exception is: 
	java.net.ConnectException: Connection refused: connect; No available router to destination
Caused By:Destination unreachable; nested exception is: 
	java.net.ConnectException: Connection refused: connect; No available router to destination

Jan 31, 2008 8:33:29 AM com.inovis.b2b.lib.exception.OperationFailedException <init>
SEVERE: [LIBP-00001] Unable to connect to naming service
Caused By:null
Caused By:t3://localhost:7001: Destination unreachable; nested exception is: 
	java.net.ConnectException: Connection refused: connect; No available router to destination
Caused By:Destination unreachable; nested exception is: 
	java.net.ConnectException: Connection refused: connect; No available router to destination

Jan 31, 2008 8:33:29 AM com.inovis.b2b.lib.exception.OperationFailedException <init>
SEVERE: [USER-00101] Failed to get a reference to the Home interface of the UserFacade EJB. This is an EJB error that probably stems from an incorrect deployment, a network problem, or the failure of an EJB server.
Caused By:[LIBP-00001] Unable to connect to naming service
Caused By:null
Caused By:t3://localhost:7001: Destination unreachable; nested exception is: 
	java.net.ConnectException: Connection refused: connect; No available router to destination
Caused By:Destination unreachable; nested exception is: 
	java.net.ConnectException: Connection refused: connect; No available router to destination

Jan 31, 2008 8:33:32 AM com.inovis.b2b.lib.exception.OperationFailedException <init>
SEVERE: [LIBP-00001] Unable to connect to naming service
Caused By:null
Caused By:t3://localhost:7001: Destination unreachable; nested exception is: 
	java.net.ConnectException: Connection refused: connect; No available router to destination
Caused By:Destination unreachable; nested exception is: 
	java.net.ConnectException: Connection refused: connect; No available router to destination

Jan 31, 2008 8:33:32 AM com.inovis.b2b.lib.exception.OperationFailedException <init>
SEVERE: [USER-00101] Failed to get a reference to the Home interface of the UserFacade EJB. This is an EJB error that probably stems from an incorrect deployment, a network problem, or the failure of an EJB server.
Caused By:[LIBP-00001] Unable to connect to naming service
Caused By:null
Caused By:t3://localhost:7001: Destination unreachable; nested exception is: 
	java.net.ConnectException: Connection refused: connect; No available router to destination
Caused By:Destination unreachable; nested exception is: 
	java.net.ConnectException: Connection refused: connect; No available router to destination

Jan 31, 2008 8:33:34 AM com.inovis.b2b.lib.exception.OperationFailedException <init>
SEVERE: [LIBP-00001] Unable to connect to naming service
Caused By:null
Caused By:t3://localhost:7001: Destination unreachable; nested exception is: 
	java.net.ConnectException: Connection refused: connect; No available router to destination
Caused By:Destination unreachable; nested exception is: 
	java.net.ConnectException: Connection refused: connect; No available router to destination

Jan 31, 2008 8:33:34 AM com.inovis.b2b.lib.exception.OperationFailedException <init>
SEVERE: [USER-00101] Failed to get a reference to the Home interface of the UserFacade EJB. This is an EJB error that probably stems from an incorrect deployment, a network problem, or the failure of an EJB server.
Caused By:[LIBP-00001] Unable to connect to naming service
Caused By:null
Caused By:t3://localhost:7001: Destination unreachable; nested exception is: 
	java.net.ConnectException: Connection refused: connect; No available router to destination
Caused By:Destination unreachable; nested exception is: 
	java.net.ConnectException: Connection refused: connect; No available router to destination

Jan 31, 2008 8:33:37 AM com.inovis.b2b.lib.exception.OperationFailedException <init>
SEVERE: [LIBP-00001] Unable to connect to naming service
Caused By:null
Caused By:t3://localhost:7001: Destination unreachable; nested exception is: 
	java.net.ConnectException: Connection refused: connect; No available router to destination
Caused By:Destination unreachable; nested exception is: 
	java.net.ConnectException: Connection refused: connect; No available router to destination

Jan 31, 2008 8:33:37 AM com.inovis.b2b.lib.exception.OperationFailedException <init>
SEVERE: [USER-00101] Failed to get a reference to the Home interface of the UserFacade EJB. This is an EJB error that probably stems from an incorrect deployment, a network problem, or the failure of an EJB server.
Caused By:[LIBP-00001] Unable to connect to naming service
Caused By:null
Caused By:t3://localhost:7001: Destination unreachable; nested exception is: 
	java.net.ConnectException: Connection refused: connect; No available router to destination
Caused By:Destination unreachable; nested exception is: 
	java.net.ConnectException: Connection refused: connect; No available router to destination

Jan 31, 2008 8:33:39 AM com.inovis.b2b.lib.exception.OperationFailedException <init>
SEVERE: [LIBP-00001] Unable to connect to naming service
Caused By:null
Caused By:t3://localhost:7001: Destination unreachable; nested exception is: 
	java.net.ConnectException: Connection refused: connect; No available router to destination
Caused By:Destination unreachable; nested exception is: 
	java.net.ConnectException: Connection refused: connect; No available router to destination

Jan 31, 2008 8:33:39 AM com.inovis.b2b.lib.exception.OperationFailedException <init>
SEVERE: [USER-00101] Failed to get a reference to the Home interface of the UserFacade EJB. This is an EJB error that probably stems from an incorrect deployment, a network problem, or the failure of an EJB server.
Caused By:[LIBP-00001] Unable to connect to naming service
Caused By:null
Caused By:t3://localhost:7001: Destination unreachable; nested exception is: 
	java.net.ConnectException: Connection refused: connect; No available router to destination
Caused By:Destination unreachable; nested exception is: 
	java.net.ConnectException: Connection refused: connect; No available router to destination

Jan 31, 2008 8:33:41 AM com.inovis.b2b.lib.exception.OperationFailedException <init>
SEVERE: [LIBP-00001] Unable to connect to naming service
Caused By:null
Caused By:t3://localhost:7001: Destination unreachable; nested exception is: 
	java.net.ConnectException: Connection refused: connect; No available router to destination
Caused By:Destination unreachable; nested exception is: 
	java.net.ConnectException: Connection refused: connect; No available router to destination

Jan 31, 2008 8:33:41 AM com.inovis.b2b.lib.exception.OperationFailedException <init>
SEVERE: [USER-00101] Failed to get a reference to the Home interface of the UserFacade EJB. This is an EJB error that probably stems from an incorrect deployment, a network problem, or the failure of an EJB server.
Caused By:[LIBP-00001] Unable to connect to naming service
Caused By:null
Caused By:t3://localhost:7001: Destination unreachable; nested exception is: 
	java.net.ConnectException: Connection refused: connect; No available router to destination
Caused By:Destination unreachable; nested exception is: 
	java.net.ConnectException: Connection refused: connect; No available router to destination

Jan 31, 2008 8:33:44 AM com.inovis.b2b.lib.exception.OperationFailedException <init>
SEVERE: [LIBP-00001] Unable to connect to naming service
Caused By:null
Caused By:t3://localhost:7001: Destination unreachable; nested exception is: 
	java.net.ConnectException: Connection refused: connect; No available router to destination
Caused By:Destination unreachable; nested exception is: 
	java.net.ConnectException: Connection refused: connect; No available router to destination

Jan 31, 2008 8:33:44 AM com.inovis.b2b.lib.exception.OperationFailedException <init>
SEVERE: [USER-00101] Failed to get a reference to the Home interface of the UserFacade EJB. This is an EJB error that probably stems from an incorrect deployment, a network problem, or the failure of an EJB server.
Caused By:[LIBP-00001] Unable to connect to naming service
Caused By:null
Caused By:t3://localhost:7001: Destination unreachable; nested exception is: 
	java.net.ConnectException: Connection refused: connect; No available router to destination
Caused By:Destination unreachable; nested exception is: 
	java.net.ConnectException: Connection refused: connect; No available router to destination

Jan 31, 2008 8:33:46 AM com.inovis.b2b.lib.exception.OperationFailedException <init>
SEVERE: [LIBP-00001] Unable to connect to naming service
Caused By:null
Caused By:t3://localhost:7001: Destination unreachable; nested exception is: 
	java.net.ConnectException: Connection refused: connect; No available router to destination
Caused By:Destination unreachable; nested exception is: 
	java.net.ConnectException: Connection refused: connect; No available router to destination

Jan 31, 2008 8:33:46 AM com.inovis.b2b.lib.exception.OperationFailedException <init>
SEVERE: [USER-00101] Failed to get a reference to the Home interface of the UserFacade EJB. This is an EJB error that probably stems from an incorrect deployment, a network problem, or the failure of an EJB server.
Caused By:[LIBP-00001] Unable to connect to naming service
Caused By:null
Caused By:t3://localhost:7001: Destination unreachable; nested exception is: 
	java.net.ConnectException: Connection refused: connect; No available router to destination
Caused By:Destination unreachable; nested exception is: 
	java.net.ConnectException: Connection refused: connect; No available router to destination

Jan 31, 2008 8:33:49 AM com.inovis.b2b.lib.exception.OperationFailedException <init>
SEVERE: [LIBP-00001] Unable to connect to naming service
Caused By:null
Caused By:t3://localhost:7001: Destination unreachable; nested exception is: 
	java.net.ConnectException: Connection refused: connect; No available router to destination
Caused By:Destination unreachable; nested exception is: 
	java.net.ConnectException: Connection refused: connect; No available router to destination

Jan 31, 2008 8:33:49 AM com.inovis.b2b.lib.exception.OperationFailedException <init>
SEVERE: [USER-00101] Failed to get a reference to the Home interface of the UserFacade EJB. This is an EJB error that probably stems from an incorrect deployment, a network problem, or the failure of an EJB server.
Caused By:[LIBP-00001] Unable to connect to naming service
Caused By:null
Caused By:t3://localhost:7001: Destination unreachable; nested exception is: 
	java.net.ConnectException: Connection refused: connect; No available router to destination
Caused By:Destination unreachable; nested exception is: 
	java.net.ConnectException: Connection refused: connect; No available router to destination

Jan 31, 2008 8:33:52 AM com.inovis.b2b.lib.exception.OperationFailedException <init>
SEVERE: [LIBP-00001] Unable to connect to naming service
Caused By:null
Caused By:t3://localhost:7001: Destination unreachable; nested exception is: 
	java.net.ConnectException: Connection refused: connect; No available router to destination
Caused By:Destination unreachable; nested exception is: 
	java.net.ConnectException: Connection refused: connect; No available router to destination

Jan 31, 2008 8:33:52 AM com.inovis.b2b.lib.exception.OperationFailedException <init>
SEVERE: [USER-00101] Failed to get a reference to the Home interface of the UserFacade EJB. This is an EJB error that probably stems from an incorrect deployment, a network problem, or the failure of an EJB server.
Caused By:[LIBP-00001] Unable to connect to naming service
Caused By:null
Caused By:t3://localhost:7001: Destination unreachable; nested exception is: 
	java.net.ConnectException: Connection refused: connect; No available router to destination
Caused By:Destination unreachable; nested exception is: 
	java.net.ConnectException: Connection refused: connect; No available router to destination

Jan 31, 2008 8:33:54 AM com.inovis.b2b.lib.exception.OperationFailedException <init>
SEVERE: [LIBP-00001] Unable to connect to naming service
Caused By:null
Caused By:t3://localhost:7001: Destination unreachable; nested exception is: 
	java.net.ConnectException: Connection refused: connect; No available router to destination
Caused By:Destination unreachable; nested exception is: 
	java.net.ConnectException: Connection refused: connect; No available router to destination

Jan 31, 2008 8:33:54 AM com.inovis.b2b.lib.exception.OperationFailedException <init>
SEVERE: [USER-00101] Failed to get a reference to the Home interface of the UserFacade EJB. This is an EJB error that probably stems from an incorrect deployment, a network problem, or the failure of an EJB server.
Caused By:[LIBP-00001] Unable to connect to naming service
Caused By:null
Caused By:t3://localhost:7001: Destination unreachable; nested exception is: 
	java.net.ConnectException: Connection refused: connect; No available router to destination
Caused By:Destination unreachable; nested exception is: 
	java.net.ConnectException: Connection refused: connect; No available router to destination

Jan 31, 2008 8:33:57 AM com.inovis.b2b.lib.exception.OperationFailedException <init>
SEVERE: [LIBP-00001] Unable to connect to naming service
Caused By:null
Caused By:t3://localhost:7001: Destination unreachable; nested exception is: 
	java.net.ConnectException: Connection refused: connect; No available router to destination
Caused By:Destination unreachable; nested exception is: 
	java.net.ConnectException: Connection refused: connect; No available router to destination

Jan 31, 2008 8:33:57 AM com.inovis.b2b.lib.exception.OperationFailedException <init>
SEVERE: [USER-00101] Failed to get a reference to the Home interface of the UserFacade EJB. This is an EJB error that probably stems from an incorrect deployment, a network problem, or the failure of an EJB server.
Caused By:[LIBP-00001] Unable to connect to naming service
Caused By:null
Caused By:t3://localhost:7001: Destination unreachable; nested exception is: 
	java.net.ConnectException: Connection refused: connect; No available router to destination
Caused By:Destination unreachable; nested exception is: 
	java.net.ConnectException: Connection refused: connect; No available router to destination

Jan 31, 2008 8:34:00 AM com.inovis.b2b.lib.exception.OperationFailedException <init>
SEVERE: [LIBP-00001] Unable to connect to naming service
Caused By:null
Caused By:t3://localhost:7001: Destination unreachable; nested exception is: 
	java.net.ConnectException: Connection refused: connect; No available router to destination
Caused By:Destination unreachable; nested exception is: 
	java.net.ConnectException: Connection refused: connect; No available router to destination

Jan 31, 2008 8:34:00 AM com.inovis.b2b.lib.exception.OperationFailedException <init>
SEVERE: [USER-00101] Failed to get a reference to the Home interface of the UserFacade EJB. This is an EJB error that probably stems from an incorrect deployment, a network problem, or the failure of an EJB server.
Caused By:[LIBP-00001] Unable to connect to naming service
Caused By:null
Caused By:t3://localhost:7001: Destination unreachable; nested exception is: 
	java.net.ConnectException: Connection refused: connect; No available router to destination
Caused By:Destination unreachable; nested exception is: 
	java.net.ConnectException: Connection refused: connect; No available router to destination

Jan 31, 2008 8:34:03 AM com.inovis.b2b.lib.exception.OperationFailedException <init>
SEVERE: [LIBP-00001] Unable to connect to naming service
Caused By:null
Caused By:t3://localhost:7001: Destination unreachable; nested exception is: 
	java.net.ConnectException: Connection refused: connect; No available router to destination
Caused By:Destination unreachable; nested exception is: 
	java.net.ConnectException: Connection refused: connect; No available router to destination

Jan 31, 2008 8:34:03 AM com.inovis.b2b.lib.exception.OperationFailedException <init>
SEVERE: [USER-00101] Failed to get a reference to the Home interface of the UserFacade EJB. This is an EJB error that probably stems from an incorrect deployment, a network problem, or the failure of an EJB server.
Caused By:[LIBP-00001] Unable to connect to naming service
Caused By:null
Caused By:t3://localhost:7001: Destination unreachable; nested exception is: 
	java.net.ConnectException: Connection refused: connect; No available router to destination
Caused By:Destination unreachable; nested exception is: 
	java.net.ConnectException: Connection refused: connect; No available router to destination

Jan 31, 2008 8:34:06 AM com.inovis.b2b.lib.exception.OperationFailedException <init>
SEVERE: [LIBP-00001] Unable to connect to naming service
Caused By:null
Caused By:t3://localhost:7001: Destination unreachable; nested exception is: 
	java.net.ConnectException: Connection refused: connect; No available router to destination
Caused By:Destination unreachable; nested exception is: 
	java.net.ConnectException: Connection refused: connect; No available router to destination

Jan 31, 2008 8:34:06 AM com.inovis.b2b.lib.exception.OperationFailedException <init>
SEVERE: [USER-00101] Failed to get a reference to the Home interface of the UserFacade EJB. This is an EJB error that probably stems from an incorrect deployment, a network problem, or the failure of an EJB server.
Caused By:[LIBP-00001] Unable to connect to naming service
Caused By:null
Caused By:t3://localhost:7001: Destination unreachable; nested exception is: 
	java.net.ConnectException: Connection refused: connect; No available router to destination
Caused By:Destination unreachable; nested exception is: 
	java.net.ConnectException: Connection refused: connect; No available router to destination

Jan 31, 2008 8:34:09 AM com.inovis.b2b.lib.exception.OperationFailedException <init>
SEVERE: [LIBP-00001] Unable to connect to naming service
Caused By:null
Caused By:t3://localhost:7001: Destination unreachable; nested exception is: 
	java.net.ConnectException: Connection refused: connect; No available router to destination
Caused By:Destination unreachable; nested exception is: 
	java.net.ConnectException: Connection refused: connect; No available router to destination

Jan 31, 2008 8:34:09 AM com.inovis.b2b.lib.exception.OperationFailedException <init>
SEVERE: [USER-00101] Failed to get a reference to the Home interface of the UserFacade EJB. This is an EJB error that probably stems from an incorrect deployment, a network problem, or the failure of an EJB server.
Caused By:[LIBP-00001] Unable to connect to naming service
Caused By:null
Caused By:t3://localhost:7001: Destination unreachable; nested exception is: 
	java.net.ConnectException: Connection refused: connect; No available router to destination
Caused By:Destination unreachable; nested exception is: 
	java.net.ConnectException: Connection refused: connect; No available router to destination

Jan 31, 2008 8:34:11 AM com.inovis.b2b.lib.exception.OperationFailedException <init>
SEVERE: [LIBP-00001] Unable to connect to naming service
Caused By:null
Caused By:t3://localhost:7001: Destination unreachable; nested exception is: 
	java.net.ConnectException: Connection refused: connect; No available router to destination
Caused By:Destination unreachable; nested exception is: 
	java.net.ConnectException: Connection refused: connect; No available router to destination

Jan 31, 2008 8:34:11 AM com.inovis.b2b.lib.exception.OperationFailedException <init>
SEVERE: [USER-00101] Failed to get a reference to the Home interface of the UserFacade EJB. This is an EJB error that probably stems from an incorrect deployment, a network problem, or the failure of an EJB server.
Caused By:[LIBP-00001] Unable to connect to naming service
Caused By:null
Caused By:t3://localhost:7001: Destination unreachable; nested exception is: 
	java.net.ConnectException: Connection refused: connect; No available router to destination
Caused By:Destination unreachable; nested exception is: 
	java.net.ConnectException: Connection refused: connect; No available router to destination

Jan 31, 2008 8:34:13 AM com.inovis.b2b.lib.exception.OperationFailedException <init>
SEVERE: [LIBP-00001] Unable to connect to naming service
Caused By:null
Caused By:t3://localhost:7001: Destination unreachable; nested exception is: 
	java.net.ConnectException: Connection refused: connect; No available router to destination
Caused By:Destination unreachable; nested exception is: 
	java.net.ConnectException: Connection refused: connect; No available router to destination

Jan 31, 2008 8:34:13 AM com.inovis.b2b.lib.exception.OperationFailedException <init>
SEVERE: [USER-00101] Failed to get a reference to the Home interface of the UserFacade EJB. This is an EJB error that probably stems from an incorrect deployment, a network problem, or the failure of an EJB server.
Caused By:[LIBP-00001] Unable to connect to naming service
Caused By:null
Caused By:t3://localhost:7001: Destination unreachable; nested exception is: 
	java.net.ConnectException: Connection refused: connect; No available router to destination
Caused By:Destination unreachable; nested exception is: 
	java.net.ConnectException: Connection refused: connect; No available router to destination

Jan 31, 2008 8:34:16 AM com.inovis.b2b.lib.exception.OperationFailedException <init>
SEVERE: [LIBP-00001] Unable to connect to naming service
Caused By:null
Caused By:t3://localhost:7001: Destination unreachable; nested exception is: 
	java.net.ConnectException: Connection refused: connect; No available router to destination
Caused By:Destination unreachable; nested exception is: 
	java.net.ConnectException: Connection refused: connect; No available router to destination

Jan 31, 2008 8:34:16 AM com.inovis.b2b.lib.exception.OperationFailedException <init>
SEVERE: [USER-00101] Failed to get a reference to the Home interface of the UserFacade EJB. This is an EJB error that probably stems from an incorrect deployment, a network problem, or the failure of an EJB server.
Caused By:[LIBP-00001] Unable to connect to naming service
Caused By:null
Caused By:t3://localhost:7001: Destination unreachable; nested exception is: 
	java.net.ConnectException: Connection refused: connect; No available router to destination
Caused By:Destination unreachable; nested exception is: 
	java.net.ConnectException: Connection refused: connect; No available router to destination

Jan 31, 2008 8:34:18 AM com.inovis.b2b.lib.exception.OperationFailedException <init>
SEVERE: [LIBP-00001] Unable to connect to naming service
Caused By:null
Caused By:t3://localhost:7001: Destination unreachable; nested exception is: 
	java.net.ConnectException: Connection refused: connect; No available router to destination
Caused By:Destination unreachable; nested exception is: 
	java.net.ConnectException: Connection refused: connect; No available router to destination

Jan 31, 2008 8:34:18 AM com.inovis.b2b.lib.exception.OperationFailedException <init>
SEVERE: [USER-00101] Failed to get a reference to the Home interface of the UserFacade EJB. This is an EJB error that probably stems from an incorrect deployment, a network problem, or the failure of an EJB server.
Caused By:[LIBP-00001] Unable to connect to naming service
Caused By:null
Caused By:t3://localhost:7001: Destination unreachable; nested exception is: 
	java.net.ConnectException: Connection refused: connect; No available router to destination
Caused By:Destination unreachable; nested exception is: 
	java.net.ConnectException: Connection refused: connect; No available router to destination

Jan 31, 2008 8:34:20 AM com.inovis.b2b.lib.exception.OperationFailedException <init>
SEVERE: [LIBP-00001] Unable to connect to naming service
Caused By:null
Caused By:t3://localhost:7001: Destination unreachable; nested exception is: 
	java.net.ConnectException: Connection refused: connect; No available router to destination
Caused By:Destination unreachable; nested exception is: 
	java.net.ConnectException: Connection refused: connect; No available router to destination

Jan 31, 2008 8:34:20 AM com.inovis.b2b.lib.exception.OperationFailedException <init>
SEVERE: [USER-00101] Failed to get a reference to the Home interface of the UserFacade EJB. This is an EJB error that probably stems from an incorrect deployment, a network problem, or the failure of an EJB server.
Caused By:[LIBP-00001] Unable to connect to naming service
Caused By:null
Caused By:t3://localhost:7001: Destination unreachable; nested exception is: 
	java.net.ConnectException: Connection refused: connect; No available router to destination
Caused By:Destination unreachable; nested exception is: 
	java.net.ConnectException: Connection refused: connect; No available router to destination

Jan 31, 2008 8:34:23 AM com.inovis.b2b.lib.exception.OperationFailedException <init>
SEVERE: [LIBP-00001] Unable to connect to naming service
Caused By:null
Caused By:t3://localhost:7001: Destination unreachable; nested exception is: 
	java.net.ConnectException: Connection refused: connect; No available router to destination
Caused By:Destination unreachable; nested exception is: 
	java.net.ConnectException: Connection refused: connect; No available router to destination

Jan 31, 2008 8:34:23 AM com.inovis.b2b.lib.exception.OperationFailedException <init>
SEVERE: [USER-00101] Failed to get a reference to the Home interface of the UserFacade EJB. This is an EJB error that probably stems from an incorrect deployment, a network problem, or the failure of an EJB server.
Caused By:[LIBP-00001] Unable to connect to naming service
Caused By:null
Caused By:t3://localhost:7001: Destination unreachable; nested exception is: 
	java.net.ConnectException: Connection refused: connect; No available router to destination
Caused By:Destination unreachable; nested exception is: 
	java.net.ConnectException: Connection refused: connect; No available router to destination

Jan 31, 2008 8:34:25 AM com.inovis.b2b.lib.exception.OperationFailedException <init>
SEVERE: [LIBP-00001] Unable to connect to naming service
Caused By:null
Caused By:t3://localhost:7001: Destination unreachable; nested exception is: 
	java.net.ConnectException: Connection refused: connect; No available router to destination
Caused By:Destination unreachable; nested exception is: 
	java.net.ConnectException: Connection refused: connect; No available router to destination

Jan 31, 2008 8:34:25 AM com.inovis.b2b.lib.exception.OperationFailedException <init>
SEVERE: [USER-00101] Failed to get a reference to the Home interface of the UserFacade EJB. This is an EJB error that probably stems from an incorrect deployment, a network problem, or the failure of an EJB server.
Caused By:[LIBP-00001] Unable to connect to naming service
Caused By:null
Caused By:t3://localhost:7001: Destination unreachable; nested exception is: 
	java.net.ConnectException: Connection refused: connect; No available router to destination
Caused By:Destination unreachable; nested exception is: 
	java.net.ConnectException: Connection refused: connect; No available router to destination

Jan 31, 2008 8:34:28 AM com.inovis.b2b.lib.exception.OperationFailedException <init>
SEVERE: [LIBP-00001] Unable to connect to naming service
Caused By:null
Caused By:t3://localhost:7001: Destination unreachable; nested exception is: 
	java.net.ConnectException: Connection refused: connect; No available router to destination
Caused By:Destination unreachable; nested exception is: 
	java.net.ConnectException: Connection refused: connect; No available router to destination

Jan 31, 2008 8:34:28 AM com.inovis.b2b.lib.exception.OperationFailedException <init>
SEVERE: [USER-00101] Failed to get a reference to the Home interface of the UserFacade EJB. This is an EJB error that probably stems from an incorrect deployment, a network problem, or the failure of an EJB server.
Caused By:[LIBP-00001] Unable to connect to naming service
Caused By:null
Caused By:t3://localhost:7001: Destination unreachable; nested exception is: 
	java.net.ConnectException: Connection refused: connect; No available router to destination
Caused By:Destination unreachable; nested exception is: 
	java.net.ConnectException: Connection refused: connect; No available router to destination

Jan 31, 2008 8:34:30 AM com.inovis.b2b.lib.exception.OperationFailedException <init>
SEVERE: [LIBP-00001] Unable to connect to naming service
Caused By:null
Caused By:t3://localhost:7001: Destination unreachable; nested exception is: 
	java.net.ConnectException: Connection refused: connect; No available router to destination
Caused By:Destination unreachable; nested exception is: 
	java.net.ConnectException: Connection refused: connect; No available router to destination

Jan 31, 2008 8:34:30 AM com.inovis.b2b.lib.exception.OperationFailedException <init>
SEVERE: [USER-00101] Failed to get a reference to the Home interface of the UserFacade EJB. This is an EJB error that probably stems from an incorrect deployment, a network problem, or the failure of an EJB server.
Caused By:[LIBP-00001] Unable to connect to naming service
Caused By:null
Caused By:t3://localhost:7001: Destination unreachable; nested exception is: 
	java.net.ConnectException: Connection refused: connect; No available router to destination
Caused By:Destination unreachable; nested exception is: 
	java.net.ConnectException: Connection refused: connect; No available router to destination

Jan 31, 2008 8:34:32 AM com.inovis.b2b.lib.exception.OperationFailedException <init>
SEVERE: [LIBP-00001] Unable to connect to naming service
Caused By:null
Caused By:t3://localhost:7001: Destination unreachable; nested exception is: 
	java.net.ConnectException: Connection refused: connect; No available router to destination
Caused By:Destination unreachable; nested exception is: 
	java.net.ConnectException: Connection refused: connect; No available router to destination

Jan 31, 2008 8:34:32 AM com.inovis.b2b.lib.exception.OperationFailedException <init>
SEVERE: [USER-00101] Failed to get a reference to the Home interface of the UserFacade EJB. This is an EJB error that probably stems from an incorrect deployment, a network problem, or the failure of an EJB server.
Caused By:[LIBP-00001] Unable to connect to naming service
Caused By:null
Caused By:t3://localhost:7001: Destination unreachable; nested exception is: 
	java.net.ConnectException: Connection refused: connect; No available router to destination
Caused By:Destination unreachable; nested exception is: 
	java.net.ConnectException: Connection refused: connect; No available router to destination

Jan 31, 2008 8:34:35 AM com.inovis.b2b.lib.exception.OperationFailedException <init>
SEVERE: [LIBP-00001] Unable to connect to naming service
Caused By:null
Caused By:t3://localhost:7001: Destination unreachable; nested exception is: 
	java.net.ConnectException: Connection refused: connect; No available router to destination
Caused By:Destination unreachable; nested exception is: 
	java.net.ConnectException: Connection refused: connect; No available router to destination

Jan 31, 2008 8:34:35 AM com.inovis.b2b.lib.exception.OperationFailedException <init>
SEVERE: [USER-00101] Failed to get a reference to the Home interface of the UserFacade EJB. This is an EJB error that probably stems from an incorrect deployment, a network problem, or the failure of an EJB server.
Caused By:[LIBP-00001] Unable to connect to naming service
Caused By:null
Caused By:t3://localhost:7001: Destination unreachable; nested exception is: 
	java.net.ConnectException: Connection refused: connect; No available router to destination
Caused By:Destination unreachable; nested exception is: 
	java.net.ConnectException: Connection refused: connect; No available router to destination

Jan 31, 2008 8:34:38 AM com.inovis.b2b.lib.exception.OperationFailedException <init>
SEVERE: [LIBP-00001] Unable to connect to naming service
Caused By:null
Caused By:t3://localhost:7001: Destination unreachable; nested exception is: 
	java.net.ConnectException: Connection refused: connect; No available router to destination
Caused By:Destination unreachable; nested exception is: 
	java.net.ConnectException: Connection refused: connect; No available router to destination

Jan 31, 2008 8:34:38 AM com.inovis.b2b.lib.exception.OperationFailedException <init>
SEVERE: [USER-00101] Failed to get a reference to the Home interface of the UserFacade EJB. This is an EJB error that probably stems from an incorrect deployment, a network problem, or the failure of an EJB server.
Caused By:[LIBP-00001] Unable to connect to naming service
Caused By:null
Caused By:t3://localhost:7001: Destination unreachable; nested exception is: 
	java.net.ConnectException: Connection refused: connect; No available router to destination
Caused By:Destination unreachable; nested exception is: 
	java.net.ConnectException: Connection refused: connect; No available router to destination

Jan 31, 2008 8:34:40 AM com.inovis.b2b.lib.exception.OperationFailedException <init>
SEVERE: [LIBP-00001] Unable to connect to naming service
Caused By:null
Caused By:t3://localhost:7001: Destination unreachable; nested exception is: 
	java.net.ConnectException: Connection refused: connect; No available router to destination
Caused By:Destination unreachable; nested exception is: 
	java.net.ConnectException: Connection refused: connect; No available router to destination

Jan 31, 2008 8:34:40 AM com.inovis.b2b.lib.exception.OperationFailedException <init>
SEVERE: [USER-00101] Failed to get a reference to the Home interface of the UserFacade EJB. This is an EJB error that probably stems from an incorrect deployment, a network problem, or the failure of an EJB server.
Caused By:[LIBP-00001] Unable to connect to naming service
Caused By:null
Caused By:t3://localhost:7001: Destination unreachable; nested exception is: 
	java.net.ConnectException: Connection refused: connect; No available router to destination
Caused By:Destination unreachable; nested exception is: 
	java.net.ConnectException: Connection refused: connect; No available router to destination

Jan 31, 2008 8:34:42 AM com.inovis.b2b.lib.exception.OperationFailedException <init>
SEVERE: [LIBP-00001] Unable to connect to naming service
Caused By:null
Caused By:t3://localhost:7001: Destination unreachable; nested exception is: 
	java.net.ConnectException: Connection refused: connect; No available router to destination
Caused By:Destination unreachable; nested exception is: 
	java.net.ConnectException: Connection refused: connect; No available router to destination

Jan 31, 2008 8:34:42 AM com.inovis.b2b.lib.exception.OperationFailedException <init>
SEVERE: [USER-00101] Failed to get a reference to the Home interface of the UserFacade EJB. This is an EJB error that probably stems from an incorrect deployment, a network problem, or the failure of an EJB server.
Caused By:[LIBP-00001] Unable to connect to naming service
Caused By:null
Caused By:t3://localhost:7001: Destination unreachable; nested exception is: 
	java.net.ConnectException: Connection refused: connect; No available router to destination
Caused By:Destination unreachable; nested exception is: 
	java.net.ConnectException: Connection refused: connect; No available router to destination

Jan 31, 2008 8:34:44 AM com.inovis.b2b.lib.exception.OperationFailedException <init>
SEVERE: [LIBP-00001] Unable to connect to naming service
Caused By:null
Caused By:t3://localhost:7001: Destination unreachable; nested exception is: 
	java.net.ConnectException: Connection refused: connect; No available router to destination
Caused By:Destination unreachable; nested exception is: 
	java.net.ConnectException: Connection refused: connect; No available router to destination

Jan 31, 2008 8:34:44 AM com.inovis.b2b.lib.exception.OperationFailedException <init>
SEVERE: [USER-00101] Failed to get a reference to the Home interface of the UserFacade EJB. This is an EJB error that probably stems from an incorrect deployment, a network problem, or the failure of an EJB server.
Caused By:[LIBP-00001] Unable to connect to naming service
Caused By:null
Caused By:t3://localhost:7001: Destination unreachable; nested exception is: 
	java.net.ConnectException: Connection refused: connect; No available router to destination
Caused By:Destination unreachable; nested exception is: 
	java.net.ConnectException: Connection refused: connect; No available router to destination

Jan 31, 2008 8:34:47 AM com.inovis.b2b.lib.exception.OperationFailedException <init>
SEVERE: [LIBP-00001] Unable to connect to naming service
Caused By:null
Caused By:t3://localhost:7001: Destination unreachable; nested exception is: 
	java.net.ConnectException: Connection refused: connect; No available router to destination
Caused By:Destination unreachable; nested exception is: 
	java.net.ConnectException: Connection refused: connect; No available router to destination

Jan 31, 2008 8:34:47 AM com.inovis.b2b.lib.exception.OperationFailedException <init>
SEVERE: [USER-00101] Failed to get a reference to the Home interface of the UserFacade EJB. This is an EJB error that probably stems from an incorrect deployment, a network problem, or the failure of an EJB server.
Caused By:[LIBP-00001] Unable to connect to naming service
Caused By:null
Caused By:t3://localhost:7001: Destination unreachable; nested exception is: 
	java.net.ConnectException: Connection refused: connect; No available router to destination
Caused By:Destination unreachable; nested exception is: 
	java.net.ConnectException: Connection refused: connect; No available router to destination

Jan 31, 2008 8:34:49 AM com.inovis.b2b.lib.exception.OperationFailedException <init>
SEVERE: [LIBP-00001] Unable to connect to naming service
Caused By:null
Caused By:t3://localhost:7001: Destination unreachable; nested exception is: 
	java.net.ConnectException: Connection refused: connect; No available router to destination
Caused By:Destination unreachable; nested exception is: 
	java.net.ConnectException: Connection refused: connect; No available router to destination

Jan 31, 2008 8:34:49 AM com.inovis.b2b.lib.exception.OperationFailedException <init>
SEVERE: [USER-00101] Failed to get a reference to the Home interface of the UserFacade EJB. This is an EJB error that probably stems from an incorrect deployment, a network problem, or the failure of an EJB server.
Caused By:[LIBP-00001] Unable to connect to naming service
Caused By:null
Caused By:t3://localhost:7001: Destination unreachable; nested exception is: 
	java.net.ConnectException: Connection refused: connect; No available router to destination
Caused By:Destination unreachable; nested exception is: 
	java.net.ConnectException: Connection refused: connect; No available router to destination

Jan 31, 2008 8:34:52 AM com.inovis.b2b.lib.exception.OperationFailedException <init>
SEVERE: [LIBP-00001] Unable to connect to naming service
Caused By:null
Caused By:t3://localhost:7001: Destination unreachable; nested exception is: 
	java.net.ConnectException: Connection refused: connect; No available router to destination
Caused By:Destination unreachable; nested exception is: 
	java.net.ConnectException: Connection refused: connect; No available router to destination

Jan 31, 2008 8:34:52 AM com.inovis.b2b.lib.exception.OperationFailedException <init>
SEVERE: [USER-00101] Failed to get a reference to the Home interface of the UserFacade EJB. This is an EJB error that probably stems from an incorrect deployment, a network problem, or the failure of an EJB server.
Caused By:[LIBP-00001] Unable to connect to naming service
Caused By:null
Caused By:t3://localhost:7001: Destination unreachable; nested exception is: 
	java.net.ConnectException: Connection refused: connect; No available router to destination
Caused By:Destination unreachable; nested exception is: 
	java.net.ConnectException: Connection refused: connect; No available router to destination

Jan 31, 2008 8:34:54 AM com.inovis.b2b.lib.exception.OperationFailedException <init>
SEVERE: [LIBP-00001] Unable to connect to naming service
Caused By:null
Caused By:t3://localhost:7001: Destination unreachable; nested exception is: 
	java.net.ConnectException: Connection refused: connect; No available router to destination
Caused By:Destination unreachable; nested exception is: 
	java.net.ConnectException: Connection refused: connect; No available router to destination

Jan 31, 2008 8:34:54 AM com.inovis.b2b.lib.exception.OperationFailedException <init>
SEVERE: [USER-00101] Failed to get a reference to the Home interface of the UserFacade EJB. This is an EJB error that probably stems from an incorrect deployment, a network problem, or the failure of an EJB server.
Caused By:[LIBP-00001] Unable to connect to naming service
Caused By:null
Caused By:t3://localhost:7001: Destination unreachable; nested exception is: 
	java.net.ConnectException: Connection refused: connect; No available router to destination
Caused By:Destination unreachable; nested exception is: 
	java.net.ConnectException: Connection refused: connect; No available router to destination

Jan 31, 2008 8:34:57 AM com.inovis.b2b.lib.exception.OperationFailedException <init>
SEVERE: [LIBP-00001] Unable to connect to naming service
Caused By:null
Caused By:t3://localhost:7001: Destination unreachable; nested exception is: 
	java.net.ConnectException: Connection refused: connect; No available router to destination
Caused By:Destination unreachable; nested exception is: 
	java.net.ConnectException: Connection refused: connect; No available router to destination

Jan 31, 2008 8:34:57 AM com.inovis.b2b.lib.exception.OperationFailedException <init>
SEVERE: [USER-00101] Failed to get a reference to the Home interface of the UserFacade EJB. This is an EJB error that probably stems from an incorrect deployment, a network problem, or the failure of an EJB server.
Caused By:[LIBP-00001] Unable to connect to naming service
Caused By:null
Caused By:t3://localhost:7001: Destination unreachable; nested exception is: 
	java.net.ConnectException: Connection refused: connect; No available router to destination
Caused By:Destination unreachable; nested exception is: 
	java.net.ConnectException: Connection refused: connect; No available router to destination

Jan 31, 2008 8:34:59 AM com.inovis.b2b.lib.exception.OperationFailedException <init>
SEVERE: [LIBP-00001] Unable to connect to naming service
Caused By:null
Caused By:t3://localhost:7001: Destination unreachable; nested exception is: 
	java.net.ConnectException: Connection refused: connect; No available router to destination
Caused By:Destination unreachable; nested exception is: 
	java.net.ConnectException: Connection refused: connect; No available router to destination

Jan 31, 2008 8:34:59 AM com.inovis.b2b.lib.exception.OperationFailedException <init>
SEVERE: [USER-00101] Failed to get a reference to the Home interface of the UserFacade EJB. This is an EJB error that probably stems from an incorrect deployment, a network problem, or the failure of an EJB server.
Caused By:[LIBP-00001] Unable to connect to naming service
Caused By:null
Caused By:t3://localhost:7001: Destination unreachable; nested exception is: 
	java.net.ConnectException: Connection refused: connect; No available router to destination
Caused By:Destination unreachable; nested exception is: 
	java.net.ConnectException: Connection refused: connect; No available router to destination

Jan 31, 2008 8:35:02 AM com.inovis.b2b.lib.exception.OperationFailedException <init>
SEVERE: [LIBP-00001] Unable to connect to naming service
Caused By:null
Caused By:t3://localhost:7001: Destination unreachable; nested exception is: 
	java.net.ConnectException: Connection refused: connect; No available router to destination
Caused By:Destination unreachable; nested exception is: 
	java.net.ConnectException: Connection refused: connect; No available router to destination

Jan 31, 2008 8:35:02 AM com.inovis.b2b.lib.exception.OperationFailedException <init>
SEVERE: [USER-00101] Failed to get a reference to the Home interface of the UserFacade EJB. This is an EJB error that probably stems from an incorrect deployment, a network problem, or the failure of an EJB server.
Caused By:[LIBP-00001] Unable to connect to naming service
Caused By:null
Caused By:t3://localhost:7001: Destination unreachable; nested exception is: 
	java.net.ConnectException: Connection refused: connect; No available router to destination
Caused By:Destination unreachable; nested exception is: 
	java.net.ConnectException: Connection refused: connect; No available router to destination

Jan 31, 2008 8:35:04 AM com.inovis.b2b.lib.exception.OperationFailedException <init>
SEVERE: [LIBP-00001] Unable to connect to naming service
Caused By:null
Caused By:t3://localhost:7001: Destination unreachable; nested exception is: 
	java.net.ConnectException: Connection refused: connect; No available router to destination
Caused By:Destination unreachable; nested exception is: 
	java.net.ConnectException: Connection refused: connect; No available router to destination

Jan 31, 2008 8:35:04 AM com.inovis.b2b.lib.exception.OperationFailedException <init>
SEVERE: [USER-00101] Failed to get a reference to the Home interface of the UserFacade EJB. This is an EJB error that probably stems from an incorrect deployment, a network problem, or the failure of an EJB server.
Caused By:[LIBP-00001] Unable to connect to naming service
Caused By:null
Caused By:t3://localhost:7001: Destination unreachable; nested exception is: 
	java.net.ConnectException: Connection refused: connect; No available router to destination
Caused By:Destination unreachable; nested exception is: 
	java.net.ConnectException: Connection refused: connect; No available router to destination

Jan 31, 2008 8:35:07 AM com.inovis.b2b.lib.exception.OperationFailedException <init>
SEVERE: [LIBP-00001] Unable to connect to naming service
Caused By:null
Caused By:t3://localhost:7001: Destination unreachable; nested exception is: 
	java.net.ConnectException: Connection refused: connect; No available router to destination
Caused By:Destination unreachable; nested exception is: 
	java.net.ConnectException: Connection refused: connect; No available router to destination

Jan 31, 2008 8:35:07 AM com.inovis.b2b.lib.exception.OperationFailedException <init>
SEVERE: [USER-00101] Failed to get a reference to the Home interface of the UserFacade EJB. This is an EJB error that probably stems from an incorrect deployment, a network problem, or the failure of an EJB server.
Caused By:[LIBP-00001] Unable to connect to naming service
Caused By:null
Caused By:t3://localhost:7001: Destination unreachable; nested exception is: 
	java.net.ConnectException: Connection refused: connect; No available router to destination
Caused By:Destination unreachable; nested exception is: 
	java.net.ConnectException: Connection refused: connect; No available router to destination

Jan 31, 2008 8:35:09 AM com.inovis.b2b.lib.exception.OperationFailedException <init>
SEVERE: [LIBP-00001] Unable to connect to naming service
Caused By:null
Caused By:t3://localhost:7001: Destination unreachable; nested exception is: 
	java.net.ConnectException: Connection refused: connect; No available router to destination
Caused By:Destination unreachable; nested exception is: 
	java.net.ConnectException: Connection refused: connect; No available router to destination

Jan 31, 2008 8:35:09 AM com.inovis.b2b.lib.exception.OperationFailedException <init>
SEVERE: [USER-00101] Failed to get a reference to the Home interface of the UserFacade EJB. This is an EJB error that probably stems from an incorrect deployment, a network problem, or the failure of an EJB server.
Caused By:[LIBP-00001] Unable to connect to naming service
Caused By:null
Caused By:t3://localhost:7001: Destination unreachable; nested exception is: 
	java.net.ConnectException: Connection refused: connect; No available router to destination
Caused By:Destination unreachable; nested exception is: 
	java.net.ConnectException: Connection refused: connect; No available router to destination

Jan 31, 2008 8:35:12 AM com.inovis.b2b.lib.exception.OperationFailedException <init>
SEVERE: [LIBP-00001] Unable to connect to naming service
Caused By:null
Caused By:t3://localhost:7001: Destination unreachable; nested exception is: 
	java.net.ConnectException: Connection refused: connect; No available router to destination
Caused By:Destination unreachable; nested exception is: 
	java.net.ConnectException: Connection refused: connect; No available router to destination

Jan 31, 2008 8:35:12 AM com.inovis.b2b.lib.exception.OperationFailedException <init>
SEVERE: [USER-00101] Failed to get a reference to the Home interface of the UserFacade EJB. This is an EJB error that probably stems from an incorrect deployment, a network problem, or the failure of an EJB server.
Caused By:[LIBP-00001] Unable to connect to naming service
Caused By:null
Caused By:t3://localhost:7001: Destination unreachable; nested exception is: 
	java.net.ConnectException: Connection refused: connect; No available router to destination
Caused By:Destination unreachable; nested exception is: 
	java.net.ConnectException: Connection refused: connect; No available router to destination

Jan 31, 2008 8:35:15 AM com.inovis.b2b.lib.exception.OperationFailedException <init>
SEVERE: [LIBP-00001] Unable to connect to naming service
Caused By:null
Caused By:t3://localhost:7001: Destination unreachable; nested exception is: 
	java.net.ConnectException: Connection refused: connect; No available router to destination
Caused By:Destination unreachable; nested exception is: 
	java.net.ConnectException: Connection refused: connect; No available router to destination

Jan 31, 2008 8:35:15 AM com.inovis.b2b.lib.exception.OperationFailedException <init>
SEVERE: [USER-00101] Failed to get a reference to the Home interface of the UserFacade EJB. This is an EJB error that probably stems from an incorrect deployment, a network problem, or the failure of an EJB server.
Caused By:[LIBP-00001] Unable to connect to naming service
Caused By:null
Caused By:t3://localhost:7001: Destination unreachable; nested exception is: 
	java.net.ConnectException: Connection refused: connect; No available router to destination
Caused By:Destination unreachable; nested exception is: 
	java.net.ConnectException: Connection refused: connect; No available router to destination

Jan 31, 2008 8:35:17 AM com.inovis.b2b.lib.exception.OperationFailedException <init>
SEVERE: [LIBP-00001] Unable to connect to naming service
Caused By:null
Caused By:t3://localhost:7001: Destination unreachable; nested exception is: 
	java.net.ConnectException: Connection refused: connect; No available router to destination
Caused By:Destination unreachable; nested exception is: 
	java.net.ConnectException: Connection refused: connect; No available router to destination

Jan 31, 2008 8:35:17 AM com.inovis.b2b.lib.exception.OperationFailedException <init>
SEVERE: [USER-00101] Failed to get a reference to the Home interface of the UserFacade EJB. This is an EJB error that probably stems from an incorrect deployment, a network problem, or the failure of an EJB server.
Caused By:[LIBP-00001] Unable to connect to naming service
Caused By:null
Caused By:t3://localhost:7001: Destination unreachable; nested exception is: 
	java.net.ConnectException: Connection refused: connect; No available router to destination
Caused By:Destination unreachable; nested exception is: 
	java.net.ConnectException: Connection refused: connect; No available router to destination

Jan 31, 2008 8:35:20 AM com.inovis.b2b.lib.exception.OperationFailedException <init>
SEVERE: [LIBP-00001] Unable to connect to naming service
Caused By:null
Caused By:t3://localhost:7001: Destination unreachable; nested exception is: 
	java.net.ConnectException: Connection refused: connect; No available router to destination
Caused By:Destination unreachable; nested exception is: 
	java.net.ConnectException: Connection refused: connect; No available router to destination

Jan 31, 2008 8:35:20 AM com.inovis.b2b.lib.exception.OperationFailedException <init>
SEVERE: [USER-00101] Failed to get a reference to the Home interface of the UserFacade EJB. This is an EJB error that probably stems from an incorrect deployment, a network problem, or the failure of an EJB server.
Caused By:[LIBP-00001] Unable to connect to naming service
Caused By:null
Caused By:t3://localhost:7001: Destination unreachable; nested exception is: 
	java.net.ConnectException: Connection refused: connect; No available router to destination
Caused By:Destination unreachable; nested exception is: 
	java.net.ConnectException: Connection refused: connect; No available router to destination

Jan 31, 2008 8:35:22 AM com.inovis.b2b.lib.exception.OperationFailedException <init>
SEVERE: [LIBP-00001] Unable to connect to naming service
Caused By:null
Caused By:t3://localhost:7001: Destination unreachable; nested exception is: 
	java.net.ConnectException: Connection refused: connect; No available router to destination
Caused By:Destination unreachable; nested exception is: 
	java.net.ConnectException: Connection refused: connect; No available router to destination

Jan 31, 2008 8:35:22 AM com.inovis.b2b.lib.exception.OperationFailedException <init>
INFO: [SECR-00101] Failed to get a remote interface to a SecurityFacade EJB. This is an EJB error that probably stems from an incorrect deployment, a network problem, or the failure of an EJB server.
Caused By:[LIBP-00001] Unable to connect to naming service
Caused By:null
Caused By:t3://localhost:7001: Destination unreachable; nested exception is: 
	java.net.ConnectException: Connection refused: connect; No available router to destination
Caused By:Destination unreachable; nested exception is: 
	java.net.ConnectException: Connection refused: connect; No available router to destination

Jan 31, 2008 8:35:25 AM com.inovis.b2b.lib.exception.OperationFailedException <init>
SEVERE: [LIBP-00001] Unable to connect to naming service
Caused By:null
Caused By:t3://localhost:7001: Destination unreachable; nested exception is: 
	java.net.ConnectException: Connection refused: connect; No available router to destination
Caused By:Destination unreachable; nested exception is: 
	java.net.ConnectException: Connection refused: connect; No available router to destination

Jan 31, 2008 8:35:25 AM com.inovis.b2b.lib.exception.OperationFailedException <init>
INFO: [SECR-00101] Failed to get a remote interface to a SecurityFacade EJB. This is an EJB error that probably stems from an incorrect deployment, a network problem, or the failure of an EJB server.
Caused By:[LIBP-00001] Unable to connect to naming service
Caused By:null
Caused By:t3://localhost:7001: Destination unreachable; nested exception is: 
	java.net.ConnectException: Connection refused: connect; No available router to destination
Caused By:Destination unreachable; nested exception is: 
	java.net.ConnectException: Connection refused: connect; No available router to destination

Jan 31, 2008 8:35:27 AM com.inovis.b2b.lib.exception.OperationFailedException <init>
SEVERE: [LIBP-00001] Unable to connect to naming service
Caused By:null
Caused By:t3://localhost:7001: Destination unreachable; nested exception is: 
	java.net.ConnectException: Connection refused: connect; No available router to destination
Caused By:Destination unreachable; nested exception is: 
	java.net.ConnectException: Connection refused: connect; No available router to destination

Jan 31, 2008 8:35:27 AM com.inovis.b2b.lib.exception.OperationFailedException <init>
INFO: [SECR-00101] Failed to get a remote interface to a SecurityFacade EJB. This is an EJB error that probably stems from an incorrect deployment, a network problem, or the failure of an EJB server.
Caused By:[LIBP-00001] Unable to connect to naming service
Caused By:null
Caused By:t3://localhost:7001: Destination unreachable; nested exception is: 
	java.net.ConnectException: Connection refused: connect; No available router to destination
Caused By:Destination unreachable; nested exception is: 
	java.net.ConnectException: Connection refused: connect; No available router to destination

Jan 31, 2008 8:35:30 AM com.inovis.b2b.lib.exception.OperationFailedException <init>
SEVERE: [LIBP-00001] Unable to connect to naming service
Caused By:null
Caused By:t3://localhost:7001: Destination unreachable; nested exception is: 
	java.net.ConnectException: Connection refused: connect; No available router to destination
Caused By:Destination unreachable; nested exception is: 
	java.net.ConnectException: Connection refused: connect; No available router to destination

Jan 31, 2008 8:35:30 AM com.inovis.b2b.lib.exception.OperationFailedException <init>
INFO: [SECR-00101] Failed to get a remote interface to a SecurityFacade EJB. This is an EJB error that probably stems from an incorrect deployment, a network problem, or the failure of an EJB server.
Caused By:[LIBP-00001] Unable to connect to naming service
Caused By:null
Caused By:t3://localhost:7001: Destination unreachable; nested exception is: 
	java.net.ConnectException: Connection refused: connect; No available router to destination
Caused By:Destination unreachable; nested exception is: 
	java.net.ConnectException: Connection refused: connect; No available router to destination

Jan 31, 2008 8:35:32 AM com.inovis.b2b.lib.exception.OperationFailedException <init>
SEVERE: [LIBP-00001] Unable to connect to naming service
Caused By:null
Caused By:t3://localhost:7001: Destination unreachable; nested exception is: 
	java.net.ConnectException: Connection refused: connect; No available router to destination
Caused By:Destination unreachable; nested exception is: 
	java.net.ConnectException: Connection refused: connect; No available router to destination

Jan 31, 2008 8:35:32 AM com.inovis.b2b.lib.exception.OperationFailedException <init>
INFO: [SECR-00101] Failed to get a remote interface to a SecurityFacade EJB. This is an EJB error that probably stems from an incorrect deployment, a network problem, or the failure of an EJB server.
Caused By:[LIBP-00001] Unable to connect to naming service
Caused By:null
Caused By:t3://localhost:7001: Destination unreachable; nested exception is: 
	java.net.ConnectException: Connection refused: connect; No available router to destination
Caused By:Destination unreachable; nested exception is: 
	java.net.ConnectException: Connection refused: connect; No available router to destination

Jan 31, 2008 8:35:35 AM com.inovis.b2b.lib.exception.OperationFailedException <init>
SEVERE: [LIBP-00001] Unable to connect to naming service
Caused By:null
Caused By:t3://localhost:7001: Destination unreachable; nested exception is: 
	java.net.ConnectException: Connection refused: connect; No available router to destination
Caused By:Destination unreachable; nested exception is: 
	java.net.ConnectException: Connection refused: connect; No available router to destination

Jan 31, 2008 8:35:35 AM com.inovis.b2b.lib.exception.OperationFailedException <init>
INFO: [SECR-00101] Failed to get a remote interface to a SecurityFacade EJB. This is an EJB error that probably stems from an incorrect deployment, a network problem, or the failure of an EJB server.
Caused By:[LIBP-00001] Unable to connect to naming service
Caused By:null
Caused By:t3://localhost:7001: Destination unreachable; nested exception is: 
	java.net.ConnectException: Connection refused: connect; No available router to destination
Caused By:Destination unreachable; nested exception is: 
	java.net.ConnectException: Connection refused: connect; No available router to destination

Jan 31, 2008 8:35:37 AM com.inovis.b2b.lib.exception.OperationFailedException <init>
SEVERE: [LIBP-00001] Unable to connect to naming service
Caused By:null
Caused By:t3://localhost:7001: Destination unreachable; nested exception is: 
	java.net.ConnectException: Connection refused: connect; No available router to destination
Caused By:Destination unreachable; nested exception is: 
	java.net.ConnectException: Connection refused: connect; No available router to destination

Jan 31, 2008 8:35:37 AM com.inovis.b2b.lib.exception.OperationFailedException <init>
INFO: [SECR-00101] Failed to get a remote interface to a SecurityFacade EJB. This is an EJB error that probably stems from an incorrect deployment, a network problem, or the failure of an EJB server.
Caused By:[LIBP-00001] Unable to connect to naming service
Caused By:null
Caused By:t3://localhost:7001: Destination unreachable; nested exception is: 
	java.net.ConnectException: Connection refused: connect; No available router to destination
Caused By:Destination unreachable; nested exception is: 
	java.net.ConnectException: Connection refused: connect; No available router to destination

Jan 31, 2008 8:35:39 AM com.inovis.b2b.lib.exception.OperationFailedException <init>
SEVERE: [LIBP-00001] Unable to connect to naming service
Caused By:null
Caused By:t3://localhost:7001: Destination unreachable; nested exception is: 
	java.net.ConnectException: Connection refused: connect; No available router to destination
Caused By:Destination unreachable; nested exception is: 
	java.net.ConnectException: Connection refused: connect; No available router to destination

Jan 31, 2008 8:35:39 AM com.inovis.b2b.lib.exception.OperationFailedException <init>
INFO: [SECR-00101] Failed to get a remote interface to a SecurityFacade EJB. This is an EJB error that probably stems from an incorrect deployment, a network problem, or the failure of an EJB server.
Caused By:[LIBP-00001] Unable to connect to naming service
Caused By:null
Caused By:t3://localhost:7001: Destination unreachable; nested exception is: 
	java.net.ConnectException: Connection refused: connect; No available router to destination
Caused By:Destination unreachable; nested exception is: 
	java.net.ConnectException: Connection refused: connect; No available router to destination

Jan 31, 2008 8:35:42 AM com.inovis.b2b.lib.exception.OperationFailedException <init>
SEVERE: [LIBP-00001] Unable to connect to naming service
Caused By:null
Caused By:t3://localhost:7001: Destination unreachable; nested exception is: 
	java.net.ConnectException: Connection refused: connect; No available router to destination
Caused By:Destination unreachable; nested exception is: 
	java.net.ConnectException: Connection refused: connect; No available router to destination

Jan 31, 2008 8:35:42 AM com.inovis.b2b.lib.exception.OperationFailedException <init>
INFO: [SECR-00101] Failed to get a remote interface to a SecurityFacade EJB. This is an EJB error that probably stems from an incorrect deployment, a network problem, or the failure of an EJB server.
Caused By:[LIBP-00001] Unable to connect to naming service
Caused By:null
Caused By:t3://localhost:7001: Destination unreachable; nested exception is: 
	java.net.ConnectException: Connection refused: connect; No available router to destination
Caused By:Destination unreachable; nested exception is: 
	java.net.ConnectException: Connection refused: connect; No available router to destination

Jan 31, 2008 8:35:45 AM com.inovis.b2b.lib.exception.OperationFailedException <init>
SEVERE: [LIBP-00001] Unable to connect to naming service
Caused By:null
Caused By:t3://localhost:7001: Destination unreachable; nested exception is: 
	java.net.ConnectException: Connection refused: connect; No available router to destination
Caused By:Destination unreachable; nested exception is: 
	java.net.ConnectException: Connection refused: connect; No available router to destination

Jan 31, 2008 8:35:45 AM com.inovis.b2b.lib.exception.OperationFailedException <init>
INFO: [SECR-00101] Failed to get a remote interface to a SecurityFacade EJB. This is an EJB error that probably stems from an incorrect deployment, a network problem, or the failure of an EJB server.
Caused By:[LIBP-00001] Unable to connect to naming service
Caused By:null
Caused By:t3://localhost:7001: Destination unreachable; nested exception is: 
	java.net.ConnectException: Connection refused: connect; No available router to destination
Caused By:Destination unreachable; nested exception is: 
	java.net.ConnectException: Connection refused: connect; No available router to destination

Jan 31, 2008 8:35:47 AM com.inovis.b2b.lib.exception.OperationFailedException <init>
SEVERE: [LIBP-00001] Unable to connect to naming service
Caused By:null
Caused By:t3://localhost:7001: Destination unreachable; nested exception is: 
	java.net.ConnectException: Connection refused: connect; No available router to destination
Caused By:Destination unreachable; nested exception is: 
	java.net.ConnectException: Connection refused: connect; No available router to destination

Jan 31, 2008 8:35:47 AM com.inovis.b2b.lib.exception.OperationFailedException <init>
INFO: [SECR-00101] Failed to get a remote interface to a SecurityFacade EJB. This is an EJB error that probably stems from an incorrect deployment, a network problem, or the failure of an EJB server.
Caused By:[LIBP-00001] Unable to connect to naming service
Caused By:null
Caused By:t3://localhost:7001: Destination unreachable; nested exception is: 
	java.net.ConnectException: Connection refused: connect; No available router to destination
Caused By:Destination unreachable; nested exception is: 
	java.net.ConnectException: Connection refused: connect; No available router to destination

Jan 31, 2008 8:35:50 AM com.inovis.b2b.lib.exception.OperationFailedException <init>
SEVERE: [LIBP-00001] Unable to connect to naming service
Caused By:null
Caused By:t3://localhost:7001: Destination unreachable; nested exception is: 
	java.net.ConnectException: Connection refused: connect; No available router to destination
Caused By:Destination unreachable; nested exception is: 
	java.net.ConnectException: Connection refused: connect; No available router to destination

Jan 31, 2008 8:35:50 AM com.inovis.b2b.lib.exception.OperationFailedException <init>
INFO: [SECR-00101] Failed to get a remote interface to a SecurityFacade EJB. This is an EJB error that probably stems from an incorrect deployment, a network problem, or the failure of an EJB server.
Caused By:[LIBP-00001] Unable to connect to naming service
Caused By:null
Caused By:t3://localhost:7001: Destination unreachable; nested exception is: 
	java.net.ConnectException: Connection refused: connect; No available router to destination
Caused By:Destination unreachable; nested exception is: 
	java.net.ConnectException: Connection refused: connect; No available router to destination

Jan 31, 2008 8:35:52 AM com.inovis.b2b.lib.exception.OperationFailedException <init>
SEVERE: [LIBP-00001] Unable to connect to naming service
Caused By:null
Caused By:t3://localhost:7001: Destination unreachable; nested exception is: 
	java.net.ConnectException: Connection refused: connect; No available router to destination
Caused By:Destination unreachable; nested exception is: 
	java.net.ConnectException: Connection refused: connect; No available router to destination

Jan 31, 2008 8:35:52 AM com.inovis.b2b.lib.exception.OperationFailedException <init>
INFO: [SECR-00101] Failed to get a remote interface to a SecurityFacade EJB. This is an EJB error that probably stems from an incorrect deployment, a network problem, or the failure of an EJB server.
Caused By:[LIBP-00001] Unable to connect to naming service
Caused By:null
Caused By:t3://localhost:7001: Destination unreachable; nested exception is: 
	java.net.ConnectException: Connection refused: connect; No available router to destination
Caused By:Destination unreachable; nested exception is: 
	java.net.ConnectException: Connection refused: connect; No available router to destination

Jan 31, 2008 8:35:54 AM com.inovis.b2b.lib.exception.OperationFailedException <init>
SEVERE: [LIBP-00001] Unable to connect to naming service
Caused By:null
Caused By:t3://localhost:7001: Destination unreachable; nested exception is: 
	java.net.ConnectException: Connection refused: connect; No available router to destination
Caused By:Destination unreachable; nested exception is: 
	java.net.ConnectException: Connection refused: connect; No available router to destination

Jan 31, 2008 8:35:54 AM com.inovis.b2b.lib.exception.OperationFailedException <init>
INFO: [SECR-00101] Failed to get a remote interface to a SecurityFacade EJB. This is an EJB error that probably stems from an incorrect deployment, a network problem, or the failure of an EJB server.
Caused By:[LIBP-00001] Unable to connect to naming service
Caused By:null
Caused By:t3://localhost:7001: Destination unreachable; nested exception is: 
	java.net.ConnectException: Connection refused: connect; No available router to destination
Caused By:Destination unreachable; nested exception is: 
	java.net.ConnectException: Connection refused: connect; No available router to destination

Jan 31, 2008 8:35:57 AM com.inovis.b2b.lib.exception.OperationFailedException <init>
SEVERE: [LIBP-00001] Unable to connect to naming service
Caused By:null
Caused By:t3://localhost:7001: Destination unreachable; nested exception is: 
	java.net.ConnectException: Connection refused: connect; No available router to destination
Caused By:Destination unreachable; nested exception is: 
	java.net.ConnectException: Connection refused: connect; No available router to destination

Jan 31, 2008 8:35:57 AM com.inovis.b2b.lib.exception.OperationFailedException <init>
INFO: [SECR-00101] Failed to get a remote interface to a SecurityFacade EJB. This is an EJB error that probably stems from an incorrect deployment, a network problem, or the failure of an EJB server.
Caused By:[LIBP-00001] Unable to connect to naming service
Caused By:null
Caused By:t3://localhost:7001: Destination unreachable; nested exception is: 
	java.net.ConnectException: Connection refused: connect; No available router to destination
Caused By:Destination unreachable; nested exception is: 
	java.net.ConnectException: Connection refused: connect; No available router to destination

Jan 31, 2008 8:35:59 AM com.inovis.b2b.lib.exception.OperationFailedException <init>
SEVERE: [LIBP-00001] Unable to connect to naming service
Caused By:null
Caused By:t3://localhost:7001: Destination unreachable; nested exception is: 
	java.net.ConnectException: Connection refused: connect; No available router to destination
Caused By:Destination unreachable; nested exception is: 
	java.net.ConnectException: Connection refused: connect; No available router to destination

Jan 31, 2008 8:35:59 AM com.inovis.b2b.lib.exception.OperationFailedException <init>
INFO: [SECR-00101] Failed to get a remote interface to a SecurityFacade EJB. This is an EJB error that probably stems from an incorrect deployment, a network problem, or the failure of an EJB server.
Caused By:[LIBP-00001] Unable to connect to naming service
Caused By:null
Caused By:t3://localhost:7001: Destination unreachable; nested exception is: 
	java.net.ConnectException: Connection refused: connect; No available router to destination
Caused By:Destination unreachable; nested exception is: 
	java.net.ConnectException: Connection refused: connect; No available router to destination

Jan 31, 2008 8:36:02 AM com.inovis.b2b.lib.exception.OperationFailedException <init>
SEVERE: [LIBP-00001] Unable to connect to naming service
Caused By:null
Caused By:t3://localhost:7001: Destination unreachable; nested exception is: 
	java.net.ConnectException: Connection refused: connect; No available router to destination
Caused By:Destination unreachable; nested exception is: 
	java.net.ConnectException: Connection refused: connect; No available router to destination

Jan 31, 2008 8:36:02 AM com.inovis.b2b.lib.exception.OperationFailedException <init>
INFO: [SECR-00101] Failed to get a remote interface to a SecurityFacade EJB. This is an EJB error that probably stems from an incorrect deployment, a network problem, or the failure of an EJB server.
Caused By:[LIBP-00001] Unable to connect to naming service
Caused By:null
Caused By:t3://localhost:7001: Destination unreachable; nested exception is: 
	java.net.ConnectException: Connection refused: connect; No available router to destination
Caused By:Destination unreachable; nested exception is: 
	java.net.ConnectException: Connection refused: connect; No available router to destination

Jan 31, 2008 8:36:05 AM com.inovis.b2b.lib.exception.OperationFailedException <init>
SEVERE: [LIBP-00001] Unable to connect to naming service
Caused By:null
Caused By:t3://localhost:7001: Destination unreachable; nested exception is: 
	java.net.ConnectException: Connection refused: connect; No available router to destination
Caused By:Destination unreachable; nested exception is: 
	java.net.ConnectException: Connection refused: connect; No available router to destination

Jan 31, 2008 8:36:05 AM com.inovis.b2b.lib.exception.OperationFailedException <init>
INFO: [SECR-00101] Failed to get a remote interface to a SecurityFacade EJB. This is an EJB error that probably stems from an incorrect deployment, a network problem, or the failure of an EJB server.
Caused By:[LIBP-00001] Unable to connect to naming service
Caused By:null
Caused By:t3://localhost:7001: Destination unreachable; nested exception is: 
	java.net.ConnectException: Connection refused: connect; No available router to destination
Caused By:Destination unreachable; nested exception is: 
	java.net.ConnectException: Connection refused: connect; No available router to destination

Jan 31, 2008 8:36:08 AM com.inovis.b2b.lib.exception.OperationFailedException <init>
SEVERE: [LIBP-00001] Unable to connect to naming service
Caused By:null
Caused By:t3://localhost:7001: Destination unreachable; nested exception is: 
	java.net.ConnectException: Connection refused: connect; No available router to destination
Caused By:Destination unreachable; nested exception is: 
	java.net.ConnectException: Connection refused: connect; No available router to destination

Jan 31, 2008 8:36:08 AM com.inovis.b2b.lib.exception.OperationFailedException <init>
INFO: [SECR-00101] Failed to get a remote interface to a SecurityFacade EJB. This is an EJB error that probably stems from an incorrect deployment, a network problem, or the failure of an EJB server.
Caused By:[LIBP-00001] Unable to connect to naming service
Caused By:null
Caused By:t3://localhost:7001: Destination unreachable; nested exception is: 
	java.net.ConnectException: Connection refused: connect; No available router to destination
Caused By:Destination unreachable; nested exception is: 
	java.net.ConnectException: Connection refused: connect; No available router to destination

Jan 31, 2008 8:36:11 AM com.inovis.b2b.lib.exception.OperationFailedException <init>
SEVERE: [LIBP-00001] Unable to connect to naming service
Caused By:null
Caused By:t3://localhost:7001: Destination unreachable; nested exception is: 
	java.net.ConnectException: Connection refused: connect; No available router to destination
Caused By:Destination unreachable; nested exception is: 
	java.net.ConnectException: Connection refused: connect; No available router to destination

Jan 31, 2008 8:36:11 AM com.inovis.b2b.lib.exception.OperationFailedException <init>
INFO: [SECR-00101] Failed to get a remote interface to a SecurityFacade EJB. This is an EJB error that probably stems from an incorrect deployment, a network problem, or the failure of an EJB server.
Caused By:[LIBP-00001] Unable to connect to naming service
Caused By:null
Caused By:t3://localhost:7001: Destination unreachable; nested exception is: 
	java.net.ConnectException: Connection refused: connect; No available router to destination
Caused By:Destination unreachable; nested exception is: 
	java.net.ConnectException: Connection refused: connect; No available router to destination

Jan 31, 2008 8:36:13 AM com.inovis.b2b.lib.exception.OperationFailedException <init>
SEVERE: [LIBP-00001] Unable to connect to naming service
Caused By:null
Caused By:t3://localhost:7001: Destination unreachable; nested exception is: 
	java.net.ConnectException: Connection refused: connect; No available router to destination
Caused By:Destination unreachable; nested exception is: 
	java.net.ConnectException: Connection refused: connect; No available router to destination

Jan 31, 2008 8:36:13 AM com.inovis.b2b.lib.exception.OperationFailedException <init>
INFO: [SECR-00101] Failed to get a remote interface to a SecurityFacade EJB. This is an EJB error that probably stems from an incorrect deployment, a network problem, or the failure of an EJB server.
Caused By:[LIBP-00001] Unable to connect to naming service
Caused By:null
Caused By:t3://localhost:7001: Destination unreachable; nested exception is: 
	java.net.ConnectException: Connection refused: connect; No available router to destination
Caused By:Destination unreachable; nested exception is: 
	java.net.ConnectException: Connection refused: connect; No available router to destination

Jan 31, 2008 8:36:16 AM com.inovis.b2b.lib.exception.OperationFailedException <init>
SEVERE: [LIBP-00001] Unable to connect to naming service
Caused By:null
Caused By:t3://localhost:7001: Destination unreachable; nested exception is: 
	java.net.ConnectException: Connection refused: connect; No available router to destination
Caused By:Destination unreachable; nested exception is: 
	java.net.ConnectException: Connection refused: connect; No available router to destination

Jan 31, 2008 8:36:16 AM com.inovis.b2b.lib.exception.OperationFailedException <init>
INFO: [SECR-00101] Failed to get a remote interface to a SecurityFacade EJB. This is an EJB error that probably stems from an incorrect deployment, a network problem, or the failure of an EJB server.
Caused By:[LIBP-00001] Unable to connect to naming service
Caused By:null
Caused By:t3://localhost:7001: Destination unreachable; nested exception is: 
	java.net.ConnectException: Connection refused: connect; No available router to destination
Caused By:Destination unreachable; nested exception is: 
	java.net.ConnectException: Connection refused: connect; No available router to destination

Jan 31, 2008 8:36:18 AM com.inovis.b2b.lib.exception.OperationFailedException <init>
SEVERE: [LIBP-00001] Unable to connect to naming service
Caused By:null
Caused By:t3://localhost:7001: Destination unreachable; nested exception is: 
	java.net.ConnectException: Connection refused: connect; No available router to destination
Caused By:Destination unreachable; nested exception is: 
	java.net.ConnectException: Connection refused: connect; No available router to destination

Jan 31, 2008 8:36:18 AM com.inovis.b2b.lib.exception.OperationFailedException <init>
INFO: [SECR-00101] Failed to get a remote interface to a SecurityFacade EJB. This is an EJB error that probably stems from an incorrect deployment, a network problem, or the failure of an EJB server.
Caused By:[LIBP-00001] Unable to connect to naming service
Caused By:null
Caused By:t3://localhost:7001: Destination unreachable; nested exception is: 
	java.net.ConnectException: Connection refused: connect; No available router to destination
Caused By:Destination unreachable; nested exception is: 
	java.net.ConnectException: Connection refused: connect; No available router to destination

Jan 31, 2008 8:36:20 AM com.inovis.b2b.lib.exception.OperationFailedException <init>
SEVERE: [LIBP-00001] Unable to connect to naming service
Caused By:null
Caused By:t3://localhost:7001: Destination unreachable; nested exception is: 
	java.net.ConnectException: Connection refused: connect; No available router to destination
Caused By:Destination unreachable; nested exception is: 
	java.net.ConnectException: Connection refused: connect; No available router to destination

Jan 31, 2008 8:36:20 AM com.inovis.b2b.lib.exception.OperationFailedException <init>
INFO: [SECR-00101] Failed to get a remote interface to a SecurityFacade EJB. This is an EJB error that probably stems from an incorrect deployment, a network problem, or the failure of an EJB server.
Caused By:[LIBP-00001] Unable to connect to naming service
Caused By:null
Caused By:t3://localhost:7001: Destination unreachable; nested exception is: 
	java.net.ConnectException: Connection refused: connect; No available router to destination
Caused By:Destination unreachable; nested exception is: 
	java.net.ConnectException: Connection refused: connect; No available router to destination

Jan 31, 2008 8:36:23 AM com.inovis.b2b.lib.exception.OperationFailedException <init>
SEVERE: [LIBP-00001] Unable to connect to naming service
Caused By:null
Caused By:t3://localhost:7001: Destination unreachable; nested exception is: 
	java.net.ConnectException: Connection refused: connect; No available router to destination
Caused By:Destination unreachable; nested exception is: 
	java.net.ConnectException: Connection refused: connect; No available router to destination

Jan 31, 2008 8:36:23 AM com.inovis.b2b.lib.exception.OperationFailedException <init>
INFO: [SECR-00101] Failed to get a remote interface to a SecurityFacade EJB. This is an EJB error that probably stems from an incorrect deployment, a network problem, or the failure of an EJB server.
Caused By:[LIBP-00001] Unable to connect to naming service
Caused By:null
Caused By:t3://localhost:7001: Destination unreachable; nested exception is: 
	java.net.ConnectException: Connection refused: connect; No available router to destination
Caused By:Destination unreachable; nested exception is: 
	java.net.ConnectException: Connection refused: connect; No available router to destination

Jan 31, 2008 8:36:26 AM com.inovis.b2b.lib.exception.OperationFailedException <init>
SEVERE: [LIBP-00001] Unable to connect to naming service
Caused By:null
Caused By:t3://localhost:7001: Destination unreachable; nested exception is: 
	java.net.ConnectException: Connection refused: connect; No available router to destination
Caused By:Destination unreachable; nested exception is: 
	java.net.ConnectException: Connection refused: connect; No available router to destination

Jan 31, 2008 8:36:26 AM com.inovis.b2b.lib.exception.OperationFailedException <init>
INFO: [SECR-00101] Failed to get a remote interface to a SecurityFacade EJB. This is an EJB error that probably stems from an incorrect deployment, a network problem, or the failure of an EJB server.
Caused By:[LIBP-00001] Unable to connect to naming service
Caused By:null
Caused By:t3://localhost:7001: Destination unreachable; nested exception is: 
	java.net.ConnectException: Connection refused: connect; No available router to destination
Caused By:Destination unreachable; nested exception is: 
	java.net.ConnectException: Connection refused: connect; No available router to destination

Jan 31, 2008 8:36:29 AM com.inovis.b2b.lib.exception.OperationFailedException <init>
SEVERE: [LIBP-00001] Unable to connect to naming service
Caused By:null
Caused By:t3://localhost:7001: Destination unreachable; nested exception is: 
	java.net.ConnectException: Connection refused: connect; No available router to destination
Caused By:Destination unreachable; nested exception is: 
	java.net.ConnectException: Connection refused: connect; No available router to destination

Jan 31, 2008 8:36:29 AM com.inovis.b2b.lib.exception.OperationFailedException <init>
INFO: [SECR-00101] Failed to get a remote interface to a SecurityFacade EJB. This is an EJB error that probably stems from an incorrect deployment, a network problem, or the failure of an EJB server.
Caused By:[LIBP-00001] Unable to connect to naming service
Caused By:null
Caused By:t3://localhost:7001: Destination unreachable; nested exception is: 
	java.net.ConnectException: Connection refused: connect; No available router to destination
Caused By:Destination unreachable; nested exception is: 
	java.net.ConnectException: Connection refused: connect; No available router to destination

Jan 31, 2008 8:36:32 AM com.inovis.b2b.lib.exception.OperationFailedException <init>
SEVERE: [LIBP-00001] Unable to connect to naming service
Caused By:null
Caused By:t3://localhost:7001: Destination unreachable; nested exception is: 
	java.net.ConnectException: Connection refused: connect; No available router to destination
Caused By:Destination unreachable; nested exception is: 
	java.net.ConnectException: Connection refused: connect; No available router to destination

Jan 31, 2008 8:36:32 AM com.inovis.b2b.lib.exception.OperationFailedException <init>
INFO: [SECR-00101] Failed to get a remote interface to a SecurityFacade EJB. This is an EJB error that probably stems from an incorrect deployment, a network problem, or the failure of an EJB server.
Caused By:[LIBP-00001] Unable to connect to naming service
Caused By:null
Caused By:t3://localhost:7001: Destination unreachable; nested exception is: 
	java.net.ConnectException: Connection refused: connect; No available router to destination
Caused By:Destination unreachable; nested exception is: 
	java.net.ConnectException: Connection refused: connect; No available router to destination

Jan 31, 2008 8:36:34 AM com.inovis.b2b.lib.exception.OperationFailedException <init>
SEVERE: [LIBP-00001] Unable to connect to naming service
Caused By:null
Caused By:t3://localhost:7001: Destination unreachable; nested exception is: 
	java.net.ConnectException: Connection refused: connect; No available router to destination
Caused By:Destination unreachable; nested exception is: 
	java.net.ConnectException: Connection refused: connect; No available router to destination

Jan 31, 2008 8:36:34 AM com.inovis.b2b.lib.exception.OperationFailedException <init>
INFO: [SECR-00101] Failed to get a remote interface to a SecurityFacade EJB. This is an EJB error that probably stems from an incorrect deployment, a network problem, or the failure of an EJB server.
Caused By:[LIBP-00001] Unable to connect to naming service
Caused By:null
Caused By:t3://localhost:7001: Destination unreachable; nested exception is: 
	java.net.ConnectException: Connection refused: connect; No available router to destination
Caused By:Destination unreachable; nested exception is: 
	java.net.ConnectException: Connection refused: connect; No available router to destination

Jan 31, 2008 8:36:37 AM com.inovis.b2b.lib.exception.OperationFailedException <init>
SEVERE: [LIBP-00001] Unable to connect to naming service
Caused By:null
Caused By:t3://localhost:7001: Destination unreachable; nested exception is: 
	java.net.ConnectException: Connection refused: connect; No available router to destination
Caused By:Destination unreachable; nested exception is: 
	java.net.ConnectException: Connection refused: connect; No available router to destination

Jan 31, 2008 8:36:37 AM com.inovis.b2b.lib.exception.OperationFailedException <init>
INFO: [SECR-00101] Failed to get a remote interface to a SecurityFacade EJB. This is an EJB error that probably stems from an incorrect deployment, a network problem, or the failure of an EJB server.
Caused By:[LIBP-00001] Unable to connect to naming service
Caused By:null
Caused By:t3://localhost:7001: Destination unreachable; nested exception is: 
	java.net.ConnectException: Connection refused: connect; No available router to destination
Caused By:Destination unreachable; nested exception is: 
	java.net.ConnectException: Connection refused: connect; No available router to destination

Jan 31, 2008 8:36:40 AM com.inovis.b2b.lib.exception.OperationFailedException <init>
SEVERE: [LIBP-00001] Unable to connect to naming service
Caused By:null
Caused By:t3://localhost:7001: Destination unreachable; nested exception is: 
	java.net.ConnectException: Connection refused: connect; No available router to destination
Caused By:Destination unreachable; nested exception is: 
	java.net.ConnectException: Connection refused: connect; No available router to destination

Jan 31, 2008 8:36:40 AM com.inovis.b2b.lib.exception.OperationFailedException <init>
INFO: [SECR-00101] Failed to get a remote interface to a SecurityFacade EJB. This is an EJB error that probably stems from an incorrect deployment, a network problem, or the failure of an EJB server.
Caused By:[LIBP-00001] Unable to connect to naming service
Caused By:null
Caused By:t3://localhost:7001: Destination unreachable; nested exception is: 
	java.net.ConnectException: Connection refused: connect; No available router to destination
Caused By:Destination unreachable; nested exception is: 
	java.net.ConnectException: Connection refused: connect; No available router to destination

Jan 31, 2008 8:36:43 AM com.inovis.b2b.lib.exception.OperationFailedException <init>
SEVERE: [LIBP-00001] Unable to connect to naming service
Caused By:null
Caused By:t3://localhost:7001: Destination unreachable; nested exception is: 
	java.net.ConnectException: Connection refused: connect; No available router to destination
Caused By:Destination unreachable; nested exception is: 
	java.net.ConnectException: Connection refused: connect; No available router to destination

Jan 31, 2008 8:36:43 AM com.inovis.b2b.lib.exception.OperationFailedException <init>
SEVERE: [SYSH-00107] Unable to create the System Status Manager.
Caused By:[LIBP-00001] Unable to connect to naming service
Caused By:null
Caused By:t3://localhost:7001: Destination unreachable; nested exception is: 
	java.net.ConnectException: Connection refused: connect; No available router to destination
Caused By:Destination unreachable; nested exception is: 
	java.net.ConnectException: Connection refused: connect; No available router to destination

Jan 31, 2008 8:36:46 AM com.inovis.b2b.lib.exception.OperationFailedException <init>
SEVERE: [LIBP-00001] Unable to connect to naming service
Caused By:null
Caused By:t3://localhost:7001: Destination unreachable; nested exception is: 
	java.net.ConnectException: Connection refused: connect; No available router to destination
Caused By:Destination unreachable; nested exception is: 
	java.net.ConnectException: Connection refused: connect; No available router to destination

Jan 31, 2008 8:36:49 AM com.inovis.b2b.lib.exception.OperationFailedException <init>
SEVERE: [LIBP-00001] Unable to connect to naming service
Caused By:null
Caused By:t3://localhost:7001: Destination unreachable; nested exception is: 
	java.net.ConnectException: Connection refused: connect; No available router to destination
Caused By:Destination unreachable; nested exception is: 
	java.net.ConnectException: Connection refused: connect; No available router to destination

Jan 31, 2008 8:36:49 AM com.inovis.b2b.lib.exception.OperationFailedException <init>
SEVERE: [MBOX-00106] Unable to create the Mailbox Manager.
Caused By:[LIBP-00001] Unable to connect to naming service
Caused By:null
Caused By:t3://localhost:7001: Destination unreachable; nested exception is: 
	java.net.ConnectException: Connection refused: connect; No available router to destination
Caused By:Destination unreachable; nested exception is: 
	java.net.ConnectException: Connection refused: connect; No available router to destination

Jan 31, 2008 8:36:51 AM com.inovis.b2b.lib.exception.OperationFailedException <init>
SEVERE: [LIBP-00001] Unable to connect to naming service
Caused By:null
Caused By:t3://localhost:7001: Destination unreachable; nested exception is: 
	java.net.ConnectException: Connection refused: connect; No available router to destination
Caused By:Destination unreachable; nested exception is: 
	java.net.ConnectException: Connection refused: connect; No available router to destination

Jan 31, 2008 8:36:51 AM com.inovis.b2b.lib.exception.OperationFailedException <init>
SEVERE: [MBOX-00106] Unable to create the Mailbox Manager.
Caused By:[LIBP-00001] Unable to connect to naming service
Caused By:null
Caused By:t3://localhost:7001: Destination unreachable; nested exception is: 
	java.net.ConnectException: Connection refused: connect; No available router to destination
Caused By:Destination unreachable; nested exception is: 
	java.net.ConnectException: Connection refused: connect; No available router to destination

Jan 31, 2008 8:36:54 AM com.inovis.b2b.lib.exception.OperationFailedException <init>
SEVERE: [LIBP-00001] Unable to connect to naming service
Caused By:null
Caused By:t3://localhost:7001: Destination unreachable; nested exception is: 
	java.net.ConnectException: Connection refused: connect; No available router to destination
Caused By:Destination unreachable; nested exception is: 
	java.net.ConnectException: Connection refused: connect; No available router to destination

Jan 31, 2008 8:36:54 AM com.inovis.b2b.lib.exception.OperationFailedException <init>
SEVERE: [MBOX-00106] Unable to create the Mailbox Manager.
Caused By:[LIBP-00001] Unable to connect to naming service
Caused By:null
Caused By:t3://localhost:7001: Destination unreachable; nested exception is: 
	java.net.ConnectException: Connection refused: connect; No available router to destination
Caused By:Destination unreachable; nested exception is: 
	java.net.ConnectException: Connection refused: connect; No available router to destination

Jan 31, 2008 8:36:57 AM com.inovis.b2b.lib.exception.OperationFailedException <init>
SEVERE: [LIBP-00001] Unable to connect to naming service
Caused By:null
Caused By:t3://localhost:7001: Destination unreachable; nested exception is: 
	java.net.ConnectException: Connection refused: connect; No available router to destination
Caused By:Destination unreachable; nested exception is: 
	java.net.ConnectException: Connection refused: connect; No available router to destination

Jan 31, 2008 8:37:00 AM com.inovis.b2b.lib.exception.OperationFailedException <init>
SEVERE: [LIBP-00001] Unable to connect to naming service
Caused By:null
Caused By:t3://localhost:7001: Destination unreachable; nested exception is: 
	java.net.ConnectException: Connection refused: connect; No available router to destination
Caused By:Destination unreachable; nested exception is: 
	java.net.ConnectException: Connection refused: connect; No available router to destination

Jan 31, 2008 8:37:03 AM com.inovis.b2b.lib.exception.OperationFailedException <init>
SEVERE: [LIBP-00001] Unable to connect to naming service
Caused By:null
Caused By:t3://localhost:7001: Destination unreachable; nested exception is: 
	java.net.ConnectException: Connection refused: connect; No available router to destination
Caused By:Destination unreachable; nested exception is: 
	java.net.ConnectException: Connection refused: connect; No available router to destination

Jan 31, 2008 8:37:05 AM com.inovis.b2b.lib.exception.OperationFailedException <init>
SEVERE: [LIBP-00001] Unable to connect to naming service
Caused By:null
Caused By:t3://localhost:7001: Destination unreachable; nested exception is: 
	java.net.ConnectException: Connection refused: connect; No available router to destination
Caused By:Destination unreachable; nested exception is: 
	java.net.ConnectException: Connection refused: connect; No available router to destination

Jan 31, 2008 8:37:08 AM com.inovis.b2b.lib.exception.OperationFailedException <init>
SEVERE: [LIBP-00001] Unable to connect to naming service
Caused By:null
Caused By:t3://localhost:7001: Destination unreachable; nested exception is: 
	java.net.ConnectException: Connection refused: connect; No available router to destination
Caused By:Destination unreachable; nested exception is: 
	java.net.ConnectException: Connection refused: connect; No available router to destination

Jan 31, 2008 8:37:11 AM com.inovis.b2b.lib.exception.OperationFailedException <init>
SEVERE: [LIBP-00001] Unable to connect to naming service
Caused By:null
Caused By:t3://localhost:7001: Destination unreachable; nested exception is: 
	java.net.ConnectException: Connection refused: connect; No available router to destination
Caused By:Destination unreachable; nested exception is: 
	java.net.ConnectException: Connection refused: connect; No available router to destination

Jan 31, 2008 8:37:13 AM com.inovis.b2b.lib.exception.OperationFailedException <init>
SEVERE: [LIBP-00001] Unable to connect to naming service
Caused By:null
Caused By:t3://localhost:7001: Destination unreachable; nested exception is: 
	java.net.ConnectException: Connection refused: connect; No available router to destination
Caused By:Destination unreachable; nested exception is: 
	java.net.ConnectException: Connection refused: connect; No available router to destination

Jan 31, 2008 8:37:15 AM com.inovis.b2b.lib.exception.OperationFailedException <init>
SEVERE: [LIBP-00001] Unable to connect to naming service
Caused By:null
Caused By:t3://localhost:7001: Destination unreachable; nested exception is: 
	java.net.ConnectException: Connection refused: connect; No available router to destination
Caused By:Destination unreachable; nested exception is: 
	java.net.ConnectException: Connection refused: connect; No available router to destination

Jan 31, 2008 8:37:17 AM com.inovis.mss.gateway.framework.store.GatewayLoader exists
INFO: Unable to locate configuration info for gateway -1 using Gateway-1.properties
Jan 31, 2008 8:37:17 AM com.inovis.mss.gateway.framework.store.GatewayLoader exists
INFO: Unable to locate configuration info for gateway -1 using Gateway-1.properties
Jan 31, 2008 8:37:19 AM com.inovis.b2b.lib.exception.OperationFailedException <init>
SEVERE: [LIBP-00001] Unable to connect to naming service
Caused By:null
Caused By:t3://localhost:7001: Destination unreachable; nested exception is: 
	java.net.ConnectException: Connection refused: connect; No available router to destination
Caused By:Destination unreachable; nested exception is: 
	java.net.ConnectException: Connection refused: connect; No available router to destination

Jan 31, 2008 8:37:19 AM com.inovis.mss.gateway.framework.GatewayEngine getSynchronousSession
SEVERE: Error in getSynchronousSession
class com.inovis.b2b.lib.service.ServiceUnavailableException: [LIBP-00001] Unable to connect to naming service
	at com.inovis.b2b.lib.service.ServiceLocator.getInitialContext(ServiceLocator.java:214)
	at com.inovis.b2b.lib.service.ServiceLocator.<init>(ServiceLocator.java:183)
	at com.inovis.b2b.lib.service.ServiceLocator.getInstance(ServiceLocator.java:167)
	at com.inovis.b2b.lib.service.ServiceLocator.getInstance(ServiceLocator.java:150)
	at com.inovis.mss.gateway.framework.GatewayEngine.getSynchronousSession(GatewayEngine.java:1174)
	at com.inovis.mss.gateway.framework.GatewayEngine.startInboundGateway(GatewayEngine.java:550)
	at test.com.inovis.mss.gateway.framework.TestGatewayEngine.testGatewayEngineStartInbound(TestGatewayEngine.java:93)
	at sun.reflect.NativeMethodAccessorImpl.invoke0(Native Method)
	at sun.reflect.NativeMethodAccessorImpl.invoke(NativeMethodAccessorImpl.java:39)
	at sun.reflect.DelegatingMethodAccessorImpl.invoke(DelegatingMethodAccessorImpl.java:25)
	at java.lang.reflect.Method.invoke(Method.java:585)
	at junit.framework.TestCase.runTest(TestCase.java:168)
	at junit.framework.TestCase.runBare(TestCase.java:134)
	at junit.framework.TestResult$1.protect(TestResult.java:110)
	at junit.framework.TestResult.runProtected(TestResult.java:128)
	at junit.framework.TestResult.run(TestResult.java:113)
	at junit.framework.TestCase.run(TestCase.java:124)
	at junit.framework.TestSuite.runTest(TestSuite.java:232)
	at junit.framework.TestSuite.run(TestSuite.java:227)
	at junit.framework.TestSuite.runTest(TestSuite.java:232)
	at junit.framework.TestSuite.run(TestSuite.java:227)
	at junit.framework.TestSuite.runTest(TestSuite.java:232)
	at junit.framework.TestSuite.run(TestSuite.java:227)
	at org.apache.tools.ant.taskdefs.optional.junit.JUnitTestRunner.run(JUnitTestRunner.java:297)
	at org.apache.tools.ant.taskdefs.optional.junit.JUnitTestRunner.launch(JUnitTestRunner.java:672)
	at org.apache.tools.ant.taskdefs.optional.junit.JUnitTestRunner.main(JUnitTestRunner.java:567)
Caused by: javax.naming.CommunicationException [Root exception is java.net.ConnectException: t3://localhost:7001: Destination unreachable; nested exception is: 
	java.net.ConnectException: Connection refused: connect; No available router to destination]
	at weblogic.jndi.internal.ExceptionTranslator.toNamingException(ExceptionTranslator.java:49)
	at weblogic.jndi.WLInitialContextFactoryDelegate.toNamingException(WLInitialContextFactoryDelegate.java:765)
	at weblogic.jndi.WLInitialContextFactoryDelegate.getInitialContext(WLInitialContextFactoryDelegate.java:364)
	at weblogic.jndi.Environment.getContext(Environment.java:307)
	at weblogic.jndi.Environment.getContext(Environment.java:277)
	at weblogic.jndi.WLInitialContextFactory.getInitialContext(WLInitialContextFactory.java:117)
	at javax.naming.spi.NamingManager.getInitialContext(NamingManager.java:667)
	at javax.naming.InitialContext.getDefaultInitCtx(InitialContext.java:247)
	at javax.naming.InitialContext.init(InitialContext.java:223)
	at javax.naming.InitialContext.<init>(InitialContext.java:175)
	at com.inovis.b2b.lib.service.ServiceLocator.getInitialContext(ServiceLocator.java:206)
	... 25 more
Caused by: java.net.ConnectException: t3://localhost:7001: Destination unreachable; nested exception is: 
	java.net.ConnectException: Connection refused: connect; No available router to destination
	at weblogic.rjvm.RJVMFinder.findOrCreate(RJVMFinder.java:204)
	at weblogic.rjvm.ServerURL.findOrCreateRJVM(ServerURL.java:154)
	at weblogic.jndi.WLInitialContextFactoryDelegate.getInitialContext(WLInitialContextFactoryDelegate.java:349)
	... 33 more
Caused by: java.rmi.ConnectException: Destination unreachable; nested exception is: 
	java.net.ConnectException: Connection refused: connect; No available router to destination
	at weblogic.rjvm.ConnectionManager.bootstrap(ConnectionManager.java:472)
	at weblogic.rjvm.ConnectionManager.bootstrap(ConnectionManager.java:323)
	at weblogic.rjvm.RJVMManager.findOrCreateRemoteInternal(RJVMManager.java:259)
	at weblogic.rjvm.RJVMManager.findOrCreate(RJVMManager.java:202)
	at weblogic.rjvm.RJVMFinder.findOrCreateRemoteServer(RJVMFinder.java:226)
	at weblogic.rjvm.RJVMFinder.findOrCreate(RJVMFinder.java:189)
	... 35 more
Jan 31, 2008 8:37:21 AM com.inovis.b2b.lib.exception.OperationFailedException <init>
SEVERE: [LIBP-00001] Unable to connect to naming service
Caused By:null
Caused By:t3://localhost:7001: Destination unreachable; nested exception is: 
	java.net.ConnectException: Connection refused: connect; No available router to destination
Caused By:Destination unreachable; nested exception is: 
	java.net.ConnectException: Connection refused: connect; No available router to destination

Jan 31, 2008 8:37:21 AM com.inovis.b2b.lib.exception.OperationFailedException <init>
INFO: [BIZZ-00113] Failed to lookup the Business Session Bean.
Caused By:[LIBP-00001] Unable to connect to naming service
Caused By:null
Caused By:t3://localhost:7001: Destination unreachable; nested exception is: 
	java.net.ConnectException: Connection refused: connect; No available router to destination
Caused By:Destination unreachable; nested exception is: 
	java.net.ConnectException: Connection refused: connect; No available router to destination

Jan 31, 2008 8:37:23 AM com.inovis.b2b.lib.exception.OperationFailedException <init>
SEVERE: [LIBP-00001] Unable to connect to naming service
Caused By:null
Caused By:t3://localhost:7001: Destination unreachable; nested exception is: 
	java.net.ConnectException: Connection refused: connect; No available router to destination
Caused By:Destination unreachable; nested exception is: 
	java.net.ConnectException: Connection refused: connect; No available router to destination

Jan 31, 2008 8:37:23 AM com.inovis.mss.gateway.framework.GatewayEngine getSynchronousSession
SEVERE: Error in getSynchronousSession
class com.inovis.b2b.lib.service.ServiceUnavailableException: [LIBP-00001] Unable to connect to naming service
	at com.inovis.b2b.lib.service.ServiceLocator.getInitialContext(ServiceLocator.java:214)
	at com.inovis.b2b.lib.service.ServiceLocator.<init>(ServiceLocator.java:183)
	at com.inovis.b2b.lib.service.ServiceLocator.getInstance(ServiceLocator.java:167)
	at com.inovis.b2b.lib.service.ServiceLocator.getInstance(ServiceLocator.java:150)
	at com.inovis.mss.gateway.framework.GatewayEngine.getSynchronousSession(GatewayEngine.java:1174)
	at com.inovis.mss.gateway.framework.GatewayEngine.runCommand(GatewayEngine.java:378)
	at test.com.inovis.mss.gateway.framework.TestGatewayEngine.testGatewayEngineRunCommand(TestGatewayEngine.java:131)
	at sun.reflect.NativeMethodAccessorImpl.invoke0(Native Method)
	at sun.reflect.NativeMethodAccessorImpl.invoke(NativeMethodAccessorImpl.java:39)
	at sun.reflect.DelegatingMethodAccessorImpl.invoke(DelegatingMethodAccessorImpl.java:25)
	at java.lang.reflect.Method.invoke(Method.java:585)
	at junit.framework.TestCase.runTest(TestCase.java:168)
	at junit.framework.TestCase.runBare(TestCase.java:134)
	at junit.framework.TestResult$1.protect(TestResult.java:110)
	at junit.framework.TestResult.runProtected(TestResult.java:128)
	at junit.framework.TestResult.run(TestResult.java:113)
	at junit.framework.TestCase.run(TestCase.java:124)
	at junit.framework.TestSuite.runTest(TestSuite.java:232)
	at junit.framework.TestSuite.run(TestSuite.java:227)
	at junit.framework.TestSuite.runTest(TestSuite.java:232)
	at junit.framework.TestSuite.run(TestSuite.java:227)
	at junit.framework.TestSuite.runTest(TestSuite.java:232)
	at junit.framework.TestSuite.run(TestSuite.java:227)
	at org.apache.tools.ant.taskdefs.optional.junit.JUnitTestRunner.run(JUnitTestRunner.java:297)
	at org.apache.tools.ant.taskdefs.optional.junit.JUnitTestRunner.launch(JUnitTestRunner.java:672)
	at org.apache.tools.ant.taskdefs.optional.junit.JUnitTestRunner.main(JUnitTestRunner.java:567)
Caused by: javax.naming.CommunicationException [Root exception is java.net.ConnectException: t3://localhost:7001: Destination unreachable; nested exception is: 
	java.net.ConnectException: Connection refused: connect; No available router to destination]
	at weblogic.jndi.internal.ExceptionTranslator.toNamingException(ExceptionTranslator.java:49)
	at weblogic.jndi.WLInitialContextFactoryDelegate.toNamingException(WLInitialContextFactoryDelegate.java:765)
	at weblogic.jndi.WLInitialContextFactoryDelegate.getInitialContext(WLInitialContextFactoryDelegate.java:364)
	at weblogic.jndi.Environment.getContext(Environment.java:307)
	at weblogic.jndi.Environment.getContext(Environment.java:277)
	at weblogic.jndi.WLInitialContextFactory.getInitialContext(WLInitialContextFactory.java:117)
	at javax.naming.spi.NamingManager.getInitialContext(NamingManager.java:667)
	at javax.naming.InitialContext.getDefaultInitCtx(InitialContext.java:247)
	at javax.naming.InitialContext.init(InitialContext.java:223)
	at javax.naming.InitialContext.<init>(InitialContext.java:175)
	at com.inovis.b2b.lib.service.ServiceLocator.getInitialContext(ServiceLocator.java:206)
	... 25 more
Caused by: java.net.ConnectException: t3://localhost:7001: Destination unreachable; nested exception is: 
	java.net.ConnectException: Connection refused: connect; No available router to destination
	at weblogic.rjvm.RJVMFinder.findOrCreate(RJVMFinder.java:204)
	at weblogic.rjvm.ServerURL.findOrCreateRJVM(ServerURL.java:154)
	at weblogic.jndi.WLInitialContextFactoryDelegate.getInitialContext(WLInitialContextFactoryDelegate.java:349)
	... 33 more
Caused by: java.rmi.ConnectException: Destination unreachable; nested exception is: 
	java.net.ConnectException: Connection refused: connect; No available router to destination
	at weblogic.rjvm.ConnectionManager.bootstrap(ConnectionManager.java:472)
	at weblogic.rjvm.ConnectionManager.bootstrap(ConnectionManager.java:323)
	at weblogic.rjvm.RJVMManager.findOrCreateRemoteInternal(RJVMManager.java:259)
	at weblogic.rjvm.RJVMManager.findOrCreate(RJVMManager.java:202)
	at weblogic.rjvm.RJVMFinder.findOrCreateRemoteServer(RJVMFinder.java:226)
	at weblogic.rjvm.RJVMFinder.findOrCreate(RJVMFinder.java:189)
	... 35 more
Jan 31, 2008 8:37:26 AM com.inovis.b2b.lib.exception.OperationFailedException <init>
SEVERE: [LIBP-00001] Unable to connect to naming service
Caused By:null
Caused By:t3://localhost:7001: Destination unreachable; nested exception is: 
	java.net.ConnectException: Connection refused: connect; No available router to destination
Caused By:Destination unreachable; nested exception is: 
	java.net.ConnectException: Connection refused: connect; No available router to destination

Jan 31, 2008 8:37:26 AM com.inovis.mss.gateway.framework.GatewayEngine getSynchronousSession
SEVERE: Error in getSynchronousSession
class com.inovis.b2b.lib.service.ServiceUnavailableException: [LIBP-00001] Unable to connect to naming service
	at com.inovis.b2b.lib.service.ServiceLocator.getInitialContext(ServiceLocator.java:214)
	at com.inovis.b2b.lib.service.ServiceLocator.<init>(ServiceLocator.java:183)
	at com.inovis.b2b.lib.service.ServiceLocator.getInstance(ServiceLocator.java:167)
	at com.inovis.b2b.lib.service.ServiceLocator.getInstance(ServiceLocator.java:150)
	at com.inovis.mss.gateway.framework.GatewayEngine.getSynchronousSession(GatewayEngine.java:1174)
	at com.inovis.mss.gateway.framework.GatewayEngine.runCommand(GatewayEngine.java:378)
	at test.com.inovis.mss.gateway.framework.TestGatewayEngine.testGatewayEngineRunCommand(TestGatewayEngine.java:144)
	at sun.reflect.NativeMethodAccessorImpl.invoke0(Native Method)
	at sun.reflect.NativeMethodAccessorImpl.invoke(NativeMethodAccessorImpl.java:39)
	at sun.reflect.DelegatingMethodAccessorImpl.invoke(DelegatingMethodAccessorImpl.java:25)
	at java.lang.reflect.Method.invoke(Method.java:585)
	at junit.framework.TestCase.runTest(TestCase.java:168)
	at junit.framework.TestCase.runBare(TestCase.java:134)
	at junit.framework.TestResult$1.protect(TestResult.java:110)
	at junit.framework.TestResult.runProtected(TestResult.java:128)
	at junit.framework.TestResult.run(TestResult.java:113)
	at junit.framework.TestCase.run(TestCase.java:124)
	at junit.framework.TestSuite.runTest(TestSuite.java:232)
	at junit.framework.TestSuite.run(TestSuite.java:227)
	at junit.framework.TestSuite.runTest(TestSuite.java:232)
	at junit.framework.TestSuite.run(TestSuite.java:227)
	at junit.framework.TestSuite.runTest(TestSuite.java:232)
	at junit.framework.TestSuite.run(TestSuite.java:227)
	at org.apache.tools.ant.taskdefs.optional.junit.JUnitTestRunner.run(JUnitTestRunner.java:297)
	at org.apache.tools.ant.taskdefs.optional.junit.JUnitTestRunner.launch(JUnitTestRunner.java:672)
	at org.apache.tools.ant.taskdefs.optional.junit.JUnitTestRunner.main(JUnitTestRunner.java:567)
Caused by: javax.naming.CommunicationException [Root exception is java.net.ConnectException: t3://localhost:7001: Destination unreachable; nested exception is: 
	java.net.ConnectException: Connection refused: connect; No available router to destination]
	at weblogic.jndi.internal.ExceptionTranslator.toNamingException(ExceptionTranslator.java:49)
	at weblogic.jndi.WLInitialContextFactoryDelegate.toNamingException(WLInitialContextFactoryDelegate.java:765)
	at weblogic.jndi.WLInitialContextFactoryDelegate.getInitialContext(WLInitialContextFactoryDelegate.java:364)
	at weblogic.jndi.Environment.getContext(Environment.java:307)
	at weblogic.jndi.Environment.getContext(Environment.java:277)
	at weblogic.jndi.WLInitialContextFactory.getInitialContext(WLInitialContextFactory.java:117)
	at javax.naming.spi.NamingManager.getInitialContext(NamingManager.java:667)
	at javax.naming.InitialContext.getDefaultInitCtx(InitialContext.java:247)
	at javax.naming.InitialContext.init(InitialContext.java:223)
	at javax.naming.InitialContext.<init>(InitialContext.java:175)
	at com.inovis.b2b.lib.service.ServiceLocator.getInitialContext(ServiceLocator.java:206)
	... 25 more
Caused by: java.net.ConnectException: t3://localhost:7001: Destination unreachable; nested exception is: 
	java.net.ConnectException: Connection refused: connect; No available router to destination
	at weblogic.rjvm.RJVMFinder.findOrCreate(RJVMFinder.java:204)
	at weblogic.rjvm.ServerURL.findOrCreateRJVM(ServerURL.java:154)
	at weblogic.jndi.WLInitialContextFactoryDelegate.getInitialContext(WLInitialContextFactoryDelegate.java:349)
	... 33 more
Caused by: java.rmi.ConnectException: Destination unreachable; nested exception is: 
	java.net.ConnectException: Connection refused: connect; No available router to destination
	at weblogic.rjvm.ConnectionManager.bootstrap(ConnectionManager.java:472)
	at weblogic.rjvm.ConnectionManager.bootstrap(ConnectionManager.java:323)
	at weblogic.rjvm.RJVMManager.findOrCreateRemoteInternal(RJVMManager.java:259)
	at weblogic.rjvm.RJVMManager.findOrCreate(RJVMManager.java:202)
	at weblogic.rjvm.RJVMFinder.findOrCreateRemoteServer(RJVMFinder.java:226)
	at weblogic.rjvm.RJVMFinder.findOrCreate(RJVMFinder.java:189)
	... 35 more
Jan 31, 2008 8:37:29 AM com.inovis.b2b.lib.exception.OperationFailedException <init>
SEVERE: [LIBP-00001] Unable to connect to naming service
Caused By:null
Caused By:t3://localhost:7001: Destination unreachable; nested exception is: 
	java.net.ConnectException: Connection refused: connect; No available router to destination
Caused By:Destination unreachable; nested exception is: 
	java.net.ConnectException: Connection refused: connect; No available router to destination

Jan 31, 2008 8:37:29 AM com.inovis.b2b.lib.exception.OperationFailedException <init>
INFO: [BIZZ-00113] Failed to lookup the Business Session Bean.
Caused By:[LIBP-00001] Unable to connect to naming service
Caused By:null
Caused By:t3://localhost:7001: Destination unreachable; nested exception is: 
	java.net.ConnectException: Connection refused: connect; No available router to destination
Caused By:Destination unreachable; nested exception is: 
	java.net.ConnectException: Connection refused: connect; No available router to destination

Jan 31, 2008 8:37:32 AM com.inovis.b2b.lib.exception.OperationFailedException <init>
SEVERE: [LIBP-00001] Unable to connect to naming service
Caused By:null
Caused By:t3://localhost:7001: Destination unreachable; nested exception is: 
	java.net.ConnectException: Connection refused: connect; No available router to destination
Caused By:Destination unreachable; nested exception is: 
	java.net.ConnectException: Connection refused: connect; No available router to destination

Jan 31, 2008 8:37:34 AM com.inovis.b2b.lib.exception.OperationFailedException <init>
SEVERE: [LIBP-00001] Unable to connect to naming service
Caused By:null
Caused By:t3://localhost:7001: Destination unreachable; nested exception is: 
	java.net.ConnectException: Connection refused: connect; No available router to destination
Caused By:Destination unreachable; nested exception is: 
	java.net.ConnectException: Connection refused: connect; No available router to destination

Jan 31, 2008 8:37:37 AM com.inovis.b2b.lib.exception.OperationFailedException <init>
SEVERE: [LIBP-00001] Unable to connect to naming service
Caused By:null
Caused By:t3://localhost:7001: Destination unreachable; nested exception is: 
	java.net.ConnectException: Connection refused: connect; No available router to destination
Caused By:Destination unreachable; nested exception is: 
	java.net.ConnectException: Connection refused: connect; No available router to destination

Jan 31, 2008 8:37:40 AM com.inovis.b2b.lib.exception.OperationFailedException <init>
SEVERE: [LIBP-00001] Unable to connect to naming service
Caused By:null
Caused By:t3://localhost:7001: Destination unreachable; nested exception is: 
	java.net.ConnectException: Connection refused: connect; No available router to destination
Caused By:Destination unreachable; nested exception is: 
	java.net.ConnectException: Connection refused: connect; No available router to destination

Jan 31, 2008 8:37:43 AM com.inovis.b2b.lib.exception.OperationFailedException <init>
SEVERE: [LIBP-00001] Unable to connect to naming service
Caused By:null
Caused By:t3://localhost:7001: Destination unreachable; nested exception is: 
	java.net.ConnectException: Connection refused: connect; No available router to destination
Caused By:Destination unreachable; nested exception is: 
	java.net.ConnectException: Connection refused: connect; No available router to destination

Jan 31, 2008 8:37:45 AM com.inovis.b2b.lib.exception.OperationFailedException <init>
SEVERE: [LIBP-00001] Unable to connect to naming service
Caused By:null
Caused By:t3://localhost:7001: Destination unreachable; nested exception is: 
	java.net.ConnectException: Connection refused: connect; No available router to destination
Caused By:Destination unreachable; nested exception is: 
	java.net.ConnectException: Connection refused: connect; No available router to destination

Jan 31, 2008 8:37:47 AM com.inovis.b2b.lib.exception.OperationFailedException <init>
SEVERE: [LIBP-00001] Unable to connect to naming service
Caused By:null
Caused By:t3://localhost:7001: Destination unreachable; nested exception is: 
	java.net.ConnectException: Connection refused: connect; No available router to destination
Caused By:Destination unreachable; nested exception is: 
	java.net.ConnectException: Connection refused: connect; No available router to destination

Jan 31, 2008 8:37:49 AM com.inovis.b2b.lib.exception.OperationFailedException <init>
SEVERE: [LIBP-00001] Unable to connect to naming service
Caused By:null
Caused By:t3://localhost:7001: Destination unreachable; nested exception is: 
	java.net.ConnectException: Connection refused: connect; No available router to destination
Caused By:Destination unreachable; nested exception is: 
	java.net.ConnectException: Connection refused: connect; No available router to destination

Jan 31, 2008 8:37:52 AM com.inovis.b2b.lib.exception.OperationFailedException <init>
SEVERE: [LIBP-00001] Unable to connect to naming service
Caused By:null
Caused By:t3://localhost:7001: Destination unreachable; nested exception is: 
	java.net.ConnectException: Connection refused: connect; No available router to destination
Caused By:Destination unreachable; nested exception is: 
	java.net.ConnectException: Connection refused: connect; No available router to destination

Jan 31, 2008 8:37:55 AM com.inovis.b2b.lib.exception.OperationFailedException <init>
SEVERE: [LIBP-00001] Unable to connect to naming service
Caused By:null
Caused By:t3://localhost:7001: Destination unreachable; nested exception is: 
	java.net.ConnectException: Connection refused: connect; No available router to destination
Caused By:Destination unreachable; nested exception is: 
	java.net.ConnectException: Connection refused: connect; No available router to destination

Jan 31, 2008 8:37:57 AM com.inovis.b2b.lib.exception.OperationFailedException <init>
SEVERE: [LIBP-00001] Unable to connect to naming service
Caused By:null
Caused By:t3://localhost:7001: Destination unreachable; nested exception is: 
	java.net.ConnectException: Connection refused: connect; No available router to destination
Caused By:Destination unreachable; nested exception is: 
	java.net.ConnectException: Connection refused: connect; No available router to destination

Jan 31, 2008 8:37:59 AM com.inovis.b2b.lib.exception.OperationFailedException <init>
SEVERE: [LIBP-00001] Unable to connect to naming service
Caused By:null
Caused By:t3://localhost:7001: Destination unreachable; nested exception is: 
	java.net.ConnectException: Connection refused: connect; No available router to destination
Caused By:Destination unreachable; nested exception is: 
	java.net.ConnectException: Connection refused: connect; No available router to destination

Jan 31, 2008 8:38:02 AM com.inovis.b2b.lib.exception.OperationFailedException <init>
SEVERE: [LIBP-00001] Unable to connect to naming service
Caused By:null
Caused By:t3://localhost:7001: Destination unreachable; nested exception is: 
	java.net.ConnectException: Connection refused: connect; No available router to destination
Caused By:Destination unreachable; nested exception is: 
	java.net.ConnectException: Connection refused: connect; No available router to destination

Jan 31, 2008 8:38:05 AM com.inovis.b2b.lib.exception.OperationFailedException <init>
SEVERE: [LIBP-00001] Unable to connect to naming service
Caused By:null
Caused By:t3://localhost:7001: Destination unreachable; nested exception is: 
	java.net.ConnectException: Connection refused: connect; No available router to destination
Caused By:Destination unreachable; nested exception is: 
	java.net.ConnectException: Connection refused: connect; No available router to destination

Jan 31, 2008 8:38:08 AM com.inovis.b2b.lib.exception.OperationFailedException <init>
SEVERE: [LIBP-00001] Unable to connect to naming service
Caused By:null
Caused By:t3://localhost:7001: Destination unreachable; nested exception is: 
	java.net.ConnectException: Connection refused: connect; No available router to destination
Caused By:Destination unreachable; nested exception is: 
	java.net.ConnectException: Connection refused: connect; No available router to destination

Jan 31, 2008 8:38:11 AM com.inovis.b2b.lib.exception.OperationFailedException <init>
SEVERE: [LIBP-00001] Unable to connect to naming service
Caused By:null
Caused By:t3://localhost:7001: Destination unreachable; nested exception is: 
	java.net.ConnectException: Connection refused: connect; No available router to destination
Caused By:Destination unreachable; nested exception is: 
	java.net.ConnectException: Connection refused: connect; No available router to destination

Jan 31, 2008 8:38:14 AM com.inovis.b2b.lib.exception.OperationFailedException <init>
SEVERE: [LIBP-00001] Unable to connect to naming service
Caused By:null
Caused By:t3://localhost:7001: Destination unreachable; nested exception is: 
	java.net.ConnectException: Connection refused: connect; No available router to destination
Caused By:Destination unreachable; nested exception is: 
	java.net.ConnectException: Connection refused: connect; No available router to destination

Jan 31, 2008 8:38:16 AM com.inovis.b2b.lib.exception.OperationFailedException <init>
SEVERE: [LIBP-00001] Unable to connect to naming service
Caused By:null
Caused By:t3://localhost:7001: Destination unreachable; nested exception is: 
	java.net.ConnectException: Connection refused: connect; No available router to destination
Caused By:Destination unreachable; nested exception is: 
	java.net.ConnectException: Connection refused: connect; No available router to destination

Jan 31, 2008 8:38:18 AM com.inovis.b2b.lib.exception.OperationFailedException <init>
SEVERE: [LIBP-00001] Unable to connect to naming service
Caused By:null
Caused By:t3://localhost:7001: Destination unreachable; nested exception is: 
	java.net.ConnectException: Connection refused: connect; No available router to destination
Caused By:Destination unreachable; nested exception is: 
	java.net.ConnectException: Connection refused: connect; No available router to destination

Jan 31, 2008 8:38:21 AM com.inovis.b2b.lib.exception.OperationFailedException <init>
SEVERE: [LIBP-00001] Unable to connect to naming service
Caused By:null
Caused By:t3://localhost:7001: Destination unreachable; nested exception is: 
	java.net.ConnectException: Connection refused: connect; No available router to destination
Caused By:Destination unreachable; nested exception is: 
	java.net.ConnectException: Connection refused: connect; No available router to destination

Jan 31, 2008 8:38:23 AM com.inovis.b2b.lib.exception.OperationFailedException <init>
SEVERE: [LIBP-00001] Unable to connect to naming service
Caused By:null
Caused By:t3://localhost:7001: Destination unreachable; nested exception is: 
	java.net.ConnectException: Connection refused: connect; No available router to destination
Caused By:Destination unreachable; nested exception is: 
	java.net.ConnectException: Connection refused: connect; No available router to destination

Jan 31, 2008 8:38:26 AM com.inovis.b2b.lib.exception.OperationFailedException <init>
SEVERE: [LIBP-00001] Unable to connect to naming service
Caused By:null
Caused By:t3://localhost:7001: Destination unreachable; nested exception is: 
	java.net.ConnectException: Connection refused: connect; No available router to destination
Caused By:Destination unreachable; nested exception is: 
	java.net.ConnectException: Connection refused: connect; No available router to destination

Jan 31, 2008 8:38:28 AM com.inovis.b2b.lib.exception.OperationFailedException <init>
SEVERE: [LIBP-00001] Unable to connect to naming service
Caused By:null
Caused By:t3://localhost:7001: Destination unreachable; nested exception is: 
	java.net.ConnectException: Connection refused: connect; No available router to destination
Caused By:Destination unreachable; nested exception is: 
	java.net.ConnectException: Connection refused: connect; No available router to destination

Jan 31, 2008 8:38:31 AM com.inovis.b2b.lib.exception.OperationFailedException <init>
SEVERE: [LIBP-00001] Unable to connect to naming service
Caused By:null
Caused By:t3://localhost:7001: Destination unreachable; nested exception is: 
	java.net.ConnectException: Connection refused: connect; No available router to destination
Caused By:Destination unreachable; nested exception is: 
	java.net.ConnectException: Connection refused: connect; No available router to destination

Jan 31, 2008 8:38:33 AM com.inovis.b2b.lib.exception.OperationFailedException <init>
SEVERE: [LIBP-00001] Unable to connect to naming service
Caused By:null
Caused By:t3://localhost:7001: Destination unreachable; nested exception is: 
	java.net.ConnectException: Connection refused: connect; No available router to destination
Caused By:Destination unreachable; nested exception is: 
	java.net.ConnectException: Connection refused: connect; No available router to destination

Jan 31, 2008 8:38:35 AM com.inovis.b2b.lib.exception.OperationFailedException <init>
SEVERE: [LIBP-00001] Unable to connect to naming service
Caused By:null
Caused By:t3://localhost:7001: Destination unreachable; nested exception is: 
	java.net.ConnectException: Connection refused: connect; No available router to destination
Caused By:Destination unreachable; nested exception is: 
	java.net.ConnectException: Connection refused: connect; No available router to destination

Jan 31, 2008 8:38:38 AM com.inovis.b2b.lib.exception.OperationFailedException <init>
SEVERE: [LIBP-00001] Unable to connect to naming service
Caused By:null
Caused By:t3://localhost:7001: Destination unreachable; nested exception is: 
	java.net.ConnectException: Connection refused: connect; No available router to destination
Caused By:Destination unreachable; nested exception is: 
	java.net.ConnectException: Connection refused: connect; No available router to destination

Jan 31, 2008 8:38:41 AM com.inovis.b2b.lib.exception.OperationFailedException <init>
SEVERE: [LIBP-00001] Unable to connect to naming service
Caused By:null
Caused By:t3://localhost:7001: Destination unreachable; nested exception is: 
	java.net.ConnectException: Connection refused: connect; No available router to destination
Caused By:Destination unreachable; nested exception is: 
	java.net.ConnectException: Connection refused: connect; No available router to destination

Jan 31, 2008 8:38:43 AM com.inovis.b2b.lib.exception.OperationFailedException <init>
SEVERE: [LIBP-00001] Unable to connect to naming service
Caused By:null
Caused By:t3://localhost:7001: Destination unreachable; nested exception is: 
	java.net.ConnectException: Connection refused: connect; No available router to destination
Caused By:Destination unreachable; nested exception is: 
	java.net.ConnectException: Connection refused: connect; No available router to destination

Jan 31, 2008 8:38:46 AM com.inovis.b2b.lib.exception.OperationFailedException <init>
SEVERE: [LIBP-00001] Unable to connect to naming service
Caused By:null
Caused By:t3://localhost:7001: Destination unreachable; nested exception is: 
	java.net.ConnectException: Connection refused: connect; No available router to destination
Caused By:Destination unreachable; nested exception is: 
	java.net.ConnectException: Connection refused: connect; No available router to destination

Jan 31, 2008 8:38:49 AM com.inovis.b2b.lib.exception.OperationFailedException <init>
SEVERE: [LIBP-00001] Unable to connect to naming service
Caused By:null
Caused By:t3://localhost:7001: Destination unreachable; nested exception is: 
	java.net.ConnectException: Connection refused: connect; No available router to destination
Caused By:Destination unreachable; nested exception is: 
	java.net.ConnectException: Connection refused: connect; No available router to destination

Jan 31, 2008 8:38:51 AM com.inovis.b2b.lib.exception.OperationFailedException <init>
SEVERE: [LIBP-00001] Unable to connect to naming service
Caused By:null
Caused By:t3://localhost:7001: Destination unreachable; nested exception is: 
	java.net.ConnectException: Connection refused: connect; No available router to destination
Caused By:Destination unreachable; nested exception is: 
	java.net.ConnectException: Connection refused: connect; No available router to destination

Jan 31, 2008 8:38:53 AM com.inovis.b2b.lib.exception.OperationFailedException <init>
SEVERE: [LIBP-00001] Unable to connect to naming service
Caused By:null
Caused By:t3://localhost:7001: Destination unreachable; nested exception is: 
	java.net.ConnectException: Connection refused: connect; No available router to destination
Caused By:Destination unreachable; nested exception is: 
	java.net.ConnectException: Connection refused: connect; No available router to destination

Jan 31, 2008 8:38:55 AM com.inovis.b2b.lib.exception.OperationFailedException <init>
SEVERE: [LIBP-00001] Unable to connect to naming service
Caused By:null
Caused By:t3://localhost:7001: Destination unreachable; nested exception is: 
	java.net.ConnectException: Connection refused: connect; No available router to destination
Caused By:Destination unreachable; nested exception is: 
	java.net.ConnectException: Connection refused: connect; No available router to destination

Jan 31, 2008 8:38:58 AM com.inovis.b2b.lib.exception.OperationFailedException <init>
SEVERE: [LIBP-00001] Unable to connect to naming service
Caused By:null
Caused By:t3://localhost:7001: Destination unreachable; nested exception is: 
	java.net.ConnectException: Connection refused: connect; No available router to destination
Caused By:Destination unreachable; nested exception is: 
	java.net.ConnectException: Connection refused: connect; No available router to destination

Jan 31, 2008 8:39:00 AM com.inovis.b2b.lib.exception.OperationFailedException <init>
SEVERE: [LIBP-00001] Unable to connect to naming service
Caused By:null
Caused By:t3://localhost:7001: Destination unreachable; nested exception is: 
	java.net.ConnectException: Connection refused: connect; No available router to destination
Caused By:Destination unreachable; nested exception is: 
	java.net.ConnectException: Connection refused: connect; No available router to destination

Jan 31, 2008 8:39:03 AM com.inovis.b2b.lib.exception.OperationFailedException <init>
SEVERE: [LIBP-00001] Unable to connect to naming service
Caused By:null
Caused By:t3://localhost:7001: Destination unreachable; nested exception is: 
	java.net.ConnectException: Connection refused: connect; No available router to destination
Caused By:Destination unreachable; nested exception is: 
	java.net.ConnectException: Connection refused: connect; No available router to destination

Jan 31, 2008 8:39:07 AM com.inovis.b2b.lib.exception.OperationFailedException <init>
SEVERE: [LIBP-00001] Unable to connect to naming service
Caused By:null
Caused By:t3://localhost:7001: Destination unreachable; nested exception is: 
	java.net.ConnectException: Connection refused: connect; No available router to destination
Caused By:Destination unreachable; nested exception is: 
	java.net.ConnectException: Connection refused: connect; No available router to destination

Jan 31, 2008 8:39:08 AM com.inovis.b2b.rules.router.DTSRouter_Config validateConfigString
INFO: FTP Error: dts: No such file or directory.
Jan 31, 2008 8:39:11 AM com.inovis.b2b.lib.exception.OperationFailedException <init>
SEVERE: [LIBP-00001] Unable to connect to naming service
Caused By:null
Caused By:t3://localhost:7001: Destination unreachable; nested exception is: 
	java.net.ConnectException: Connection refused: connect; No available router to destination
Caused By:Destination unreachable; nested exception is: 
	java.net.ConnectException: Connection refused: connect; No available router to destination

Jan 31, 2008 8:39:13 AM com.inovis.b2b.lib.exception.OperationFailedException <init>
SEVERE: [LIBP-00001] Unable to connect to naming service
Caused By:null
Caused By:t3://localhost:7001: Destination unreachable; nested exception is: 
	java.net.ConnectException: Connection refused: connect; No available router to destination
Caused By:Destination unreachable; nested exception is: 
	java.net.ConnectException: Connection refused: connect; No available router to destination

Jan 31, 2008 8:39:17 AM com.inovis.b2b.lib.exception.OperationFailedException <init>
SEVERE: [LIBP-00001] Unable to connect to naming service
Caused By:null
Caused By:t3://localhost:7001: Destination unreachable; nested exception is: 
	java.net.ConnectException: Connection refused: connect; No available router to destination
Caused By:Destination unreachable; nested exception is: 
	java.net.ConnectException: Connection refused: connect; No available router to destination

Jan 31, 2008 8:39:17 AM com.inovis.b2b.audit.defs.AuditManagerImp <init>
SEVERE: [LIBP-00001] Unable to connect to naming service
Jan 31, 2008 8:39:17 AM com.inovis.b2b.lib.exception.OperationFailedException <init>
INFO: [AUDT-00050] Unable to get the Audit Server
Caused By:[LIBP-00001] Unable to connect to naming service
Caused By:null
Caused By:t3://localhost:7001: Destination unreachable; nested exception is: 
	java.net.ConnectException: Connection refused: connect; No available router to destination
Caused By:Destination unreachable; nested exception is: 
	java.net.ConnectException: Connection refused: connect; No available router to destination

Jan 31, 2008 8:39:20 AM com.inovis.b2b.lib.exception.OperationFailedException <init>
SEVERE: [LIBP-00001] Unable to connect to naming service
Caused By:null
Caused By:t3://localhost:7001: Destination unreachable; nested exception is: 
	java.net.ConnectException: Connection refused: connect; No available router to destination
Caused By:Destination unreachable; nested exception is: 
	java.net.ConnectException: Connection refused: connect; No available router to destination

Jan 31, 2008 8:39:20 AM com.inovis.b2b.audit.defs.AuditManagerImp <init>
SEVERE: [LIBP-00001] Unable to connect to naming service
Jan 31, 2008 8:39:20 AM com.inovis.b2b.lib.exception.OperationFailedException <init>
INFO: [AUDT-00050] Unable to get the Audit Server
Caused By:[LIBP-00001] Unable to connect to naming service
Caused By:null
Caused By:t3://localhost:7001: Destination unreachable; nested exception is: 
	java.net.ConnectException: Connection refused: connect; No available router to destination
Caused By:Destination unreachable; nested exception is: 
	java.net.ConnectException: Connection refused: connect; No available router to destination

Jan 31, 2008 8:39:23 AM com.inovis.b2b.lib.exception.OperationFailedException <init>
SEVERE: [LIBP-00001] Unable to connect to naming service
Caused By:null
Caused By:t3://localhost:7001: Destination unreachable; nested exception is: 
	java.net.ConnectException: Connection refused: connect; No available router to destination
Caused By:Destination unreachable; nested exception is: 
	java.net.ConnectException: Connection refused: connect; No available router to destination

Jan 31, 2008 8:39:23 AM com.inovis.b2b.audit.defs.AuditManagerImp <init>
SEVERE: [LIBP-00001] Unable to connect to naming service
Jan 31, 2008 8:39:23 AM com.inovis.b2b.lib.exception.OperationFailedException <init>
INFO: [AUDT-00050] Unable to get the Audit Server
Caused By:[LIBP-00001] Unable to connect to naming service
Caused By:null
Caused By:t3://localhost:7001: Destination unreachable; nested exception is: 
	java.net.ConnectException: Connection refused: connect; No available router to destination
Caused By:Destination unreachable; nested exception is: 
	java.net.ConnectException: Connection refused: connect; No available router to destination

Jan 31, 2008 8:39:25 AM com.inovis.b2b.lib.exception.OperationFailedException <init>
SEVERE: [LIBP-00001] Unable to connect to naming service
Caused By:null
Caused By:t3://localhost:7001: Destination unreachable; nested exception is: 
	java.net.ConnectException: Connection refused: connect; No available router to destination
Caused By:Destination unreachable; nested exception is: 
	java.net.ConnectException: Connection refused: connect; No available router to destination

Jan 31, 2008 8:39:25 AM com.inovis.b2b.audit.defs.AuditManagerImp <init>
SEVERE: [LIBP-00001] Unable to connect to naming service
Jan 31, 2008 8:39:25 AM com.inovis.b2b.lib.exception.OperationFailedException <init>
INFO: [AUDT-00050] Unable to get the Audit Server
Caused By:[LIBP-00001] Unable to connect to naming service
Caused By:null
Caused By:t3://localhost:7001: Destination unreachable; nested exception is: 
	java.net.ConnectException: Connection refused: connect; No available router to destination
Caused By:Destination unreachable; nested exception is: 
	java.net.ConnectException: Connection refused: connect; No available router to destination

Jan 31, 2008 8:39:28 AM com.inovis.b2b.lib.exception.OperationFailedException <init>
SEVERE: [LIBP-00001] Unable to connect to naming service
Caused By:null
Caused By:t3://localhost:7001: Destination unreachable; nested exception is: 
	java.net.ConnectException: Connection refused: connect; No available router to destination
Caused By:Destination unreachable; nested exception is: 
	java.net.ConnectException: Connection refused: connect; No available router to destination

Jan 31, 2008 8:39:28 AM com.inovis.b2b.audit.defs.AuditManagerImp <init>
SEVERE: [LIBP-00001] Unable to connect to naming service
Jan 31, 2008 8:39:28 AM com.inovis.b2b.lib.exception.OperationFailedException <init>
INFO: [AUDT-00050] Unable to get the Audit Server
Caused By:[LIBP-00001] Unable to connect to naming service
Caused By:null
Caused By:t3://localhost:7001: Destination unreachable; nested exception is: 
	java.net.ConnectException: Connection refused: connect; No available router to destination
Caused By:Destination unreachable; nested exception is: 
	java.net.ConnectException: Connection refused: connect; No available router to destination

Jan 31, 2008 8:39:30 AM com.inovis.b2b.lib.exception.OperationFailedException <init>
SEVERE: [LIBP-00001] Unable to connect to naming service
Caused By:null
Caused By:t3://localhost:7001: Destination unreachable; nested exception is: 
	java.net.ConnectException: Connection refused: connect; No available router to destination
Caused By:Destination unreachable; nested exception is: 
	java.net.ConnectException: Connection refused: connect; No available router to destination

Jan 31, 2008 8:39:30 AM com.inovis.b2b.audit.defs.AuditManagerImp <init>
SEVERE: [LIBP-00001] Unable to connect to naming service
Jan 31, 2008 8:39:30 AM com.inovis.b2b.lib.exception.OperationFailedException <init>
INFO: [AUDT-00050] Unable to get the Audit Server
Caused By:[LIBP-00001] Unable to connect to naming service
Caused By:null
Caused By:t3://localhost:7001: Destination unreachable; nested exception is: 
	java.net.ConnectException: Connection refused: connect; No available router to destination
Caused By:Destination unreachable; nested exception is: 
	java.net.ConnectException: Connection refused: connect; No available router to destination

Jan 31, 2008 8:39:30 AM com.inovis.b2b.lib.exception.OperationFailedException <init>
SEVERE: [AUDT-00007] BAD does not seem to have an AuditStore registered.  Please check AuditRegistry.properties.
Jan 31, 2008 8:39:30 AM com.inovis.b2b.lib.exception.OperationFailedException <init>
SEVERE: [AUDT-00003] Could not find class: this.is.an.invalid.classname
Caused By:this.is.an.invalid.classname

Jan 31, 2008 8:39:33 AM com.inovis.b2b.lib.exception.OperationFailedException <init>
SEVERE: [LIBP-00001] Unable to connect to naming service
Caused By:null
Caused By:t3://localhost:7001: Destination unreachable; nested exception is: 
	java.net.ConnectException: Connection refused: connect; No available router to destination
Caused By:Destination unreachable; nested exception is: 
	java.net.ConnectException: Connection refused: connect; No available router to destination

Jan 31, 2008 8:39:33 AM com.inovis.b2b.audit.defs.AuditManagerImp <init>
SEVERE: [LIBP-00001] Unable to connect to naming service
Jan 31, 2008 8:39:33 AM com.inovis.b2b.lib.exception.OperationFailedException <init>
INFO: [AUDT-00050] Unable to get the Audit Server
Caused By:[LIBP-00001] Unable to connect to naming service
Caused By:null
Caused By:t3://localhost:7001: Destination unreachable; nested exception is: 
	java.net.ConnectException: Connection refused: connect; No available router to destination
Caused By:Destination unreachable; nested exception is: 
	java.net.ConnectException: Connection refused: connect; No available router to destination

Jan 31, 2008 8:39:36 AM com.inovis.b2b.lib.exception.OperationFailedException <init>
SEVERE: [LIBP-00001] Unable to connect to naming service
Caused By:null
Caused By:t3://localhost:7001: Destination unreachable; nested exception is: 
	java.net.ConnectException: Connection refused: connect; No available router to destination
Caused By:Destination unreachable; nested exception is: 
	java.net.ConnectException: Connection refused: connect; No available router to destination

Jan 31, 2008 8:39:36 AM com.inovis.b2b.audit.defs.AuditManagerImp <init>
SEVERE: [LIBP-00001] Unable to connect to naming service
Jan 31, 2008 8:39:36 AM com.inovis.b2b.lib.exception.OperationFailedException <init>
INFO: [AUDT-00050] Unable to get the Audit Server
Caused By:[LIBP-00001] Unable to connect to naming service
Caused By:null
Caused By:t3://localhost:7001: Destination unreachable; nested exception is: 
	java.net.ConnectException: Connection refused: connect; No available router to destination
Caused By:Destination unreachable; nested exception is: 
	java.net.ConnectException: Connection refused: connect; No available router to destination

Jan 31, 2008 8:39:38 AM com.inovis.b2b.lib.exception.OperationFailedException <init>
SEVERE: [LIBP-00001] Unable to connect to naming service
Caused By:null
Caused By:t3://localhost:7001: Destination unreachable; nested exception is: 
	java.net.ConnectException: Connection refused: connect; No available router to destination
Caused By:Destination unreachable; nested exception is: 
	java.net.ConnectException: Connection refused: connect; No available router to destination

Jan 31, 2008 8:39:38 AM com.inovis.b2b.audit.defs.AuditManagerImp <init>
SEVERE: [LIBP-00001] Unable to connect to naming service
Jan 31, 2008 8:39:38 AM com.inovis.b2b.lib.exception.OperationFailedException <init>
INFO: [AUDT-00050] Unable to get the Audit Server
Caused By:[LIBP-00001] Unable to connect to naming service
Caused By:null
Caused By:t3://localhost:7001: Destination unreachable; nested exception is: 
	java.net.ConnectException: Connection refused: connect; No available router to destination
Caused By:Destination unreachable; nested exception is: 
	java.net.ConnectException: Connection refused: connect; No available router to destination

Jan 31, 2008 8:39:41 AM com.inovis.b2b.lib.exception.OperationFailedException <init>
SEVERE: [LIBP-00001] Unable to connect to naming service
Caused By:null
Caused By:t3://localhost:7001: Destination unreachable; nested exception is: 
	java.net.ConnectException: Connection refused: connect; No available router to destination
Caused By:Destination unreachable; nested exception is: 
	java.net.ConnectException: Connection refused: connect; No available router to destination

Jan 31, 2008 8:39:41 AM com.inovis.b2b.audit.defs.AuditManagerImp <init>
SEVERE: [LIBP-00001] Unable to connect to naming service
Jan 31, 2008 8:39:41 AM com.inovis.b2b.lib.exception.OperationFailedException <init>
INFO: [AUDT-00050] Unable to get the Audit Server
Caused By:[LIBP-00001] Unable to connect to naming service
Caused By:null
Caused By:t3://localhost:7001: Destination unreachable; nested exception is: 
	java.net.ConnectException: Connection refused: connect; No available router to destination
Caused By:Destination unreachable; nested exception is: 
	java.net.ConnectException: Connection refused: connect; No available router to destination

Jan 31, 2008 8:39:43 AM com.inovis.b2b.lib.exception.OperationFailedException <init>
SEVERE: [LIBP-00001] Unable to connect to naming service
Caused By:null
Caused By:t3://localhost:7001: Destination unreachable; nested exception is: 
	java.net.ConnectException: Connection refused: connect; No available router to destination
Caused By:Destination unreachable; nested exception is: 
	java.net.ConnectException: Connection refused: connect; No available router to destination

Jan 31, 2008 8:39:43 AM com.inovis.b2b.audit.defs.AuditManagerImp <init>
SEVERE: [LIBP-00001] Unable to connect to naming service
Jan 31, 2008 8:39:43 AM com.inovis.b2b.lib.exception.OperationFailedException <init>
INFO: [AUDT-00050] Unable to get the Audit Server
Caused By:[LIBP-00001] Unable to connect to naming service
Caused By:null
Caused By:t3://localhost:7001: Destination unreachable; nested exception is: 
	java.net.ConnectException: Connection refused: connect; No available router to destination
Caused By:Destination unreachable; nested exception is: 
	java.net.ConnectException: Connection refused: connect; No available router to destination

Jan 31, 2008 8:39:46 AM com.inovis.b2b.lib.exception.OperationFailedException <init>
SEVERE: [LIBP-00001] Unable to connect to naming service
Caused By:null
Caused By:t3://localhost:7001: Destination unreachable; nested exception is: 
	java.net.ConnectException: Connection refused: connect; No available router to destination
Caused By:Destination unreachable; nested exception is: 
	java.net.ConnectException: Connection refused: connect; No available router to destination

Jan 31, 2008 8:39:46 AM com.inovis.b2b.audit.defs.AuditManagerImp <init>
SEVERE: [LIBP-00001] Unable to connect to naming service
Jan 31, 2008 8:39:46 AM com.inovis.b2b.lib.exception.OperationFailedException <init>
INFO: [AUDT-00050] Unable to get the Audit Server
Caused By:[LIBP-00001] Unable to connect to naming service
Caused By:null
Caused By:t3://localhost:7001: Destination unreachable; nested exception is: 
	java.net.ConnectException: Connection refused: connect; No available router to destination
Caused By:Destination unreachable; nested exception is: 
	java.net.ConnectException: Connection refused: connect; No available router to destination

Jan 31, 2008 8:39:48 AM com.inovis.b2b.lib.exception.OperationFailedException <init>
SEVERE: [LIBP-00001] Unable to connect to naming service
Caused By:null
Caused By:t3://localhost:7001: Destination unreachable; nested exception is: 
	java.net.ConnectException: Connection refused: connect; No available router to destination
Caused By:Destination unreachable; nested exception is: 
	java.net.ConnectException: Connection refused: connect; No available router to destination

Jan 31, 2008 8:39:48 AM com.inovis.b2b.audit.defs.AuditManagerImp <init>
SEVERE: [LIBP-00001] Unable to connect to naming service
Jan 31, 2008 8:39:48 AM com.inovis.b2b.lib.exception.OperationFailedException <init>
INFO: [AUDT-00050] Unable to get the Audit Server
Caused By:[LIBP-00001] Unable to connect to naming service
Caused By:null
Caused By:t3://localhost:7001: Destination unreachable; nested exception is: 
	java.net.ConnectException: Connection refused: connect; No available router to destination
Caused By:Destination unreachable; nested exception is: 
	java.net.ConnectException: Connection refused: connect; No available router to destination

Jan 31, 2008 8:39:51 AM com.inovis.b2b.lib.exception.OperationFailedException <init>
SEVERE: [LIBP-00001] Unable to connect to naming service
Caused By:null
Caused By:t3://localhost:7001: Destination unreachable; nested exception is: 
	java.net.ConnectException: Connection refused: connect; No available router to destination
Caused By:Destination unreachable; nested exception is: 
	java.net.ConnectException: Connection refused: connect; No available router to destination

Jan 31, 2008 8:39:51 AM com.inovis.b2b.audit.defs.AuditManagerImp <init>
SEVERE: [LIBP-00001] Unable to connect to naming service
Jan 31, 2008 8:39:51 AM com.inovis.b2b.lib.exception.OperationFailedException <init>
INFO: [AUDT-00050] Unable to get the Audit Server
Caused By:[LIBP-00001] Unable to connect to naming service
Caused By:null
Caused By:t3://localhost:7001: Destination unreachable; nested exception is: 
	java.net.ConnectException: Connection refused: connect; No available router to destination
Caused By:Destination unreachable; nested exception is: 
	java.net.ConnectException: Connection refused: connect; No available router to destination

Jan 31, 2008 8:39:54 AM com.inovis.b2b.lib.exception.OperationFailedException <init>
SEVERE: [LIBP-00001] Unable to connect to naming service
Caused By:null
Caused By:t3://localhost:7001: Destination unreachable; nested exception is: 
	java.net.ConnectException: Connection refused: connect; No available router to destination
Caused By:Destination unreachable; nested exception is: 
	java.net.ConnectException: Connection refused: connect; No available router to destination

Jan 31, 2008 8:39:54 AM com.inovis.b2b.audit.defs.AuditManagerImp <init>
SEVERE: [LIBP-00001] Unable to connect to naming service
Jan 31, 2008 8:39:54 AM com.inovis.b2b.lib.exception.OperationFailedException <init>
INFO: [AUDT-00050] Unable to get the Audit Server
Caused By:[LIBP-00001] Unable to connect to naming service
Caused By:null
Caused By:t3://localhost:7001: Destination unreachable; nested exception is: 
	java.net.ConnectException: Connection refused: connect; No available router to destination
Caused By:Destination unreachable; nested exception is: 
	java.net.ConnectException: Connection refused: connect; No available router to destination

Jan 31, 2008 8:39:56 AM com.inovis.b2b.lib.exception.OperationFailedException <init>
SEVERE: [LIBP-00001] Unable to connect to naming service
Caused By:null
Caused By:t3://localhost:7001: Destination unreachable; nested exception is: 
	java.net.ConnectException: Connection refused: connect; No available router to destination
Caused By:Destination unreachable; nested exception is: 
	java.net.ConnectException: Connection refused: connect; No available router to destination

Jan 31, 2008 8:39:56 AM com.inovis.b2b.audit.defs.AuditManagerImp <init>
SEVERE: [LIBP-00001] Unable to connect to naming service
Jan 31, 2008 8:39:56 AM com.inovis.b2b.lib.exception.OperationFailedException <init>
INFO: [AUDT-00050] Unable to get the Audit Server
Caused By:[LIBP-00001] Unable to connect to naming service
Caused By:null
Caused By:t3://localhost:7001: Destination unreachable; nested exception is: 
	java.net.ConnectException: Connection refused: connect; No available router to destination
Caused By:Destination unreachable; nested exception is: 
	java.net.ConnectException: Connection refused: connect; No available router to destination

Jan 31, 2008 8:39:59 AM com.inovis.b2b.lib.exception.OperationFailedException <init>
SEVERE: [LIBP-00001] Unable to connect to naming service
Caused By:null
Caused By:t3://localhost:7001: Destination unreachable; nested exception is: 
	java.net.ConnectException: Connection refused: connect; No available router to destination
Caused By:Destination unreachable; nested exception is: 
	java.net.ConnectException: Connection refused: connect; No available router to destination

Jan 31, 2008 8:39:59 AM com.inovis.b2b.audit.defs.AuditManagerImp <init>
SEVERE: [LIBP-00001] Unable to connect to naming service
Jan 31, 2008 8:39:59 AM com.inovis.b2b.lib.exception.OperationFailedException <init>
INFO: [AUDT-00050] Unable to get the Audit Server
Caused By:[LIBP-00001] Unable to connect to naming service
Caused By:null
Caused By:t3://localhost:7001: Destination unreachable; nested exception is: 
	java.net.ConnectException: Connection refused: connect; No available router to destination
Caused By:Destination unreachable; nested exception is: 
	java.net.ConnectException: Connection refused: connect; No available router to destination

Jan 31, 2008 8:40:02 AM com.inovis.b2b.lib.exception.OperationFailedException <init>
SEVERE: [LIBP-00001] Unable to connect to naming service
Caused By:null
Caused By:t3://localhost:7001: Destination unreachable; nested exception is: 
	java.net.ConnectException: Connection refused: connect; No available router to destination
Caused By:Destination unreachable; nested exception is: 
	java.net.ConnectException: Connection refused: connect; No available router to destination

Jan 31, 2008 8:40:05 AM com.inovis.b2b.lib.exception.OperationFailedException <init>
SEVERE: [LIBP-00001] Unable to connect to naming service
Caused By:null
Caused By:t3://localhost:7001: Destination unreachable; nested exception is: 
	java.net.ConnectException: Connection refused: connect; No available router to destination
Caused By:Destination unreachable; nested exception is: 
	java.net.ConnectException: Connection refused: connect; No available router to destination

Jan 31, 2008 8:40:07 AM com.inovis.b2b.lib.exception.OperationFailedException <init>
SEVERE: [LIBP-00001] Unable to connect to naming service
Caused By:null
Caused By:t3://localhost:7001: Destination unreachable; nested exception is: 
	java.net.ConnectException: Connection refused: connect; No available router to destination
Caused By:Destination unreachable; nested exception is: 
	java.net.ConnectException: Connection refused: connect; No available router to destination

Jan 31, 2008 8:40:10 AM com.inovis.b2b.lib.exception.OperationFailedException <init>
SEVERE: [LIBP-00001] Unable to connect to naming service
Caused By:null
Caused By:t3://localhost:7001: Destination unreachable; nested exception is: 
	java.net.ConnectException: Connection refused: connect; No available router to destination
Caused By:Destination unreachable; nested exception is: 
	java.net.ConnectException: Connection refused: connect; No available router to destination

Jan 31, 2008 8:40:13 AM com.inovis.b2b.lib.exception.OperationFailedException <init>
SEVERE: [LIBP-00001] Unable to connect to naming service
Caused By:null
Caused By:t3://localhost:7001: Destination unreachable; nested exception is: 
	java.net.ConnectException: Connection refused: connect; No available router to destination
Caused By:Destination unreachable; nested exception is: 
	java.net.ConnectException: Connection refused: connect; No available router to destination

Jan 31, 2008 8:40:16 AM com.inovis.b2b.lib.exception.OperationFailedException <init>
SEVERE: [LIBP-00001] Unable to connect to naming service
Caused By:null
Caused By:t3://localhost:7001: Destination unreachable; nested exception is: 
	java.net.ConnectException: Connection refused: connect; No available router to destination
Caused By:Destination unreachable; nested exception is: 
	java.net.ConnectException: Connection refused: connect; No available router to destination

Jan 31, 2008 8:40:18 AM com.inovis.b2b.lib.exception.OperationFailedException <init>
SEVERE: [LIBP-00001] Unable to connect to naming service
Caused By:null
Caused By:t3://localhost:7001: Destination unreachable; nested exception is: 
	java.net.ConnectException: Connection refused: connect; No available router to destination
Caused By:Destination unreachable; nested exception is: 
	java.net.ConnectException: Connection refused: connect; No available router to destination

Jan 31, 2008 8:40:20 AM com.inovis.b2b.lib.exception.OperationFailedException <init>
SEVERE: [LIBP-00001] Unable to connect to naming service
Caused By:null
Caused By:t3://localhost:7001: Destination unreachable; nested exception is: 
	java.net.ConnectException: Connection refused: connect; No available router to destination
Caused By:Destination unreachable; nested exception is: 
	java.net.ConnectException: Connection refused: connect; No available router to destination

Jan 31, 2008 8:40:23 AM com.inovis.b2b.lib.exception.OperationFailedException <init>
SEVERE: [LIBP-00001] Unable to connect to naming service
Caused By:null
Caused By:t3://localhost:7001: Destination unreachable; nested exception is: 
	java.net.ConnectException: Connection refused: connect; No available router to destination
Caused By:Destination unreachable; nested exception is: 
	java.net.ConnectException: Connection refused: connect; No available router to destination

Jan 31, 2008 8:40:26 AM com.inovis.b2b.lib.exception.OperationFailedException <init>
SEVERE: [LIBP-00001] Unable to connect to naming service
Caused By:null
Caused By:t3://localhost:7001: Destination unreachable; nested exception is: 
	java.net.ConnectException: Connection refused: connect; No available router to destination
Caused By:Destination unreachable; nested exception is: 
	java.net.ConnectException: Connection refused: connect; No available router to destination

Jan 31, 2008 8:40:28 AM com.inovis.b2b.lib.exception.OperationFailedException <init>
SEVERE: [LIBP-00001] Unable to connect to naming service
Caused By:null
Caused By:t3://localhost:7001: Destination unreachable; nested exception is: 
	java.net.ConnectException: Connection refused: connect; No available router to destination
Caused By:Destination unreachable; nested exception is: 
	java.net.ConnectException: Connection refused: connect; No available router to destination

Jan 31, 2008 8:40:31 AM com.inovis.b2b.lib.exception.OperationFailedException <init>
SEVERE: [LIBP-00001] Unable to connect to naming service
Caused By:null
Caused By:t3://localhost:7001: Destination unreachable; nested exception is: 
	java.net.ConnectException: Connection refused: connect; No available router to destination
Caused By:Destination unreachable; nested exception is: 
	java.net.ConnectException: Connection refused: connect; No available router to destination

Jan 31, 2008 8:40:34 AM com.inovis.b2b.lib.exception.OperationFailedException <init>
SEVERE: [LIBP-00001] Unable to connect to naming service
Caused By:null
Caused By:t3://localhost:7001: Destination unreachable; nested exception is: 
	java.net.ConnectException: Connection refused: connect; No available router to destination
Caused By:Destination unreachable; nested exception is: 
	java.net.ConnectException: Connection refused: connect; No available router to destination

Jan 31, 2008 8:40:36 AM com.inovis.b2b.lib.exception.OperationFailedException <init>
SEVERE: [LIBP-00001] Unable to connect to naming service
Caused By:null
Caused By:t3://localhost:7001: Destination unreachable; nested exception is: 
	java.net.ConnectException: Connection refused: connect; No available router to destination
Caused By:Destination unreachable; nested exception is: 
	java.net.ConnectException: Connection refused: connect; No available router to destination

Jan 31, 2008 8:40:39 AM com.inovis.b2b.lib.exception.OperationFailedException <init>
SEVERE: [LIBP-00001] Unable to connect to naming service
Caused By:null
Caused By:t3://localhost:7001: Destination unreachable; nested exception is: 
	java.net.ConnectException: Connection refused: connect; No available router to destination
Caused By:Destination unreachable; nested exception is: 
	java.net.ConnectException: Connection refused: connect; No available router to destination

Jan 31, 2008 8:40:41 AM com.inovis.b2b.lib.exception.OperationFailedException <init>
SEVERE: [LIBP-00001] Unable to connect to naming service
Caused By:null
Caused By:t3://localhost:7001: Destination unreachable; nested exception is: 
	java.net.ConnectException: Connection refused: connect; No available router to destination
Caused By:Destination unreachable; nested exception is: 
	java.net.ConnectException: Connection refused: connect; No available router to destination

Jan 31, 2008 8:40:43 AM com.inovis.b2b.lib.exception.OperationFailedException <init>
SEVERE: [LIBP-00001] Unable to connect to naming service
Caused By:null
Caused By:t3://localhost:7001: Destination unreachable; nested exception is: 
	java.net.ConnectException: Connection refused: connect; No available router to destination
Caused By:Destination unreachable; nested exception is: 
	java.net.ConnectException: Connection refused: connect; No available router to destination

Jan 31, 2008 8:40:46 AM com.inovis.b2b.lib.exception.OperationFailedException <init>
SEVERE: [LIBP-00001] Unable to connect to naming service
Caused By:null
Caused By:t3://localhost:7001: Destination unreachable; nested exception is: 
	java.net.ConnectException: Connection refused: connect; No available router to destination
Caused By:Destination unreachable; nested exception is: 
	java.net.ConnectException: Connection refused: connect; No available router to destination

Jan 31, 2008 8:40:49 AM com.inovis.b2b.lib.exception.OperationFailedException <init>
SEVERE: [LIBP-00001] Unable to connect to naming service
Caused By:null
Caused By:t3://localhost:7001: Destination unreachable; nested exception is: 
	java.net.ConnectException: Connection refused: connect; No available router to destination
Caused By:Destination unreachable; nested exception is: 
	java.net.ConnectException: Connection refused: connect; No available router to destination

Jan 31, 2008 8:40:52 AM com.inovis.b2b.lib.exception.OperationFailedException <init>
SEVERE: [LIBP-00001] Unable to connect to naming service
Caused By:null
Caused By:t3://localhost:7001: Destination unreachable; nested exception is: 
	java.net.ConnectException: Connection refused: connect; No available router to destination
Caused By:Destination unreachable; nested exception is: 
	java.net.ConnectException: Connection refused: connect; No available router to destination

Jan 31, 2008 8:40:54 AM com.inovis.b2b.lib.exception.OperationFailedException <init>
SEVERE: [LIBP-00001] Unable to connect to naming service
Caused By:null
Caused By:t3://localhost:7001: Destination unreachable; nested exception is: 
	java.net.ConnectException: Connection refused: connect; No available router to destination
Caused By:Destination unreachable; nested exception is: 
	java.net.ConnectException: Connection refused: connect; No available router to destination

Jan 31, 2008 8:40:56 AM com.inovis.b2b.lib.exception.OperationFailedException <init>
SEVERE: [LIBP-00001] Unable to connect to naming service
Caused By:null
Caused By:t3://localhost:7001: Destination unreachable; nested exception is: 
	java.net.ConnectException: Connection refused: connect; No available router to destination
Caused By:Destination unreachable; nested exception is: 
	java.net.ConnectException: Connection refused: connect; No available router to destination

Jan 31, 2008 8:40:59 AM com.inovis.b2b.lib.exception.OperationFailedException <init>
SEVERE: [LIBP-00001] Unable to connect to naming service
Caused By:null
Caused By:t3://localhost:7001: Destination unreachable; nested exception is: 
	java.net.ConnectException: Connection refused: connect; No available router to destination
Caused By:Destination unreachable; nested exception is: 
	java.net.ConnectException: Connection refused: connect; No available router to destination

Jan 31, 2008 8:41:02 AM com.inovis.b2b.lib.exception.OperationFailedException <init>
SEVERE: [LIBP-00001] Unable to connect to naming service
Caused By:null
Caused By:t3://localhost:7001: Destination unreachable; nested exception is: 
	java.net.ConnectException: Connection refused: connect; No available router to destination
Caused By:Destination unreachable; nested exception is: 
	java.net.ConnectException: Connection refused: connect; No available router to destination

Jan 31, 2008 8:41:05 AM com.inovis.b2b.lib.exception.OperationFailedException <init>
SEVERE: [LIBP-00001] Unable to connect to naming service
Caused By:null
Caused By:t3://localhost:7001: Destination unreachable; nested exception is: 
	java.net.ConnectException: Connection refused: connect; No available router to destination
Caused By:Destination unreachable; nested exception is: 
	java.net.ConnectException: Connection refused: connect; No available router to destination

Jan 31, 2008 8:41:07 AM com.inovis.b2b.lib.exception.OperationFailedException <init>
SEVERE: [LIBP-00001] Unable to connect to naming service
Caused By:null
Caused By:t3://localhost:7001: Destination unreachable; nested exception is: 
	java.net.ConnectException: Connection refused: connect; No available router to destination
Caused By:Destination unreachable; nested exception is: 
	java.net.ConnectException: Connection refused: connect; No available router to destination

Jan 31, 2008 8:41:09 AM com.inovis.b2b.lib.exception.OperationFailedException <init>
SEVERE: [LIBP-00001] Unable to connect to naming service
Caused By:null
Caused By:t3://localhost:7001: Destination unreachable; nested exception is: 
	java.net.ConnectException: Connection refused: connect; No available router to destination
Caused By:Destination unreachable; nested exception is: 
	java.net.ConnectException: Connection refused: connect; No available router to destination

Jan 31, 2008 8:41:12 AM com.inovis.b2b.lib.exception.OperationFailedException <init>
SEVERE: [LIBP-00001] Unable to connect to naming service
Caused By:null
Caused By:t3://localhost:7001: Destination unreachable; nested exception is: 
	java.net.ConnectException: Connection refused: connect; No available router to destination
Caused By:Destination unreachable; nested exception is: 
	java.net.ConnectException: Connection refused: connect; No available router to destination

Jan 31, 2008 8:41:14 AM com.inovis.b2b.lib.exception.OperationFailedException <init>
SEVERE: [LIBP-00001] Unable to connect to naming service
Caused By:null
Caused By:t3://localhost:7001: Destination unreachable; nested exception is: 
	java.net.ConnectException: Connection refused: connect; No available router to destination
Caused By:Destination unreachable; nested exception is: 
	java.net.ConnectException: Connection refused: connect; No available router to destination

Jan 31, 2008 8:41:17 AM com.inovis.b2b.lib.exception.OperationFailedException <init>
SEVERE: [LIBP-00001] Unable to connect to naming service
Caused By:null
Caused By:t3://localhost:7001: Destination unreachable; nested exception is: 
	java.net.ConnectException: Connection refused: connect; No available router to destination
Caused By:Destination unreachable; nested exception is: 
	java.net.ConnectException: Connection refused: connect; No available router to destination

Jan 31, 2008 8:41:19 AM com.inovis.b2b.lib.exception.OperationFailedException <init>
SEVERE: [LIBP-00001] Unable to connect to naming service
Caused By:null
Caused By:t3://localhost:7001: Destination unreachable; nested exception is: 
	java.net.ConnectException: Connection refused: connect; No available router to destination
Caused By:Destination unreachable; nested exception is: 
	java.net.ConnectException: Connection refused: connect; No available router to destination

Jan 31, 2008 8:41:21 AM com.inovis.b2b.lib.exception.OperationFailedException <init>
SEVERE: [LIBP-00001] Unable to connect to naming service
Caused By:null
Caused By:t3://localhost:7001: Destination unreachable; nested exception is: 
	java.net.ConnectException: Connection refused: connect; No available router to destination
Caused By:Destination unreachable; nested exception is: 
	java.net.ConnectException: Connection refused: connect; No available router to destination

Jan 31, 2008 8:41:24 AM com.inovis.b2b.lib.exception.OperationFailedException <init>
SEVERE: [LIBP-00001] Unable to connect to naming service
Caused By:null
Caused By:t3://localhost:7001: Destination unreachable; nested exception is: 
	java.net.ConnectException: Connection refused: connect; No available router to destination
Caused By:Destination unreachable; nested exception is: 
	java.net.ConnectException: Connection refused: connect; No available router to destination

Jan 31, 2008 8:41:24 AM test.com.inovis.mss.gateways.x400.server.TestX400GatewayConfiguration testX400GatewayConfiguration()
SEVERE: [LIBP-00001] Unable to connect to naming service
Jan 31, 2008 8:41:25 AM com.inovis.mss.gateways.pipeline.PipelineManager processRequest
INFO: doPost() unable to process request: Referer:Pipeline
Connection:Keep-Alive
UserAgent:Pipeline
Host:localhost
Content-Type:multipart/form-data;boundary="=_=+=_1201786885308!!!aaaeee!!!***1878810&&&iiiooouuuyyy"
Content-Length: 1058


--=_=+=_1201786885308!!!aaaeee!!!***1878810&&&iiiooouuuyyy
Content-Disposition:form-data;name="sessionid"

--=_=+=_1201786885308!!!aaaeee!!!***1878810&&&iiiooouuuyyy
Content-Disposition:form-data;name="version"

--=_=+=_1201786885308!!!aaaeee!!!***1878810&&&iiiooouuuyyy
Content-Disposition:form-data;name="sender"

--=_=+=_1201786885308!!!aaaeee!!!***1878810&&&iiiooouuuyyy
Content-Disposition:form-data;name="receiver"

--=_=+=_1201786885308!!!aaaeee!!!***1878810&&&iiiooouuuyyy
Content-Disposition:form-data;name="agent"

--=_=+=_1201786885308!!!aaaeee!!!***1878810&&&iiiooouuuyyy
Content-Disposition:form-data;name="application"

--=_=+=_1201786885308!!!aaaeee!!!***1878810&&&iiiooouuuyyy
Content-Disposition:form-data;name="userparm"

--=_=+=_1201786885308!!!aaaeee!!!***1878810&&&iiiooouuuyyy
Content-Disposition:form-data;name="datetime"

20080131084125
--=_=+=_1201786885308!!!aaaeee!!!***1878810&&&iiiooouuuyyy
Content-Disposition:form-data;name="name="uploadfile";filename="pipeline"

--=_=+=_1201786885308!!!aaaeee!!!***1878810&&&iiiooouuuyyy--

Jan 31, 2008 8:41:25 AM com.inovis.mss.gateways.pipeline.PipelineManager processRequest
INFO: Unable to process request: Input request string is garbage: {0}
Jan 31, 2008 8:41:27 AM com.inovis.b2b.lib.exception.OperationFailedException <init>
SEVERE: [LIBP-00001] Unable to connect to naming service
Caused By:null
Caused By:t3://localhost:7001: Destination unreachable; nested exception is: 
	java.net.ConnectException: Connection refused: connect; No available router to destination
Caused By:Destination unreachable; nested exception is: 
	java.net.ConnectException: Connection refused: connect; No available router to destination

Jan 31, 2008 8:41:30 AM com.inovis.b2b.lib.exception.OperationFailedException <init>
SEVERE: [LIBP-00001] Unable to connect to naming service
Caused By:null
Caused By:t3://localhost:7001: Destination unreachable; nested exception is: 
	java.net.ConnectException: Connection refused: connect; No available router to destination
Caused By:Destination unreachable; nested exception is: 
	java.net.ConnectException: Connection refused: connect; No available router to destination

Jan 31, 2008 8:41:32 AM com.inovis.b2b.lib.exception.OperationFailedException <init>
SEVERE: [LIBP-00001] Unable to connect to naming service
Caused By:null
Caused By:t3://localhost:7001: Destination unreachable; nested exception is: 
	java.net.ConnectException: Connection refused: connect; No available router to destination
Caused By:Destination unreachable; nested exception is: 
	java.net.ConnectException: Connection refused: connect; No available router to destination

Jan 31, 2008 8:41:35 AM com.inovis.b2b.lib.exception.OperationFailedException <init>
SEVERE: [LIBP-00001] Unable to connect to naming service
Caused By:null
Caused By:t3://localhost:7001: Destination unreachable; nested exception is: 
	java.net.ConnectException: Connection refused: connect; No available router to destination
Caused By:Destination unreachable; nested exception is: 
	java.net.ConnectException: Connection refused: connect; No available router to destination

Jan 31, 2008 8:41:38 AM com.inovis.b2b.lib.exception.OperationFailedException <init>
SEVERE: [LIBP-00001] Unable to connect to naming service
Caused By:null
Caused By:t3://localhost:7001: Destination unreachable; nested exception is: 
	java.net.ConnectException: Connection refused: connect; No available router to destination
Caused By:Destination unreachable; nested exception is: 
	java.net.ConnectException: Connection refused: connect; No available router to destination

Jan 31, 2008 8:41:40 AM com.inovis.b2b.lib.exception.OperationFailedException <init>
SEVERE: [LIBP-00001] Unable to connect to naming service
Caused By:null
Caused By:t3://localhost:7001: Destination unreachable; nested exception is: 
	java.net.ConnectException: Connection refused: connect; No available router to destination
Caused By:Destination unreachable; nested exception is: 
	java.net.ConnectException: Connection refused: connect; No available router to destination

Jan 31, 2008 8:41:43 AM com.inovis.b2b.lib.exception.OperationFailedException <init>
SEVERE: [LIBP-00001] Unable to connect to naming service
Caused By:null
Caused By:t3://localhost:7001: Destination unreachable; nested exception is: 
	java.net.ConnectException: Connection refused: connect; No available router to destination
Caused By:Destination unreachable; nested exception is: 
	java.net.ConnectException: Connection refused: connect; No available router to destination

Jan 31, 2008 8:41:43 AM com.inovis.b2b.lib.exception.OperationFailedException <init>
SEVERE: [USER-00101] Failed to get a reference to the Home interface of the UserFacade EJB. This is an EJB error that probably stems from an incorrect deployment, a network problem, or the failure of an EJB server.
Caused By:[LIBP-00001] Unable to connect to naming service
Caused By:null
Caused By:t3://localhost:7001: Destination unreachable; nested exception is: 
	java.net.ConnectException: Connection refused: connect; No available router to destination
Caused By:Destination unreachable; nested exception is: 
	java.net.ConnectException: Connection refused: connect; No available router to destination

Jan 31, 2008 8:41:46 AM com.inovis.b2b.lib.exception.OperationFailedException <init>
SEVERE: [LIBP-00001] Unable to connect to naming service
Caused By:null
Caused By:t3://localhost:7001: Destination unreachable; nested exception is: 
	java.net.ConnectException: Connection refused: connect; No available router to destination
Caused By:Destination unreachable; nested exception is: 
	java.net.ConnectException: Connection refused: connect; No available router to destination

Jan 31, 2008 8:41:46 AM com.inovis.b2b.lib.exception.OperationFailedException <init>
SEVERE: [USER-00101] Failed to get a reference to the Home interface of the UserFacade EJB. This is an EJB error that probably stems from an incorrect deployment, a network problem, or the failure of an EJB server.
Caused By:[LIBP-00001] Unable to connect to naming service
Caused By:null
Caused By:t3://localhost:7001: Destination unreachable; nested exception is: 
	java.net.ConnectException: Connection refused: connect; No available router to destination
Caused By:Destination unreachable; nested exception is: 
	java.net.ConnectException: Connection refused: connect; No available router to destination

Jan 31, 2008 8:41:49 AM com.inovis.b2b.lib.exception.OperationFailedException <init>
SEVERE: [LIBP-00001] Unable to connect to naming service
Caused By:null
Caused By:t3://localhost:7001: Destination unreachable; nested exception is: 
	java.net.ConnectException: Connection refused: connect; No available router to destination
Caused By:Destination unreachable; nested exception is: 
	java.net.ConnectException: Connection refused: connect; No available router to destination

Jan 31, 2008 8:41:49 AM com.inovis.b2b.lib.exception.OperationFailedException <init>
SEVERE: [USER-00101] Failed to get a reference to the Home interface of the UserFacade EJB. This is an EJB error that probably stems from an incorrect deployment, a network problem, or the failure of an EJB server.
Caused By:[LIBP-00001] Unable to connect to naming service
Caused By:null
Caused By:t3://localhost:7001: Destination unreachable; nested exception is: 
	java.net.ConnectException: Connection refused: connect; No available router to destination
Caused By:Destination unreachable; nested exception is: 
	java.net.ConnectException: Connection refused: connect; No available router to destination

Jan 31, 2008 8:41:51 AM com.inovis.b2b.lib.exception.OperationFailedException <init>
SEVERE: [LIBP-00001] Unable to connect to naming service
Caused By:null
Caused By:t3://localhost:7001: Destination unreachable; nested exception is: 
	java.net.ConnectException: Connection refused: connect; No available router to destination
Caused By:Destination unreachable; nested exception is: 
	java.net.ConnectException: Connection refused: connect; No available router to destination

Jan 31, 2008 8:41:51 AM com.inovis.b2b.lib.exception.OperationFailedException <init>
SEVERE: [USER-00101] Failed to get a reference to the Home interface of the UserFacade EJB. This is an EJB error that probably stems from an incorrect deployment, a network problem, or the failure of an EJB server.
Caused By:[LIBP-00001] Unable to connect to naming service
Caused By:null
Caused By:t3://localhost:7001: Destination unreachable; nested exception is: 
	java.net.ConnectException: Connection refused: connect; No available router to destination
Caused By:Destination unreachable; nested exception is: 
	java.net.ConnectException: Connection refused: connect; No available router to destination

Jan 31, 2008 8:41:54 AM com.inovis.b2b.lib.exception.OperationFailedException <init>
SEVERE: [LIBP-00001] Unable to connect to naming service
Caused By:null
Caused By:t3://localhost:7001: Destination unreachable; nested exception is: 
	java.net.ConnectException: Connection refused: connect; No available router to destination
Caused By:Destination unreachable; nested exception is: 
	java.net.ConnectException: Connection refused: connect; No available router to destination

Jan 31, 2008 8:41:56 AM com.inovis.b2b.lib.exception.OperationFailedException <init>
SEVERE: [LIBP-00001] Unable to connect to naming service
Caused By:null
Caused By:t3://localhost:7001: Destination unreachable; nested exception is: 
	java.net.ConnectException: Connection refused: connect; No available router to destination
Caused By:Destination unreachable; nested exception is: 
	java.net.ConnectException: Connection refused: connect; No available router to destination

Jan 31, 2008 8:41:59 AM com.inovis.b2b.lib.exception.OperationFailedException <init>
SEVERE: [LIBP-00001] Unable to connect to naming service
Caused By:null
Caused By:t3://localhost:7001: Destination unreachable; nested exception is: 
	java.net.ConnectException: Connection refused: connect; No available router to destination
Caused By:Destination unreachable; nested exception is: 
	java.net.ConnectException: Connection refused: connect; No available router to destination

Jan 31, 2008 8:42:02 AM com.inovis.b2b.lib.exception.OperationFailedException <init>
SEVERE: [LIBP-00001] Unable to connect to naming service
Caused By:null
Caused By:t3://localhost:7001: Destination unreachable; nested exception is: 
	java.net.ConnectException: Connection refused: connect; No available router to destination
Caused By:Destination unreachable; nested exception is: 
	java.net.ConnectException: Connection refused: connect; No available router to destination

Jan 31, 2008 8:42:04 AM com.inovis.b2b.lib.exception.OperationFailedException <init>
SEVERE: [LIBP-00001] Unable to connect to naming service
Caused By:null
Caused By:t3://localhost:7001: Destination unreachable; nested exception is: 
	java.net.ConnectException: Connection refused: connect; No available router to destination
Caused By:Destination unreachable; nested exception is: 
	java.net.ConnectException: Connection refused: connect; No available router to destination

Jan 31, 2008 8:42:07 AM com.inovis.b2b.lib.exception.OperationFailedException <init>
SEVERE: [LIBP-00001] Unable to connect to naming service
Caused By:null
Caused By:t3://localhost:7001: Destination unreachable; nested exception is: 
	java.net.ConnectException: Connection refused: connect; No available router to destination
Caused By:Destination unreachable; nested exception is: 
	java.net.ConnectException: Connection refused: connect; No available router to destination

Jan 31, 2008 8:42:09 AM com.inovis.b2b.lib.exception.OperationFailedException <init>
SEVERE: [LIBP-00001] Unable to connect to naming service
Caused By:null
Caused By:t3://localhost:7001: Destination unreachable; nested exception is: 
	java.net.ConnectException: Connection refused: connect; No available router to destination
Caused By:Destination unreachable; nested exception is: 
	java.net.ConnectException: Connection refused: connect; No available router to destination

Jan 31, 2008 8:42:12 AM com.inovis.b2b.lib.exception.OperationFailedException <init>
SEVERE: [LIBP-00001] Unable to connect to naming service
Caused By:null
Caused By:t3://localhost:7001: Destination unreachable; nested exception is: 
	java.net.ConnectException: Connection refused: connect; No available router to destination
Caused By:Destination unreachable; nested exception is: 
	java.net.ConnectException: Connection refused: connect; No available router to destination

Jan 31, 2008 8:42:14 AM com.inovis.b2b.lib.exception.OperationFailedException <init>
SEVERE: [LIBP-00001] Unable to connect to naming service
Caused By:null
Caused By:t3://localhost:7001: Destination unreachable; nested exception is: 
	java.net.ConnectException: Connection refused: connect; No available router to destination
Caused By:Destination unreachable; nested exception is: 
	java.net.ConnectException: Connection refused: connect; No available router to destination

Jan 31, 2008 8:42:16 AM com.inovis.b2b.lib.exception.OperationFailedException <init>
SEVERE: [LIBP-00001] Unable to connect to naming service
Caused By:null
Caused By:t3://localhost:7001: Destination unreachable; nested exception is: 
	java.net.ConnectException: Connection refused: connect; No available router to destination
Caused By:Destination unreachable; nested exception is: 
	java.net.ConnectException: Connection refused: connect; No available router to destination

Jan 31, 2008 8:42:16 AM com.inovis.b2b.lib.exception.OperationFailedException <init>
INFO: [MSTO-00101] Unable to create the MessageStoreWriter.
Caused By:[LIBP-00001] Unable to connect to naming service
Caused By:null
Caused By:t3://localhost:7001: Destination unreachable; nested exception is: 
	java.net.ConnectException: Connection refused: connect; No available router to destination
Caused By:Destination unreachable; nested exception is: 
	java.net.ConnectException: Connection refused: connect; No available router to destination

Jan 31, 2008 8:42:19 AM com.inovis.b2b.lib.exception.OperationFailedException <init>
SEVERE: [LIBP-00001] Unable to connect to naming service
Caused By:null
Caused By:t3://localhost:7001: Destination unreachable; nested exception is: 
	java.net.ConnectException: Connection refused: connect; No available router to destination
Caused By:Destination unreachable; nested exception is: 
	java.net.ConnectException: Connection refused: connect; No available router to destination

Jan 31, 2008 8:42:19 AM com.inovis.b2b.lib.exception.OperationFailedException <init>
SEVERE: [BRKR-00111] Unable to create the Broker Manager.
Caused By:[LIBP-00001] Unable to connect to naming service
Caused By:null
Caused By:t3://localhost:7001: Destination unreachable; nested exception is: 
	java.net.ConnectException: Connection refused: connect; No available router to destination
Caused By:Destination unreachable; nested exception is: 
	java.net.ConnectException: Connection refused: connect; No available router to destination

Jan 31, 2008 8:42:21 AM com.inovis.b2b.lib.exception.OperationFailedException <init>
SEVERE: [LIBP-00001] Unable to connect to naming service
Caused By:null
Caused By:t3://localhost:7001: Destination unreachable; nested exception is: 
	java.net.ConnectException: Connection refused: connect; No available router to destination
Caused By:Destination unreachable; nested exception is: 
	java.net.ConnectException: Connection refused: connect; No available router to destination

Jan 31, 2008 8:42:21 AM com.inovis.b2b.lib.exception.OperationFailedException <init>
SEVERE: [BRKR-00111] Unable to create the Broker Manager.
Caused By:[LIBP-00001] Unable to connect to naming service
Caused By:null
Caused By:t3://localhost:7001: Destination unreachable; nested exception is: 
	java.net.ConnectException: Connection refused: connect; No available router to destination
Caused By:Destination unreachable; nested exception is: 
	java.net.ConnectException: Connection refused: connect; No available router to destination

Jan 31, 2008 8:42:24 AM com.inovis.b2b.lib.exception.OperationFailedException <init>
SEVERE: [LIBP-00001] Unable to connect to naming service
Caused By:null
Caused By:t3://localhost:7001: Destination unreachable; nested exception is: 
	java.net.ConnectException: Connection refused: connect; No available router to destination
Caused By:Destination unreachable; nested exception is: 
	java.net.ConnectException: Connection refused: connect; No available router to destination

Jan 31, 2008 8:42:27 AM com.inovis.b2b.lib.exception.OperationFailedException <init>
SEVERE: [LIBP-00001] Unable to connect to naming service
Caused By:null
Caused By:t3://localhost:7001: Destination unreachable; nested exception is: 
	java.net.ConnectException: Connection refused: connect; No available router to destination
Caused By:Destination unreachable; nested exception is: 
	java.net.ConnectException: Connection refused: connect; No available router to destination

Jan 31, 2008 8:42:29 AM com.inovis.b2b.lib.exception.OperationFailedException <init>
SEVERE: [LIBP-00001] Unable to connect to naming service
Caused By:null
Caused By:t3://localhost:7001: Destination unreachable; nested exception is: 
	java.net.ConnectException: Connection refused: connect; No available router to destination
Caused By:Destination unreachable; nested exception is: 
	java.net.ConnectException: Connection refused: connect; No available router to destination

Jan 31, 2008 8:42:32 AM com.inovis.b2b.lib.exception.OperationFailedException <init>
SEVERE: [LIBP-00001] Unable to connect to naming service
Caused By:null
Caused By:t3://localhost:7001: Destination unreachable; nested exception is: 
	java.net.ConnectException: Connection refused: connect; No available router to destination
Caused By:Destination unreachable; nested exception is: 
	java.net.ConnectException: Connection refused: connect; No available router to destination

Jan 31, 2008 8:42:35 AM com.inovis.b2b.lib.exception.OperationFailedException <init>
SEVERE: [LIBP-00001] Unable to connect to naming service
Caused By:null
Caused By:t3://localhost:7001: Destination unreachable; nested exception is: 
	java.net.ConnectException: Connection refused: connect; No available router to destination
Caused By:Destination unreachable; nested exception is: 
	java.net.ConnectException: Connection refused: connect; No available router to destination

Jan 31, 2008 8:42:37 AM com.inovis.b2b.lib.exception.OperationFailedException <init>
SEVERE: [LIBP-00001] Unable to connect to naming service
Caused By:null
Caused By:t3://localhost:7001: Destination unreachable; nested exception is: 
	java.net.ConnectException: Connection refused: connect; No available router to destination
Caused By:Destination unreachable; nested exception is: 
	java.net.ConnectException: Connection refused: connect; No available router to destination

Jan 31, 2008 8:42:40 AM com.inovis.b2b.lib.exception.OperationFailedException <init>
SEVERE: [LIBP-00001] Unable to connect to naming service
Caused By:null
Caused By:t3://localhost:7001: Destination unreachable; nested exception is: 
	java.net.ConnectException: Connection refused: connect; No available router to destination
Caused By:Destination unreachable; nested exception is: 
	java.net.ConnectException: Connection refused: connect; No available router to destination

Jan 31, 2008 8:42:42 AM com.inovis.b2b.lib.exception.OperationFailedException <init>
SEVERE: [LIBP-00001] Unable to connect to naming service
Caused By:null
Caused By:t3://localhost:7001: Destination unreachable; nested exception is: 
	java.net.ConnectException: Connection refused: connect; No available router to destination
Caused By:Destination unreachable; nested exception is: 
	java.net.ConnectException: Connection refused: connect; No available router to destination

class com.inovis.b2b.lib.service.ServiceUnavailableException: [LIBP-00001] Unable to connect to naming service
	at com.inovis.b2b.lib.service.ServiceLocator.getInitialContext(ServiceLocator.java:214)
	at com.inovis.b2b.lib.service.ServiceLocator.<init>(ServiceLocator.java:183)
	at com.inovis.b2b.lib.service.ServiceLocator.getInstance(ServiceLocator.java:167)
	at com.inovis.b2b.lib.service.ServiceLocator.getInstance(ServiceLocator.java:150)
	at com.inovis.b2b.channel.defs.ChannelManagerImp.getChannelFacade(ChannelManagerImp.java:551)
	at com.inovis.b2b.channel.defs.ChannelManagerImp.<init>(ChannelManagerImp.java:58)
	at com.inovis.b2b.channel.ChannelManager.getManager(ChannelManager.java:37)
	at test.com.inovis.mss.gateways.ftp.services.TestTransferParamService.setUp(TestTransferParamService.java:79)
	at junit.framework.TestCase.runBare(TestCase.java:132)
	at junit.framework.TestResult$1.protect(TestResult.java:110)
	at junit.framework.TestResult.runProtected(TestResult.java:128)
	at junit.framework.TestResult.run(TestResult.java:113)
	at junit.framework.TestCase.run(TestCase.java:124)
	at junit.framework.TestSuite.runTest(TestSuite.java:232)
	at junit.framework.TestSuite.run(TestSuite.java:227)
	at junit.framework.TestSuite.runTest(TestSuite.java:232)
	at junit.framework.TestSuite.run(TestSuite.java:227)
	at junit.framework.TestSuite.runTest(TestSuite.java:232)
	at junit.framework.TestSuite.run(TestSuite.java:227)
	at org.apache.tools.ant.taskdefs.optional.junit.JUnitTestRunner.run(JUnitTestRunner.java:297)
	at org.apache.tools.ant.taskdefs.optional.junit.JUnitTestRunner.launch(JUnitTestRunner.java:672)
	at org.apache.tools.ant.taskdefs.optional.junit.JUnitTestRunner.main(JUnitTestRunner.java:567)
Caused by: javax.naming.CommunicationException [Root exception is java.net.ConnectException: t3://localhost:7001: Destination unreachable; nested exception is: 
	java.net.ConnectException: Connection refused: connect; No available router to destination]
	at weblogic.jndi.internal.ExceptionTranslator.toNamingException(ExceptionTranslator.java:49)
	at weblogic.jndi.WLInitialContextFactoryDelegate.toNamingException(WLInitialContextFactoryDelegate.java:765)
	at weblogic.jndi.WLInitialContextFactoryDelegate.getInitialContext(WLInitialContextFactoryDelegate.java:364)
	at weblogic.jndi.Environment.getContext(Environment.java:307)
	at weblogic.jndi.Environment.getContext(Environment.java:277)
	at weblogic.jndi.WLInitialContextFactory.getInitialContext(WLInitialContextFactory.java:117)
	at javax.naming.spi.NamingManager.getInitialContext(NamingManager.java:667)
	at javax.naming.InitialContext.getDefaultInitCtx(InitialContext.java:247)
	at javax.naming.InitialContext.init(InitialContext.java:223)
	at javax.naming.InitialContext.<init>(InitialContext.java:175)
	at com.inovis.b2b.lib.service.ServiceLocator.getInitialContext(ServiceLocator.java:206)
	... 21 more
Caused by: java.net.ConnectException: t3://localhost:7001: Destination unreachable; nested exception is: 
	java.net.ConnectException: Connection refused: connect; No available router to destination
	at weblogic.rjvm.RJVMFinder.findOrCreate(RJVMFinder.java:204)
	at weblogic.rjvm.ServerURL.findOrCreateRJVM(ServerURL.java:154)
	at weblogic.jndi.WLInitialContextFactoryDelegate.getInitialContext(WLInitialContextFactoryDelegate.java:349)
	... 29 more
Caused by: java.rmi.ConnectException: Destination unreachable; nested exception is: 
	java.net.ConnectException: Connection refused: connect; No available router to destination
	at weblogic.rjvm.ConnectionManager.bootstrap(ConnectionManager.java:472)
	at weblogic.rjvm.ConnectionManager.bootstrap(ConnectionManager.java:323)
	at weblogic.rjvm.RJVMManager.findOrCreateRemoteInternal(RJVMManager.java:259)
	at weblogic.rjvm.RJVMManager.findOrCreate(RJVMManager.java:202)
	at weblogic.rjvm.RJVMFinder.findOrCreateRemoteServer(RJVMFinder.java:226)
	at weblogic.rjvm.RJVMFinder.findOrCreate(RJVMFinder.java:189)
	... 31 more
Jan 31, 2008 8:42:44 AM com.inovis.b2b.lib.exception.OperationFailedException <init>
SEVERE: [LIBP-00001] Unable to connect to naming service
Caused By:null
Caused By:t3://localhost:7001: Destination unreachable; nested exception is: 
	java.net.ConnectException: Connection refused: connect; No available router to destination
Caused By:Destination unreachable; nested exception is: 
	java.net.ConnectException: Connection refused: connect; No available router to destination

class com.inovis.b2b.lib.service.ServiceUnavailableException: [LIBP-00001] Unable to connect to naming service
	at com.inovis.b2b.lib.service.ServiceLocator.getInitialContext(ServiceLocator.java:214)
	at com.inovis.b2b.lib.service.ServiceLocator.<init>(ServiceLocator.java:183)
	at com.inovis.b2b.lib.service.ServiceLocator.getInstance(ServiceLocator.java:167)
	at com.inovis.b2b.lib.service.ServiceLocator.getInstance(ServiceLocator.java:150)
	at com.inovis.b2b.channel.defs.ChannelManagerImp.getChannelFacade(ChannelManagerImp.java:551)
	at com.inovis.b2b.channel.defs.ChannelManagerImp.<init>(ChannelManagerImp.java:58)
	at com.inovis.b2b.channel.ChannelManager.getManager(ChannelManager.java:37)
	at test.com.inovis.mss.gateways.ftp.services.TestTransferParamService.setUp(TestTransferParamService.java:79)
	at junit.framework.TestCase.runBare(TestCase.java:132)
	at junit.framework.TestResult$1.protect(TestResult.java:110)
	at junit.framework.TestResult.runProtected(TestResult.java:128)
	at junit.framework.TestResult.run(TestResult.java:113)
	at junit.framework.TestCase.run(TestCase.java:124)
	at junit.framework.TestSuite.runTest(TestSuite.java:232)
	at junit.framework.TestSuite.run(TestSuite.java:227)
	at junit.framework.TestSuite.runTest(TestSuite.java:232)
	at junit.framework.TestSuite.run(TestSuite.java:227)
	at junit.framework.TestSuite.runTest(TestSuite.java:232)
	at junit.framework.TestSuite.run(TestSuite.java:227)
	at org.apache.tools.ant.taskdefs.optional.junit.JUnitTestRunner.run(JUnitTestRunner.java:297)
	at org.apache.tools.ant.taskdefs.optional.junit.JUnitTestRunner.launch(JUnitTestRunner.java:672)
	at org.apache.tools.ant.taskdefs.optional.junit.JUnitTestRunner.main(JUnitTestRunner.java:567)
Caused by: javax.naming.CommunicationException [Root exception is java.net.ConnectException: t3://localhost:7001: Destination unreachable; nested exception is: 
	java.net.ConnectException: Connection refused: connect; No available router to destination]
	at weblogic.jndi.internal.ExceptionTranslator.toNamingException(ExceptionTranslator.java:49)
	at weblogic.jndi.WLInitialContextFactoryDelegate.toNamingException(WLInitialContextFactoryDelegate.java:765)
	at weblogic.jndi.WLInitialContextFactoryDelegate.getInitialContext(WLInitialContextFactoryDelegate.java:364)
	at weblogic.jndi.Environment.getContext(Environment.java:307)
	at weblogic.jndi.Environment.getContext(Environment.java:277)
	at weblogic.jndi.WLInitialContextFactory.getInitialContext(WLInitialContextFactory.java:117)
	at javax.naming.spi.NamingManager.getInitialContext(NamingManager.java:667)
	at javax.naming.InitialContext.getDefaultInitCtx(InitialContext.java:247)
	at javax.naming.InitialContext.init(InitialContext.java:223)
	at javax.naming.InitialContext.<init>(InitialContext.java:175)
	at com.inovis.b2b.lib.service.ServiceLocator.getInitialContext(ServiceLocator.java:206)
	... 21 more
Caused by: java.net.ConnectException: t3://localhost:7001: Destination unreachable; nested exception is: 
	java.net.ConnectException: Connection refused: connect; No available router to destination
	at weblogic.rjvm.RJVMFinder.findOrCreate(RJVMFinder.java:204)
	at weblogic.rjvm.ServerURL.findOrCreateRJVM(ServerURL.java:154)
	at weblogic.jndi.WLInitialContextFactoryDelegate.getInitialContext(WLInitialContextFactoryDelegate.java:349)
	... 29 more
Caused by: java.rmi.ConnectException: Destination unreachable; nested exception is: 
	java.net.ConnectException: Connection refused: connect; No available router to destination
	at weblogic.rjvm.ConnectionManager.bootstrap(ConnectionManager.java:472)
	at weblogic.rjvm.ConnectionManager.bootstrap(ConnectionManager.java:323)
	at weblogic.rjvm.RJVMManager.findOrCreateRemoteInternal(RJVMManager.java:259)
	at weblogic.rjvm.RJVMManager.findOrCreate(RJVMManager.java:202)
	at weblogic.rjvm.RJVMFinder.findOrCreateRemoteServer(RJVMFinder.java:226)
	at weblogic.rjvm.RJVMFinder.findOrCreate(RJVMFinder.java:189)
	... 31 more
Jan 31, 2008 8:42:46 AM com.inovis.b2b.lib.exception.OperationFailedException <init>
SEVERE: [LIBP-00001] Unable to connect to naming service
Caused By:null
Caused By:t3://localhost:7001: Destination unreachable; nested exception is: 
	java.net.ConnectException: Connection refused: connect; No available router to destination
Caused By:Destination unreachable; nested exception is: 
	java.net.ConnectException: Connection refused: connect; No available router to destination

class com.inovis.b2b.lib.service.ServiceUnavailableException: [LIBP-00001] Unable to connect to naming service
	at com.inovis.b2b.lib.service.ServiceLocator.getInitialContext(ServiceLocator.java:214)
	at com.inovis.b2b.lib.service.ServiceLocator.<init>(ServiceLocator.java:183)
	at com.inovis.b2b.lib.service.ServiceLocator.getInstance(ServiceLocator.java:167)
	at com.inovis.b2b.lib.service.ServiceLocator.getInstance(ServiceLocator.java:150)
	at com.inovis.b2b.channel.defs.ChannelManagerImp.getChannelFacade(ChannelManagerImp.java:551)
	at com.inovis.b2b.channel.defs.ChannelManagerImp.<init>(ChannelManagerImp.java:58)
	at com.inovis.b2b.channel.ChannelManager.getManager(ChannelManager.java:37)
	at test.com.inovis.mss.gateways.ftp.services.TestTransferParamService.setUp(TestTransferParamService.java:79)
	at junit.framework.TestCase.runBare(TestCase.java:132)
	at junit.framework.TestResult$1.protect(TestResult.java:110)
	at junit.framework.TestResult.runProtected(TestResult.java:128)
	at junit.framework.TestResult.run(TestResult.java:113)
	at junit.framework.TestCase.run(TestCase.java:124)
	at junit.framework.TestSuite.runTest(TestSuite.java:232)
	at junit.framework.TestSuite.run(TestSuite.java:227)
	at junit.framework.TestSuite.runTest(TestSuite.java:232)
	at junit.framework.TestSuite.run(TestSuite.java:227)
	at junit.framework.TestSuite.runTest(TestSuite.java:232)
	at junit.framework.TestSuite.run(TestSuite.java:227)
	at org.apache.tools.ant.taskdefs.optional.junit.JUnitTestRunner.run(JUnitTestRunner.java:297)
	at org.apache.tools.ant.taskdefs.optional.junit.JUnitTestRunner.launch(JUnitTestRunner.java:672)
	at org.apache.tools.ant.taskdefs.optional.junit.JUnitTestRunner.main(JUnitTestRunner.java:567)
Caused by: javax.naming.CommunicationException [Root exception is java.net.ConnectException: t3://localhost:7001: Destination unreachable; nested exception is: 
	java.net.ConnectException: Connection refused: connect; No available router to destination]
	at weblogic.jndi.internal.ExceptionTranslator.toNamingException(ExceptionTranslator.java:49)
	at weblogic.jndi.WLInitialContextFactoryDelegate.toNamingException(WLInitialContextFactoryDelegate.java:765)
	at weblogic.jndi.WLInitialContextFactoryDelegate.getInitialContext(WLInitialContextFactoryDelegate.java:364)
	at weblogic.jndi.Environment.getContext(Environment.java:307)
	at weblogic.jndi.Environment.getContext(Environment.java:277)
	at weblogic.jndi.WLInitialContextFactory.getInitialContext(WLInitialContextFactory.java:117)
	at javax.naming.spi.NamingManager.getInitialContext(NamingManager.java:667)
	at javax.naming.InitialContext.getDefaultInitCtx(InitialContext.java:247)
	at javax.naming.InitialContext.init(InitialContext.java:223)
	at javax.naming.InitialContext.<init>(InitialContext.java:175)
	at com.inovis.b2b.lib.service.ServiceLocator.getInitialContext(ServiceLocator.java:206)
	... 21 more
Caused by: java.net.ConnectException: t3://localhost:7001: Destination unreachable; nested exception is: 
	java.net.ConnectException: Connection refused: connect; No available router to destination
	at weblogic.rjvm.RJVMFinder.findOrCreate(RJVMFinder.java:204)
	at weblogic.rjvm.ServerURL.findOrCreateRJVM(ServerURL.java:154)
	at weblogic.jndi.WLInitialContextFactoryDelegate.getInitialContext(WLInitialContextFactoryDelegate.java:349)
	... 29 more
Caused by: java.rmi.ConnectException: Destination unreachable; nested exception is: 
	java.net.ConnectException: Connection refused: connect; No available router to destination
	at weblogic.rjvm.ConnectionManager.bootstrap(ConnectionManager.java:472)
	at weblogic.rjvm.ConnectionManager.bootstrap(ConnectionManager.java:323)
	at weblogic.rjvm.RJVMManager.findOrCreateRemoteInternal(RJVMManager.java:259)
	at weblogic.rjvm.RJVMManager.findOrCreate(RJVMManager.java:202)
	at weblogic.rjvm.RJVMFinder.findOrCreateRemoteServer(RJVMFinder.java:226)
	at weblogic.rjvm.RJVMFinder.findOrCreate(RJVMFinder.java:189)
	... 31 more
Jan 31, 2008 8:42:49 AM com.inovis.b2b.lib.exception.OperationFailedException <init>
SEVERE: [LIBP-00001] Unable to connect to naming service
Caused By:null
Caused By:t3://localhost:7001: Destination unreachable; nested exception is: 
	java.net.ConnectException: Connection refused: connect; No available router to destination
Caused By:Destination unreachable; nested exception is: 
	java.net.ConnectException: Connection refused: connect; No available router to destination

class com.inovis.b2b.lib.service.ServiceUnavailableException: [LIBP-00001] Unable to connect to naming service
	at com.inovis.b2b.lib.service.ServiceLocator.getInitialContext(ServiceLocator.java:214)
	at com.inovis.b2b.lib.service.ServiceLocator.<init>(ServiceLocator.java:183)
	at com.inovis.b2b.lib.service.ServiceLocator.getInstance(ServiceLocator.java:167)
	at com.inovis.b2b.lib.service.ServiceLocator.getInstance(ServiceLocator.java:150)
	at com.inovis.b2b.channel.defs.ChannelManagerImp.getChannelFacade(ChannelManagerImp.java:551)
	at com.inovis.b2b.channel.defs.ChannelManagerImp.<init>(ChannelManagerImp.java:58)
	at com.inovis.b2b.channel.ChannelManager.getManager(ChannelManager.java:37)
	at test.com.inovis.mss.gateways.ftp.services.TestTransferParamService.setUp(TestTransferParamService.java:79)
	at junit.framework.TestCase.runBare(TestCase.java:132)
	at junit.framework.TestResult$1.protect(TestResult.java:110)
	at junit.framework.TestResult.runProtected(TestResult.java:128)
	at junit.framework.TestResult.run(TestResult.java:113)
	at junit.framework.TestCase.run(TestCase.java:124)
	at junit.framework.TestSuite.runTest(TestSuite.java:232)
	at junit.framework.TestSuite.run(TestSuite.java:227)
	at junit.framework.TestSuite.runTest(TestSuite.java:232)
	at junit.framework.TestSuite.run(TestSuite.java:227)
	at junit.framework.TestSuite.runTest(TestSuite.java:232)
	at junit.framework.TestSuite.run(TestSuite.java:227)
	at org.apache.tools.ant.taskdefs.optional.junit.JUnitTestRunner.run(JUnitTestRunner.java:297)
	at org.apache.tools.ant.taskdefs.optional.junit.JUnitTestRunner.launch(JUnitTestRunner.java:672)
	at org.apache.tools.ant.taskdefs.optional.junit.JUnitTestRunner.main(JUnitTestRunner.java:567)
Caused by: javax.naming.CommunicationException [Root exception is java.net.ConnectException: t3://localhost:7001: Destination unreachable; nested exception is: 
	java.net.ConnectException: Connection refused: connect; No available router to destination]
	at weblogic.jndi.internal.ExceptionTranslator.toNamingException(ExceptionTranslator.java:49)
	at weblogic.jndi.WLInitialContextFactoryDelegate.toNamingException(WLInitialContextFactoryDelegate.java:765)
	at weblogic.jndi.WLInitialContextFactoryDelegate.getInitialContext(WLInitialContextFactoryDelegate.java:364)
	at weblogic.jndi.Environment.getContext(Environment.java:307)
	at weblogic.jndi.Environment.getContext(Environment.java:277)
	at weblogic.jndi.WLInitialContextFactory.getInitialContext(WLInitialContextFactory.java:117)
	at javax.naming.spi.NamingManager.getInitialContext(NamingManager.java:667)
	at javax.naming.InitialContext.getDefaultInitCtx(InitialContext.java:247)
	at javax.naming.InitialContext.init(InitialContext.java:223)
	at javax.naming.InitialContext.<init>(InitialContext.java:175)
	at com.inovis.b2b.lib.service.ServiceLocator.getInitialContext(ServiceLocator.java:206)
	... 21 more
Caused by: java.net.ConnectException: t3://localhost:7001: Destination unreachable; nested exception is: 
	java.net.ConnectException: Connection refused: connect; No available router to destination
	at weblogic.rjvm.RJVMFinder.findOrCreate(RJVMFinder.java:204)
	at weblogic.rjvm.ServerURL.findOrCreateRJVM(ServerURL.java:154)
	at weblogic.jndi.WLInitialContextFactoryDelegate.getInitialContext(WLInitialContextFactoryDelegate.java:349)
	... 29 more
Caused by: java.rmi.ConnectException: Destination unreachable; nested exception is: 
	java.net.ConnectException: Connection refused: connect; No available router to destination
	at weblogic.rjvm.ConnectionManager.bootstrap(ConnectionManager.java:472)
	at weblogic.rjvm.ConnectionManager.bootstrap(ConnectionManager.java:323)
	at weblogic.rjvm.RJVMManager.findOrCreateRemoteInternal(RJVMManager.java:259)
	at weblogic.rjvm.RJVMManager.findOrCreate(RJVMManager.java:202)
	at weblogic.rjvm.RJVMFinder.findOrCreateRemoteServer(RJVMFinder.java:226)
	at weblogic.rjvm.RJVMFinder.findOrCreate(RJVMFinder.java:189)
	... 31 more
Jan 31, 2008 8:42:51 AM com.inovis.b2b.lib.exception.OperationFailedException <init>
SEVERE: [LIBP-00001] Unable to connect to naming service
Caused By:null
Caused By:t3://localhost:7001: Destination unreachable; nested exception is: 
	java.net.ConnectException: Connection refused: connect; No available router to destination
Caused By:Destination unreachable; nested exception is: 
	java.net.ConnectException: Connection refused: connect; No available router to destination

class com.inovis.b2b.lib.service.ServiceUnavailableException: [LIBP-00001] Unable to connect to naming service
	at com.inovis.b2b.lib.service.ServiceLocator.getInitialContext(ServiceLocator.java:214)
	at com.inovis.b2b.lib.service.ServiceLocator.<init>(ServiceLocator.java:183)
	at com.inovis.b2b.lib.service.ServiceLocator.getInstance(ServiceLocator.java:167)
	at com.inovis.b2b.lib.service.ServiceLocator.getInstance(ServiceLocator.java:150)
	at com.inovis.b2b.channel.defs.ChannelManagerImp.getChannelFacade(ChannelManagerImp.java:551)
	at com.inovis.b2b.channel.defs.ChannelManagerImp.<init>(ChannelManagerImp.java:58)
	at com.inovis.b2b.channel.ChannelManager.getManager(ChannelManager.java:37)
	at test.com.inovis.mss.gateways.ftp.services.TestTransferParamService.setUp(TestTransferParamService.java:79)
	at junit.framework.TestCase.runBare(TestCase.java:132)
	at junit.framework.TestResult$1.protect(TestResult.java:110)
	at junit.framework.TestResult.runProtected(TestResult.java:128)
	at junit.framework.TestResult.run(TestResult.java:113)
	at junit.framework.TestCase.run(TestCase.java:124)
	at junit.framework.TestSuite.runTest(TestSuite.java:232)
	at junit.framework.TestSuite.run(TestSuite.java:227)
	at junit.framework.TestSuite.runTest(TestSuite.java:232)
	at junit.framework.TestSuite.run(TestSuite.java:227)
	at junit.framework.TestSuite.runTest(TestSuite.java:232)
	at junit.framework.TestSuite.run(TestSuite.java:227)
	at org.apache.tools.ant.taskdefs.optional.junit.JUnitTestRunner.run(JUnitTestRunner.java:297)
	at org.apache.tools.ant.taskdefs.optional.junit.JUnitTestRunner.launch(JUnitTestRunner.java:672)
	at org.apache.tools.ant.taskdefs.optional.junit.JUnitTestRunner.main(JUnitTestRunner.java:567)
Caused by: javax.naming.CommunicationException [Root exception is java.net.ConnectException: t3://localhost:7001: Destination unreachable; nested exception is: 
	java.net.ConnectException: Connection refused: connect; No available router to destination]
	at weblogic.jndi.internal.ExceptionTranslator.toNamingException(ExceptionTranslator.java:49)
	at weblogic.jndi.WLInitialContextFactoryDelegate.toNamingException(WLInitialContextFactoryDelegate.java:765)
	at weblogic.jndi.WLInitialContextFactoryDelegate.getInitialContext(WLInitialContextFactoryDelegate.java:364)
	at weblogic.jndi.Environment.getContext(Environment.java:307)
	at weblogic.jndi.Environment.getContext(Environment.java:277)
	at weblogic.jndi.WLInitialContextFactory.getInitialContext(WLInitialContextFactory.java:117)
	at javax.naming.spi.NamingManager.getInitialContext(NamingManager.java:667)
	at javax.naming.InitialContext.getDefaultInitCtx(InitialContext.java:247)
	at javax.naming.InitialContext.init(InitialContext.java:223)
	at javax.naming.InitialContext.<init>(InitialContext.java:175)
	at com.inovis.b2b.lib.service.ServiceLocator.getInitialContext(ServiceLocator.java:206)
	... 21 more
Caused by: java.net.ConnectException: t3://localhost:7001: Destination unreachable; nested exception is: 
	java.net.ConnectException: Connection refused: connect; No available router to destination
	at weblogic.rjvm.RJVMFinder.findOrCreate(RJVMFinder.java:204)
	at weblogic.rjvm.ServerURL.findOrCreateRJVM(ServerURL.java:154)
	at weblogic.jndi.WLInitialContextFactoryDelegate.getInitialContext(WLInitialContextFactoryDelegate.java:349)
	... 29 more
Caused by: java.rmi.ConnectException: Destination unreachable; nested exception is: 
	java.net.ConnectException: Connection refused: connect; No available router to destination
	at weblogic.rjvm.ConnectionManager.bootstrap(ConnectionManager.java:472)
	at weblogic.rjvm.ConnectionManager.bootstrap(ConnectionManager.java:323)
	at weblogic.rjvm.RJVMManager.findOrCreateRemoteInternal(RJVMManager.java:259)
	at weblogic.rjvm.RJVMManager.findOrCreate(RJVMManager.java:202)
	at weblogic.rjvm.RJVMFinder.findOrCreateRemoteServer(RJVMFinder.java:226)
	at weblogic.rjvm.RJVMFinder.findOrCreate(RJVMFinder.java:189)
	... 31 more
Jan 31, 2008 8:42:54 AM com.inovis.b2b.lib.exception.OperationFailedException <init>
SEVERE: [LIBP-00001] Unable to connect to naming service
Caused By:null
Caused By:t3://localhost:7001: Destination unreachable; nested exception is: 
	java.net.ConnectException: Connection refused: connect; No available router to destination
Caused By:Destination unreachable; nested exception is: 
	java.net.ConnectException: Connection refused: connect; No available router to destination

class com.inovis.b2b.lib.service.ServiceUnavailableException: [LIBP-00001] Unable to connect to naming service
	at com.inovis.b2b.lib.service.ServiceLocator.getInitialContext(ServiceLocator.java:214)
	at com.inovis.b2b.lib.service.ServiceLocator.<init>(ServiceLocator.java:183)
	at com.inovis.b2b.lib.service.ServiceLocator.getInstance(ServiceLocator.java:167)
	at com.inovis.b2b.lib.service.ServiceLocator.getInstance(ServiceLocator.java:150)
	at com.inovis.b2b.channel.defs.ChannelManagerImp.getChannelFacade(ChannelManagerImp.java:551)
	at com.inovis.b2b.channel.defs.ChannelManagerImp.<init>(ChannelManagerImp.java:58)
	at com.inovis.b2b.channel.ChannelManager.getManager(ChannelManager.java:37)
	at test.com.inovis.mss.gateways.ftp.services.TestTransferParamService.setUp(TestTransferParamService.java:79)
	at junit.framework.TestCase.runBare(TestCase.java:132)
	at junit.framework.TestResult$1.protect(TestResult.java:110)
	at junit.framework.TestResult.runProtected(TestResult.java:128)
	at junit.framework.TestResult.run(TestResult.java:113)
	at junit.framework.TestCase.run(TestCase.java:124)
	at junit.framework.TestSuite.runTest(TestSuite.java:232)
	at junit.framework.TestSuite.run(TestSuite.java:227)
	at junit.framework.TestSuite.runTest(TestSuite.java:232)
	at junit.framework.TestSuite.run(TestSuite.java:227)
	at junit.framework.TestSuite.runTest(TestSuite.java:232)
	at junit.framework.TestSuite.run(TestSuite.java:227)
	at org.apache.tools.ant.taskdefs.optional.junit.JUnitTestRunner.run(JUnitTestRunner.java:297)
	at org.apache.tools.ant.taskdefs.optional.junit.JUnitTestRunner.launch(JUnitTestRunner.java:672)
	at org.apache.tools.ant.taskdefs.optional.junit.JUnitTestRunner.main(JUnitTestRunner.java:567)
Caused by: javax.naming.CommunicationException [Root exception is java.net.ConnectException: t3://localhost:7001: Destination unreachable; nested exception is: 
	java.net.ConnectException: Connection refused: connect; No available router to destination]
	at weblogic.jndi.internal.ExceptionTranslator.toNamingException(ExceptionTranslator.java:49)
	at weblogic.jndi.WLInitialContextFactoryDelegate.toNamingException(WLInitialContextFactoryDelegate.java:765)
	at weblogic.jndi.WLInitialContextFactoryDelegate.getInitialContext(WLInitialContextFactoryDelegate.java:364)
	at weblogic.jndi.Environment.getContext(Environment.java:307)
	at weblogic.jndi.Environment.getContext(Environment.java:277)
	at weblogic.jndi.WLInitialContextFactory.getInitialContext(WLInitialContextFactory.java:117)
	at javax.naming.spi.NamingManager.getInitialContext(NamingManager.java:667)
	at javax.naming.InitialContext.getDefaultInitCtx(InitialContext.java:247)
	at javax.naming.InitialContext.init(InitialContext.java:223)
	at javax.naming.InitialContext.<init>(InitialContext.java:175)
	at com.inovis.b2b.lib.service.ServiceLocator.getInitialContext(ServiceLocator.java:206)
	... 21 more
Caused by: java.net.ConnectException: t3://localhost:7001: Destination unreachable; nested exception is: 
	java.net.ConnectException: Connection refused: connect; No available router to destination
	at weblogic.rjvm.RJVMFinder.findOrCreate(RJVMFinder.java:204)
	at weblogic.rjvm.ServerURL.findOrCreateRJVM(ServerURL.java:154)
	at weblogic.jndi.WLInitialContextFactoryDelegate.getInitialContext(WLInitialContextFactoryDelegate.java:349)
	... 29 more
Caused by: java.rmi.ConnectException: Destination unreachable; nested exception is: 
	java.net.ConnectException: Connection refused: connect; No available router to destination
	at weblogic.rjvm.ConnectionManager.bootstrap(ConnectionManager.java:472)
	at weblogic.rjvm.ConnectionManager.bootstrap(ConnectionManager.java:323)
	at weblogic.rjvm.RJVMManager.findOrCreateRemoteInternal(RJVMManager.java:259)
	at weblogic.rjvm.RJVMManager.findOrCreate(RJVMManager.java:202)
	at weblogic.rjvm.RJVMFinder.findOrCreateRemoteServer(RJVMFinder.java:226)
	at weblogic.rjvm.RJVMFinder.findOrCreate(RJVMFinder.java:189)
	... 31 more
Jan 31, 2008 8:42:57 AM com.inovis.b2b.lib.exception.OperationFailedException <init>
SEVERE: [LIBP-00001] Unable to connect to naming service
Caused By:null
Caused By:t3://localhost:7001: Destination unreachable; nested exception is: 
	java.net.ConnectException: Connection refused: connect; No available router to destination
Caused By:Destination unreachable; nested exception is: 
	java.net.ConnectException: Connection refused: connect; No available router to destination

class com.inovis.b2b.lib.service.ServiceUnavailableException: [LIBP-00001] Unable to connect to naming service
	at com.inovis.b2b.lib.service.ServiceLocator.getInitialContext(ServiceLocator.java:214)
	at com.inovis.b2b.lib.service.ServiceLocator.<init>(ServiceLocator.java:183)
	at com.inovis.b2b.lib.service.ServiceLocator.getInstance(ServiceLocator.java:167)
	at com.inovis.b2b.lib.service.ServiceLocator.getInstance(ServiceLocator.java:150)
	at com.inovis.b2b.channel.defs.ChannelManagerImp.getChannelFacade(ChannelManagerImp.java:551)
	at com.inovis.b2b.channel.defs.ChannelManagerImp.<init>(ChannelManagerImp.java:58)
	at com.inovis.b2b.channel.ChannelManager.getManager(ChannelManager.java:37)
	at test.com.inovis.mss.gateways.ftp.services.TestTransferParamService.setUp(TestTransferParamService.java:79)
	at junit.framework.TestCase.runBare(TestCase.java:132)
	at junit.framework.TestResult$1.protect(TestResult.java:110)
	at junit.framework.TestResult.runProtected(TestResult.java:128)
	at junit.framework.TestResult.run(TestResult.java:113)
	at junit.framework.TestCase.run(TestCase.java:124)
	at junit.framework.TestSuite.runTest(TestSuite.java:232)
	at junit.framework.TestSuite.run(TestSuite.java:227)
	at junit.framework.TestSuite.runTest(TestSuite.java:232)
	at junit.framework.TestSuite.run(TestSuite.java:227)
	at junit.framework.TestSuite.runTest(TestSuite.java:232)
	at junit.framework.TestSuite.run(TestSuite.java:227)
	at org.apache.tools.ant.taskdefs.optional.junit.JUnitTestRunner.run(JUnitTestRunner.java:297)
	at org.apache.tools.ant.taskdefs.optional.junit.JUnitTestRunner.launch(JUnitTestRunner.java:672)
	at org.apache.tools.ant.taskdefs.optional.junit.JUnitTestRunner.main(JUnitTestRunner.java:567)
Caused by: javax.naming.CommunicationException [Root exception is java.net.ConnectException: t3://localhost:7001: Destination unreachable; nested exception is: 
	java.net.ConnectException: Connection refused: connect; No available router to destination]
	at weblogic.jndi.internal.ExceptionTranslator.toNamingException(ExceptionTranslator.java:49)
	at weblogic.jndi.WLInitialContextFactoryDelegate.toNamingException(WLInitialContextFactoryDelegate.java:765)
	at weblogic.jndi.WLInitialContextFactoryDelegate.getInitialContext(WLInitialContextFactoryDelegate.java:364)
	at weblogic.jndi.Environment.getContext(Environment.java:307)
	at weblogic.jndi.Environment.getContext(Environment.java:277)
	at weblogic.jndi.WLInitialContextFactory.getInitialContext(WLInitialContextFactory.java:117)
	at javax.naming.spi.NamingManager.getInitialContext(NamingManager.java:667)
	at javax.naming.InitialContext.getDefaultInitCtx(InitialContext.java:247)
	at javax.naming.InitialContext.init(InitialContext.java:223)
	at javax.naming.InitialContext.<init>(InitialContext.java:175)
	at com.inovis.b2b.lib.service.ServiceLocator.getInitialContext(ServiceLocator.java:206)
	... 21 more
Caused by: java.net.ConnectException: t3://localhost:7001: Destination unreachable; nested exception is: 
	java.net.ConnectException: Connection refused: connect; No available router to destination
	at weblogic.rjvm.RJVMFinder.findOrCreate(RJVMFinder.java:204)
	at weblogic.rjvm.ServerURL.findOrCreateRJVM(ServerURL.java:154)
	at weblogic.jndi.WLInitialContextFactoryDelegate.getInitialContext(WLInitialContextFactoryDelegate.java:349)
	... 29 more
Caused by: java.rmi.ConnectException: Destination unreachable; nested exception is: 
	java.net.ConnectException: Connection refused: connect; No available router to destination
	at weblogic.rjvm.ConnectionManager.bootstrap(ConnectionManager.java:472)
	at weblogic.rjvm.ConnectionManager.bootstrap(ConnectionManager.java:323)
	at weblogic.rjvm.RJVMManager.findOrCreateRemoteInternal(RJVMManager.java:259)
	at weblogic.rjvm.RJVMManager.findOrCreate(RJVMManager.java:202)
	at weblogic.rjvm.RJVMFinder.findOrCreateRemoteServer(RJVMFinder.java:226)
	at weblogic.rjvm.RJVMFinder.findOrCreate(RJVMFinder.java:189)
	... 31 more
Jan 31, 2008 8:42:59 AM com.inovis.b2b.lib.exception.OperationFailedException <init>
SEVERE: [LIBP-00001] Unable to connect to naming service
Caused By:null
Caused By:t3://localhost:7001: Destination unreachable; nested exception is: 
	java.net.ConnectException: Connection refused: connect; No available router to destination
Caused By:Destination unreachable; nested exception is: 
	java.net.ConnectException: Connection refused: connect; No available router to destination

Jan 31, 2008 8:43:01 AM com.inovis.b2b.lib.exception.OperationFailedException <init>
SEVERE: [LIBP-00001] Unable to connect to naming service
Caused By:null
Caused By:t3://localhost:7001: Destination unreachable; nested exception is: 
	java.net.ConnectException: Connection refused: connect; No available router to destination
Caused By:Destination unreachable; nested exception is: 
	java.net.ConnectException: Connection refused: connect; No available router to destination

Jan 31, 2008 8:43:04 AM com.inovis.b2b.lib.exception.OperationFailedException <init>
SEVERE: [LIBP-00001] Unable to connect to naming service
Caused By:null
Caused By:t3://localhost:7001: Destination unreachable; nested exception is: 
	java.net.ConnectException: Connection refused: connect; No available router to destination
Caused By:Destination unreachable; nested exception is: 
	java.net.ConnectException: Connection refused: connect; No available router to destination

Jan 31, 2008 8:43:07 AM com.inovis.b2b.lib.exception.OperationFailedException <init>
SEVERE: [LIBP-00001] Unable to connect to naming service
Caused By:null
Caused By:t3://localhost:7001: Destination unreachable; nested exception is: 
	java.net.ConnectException: Connection refused: connect; No available router to destination
Caused By:Destination unreachable; nested exception is: 
	java.net.ConnectException: Connection refused: connect; No available router to destination

Jan 31, 2008 8:43:09 AM com.inovis.b2b.lib.exception.OperationFailedException <init>
SEVERE: [LIBP-00001] Unable to connect to naming service
Caused By:null
Caused By:t3://localhost:7001: Destination unreachable; nested exception is: 
	java.net.ConnectException: Connection refused: connect; No available router to destination
Caused By:Destination unreachable; nested exception is: 
	java.net.ConnectException: Connection refused: connect; No available router to destination

Jan 31, 2008 8:43:09 AM com.inovis.b2b.lib.exception.OperationFailedException <init>
INFO: [COUN-00101] Failed to get a reference to the Home interface of the CountryFacade EJB. This is an EJB error that probably stems from an incorrect deployment, a network problem, or the failure of an EJB server.      
Caused By:[LIBP-00001] Unable to connect to naming service
Caused By:null
Caused By:t3://localhost:7001: Destination unreachable; nested exception is: 
	java.net.ConnectException: Connection refused: connect; No available router to destination
Caused By:Destination unreachable; nested exception is: 
	java.net.ConnectException: Connection refused: connect; No available router to destination

Jan 31, 2008 8:43:12 AM com.inovis.b2b.lib.exception.OperationFailedException <init>
SEVERE: [LIBP-00001] Unable to connect to naming service
Caused By:null
Caused By:t3://localhost:7001: Destination unreachable; nested exception is: 
	java.net.ConnectException: Connection refused: connect; No available router to destination
Caused By:Destination unreachable; nested exception is: 
	java.net.ConnectException: Connection refused: connect; No available router to destination

Jan 31, 2008 8:43:12 AM com.inovis.b2b.lib.exception.OperationFailedException <init>
INFO: [COUN-00101] Failed to get a reference to the Home interface of the CountryFacade EJB. This is an EJB error that probably stems from an incorrect deployment, a network problem, or the failure of an EJB server.      
Caused By:[LIBP-00001] Unable to connect to naming service
Caused By:null
Caused By:t3://localhost:7001: Destination unreachable; nested exception is: 
	java.net.ConnectException: Connection refused: connect; No available router to destination
Caused By:Destination unreachable; nested exception is: 
	java.net.ConnectException: Connection refused: connect; No available router to destination

Jan 31, 2008 8:43:14 AM com.inovis.b2b.lib.exception.OperationFailedException <init>
SEVERE: [LIBP-00001] Unable to connect to naming service
Caused By:null
Caused By:t3://localhost:7001: Destination unreachable; nested exception is: 
	java.net.ConnectException: Connection refused: connect; No available router to destination
Caused By:Destination unreachable; nested exception is: 
	java.net.ConnectException: Connection refused: connect; No available router to destination

Jan 31, 2008 8:43:14 AM com.inovis.b2b.lib.exception.OperationFailedException <init>
INFO: [COUN-00101] Failed to get a reference to the Home interface of the CountryFacade EJB. This is an EJB error that probably stems from an incorrect deployment, a network problem, or the failure of an EJB server.      
Caused By:[LIBP-00001] Unable to connect to naming service
Caused By:null
Caused By:t3://localhost:7001: Destination unreachable; nested exception is: 
	java.net.ConnectException: Connection refused: connect; No available router to destination
Caused By:Destination unreachable; nested exception is: 
	java.net.ConnectException: Connection refused: connect; No available router to destination

Jan 31, 2008 8:43:17 AM com.inovis.b2b.lib.exception.OperationFailedException <init>
SEVERE: [LIBP-00001] Unable to connect to naming service
Caused By:null
Caused By:t3://localhost:7001: Destination unreachable; nested exception is: 
	java.net.ConnectException: Connection refused: connect; No available router to destination
Caused By:Destination unreachable; nested exception is: 
	java.net.ConnectException: Connection refused: connect; No available router to destination

Jan 31, 2008 8:43:17 AM com.inovis.b2b.lib.exception.OperationFailedException <init>
INFO: [COUN-00101] Failed to get a reference to the Home interface of the CountryFacade EJB. This is an EJB error that probably stems from an incorrect deployment, a network problem, or the failure of an EJB server.      
Caused By:[LIBP-00001] Unable to connect to naming service
Caused By:null
Caused By:t3://localhost:7001: Destination unreachable; nested exception is: 
	java.net.ConnectException: Connection refused: connect; No available router to destination
Caused By:Destination unreachable; nested exception is: 
	java.net.ConnectException: Connection refused: connect; No available router to destination

Jan 31, 2008 8:43:19 AM com.inovis.b2b.lib.exception.OperationFailedException <init>
SEVERE: [LIBP-00001] Unable to connect to naming service
Caused By:null
Caused By:t3://localhost:7001: Destination unreachable; nested exception is: 
	java.net.ConnectException: Connection refused: connect; No available router to destination
Caused By:Destination unreachable; nested exception is: 
	java.net.ConnectException: Connection refused: connect; No available router to destination

Jan 31, 2008 8:43:19 AM com.inovis.b2b.lib.exception.OperationFailedException <init>
INFO: [COUN-00101] Failed to get a reference to the Home interface of the CountryFacade EJB. This is an EJB error that probably stems from an incorrect deployment, a network problem, or the failure of an EJB server.      
Caused By:[LIBP-00001] Unable to connect to naming service
Caused By:null
Caused By:t3://localhost:7001: Destination unreachable; nested exception is: 
	java.net.ConnectException: Connection refused: connect; No available router to destination
Caused By:Destination unreachable; nested exception is: 
	java.net.ConnectException: Connection refused: connect; No available router to destination

Jan 31, 2008 8:43:21 AM com.inovis.b2b.lib.exception.OperationFailedException <init>
SEVERE: [LIBP-00001] Unable to connect to naming service
Caused By:null
Caused By:t3://localhost:7001: Destination unreachable; nested exception is: 
	java.net.ConnectException: Connection refused: connect; No available router to destination
Caused By:Destination unreachable; nested exception is: 
	java.net.ConnectException: Connection refused: connect; No available router to destination

Jan 31, 2008 8:43:21 AM com.inovis.b2b.lib.exception.OperationFailedException <init>
INFO: [COUN-00101] Failed to get a reference to the Home interface of the CountryFacade EJB. This is an EJB error that probably stems from an incorrect deployment, a network problem, or the failure of an EJB server.      
Caused By:[LIBP-00001] Unable to connect to naming service
Caused By:null
Caused By:t3://localhost:7001: Destination unreachable; nested exception is: 
	java.net.ConnectException: Connection refused: connect; No available router to destination
Caused By:Destination unreachable; nested exception is: 
	java.net.ConnectException: Connection refused: connect; No available router to destination

Jan 31, 2008 8:43:23 AM com.inovis.b2b.lib.exception.OperationFailedException <init>
SEVERE: [LIBP-00001] Unable to connect to naming service
Caused By:null
Caused By:t3://localhost:7001: Destination unreachable; nested exception is: 
	java.net.ConnectException: Connection refused: connect; No available router to destination
Caused By:Destination unreachable; nested exception is: 
	java.net.ConnectException: Connection refused: connect; No available router to destination

Jan 31, 2008 8:43:23 AM com.inovis.b2b.lib.exception.OperationFailedException <init>
INFO: [COUN-00101] Failed to get a reference to the Home interface of the CountryFacade EJB. This is an EJB error that probably stems from an incorrect deployment, a network problem, or the failure of an EJB server.      
Caused By:[LIBP-00001] Unable to connect to naming service
Caused By:null
Caused By:t3://localhost:7001: Destination unreachable; nested exception is: 
	java.net.ConnectException: Connection refused: connect; No available router to destination
Caused By:Destination unreachable; nested exception is: 
	java.net.ConnectException: Connection refused: connect; No available router to destination

Jan 31, 2008 8:43:26 AM com.inovis.b2b.lib.exception.OperationFailedException <init>
SEVERE: [LIBP-00001] Unable to connect to naming service
Caused By:null
Caused By:t3://localhost:7001: Destination unreachable; nested exception is: 
	java.net.ConnectException: Connection refused: connect; No available router to destination
Caused By:Destination unreachable; nested exception is: 
	java.net.ConnectException: Connection refused: connect; No available router to destination

Jan 31, 2008 8:43:26 AM com.inovis.b2b.lib.exception.OperationFailedException <init>
INFO: [COUN-00101] Failed to get a reference to the Home interface of the CountryFacade EJB. This is an EJB error that probably stems from an incorrect deployment, a network problem, or the failure of an EJB server.      
Caused By:[LIBP-00001] Unable to connect to naming service
Caused By:null
Caused By:t3://localhost:7001: Destination unreachable; nested exception is: 
	java.net.ConnectException: Connection refused: connect; No available router to destination
Caused By:Destination unreachable; nested exception is: 
	java.net.ConnectException: Connection refused: connect; No available router to destination

Jan 31, 2008 8:43:29 AM com.inovis.b2b.lib.exception.OperationFailedException <init>
SEVERE: [LIBP-00001] Unable to connect to naming service
Caused By:null
Caused By:t3://localhost:7001: Destination unreachable; nested exception is: 
	java.net.ConnectException: Connection refused: connect; No available router to destination
Caused By:Destination unreachable; nested exception is: 
	java.net.ConnectException: Connection refused: connect; No available router to destination

Jan 31, 2008 8:43:32 AM com.inovis.b2b.lib.exception.OperationFailedException <init>
SEVERE: [LIBP-00001] Unable to connect to naming service
Caused By:null
Caused By:t3://localhost:7001: Destination unreachable; nested exception is: 
	java.net.ConnectException: Connection refused: connect; No available router to destination
Caused By:Destination unreachable; nested exception is: 
	java.net.ConnectException: Connection refused: connect; No available router to destination

Jan 31, 2008 8:43:34 AM com.inovis.b2b.lib.exception.OperationFailedException <init>
SEVERE: [LIBP-00001] Unable to connect to naming service
Caused By:null
Caused By:t3://localhost:7001: Destination unreachable; nested exception is: 
	java.net.ConnectException: Connection refused: connect; No available router to destination
Caused By:Destination unreachable; nested exception is: 
	java.net.ConnectException: Connection refused: connect; No available router to destination

Jan 31, 2008 8:43:37 AM com.inovis.b2b.lib.exception.OperationFailedException <init>
SEVERE: [LIBP-00001] Unable to connect to naming service
Caused By:null
Caused By:t3://localhost:7001: Destination unreachable; nested exception is: 
	java.net.ConnectException: Connection refused: connect; No available router to destination
Caused By:Destination unreachable; nested exception is: 
	java.net.ConnectException: Connection refused: connect; No available router to destination

Jan 31, 2008 8:43:40 AM com.inovis.b2b.lib.exception.OperationFailedException <init>
SEVERE: [LIBP-00001] Unable to connect to naming service
Caused By:null
Caused By:t3://localhost:7001: Destination unreachable; nested exception is: 
	java.net.ConnectException: Connection refused: connect; No available router to destination
Caused By:Destination unreachable; nested exception is: 
	java.net.ConnectException: Connection refused: connect; No available router to destination

Jan 31, 2008 8:43:42 AM com.inovis.b2b.lib.exception.OperationFailedException <init>
SEVERE: [LIBP-00001] Unable to connect to naming service
Caused By:null
Caused By:t3://localhost:7001: Destination unreachable; nested exception is: 
	java.net.ConnectException: Connection refused: connect; No available router to destination
Caused By:Destination unreachable; nested exception is: 
	java.net.ConnectException: Connection refused: connect; No available router to destination

Jan 31, 2008 8:43:45 AM com.inovis.b2b.lib.exception.OperationFailedException <init>
SEVERE: [LIBP-00001] Unable to connect to naming service
Caused By:null
Caused By:t3://localhost:7001: Destination unreachable; nested exception is: 
	java.net.ConnectException: Connection refused: connect; No available router to destination
Caused By:Destination unreachable; nested exception is: 
	java.net.ConnectException: Connection refused: connect; No available router to destination

Jan 31, 2008 8:43:48 AM com.inovis.b2b.lib.exception.OperationFailedException <init>
SEVERE: [LIBP-00001] Unable to connect to naming service
Caused By:null
Caused By:t3://localhost:7001: Destination unreachable; nested exception is: 
	java.net.ConnectException: Connection refused: connect; No available router to destination
Caused By:Destination unreachable; nested exception is: 
	java.net.ConnectException: Connection refused: connect; No available router to destination

Jan 31, 2008 8:43:50 AM com.inovis.b2b.lib.exception.OperationFailedException <init>
SEVERE: [LIBP-00001] Unable to connect to naming service
Caused By:null
Caused By:t3://localhost:7001: Destination unreachable; nested exception is: 
	java.net.ConnectException: Connection refused: connect; No available router to destination
Caused By:Destination unreachable; nested exception is: 
	java.net.ConnectException: Connection refused: connect; No available router to destination

Jan 31, 2008 8:43:53 AM com.inovis.b2b.lib.exception.OperationFailedException <init>
SEVERE: [LIBP-00001] Unable to connect to naming service
Caused By:null
Caused By:t3://localhost:7001: Destination unreachable; nested exception is: 
	java.net.ConnectException: Connection refused: connect; No available router to destination
Caused By:Destination unreachable; nested exception is: 
	java.net.ConnectException: Connection refused: connect; No available router to destination

Jan 31, 2008 8:43:56 AM com.inovis.b2b.lib.exception.OperationFailedException <init>
SEVERE: [LIBP-00001] Unable to connect to naming service
Caused By:null
Caused By:t3://localhost:7001: Destination unreachable; nested exception is: 
	java.net.ConnectException: Connection refused: connect; No available router to destination
Caused By:Destination unreachable; nested exception is: 
	java.net.ConnectException: Connection refused: connect; No available router to destination

Jan 31, 2008 8:43:58 AM com.inovis.b2b.lib.exception.OperationFailedException <init>
SEVERE: [LIBP-00001] Unable to connect to naming service
Caused By:null
Caused By:t3://localhost:7001: Destination unreachable; nested exception is: 
	java.net.ConnectException: Connection refused: connect; No available router to destination
Caused By:Destination unreachable; nested exception is: 
	java.net.ConnectException: Connection refused: connect; No available router to destination

Jan 31, 2008 8:44:01 AM com.inovis.b2b.lib.exception.OperationFailedException <init>
SEVERE: [LIBP-00001] Unable to connect to naming service
Caused By:null
Caused By:t3://localhost:7001: Destination unreachable; nested exception is: 
	java.net.ConnectException: Connection refused: connect; No available router to destination
Caused By:Destination unreachable; nested exception is: 
	java.net.ConnectException: Connection refused: connect; No available router to destination

Jan 31, 2008 8:44:04 AM com.inovis.b2b.lib.exception.OperationFailedException <init>
SEVERE: [LIBP-00001] Unable to connect to naming service
Caused By:null
Caused By:t3://localhost:7001: Destination unreachable; nested exception is: 
	java.net.ConnectException: Connection refused: connect; No available router to destination
Caused By:Destination unreachable; nested exception is: 
	java.net.ConnectException: Connection refused: connect; No available router to destination

Jan 31, 2008 8:44:07 AM com.inovis.b2b.lib.exception.OperationFailedException <init>
SEVERE: [LIBP-00001] Unable to connect to naming service
Caused By:null
Caused By:t3://localhost:7001: Destination unreachable; nested exception is: 
	java.net.ConnectException: Connection refused: connect; No available router to destination
Caused By:Destination unreachable; nested exception is: 
	java.net.ConnectException: Connection refused: connect; No available router to destination

Jan 31, 2008 8:44:10 AM com.inovis.b2b.lib.exception.OperationFailedException <init>
SEVERE: [LIBP-00001] Unable to connect to naming service
Caused By:null
Caused By:t3://localhost:7001: Destination unreachable; nested exception is: 
	java.net.ConnectException: Connection refused: connect; No available router to destination
Caused By:Destination unreachable; nested exception is: 
	java.net.ConnectException: Connection refused: connect; No available router to destination

Jan 31, 2008 8:44:12 AM com.inovis.b2b.lib.exception.OperationFailedException <init>
SEVERE: [LIBP-00001] Unable to connect to naming service
Caused By:null
Caused By:t3://localhost:7001: Destination unreachable; nested exception is: 
	java.net.ConnectException: Connection refused: connect; No available router to destination
Caused By:Destination unreachable; nested exception is: 
	java.net.ConnectException: Connection refused: connect; No available router to destination

Jan 31, 2008 8:44:15 AM com.inovis.b2b.lib.exception.OperationFailedException <init>
SEVERE: [LIBP-00001] Unable to connect to naming service
Caused By:null
Caused By:t3://localhost:7001: Destination unreachable; nested exception is: 
	java.net.ConnectException: Connection refused: connect; No available router to destination
Caused By:Destination unreachable; nested exception is: 
	java.net.ConnectException: Connection refused: connect; No available router to destination

Jan 31, 2008 8:44:17 AM com.inovis.b2b.lib.exception.OperationFailedException <init>
SEVERE: [LIBP-00001] Unable to connect to naming service
Caused By:null
Caused By:t3://localhost:7001: Destination unreachable; nested exception is: 
	java.net.ConnectException: Connection refused: connect; No available router to destination
Caused By:Destination unreachable; nested exception is: 
	java.net.ConnectException: Connection refused: connect; No available router to destination

Jan 31, 2008 8:44:20 AM com.inovis.b2b.lib.exception.OperationFailedException <init>
SEVERE: [LIBP-00001] Unable to connect to naming service
Caused By:null
Caused By:t3://localhost:7001: Destination unreachable; nested exception is: 
	java.net.ConnectException: Connection refused: connect; No available router to destination
Caused By:Destination unreachable; nested exception is: 
	java.net.ConnectException: Connection refused: connect; No available router to destination

Jan 31, 2008 8:44:22 AM com.inovis.b2b.lib.exception.OperationFailedException <init>
SEVERE: [LIBP-00001] Unable to connect to naming service
Caused By:null
Caused By:t3://localhost:7001: Destination unreachable; nested exception is: 
	java.net.ConnectException: Connection refused: connect; No available router to destination
Caused By:Destination unreachable; nested exception is: 
	java.net.ConnectException: Connection refused: connect; No available router to destination

Jan 31, 2008 8:44:24 AM com.inovis.b2b.lib.exception.OperationFailedException <init>
SEVERE: [LIBP-00001] Unable to connect to naming service
Caused By:null
Caused By:t3://localhost:7001: Destination unreachable; nested exception is: 
	java.net.ConnectException: Connection refused: connect; No available router to destination
Caused By:Destination unreachable; nested exception is: 
	java.net.ConnectException: Connection refused: connect; No available router to destination

Jan 31, 2008 8:44:26 AM com.inovis.b2b.lib.exception.OperationFailedException <init>
SEVERE: [LIBP-00001] Unable to connect to naming service
Caused By:null
Caused By:t3://localhost:7001: Destination unreachable; nested exception is: 
	java.net.ConnectException: Connection refused: connect; No available router to destination
Caused By:Destination unreachable; nested exception is: 
	java.net.ConnectException: Connection refused: connect; No available router to destination

Jan 31, 2008 8:44:29 AM com.inovis.b2b.lib.exception.OperationFailedException <init>
SEVERE: [LIBP-00001] Unable to connect to naming service
Caused By:null
Caused By:t3://localhost:7001: Destination unreachable; nested exception is: 
	java.net.ConnectException: Connection refused: connect; No available router to destination
Caused By:Destination unreachable; nested exception is: 
	java.net.ConnectException: Connection refused: connect; No available router to destination

Jan 31, 2008 8:44:31 AM com.inovis.b2b.lib.exception.OperationFailedException <init>
SEVERE: [LIBP-00001] Unable to connect to naming service
Caused By:null
Caused By:t3://localhost:7001: Destination unreachable; nested exception is: 
	java.net.ConnectException: Connection refused: connect; No available router to destination
Caused By:Destination unreachable; nested exception is: 
	java.net.ConnectException: Connection refused: connect; No available router to destination

Jan 31, 2008 8:44:33 AM com.inovis.b2b.lib.exception.OperationFailedException <init>
SEVERE: [LIBP-00001] Unable to connect to naming service
Caused By:null
Caused By:t3://localhost:7001: Destination unreachable; nested exception is: 
	java.net.ConnectException: Connection refused: connect; No available router to destination
Caused By:Destination unreachable; nested exception is: 
	java.net.ConnectException: Connection refused: connect; No available router to destination

Jan 31, 2008 8:44:36 AM com.inovis.b2b.lib.exception.OperationFailedException <init>
SEVERE: [LIBP-00001] Unable to connect to naming service
Caused By:null
Caused By:t3://localhost:7001: Destination unreachable; nested exception is: 
	java.net.ConnectException: Connection refused: connect; No available router to destination
Caused By:Destination unreachable; nested exception is: 
	java.net.ConnectException: Connection refused: connect; No available router to destination

Jan 31, 2008 8:44:39 AM com.inovis.b2b.lib.exception.OperationFailedException <init>
SEVERE: [LIBP-00001] Unable to connect to naming service
Caused By:null
Caused By:t3://localhost:7001: Destination unreachable; nested exception is: 
	java.net.ConnectException: Connection refused: connect; No available router to destination
Caused By:Destination unreachable; nested exception is: 
	java.net.ConnectException: Connection refused: connect; No available router to destination

Jan 31, 2008 8:44:42 AM com.inovis.b2b.lib.exception.OperationFailedException <init>
SEVERE: [LIBP-00001] Unable to connect to naming service
Caused By:null
Caused By:t3://localhost:7001: Destination unreachable; nested exception is: 
	java.net.ConnectException: Connection refused: connect; No available router to destination
Caused By:Destination unreachable; nested exception is: 
	java.net.ConnectException: Connection refused: connect; No available router to destination

Jan 31, 2008 8:44:44 AM com.inovis.b2b.lib.exception.OperationFailedException <init>
SEVERE: [LIBP-00001] Unable to connect to naming service
Caused By:null
Caused By:t3://localhost:7001: Destination unreachable; nested exception is: 
	java.net.ConnectException: Connection refused: connect; No available router to destination
Caused By:Destination unreachable; nested exception is: 
	java.net.ConnectException: Connection refused: connect; No available router to destination

Jan 31, 2008 8:44:47 AM com.inovis.b2b.lib.exception.OperationFailedException <init>
SEVERE: [LIBP-00001] Unable to connect to naming service
Caused By:null
Caused By:t3://localhost:7001: Destination unreachable; nested exception is: 
	java.net.ConnectException: Connection refused: connect; No available router to destination
Caused By:Destination unreachable; nested exception is: 
	java.net.ConnectException: Connection refused: connect; No available router to destination

Jan 31, 2008 8:44:47 AM com.inovis.b2b.lib.exception.OperationFailedException <init>
SEVERE: [CUST-00102] Failed to locate the Customer Session Bean. Check the deployments
Caused By:[LIBP-00001] Unable to connect to naming service
Caused By:null
Caused By:t3://localhost:7001: Destination unreachable; nested exception is: 
	java.net.ConnectException: Connection refused: connect; No available router to destination
Caused By:Destination unreachable; nested exception is: 
	java.net.ConnectException: Connection refused: connect; No available router to destination

Jan 31, 2008 8:44:50 AM com.inovis.b2b.lib.exception.OperationFailedException <init>
SEVERE: [LIBP-00001] Unable to connect to naming service
Caused By:null
Caused By:t3://localhost:7001: Destination unreachable; nested exception is: 
	java.net.ConnectException: Connection refused: connect; No available router to destination
Caused By:Destination unreachable; nested exception is: 
	java.net.ConnectException: Connection refused: connect; No available router to destination

Jan 31, 2008 8:44:50 AM com.inovis.b2b.lib.exception.OperationFailedException <init>
SEVERE: [CUST-00102] Failed to locate the Customer Session Bean. Check the deployments
Caused By:[LIBP-00001] Unable to connect to naming service
Caused By:null
Caused By:t3://localhost:7001: Destination unreachable; nested exception is: 
	java.net.ConnectException: Connection refused: connect; No available router to destination
Caused By:Destination unreachable; nested exception is: 
	java.net.ConnectException: Connection refused: connect; No available router to destination

class com.inovis.b2b.lib.exception.OperationFailedException: [CUST-00102] Failed to locate the Customer Session Bean. Check the deployments
	at com.inovis.mss.billing.customer.defs.CustomerManagerImp.<init>(CustomerManagerImp.java:85)
	at com.inovis.mss.billing.customer.CustomerManager.getManager(CustomerManager.java:43)
	at test.com.inovis.mss.billing.customer.TestCustomer.testNewCustomer(TestCustomer.java:150)
	at sun.reflect.NativeMethodAccessorImpl.invoke0(Native Method)
	at sun.reflect.NativeMethodAccessorImpl.invoke(NativeMethodAccessorImpl.java:39)
	at sun.reflect.DelegatingMethodAccessorImpl.invoke(DelegatingMethodAccessorImpl.java:25)
	at java.lang.reflect.Method.invoke(Method.java:585)
	at junit.framework.TestCase.runTest(TestCase.java:168)
	at junit.framework.TestCase.runBare(TestCase.java:134)
	at junit.framework.TestResult$1.protect(TestResult.java:110)
	at junit.framework.TestResult.runProtected(TestResult.java:128)
	at junit.framework.TestResult.run(TestResult.java:113)
	at junit.framework.TestCase.run(TestCase.java:124)
	at junit.framework.TestSuite.runTest(TestSuite.java:232)
	at junit.framework.TestSuite.run(TestSuite.java:227)
	at junit.extensions.TestDecorator.basicRun(TestDecorator.java:24)
	at junit.extensions.TestSetup$1.protect(TestSetup.java:23)
	at junit.framework.TestResult.runProtected(TestResult.java:128)
	at junit.extensions.TestSetup.run(TestSetup.java:27)
	at junit.framework.TestSuite.runTest(TestSuite.java:232)
	at junit.framework.TestSuite.run(TestSuite.java:227)
	at junit.framework.TestSuite.runTest(TestSuite.java:232)
	at junit.framework.TestSuite.run(TestSuite.java:227)
	at org.apache.tools.ant.taskdefs.optional.junit.JUnitTestRunner.run(JUnitTestRunner.java:297)
	at org.apache.tools.ant.taskdefs.optional.junit.JUnitTestRunner.launch(JUnitTestRunner.java:672)
	at org.apache.tools.ant.taskdefs.optional.junit.JUnitTestRunner.main(JUnitTestRunner.java:567)
Caused by: class com.inovis.b2b.lib.service.ServiceUnavailableException: [LIBP-00001] Unable to connect to naming service
	at com.inovis.b2b.lib.service.ServiceLocator.getInitialContext(ServiceLocator.java:214)
	at com.inovis.b2b.lib.service.ServiceLocator.<init>(ServiceLocator.java:183)
	at com.inovis.b2b.lib.service.ServiceLocator.getInstance(ServiceLocator.java:167)
	at com.inovis.b2b.lib.service.ServiceLocator.getInstance(ServiceLocator.java:150)
	at com.inovis.mss.billing.customer.defs.CustomerManagerImp.<init>(CustomerManagerImp.java:68)
	... 25 more
Caused by: javax.naming.CommunicationException [Root exception is java.net.ConnectException: t3://localhost:7001: Destination unreachable; nested exception is: 
	java.net.ConnectException: Connection refused: connect; No available router to destination]
	at weblogic.jndi.internal.ExceptionTranslator.toNamingException(ExceptionTranslator.java:49)
	at weblogic.jndi.WLInitialContextFactoryDelegate.toNamingException(WLInitialContextFactoryDelegate.java:765)
	at weblogic.jndi.WLInitialContextFactoryDelegate.getInitialContext(WLInitialContextFactoryDelegate.java:364)
	at weblogic.jndi.Environment.getContext(Environment.java:307)
	at weblogic.jndi.Environment.getContext(Environment.java:277)
	at weblogic.jndi.WLInitialContextFactory.getInitialContext(WLInitialContextFactory.java:117)
	at javax.naming.spi.NamingManager.getInitialContext(NamingManager.java:667)
	at javax.naming.InitialContext.getDefaultInitCtx(InitialContext.java:247)
	at javax.naming.InitialContext.init(InitialContext.java:223)
	at javax.naming.InitialContext.<init>(InitialContext.java:175)
	at com.inovis.b2b.lib.service.ServiceLocator.getInitialContext(ServiceLocator.java:206)
	... 29 more
Caused by: java.net.ConnectException: t3://localhost:7001: Destination unreachable; nested exception is: 
	java.net.ConnectException: Connection refused: connect; No available router to destination
	at weblogic.rjvm.RJVMFinder.findOrCreate(RJVMFinder.java:204)
	at weblogic.rjvm.ServerURL.findOrCreateRJVM(ServerURL.java:154)
	at weblogic.jndi.WLInitialContextFactoryDelegate.getInitialContext(WLInitialContextFactoryDelegate.java:349)
	... 37 more
Caused by: java.rmi.ConnectException: Destination unreachable; nested exception is: 
	java.net.ConnectException: Connection refused: connect; No available router to destination
	at weblogic.rjvm.ConnectionManager.bootstrap(ConnectionManager.java:472)
	at weblogic.rjvm.ConnectionManager.bootstrap(ConnectionManager.java:323)
	at weblogic.rjvm.RJVMManager.findOrCreateRemoteInternal(RJVMManager.java:259)
	at weblogic.rjvm.RJVMManager.findOrCreate(RJVMManager.java:202)
	at weblogic.rjvm.RJVMFinder.findOrCreateRemoteServer(RJVMFinder.java:226)
	at weblogic.rjvm.RJVMFinder.findOrCreate(RJVMFinder.java:189)
	... 39 more
Jan 31, 2008 8:44:52 AM com.inovis.b2b.lib.exception.OperationFailedException <init>
SEVERE: [LIBP-00001] Unable to connect to naming service
Caused By:null
Caused By:t3://localhost:7001: Destination unreachable; nested exception is: 
	java.net.ConnectException: Connection refused: connect; No available router to destination
Caused By:Destination unreachable; nested exception is: 
	java.net.ConnectException: Connection refused: connect; No available router to destination

Jan 31, 2008 8:44:54 AM com.inovis.b2b.lib.exception.OperationFailedException <init>
SEVERE: [LIBP-00001] Unable to connect to naming service
Caused By:null
Caused By:t3://localhost:7001: Destination unreachable; nested exception is: 
	java.net.ConnectException: Connection refused: connect; No available router to destination
Caused By:Destination unreachable; nested exception is: 
	java.net.ConnectException: Connection refused: connect; No available router to destination

Jan 31, 2008 8:44:54 AM com.inovis.b2b.lib.exception.OperationFailedException <init>
SEVERE: [CUST-00102] Failed to locate the Customer Session Bean. Check the deployments
Caused By:[LIBP-00001] Unable to connect to naming service
Caused By:null
Caused By:t3://localhost:7001: Destination unreachable; nested exception is: 
	java.net.ConnectException: Connection refused: connect; No available router to destination
Caused By:Destination unreachable; nested exception is: 
	java.net.ConnectException: Connection refused: connect; No available router to destination

Jan 31, 2008 8:44:56 AM com.inovis.b2b.lib.exception.OperationFailedException <init>
SEVERE: [LIBP-00001] Unable to connect to naming service
Caused By:null
Caused By:t3://localhost:7001: Destination unreachable; nested exception is: 
	java.net.ConnectException: Connection refused: connect; No available router to destination
Caused By:Destination unreachable; nested exception is: 
	java.net.ConnectException: Connection refused: connect; No available router to destination

Jan 31, 2008 8:44:56 AM com.inovis.b2b.lib.exception.OperationFailedException <init>
INFO: [BIZZ-00113] Failed to lookup the Business Session Bean.
Caused By:[LIBP-00001] Unable to connect to naming service
Caused By:null
Caused By:t3://localhost:7001: Destination unreachable; nested exception is: 
	java.net.ConnectException: Connection refused: connect; No available router to destination
Caused By:Destination unreachable; nested exception is: 
	java.net.ConnectException: Connection refused: connect; No available router to destination

Jan 31, 2008 8:44:59 AM com.inovis.b2b.lib.exception.OperationFailedException <init>
SEVERE: [LIBP-00001] Unable to connect to naming service
Caused By:null
Caused By:t3://localhost:7001: Destination unreachable; nested exception is: 
	java.net.ConnectException: Connection refused: connect; No available router to destination
Caused By:Destination unreachable; nested exception is: 
	java.net.ConnectException: Connection refused: connect; No available router to destination

class com.inovis.b2b.lib.service.ServiceUnavailableException: [LIBP-00001] Unable to connect to naming service
	at com.inovis.b2b.lib.service.ServiceLocator.getInitialContext(ServiceLocator.java:214)
	at com.inovis.b2b.lib.service.ServiceLocator.<init>(ServiceLocator.java:183)
	at com.inovis.b2b.lib.service.ServiceLocator.getInstance(ServiceLocator.java:167)
	at com.inovis.b2b.lib.service.ServiceLocator.getInstance(ServiceLocator.java:150)
	at com.inovis.mss.billing.customer.defs.BusinessBillingProfileManagerImp.<init>(BusinessBillingProfileManagerImp.java:65)
	at com.inovis.mss.billing.customer.BusinessBillingProfileManager.getManager(BusinessBillingProfileManager.java:62)
	at test.com.inovis.mss.billing.customer.TestBusinessBillingProfile.testNewBusinessBillingProfile(TestBusinessBillingProfile.java:131)
	at sun.reflect.NativeMethodAccessorImpl.invoke0(Native Method)
	at sun.reflect.NativeMethodAccessorImpl.invoke(NativeMethodAccessorImpl.java:39)
	at sun.reflect.DelegatingMethodAccessorImpl.invoke(DelegatingMethodAccessorImpl.java:25)
	at java.lang.reflect.Method.invoke(Method.java:585)
	at junit.framework.TestCase.runTest(TestCase.java:168)
	at junit.framework.TestCase.runBare(TestCase.java:134)
	at junit.framework.TestResult$1.protect(TestResult.java:110)
	at junit.framework.TestResult.runProtected(TestResult.java:128)
	at junit.framework.TestResult.run(TestResult.java:113)
	at junit.framework.TestCase.run(TestCase.java:124)
	at junit.framework.TestSuite.runTest(TestSuite.java:232)
	at junit.framework.TestSuite.run(TestSuite.java:227)
	at junit.extensions.TestDecorator.basicRun(TestDecorator.java:24)
	at junit.extensions.TestSetup$1.protect(TestSetup.java:23)
	at junit.framework.TestResult.runProtected(TestResult.java:128)
	at junit.extensions.TestSetup.run(TestSetup.java:27)
	at junit.framework.TestSuite.runTest(TestSuite.java:232)
	at junit.framework.TestSuite.run(TestSuite.java:227)
	at junit.framework.TestSuite.runTest(TestSuite.java:232)
	at junit.framework.TestSuite.run(TestSuite.java:227)
	at org.apache.tools.ant.taskdefs.optional.junit.JUnitTestRunner.run(JUnitTestRunner.java:297)
	at org.apache.tools.ant.taskdefs.optional.junit.JUnitTestRunner.launch(JUnitTestRunner.java:672)
	at org.apache.tools.ant.taskdefs.optional.junit.JUnitTestRunner.main(JUnitTestRunner.java:567)
Caused by: javax.naming.CommunicationException [Root exception is java.net.ConnectException: t3://localhost:7001: Destination unreachable; nested exception is: 
	java.net.ConnectException: Connection refused: connect; No available router to destination]
	at weblogic.jndi.internal.ExceptionTranslator.toNamingException(ExceptionTranslator.java:49)
	at weblogic.jndi.WLInitialContextFactoryDelegate.toNamingException(WLInitialContextFactoryDelegate.java:765)
	at weblogic.jndi.WLInitialContextFactoryDelegate.getInitialContext(WLInitialContextFactoryDelegate.java:364)
	at weblogic.jndi.Environment.getContext(Environment.java:307)
	at weblogic.jndi.Environment.getContext(Environment.java:277)
	at weblogic.jndi.WLInitialContextFactory.getInitialContext(WLInitialContextFactory.java:117)
	at javax.naming.spi.NamingManager.getInitialContext(NamingManager.java:667)
	at javax.naming.InitialContext.getDefaultInitCtx(InitialContext.java:247)
	at javax.naming.InitialContext.init(InitialContext.java:223)
	at javax.naming.InitialContext.<init>(InitialContext.java:175)
	at com.inovis.b2b.lib.service.ServiceLocator.getInitialContext(ServiceLocator.java:206)
	... 29 more
Caused by: java.net.ConnectException: t3://localhost:7001: Destination unreachable; nested exception is: 
	java.net.ConnectException: Connection refused: connect; No available router to destination
	at weblogic.rjvm.RJVMFinder.findOrCreate(RJVMFinder.java:204)
	at weblogic.rjvm.ServerURL.findOrCreateRJVM(ServerURL.java:154)
	at weblogic.jndi.WLInitialContextFactoryDelegate.getInitialContext(WLInitialContextFactoryDelegate.java:349)
	... 37 more
Caused by: java.rmi.ConnectException: Destination unreachable; nested exception is: 
	java.net.ConnectException: Connection refused: connect; No available router to destination
	at weblogic.rjvm.ConnectionManager.bootstrap(ConnectionManager.java:472)
	at weblogic.rjvm.ConnectionManager.bootstrap(ConnectionManager.java:323)
	at weblogic.rjvm.RJVMManager.findOrCreateRemoteInternal(RJVMManager.java:259)
	at weblogic.rjvm.RJVMManager.findOrCreate(RJVMManager.java:202)
	at weblogic.rjvm.RJVMFinder.findOrCreateRemoteServer(RJVMFinder.java:226)
	at weblogic.rjvm.RJVMFinder.findOrCreate(RJVMFinder.java:189)
	... 39 more
Jan 31, 2008 8:45:02 AM com.inovis.b2b.lib.exception.OperationFailedException <init>
SEVERE: [LIBP-00001] Unable to connect to naming service
Caused By:null
Caused By:t3://localhost:7001: Destination unreachable; nested exception is: 
	java.net.ConnectException: Connection refused: connect; No available router to destination
Caused By:Destination unreachable; nested exception is: 
	java.net.ConnectException: Connection refused: connect; No available router to destination

Jan 31, 2008 8:45:04 AM com.inovis.b2b.lib.exception.OperationFailedException <init>
SEVERE: [LIBP-00001] Unable to connect to naming service
Caused By:null
Caused By:t3://localhost:7001: Destination unreachable; nested exception is: 
	java.net.ConnectException: Connection refused: connect; No available router to destination
Caused By:Destination unreachable; nested exception is: 
	java.net.ConnectException: Connection refused: connect; No available router to destination

Jan 31, 2008 8:45:04 AM com.inovis.b2b.lib.exception.OperationFailedException <init>
SEVERE: [CUST-00102] Failed to locate the Customer Session Bean. Check the deployments
Caused By:[LIBP-00001] Unable to connect to naming service
Caused By:null
Caused By:t3://localhost:7001: Destination unreachable; nested exception is: 
	java.net.ConnectException: Connection refused: connect; No available router to destination
Caused By:Destination unreachable; nested exception is: 
	java.net.ConnectException: Connection refused: connect; No available router to destination

Jan 31, 2008 8:45:07 AM com.inovis.b2b.lib.exception.OperationFailedException <init>
SEVERE: [LIBP-00001] Unable to connect to naming service
Caused By:null
Caused By:t3://localhost:7001: Destination unreachable; nested exception is: 
	java.net.ConnectException: Connection refused: connect; No available router to destination
Caused By:Destination unreachable; nested exception is: 
	java.net.ConnectException: Connection refused: connect; No available router to destination

Jan 31, 2008 8:45:07 AM com.inovis.b2b.lib.exception.OperationFailedException <init>
INFO: [BIZZ-00113] Failed to lookup the Business Session Bean.
Caused By:[LIBP-00001] Unable to connect to naming service
Caused By:null
Caused By:t3://localhost:7001: Destination unreachable; nested exception is: 
	java.net.ConnectException: Connection refused: connect; No available router to destination
Caused By:Destination unreachable; nested exception is: 
	java.net.ConnectException: Connection refused: connect; No available router to destination

Jan 31, 2008 8:45:09 AM com.inovis.b2b.lib.exception.OperationFailedException <init>
SEVERE: [LIBP-00001] Unable to connect to naming service
Caused By:null
Caused By:t3://localhost:7001: Destination unreachable; nested exception is: 
	java.net.ConnectException: Connection refused: connect; No available router to destination
Caused By:Destination unreachable; nested exception is: 
	java.net.ConnectException: Connection refused: connect; No available router to destination

class com.inovis.b2b.lib.service.ServiceUnavailableException: [LIBP-00001] Unable to connect to naming service
	at com.inovis.b2b.lib.service.ServiceLocator.getInitialContext(ServiceLocator.java:214)
	at com.inovis.b2b.lib.service.ServiceLocator.<init>(ServiceLocator.java:183)
	at com.inovis.b2b.lib.service.ServiceLocator.getInstance(ServiceLocator.java:167)
	at com.inovis.b2b.lib.service.ServiceLocator.getInstance(ServiceLocator.java:150)
	at com.inovis.mss.billing.customer.defs.BusinessBillingProfileManagerImp.<init>(BusinessBillingProfileManagerImp.java:65)
	at com.inovis.mss.billing.customer.BusinessBillingProfileManager.getManager(BusinessBillingProfileManager.java:62)
	at test.com.inovis.mss.billing.customer.TestBusinessBillingProfile.testUpdateBillingProfile(TestBusinessBillingProfile.java:222)
	at sun.reflect.NativeMethodAccessorImpl.invoke0(Native Method)
	at sun.reflect.NativeMethodAccessorImpl.invoke(NativeMethodAccessorImpl.java:39)
	at sun.reflect.DelegatingMethodAccessorImpl.invoke(DelegatingMethodAccessorImpl.java:25)
	at java.lang.reflect.Method.invoke(Method.java:585)
	at junit.framework.TestCase.runTest(TestCase.java:168)
	at junit.framework.TestCase.runBare(TestCase.java:134)
	at junit.framework.TestResult$1.protect(TestResult.java:110)
	at junit.framework.TestResult.runProtected(TestResult.java:128)
	at junit.framework.TestResult.run(TestResult.java:113)
	at junit.framework.TestCase.run(TestCase.java:124)
	at junit.framework.TestSuite.runTest(TestSuite.java:232)
	at junit.framework.TestSuite.run(TestSuite.java:227)
	at junit.extensions.TestDecorator.basicRun(TestDecorator.java:24)
	at junit.extensions.TestSetup$1.protect(TestSetup.java:23)
	at junit.framework.TestResult.runProtected(TestResult.java:128)
	at junit.extensions.TestSetup.run(TestSetup.java:27)
	at junit.framework.TestSuite.runTest(TestSuite.java:232)
	at junit.framework.TestSuite.run(TestSuite.java:227)
	at junit.framework.TestSuite.runTest(TestSuite.java:232)
	at junit.framework.TestSuite.run(TestSuite.java:227)
	at org.apache.tools.ant.taskdefs.optional.junit.JUnitTestRunner.run(JUnitTestRunner.java:297)
	at org.apache.tools.ant.taskdefs.optional.junit.JUnitTestRunner.launch(JUnitTestRunner.java:672)
	at org.apache.tools.ant.taskdefs.optional.junit.JUnitTestRunner.main(JUnitTestRunner.java:567)
Caused by: javax.naming.CommunicationException [Root exception is java.net.ConnectException: t3://localhost:7001: Destination unreachable; nested exception is: 
	java.net.ConnectException: Connection refused: connect; No available router to destination]
	at weblogic.jndi.internal.ExceptionTranslator.toNamingException(ExceptionTranslator.java:49)
	at weblogic.jndi.WLInitialContextFactoryDelegate.toNamingException(WLInitialContextFactoryDelegate.java:765)
	at weblogic.jndi.WLInitialContextFactoryDelegate.getInitialContext(WLInitialContextFactoryDelegate.java:364)
	at weblogic.jndi.Environment.getContext(Environment.java:307)
	at weblogic.jndi.Environment.getContext(Environment.java:277)
	at weblogic.jndi.WLInitialContextFactory.getInitialContext(WLInitialContextFactory.java:117)
	at javax.naming.spi.NamingManager.getInitialContext(NamingManager.java:667)
	at javax.naming.InitialContext.getDefaultInitCtx(InitialContext.java:247)
	at javax.naming.InitialContext.init(InitialContext.java:223)
	at javax.naming.InitialContext.<init>(InitialContext.java:175)
	at com.inovis.b2b.lib.service.ServiceLocator.getInitialContext(ServiceLocator.java:206)
	... 29 more
Caused by: java.net.ConnectException: t3://localhost:7001: Destination unreachable; nested exception is: 
	java.net.ConnectException: Connection refused: connect; No available router to destination
	at weblogic.rjvm.RJVMFinder.findOrCreate(RJVMFinder.java:204)
	at weblogic.rjvm.ServerURL.findOrCreateRJVM(ServerURL.java:154)
	at weblogic.jndi.WLInitialContextFactoryDelegate.getInitialContext(WLInitialContextFactoryDelegate.java:349)
	... 37 more
Caused by: java.rmi.ConnectException: Destination unreachable; nested exception is: 
	java.net.ConnectException: Connection refused: connect; No available router to destination
	at weblogic.rjvm.ConnectionManager.bootstrap(ConnectionManager.java:472)
	at weblogic.rjvm.ConnectionManager.bootstrap(ConnectionManager.java:323)
	at weblogic.rjvm.RJVMManager.findOrCreateRemoteInternal(RJVMManager.java:259)
	at weblogic.rjvm.RJVMManager.findOrCreate(RJVMManager.java:202)
	at weblogic.rjvm.RJVMFinder.findOrCreateRemoteServer(RJVMFinder.java:226)
	at weblogic.rjvm.RJVMFinder.findOrCreate(RJVMFinder.java:189)
	... 39 more
Jan 31, 2008 8:45:11 AM com.inovis.b2b.lib.exception.OperationFailedException <init>
SEVERE: [LIBP-00001] Unable to connect to naming service
Caused By:null
Caused By:t3://localhost:7001: Destination unreachable; nested exception is: 
	java.net.ConnectException: Connection refused: connect; No available router to destination
Caused By:Destination unreachable; nested exception is: 
	java.net.ConnectException: Connection refused: connect; No available router to destination

Jan 31, 2008 8:45:14 AM com.inovis.b2b.lib.exception.OperationFailedException <init>
SEVERE: [LIBP-00001] Unable to connect to naming service
Caused By:null
Caused By:t3://localhost:7001: Destination unreachable; nested exception is: 
	java.net.ConnectException: Connection refused: connect; No available router to destination
Caused By:Destination unreachable; nested exception is: 
	java.net.ConnectException: Connection refused: connect; No available router to destination

Jan 31, 2008 8:45:14 AM com.inovis.b2b.lib.exception.OperationFailedException <init>
SEVERE: [CUST-00102] Failed to locate the Customer Session Bean. Check the deployments
Caused By:[LIBP-00001] Unable to connect to naming service
Caused By:null
Caused By:t3://localhost:7001: Destination unreachable; nested exception is: 
	java.net.ConnectException: Connection refused: connect; No available router to destination
Caused By:Destination unreachable; nested exception is: 
	java.net.ConnectException: Connection refused: connect; No available router to destination

Jan 31, 2008 8:45:16 AM com.inovis.b2b.lib.exception.OperationFailedException <init>
SEVERE: [LIBP-00001] Unable to connect to naming service
Caused By:null
Caused By:t3://localhost:7001: Destination unreachable; nested exception is: 
	java.net.ConnectException: Connection refused: connect; No available router to destination
Caused By:Destination unreachable; nested exception is: 
	java.net.ConnectException: Connection refused: connect; No available router to destination

Jan 31, 2008 8:45:16 AM com.inovis.b2b.lib.exception.OperationFailedException <init>
INFO: [BIZZ-00113] Failed to lookup the Business Session Bean.
Caused By:[LIBP-00001] Unable to connect to naming service
Caused By:null
Caused By:t3://localhost:7001: Destination unreachable; nested exception is: 
	java.net.ConnectException: Connection refused: connect; No available router to destination
Caused By:Destination unreachable; nested exception is: 
	java.net.ConnectException: Connection refused: connect; No available router to destination

Jan 31, 2008 8:45:19 AM com.inovis.b2b.lib.exception.OperationFailedException <init>
SEVERE: [LIBP-00001] Unable to connect to naming service
Caused By:null
Caused By:t3://localhost:7001: Destination unreachable; nested exception is: 
	java.net.ConnectException: Connection refused: connect; No available router to destination
Caused By:Destination unreachable; nested exception is: 
	java.net.ConnectException: Connection refused: connect; No available router to destination

class com.inovis.b2b.lib.service.ServiceUnavailableException: [LIBP-00001] Unable to connect to naming service
	at com.inovis.b2b.lib.service.ServiceLocator.getInitialContext(ServiceLocator.java:214)
	at com.inovis.b2b.lib.service.ServiceLocator.<init>(ServiceLocator.java:183)
	at com.inovis.b2b.lib.service.ServiceLocator.getInstance(ServiceLocator.java:167)
	at com.inovis.b2b.lib.service.ServiceLocator.getInstance(ServiceLocator.java:150)
	at com.inovis.mss.billing.customer.defs.BusinessBillingProfileManagerImp.<init>(BusinessBillingProfileManagerImp.java:65)
	at com.inovis.mss.billing.customer.BusinessBillingProfileManager.getManager(BusinessBillingProfileManager.java:62)
	at test.com.inovis.mss.billing.customer.TestBusinessBillingProfile.testGets(TestBusinessBillingProfile.java:280)
	at sun.reflect.NativeMethodAccessorImpl.invoke0(Native Method)
	at sun.reflect.NativeMethodAccessorImpl.invoke(NativeMethodAccessorImpl.java:39)
	at sun.reflect.DelegatingMethodAccessorImpl.invoke(DelegatingMethodAccessorImpl.java:25)
	at java.lang.reflect.Method.invoke(Method.java:585)
	at junit.framework.TestCase.runTest(TestCase.java:168)
	at junit.framework.TestCase.runBare(TestCase.java:134)
	at junit.framework.TestResult$1.protect(TestResult.java:110)
	at junit.framework.TestResult.runProtected(TestResult.java:128)
	at junit.framework.TestResult.run(TestResult.java:113)
	at junit.framework.TestCase.run(TestCase.java:124)
	at junit.framework.TestSuite.runTest(TestSuite.java:232)
	at junit.framework.TestSuite.run(TestSuite.java:227)
	at junit.extensions.TestDecorator.basicRun(TestDecorator.java:24)
	at junit.extensions.TestSetup$1.protect(TestSetup.java:23)
	at junit.framework.TestResult.runProtected(TestResult.java:128)
	at junit.extensions.TestSetup.run(TestSetup.java:27)
	at junit.framework.TestSuite.runTest(TestSuite.java:232)
	at junit.framework.TestSuite.run(TestSuite.java:227)
	at junit.framework.TestSuite.runTest(TestSuite.java:232)
	at junit.framework.TestSuite.run(TestSuite.java:227)
	at org.apache.tools.ant.taskdefs.optional.junit.JUnitTestRunner.run(JUnitTestRunner.java:297)
	at org.apache.tools.ant.taskdefs.optional.junit.JUnitTestRunner.launch(JUnitTestRunner.java:672)
	at org.apache.tools.ant.taskdefs.optional.junit.JUnitTestRunner.main(JUnitTestRunner.java:567)
Caused by: javax.naming.CommunicationException [Root exception is java.net.ConnectException: t3://localhost:7001: Destination unreachable; nested exception is: 
	java.net.ConnectException: Connection refused: connect; No available router to destination]
	at weblogic.jndi.internal.ExceptionTranslator.toNamingException(ExceptionTranslator.java:49)
	at weblogic.jndi.WLInitialContextFactoryDelegate.toNamingException(WLInitialContextFactoryDelegate.java:765)
	at weblogic.jndi.WLInitialContextFactoryDelegate.getInitialContext(WLInitialContextFactoryDelegate.java:364)
	at weblogic.jndi.Environment.getContext(Environment.java:307)
	at weblogic.jndi.Environment.getContext(Environment.java:277)
	at weblogic.jndi.WLInitialContextFactory.getInitialContext(WLInitialContextFactory.java:117)
	at javax.naming.spi.NamingManager.getInitialContext(NamingManager.java:667)
	at javax.naming.InitialContext.getDefaultInitCtx(InitialContext.java:247)
	at javax.naming.InitialContext.init(InitialContext.java:223)
	at javax.naming.InitialContext.<init>(InitialContext.java:175)
	at com.inovis.b2b.lib.service.ServiceLocator.getInitialContext(ServiceLocator.java:206)
	... 29 more
Caused by: java.net.ConnectException: t3://localhost:7001: Destination unreachable; nested exception is: 
	java.net.ConnectException: Connection refused: connect; No available router to destination
	at weblogic.rjvm.RJVMFinder.findOrCreate(RJVMFinder.java:204)
	at weblogic.rjvm.ServerURL.findOrCreateRJVM(ServerURL.java:154)
	at weblogic.jndi.WLInitialContextFactoryDelegate.getInitialContext(WLInitialContextFactoryDelegate.java:349)
	... 37 more
Caused by: java.rmi.ConnectException: Destination unreachable; nested exception is: 
	java.net.ConnectException: Connection refused: connect; No available router to destination
	at weblogic.rjvm.ConnectionManager.bootstrap(ConnectionManager.java:472)
	at weblogic.rjvm.ConnectionManager.bootstrap(ConnectionManager.java:323)
	at weblogic.rjvm.RJVMManager.findOrCreateRemoteInternal(RJVMManager.java:259)
	at weblogic.rjvm.RJVMManager.findOrCreate(RJVMManager.java:202)
	at weblogic.rjvm.RJVMFinder.findOrCreateRemoteServer(RJVMFinder.java:226)
	at weblogic.rjvm.RJVMFinder.findOrCreate(RJVMFinder.java:189)
	... 39 more
Jan 31, 2008 8:45:22 AM com.inovis.b2b.lib.exception.OperationFailedException <init>
SEVERE: [LIBP-00001] Unable to connect to naming service
Caused By:null
Caused By:t3://localhost:7001: Destination unreachable; nested exception is: 
	java.net.ConnectException: Connection refused: connect; No available router to destination
Caused By:Destination unreachable; nested exception is: 
	java.net.ConnectException: Connection refused: connect; No available router to destination

Jan 31, 2008 8:45:22 AM com.inovis.b2b.lib.exception.OperationFailedException <init>
SEVERE: [CUST-00102] Failed to locate the Customer Session Bean. Check the deployments
Caused By:[LIBP-00001] Unable to connect to naming service
Caused By:null
Caused By:t3://localhost:7001: Destination unreachable; nested exception is: 
	java.net.ConnectException: Connection refused: connect; No available router to destination
Caused By:Destination unreachable; nested exception is: 
	java.net.ConnectException: Connection refused: connect; No available router to destination

Jan 31, 2008 8:45:24 AM com.inovis.b2b.lib.exception.OperationFailedException <init>
SEVERE: [LIBP-00001] Unable to connect to naming service
Caused By:null
Caused By:t3://localhost:7001: Destination unreachable; nested exception is: 
	java.net.ConnectException: Connection refused: connect; No available router to destination
Caused By:Destination unreachable; nested exception is: 
	java.net.ConnectException: Connection refused: connect; No available router to destination

Jan 31, 2008 8:45:24 AM com.inovis.b2b.lib.exception.OperationFailedException <init>
SEVERE: [CUST-00102] Failed to locate the Customer Session Bean. Check the deployments
Caused By:[LIBP-00001] Unable to connect to naming service
Caused By:null
Caused By:t3://localhost:7001: Destination unreachable; nested exception is: 
	java.net.ConnectException: Connection refused: connect; No available router to destination
Caused By:Destination unreachable; nested exception is: 
	java.net.ConnectException: Connection refused: connect; No available router to destination

Jan 31, 2008 8:45:26 AM com.inovis.b2b.lib.exception.OperationFailedException <init>
SEVERE: [LIBP-00001] Unable to connect to naming service
Caused By:null
Caused By:t3://localhost:7001: Destination unreachable; nested exception is: 
	java.net.ConnectException: Connection refused: connect; No available router to destination
Caused By:Destination unreachable; nested exception is: 
	java.net.ConnectException: Connection refused: connect; No available router to destination

Jan 31, 2008 8:45:26 AM com.inovis.b2b.lib.exception.OperationFailedException <init>
INFO: [BIZZ-00113] Failed to lookup the Business Session Bean.
Caused By:[LIBP-00001] Unable to connect to naming service
Caused By:null
Caused By:t3://localhost:7001: Destination unreachable; nested exception is: 
	java.net.ConnectException: Connection refused: connect; No available router to destination
Caused By:Destination unreachable; nested exception is: 
	java.net.ConnectException: Connection refused: connect; No available router to destination

Jan 31, 2008 8:45:29 AM com.inovis.b2b.lib.exception.OperationFailedException <init>
SEVERE: [LIBP-00001] Unable to connect to naming service
Caused By:null
Caused By:t3://localhost:7001: Destination unreachable; nested exception is: 
	java.net.ConnectException: Connection refused: connect; No available router to destination
Caused By:Destination unreachable; nested exception is: 
	java.net.ConnectException: Connection refused: connect; No available router to destination

Jan 31, 2008 8:45:29 AM com.inovis.b2b.lib.exception.OperationFailedException <init>
INFO: [BIZZ-00113] Failed to lookup the Business Session Bean.
Caused By:[LIBP-00001] Unable to connect to naming service
Caused By:null
Caused By:t3://localhost:7001: Destination unreachable; nested exception is: 
	java.net.ConnectException: Connection refused: connect; No available router to destination
Caused By:Destination unreachable; nested exception is: 
	java.net.ConnectException: Connection refused: connect; No available router to destination

Jan 31, 2008 8:45:31 AM com.inovis.b2b.lib.exception.OperationFailedException <init>
SEVERE: [LIBP-00001] Unable to connect to naming service
Caused By:null
Caused By:t3://localhost:7001: Destination unreachable; nested exception is: 
	java.net.ConnectException: Connection refused: connect; No available router to destination
Caused By:Destination unreachable; nested exception is: 
	java.net.ConnectException: Connection refused: connect; No available router to destination

Jan 31, 2008 8:45:34 AM com.inovis.b2b.lib.exception.OperationFailedException <init>
SEVERE: [LIBP-00001] Unable to connect to naming service
Caused By:null
Caused By:t3://localhost:7001: Destination unreachable; nested exception is: 
	java.net.ConnectException: Connection refused: connect; No available router to destination
Caused By:Destination unreachable; nested exception is: 
	java.net.ConnectException: Connection refused: connect; No available router to destination

Jan 31, 2008 8:45:37 AM com.inovis.b2b.lib.exception.OperationFailedException <init>
SEVERE: [LIBP-00001] Unable to connect to naming service
Caused By:null
Caused By:t3://localhost:7001: Destination unreachable; nested exception is: 
	java.net.ConnectException: Connection refused: connect; No available router to destination
Caused By:Destination unreachable; nested exception is: 
	java.net.ConnectException: Connection refused: connect; No available router to destination

Jan 31, 2008 8:45:37 AM com.inovis.b2b.lib.exception.OperationFailedException <init>
SEVERE: [CUST-00102] Failed to locate the Customer Session Bean. Check the deployments
Caused By:[LIBP-00001] Unable to connect to naming service
Caused By:null
Caused By:t3://localhost:7001: Destination unreachable; nested exception is: 
	java.net.ConnectException: Connection refused: connect; No available router to destination
Caused By:Destination unreachable; nested exception is: 
	java.net.ConnectException: Connection refused: connect; No available router to destination

Jan 31, 2008 8:45:39 AM com.inovis.b2b.lib.exception.OperationFailedException <init>
SEVERE: [LIBP-00001] Unable to connect to naming service
Caused By:null
Caused By:t3://localhost:7001: Destination unreachable; nested exception is: 
	java.net.ConnectException: Connection refused: connect; No available router to destination
Caused By:Destination unreachable; nested exception is: 
	java.net.ConnectException: Connection refused: connect; No available router to destination

Jan 31, 2008 8:45:39 AM com.inovis.b2b.lib.exception.OperationFailedException <init>
SEVERE: [CUST-00102] Failed to locate the Customer Session Bean. Check the deployments
Caused By:[LIBP-00001] Unable to connect to naming service
Caused By:null
Caused By:t3://localhost:7001: Destination unreachable; nested exception is: 
	java.net.ConnectException: Connection refused: connect; No available router to destination
Caused By:Destination unreachable; nested exception is: 
	java.net.ConnectException: Connection refused: connect; No available router to destination

Jan 31, 2008 8:45:42 AM com.inovis.b2b.lib.exception.OperationFailedException <init>
SEVERE: [LIBP-00001] Unable to connect to naming service
Caused By:null
Caused By:t3://localhost:7001: Destination unreachable; nested exception is: 
	java.net.ConnectException: Connection refused: connect; No available router to destination
Caused By:Destination unreachable; nested exception is: 
	java.net.ConnectException: Connection refused: connect; No available router to destination

Jan 31, 2008 8:45:42 AM com.inovis.b2b.lib.exception.OperationFailedException <init>
INFO: [BIZZ-00113] Failed to lookup the Business Session Bean.
Caused By:[LIBP-00001] Unable to connect to naming service
Caused By:null
Caused By:t3://localhost:7001: Destination unreachable; nested exception is: 
	java.net.ConnectException: Connection refused: connect; No available router to destination
Caused By:Destination unreachable; nested exception is: 
	java.net.ConnectException: Connection refused: connect; No available router to destination

Jan 31, 2008 8:45:44 AM com.inovis.b2b.lib.exception.OperationFailedException <init>
SEVERE: [LIBP-00001] Unable to connect to naming service
Caused By:null
Caused By:t3://localhost:7001: Destination unreachable; nested exception is: 
	java.net.ConnectException: Connection refused: connect; No available router to destination
Caused By:Destination unreachable; nested exception is: 
	java.net.ConnectException: Connection refused: connect; No available router to destination

Jan 31, 2008 8:45:44 AM com.inovis.b2b.lib.exception.OperationFailedException <init>
INFO: [BIZZ-00113] Failed to lookup the Business Session Bean.
Caused By:[LIBP-00001] Unable to connect to naming service
Caused By:null
Caused By:t3://localhost:7001: Destination unreachable; nested exception is: 
	java.net.ConnectException: Connection refused: connect; No available router to destination
Caused By:Destination unreachable; nested exception is: 
	java.net.ConnectException: Connection refused: connect; No available router to destination

Jan 31, 2008 8:45:47 AM com.inovis.b2b.lib.exception.OperationFailedException <init>
SEVERE: [LIBP-00001] Unable to connect to naming service
Caused By:null
Caused By:t3://localhost:7001: Destination unreachable; nested exception is: 
	java.net.ConnectException: Connection refused: connect; No available router to destination
Caused By:Destination unreachable; nested exception is: 
	java.net.ConnectException: Connection refused: connect; No available router to destination

Jan 31, 2008 8:45:50 AM com.inovis.b2b.lib.exception.OperationFailedException <init>
SEVERE: [LIBP-00001] Unable to connect to naming service
Caused By:null
Caused By:t3://localhost:7001: Destination unreachable; nested exception is: 
	java.net.ConnectException: Connection refused: connect; No available router to destination
Caused By:Destination unreachable; nested exception is: 
	java.net.ConnectException: Connection refused: connect; No available router to destination

Jan 31, 2008 8:45:52 AM com.inovis.b2b.lib.exception.OperationFailedException <init>
SEVERE: [LIBP-00001] Unable to connect to naming service
Caused By:null
Caused By:t3://localhost:7001: Destination unreachable; nested exception is: 
	java.net.ConnectException: Connection refused: connect; No available router to destination
Caused By:Destination unreachable; nested exception is: 
	java.net.ConnectException: Connection refused: connect; No available router to destination

Jan 31, 2008 8:45:54 AM com.inovis.b2b.lib.exception.OperationFailedException <init>
SEVERE: [LIBP-00001] Unable to connect to naming service
Caused By:null
Caused By:t3://localhost:7001: Destination unreachable; nested exception is: 
	java.net.ConnectException: Connection refused: connect; No available router to destination
Caused By:Destination unreachable; nested exception is: 
	java.net.ConnectException: Connection refused: connect; No available router to destination

Jan 31, 2008 8:45:56 AM com.inovis.b2b.lib.exception.OperationFailedException <init>
SEVERE: [LIBP-00001] Unable to connect to naming service
Caused By:null
Caused By:t3://localhost:7001: Destination unreachable; nested exception is: 
	java.net.ConnectException: Connection refused: connect; No available router to destination
Caused By:Destination unreachable; nested exception is: 
	java.net.ConnectException: Connection refused: connect; No available router to destination

class com.inovis.b2b.lib.service.ServiceUnavailableException: [LIBP-00001] Unable to connect to naming service
	at com.inovis.b2b.lib.service.ServiceLocator.getInitialContext(ServiceLocator.java:214)
	at com.inovis.b2b.lib.service.ServiceLocator.<init>(ServiceLocator.java:183)
	at com.inovis.b2b.lib.service.ServiceLocator.getInstance(ServiceLocator.java:167)
	at com.inovis.b2b.lib.service.ServiceLocator.getInstance(ServiceLocator.java:150)
	at com.inovis.mss.billing.customer.payer.defs.PayerBeneficiaryManagerImp.<init>(PayerBeneficiaryManagerImp.java:59)
	at com.inovis.mss.billing.customer.payer.PayerBeneficiaryManager.getManager(PayerBeneficiaryManager.java:59)
	at test.com.inovis.mss.billing.customer.payer.TestPayerBeneficiary.testNewPayerBeneficiary(TestPayerBeneficiary.java:171)
	at sun.reflect.NativeMethodAccessorImpl.invoke0(Native Method)
	at sun.reflect.NativeMethodAccessorImpl.invoke(NativeMethodAccessorImpl.java:39)
	at sun.reflect.DelegatingMethodAccessorImpl.invoke(DelegatingMethodAccessorImpl.java:25)
	at java.lang.reflect.Method.invoke(Method.java:585)
	at junit.framework.TestCase.runTest(TestCase.java:168)
	at junit.framework.TestCase.runBare(TestCase.java:134)
	at junit.framework.TestResult$1.protect(TestResult.java:110)
	at junit.framework.TestResult.runProtected(TestResult.java:128)
	at junit.framework.TestResult.run(TestResult.java:113)
	at junit.framework.TestCase.run(TestCase.java:124)
	at junit.framework.TestSuite.runTest(TestSuite.java:232)
	at junit.framework.TestSuite.run(TestSuite.java:227)
	at junit.extensions.TestDecorator.basicRun(TestDecorator.java:24)
	at junit.extensions.TestSetup$1.protect(TestSetup.java:23)
	at junit.framework.TestResult.runProtected(TestResult.java:128)
	at junit.extensions.TestSetup.run(TestSetup.java:27)
	at junit.framework.TestSuite.runTest(TestSuite.java:232)
	at junit.framework.TestSuite.run(TestSuite.java:227)
	at junit.framework.TestSuite.runTest(TestSuite.java:232)
	at junit.framework.TestSuite.run(TestSuite.java:227)
	at org.apache.tools.ant.taskdefs.optional.junit.JUnitTestRunner.run(JUnitTestRunner.java:297)
	at org.apache.tools.ant.taskdefs.optional.junit.JUnitTestRunner.launch(JUnitTestRunner.java:672)
	at org.apache.tools.ant.taskdefs.optional.junit.JUnitTestRunner.main(JUnitTestRunner.java:567)
Caused by: javax.naming.CommunicationException [Root exception is java.net.ConnectException: t3://localhost:7001: Destination unreachable; nested exception is: 
	java.net.ConnectException: Connection refused: connect; No available router to destination]
	at weblogic.jndi.internal.ExceptionTranslator.toNamingException(ExceptionTranslator.java:49)
	at weblogic.jndi.WLInitialContextFactoryDelegate.toNamingException(WLInitialContextFactoryDelegate.java:765)
	at weblogic.jndi.WLInitialContextFactoryDelegate.getInitialContext(WLInitialContextFactoryDelegate.java:364)
	at weblogic.jndi.Environment.getContext(Environment.java:307)
	at weblogic.jndi.Environment.getContext(Environment.java:277)
	at weblogic.jndi.WLInitialContextFactory.getInitialContext(WLInitialContextFactory.java:117)
	at javax.naming.spi.NamingManager.getInitialContext(NamingManager.java:667)
	at javax.naming.InitialContext.getDefaultInitCtx(InitialContext.java:247)
	at javax.naming.InitialContext.init(InitialContext.java:223)
	at javax.naming.InitialContext.<init>(InitialContext.java:175)
	at com.inovis.b2b.lib.service.ServiceLocator.getInitialContext(ServiceLocator.java:206)
	... 29 more
Caused by: java.net.ConnectException: t3://localhost:7001: Destination unreachable; nested exception is: 
	java.net.ConnectException: Connection refused: connect; No available router to destination
	at weblogic.rjvm.RJVMFinder.findOrCreate(RJVMFinder.java:204)
	at weblogic.rjvm.ServerURL.findOrCreateRJVM(ServerURL.java:154)
	at weblogic.jndi.WLInitialContextFactoryDelegate.getInitialContext(WLInitialContextFactoryDelegate.java:349)
	... 37 more
Caused by: java.rmi.ConnectException: Destination unreachable; nested exception is: 
	java.net.ConnectException: Connection refused: connect; No available router to destination
	at weblogic.rjvm.ConnectionManager.bootstrap(ConnectionManager.java:472)
	at weblogic.rjvm.ConnectionManager.bootstrap(ConnectionManager.java:323)
	at weblogic.rjvm.RJVMManager.findOrCreateRemoteInternal(RJVMManager.java:259)
	at weblogic.rjvm.RJVMManager.findOrCreate(RJVMManager.java:202)
	at weblogic.rjvm.RJVMFinder.findOrCreateRemoteServer(RJVMFinder.java:226)
	at weblogic.rjvm.RJVMFinder.findOrCreate(RJVMFinder.java:189)
	... 39 more
Jan 31, 2008 8:45:59 AM com.inovis.b2b.lib.exception.OperationFailedException <init>
SEVERE: [LIBP-00001] Unable to connect to naming service
Caused By:null
Caused By:t3://localhost:7001: Destination unreachable; nested exception is: 
	java.net.ConnectException: Connection refused: connect; No available router to destination
Caused By:Destination unreachable; nested exception is: 
	java.net.ConnectException: Connection refused: connect; No available router to destination

Jan 31, 2008 8:45:59 AM com.inovis.b2b.lib.exception.OperationFailedException <init>
SEVERE: [CUST-00102] Failed to locate the Customer Session Bean. Check the deployments
Caused By:[LIBP-00001] Unable to connect to naming service
Caused By:null
Caused By:t3://localhost:7001: Destination unreachable; nested exception is: 
	java.net.ConnectException: Connection refused: connect; No available router to destination
Caused By:Destination unreachable; nested exception is: 
	java.net.ConnectException: Connection refused: connect; No available router to destination

Jan 31, 2008 8:46:01 AM com.inovis.b2b.lib.exception.OperationFailedException <init>
SEVERE: [LIBP-00001] Unable to connect to naming service
Caused By:null
Caused By:t3://localhost:7001: Destination unreachable; nested exception is: 
	java.net.ConnectException: Connection refused: connect; No available router to destination
Caused By:Destination unreachable; nested exception is: 
	java.net.ConnectException: Connection refused: connect; No available router to destination

Jan 31, 2008 8:46:01 AM com.inovis.b2b.lib.exception.OperationFailedException <init>
SEVERE: [CUST-00102] Failed to locate the Customer Session Bean. Check the deployments
Caused By:[LIBP-00001] Unable to connect to naming service
Caused By:null
Caused By:t3://localhost:7001: Destination unreachable; nested exception is: 
	java.net.ConnectException: Connection refused: connect; No available router to destination
Caused By:Destination unreachable; nested exception is: 
	java.net.ConnectException: Connection refused: connect; No available router to destination

Jan 31, 2008 8:46:04 AM com.inovis.b2b.lib.exception.OperationFailedException <init>
SEVERE: [LIBP-00001] Unable to connect to naming service
Caused By:null
Caused By:t3://localhost:7001: Destination unreachable; nested exception is: 
	java.net.ConnectException: Connection refused: connect; No available router to destination
Caused By:Destination unreachable; nested exception is: 
	java.net.ConnectException: Connection refused: connect; No available router to destination

Jan 31, 2008 8:46:04 AM com.inovis.b2b.lib.exception.OperationFailedException <init>
INFO: [BIZZ-00113] Failed to lookup the Business Session Bean.
Caused By:[LIBP-00001] Unable to connect to naming service
Caused By:null
Caused By:t3://localhost:7001: Destination unreachable; nested exception is: 
	java.net.ConnectException: Connection refused: connect; No available router to destination
Caused By:Destination unreachable; nested exception is: 
	java.net.ConnectException: Connection refused: connect; No available router to destination

Jan 31, 2008 8:46:07 AM com.inovis.b2b.lib.exception.OperationFailedException <init>
SEVERE: [LIBP-00001] Unable to connect to naming service
Caused By:null
Caused By:t3://localhost:7001: Destination unreachable; nested exception is: 
	java.net.ConnectException: Connection refused: connect; No available router to destination
Caused By:Destination unreachable; nested exception is: 
	java.net.ConnectException: Connection refused: connect; No available router to destination

Jan 31, 2008 8:46:07 AM com.inovis.b2b.lib.exception.OperationFailedException <init>
INFO: [BIZZ-00113] Failed to lookup the Business Session Bean.
Caused By:[LIBP-00001] Unable to connect to naming service
Caused By:null
Caused By:t3://localhost:7001: Destination unreachable; nested exception is: 
	java.net.ConnectException: Connection refused: connect; No available router to destination
Caused By:Destination unreachable; nested exception is: 
	java.net.ConnectException: Connection refused: connect; No available router to destination

Jan 31, 2008 8:46:09 AM com.inovis.b2b.lib.exception.OperationFailedException <init>
SEVERE: [LIBP-00001] Unable to connect to naming service
Caused By:null
Caused By:t3://localhost:7001: Destination unreachable; nested exception is: 
	java.net.ConnectException: Connection refused: connect; No available router to destination
Caused By:Destination unreachable; nested exception is: 
	java.net.ConnectException: Connection refused: connect; No available router to destination

Jan 31, 2008 8:46:11 AM com.inovis.b2b.lib.exception.OperationFailedException <init>
SEVERE: [LIBP-00001] Unable to connect to naming service
Caused By:null
Caused By:t3://localhost:7001: Destination unreachable; nested exception is: 
	java.net.ConnectException: Connection refused: connect; No available router to destination
Caused By:Destination unreachable; nested exception is: 
	java.net.ConnectException: Connection refused: connect; No available router to destination

Jan 31, 2008 8:46:14 AM com.inovis.b2b.lib.exception.OperationFailedException <init>
SEVERE: [LIBP-00001] Unable to connect to naming service
Caused By:null
Caused By:t3://localhost:7001: Destination unreachable; nested exception is: 
	java.net.ConnectException: Connection refused: connect; No available router to destination
Caused By:Destination unreachable; nested exception is: 
	java.net.ConnectException: Connection refused: connect; No available router to destination

Jan 31, 2008 8:46:14 AM com.inovis.b2b.lib.exception.OperationFailedException <init>
SEVERE: [CUST-00102] Failed to locate the Customer Session Bean. Check the deployments
Caused By:[LIBP-00001] Unable to connect to naming service
Caused By:null
Caused By:t3://localhost:7001: Destination unreachable; nested exception is: 
	java.net.ConnectException: Connection refused: connect; No available router to destination
Caused By:Destination unreachable; nested exception is: 
	java.net.ConnectException: Connection refused: connect; No available router to destination

Jan 31, 2008 8:46:16 AM com.inovis.b2b.lib.exception.OperationFailedException <init>
SEVERE: [LIBP-00001] Unable to connect to naming service
Caused By:null
Caused By:t3://localhost:7001: Destination unreachable; nested exception is: 
	java.net.ConnectException: Connection refused: connect; No available router to destination
Caused By:Destination unreachable; nested exception is: 
	java.net.ConnectException: Connection refused: connect; No available router to destination

Jan 31, 2008 8:46:16 AM com.inovis.b2b.lib.exception.OperationFailedException <init>
SEVERE: [CUST-00102] Failed to locate the Customer Session Bean. Check the deployments
Caused By:[LIBP-00001] Unable to connect to naming service
Caused By:null
Caused By:t3://localhost:7001: Destination unreachable; nested exception is: 
	java.net.ConnectException: Connection refused: connect; No available router to destination
Caused By:Destination unreachable; nested exception is: 
	java.net.ConnectException: Connection refused: connect; No available router to destination

Jan 31, 2008 8:46:18 AM com.inovis.b2b.lib.exception.OperationFailedException <init>
SEVERE: [LIBP-00001] Unable to connect to naming service
Caused By:null
Caused By:t3://localhost:7001: Destination unreachable; nested exception is: 
	java.net.ConnectException: Connection refused: connect; No available router to destination
Caused By:Destination unreachable; nested exception is: 
	java.net.ConnectException: Connection refused: connect; No available router to destination

Jan 31, 2008 8:46:18 AM com.inovis.b2b.lib.exception.OperationFailedException <init>
INFO: [BIZZ-00113] Failed to lookup the Business Session Bean.
Caused By:[LIBP-00001] Unable to connect to naming service
Caused By:null
Caused By:t3://localhost:7001: Destination unreachable; nested exception is: 
	java.net.ConnectException: Connection refused: connect; No available router to destination
Caused By:Destination unreachable; nested exception is: 
	java.net.ConnectException: Connection refused: connect; No available router to destination

Jan 31, 2008 8:46:21 AM com.inovis.b2b.lib.exception.OperationFailedException <init>
SEVERE: [LIBP-00001] Unable to connect to naming service
Caused By:null
Caused By:t3://localhost:7001: Destination unreachable; nested exception is: 
	java.net.ConnectException: Connection refused: connect; No available router to destination
Caused By:Destination unreachable; nested exception is: 
	java.net.ConnectException: Connection refused: connect; No available router to destination

Jan 31, 2008 8:46:21 AM com.inovis.b2b.lib.exception.OperationFailedException <init>
INFO: [BIZZ-00113] Failed to lookup the Business Session Bean.
Caused By:[LIBP-00001] Unable to connect to naming service
Caused By:null
Caused By:t3://localhost:7001: Destination unreachable; nested exception is: 
	java.net.ConnectException: Connection refused: connect; No available router to destination
Caused By:Destination unreachable; nested exception is: 
	java.net.ConnectException: Connection refused: connect; No available router to destination

Jan 31, 2008 8:46:24 AM com.inovis.b2b.lib.exception.OperationFailedException <init>
SEVERE: [LIBP-00001] Unable to connect to naming service
Caused By:null
Caused By:t3://localhost:7001: Destination unreachable; nested exception is: 
	java.net.ConnectException: Connection refused: connect; No available router to destination
Caused By:Destination unreachable; nested exception is: 
	java.net.ConnectException: Connection refused: connect; No available router to destination

Jan 31, 2008 8:46:26 AM com.inovis.b2b.lib.exception.OperationFailedException <init>
SEVERE: [LIBP-00001] Unable to connect to naming service
Caused By:null
Caused By:t3://localhost:7001: Destination unreachable; nested exception is: 
	java.net.ConnectException: Connection refused: connect; No available router to destination
Caused By:Destination unreachable; nested exception is: 
	java.net.ConnectException: Connection refused: connect; No available router to destination

Jan 31, 2008 8:46:29 AM com.inovis.b2b.lib.exception.OperationFailedException <init>
SEVERE: [LIBP-00001] Unable to connect to naming service
Caused By:null
Caused By:t3://localhost:7001: Destination unreachable; nested exception is: 
	java.net.ConnectException: Connection refused: connect; No available router to destination
Caused By:Destination unreachable; nested exception is: 
	java.net.ConnectException: Connection refused: connect; No available router to destination

Jan 31, 2008 8:46:31 AM com.inovis.b2b.lib.exception.OperationFailedException <init>
SEVERE: [LIBP-00001] Unable to connect to naming service
Caused By:null
Caused By:t3://localhost:7001: Destination unreachable; nested exception is: 
	java.net.ConnectException: Connection refused: connect; No available router to destination
Caused By:Destination unreachable; nested exception is: 
	java.net.ConnectException: Connection refused: connect; No available router to destination

Jan 31, 2008 8:46:31 AM com.inovis.b2b.lib.exception.OperationFailedException <init>
SEVERE: [CUST-00102] Failed to locate the Customer Session Bean. Check the deployments
Caused By:[LIBP-00001] Unable to connect to naming service
Caused By:null
Caused By:t3://localhost:7001: Destination unreachable; nested exception is: 
	java.net.ConnectException: Connection refused: connect; No available router to destination
Caused By:Destination unreachable; nested exception is: 
	java.net.ConnectException: Connection refused: connect; No available router to destination

Jan 31, 2008 8:46:33 AM com.inovis.b2b.lib.exception.OperationFailedException <init>
SEVERE: [LIBP-00001] Unable to connect to naming service
Caused By:null
Caused By:t3://localhost:7001: Destination unreachable; nested exception is: 
	java.net.ConnectException: Connection refused: connect; No available router to destination
Caused By:Destination unreachable; nested exception is: 
	java.net.ConnectException: Connection refused: connect; No available router to destination

Jan 31, 2008 8:46:33 AM com.inovis.b2b.lib.exception.OperationFailedException <init>
SEVERE: [CUST-00102] Failed to locate the Customer Session Bean. Check the deployments
Caused By:[LIBP-00001] Unable to connect to naming service
Caused By:null
Caused By:t3://localhost:7001: Destination unreachable; nested exception is: 
	java.net.ConnectException: Connection refused: connect; No available router to destination
Caused By:Destination unreachable; nested exception is: 
	java.net.ConnectException: Connection refused: connect; No available router to destination

Jan 31, 2008 8:46:36 AM com.inovis.b2b.lib.exception.OperationFailedException <init>
SEVERE: [LIBP-00001] Unable to connect to naming service
Caused By:null
Caused By:t3://localhost:7001: Destination unreachable; nested exception is: 
	java.net.ConnectException: Connection refused: connect; No available router to destination
Caused By:Destination unreachable; nested exception is: 
	java.net.ConnectException: Connection refused: connect; No available router to destination

Jan 31, 2008 8:46:36 AM com.inovis.b2b.lib.exception.OperationFailedException <init>
SEVERE: [CUST-00102] Failed to locate the Customer Session Bean. Check the deployments
Caused By:[LIBP-00001] Unable to connect to naming service
Caused By:null
Caused By:t3://localhost:7001: Destination unreachable; nested exception is: 
	java.net.ConnectException: Connection refused: connect; No available router to destination
Caused By:Destination unreachable; nested exception is: 
	java.net.ConnectException: Connection refused: connect; No available router to destination

Jan 31, 2008 8:46:39 AM com.inovis.b2b.lib.exception.OperationFailedException <init>
SEVERE: [LIBP-00001] Unable to connect to naming service
Caused By:null
Caused By:t3://localhost:7001: Destination unreachable; nested exception is: 
	java.net.ConnectException: Connection refused: connect; No available router to destination
Caused By:Destination unreachable; nested exception is: 
	java.net.ConnectException: Connection refused: connect; No available router to destination

Jan 31, 2008 8:46:39 AM com.inovis.b2b.lib.exception.OperationFailedException <init>
INFO: [BIZZ-00113] Failed to lookup the Business Session Bean.
Caused By:[LIBP-00001] Unable to connect to naming service
Caused By:null
Caused By:t3://localhost:7001: Destination unreachable; nested exception is: 
	java.net.ConnectException: Connection refused: connect; No available router to destination
Caused By:Destination unreachable; nested exception is: 
	java.net.ConnectException: Connection refused: connect; No available router to destination

Jan 31, 2008 8:46:41 AM com.inovis.b2b.lib.exception.OperationFailedException <init>
SEVERE: [LIBP-00001] Unable to connect to naming service
Caused By:null
Caused By:t3://localhost:7001: Destination unreachable; nested exception is: 
	java.net.ConnectException: Connection refused: connect; No available router to destination
Caused By:Destination unreachable; nested exception is: 
	java.net.ConnectException: Connection refused: connect; No available router to destination

Jan 31, 2008 8:46:41 AM com.inovis.b2b.lib.exception.OperationFailedException <init>
INFO: [BIZZ-00113] Failed to lookup the Business Session Bean.
Caused By:[LIBP-00001] Unable to connect to naming service
Caused By:null
Caused By:t3://localhost:7001: Destination unreachable; nested exception is: 
	java.net.ConnectException: Connection refused: connect; No available router to destination
Caused By:Destination unreachable; nested exception is: 
	java.net.ConnectException: Connection refused: connect; No available router to destination

Jan 31, 2008 8:46:44 AM com.inovis.b2b.lib.exception.OperationFailedException <init>
SEVERE: [LIBP-00001] Unable to connect to naming service
Caused By:null
Caused By:t3://localhost:7001: Destination unreachable; nested exception is: 
	java.net.ConnectException: Connection refused: connect; No available router to destination
Caused By:Destination unreachable; nested exception is: 
	java.net.ConnectException: Connection refused: connect; No available router to destination

Jan 31, 2008 8:46:46 AM com.inovis.b2b.lib.exception.OperationFailedException <init>
SEVERE: [LIBP-00001] Unable to connect to naming service
Caused By:null
Caused By:t3://localhost:7001: Destination unreachable; nested exception is: 
	java.net.ConnectException: Connection refused: connect; No available router to destination
Caused By:Destination unreachable; nested exception is: 
	java.net.ConnectException: Connection refused: connect; No available router to destination

Jan 31, 2008 8:46:49 AM com.inovis.b2b.lib.exception.OperationFailedException <init>
SEVERE: [LIBP-00001] Unable to connect to naming service
Caused By:null
Caused By:t3://localhost:7001: Destination unreachable; nested exception is: 
	java.net.ConnectException: Connection refused: connect; No available router to destination
Caused By:Destination unreachable; nested exception is: 
	java.net.ConnectException: Connection refused: connect; No available router to destination

Jan 31, 2008 8:46:49 AM com.inovis.b2b.lib.exception.OperationFailedException <init>
SEVERE: [CUST-00102] Failed to locate the Customer Session Bean. Check the deployments
Caused By:[LIBP-00001] Unable to connect to naming service
Caused By:null
Caused By:t3://localhost:7001: Destination unreachable; nested exception is: 
	java.net.ConnectException: Connection refused: connect; No available router to destination
Caused By:Destination unreachable; nested exception is: 
	java.net.ConnectException: Connection refused: connect; No available router to destination

Jan 31, 2008 8:46:51 AM com.inovis.b2b.lib.exception.OperationFailedException <init>
SEVERE: [LIBP-00001] Unable to connect to naming service
Caused By:null
Caused By:t3://localhost:7001: Destination unreachable; nested exception is: 
	java.net.ConnectException: Connection refused: connect; No available router to destination
Caused By:Destination unreachable; nested exception is: 
	java.net.ConnectException: Connection refused: connect; No available router to destination

Jan 31, 2008 8:46:51 AM com.inovis.b2b.lib.exception.OperationFailedException <init>
SEVERE: [CUST-00102] Failed to locate the Customer Session Bean. Check the deployments
Caused By:[LIBP-00001] Unable to connect to naming service
Caused By:null
Caused By:t3://localhost:7001: Destination unreachable; nested exception is: 
	java.net.ConnectException: Connection refused: connect; No available router to destination
Caused By:Destination unreachable; nested exception is: 
	java.net.ConnectException: Connection refused: connect; No available router to destination

Jan 31, 2008 8:46:54 AM com.inovis.b2b.lib.exception.OperationFailedException <init>
SEVERE: [LIBP-00001] Unable to connect to naming service
Caused By:null
Caused By:t3://localhost:7001: Destination unreachable; nested exception is: 
	java.net.ConnectException: Connection refused: connect; No available router to destination
Caused By:Destination unreachable; nested exception is: 
	java.net.ConnectException: Connection refused: connect; No available router to destination

Jan 31, 2008 8:46:54 AM com.inovis.b2b.lib.exception.OperationFailedException <init>
INFO: [BIZZ-00113] Failed to lookup the Business Session Bean.
Caused By:[LIBP-00001] Unable to connect to naming service
Caused By:null
Caused By:t3://localhost:7001: Destination unreachable; nested exception is: 
	java.net.ConnectException: Connection refused: connect; No available router to destination
Caused By:Destination unreachable; nested exception is: 
	java.net.ConnectException: Connection refused: connect; No available router to destination

Jan 31, 2008 8:46:57 AM com.inovis.b2b.lib.exception.OperationFailedException <init>
SEVERE: [LIBP-00001] Unable to connect to naming service
Caused By:null
Caused By:t3://localhost:7001: Destination unreachable; nested exception is: 
	java.net.ConnectException: Connection refused: connect; No available router to destination
Caused By:Destination unreachable; nested exception is: 
	java.net.ConnectException: Connection refused: connect; No available router to destination

Jan 31, 2008 8:46:57 AM com.inovis.b2b.lib.exception.OperationFailedException <init>
INFO: [BIZZ-00113] Failed to lookup the Business Session Bean.
Caused By:[LIBP-00001] Unable to connect to naming service
Caused By:null
Caused By:t3://localhost:7001: Destination unreachable; nested exception is: 
	java.net.ConnectException: Connection refused: connect; No available router to destination
Caused By:Destination unreachable; nested exception is: 
	java.net.ConnectException: Connection refused: connect; No available router to destination

Jan 31, 2008 8:47:00 AM com.inovis.b2b.lib.exception.OperationFailedException <init>
SEVERE: [LIBP-00001] Unable to connect to naming service
Caused By:null
Caused By:t3://localhost:7001: Destination unreachable; nested exception is: 
	java.net.ConnectException: Connection refused: connect; No available router to destination
Caused By:Destination unreachable; nested exception is: 
	java.net.ConnectException: Connection refused: connect; No available router to destination

Jan 31, 2008 8:47:03 AM com.inovis.b2b.lib.exception.OperationFailedException <init>
SEVERE: [LIBP-00001] Unable to connect to naming service
Caused By:null
Caused By:t3://localhost:7001: Destination unreachable; nested exception is: 
	java.net.ConnectException: Connection refused: connect; No available router to destination
Caused By:Destination unreachable; nested exception is: 
	java.net.ConnectException: Connection refused: connect; No available router to destination

Jan 31, 2008 8:47:06 AM com.inovis.b2b.lib.exception.OperationFailedException <init>
SEVERE: [LIBP-00001] Unable to connect to naming service
Caused By:null
Caused By:t3://localhost:7001: Destination unreachable; nested exception is: 
	java.net.ConnectException: Connection refused: connect; No available router to destination
Caused By:Destination unreachable; nested exception is: 
	java.net.ConnectException: Connection refused: connect; No available router to destination

Jan 31, 2008 8:47:08 AM com.inovis.b2b.lib.exception.OperationFailedException <init>
SEVERE: [LIBP-00001] Unable to connect to naming service
Caused By:null
Caused By:t3://localhost:7001: Destination unreachable; nested exception is: 
	java.net.ConnectException: Connection refused: connect; No available router to destination
Caused By:Destination unreachable; nested exception is: 
	java.net.ConnectException: Connection refused: connect; No available router to destination

Jan 31, 2008 8:47:10 AM com.inovis.b2b.lib.exception.OperationFailedException <init>
SEVERE: [LIBP-00001] Unable to connect to naming service
Caused By:null
Caused By:t3://localhost:7001: Destination unreachable; nested exception is: 
	java.net.ConnectException: Connection refused: connect; No available router to destination
Caused By:Destination unreachable; nested exception is: 
	java.net.ConnectException: Connection refused: connect; No available router to destination

Jan 31, 2008 8:47:10 AM com.inovis.b2b.lib.exception.OperationFailedException <init>
INFO: [AUTH-00101] Failed to get a reference to the Home interface of the AuthorizationFacade EJB. This is an EJB error that probably stems from an incorrect deployment, a network problem, or the failure of an EJB server.
Caused By:[LIBP-00001] Unable to connect to naming service
Caused By:null
Caused By:t3://localhost:7001: Destination unreachable; nested exception is: 
	java.net.ConnectException: Connection refused: connect; No available router to destination
Caused By:Destination unreachable; nested exception is: 
	java.net.ConnectException: Connection refused: connect; No available router to destination

Jan 31, 2008 8:47:13 AM com.inovis.b2b.lib.exception.OperationFailedException <init>
SEVERE: [LIBP-00001] Unable to connect to naming service
Caused By:null
Caused By:t3://localhost:7001: Destination unreachable; nested exception is: 
	java.net.ConnectException: Connection refused: connect; No available router to destination
Caused By:Destination unreachable; nested exception is: 
	java.net.ConnectException: Connection refused: connect; No available router to destination

Jan 31, 2008 8:47:13 AM com.inovis.b2b.lib.exception.OperationFailedException <init>
INFO: [AUTH-00101] Failed to get a reference to the Home interface of the AuthorizationFacade EJB. This is an EJB error that probably stems from an incorrect deployment, a network problem, or the failure of an EJB server.
Caused By:[LIBP-00001] Unable to connect to naming service
Caused By:null
Caused By:t3://localhost:7001: Destination unreachable; nested exception is: 
	java.net.ConnectException: Connection refused: connect; No available router to destination
Caused By:Destination unreachable; nested exception is: 
	java.net.ConnectException: Connection refused: connect; No available router to destination

Jan 31, 2008 8:47:16 AM com.inovis.b2b.lib.exception.OperationFailedException <init>
SEVERE: [LIBP-00001] Unable to connect to naming service
Caused By:null
Caused By:t3://localhost:7001: Destination unreachable; nested exception is: 
	java.net.ConnectException: Connection refused: connect; No available router to destination
Caused By:Destination unreachable; nested exception is: 
	java.net.ConnectException: Connection refused: connect; No available router to destination

Jan 31, 2008 8:47:16 AM com.inovis.b2b.lib.exception.OperationFailedException <init>
INFO: [AUTH-00101] Failed to get a reference to the Home interface of the AuthorizationFacade EJB. This is an EJB error that probably stems from an incorrect deployment, a network problem, or the failure of an EJB server.
Caused By:[LIBP-00001] Unable to connect to naming service
Caused By:null
Caused By:t3://localhost:7001: Destination unreachable; nested exception is: 
	java.net.ConnectException: Connection refused: connect; No available router to destination
Caused By:Destination unreachable; nested exception is: 
	java.net.ConnectException: Connection refused: connect; No available router to destination

Jan 31, 2008 8:47:18 AM com.inovis.b2b.lib.exception.OperationFailedException <init>
SEVERE: [LIBP-00001] Unable to connect to naming service
Caused By:null
Caused By:t3://localhost:7001: Destination unreachable; nested exception is: 
	java.net.ConnectException: Connection refused: connect; No available router to destination
Caused By:Destination unreachable; nested exception is: 
	java.net.ConnectException: Connection refused: connect; No available router to destination

Jan 31, 2008 8:47:18 AM com.inovis.b2b.lib.exception.OperationFailedException <init>
INFO: [AUTH-00101] Failed to get a reference to the Home interface of the AuthorizationFacade EJB. This is an EJB error that probably stems from an incorrect deployment, a network problem, or the failure of an EJB server.
Caused By:[LIBP-00001] Unable to connect to naming service
Caused By:null
Caused By:t3://localhost:7001: Destination unreachable; nested exception is: 
	java.net.ConnectException: Connection refused: connect; No available router to destination
Caused By:Destination unreachable; nested exception is: 
	java.net.ConnectException: Connection refused: connect; No available router to destination

Jan 31, 2008 8:47:21 AM com.inovis.b2b.lib.exception.OperationFailedException <init>
SEVERE: [LIBP-00001] Unable to connect to naming service
Caused By:null
Caused By:t3://localhost:7001: Destination unreachable; nested exception is: 
	java.net.ConnectException: Connection refused: connect; No available router to destination
Caused By:Destination unreachable; nested exception is: 
	java.net.ConnectException: Connection refused: connect; No available router to destination

Jan 31, 2008 8:47:21 AM com.inovis.b2b.lib.exception.OperationFailedException <init>
INFO: [AUTH-00101] Failed to get a reference to the Home interface of the AuthorizationFacade EJB. This is an EJB error that probably stems from an incorrect deployment, a network problem, or the failure of an EJB server.
Caused By:[LIBP-00001] Unable to connect to naming service
Caused By:null
Caused By:t3://localhost:7001: Destination unreachable; nested exception is: 
	java.net.ConnectException: Connection refused: connect; No available router to destination
Caused By:Destination unreachable; nested exception is: 
	java.net.ConnectException: Connection refused: connect; No available router to destination

Jan 31, 2008 8:47:23 AM com.inovis.b2b.lib.exception.OperationFailedException <init>
SEVERE: [LIBP-00001] Unable to connect to naming service
Caused By:null
Caused By:t3://localhost:7001: Destination unreachable; nested exception is: 
	java.net.ConnectException: Connection refused: connect; No available router to destination
Caused By:Destination unreachable; nested exception is: 
	java.net.ConnectException: Connection refused: connect; No available router to destination

Jan 31, 2008 8:47:23 AM com.inovis.b2b.lib.exception.OperationFailedException <init>
INFO: [AUTH-00101] Failed to get a reference to the Home interface of the AuthorizationFacade EJB. This is an EJB error that probably stems from an incorrect deployment, a network problem, or the failure of an EJB server.
Caused By:[LIBP-00001] Unable to connect to naming service
Caused By:null
Caused By:t3://localhost:7001: Destination unreachable; nested exception is: 
	java.net.ConnectException: Connection refused: connect; No available router to destination
Caused By:Destination unreachable; nested exception is: 
	java.net.ConnectException: Connection refused: connect; No available router to destination

Jan 31, 2008 8:47:26 AM com.inovis.b2b.lib.exception.OperationFailedException <init>
SEVERE: [LIBP-00001] Unable to connect to naming service
Caused By:null
Caused By:t3://localhost:7001: Destination unreachable; nested exception is: 
	java.net.ConnectException: Connection refused: connect; No available router to destination
Caused By:Destination unreachable; nested exception is: 
	java.net.ConnectException: Connection refused: connect; No available router to destination

Jan 31, 2008 8:47:26 AM com.inovis.b2b.lib.exception.OperationFailedException <init>
INFO: [AUTH-00101] Failed to get a reference to the Home interface of the AuthorizationFacade EJB. This is an EJB error that probably stems from an incorrect deployment, a network problem, or the failure of an EJB server.
Caused By:[LIBP-00001] Unable to connect to naming service
Caused By:null
Caused By:t3://localhost:7001: Destination unreachable; nested exception is: 
	java.net.ConnectException: Connection refused: connect; No available router to destination
Caused By:Destination unreachable; nested exception is: 
	java.net.ConnectException: Connection refused: connect; No available router to destination

Jan 31, 2008 8:47:29 AM com.inovis.b2b.lib.exception.OperationFailedException <init>
SEVERE: [LIBP-00001] Unable to connect to naming service
Caused By:null
Caused By:t3://localhost:7001: Destination unreachable; nested exception is: 
	java.net.ConnectException: Connection refused: connect; No available router to destination
Caused By:Destination unreachable; nested exception is: 
	java.net.ConnectException: Connection refused: connect; No available router to destination

Jan 31, 2008 8:47:29 AM com.inovis.b2b.lib.exception.OperationFailedException <init>
INFO: [AUTH-00101] Failed to get a reference to the Home interface of the AuthorizationFacade EJB. This is an EJB error that probably stems from an incorrect deployment, a network problem, or the failure of an EJB server.
Caused By:[LIBP-00001] Unable to connect to naming service
Caused By:null
Caused By:t3://localhost:7001: Destination unreachable; nested exception is: 
	java.net.ConnectException: Connection refused: connect; No available router to destination
Caused By:Destination unreachable; nested exception is: 
	java.net.ConnectException: Connection refused: connect; No available router to destination

Jan 31, 2008 8:47:32 AM com.inovis.b2b.lib.exception.OperationFailedException <init>
SEVERE: [LIBP-00001] Unable to connect to naming service
Caused By:null
Caused By:t3://localhost:7001: Destination unreachable; nested exception is: 
	java.net.ConnectException: Connection refused: connect; No available router to destination
Caused By:Destination unreachable; nested exception is: 
	java.net.ConnectException: Connection refused: connect; No available router to destination

Jan 31, 2008 8:47:32 AM com.inovis.b2b.lib.exception.OperationFailedException <init>
INFO: [AUTH-00101] Failed to get a reference to the Home interface of the AuthorizationFacade EJB. This is an EJB error that probably stems from an incorrect deployment, a network problem, or the failure of an EJB server.
Caused By:[LIBP-00001] Unable to connect to naming service
Caused By:null
Caused By:t3://localhost:7001: Destination unreachable; nested exception is: 
	java.net.ConnectException: Connection refused: connect; No available router to destination
Caused By:Destination unreachable; nested exception is: 
	java.net.ConnectException: Connection refused: connect; No available router to destination

Jan 31, 2008 8:47:34 AM com.inovis.b2b.lib.exception.OperationFailedException <init>
SEVERE: [LIBP-00001] Unable to connect to naming service
Caused By:null
Caused By:t3://localhost:7001: Destination unreachable; nested exception is: 
	java.net.ConnectException: Connection refused: connect; No available router to destination
Caused By:Destination unreachable; nested exception is: 
	java.net.ConnectException: Connection refused: connect; No available router to destination

Jan 31, 2008 8:47:34 AM com.inovis.b2b.lib.exception.OperationFailedException <init>
INFO: [AUTH-00101] Failed to get a reference to the Home interface of the AuthorizationFacade EJB. This is an EJB error that probably stems from an incorrect deployment, a network problem, or the failure of an EJB server.
Caused By:[LIBP-00001] Unable to connect to naming service
Caused By:null
Caused By:t3://localhost:7001: Destination unreachable; nested exception is: 
	java.net.ConnectException: Connection refused: connect; No available router to destination
Caused By:Destination unreachable; nested exception is: 
	java.net.ConnectException: Connection refused: connect; No available router to destination

Jan 31, 2008 8:47:36 AM com.inovis.b2b.lib.exception.OperationFailedException <init>
SEVERE: [LIBP-00001] Unable to connect to naming service
Caused By:null
Caused By:t3://localhost:7001: Destination unreachable; nested exception is: 
	java.net.ConnectException: Connection refused: connect; No available router to destination
Caused By:Destination unreachable; nested exception is: 
	java.net.ConnectException: Connection refused: connect; No available router to destination

Jan 31, 2008 8:47:36 AM com.inovis.b2b.lib.exception.OperationFailedException <init>
INFO: [AUTH-00101] Failed to get a reference to the Home interface of the AuthorizationFacade EJB. This is an EJB error that probably stems from an incorrect deployment, a network problem, or the failure of an EJB server.
Caused By:[LIBP-00001] Unable to connect to naming service
Caused By:null
Caused By:t3://localhost:7001: Destination unreachable; nested exception is: 
	java.net.ConnectException: Connection refused: connect; No available router to destination
Caused By:Destination unreachable; nested exception is: 
	java.net.ConnectException: Connection refused: connect; No available router to destination

Jan 31, 2008 8:47:38 AM com.inovis.b2b.lib.exception.OperationFailedException <init>
SEVERE: [LIBP-00001] Unable to connect to naming service
Caused By:null
Caused By:t3://localhost:7001: Destination unreachable; nested exception is: 
	java.net.ConnectException: Connection refused: connect; No available router to destination
Caused By:Destination unreachable; nested exception is: 
	java.net.ConnectException: Connection refused: connect; No available router to destination

Jan 31, 2008 8:47:38 AM com.inovis.b2b.lib.exception.OperationFailedException <init>
INFO: [AUTH-00101] Failed to get a reference to the Home interface of the AuthorizationFacade EJB. This is an EJB error that probably stems from an incorrect deployment, a network problem, or the failure of an EJB server.
Caused By:[LIBP-00001] Unable to connect to naming service
Caused By:null
Caused By:t3://localhost:7001: Destination unreachable; nested exception is: 
	java.net.ConnectException: Connection refused: connect; No available router to destination
Caused By:Destination unreachable; nested exception is: 
	java.net.ConnectException: Connection refused: connect; No available router to destination

Jan 31, 2008 8:47:41 AM com.inovis.b2b.lib.exception.OperationFailedException <init>
SEVERE: [LIBP-00001] Unable to connect to naming service
Caused By:null
Caused By:t3://localhost:7001: Destination unreachable; nested exception is: 
	java.net.ConnectException: Connection refused: connect; No available router to destination
Caused By:Destination unreachable; nested exception is: 
	java.net.ConnectException: Connection refused: connect; No available router to destination

Jan 31, 2008 8:47:41 AM com.inovis.b2b.lib.exception.OperationFailedException <init>
INFO: [AUTH-00101] Failed to get a reference to the Home interface of the AuthorizationFacade EJB. This is an EJB error that probably stems from an incorrect deployment, a network problem, or the failure of an EJB server.
Caused By:[LIBP-00001] Unable to connect to naming service
Caused By:null
Caused By:t3://localhost:7001: Destination unreachable; nested exception is: 
	java.net.ConnectException: Connection refused: connect; No available router to destination
Caused By:Destination unreachable; nested exception is: 
	java.net.ConnectException: Connection refused: connect; No available router to destination

Jan 31, 2008 8:47:43 AM com.inovis.b2b.lib.exception.OperationFailedException <init>
SEVERE: [LIBP-00001] Unable to connect to naming service
Caused By:null
Caused By:t3://localhost:7001: Destination unreachable; nested exception is: 
	java.net.ConnectException: Connection refused: connect; No available router to destination
Caused By:Destination unreachable; nested exception is: 
	java.net.ConnectException: Connection refused: connect; No available router to destination

Jan 31, 2008 8:47:43 AM com.inovis.b2b.lib.exception.OperationFailedException <init>
INFO: [AUTH-00101] Failed to get a reference to the Home interface of the AuthorizationFacade EJB. This is an EJB error that probably stems from an incorrect deployment, a network problem, or the failure of an EJB server.
Caused By:[LIBP-00001] Unable to connect to naming service
Caused By:null
Caused By:t3://localhost:7001: Destination unreachable; nested exception is: 
	java.net.ConnectException: Connection refused: connect; No available router to destination
Caused By:Destination unreachable; nested exception is: 
	java.net.ConnectException: Connection refused: connect; No available router to destination

Jan 31, 2008 8:47:46 AM com.inovis.b2b.lib.exception.OperationFailedException <init>
SEVERE: [LIBP-00001] Unable to connect to naming service
Caused By:null
Caused By:t3://localhost:7001: Destination unreachable; nested exception is: 
	java.net.ConnectException: Connection refused: connect; No available router to destination
Caused By:Destination unreachable; nested exception is: 
	java.net.ConnectException: Connection refused: connect; No available router to destination

Jan 31, 2008 8:47:46 AM com.inovis.b2b.lib.exception.OperationFailedException <init>
INFO: [AUTH-00101] Failed to get a reference to the Home interface of the AuthorizationFacade EJB. This is an EJB error that probably stems from an incorrect deployment, a network problem, or the failure of an EJB server.
Caused By:[LIBP-00001] Unable to connect to naming service
Caused By:null
Caused By:t3://localhost:7001: Destination unreachable; nested exception is: 
	java.net.ConnectException: Connection refused: connect; No available router to destination
Caused By:Destination unreachable; nested exception is: 
	java.net.ConnectException: Connection refused: connect; No available router to destination

Jan 31, 2008 8:47:48 AM com.inovis.b2b.lib.exception.OperationFailedException <init>
SEVERE: [LIBP-00001] Unable to connect to naming service
Caused By:null
Caused By:t3://localhost:7001: Destination unreachable; nested exception is: 
	java.net.ConnectException: Connection refused: connect; No available router to destination
Caused By:Destination unreachable; nested exception is: 
	java.net.ConnectException: Connection refused: connect; No available router to destination

Jan 31, 2008 8:47:48 AM com.inovis.b2b.lib.exception.OperationFailedException <init>
INFO: [AUTH-00101] Failed to get a reference to the Home interface of the AuthorizationFacade EJB. This is an EJB error that probably stems from an incorrect deployment, a network problem, or the failure of an EJB server.
Caused By:[LIBP-00001] Unable to connect to naming service
Caused By:null
Caused By:t3://localhost:7001: Destination unreachable; nested exception is: 
	java.net.ConnectException: Connection refused: connect; No available router to destination
Caused By:Destination unreachable; nested exception is: 
	java.net.ConnectException: Connection refused: connect; No available router to destination

Jan 31, 2008 8:47:50 AM com.inovis.b2b.lib.exception.OperationFailedException <init>
SEVERE: [LIBP-00001] Unable to connect to naming service
Caused By:null
Caused By:t3://localhost:7001: Destination unreachable; nested exception is: 
	java.net.ConnectException: Connection refused: connect; No available router to destination
Caused By:Destination unreachable; nested exception is: 
	java.net.ConnectException: Connection refused: connect; No available router to destination

Jan 31, 2008 8:47:50 AM com.inovis.b2b.lib.exception.OperationFailedException <init>
INFO: [AUTH-00101] Failed to get a reference to the Home interface of the AuthorizationFacade EJB. This is an EJB error that probably stems from an incorrect deployment, a network problem, or the failure of an EJB server.
Caused By:[LIBP-00001] Unable to connect to naming service
Caused By:null
Caused By:t3://localhost:7001: Destination unreachable; nested exception is: 
	java.net.ConnectException: Connection refused: connect; No available router to destination
Caused By:Destination unreachable; nested exception is: 
	java.net.ConnectException: Connection refused: connect; No available router to destination

Jan 31, 2008 8:47:53 AM com.inovis.b2b.lib.exception.OperationFailedException <init>
SEVERE: [LIBP-00001] Unable to connect to naming service
Caused By:null
Caused By:t3://localhost:7001: Destination unreachable; nested exception is: 
	java.net.ConnectException: Connection refused: connect; No available router to destination
Caused By:Destination unreachable; nested exception is: 
	java.net.ConnectException: Connection refused: connect; No available router to destination

Jan 31, 2008 8:47:53 AM com.inovis.b2b.lib.exception.OperationFailedException <init>
INFO: [AUTH-00101] Failed to get a reference to the Home interface of the AuthorizationFacade EJB. This is an EJB error that probably stems from an incorrect deployment, a network problem, or the failure of an EJB server.
Caused By:[LIBP-00001] Unable to connect to naming service
Caused By:null
Caused By:t3://localhost:7001: Destination unreachable; nested exception is: 
	java.net.ConnectException: Connection refused: connect; No available router to destination
Caused By:Destination unreachable; nested exception is: 
	java.net.ConnectException: Connection refused: connect; No available router to destination

Jan 31, 2008 8:47:56 AM com.inovis.b2b.lib.exception.OperationFailedException <init>
SEVERE: [LIBP-00001] Unable to connect to naming service
Caused By:null
Caused By:t3://localhost:7001: Destination unreachable; nested exception is: 
	java.net.ConnectException: Connection refused: connect; No available router to destination
Caused By:Destination unreachable; nested exception is: 
	java.net.ConnectException: Connection refused: connect; No available router to destination

Jan 31, 2008 8:47:56 AM com.inovis.b2b.lib.exception.OperationFailedException <init>
INFO: [AUTH-00101] Failed to get a reference to the Home interface of the AuthorizationFacade EJB. This is an EJB error that probably stems from an incorrect deployment, a network problem, or the failure of an EJB server.
Caused By:[LIBP-00001] Unable to connect to naming service
Caused By:null
Caused By:t3://localhost:7001: Destination unreachable; nested exception is: 
	java.net.ConnectException: Connection refused: connect; No available router to destination
Caused By:Destination unreachable; nested exception is: 
	java.net.ConnectException: Connection refused: connect; No available router to destination

Jan 31, 2008 8:47:58 AM com.inovis.b2b.lib.exception.OperationFailedException <init>
SEVERE: [LIBP-00001] Unable to connect to naming service
Caused By:null
Caused By:t3://localhost:7001: Destination unreachable; nested exception is: 
	java.net.ConnectException: Connection refused: connect; No available router to destination
Caused By:Destination unreachable; nested exception is: 
	java.net.ConnectException: Connection refused: connect; No available router to destination

Jan 31, 2008 8:47:58 AM com.inovis.b2b.lib.exception.OperationFailedException <init>
INFO: [AUTH-00101] Failed to get a reference to the Home interface of the AuthorizationFacade EJB. This is an EJB error that probably stems from an incorrect deployment, a network problem, or the failure of an EJB server.
Caused By:[LIBP-00001] Unable to connect to naming service
Caused By:null
Caused By:t3://localhost:7001: Destination unreachable; nested exception is: 
	java.net.ConnectException: Connection refused: connect; No available router to destination
Caused By:Destination unreachable; nested exception is: 
	java.net.ConnectException: Connection refused: connect; No available router to destination

Jan 31, 2008 8:48:01 AM com.inovis.b2b.lib.exception.OperationFailedException <init>
SEVERE: [LIBP-00001] Unable to connect to naming service
Caused By:null
Caused By:t3://localhost:7001: Destination unreachable; nested exception is: 
	java.net.ConnectException: Connection refused: connect; No available router to destination
Caused By:Destination unreachable; nested exception is: 
	java.net.ConnectException: Connection refused: connect; No available router to destination

Jan 31, 2008 8:48:01 AM com.inovis.b2b.lib.exception.OperationFailedException <init>
INFO: [AUTH-00101] Failed to get a reference to the Home interface of the AuthorizationFacade EJB. This is an EJB error that probably stems from an incorrect deployment, a network problem, or the failure of an EJB server.
Caused By:[LIBP-00001] Unable to connect to naming service
Caused By:null
Caused By:t3://localhost:7001: Destination unreachable; nested exception is: 
	java.net.ConnectException: Connection refused: connect; No available router to destination
Caused By:Destination unreachable; nested exception is: 
	java.net.ConnectException: Connection refused: connect; No available router to destination

Jan 31, 2008 8:48:04 AM com.inovis.b2b.lib.exception.OperationFailedException <init>
SEVERE: [LIBP-00001] Unable to connect to naming service
Caused By:null
Caused By:t3://localhost:7001: Destination unreachable; nested exception is: 
	java.net.ConnectException: Connection refused: connect; No available router to destination
Caused By:Destination unreachable; nested exception is: 
	java.net.ConnectException: Connection refused: connect; No available router to destination

Jan 31, 2008 8:48:04 AM com.inovis.b2b.lib.exception.OperationFailedException <init>
INFO: [AUTH-00101] Failed to get a reference to the Home interface of the AuthorizationFacade EJB. This is an EJB error that probably stems from an incorrect deployment, a network problem, or the failure of an EJB server.
Caused By:[LIBP-00001] Unable to connect to naming service
Caused By:null
Caused By:t3://localhost:7001: Destination unreachable; nested exception is: 
	java.net.ConnectException: Connection refused: connect; No available router to destination
Caused By:Destination unreachable; nested exception is: 
	java.net.ConnectException: Connection refused: connect; No available router to destination

Jan 31, 2008 8:48:06 AM com.inovis.b2b.lib.exception.OperationFailedException <init>
SEVERE: [LIBP-00001] Unable to connect to naming service
Caused By:null
Caused By:t3://localhost:7001: Destination unreachable; nested exception is: 
	java.net.ConnectException: Connection refused: connect; No available router to destination
Caused By:Destination unreachable; nested exception is: 
	java.net.ConnectException: Connection refused: connect; No available router to destination

Jan 31, 2008 8:48:06 AM com.inovis.b2b.lib.exception.OperationFailedException <init>
INFO: [AUTH-00101] Failed to get a reference to the Home interface of the AuthorizationFacade EJB. This is an EJB error that probably stems from an incorrect deployment, a network problem, or the failure of an EJB server.
Caused By:[LIBP-00001] Unable to connect to naming service
Caused By:null
Caused By:t3://localhost:7001: Destination unreachable; nested exception is: 
	java.net.ConnectException: Connection refused: connect; No available router to destination
Caused By:Destination unreachable; nested exception is: 
	java.net.ConnectException: Connection refused: connect; No available router to destination

Jan 31, 2008 8:48:09 AM com.inovis.b2b.lib.exception.OperationFailedException <init>
SEVERE: [LIBP-00001] Unable to connect to naming service
Caused By:null
Caused By:t3://localhost:7001: Destination unreachable; nested exception is: 
	java.net.ConnectException: Connection refused: connect; No available router to destination
Caused By:Destination unreachable; nested exception is: 
	java.net.ConnectException: Connection refused: connect; No available router to destination

Jan 31, 2008 8:48:09 AM com.inovis.b2b.lib.exception.OperationFailedException <init>
INFO: [AUTH-00101] Failed to get a reference to the Home interface of the AuthorizationFacade EJB. This is an EJB error that probably stems from an incorrect deployment, a network problem, or the failure of an EJB server.
Caused By:[LIBP-00001] Unable to connect to naming service
Caused By:null
Caused By:t3://localhost:7001: Destination unreachable; nested exception is: 
	java.net.ConnectException: Connection refused: connect; No available router to destination
Caused By:Destination unreachable; nested exception is: 
	java.net.ConnectException: Connection refused: connect; No available router to destination

Jan 31, 2008 8:48:11 AM com.inovis.b2b.lib.exception.OperationFailedException <init>
SEVERE: [LIBP-00001] Unable to connect to naming service
Caused By:null
Caused By:t3://localhost:7001: Destination unreachable; nested exception is: 
	java.net.ConnectException: Connection refused: connect; No available router to destination
Caused By:Destination unreachable; nested exception is: 
	java.net.ConnectException: Connection refused: connect; No available router to destination

Jan 31, 2008 8:48:11 AM com.inovis.b2b.lib.exception.OperationFailedException <init>
INFO: [AUTH-00101] Failed to get a reference to the Home interface of the AuthorizationFacade EJB. This is an EJB error that probably stems from an incorrect deployment, a network problem, or the failure of an EJB server.
Caused By:[LIBP-00001] Unable to connect to naming service
Caused By:null
Caused By:t3://localhost:7001: Destination unreachable; nested exception is: 
	java.net.ConnectException: Connection refused: connect; No available router to destination
Caused By:Destination unreachable; nested exception is: 
	java.net.ConnectException: Connection refused: connect; No available router to destination

Jan 31, 2008 8:48:13 AM com.inovis.b2b.lib.exception.OperationFailedException <init>
SEVERE: [LIBP-00001] Unable to connect to naming service
Caused By:null
Caused By:t3://localhost:7001: Destination unreachable; nested exception is: 
	java.net.ConnectException: Connection refused: connect; No available router to destination
Caused By:Destination unreachable; nested exception is: 
	java.net.ConnectException: Connection refused: connect; No available router to destination

Jan 31, 2008 8:48:13 AM com.inovis.b2b.lib.exception.OperationFailedException <init>
INFO: [AUTH-00101] Failed to get a reference to the Home interface of the AuthorizationFacade EJB. This is an EJB error that probably stems from an incorrect deployment, a network problem, or the failure of an EJB server.
Caused By:[LIBP-00001] Unable to connect to naming service
Caused By:null
Caused By:t3://localhost:7001: Destination unreachable; nested exception is: 
	java.net.ConnectException: Connection refused: connect; No available router to destination
Caused By:Destination unreachable; nested exception is: 
	java.net.ConnectException: Connection refused: connect; No available router to destination

Jan 31, 2008 8:48:16 AM com.inovis.b2b.lib.exception.OperationFailedException <init>
SEVERE: [LIBP-00001] Unable to connect to naming service
Caused By:null
Caused By:t3://localhost:7001: Destination unreachable; nested exception is: 
	java.net.ConnectException: Connection refused: connect; No available router to destination
Caused By:Destination unreachable; nested exception is: 
	java.net.ConnectException: Connection refused: connect; No available router to destination

Jan 31, 2008 8:48:16 AM com.inovis.b2b.lib.exception.OperationFailedException <init>
INFO: [AUTH-00101] Failed to get a reference to the Home interface of the AuthorizationFacade EJB. This is an EJB error that probably stems from an incorrect deployment, a network problem, or the failure of an EJB server.
Caused By:[LIBP-00001] Unable to connect to naming service
Caused By:null
Caused By:t3://localhost:7001: Destination unreachable; nested exception is: 
	java.net.ConnectException: Connection refused: connect; No available router to destination
Caused By:Destination unreachable; nested exception is: 
	java.net.ConnectException: Connection refused: connect; No available router to destination

Jan 31, 2008 8:48:18 AM com.inovis.b2b.lib.exception.OperationFailedException <init>
SEVERE: [LIBP-00001] Unable to connect to naming service
Caused By:null
Caused By:t3://localhost:7001: Destination unreachable; nested exception is: 
	java.net.ConnectException: Connection refused: connect; No available router to destination
Caused By:Destination unreachable; nested exception is: 
	java.net.ConnectException: Connection refused: connect; No available router to destination

Jan 31, 2008 8:48:18 AM com.inovis.b2b.lib.exception.OperationFailedException <init>
INFO: [DUPT-00101] Failed to get a remote interface to a DuplicateTraderManagerFacade EJB. This is an EJB error that probably stems from an incorrect deployment, a network problem, or the failure of an EJB server.
Caused By:[LIBP-00001] Unable to connect to naming service
Caused By:null
Caused By:t3://localhost:7001: Destination unreachable; nested exception is: 
	java.net.ConnectException: Connection refused: connect; No available router to destination
Caused By:Destination unreachable; nested exception is: 
	java.net.ConnectException: Connection refused: connect; No available router to destination

Jan 31, 2008 8:48:21 AM com.inovis.b2b.lib.exception.OperationFailedException <init>
SEVERE: [LIBP-00001] Unable to connect to naming service
Caused By:null
Caused By:t3://localhost:7001: Destination unreachable; nested exception is: 
	java.net.ConnectException: Connection refused: connect; No available router to destination
Caused By:Destination unreachable; nested exception is: 
	java.net.ConnectException: Connection refused: connect; No available router to destination

Jan 31, 2008 8:48:21 AM com.inovis.b2b.lib.exception.OperationFailedException <init>
INFO: [DUPT-00101] Failed to get a remote interface to a DuplicateTraderManagerFacade EJB. This is an EJB error that probably stems from an incorrect deployment, a network problem, or the failure of an EJB server.
Caused By:[LIBP-00001] Unable to connect to naming service
Caused By:null
Caused By:t3://localhost:7001: Destination unreachable; nested exception is: 
	java.net.ConnectException: Connection refused: connect; No available router to destination
Caused By:Destination unreachable; nested exception is: 
	java.net.ConnectException: Connection refused: connect; No available router to destination

Jan 31, 2008 8:48:23 AM com.inovis.b2b.lib.exception.OperationFailedException <init>
SEVERE: [LIBP-00001] Unable to connect to naming service
Caused By:null
Caused By:t3://localhost:7001: Destination unreachable; nested exception is: 
	java.net.ConnectException: Connection refused: connect; No available router to destination
Caused By:Destination unreachable; nested exception is: 
	java.net.ConnectException: Connection refused: connect; No available router to destination

Jan 31, 2008 8:48:23 AM com.inovis.b2b.lib.exception.OperationFailedException <init>
INFO: [DUPT-00101] Failed to get a remote interface to a DuplicateTraderManagerFacade EJB. This is an EJB error that probably stems from an incorrect deployment, a network problem, or the failure of an EJB server.
Caused By:[LIBP-00001] Unable to connect to naming service
Caused By:null
Caused By:t3://localhost:7001: Destination unreachable; nested exception is: 
	java.net.ConnectException: Connection refused: connect; No available router to destination
Caused By:Destination unreachable; nested exception is: 
	java.net.ConnectException: Connection refused: connect; No available router to destination

Jan 31, 2008 8:48:26 AM com.inovis.b2b.lib.exception.OperationFailedException <init>
SEVERE: [LIBP-00001] Unable to connect to naming service
Caused By:null
Caused By:t3://localhost:7001: Destination unreachable; nested exception is: 
	java.net.ConnectException: Connection refused: connect; No available router to destination
Caused By:Destination unreachable; nested exception is: 
	java.net.ConnectException: Connection refused: connect; No available router to destination

Jan 31, 2008 8:48:26 AM com.inovis.b2b.lib.exception.OperationFailedException <init>
INFO: [DUPT-00101] Failed to get a remote interface to a DuplicateTraderManagerFacade EJB. This is an EJB error that probably stems from an incorrect deployment, a network problem, or the failure of an EJB server.
Caused By:[LIBP-00001] Unable to connect to naming service
Caused By:null
Caused By:t3://localhost:7001: Destination unreachable; nested exception is: 
	java.net.ConnectException: Connection refused: connect; No available router to destination
Caused By:Destination unreachable; nested exception is: 
	java.net.ConnectException: Connection refused: connect; No available router to destination

Jan 31, 2008 8:48:28 AM com.inovis.b2b.lib.exception.OperationFailedException <init>
SEVERE: [LIBP-00001] Unable to connect to naming service
Caused By:null
Caused By:t3://localhost:7001: Destination unreachable; nested exception is: 
	java.net.ConnectException: Connection refused: connect; No available router to destination
Caused By:Destination unreachable; nested exception is: 
	java.net.ConnectException: Connection refused: connect; No available router to destination

Jan 31, 2008 8:48:28 AM com.inovis.b2b.lib.exception.OperationFailedException <init>
INFO: [DUPT-00101] Failed to get a remote interface to a DuplicateTraderManagerFacade EJB. This is an EJB error that probably stems from an incorrect deployment, a network problem, or the failure of an EJB server.
Caused By:[LIBP-00001] Unable to connect to naming service
Caused By:null
Caused By:t3://localhost:7001: Destination unreachable; nested exception is: 
	java.net.ConnectException: Connection refused: connect; No available router to destination
Caused By:Destination unreachable; nested exception is: 
	java.net.ConnectException: Connection refused: connect; No available router to destination

Jan 31, 2008 8:48:31 AM com.inovis.b2b.lib.exception.OperationFailedException <init>
SEVERE: [LIBP-00001] Unable to connect to naming service
Caused By:null
Caused By:t3://localhost:7001: Destination unreachable; nested exception is: 
	java.net.ConnectException: Connection refused: connect; No available router to destination
Caused By:Destination unreachable; nested exception is: 
	java.net.ConnectException: Connection refused: connect; No available router to destination

Jan 31, 2008 8:48:31 AM com.inovis.b2b.lib.exception.OperationFailedException <init>
INFO: [DUPT-00101] Failed to get a remote interface to a DuplicateTraderManagerFacade EJB. This is an EJB error that probably stems from an incorrect deployment, a network problem, or the failure of an EJB server.
Caused By:[LIBP-00001] Unable to connect to naming service
Caused By:null
Caused By:t3://localhost:7001: Destination unreachable; nested exception is: 
	java.net.ConnectException: Connection refused: connect; No available router to destination
Caused By:Destination unreachable; nested exception is: 
	java.net.ConnectException: Connection refused: connect; No available router to destination

Jan 31, 2008 8:48:34 AM com.inovis.b2b.lib.exception.OperationFailedException <init>
SEVERE: [LIBP-00001] Unable to connect to naming service
Caused By:null
Caused By:t3://localhost:7001: Destination unreachable; nested exception is: 
	java.net.ConnectException: Connection refused: connect; No available router to destination
Caused By:Destination unreachable; nested exception is: 
	java.net.ConnectException: Connection refused: connect; No available router to destination

Jan 31, 2008 8:48:34 AM com.inovis.b2b.lib.exception.OperationFailedException <init>
INFO: [DUPT-00101] Failed to get a remote interface to a DuplicateTraderManagerFacade EJB. This is an EJB error that probably stems from an incorrect deployment, a network problem, or the failure of an EJB server.
Caused By:[LIBP-00001] Unable to connect to naming service
Caused By:null
Caused By:t3://localhost:7001: Destination unreachable; nested exception is: 
	java.net.ConnectException: Connection refused: connect; No available router to destination
Caused By:Destination unreachable; nested exception is: 
	java.net.ConnectException: Connection refused: connect; No available router to destination

Jan 31, 2008 8:48:37 AM com.inovis.b2b.lib.exception.OperationFailedException <init>
SEVERE: [LIBP-00001] Unable to connect to naming service
Caused By:null
Caused By:t3://localhost:7001: Destination unreachable; nested exception is: 
	java.net.ConnectException: Connection refused: connect; No available router to destination
Caused By:Destination unreachable; nested exception is: 
	java.net.ConnectException: Connection refused: connect; No available router to destination

Jan 31, 2008 8:48:37 AM com.inovis.b2b.lib.exception.OperationFailedException <init>
INFO: [DUPT-00101] Failed to get a remote interface to a DuplicateTraderManagerFacade EJB. This is an EJB error that probably stems from an incorrect deployment, a network problem, or the failure of an EJB server.
Caused By:[LIBP-00001] Unable to connect to naming service
Caused By:null
Caused By:t3://localhost:7001: Destination unreachable; nested exception is: 
	java.net.ConnectException: Connection refused: connect; No available router to destination
Caused By:Destination unreachable; nested exception is: 
	java.net.ConnectException: Connection refused: connect; No available router to destination

Jan 31, 2008 8:48:39 AM com.inovis.b2b.lib.exception.OperationFailedException <init>
SEVERE: [LIBP-00001] Unable to connect to naming service
Caused By:null
Caused By:t3://localhost:7001: Destination unreachable; nested exception is: 
	java.net.ConnectException: Connection refused: connect; No available router to destination
Caused By:Destination unreachable; nested exception is: 
	java.net.ConnectException: Connection refused: connect; No available router to destination

Jan 31, 2008 8:48:39 AM com.inovis.b2b.lib.exception.OperationFailedException <init>
INFO: [DUPT-00101] Failed to get a remote interface to a DuplicateTraderManagerFacade EJB. This is an EJB error that probably stems from an incorrect deployment, a network problem, or the failure of an EJB server.
Caused By:[LIBP-00001] Unable to connect to naming service
Caused By:null
Caused By:t3://localhost:7001: Destination unreachable; nested exception is: 
	java.net.ConnectException: Connection refused: connect; No available router to destination
Caused By:Destination unreachable; nested exception is: 
	java.net.ConnectException: Connection refused: connect; No available router to destination

Jan 31, 2008 8:48:42 AM com.inovis.b2b.lib.exception.OperationFailedException <init>
SEVERE: [LIBP-00001] Unable to connect to naming service
Caused By:null
Caused By:t3://localhost:7001: Destination unreachable; nested exception is: 
	java.net.ConnectException: Connection refused: connect; No available router to destination
Caused By:Destination unreachable; nested exception is: 
	java.net.ConnectException: Connection refused: connect; No available router to destination

Jan 31, 2008 8:48:42 AM com.inovis.b2b.lib.exception.OperationFailedException <init>
INFO: [DUPT-00101] Failed to get a remote interface to a DuplicateTraderManagerFacade EJB. This is an EJB error that probably stems from an incorrect deployment, a network problem, or the failure of an EJB server.
Caused By:[LIBP-00001] Unable to connect to naming service
Caused By:null
Caused By:t3://localhost:7001: Destination unreachable; nested exception is: 
	java.net.ConnectException: Connection refused: connect; No available router to destination
Caused By:Destination unreachable; nested exception is: 
	java.net.ConnectException: Connection refused: connect; No available router to destination

Jan 31, 2008 8:48:45 AM com.inovis.b2b.lib.exception.OperationFailedException <init>
SEVERE: [LIBP-00001] Unable to connect to naming service
Caused By:null
Caused By:t3://localhost:7001: Destination unreachable; nested exception is: 
	java.net.ConnectException: Connection refused: connect; No available router to destination
Caused By:Destination unreachable; nested exception is: 
	java.net.ConnectException: Connection refused: connect; No available router to destination

Jan 31, 2008 8:48:45 AM com.inovis.b2b.lib.exception.OperationFailedException <init>
INFO: [DUPT-00101] Failed to get a remote interface to a DuplicateTraderManagerFacade EJB. This is an EJB error that probably stems from an incorrect deployment, a network problem, or the failure of an EJB server.
Caused By:[LIBP-00001] Unable to connect to naming service
Caused By:null
Caused By:t3://localhost:7001: Destination unreachable; nested exception is: 
	java.net.ConnectException: Connection refused: connect; No available router to destination
Caused By:Destination unreachable; nested exception is: 
	java.net.ConnectException: Connection refused: connect; No available router to destination

Jan 31, 2008 8:48:48 AM com.inovis.b2b.lib.exception.OperationFailedException <init>
SEVERE: [LIBP-00001] Unable to connect to naming service
Caused By:null
Caused By:t3://localhost:7001: Destination unreachable; nested exception is: 
	java.net.ConnectException: Connection refused: connect; No available router to destination
Caused By:Destination unreachable; nested exception is: 
	java.net.ConnectException: Connection refused: connect; No available router to destination

Jan 31, 2008 8:48:48 AM com.inovis.b2b.lib.exception.OperationFailedException <init>
INFO: [DUPT-00101] Failed to get a remote interface to a DuplicateTraderManagerFacade EJB. This is an EJB error that probably stems from an incorrect deployment, a network problem, or the failure of an EJB server.
Caused By:[LIBP-00001] Unable to connect to naming service
Caused By:null
Caused By:t3://localhost:7001: Destination unreachable; nested exception is: 
	java.net.ConnectException: Connection refused: connect; No available router to destination
Caused By:Destination unreachable; nested exception is: 
	java.net.ConnectException: Connection refused: connect; No available router to destination

Jan 31, 2008 8:48:50 AM com.inovis.b2b.lib.exception.OperationFailedException <init>
SEVERE: [LIBP-00001] Unable to connect to naming service
Caused By:null
Caused By:t3://localhost:7001: Destination unreachable; nested exception is: 
	java.net.ConnectException: Connection refused: connect; No available router to destination
Caused By:Destination unreachable; nested exception is: 
	java.net.ConnectException: Connection refused: connect; No available router to destination

Jan 31, 2008 8:48:50 AM com.inovis.b2b.lib.exception.OperationFailedException <init>
INFO: [DUPT-00101] Failed to get a remote interface to a DuplicateTraderManagerFacade EJB. This is an EJB error that probably stems from an incorrect deployment, a network problem, or the failure of an EJB server.
Caused By:[LIBP-00001] Unable to connect to naming service
Caused By:null
Caused By:t3://localhost:7001: Destination unreachable; nested exception is: 
	java.net.ConnectException: Connection refused: connect; No available router to destination
Caused By:Destination unreachable; nested exception is: 
	java.net.ConnectException: Connection refused: connect; No available router to destination

Jan 31, 2008 8:48:52 AM com.inovis.b2b.lib.exception.OperationFailedException <init>
SEVERE: [LIBP-00001] Unable to connect to naming service
Caused By:null
Caused By:t3://localhost:7001: Destination unreachable; nested exception is: 
	java.net.ConnectException: Connection refused: connect; No available router to destination
Caused By:Destination unreachable; nested exception is: 
	java.net.ConnectException: Connection refused: connect; No available router to destination

Jan 31, 2008 8:48:52 AM com.inovis.b2b.lib.exception.OperationFailedException <init>
INFO: [DUPT-00101] Failed to get a remote interface to a DuplicateTraderManagerFacade EJB. This is an EJB error that probably stems from an incorrect deployment, a network problem, or the failure of an EJB server.
Caused By:[LIBP-00001] Unable to connect to naming service
Caused By:null
Caused By:t3://localhost:7001: Destination unreachable; nested exception is: 
	java.net.ConnectException: Connection refused: connect; No available router to destination
Caused By:Destination unreachable; nested exception is: 
	java.net.ConnectException: Connection refused: connect; No available router to destination

Jan 31, 2008 8:48:54 AM com.inovis.b2b.lib.exception.OperationFailedException <init>
SEVERE: [LIBP-00001] Unable to connect to naming service
Caused By:null
Caused By:t3://localhost:7001: Destination unreachable; nested exception is: 
	java.net.ConnectException: Connection refused: connect; No available router to destination
Caused By:Destination unreachable; nested exception is: 
	java.net.ConnectException: Connection refused: connect; No available router to destination

Jan 31, 2008 8:48:54 AM com.inovis.b2b.lib.exception.OperationFailedException <init>
INFO: [DUPT-00101] Failed to get a remote interface to a DuplicateTraderManagerFacade EJB. This is an EJB error that probably stems from an incorrect deployment, a network problem, or the failure of an EJB server.
Caused By:[LIBP-00001] Unable to connect to naming service
Caused By:null
Caused By:t3://localhost:7001: Destination unreachable; nested exception is: 
	java.net.ConnectException: Connection refused: connect; No available router to destination
Caused By:Destination unreachable; nested exception is: 
	java.net.ConnectException: Connection refused: connect; No available router to destination

Jan 31, 2008 8:48:57 AM com.inovis.b2b.lib.exception.OperationFailedException <init>
SEVERE: [LIBP-00001] Unable to connect to naming service
Caused By:null
Caused By:t3://localhost:7001: Destination unreachable; nested exception is: 
	java.net.ConnectException: Connection refused: connect; No available router to destination
Caused By:Destination unreachable; nested exception is: 
	java.net.ConnectException: Connection refused: connect; No available router to destination

Jan 31, 2008 8:48:57 AM com.inovis.b2b.lib.exception.OperationFailedException <init>
INFO: [DUPT-00101] Failed to get a remote interface to a DuplicateTraderManagerFacade EJB. This is an EJB error that probably stems from an incorrect deployment, a network problem, or the failure of an EJB server.
Caused By:[LIBP-00001] Unable to connect to naming service
Caused By:null
Caused By:t3://localhost:7001: Destination unreachable; nested exception is: 
	java.net.ConnectException: Connection refused: connect; No available router to destination
Caused By:Destination unreachable; nested exception is: 
	java.net.ConnectException: Connection refused: connect; No available router to destination

Jan 31, 2008 8:49:00 AM com.inovis.b2b.lib.exception.OperationFailedException <init>
SEVERE: [LIBP-00001] Unable to connect to naming service
Caused By:null
Caused By:t3://localhost:7001: Destination unreachable; nested exception is: 
	java.net.ConnectException: Connection refused: connect; No available router to destination
Caused By:Destination unreachable; nested exception is: 
	java.net.ConnectException: Connection refused: connect; No available router to destination

Jan 31, 2008 8:49:00 AM com.inovis.b2b.lib.exception.OperationFailedException <init>
INFO: [DUPT-00101] Failed to get a remote interface to a DuplicateTraderManagerFacade EJB. This is an EJB error that probably stems from an incorrect deployment, a network problem, or the failure of an EJB server.
Caused By:[LIBP-00001] Unable to connect to naming service
Caused By:null
Caused By:t3://localhost:7001: Destination unreachable; nested exception is: 
	java.net.ConnectException: Connection refused: connect; No available router to destination
Caused By:Destination unreachable; nested exception is: 
	java.net.ConnectException: Connection refused: connect; No available router to destination

Jan 31, 2008 8:49:03 AM com.inovis.b2b.lib.exception.OperationFailedException <init>
SEVERE: [LIBP-00001] Unable to connect to naming service
Caused By:null
Caused By:t3://localhost:7001: Destination unreachable; nested exception is: 
	java.net.ConnectException: Connection refused: connect; No available router to destination
Caused By:Destination unreachable; nested exception is: 
	java.net.ConnectException: Connection refused: connect; No available router to destination

Jan 31, 2008 8:49:03 AM com.inovis.b2b.lib.exception.OperationFailedException <init>
INFO: [DUPT-00101] Failed to get a remote interface to a DuplicateTraderManagerFacade EJB. This is an EJB error that probably stems from an incorrect deployment, a network problem, or the failure of an EJB server.
Caused By:[LIBP-00001] Unable to connect to naming service
Caused By:null
Caused By:t3://localhost:7001: Destination unreachable; nested exception is: 
	java.net.ConnectException: Connection refused: connect; No available router to destination
Caused By:Destination unreachable; nested exception is: 
	java.net.ConnectException: Connection refused: connect; No available router to destination

Jan 31, 2008 8:49:05 AM com.inovis.b2b.lib.exception.OperationFailedException <init>
SEVERE: [LIBP-00001] Unable to connect to naming service
Caused By:null
Caused By:t3://localhost:7001: Destination unreachable; nested exception is: 
	java.net.ConnectException: Connection refused: connect; No available router to destination
Caused By:Destination unreachable; nested exception is: 
	java.net.ConnectException: Connection refused: connect; No available router to destination

Jan 31, 2008 8:49:05 AM com.inovis.b2b.lib.exception.OperationFailedException <init>
INFO: [DUPT-00101] Failed to get a remote interface to a DuplicateTraderManagerFacade EJB. This is an EJB error that probably stems from an incorrect deployment, a network problem, or the failure of an EJB server.
Caused By:[LIBP-00001] Unable to connect to naming service
Caused By:null
Caused By:t3://localhost:7001: Destination unreachable; nested exception is: 
	java.net.ConnectException: Connection refused: connect; No available router to destination
Caused By:Destination unreachable; nested exception is: 
	java.net.ConnectException: Connection refused: connect; No available router to destination

Jan 31, 2008 8:49:08 AM com.inovis.b2b.lib.exception.OperationFailedException <init>
SEVERE: [LIBP-00001] Unable to connect to naming service
Caused By:null
Caused By:t3://localhost:7001: Destination unreachable; nested exception is: 
	java.net.ConnectException: Connection refused: connect; No available router to destination
Caused By:Destination unreachable; nested exception is: 
	java.net.ConnectException: Connection refused: connect; No available router to destination

Jan 31, 2008 8:49:08 AM com.inovis.b2b.lib.exception.OperationFailedException <init>
INFO: [DUPT-00101] Failed to get a remote interface to a DuplicateTraderManagerFacade EJB. This is an EJB error that probably stems from an incorrect deployment, a network problem, or the failure of an EJB server.
Caused By:[LIBP-00001] Unable to connect to naming service
Caused By:null
Caused By:t3://localhost:7001: Destination unreachable; nested exception is: 
	java.net.ConnectException: Connection refused: connect; No available router to destination
Caused By:Destination unreachable; nested exception is: 
	java.net.ConnectException: Connection refused: connect; No available router to destination

Jan 31, 2008 8:49:11 AM com.inovis.b2b.lib.exception.OperationFailedException <init>
SEVERE: [LIBP-00001] Unable to connect to naming service
Caused By:null
Caused By:t3://localhost:7001: Destination unreachable; nested exception is: 
	java.net.ConnectException: Connection refused: connect; No available router to destination
Caused By:Destination unreachable; nested exception is: 
	java.net.ConnectException: Connection refused: connect; No available router to destination

Jan 31, 2008 8:49:11 AM com.inovis.b2b.lib.exception.OperationFailedException <init>
INFO: [DUPT-00101] Failed to get a remote interface to a DuplicateTraderManagerFacade EJB. This is an EJB error that probably stems from an incorrect deployment, a network problem, or the failure of an EJB server.
Caused By:[LIBP-00001] Unable to connect to naming service
Caused By:null
Caused By:t3://localhost:7001: Destination unreachable; nested exception is: 
	java.net.ConnectException: Connection refused: connect; No available router to destination
Caused By:Destination unreachable; nested exception is: 
	java.net.ConnectException: Connection refused: connect; No available router to destination

Jan 31, 2008 8:49:14 AM com.inovis.b2b.lib.exception.OperationFailedException <init>
SEVERE: [LIBP-00001] Unable to connect to naming service
Caused By:null
Caused By:t3://localhost:7001: Destination unreachable; nested exception is: 
	java.net.ConnectException: Connection refused: connect; No available router to destination
Caused By:Destination unreachable; nested exception is: 
	java.net.ConnectException: Connection refused: connect; No available router to destination

Jan 31, 2008 8:49:14 AM com.inovis.b2b.lib.exception.OperationFailedException <init>
INFO: [DUPT-00101] Failed to get a remote interface to a DuplicateTraderManagerFacade EJB. This is an EJB error that probably stems from an incorrect deployment, a network problem, or the failure of an EJB server.
Caused By:[LIBP-00001] Unable to connect to naming service
Caused By:null
Caused By:t3://localhost:7001: Destination unreachable; nested exception is: 
	java.net.ConnectException: Connection refused: connect; No available router to destination
Caused By:Destination unreachable; nested exception is: 
	java.net.ConnectException: Connection refused: connect; No available router to destination

Jan 31, 2008 8:49:17 AM com.inovis.b2b.lib.exception.OperationFailedException <init>
SEVERE: [LIBP-00001] Unable to connect to naming service
Caused By:null
Caused By:t3://localhost:7001: Destination unreachable; nested exception is: 
	java.net.ConnectException: Connection refused: connect; No available router to destination
Caused By:Destination unreachable; nested exception is: 
	java.net.ConnectException: Connection refused: connect; No available router to destination

Jan 31, 2008 8:49:17 AM com.inovis.b2b.lib.exception.OperationFailedException <init>
INFO: [DUPT-00101] Failed to get a remote interface to a DuplicateTraderManagerFacade EJB. This is an EJB error that probably stems from an incorrect deployment, a network problem, or the failure of an EJB server.
Caused By:[LIBP-00001] Unable to connect to naming service
Caused By:null
Caused By:t3://localhost:7001: Destination unreachable; nested exception is: 
	java.net.ConnectException: Connection refused: connect; No available router to destination
Caused By:Destination unreachable; nested exception is: 
	java.net.ConnectException: Connection refused: connect; No available router to destination

Jan 31, 2008 8:49:19 AM com.inovis.b2b.lib.exception.OperationFailedException <init>
SEVERE: [LIBP-00001] Unable to connect to naming service
Caused By:null
Caused By:t3://localhost:7001: Destination unreachable; nested exception is: 
	java.net.ConnectException: Connection refused: connect; No available router to destination
Caused By:Destination unreachable; nested exception is: 
	java.net.ConnectException: Connection refused: connect; No available router to destination

Jan 31, 2008 8:49:19 AM com.inovis.b2b.lib.exception.OperationFailedException <init>
INFO: [DUPT-00101] Failed to get a remote interface to a DuplicateTraderManagerFacade EJB. This is an EJB error that probably stems from an incorrect deployment, a network problem, or the failure of an EJB server.
Caused By:[LIBP-00001] Unable to connect to naming service
Caused By:null
Caused By:t3://localhost:7001: Destination unreachable; nested exception is: 
	java.net.ConnectException: Connection refused: connect; No available router to destination
Caused By:Destination unreachable; nested exception is: 
	java.net.ConnectException: Connection refused: connect; No available router to destination

Jan 31, 2008 8:49:22 AM com.inovis.b2b.lib.exception.OperationFailedException <init>
SEVERE: [LIBP-00001] Unable to connect to naming service
Caused By:null
Caused By:t3://localhost:7001: Destination unreachable; nested exception is: 
	java.net.ConnectException: Connection refused: connect; No available router to destination
Caused By:Destination unreachable; nested exception is: 
	java.net.ConnectException: Connection refused: connect; No available router to destination

Jan 31, 2008 8:49:22 AM com.inovis.b2b.lib.exception.OperationFailedException <init>
INFO: [DUPT-00101] Failed to get a remote interface to a DuplicateTraderManagerFacade EJB. This is an EJB error that probably stems from an incorrect deployment, a network problem, or the failure of an EJB server.
Caused By:[LIBP-00001] Unable to connect to naming service
Caused By:null
Caused By:t3://localhost:7001: Destination unreachable; nested exception is: 
	java.net.ConnectException: Connection refused: connect; No available router to destination
Caused By:Destination unreachable; nested exception is: 
	java.net.ConnectException: Connection refused: connect; No available router to destination

Jan 31, 2008 8:49:25 AM com.inovis.b2b.lib.exception.OperationFailedException <init>
SEVERE: [LIBP-00001] Unable to connect to naming service
Caused By:null
Caused By:t3://localhost:7001: Destination unreachable; nested exception is: 
	java.net.ConnectException: Connection refused: connect; No available router to destination
Caused By:Destination unreachable; nested exception is: 
	java.net.ConnectException: Connection refused: connect; No available router to destination

Jan 31, 2008 8:49:25 AM com.inovis.b2b.lib.exception.OperationFailedException <init>
SEVERE: [EVEN-00101] Unable to create the Event Manager.
Caused By:[LIBP-00001] Unable to connect to naming service
Caused By:null
Caused By:t3://localhost:7001: Destination unreachable; nested exception is: 
	java.net.ConnectException: Connection refused: connect; No available router to destination
Caused By:Destination unreachable; nested exception is: 
	java.net.ConnectException: Connection refused: connect; No available router to destination

Jan 31, 2008 8:49:28 AM com.inovis.b2b.lib.exception.OperationFailedException <init>
SEVERE: [LIBP-00001] Unable to connect to naming service
Caused By:null
Caused By:t3://localhost:7001: Destination unreachable; nested exception is: 
	java.net.ConnectException: Connection refused: connect; No available router to destination
Caused By:Destination unreachable; nested exception is: 
	java.net.ConnectException: Connection refused: connect; No available router to destination

Jan 31, 2008 8:49:28 AM com.inovis.b2b.lib.exception.OperationFailedException <init>
SEVERE: [EVEN-00101] Unable to create the Event Manager.
Caused By:[LIBP-00001] Unable to connect to naming service
Caused By:null
Caused By:t3://localhost:7001: Destination unreachable; nested exception is: 
	java.net.ConnectException: Connection refused: connect; No available router to destination
Caused By:Destination unreachable; nested exception is: 
	java.net.ConnectException: Connection refused: connect; No available router to destination

Jan 31, 2008 8:49:30 AM com.inovis.b2b.lib.exception.OperationFailedException <init>
SEVERE: [LIBP-00001] Unable to connect to naming service
Caused By:null
Caused By:t3://localhost:7001: Destination unreachable; nested exception is: 
	java.net.ConnectException: Connection refused: connect; No available router to destination
Caused By:Destination unreachable; nested exception is: 
	java.net.ConnectException: Connection refused: connect; No available router to destination

Jan 31, 2008 8:49:30 AM com.inovis.b2b.lib.exception.OperationFailedException <init>
SEVERE: [EVEN-00101] Unable to create the Event Manager.
Caused By:[LIBP-00001] Unable to connect to naming service
Caused By:null
Caused By:t3://localhost:7001: Destination unreachable; nested exception is: 
	java.net.ConnectException: Connection refused: connect; No available router to destination
Caused By:Destination unreachable; nested exception is: 
	java.net.ConnectException: Connection refused: connect; No available router to destination

Jan 31, 2008 8:49:32 AM com.inovis.b2b.lib.exception.OperationFailedException <init>
SEVERE: [LIBP-00001] Unable to connect to naming service
Caused By:null
Caused By:t3://localhost:7001: Destination unreachable; nested exception is: 
	java.net.ConnectException: Connection refused: connect; No available router to destination
Caused By:Destination unreachable; nested exception is: 
	java.net.ConnectException: Connection refused: connect; No available router to destination

Jan 31, 2008 8:49:32 AM com.inovis.b2b.lib.exception.OperationFailedException <init>
SEVERE: [EVEN-00101] Unable to create the Event Manager.
Caused By:[LIBP-00001] Unable to connect to naming service
Caused By:null
Caused By:t3://localhost:7001: Destination unreachable; nested exception is: 
	java.net.ConnectException: Connection refused: connect; No available router to destination
Caused By:Destination unreachable; nested exception is: 
	java.net.ConnectException: Connection refused: connect; No available router to destination

Jan 31, 2008 8:49:35 AM com.inovis.b2b.lib.exception.OperationFailedException <init>
SEVERE: [LIBP-00001] Unable to connect to naming service
Caused By:null
Caused By:t3://localhost:7001: Destination unreachable; nested exception is: 
	java.net.ConnectException: Connection refused: connect; No available router to destination
Caused By:Destination unreachable; nested exception is: 
	java.net.ConnectException: Connection refused: connect; No available router to destination

Jan 31, 2008 8:49:35 AM com.inovis.b2b.lib.exception.OperationFailedException <init>
SEVERE: [EVEN-00101] Unable to create the Event Manager.
Caused By:[LIBP-00001] Unable to connect to naming service
Caused By:null
Caused By:t3://localhost:7001: Destination unreachable; nested exception is: 
	java.net.ConnectException: Connection refused: connect; No available router to destination
Caused By:Destination unreachable; nested exception is: 
	java.net.ConnectException: Connection refused: connect; No available router to destination

Jan 31, 2008 8:49:37 AM com.inovis.b2b.lib.exception.OperationFailedException <init>
SEVERE: [LIBP-00001] Unable to connect to naming service
Caused By:null
Caused By:t3://localhost:7001: Destination unreachable; nested exception is: 
	java.net.ConnectException: Connection refused: connect; No available router to destination
Caused By:Destination unreachable; nested exception is: 
	java.net.ConnectException: Connection refused: connect; No available router to destination

Jan 31, 2008 8:49:37 AM com.inovis.b2b.lib.exception.OperationFailedException <init>
SEVERE: [EVEN-00101] Unable to create the Event Manager.
Caused By:[LIBP-00001] Unable to connect to naming service
Caused By:null
Caused By:t3://localhost:7001: Destination unreachable; nested exception is: 
	java.net.ConnectException: Connection refused: connect; No available router to destination
Caused By:Destination unreachable; nested exception is: 
	java.net.ConnectException: Connection refused: connect; No available router to destination

Jan 31, 2008 8:49:40 AM com.inovis.b2b.lib.exception.OperationFailedException <init>
SEVERE: [LIBP-00001] Unable to connect to naming service
Caused By:null
Caused By:t3://localhost:7001: Destination unreachable; nested exception is: 
	java.net.ConnectException: Connection refused: connect; No available router to destination
Caused By:Destination unreachable; nested exception is: 
	java.net.ConnectException: Connection refused: connect; No available router to destination

Jan 31, 2008 8:49:40 AM com.inovis.b2b.lib.exception.OperationFailedException <init>
SEVERE: [EVEN-00101] Unable to create the Event Manager.
Caused By:[LIBP-00001] Unable to connect to naming service
Caused By:null
Caused By:t3://localhost:7001: Destination unreachable; nested exception is: 
	java.net.ConnectException: Connection refused: connect; No available router to destination
Caused By:Destination unreachable; nested exception is: 
	java.net.ConnectException: Connection refused: connect; No available router to destination

Jan 31, 2008 8:49:42 AM com.inovis.b2b.lib.exception.OperationFailedException <init>
SEVERE: [LIBP-00001] Unable to connect to naming service
Caused By:null
Caused By:t3://localhost:7001: Destination unreachable; nested exception is: 
	java.net.ConnectException: Connection refused: connect; No available router to destination
Caused By:Destination unreachable; nested exception is: 
	java.net.ConnectException: Connection refused: connect; No available router to destination

Jan 31, 2008 8:49:42 AM com.inovis.b2b.lib.exception.OperationFailedException <init>
SEVERE: [EVEN-00101] Unable to create the Event Manager.
Caused By:[LIBP-00001] Unable to connect to naming service
Caused By:null
Caused By:t3://localhost:7001: Destination unreachable; nested exception is: 
	java.net.ConnectException: Connection refused: connect; No available router to destination
Caused By:Destination unreachable; nested exception is: 
	java.net.ConnectException: Connection refused: connect; No available router to destination

Jan 31, 2008 8:49:45 AM com.inovis.b2b.lib.exception.OperationFailedException <init>
SEVERE: [LIBP-00001] Unable to connect to naming service
Caused By:null
Caused By:t3://localhost:7001: Destination unreachable; nested exception is: 
	java.net.ConnectException: Connection refused: connect; No available router to destination
Caused By:Destination unreachable; nested exception is: 
	java.net.ConnectException: Connection refused: connect; No available router to destination

Jan 31, 2008 8:49:45 AM com.inovis.b2b.lib.exception.OperationFailedException <init>
SEVERE: [EVEN-00101] Unable to create the Event Manager.
Caused By:[LIBP-00001] Unable to connect to naming service
Caused By:null
Caused By:t3://localhost:7001: Destination unreachable; nested exception is: 
	java.net.ConnectException: Connection refused: connect; No available router to destination
Caused By:Destination unreachable; nested exception is: 
	java.net.ConnectException: Connection refused: connect; No available router to destination

Jan 31, 2008 8:49:48 AM com.inovis.b2b.lib.exception.OperationFailedException <init>
SEVERE: [LIBP-00001] Unable to connect to naming service
Caused By:null
Caused By:t3://localhost:7001: Destination unreachable; nested exception is: 
	java.net.ConnectException: Connection refused: connect; No available router to destination
Caused By:Destination unreachable; nested exception is: 
	java.net.ConnectException: Connection refused: connect; No available router to destination

Jan 31, 2008 8:49:48 AM com.inovis.b2b.lib.exception.OperationFailedException <init>
SEVERE: [EVEN-00101] Unable to create the Event Manager.
Caused By:[LIBP-00001] Unable to connect to naming service
Caused By:null
Caused By:t3://localhost:7001: Destination unreachable; nested exception is: 
	java.net.ConnectException: Connection refused: connect; No available router to destination
Caused By:Destination unreachable; nested exception is: 
	java.net.ConnectException: Connection refused: connect; No available router to destination

Jan 31, 2008 8:49:51 AM com.inovis.b2b.lib.exception.OperationFailedException <init>
SEVERE: [LIBP-00001] Unable to connect to naming service
Caused By:null
Caused By:t3://localhost:7001: Destination unreachable; nested exception is: 
	java.net.ConnectException: Connection refused: connect; No available router to destination
Caused By:Destination unreachable; nested exception is: 
	java.net.ConnectException: Connection refused: connect; No available router to destination

Jan 31, 2008 8:49:51 AM com.inovis.b2b.lib.exception.OperationFailedException <init>
SEVERE: [EVEN-00101] Unable to create the Event Manager.
Caused By:[LIBP-00001] Unable to connect to naming service
Caused By:null
Caused By:t3://localhost:7001: Destination unreachable; nested exception is: 
	java.net.ConnectException: Connection refused: connect; No available router to destination
Caused By:Destination unreachable; nested exception is: 
	java.net.ConnectException: Connection refused: connect; No available router to destination

Jan 31, 2008 8:49:54 AM com.inovis.b2b.lib.exception.OperationFailedException <init>
SEVERE: [LIBP-00001] Unable to connect to naming service
Caused By:null
Caused By:t3://localhost:7001: Destination unreachable; nested exception is: 
	java.net.ConnectException: Connection refused: connect; No available router to destination
Caused By:Destination unreachable; nested exception is: 
	java.net.ConnectException: Connection refused: connect; No available router to destination

Jan 31, 2008 8:49:54 AM com.inovis.b2b.lib.exception.OperationFailedException <init>
SEVERE: [EVEN-00101] Unable to create the Event Manager.
Caused By:[LIBP-00001] Unable to connect to naming service
Caused By:null
Caused By:t3://localhost:7001: Destination unreachable; nested exception is: 
	java.net.ConnectException: Connection refused: connect; No available router to destination
Caused By:Destination unreachable; nested exception is: 
	java.net.ConnectException: Connection refused: connect; No available router to destination

Jan 31, 2008 8:49:56 AM com.inovis.b2b.lib.exception.OperationFailedException <init>
SEVERE: [LIBP-00001] Unable to connect to naming service
Caused By:null
Caused By:t3://localhost:7001: Destination unreachable; nested exception is: 
	java.net.ConnectException: Connection refused: connect; No available router to destination
Caused By:Destination unreachable; nested exception is: 
	java.net.ConnectException: Connection refused: connect; No available router to destination

Jan 31, 2008 8:49:56 AM com.inovis.b2b.lib.exception.OperationFailedException <init>
SEVERE: [EVEN-00101] Unable to create the Event Manager.
Caused By:[LIBP-00001] Unable to connect to naming service
Caused By:null
Caused By:t3://localhost:7001: Destination unreachable; nested exception is: 
	java.net.ConnectException: Connection refused: connect; No available router to destination
Caused By:Destination unreachable; nested exception is: 
	java.net.ConnectException: Connection refused: connect; No available router to destination

Jan 31, 2008 8:49:59 AM com.inovis.b2b.lib.exception.OperationFailedException <init>
SEVERE: [LIBP-00001] Unable to connect to naming service
Caused By:null
Caused By:t3://localhost:7001: Destination unreachable; nested exception is: 
	java.net.ConnectException: Connection refused: connect; No available router to destination
Caused By:Destination unreachable; nested exception is: 
	java.net.ConnectException: Connection refused: connect; No available router to destination

Jan 31, 2008 8:49:59 AM com.inovis.b2b.lib.exception.OperationFailedException <init>
SEVERE: [EVEN-00101] Unable to create the Event Manager.
Caused By:[LIBP-00001] Unable to connect to naming service
Caused By:null
Caused By:t3://localhost:7001: Destination unreachable; nested exception is: 
	java.net.ConnectException: Connection refused: connect; No available router to destination
Caused By:Destination unreachable; nested exception is: 
	java.net.ConnectException: Connection refused: connect; No available router to destination

Jan 31, 2008 8:50:01 AM com.inovis.b2b.lib.exception.OperationFailedException <init>
SEVERE: [LIBP-00001] Unable to connect to naming service
Caused By:null
Caused By:t3://localhost:7001: Destination unreachable; nested exception is: 
	java.net.ConnectException: Connection refused: connect; No available router to destination
Caused By:Destination unreachable; nested exception is: 
	java.net.ConnectException: Connection refused: connect; No available router to destination

Jan 31, 2008 8:50:01 AM com.inovis.b2b.lib.exception.OperationFailedException <init>
SEVERE: [EVEN-00101] Unable to create the Event Manager.
Caused By:[LIBP-00001] Unable to connect to naming service
Caused By:null
Caused By:t3://localhost:7001: Destination unreachable; nested exception is: 
	java.net.ConnectException: Connection refused: connect; No available router to destination
Caused By:Destination unreachable; nested exception is: 
	java.net.ConnectException: Connection refused: connect; No available router to destination

Jan 31, 2008 8:50:04 AM com.inovis.b2b.lib.exception.OperationFailedException <init>
SEVERE: [LIBP-00001] Unable to connect to naming service
Caused By:null
Caused By:t3://localhost:7001: Destination unreachable; nested exception is: 
	java.net.ConnectException: Connection refused: connect; No available router to destination
Caused By:Destination unreachable; nested exception is: 
	java.net.ConnectException: Connection refused: connect; No available router to destination

Jan 31, 2008 8:50:04 AM com.inovis.b2b.lib.exception.OperationFailedException <init>
SEVERE: [SYSH-00107] Unable to create the System Status Manager.
Caused By:[LIBP-00001] Unable to connect to naming service
Caused By:null
Caused By:t3://localhost:7001: Destination unreachable; nested exception is: 
	java.net.ConnectException: Connection refused: connect; No available router to destination
Caused By:Destination unreachable; nested exception is: 
	java.net.ConnectException: Connection refused: connect; No available router to destination

Jan 31, 2008 8:50:06 AM com.inovis.b2b.lib.exception.OperationFailedException <init>
SEVERE: [LIBP-00001] Unable to connect to naming service
Caused By:null
Caused By:t3://localhost:7001: Destination unreachable; nested exception is: 
	java.net.ConnectException: Connection refused: connect; No available router to destination
Caused By:Destination unreachable; nested exception is: 
	java.net.ConnectException: Connection refused: connect; No available router to destination

java.net.ConnectException: Connection refused: connect
	at java.net.PlainSocketImpl.socketConnect(Native Method)
	at java.net.PlainSocketImpl.doConnect(PlainSocketImpl.java:333)
	at java.net.PlainSocketImpl.connectToAddress(PlainSocketImpl.java:195)
	at java.net.PlainSocketImpl.connect(PlainSocketImpl.java:182)
	at java.net.Socket.connect(Socket.java:507)
	at java.net.Socket.connect(Socket.java:457)
	at sun.net.NetworkClient.doConnect(NetworkClient.java:157)
	at sun.net.www.http.HttpClient.openServer(HttpClient.java:365)
	at sun.net.www.http.HttpClient.openServer(HttpClient.java:477)
	at sun.net.www.http.HttpClient.<init>(HttpClient.java:214)
	at sun.net.www.http.HttpClient.New(HttpClient.java:287)
	at sun.net.www.http.HttpClient.New(HttpClient.java:299)
	at sun.net.www.protocol.http.HttpURLConnection.getNewHttpClient(HttpURLConnection.java:792)
	at sun.net.www.protocol.http.HttpURLConnection.plainConnect(HttpURLConnection.java:744)
	at sun.net.www.protocol.http.HttpURLConnection.connect(HttpURLConnection.java:669)
	at sun.net.www.protocol.http.HttpURLConnection.getOutputStream(HttpURLConnection.java:836)
	at test.com.inovis.mss.vcm.TestVCM.testVMC(TestVCM.java:144)
	at sun.reflect.NativeMethodAccessorImpl.invoke0(Native Method)
	at sun.reflect.NativeMethodAccessorImpl.invoke(NativeMethodAccessorImpl.java:39)
	at sun.reflect.DelegatingMethodAccessorImpl.invoke(DelegatingMethodAccessorImpl.java:25)
	at java.lang.reflect.Method.invoke(Method.java:585)
	at junit.framework.TestCase.runTest(TestCase.java:168)
	at junit.framework.TestCase.runBare(TestCase.java:134)
	at junit.framework.TestResult$1.protect(TestResult.java:110)
	at junit.framework.TestResult.runProtected(TestResult.java:128)
	at junit.framework.TestResult.run(TestResult.java:113)
	at junit.framework.TestCase.run(TestCase.java:124)
	at junit.framework.TestSuite.runTest(TestSuite.java:232)
	at junit.framework.TestSuite.run(TestSuite.java:227)
	at junit.framework.TestSuite.runTest(TestSuite.java:232)
	at junit.framework.TestSuite.run(TestSuite.java:227)
	at junit.framework.TestSuite.runTest(TestSuite.java:232)
	at junit.framework.TestSuite.run(TestSuite.java:227)
	at org.apache.tools.ant.taskdefs.optional.junit.JUnitTestRunner.run(JUnitTestRunner.java:297)
	at org.apache.tools.ant.taskdefs.optional.junit.JUnitTestRunner.launch(JUnitTestRunner.java:672)
	at org.apache.tools.ant.taskdefs.optional.junit.JUnitTestRunner.main(JUnitTestRunner.java:567)
Jan 31, 2008 8:50:08 AM com.inovis.mss.vcm.defs.VCMInboundMessage parse
INFO: The VCM transaction type being processed is: VCMCustInfo1
Jan 31, 2008 8:50:10 AM com.inovis.b2b.lib.exception.OperationFailedException <init>
SEVERE: [LIBP-00001] Unable to connect to naming service
Caused By:null
Caused By:t3://localhost:7001: Destination unreachable; nested exception is: 
	java.net.ConnectException: Connection refused: connect; No available router to destination
Caused By:Destination unreachable; nested exception is: 
	java.net.ConnectException: Connection refused: connect; No available router to destination

Jan 31, 2008 8:50:10 AM com.inovis.b2b.lib.exception.OperationFailedException <init>
SEVERE: [SYSC-00102] Failed to locate the SysConfig Session Bean. Check the deployments
Caused By:[LIBP-00001] Unable to connect to naming service
Caused By:null
Caused By:t3://localhost:7001: Destination unreachable; nested exception is: 
	java.net.ConnectException: Connection refused: connect; No available router to destination
Caused By:Destination unreachable; nested exception is: 
	java.net.ConnectException: Connection refused: connect; No available router to destination

Jan 31, 2008 8:50:13 AM com.inovis.b2b.lib.exception.OperationFailedException <init>
SEVERE: [LIBP-00001] Unable to connect to naming service
Caused By:null
Caused By:t3://localhost:7001: Destination unreachable; nested exception is: 
	java.net.ConnectException: Connection refused: connect; No available router to destination
Caused By:Destination unreachable; nested exception is: 
	java.net.ConnectException: Connection refused: connect; No available router to destination

Jan 31, 2008 8:50:13 AM com.inovis.b2b.lib.exception.OperationFailedException <init>
SEVERE: [DSCH-00401] Unable to create the Document Scheduler Manager. Could not get EJB Home.
Caused By:[LIBP-00001] Unable to connect to naming service
Caused By:null
Caused By:t3://localhost:7001: Destination unreachable; nested exception is: 
	java.net.ConnectException: Connection refused: connect; No available router to destination
Caused By:Destination unreachable; nested exception is: 
	java.net.ConnectException: Connection refused: connect; No available router to destination

Jan 31, 2008 8:50:15 AM com.inovis.b2b.lib.exception.OperationFailedException <init>
SEVERE: [LIBP-00001] Unable to connect to naming service
Caused By:null
Caused By:t3://localhost:7001: Destination unreachable; nested exception is: 
	java.net.ConnectException: Connection refused: connect; No available router to destination
Caused By:Destination unreachable; nested exception is: 
	java.net.ConnectException: Connection refused: connect; No available router to destination

Jan 31, 2008 8:50:15 AM com.inovis.b2b.lib.exception.OperationFailedException <init>
SEVERE: [DSCH-00401] Unable to create the Document Scheduler Manager. Could not get EJB Home.
Caused By:[LIBP-00001] Unable to connect to naming service
Caused By:null
Caused By:t3://localhost:7001: Destination unreachable; nested exception is: 
	java.net.ConnectException: Connection refused: connect; No available router to destination
Caused By:Destination unreachable; nested exception is: 
	java.net.ConnectException: Connection refused: connect; No available router to destination

Jan 31, 2008 8:50:17 AM com.inovis.b2b.lib.exception.OperationFailedException <init>
SEVERE: [LIBP-00001] Unable to connect to naming service
Caused By:null
Caused By:t3://localhost:7001: Destination unreachable; nested exception is: 
	java.net.ConnectException: Connection refused: connect; No available router to destination
Caused By:Destination unreachable; nested exception is: 
	java.net.ConnectException: Connection refused: connect; No available router to destination

Jan 31, 2008 8:50:17 AM com.inovis.mss.systask.TaskManager getTaskManagerService
WARNING: Could not initialize TaskManagerService
class com.inovis.b2b.lib.service.ServiceUnavailableException: [LIBP-00001] Unable to connect to naming service
	at com.inovis.b2b.lib.service.ServiceLocator.getInitialContext(ServiceLocator.java:214)
	at com.inovis.b2b.lib.service.ServiceLocator.<init>(ServiceLocator.java:183)
	at com.inovis.b2b.lib.service.ServiceLocator.getInstance(ServiceLocator.java:167)
	at com.inovis.b2b.lib.service.ServiceLocator.getInstance(ServiceLocator.java:150)
	at com.inovis.mss.systask.TaskManager.getTaskManagerService(TaskManager.java:46)
	at com.inovis.mss.systask.TaskManager.getTasks(TaskManager.java:77)
	at test.com.inovis.mss.systask.TestTaskManager.testGetSystemTasks(TestTaskManager.java:25)
	at sun.reflect.NativeMethodAccessorImpl.invoke0(Native Method)
	at sun.reflect.NativeMethodAccessorImpl.invoke(NativeMethodAccessorImpl.java:39)
	at sun.reflect.DelegatingMethodAccessorImpl.invoke(DelegatingMethodAccessorImpl.java:25)
	at java.lang.reflect.Method.invoke(Method.java:585)
	at junit.framework.TestCase.runTest(TestCase.java:168)
	at junit.framework.TestCase.runBare(TestCase.java:134)
	at junit.framework.TestResult$1.protect(TestResult.java:110)
	at junit.framework.TestResult.runProtected(TestResult.java:128)
	at junit.framework.TestResult.run(TestResult.java:113)
	at junit.framework.TestCase.run(TestCase.java:124)
	at junit.framework.TestSuite.runTest(TestSuite.java:232)
	at junit.framework.TestSuite.run(TestSuite.java:227)
	at junit.framework.TestSuite.runTest(TestSuite.java:232)
	at junit.framework.TestSuite.run(TestSuite.java:227)
	at junit.framework.TestSuite.runTest(TestSuite.java:232)
	at junit.framework.TestSuite.run(TestSuite.java:227)
	at org.apache.tools.ant.taskdefs.optional.junit.JUnitTestRunner.run(JUnitTestRunner.java:297)
	at org.apache.tools.ant.taskdefs.optional.junit.JUnitTestRunner.launch(JUnitTestRunner.java:672)
	at org.apache.tools.ant.taskdefs.optional.junit.JUnitTestRunner.main(JUnitTestRunner.java:567)
Caused by: javax.naming.CommunicationException [Root exception is java.net.ConnectException: t3://localhost:7001: Destination unreachable; nested exception is: 
	java.net.ConnectException: Connection refused: connect; No available router to destination]
	at weblogic.jndi.internal.ExceptionTranslator.toNamingException(ExceptionTranslator.java:49)
	at weblogic.jndi.WLInitialContextFactoryDelegate.toNamingException(WLInitialContextFactoryDelegate.java:765)
	at weblogic.jndi.WLInitialContextFactoryDelegate.getInitialContext(WLInitialContextFactoryDelegate.java:364)
	at weblogic.jndi.Environment.getContext(Environment.java:307)
	at weblogic.jndi.Environment.getContext(Environment.java:277)
	at weblogic.jndi.WLInitialContextFactory.getInitialContext(WLInitialContextFactory.java:117)
	at javax.naming.spi.NamingManager.getInitialContext(NamingManager.java:667)
	at javax.naming.InitialContext.getDefaultInitCtx(InitialContext.java:247)
	at javax.naming.InitialContext.init(InitialContext.java:223)
	at javax.naming.InitialContext.<init>(InitialContext.java:175)
	at com.inovis.b2b.lib.service.ServiceLocator.getInitialContext(ServiceLocator.java:206)
	... 25 more
Caused by: java.net.ConnectException: t3://localhost:7001: Destination unreachable; nested exception is: 
	java.net.ConnectException: Connection refused: connect; No available router to destination
	at weblogic.rjvm.RJVMFinder.findOrCreate(RJVMFinder.java:204)
	at weblogic.rjvm.ServerURL.findOrCreateRJVM(ServerURL.java:154)
	at weblogic.jndi.WLInitialContextFactoryDelegate.getInitialContext(WLInitialContextFactoryDelegate.java:349)
	... 33 more
Caused by: java.rmi.ConnectException: Destination unreachable; nested exception is: 
	java.net.ConnectException: Connection refused: connect; No available router to destination
	at weblogic.rjvm.ConnectionManager.bootstrap(ConnectionManager.java:472)
	at weblogic.rjvm.ConnectionManager.bootstrap(ConnectionManager.java:323)
	at weblogic.rjvm.RJVMManager.findOrCreateRemoteInternal(RJVMManager.java:259)
	at weblogic.rjvm.RJVMManager.findOrCreate(RJVMManager.java:202)
	at weblogic.rjvm.RJVMFinder.findOrCreateRemoteServer(RJVMFinder.java:226)
	at weblogic.rjvm.RJVMFinder.findOrCreate(RJVMFinder.java:189)
	... 35 more
Jan 31, 2008 8:50:17 AM com.inovis.b2b.lib.exception.OperationFailedException <init>
SEVERE: [SYST-00204] Could not initialize TaskManagerService
Caused By:[LIBP-00001] Unable to connect to naming service
Caused By:null
Caused By:t3://localhost:7001: Destination unreachable; nested exception is: 
	java.net.ConnectException: Connection refused: connect; No available router to destination
Caused By:Destination unreachable; nested exception is: 
	java.net.ConnectException: Connection refused: connect; No available router to destination

Jan 31, 2008 8:50:20 AM com.inovis.b2b.lib.exception.OperationFailedException <init>
SEVERE: [LIBP-00001] Unable to connect to naming service
Caused By:null
Caused By:t3://localhost:7001: Destination unreachable; nested exception is: 
	java.net.ConnectException: Connection refused: connect; No available router to destination
Caused By:Destination unreachable; nested exception is: 
	java.net.ConnectException: Connection refused: connect; No available router to destination

Jan 31, 2008 8:50:20 AM com.inovis.mss.systask.TaskManager getTaskManagerService
WARNING: Could not initialize TaskManagerService
class com.inovis.b2b.lib.service.ServiceUnavailableException: [LIBP-00001] Unable to connect to naming service
	at com.inovis.b2b.lib.service.ServiceLocator.getInitialContext(ServiceLocator.java:214)
	at com.inovis.b2b.lib.service.ServiceLocator.<init>(ServiceLocator.java:183)
	at com.inovis.b2b.lib.service.ServiceLocator.getInstance(ServiceLocator.java:167)
	at com.inovis.b2b.lib.service.ServiceLocator.getInstance(ServiceLocator.java:150)
	at com.inovis.mss.systask.TaskManager.getTaskManagerService(TaskManager.java:46)
	at com.inovis.mss.systask.TaskManager.getSystemTaskEvents(TaskManager.java:144)
	at test.com.inovis.mss.systask.TestTaskManager.testSysTaskEvent(TestTaskManager.java:56)
	at sun.reflect.NativeMethodAccessorImpl.invoke0(Native Method)
	at sun.reflect.NativeMethodAccessorImpl.invoke(NativeMethodAccessorImpl.java:39)
	at sun.reflect.DelegatingMethodAccessorImpl.invoke(DelegatingMethodAccessorImpl.java:25)
	at java.lang.reflect.Method.invoke(Method.java:585)
	at junit.framework.TestCase.runTest(TestCase.java:168)
	at junit.framework.TestCase.runBare(TestCase.java:134)
	at junit.framework.TestResult$1.protect(TestResult.java:110)
	at junit.framework.TestResult.runProtected(TestResult.java:128)
	at junit.framework.TestResult.run(TestResult.java:113)
	at junit.framework.TestCase.run(TestCase.java:124)
	at junit.framework.TestSuite.runTest(TestSuite.java:232)
	at junit.framework.TestSuite.run(TestSuite.java:227)
	at junit.framework.TestSuite.runTest(TestSuite.java:232)
	at junit.framework.TestSuite.run(TestSuite.java:227)
	at junit.framework.TestSuite.runTest(TestSuite.java:232)
	at junit.framework.TestSuite.run(TestSuite.java:227)
	at org.apache.tools.ant.taskdefs.optional.junit.JUnitTestRunner.run(JUnitTestRunner.java:297)
	at org.apache.tools.ant.taskdefs.optional.junit.JUnitTestRunner.launch(JUnitTestRunner.java:672)
	at org.apache.tools.ant.taskdefs.optional.junit.JUnitTestRunner.main(JUnitTestRunner.java:567)
Caused by: javax.naming.CommunicationException [Root exception is java.net.ConnectException: t3://localhost:7001: Destination unreachable; nested exception is: 
	java.net.ConnectException: Connection refused: connect; No available router to destination]
	at weblogic.jndi.internal.ExceptionTranslator.toNamingException(ExceptionTranslator.java:49)
	at weblogic.jndi.WLInitialContextFactoryDelegate.toNamingException(WLInitialContextFactoryDelegate.java:765)
	at weblogic.jndi.WLInitialContextFactoryDelegate.getInitialContext(WLInitialContextFactoryDelegate.java:364)
	at weblogic.jndi.Environment.getContext(Environment.java:307)
	at weblogic.jndi.Environment.getContext(Environment.java:277)
	at weblogic.jndi.WLInitialContextFactory.getInitialContext(WLInitialContextFactory.java:117)
	at javax.naming.spi.NamingManager.getInitialContext(NamingManager.java:667)
	at javax.naming.InitialContext.getDefaultInitCtx(InitialContext.java:247)
	at javax.naming.InitialContext.init(InitialContext.java:223)
	at javax.naming.InitialContext.<init>(InitialContext.java:175)
	at com.inovis.b2b.lib.service.ServiceLocator.getInitialContext(ServiceLocator.java:206)
	... 25 more
Caused by: java.net.ConnectException: t3://localhost:7001: Destination unreachable; nested exception is: 
	java.net.ConnectException: Connection refused: connect; No available router to destination
	at weblogic.rjvm.RJVMFinder.findOrCreate(RJVMFinder.java:204)
	at weblogic.rjvm.ServerURL.findOrCreateRJVM(ServerURL.java:154)
	at weblogic.jndi.WLInitialContextFactoryDelegate.getInitialContext(WLInitialContextFactoryDelegate.java:349)
	... 33 more
Caused by: java.rmi.ConnectException: Destination unreachable; nested exception is: 
	java.net.ConnectException: Connection refused: connect; No available router to destination
	at weblogic.rjvm.ConnectionManager.bootstrap(ConnectionManager.java:472)
	at weblogic.rjvm.ConnectionManager.bootstrap(ConnectionManager.java:323)
	at weblogic.rjvm.RJVMManager.findOrCreateRemoteInternal(RJVMManager.java:259)
	at weblogic.rjvm.RJVMManager.findOrCreate(RJVMManager.java:202)
	at weblogic.rjvm.RJVMFinder.findOrCreateRemoteServer(RJVMFinder.java:226)
	at weblogic.rjvm.RJVMFinder.findOrCreate(RJVMFinder.java:189)
	... 35 more
Jan 31, 2008 8:50:20 AM com.inovis.b2b.lib.exception.OperationFailedException <init>
SEVERE: [SYST-00204] Could not initialize TaskManagerService
Caused By:[LIBP-00001] Unable to connect to naming service
Caused By:null
Caused By:t3://localhost:7001: Destination unreachable; nested exception is: 
	java.net.ConnectException: Connection refused: connect; No available router to destination
Caused By:Destination unreachable; nested exception is: 
	java.net.ConnectException: Connection refused: connect; No available router to destination

Jan 31, 2008 8:50:25 AM com.inovis.b2b.lib.exception.OperationFailedException <init>
SEVERE: [LIBP-00001] Unable to connect to naming service
Caused By:null
Caused By:t3://localhost:7001: Destination unreachable; nested exception is: 
	java.net.ConnectException: Connection refused: connect; No available router to destination
Caused By:Destination unreachable; nested exception is: 
	java.net.ConnectException: Connection refused: connect; No available router to destination

Jan 31, 2008 8:50:27 AM com.inovis.b2b.lib.exception.OperationFailedException <init>
SEVERE: [LIBP-00001] Unable to connect to naming service
Caused By:null
Caused By:t3://localhost:7001: Destination unreachable; nested exception is: 
	java.net.ConnectException: Connection refused: connect; No available router to destination
Caused By:Destination unreachable; nested exception is: 
	java.net.ConnectException: Connection refused: connect; No available router to destination

Jan 31, 2008 8:50:27 AM com.inovis.b2b.lib.exception.OperationFailedException <init>
INFO: [NTFY-00101] FAILED FOR UNKNOWN REASON
Caused By:[LIBP-00001] Unable to connect to naming service
Caused By:null
Caused By:t3://localhost:7001: Destination unreachable; nested exception is: 
	java.net.ConnectException: Connection refused: connect; No available router to destination
Caused By:Destination unreachable; nested exception is: 
	java.net.ConnectException: Connection refused: connect; No available router to destination

Jan 31, 2008 8:50:32 AM com.inovis.b2b.lib.exception.OperationFailedException <init>
SEVERE: [LIBP-00001] Unable to connect to naming service
Caused By:null
Caused By:t3://localhost:7001: Destination unreachable; nested exception is: 
	java.net.ConnectException: Connection refused: connect; No available router to destination
Caused By:Destination unreachable; nested exception is: 
	java.net.ConnectException: Connection refused: connect; No available router to destination

Jan 31, 2008 8:50:32 AM com.inovis.b2b.lib.exception.OperationFailedException <init>
INFO: [NTFY-00101] FAILED FOR UNKNOWN REASON
Caused By:[LIBP-00001] Unable to connect to naming service
Caused By:null
Caused By:t3://localhost:7001: Destination unreachable; nested exception is: 
	java.net.ConnectException: Connection refused: connect; No available router to destination
Caused By:Destination unreachable; nested exception is: 
	java.net.ConnectException: Connection refused: connect; No available router to destination

Jan 31, 2008 8:50:34 AM com.inovis.b2b.lib.exception.OperationFailedException <init>
SEVERE: [LIBP-00001] Unable to connect to naming service
Caused By:null
Caused By:t3://localhost:7001: Destination unreachable; nested exception is: 
	java.net.ConnectException: Connection refused: connect; No available router to destination
Caused By:Destination unreachable; nested exception is: 
	java.net.ConnectException: Connection refused: connect; No available router to destination

Jan 31, 2008 8:50:36 AM com.inovis.b2b.lib.exception.OperationFailedException <init>
SEVERE: [LIBP-00001] Unable to connect to naming service
Caused By:null
Caused By:t3://localhost:7001: Destination unreachable; nested exception is: 
	java.net.ConnectException: Connection refused: connect; No available router to destination
Caused By:Destination unreachable; nested exception is: 
	java.net.ConnectException: Connection refused: connect; No available router to destination

Jan 31, 2008 8:50:39 AM com.inovis.b2b.lib.exception.OperationFailedException <init>
SEVERE: [LIBP-00001] Unable to connect to naming service
Caused By:null
Caused By:t3://localhost:7001: Destination unreachable; nested exception is: 
	java.net.ConnectException: Connection refused: connect; No available router to destination
Caused By:Destination unreachable; nested exception is: 
	java.net.ConnectException: Connection refused: connect; No available router to destination

Jan 31, 2008 8:50:42 AM com.inovis.b2b.lib.exception.OperationFailedException <init>
SEVERE: [LIBP-00001] Unable to connect to naming service
Caused By:null
Caused By:t3://localhost:7001: Destination unreachable; nested exception is: 
	java.net.ConnectException: Connection refused: connect; No available router to destination
Caused By:Destination unreachable; nested exception is: 
	java.net.ConnectException: Connection refused: connect; No available router to destination

Jan 31, 2008 8:50:45 AM com.inovis.b2b.lib.exception.OperationFailedException <init>
SEVERE: [LIBP-00001] Unable to connect to naming service
Caused By:null
Caused By:t3://localhost:7001: Destination unreachable; nested exception is: 
	java.net.ConnectException: Connection refused: connect; No available router to destination
Caused By:Destination unreachable; nested exception is: 
	java.net.ConnectException: Connection refused: connect; No available router to destination

Jan 31, 2008 8:50:48 AM com.inovis.b2b.lib.exception.OperationFailedException <init>
SEVERE: [LIBP-00001] Unable to connect to naming service
Caused By:null
Caused By:t3://localhost:7001: Destination unreachable; nested exception is: 
	java.net.ConnectException: Connection refused: connect; No available router to destination
Caused By:Destination unreachable; nested exception is: 
	java.net.ConnectException: Connection refused: connect; No available router to destination

Jan 31, 2008 8:50:48 AM com.inovis.b2b.lib.exception.OperationFailedException <init>
SEVERE: [FILE-00011] Failed to locate the File Configuration Session Bean. Check the deployments
Caused By:[LIBP-00001] Unable to connect to naming service
Caused By:null
Caused By:t3://localhost:7001: Destination unreachable; nested exception is: 
	java.net.ConnectException: Connection refused: connect; No available router to destination
Caused By:Destination unreachable; nested exception is: 
	java.net.ConnectException: Connection refused: connect; No available router to destination

Jan 31, 2008 8:50:50 AM com.inovis.b2b.lib.exception.OperationFailedException <init>
SEVERE: [LIBP-00001] Unable to connect to naming service
Caused By:null
Caused By:t3://localhost:7001: Destination unreachable; nested exception is: 
	java.net.ConnectException: Connection refused: connect; No available router to destination
Caused By:Destination unreachable; nested exception is: 
	java.net.ConnectException: Connection refused: connect; No available router to destination

Jan 31, 2008 8:50:50 AM com.inovis.b2b.lib.exception.OperationFailedException <init>
SEVERE: [FILE-00011] Failed to locate the File Configuration Session Bean. Check the deployments
Caused By:[LIBP-00001] Unable to connect to naming service
Caused By:null
Caused By:t3://localhost:7001: Destination unreachable; nested exception is: 
	java.net.ConnectException: Connection refused: connect; No available router to destination
Caused By:Destination unreachable; nested exception is: 
	java.net.ConnectException: Connection refused: connect; No available router to destination

Jan 31, 2008 8:50:53 AM com.inovis.b2b.lib.exception.OperationFailedException <init>
SEVERE: [LIBP-00001] Unable to connect to naming service
Caused By:null
Caused By:t3://localhost:7001: Destination unreachable; nested exception is: 
	java.net.ConnectException: Connection refused: connect; No available router to destination
Caused By:Destination unreachable; nested exception is: 
	java.net.ConnectException: Connection refused: connect; No available router to destination

Jan 31, 2008 8:50:53 AM com.inovis.b2b.lib.exception.OperationFailedException <init>
SEVERE: [FILE-00011] Failed to locate the File Configuration Session Bean. Check the deployments
Caused By:[LIBP-00001] Unable to connect to naming service
Caused By:null
Caused By:t3://localhost:7001: Destination unreachable; nested exception is: 
	java.net.ConnectException: Connection refused: connect; No available router to destination
Caused By:Destination unreachable; nested exception is: 
	java.net.ConnectException: Connection refused: connect; No available router to destination

class com.inovis.b2b.lib.exception.NotFoundException: [BIZZ-00202] Unable to find an Organization with given ID 222/.
	at weblogic.rjvm.ResponseImpl.unmarshalReturn(ResponseImpl.java:195)
	at weblogic.rmi.cluster.ClusterableRemoteRef.invoke(ClusterableRemoteRef.java:338)
	at weblogic.rmi.cluster.ClusterableRemoteRef.invoke(ClusterableRemoteRef.java:252)
	at com.inovis.b2b.business.facade.BusinessFacadeSLBean_8m0pae_EOImpl_920_WLStub.getBusinessID(Unknown Source)
	at com.inovis.b2b.business.defs.BusinessManagerImp.getBusinessID(BusinessManagerImp.java:208)
	at test.com.inovis.b2b.business.TestBusiness.testNewPartner(TestBusiness.java:994)
	at sun.reflect.NativeMethodAccessorImpl.invoke0(Native Method)
	at sun.reflect.NativeMethodAccessorImpl.invoke(NativeMethodAccessorImpl.java:39)
	at sun.reflect.DelegatingMethodAccessorImpl.invoke(DelegatingMethodAccessorImpl.java:25)
	at java.lang.reflect.Method.invoke(Method.java:585)
	at junit.framework.TestCase.runTest(TestCase.java:168)
	at junit.framework.TestCase.runBare(TestCase.java:134)
	at junit.framework.TestResult$1.protect(TestResult.java:110)
	at junit.framework.TestResult.runProtected(TestResult.java:128)
	at junit.framework.TestResult.run(TestResult.java:113)
	at junit.framework.TestCase.run(TestCase.java:124)
	at junit.framework.TestSuite.runTest(TestSuite.java:232)
	at junit.framework.TestSuite.run(TestSuite.java:227)
	at junit.extensions.TestDecorator.basicRun(TestDecorator.java:24)
	at junit.extensions.TestSetup$1.protect(TestSetup.java:23)
	at junit.framework.TestResult.runProtected(TestResult.java:128)
	at junit.extensions.TestSetup.run(TestSetup.java:27)
	at junit.framework.TestSuite.runTest(TestSuite.java:232)
	at junit.framework.TestSuite.run(TestSuite.java:227)
	at org.apache.tools.ant.taskdefs.optional.junit.JUnitTestRunner.run(JUnitTestRunner.java:297)
	at org.apache.tools.ant.taskdefs.optional.junit.JUnitTestRunner.launch(JUnitTestRunner.java:672)
	at org.apache.tools.ant.taskdefs.optional.junit.JUnitTestRunner.main(JUnitTestRunner.java:567)
]]></system-err>
</testsuite>
